[2023-04-25T11:48:29.105+0000] {taskinstance.py:1083} INFO - Dependencies all met for <TaskInstance: email_processing.print_the_context manual__2023-04-25T11:48:27.598477+00:00 [queued]>
[2023-04-25T11:48:29.111+0000] {taskinstance.py:1083} INFO - Dependencies all met for <TaskInstance: email_processing.print_the_context manual__2023-04-25T11:48:27.598477+00:00 [queued]>
[2023-04-25T11:48:29.111+0000] {taskinstance.py:1279} INFO - 
--------------------------------------------------------------------------------
[2023-04-25T11:48:29.111+0000] {taskinstance.py:1280} INFO - Starting attempt 1 of 1
[2023-04-25T11:48:29.112+0000] {taskinstance.py:1281} INFO - 
--------------------------------------------------------------------------------
[2023-04-25T11:48:29.120+0000] {taskinstance.py:1300} INFO - Executing <Task(_PythonDecoratedOperator): print_the_context> on 2023-04-25 11:48:27.598477+00:00
[2023-04-25T11:48:29.125+0000] {standard_task_runner.py:55} INFO - Started process 101 to run task
[2023-04-25T11:48:29.128+0000] {standard_task_runner.py:82} INFO - Running: ['***', 'tasks', 'run', 'email_processing', 'print_the_context', 'manual__2023-04-25T11:48:27.598477+00:00', '--job-id', '29', '--raw', '--subdir', 'DAGS_FOLDER/email_processing.py', '--cfg-path', '/tmp/tmpq74dpon6']
[2023-04-25T11:48:29.129+0000] {standard_task_runner.py:83} INFO - Job 29: Subtask print_the_context
[2023-04-25T11:48:29.178+0000] {task_command.py:388} INFO - Running <TaskInstance: email_processing.print_the_context manual__2023-04-25T11:48:27.598477+00:00 [running]> on host 182d53144720
[2023-04-25T11:48:29.224+0000] {taskinstance.py:1509} INFO - Exporting the following env vars:
AIRFLOW_CTX_DAG_OWNER=***
AIRFLOW_CTX_DAG_ID=email_processing
AIRFLOW_CTX_TASK_ID=print_the_context
AIRFLOW_CTX_EXECUTION_DATE=2023-04-25T11:48:27.598477+00:00
AIRFLOW_CTX_TRY_NUMBER=1
AIRFLOW_CTX_DAG_RUN_ID=manual__2023-04-25T11:48:27.598477+00:00
[2023-04-25T11:48:29.225+0000] {python.py:177} INFO - Done. Returned value was: Whatever you return gets printed in the logs
[2023-04-25T11:48:29.243+0000] {taskinstance.py:1323} INFO - Marking task as SUCCESS. dag_id=email_processing, task_id=print_the_context, execution_date=20230425T114827, start_date=20230425T114829, end_date=20230425T114829
[2023-04-25T11:48:29.262+0000] {local_task_job.py:208} INFO - Task exited with return code 0
[2023-04-25T11:48:29.277+0000] {taskinstance.py:2578} INFO - 1 downstream tasks scheduled from follow-on schedule check
