[2023-04-25T09:51:54.372+0000] {taskinstance.py:1083} INFO - Dependencies all met for <TaskInstance: email_processing.print_the_context scheduled__2023-04-24T00:00:00+00:00 [queued]>
[2023-04-25T09:51:54.378+0000] {taskinstance.py:1083} INFO - Dependencies all met for <TaskInstance: email_processing.print_the_context scheduled__2023-04-24T00:00:00+00:00 [queued]>
[2023-04-25T09:51:54.379+0000] {taskinstance.py:1279} INFO - 
--------------------------------------------------------------------------------
[2023-04-25T09:51:54.380+0000] {taskinstance.py:1280} INFO - Starting attempt 1 of 1
[2023-04-25T09:51:54.380+0000] {taskinstance.py:1281} INFO - 
--------------------------------------------------------------------------------
[2023-04-25T09:51:54.389+0000] {taskinstance.py:1300} INFO - Executing <Task(_PythonDecoratedOperator): print_the_context> on 2023-04-24 00:00:00+00:00
[2023-04-25T09:51:54.394+0000] {standard_task_runner.py:55} INFO - Started process 13463 to run task
[2023-04-25T09:51:54.398+0000] {standard_task_runner.py:82} INFO - Running: ['***', 'tasks', 'run', 'email_processing', 'print_the_context', 'scheduled__2023-04-24T00:00:00+00:00', '--job-id', '25', '--raw', '--subdir', 'DAGS_FOLDER/email_processing.py', '--cfg-path', '/tmp/tmptg2w3w5q']
[2023-04-25T09:51:54.399+0000] {standard_task_runner.py:83} INFO - Job 25: Subtask print_the_context
[2023-04-25T09:51:54.460+0000] {task_command.py:388} INFO - Running <TaskInstance: email_processing.print_the_context scheduled__2023-04-24T00:00:00+00:00 [running]> on host 2f9666fcabde
[2023-04-25T09:51:54.557+0000] {taskinstance.py:1509} INFO - Exporting the following env vars:
AIRFLOW_CTX_DAG_OWNER=***
AIRFLOW_CTX_DAG_ID=email_processing
AIRFLOW_CTX_TASK_ID=print_the_context
AIRFLOW_CTX_EXECUTION_DATE=2023-04-24T00:00:00+00:00
AIRFLOW_CTX_TRY_NUMBER=1
AIRFLOW_CTX_DAG_RUN_ID=scheduled__2023-04-24T00:00:00+00:00
[2023-04-25T09:51:54.558+0000] {python.py:177} INFO - Done. Returned value was: Whatever you return gets printed in the logs
[2023-04-25T09:51:54.585+0000] {taskinstance.py:1323} INFO - Marking task as SUCCESS. dag_id=email_processing, task_id=print_the_context, execution_date=20230424T000000, start_date=20230425T095154, end_date=20230425T095154
[2023-04-25T09:51:54.662+0000] {local_task_job.py:208} INFO - Task exited with return code 0
[2023-04-25T09:51:54.681+0000] {taskinstance.py:2578} INFO - 0 downstream tasks scheduled from follow-on schedule check
