[2023-04-24T12:39:45.306+0000] {processor.py:153} INFO - Started process (PID=310) to work on /home/airflow/.local/lib/python3.7/site-packages/airflow/example_dags/example_latest_only.py
[2023-04-24T12:39:45.314+0000] {processor.py:743} INFO - Processing file /home/airflow/.local/lib/python3.7/site-packages/airflow/example_dags/example_latest_only.py for tasks to queue
[2023-04-24T12:39:45.319+0000] {logging_mixin.py:137} INFO - [2023-04-24T12:39:45.318+0000] {dagbag.py:538} INFO - Filling up the DagBag from /home/airflow/.local/lib/python3.7/site-packages/airflow/example_dags/example_latest_only.py
[2023-04-24T12:39:48.666+0000] {processor.py:753} INFO - DAG(s) dict_keys(['latest_only']) retrieved from /home/airflow/.local/lib/python3.7/site-packages/airflow/example_dags/example_latest_only.py
[2023-04-24T12:39:54.879+0000] {logging_mixin.py:137} INFO - [2023-04-24T12:39:54.831+0000] {dag.py:2690} INFO - Sync 1 DAGs
[2023-04-24T12:39:55.652+0000] {logging_mixin.py:137} INFO - [2023-04-24T12:39:55.642+0000] {dag.py:2711} INFO - Creating ORM DAG for latest_only
[2023-04-24T12:39:56.174+0000] {logging_mixin.py:137} INFO - [2023-04-24T12:39:56.173+0000] {dag.py:3441} INFO - Setting next_dagrun for latest_only to 2023-04-24T08:39:56.123266+00:00, run_after=2023-04-24T12:39:56.123266+00:00
[2023-04-24T12:39:56.509+0000] {processor.py:175} INFO - Processing /home/airflow/.local/lib/python3.7/site-packages/airflow/example_dags/example_latest_only.py took 10.989 seconds
[2023-04-24T12:40:34.921+0000] {processor.py:153} INFO - Started process (PID=377) to work on /home/airflow/.local/lib/python3.7/site-packages/airflow/example_dags/example_latest_only.py
[2023-04-24T12:40:34.926+0000] {processor.py:743} INFO - Processing file /home/airflow/.local/lib/python3.7/site-packages/airflow/example_dags/example_latest_only.py for tasks to queue
[2023-04-24T12:40:34.932+0000] {logging_mixin.py:137} INFO - [2023-04-24T12:40:34.932+0000] {dagbag.py:538} INFO - Filling up the DagBag from /home/airflow/.local/lib/python3.7/site-packages/airflow/example_dags/example_latest_only.py
[2023-04-24T12:40:35.025+0000] {processor.py:753} INFO - DAG(s) dict_keys(['latest_only']) retrieved from /home/airflow/.local/lib/python3.7/site-packages/airflow/example_dags/example_latest_only.py
[2023-04-24T12:40:35.281+0000] {logging_mixin.py:137} INFO - [2023-04-24T12:40:35.280+0000] {dag.py:2690} INFO - Sync 1 DAGs
[2023-04-24T12:40:35.894+0000] {logging_mixin.py:137} INFO - [2023-04-24T12:40:35.858+0000] {dag.py:3441} INFO - Setting next_dagrun for latest_only to 2023-04-24T08:40:35.855972+00:00, run_after=2023-04-24T12:40:35.855972+00:00
[2023-04-24T12:40:36.386+0000] {processor.py:175} INFO - Processing /home/airflow/.local/lib/python3.7/site-packages/airflow/example_dags/example_latest_only.py took 1.488 seconds
[2023-04-24T12:41:44.674+0000] {processor.py:153} INFO - Started process (PID=450) to work on /home/airflow/.local/lib/python3.7/site-packages/airflow/example_dags/example_latest_only.py
[2023-04-24T12:41:44.679+0000] {processor.py:743} INFO - Processing file /home/airflow/.local/lib/python3.7/site-packages/airflow/example_dags/example_latest_only.py for tasks to queue
[2023-04-24T12:41:44.690+0000] {logging_mixin.py:137} INFO - [2023-04-24T12:41:44.690+0000] {dagbag.py:538} INFO - Filling up the DagBag from /home/airflow/.local/lib/python3.7/site-packages/airflow/example_dags/example_latest_only.py
[2023-04-24T12:41:44.774+0000] {processor.py:753} INFO - DAG(s) dict_keys(['latest_only']) retrieved from /home/airflow/.local/lib/python3.7/site-packages/airflow/example_dags/example_latest_only.py
[2023-04-24T12:41:44.882+0000] {logging_mixin.py:137} INFO - [2023-04-24T12:41:44.881+0000] {dag.py:2690} INFO - Sync 1 DAGs
[2023-04-24T12:41:45.086+0000] {logging_mixin.py:137} INFO - [2023-04-24T12:41:45.086+0000] {dag.py:3441} INFO - Setting next_dagrun for latest_only to 2023-04-24T08:41:45.085736+00:00, run_after=2023-04-24T12:41:45.085736+00:00
[2023-04-24T12:41:45.168+0000] {processor.py:175} INFO - Processing /home/airflow/.local/lib/python3.7/site-packages/airflow/example_dags/example_latest_only.py took 0.512 seconds
[2023-04-24T12:47:29.192+0000] {processor.py:153} INFO - Started process (PID=622) to work on /home/airflow/.local/lib/python3.7/site-packages/airflow/example_dags/example_latest_only.py
[2023-04-24T12:47:29.232+0000] {processor.py:743} INFO - Processing file /home/airflow/.local/lib/python3.7/site-packages/airflow/example_dags/example_latest_only.py for tasks to queue
[2023-04-24T12:47:29.240+0000] {logging_mixin.py:137} INFO - [2023-04-24T12:47:29.240+0000] {dagbag.py:538} INFO - Filling up the DagBag from /home/airflow/.local/lib/python3.7/site-packages/airflow/example_dags/example_latest_only.py
[2023-04-24T12:47:29.655+0000] {processor.py:753} INFO - DAG(s) dict_keys(['latest_only']) retrieved from /home/airflow/.local/lib/python3.7/site-packages/airflow/example_dags/example_latest_only.py
[2023-04-24T12:47:33.199+0000] {logging_mixin.py:137} INFO - [2023-04-24T12:47:33.198+0000] {dag.py:2690} INFO - Sync 1 DAGs
[2023-04-24T12:47:36.022+0000] {logging_mixin.py:137} INFO - [2023-04-24T12:47:36.022+0000] {dag.py:3441} INFO - Setting next_dagrun for latest_only to 2023-04-24T08:47:36.022377+00:00, run_after=2023-04-24T12:47:36.022377+00:00
[2023-04-24T12:47:36.380+0000] {processor.py:175} INFO - Processing /home/airflow/.local/lib/python3.7/site-packages/airflow/example_dags/example_latest_only.py took 7.272 seconds
[2023-04-24T12:48:07.217+0000] {processor.py:153} INFO - Started process (PID=665) to work on /home/airflow/.local/lib/python3.7/site-packages/airflow/example_dags/example_latest_only.py
[2023-04-24T12:48:07.237+0000] {processor.py:743} INFO - Processing file /home/airflow/.local/lib/python3.7/site-packages/airflow/example_dags/example_latest_only.py for tasks to queue
[2023-04-24T12:48:07.249+0000] {logging_mixin.py:137} INFO - [2023-04-24T12:48:07.249+0000] {dagbag.py:538} INFO - Filling up the DagBag from /home/airflow/.local/lib/python3.7/site-packages/airflow/example_dags/example_latest_only.py
[2023-04-24T12:48:08.402+0000] {processor.py:753} INFO - DAG(s) dict_keys(['latest_only']) retrieved from /home/airflow/.local/lib/python3.7/site-packages/airflow/example_dags/example_latest_only.py
[2023-04-24T12:48:09.246+0000] {logging_mixin.py:137} INFO - [2023-04-24T12:48:09.246+0000] {dag.py:2690} INFO - Sync 1 DAGs
[2023-04-24T12:48:09.419+0000] {logging_mixin.py:137} INFO - [2023-04-24T12:48:09.419+0000] {dag.py:3441} INFO - Setting next_dagrun for latest_only to 2023-04-24T08:48:09.417268+00:00, run_after=2023-04-24T12:48:09.417268+00:00
[2023-04-24T12:48:09.474+0000] {processor.py:175} INFO - Processing /home/airflow/.local/lib/python3.7/site-packages/airflow/example_dags/example_latest_only.py took 2.306 seconds
[2023-04-24T12:56:23.856+0000] {processor.py:153} INFO - Started process (PID=899) to work on /home/airflow/.local/lib/python3.7/site-packages/airflow/example_dags/example_latest_only.py
[2023-04-24T12:56:23.933+0000] {processor.py:743} INFO - Processing file /home/airflow/.local/lib/python3.7/site-packages/airflow/example_dags/example_latest_only.py for tasks to queue
[2023-04-24T12:56:23.951+0000] {logging_mixin.py:137} INFO - [2023-04-24T12:56:23.950+0000] {dagbag.py:538} INFO - Filling up the DagBag from /home/airflow/.local/lib/python3.7/site-packages/airflow/example_dags/example_latest_only.py
[2023-04-24T12:56:24.350+0000] {processor.py:753} INFO - DAG(s) dict_keys(['latest_only']) retrieved from /home/airflow/.local/lib/python3.7/site-packages/airflow/example_dags/example_latest_only.py
[2023-04-24T12:56:24.731+0000] {logging_mixin.py:137} INFO - [2023-04-24T12:56:24.731+0000] {dag.py:2690} INFO - Sync 1 DAGs
[2023-04-24T12:56:25.122+0000] {logging_mixin.py:137} INFO - [2023-04-24T12:56:25.122+0000] {dag.py:3441} INFO - Setting next_dagrun for latest_only to 2023-04-24T08:56:25.102736+00:00, run_after=2023-04-24T12:56:25.102736+00:00
[2023-04-24T12:56:25.310+0000] {processor.py:175} INFO - Processing /home/airflow/.local/lib/python3.7/site-packages/airflow/example_dags/example_latest_only.py took 1.528 seconds
[2023-04-24T12:58:15.862+0000] {processor.py:153} INFO - Started process (PID=1014) to work on /home/airflow/.local/lib/python3.7/site-packages/airflow/example_dags/example_latest_only.py
[2023-04-24T12:58:15.870+0000] {processor.py:743} INFO - Processing file /home/airflow/.local/lib/python3.7/site-packages/airflow/example_dags/example_latest_only.py for tasks to queue
[2023-04-24T12:58:15.877+0000] {logging_mixin.py:137} INFO - [2023-04-24T12:58:15.876+0000] {dagbag.py:538} INFO - Filling up the DagBag from /home/airflow/.local/lib/python3.7/site-packages/airflow/example_dags/example_latest_only.py
[2023-04-24T12:58:16.018+0000] {processor.py:753} INFO - DAG(s) dict_keys(['latest_only']) retrieved from /home/airflow/.local/lib/python3.7/site-packages/airflow/example_dags/example_latest_only.py
[2023-04-24T12:58:16.169+0000] {logging_mixin.py:137} INFO - [2023-04-24T12:58:16.168+0000] {dag.py:2690} INFO - Sync 1 DAGs
[2023-04-24T12:58:16.352+0000] {logging_mixin.py:137} INFO - [2023-04-24T12:58:16.352+0000] {dag.py:3441} INFO - Setting next_dagrun for latest_only to 2023-04-24T08:58:16.351687+00:00, run_after=2023-04-24T12:58:16.351687+00:00
[2023-04-24T12:58:16.445+0000] {processor.py:175} INFO - Processing /home/airflow/.local/lib/python3.7/site-packages/airflow/example_dags/example_latest_only.py took 0.599 seconds
[2023-04-24T13:04:21.402+0000] {processor.py:153} INFO - Started process (PID=1211) to work on /home/airflow/.local/lib/python3.7/site-packages/airflow/example_dags/example_latest_only.py
[2023-04-24T13:04:21.431+0000] {processor.py:743} INFO - Processing file /home/airflow/.local/lib/python3.7/site-packages/airflow/example_dags/example_latest_only.py for tasks to queue
[2023-04-24T13:04:21.453+0000] {logging_mixin.py:137} INFO - [2023-04-24T13:04:21.453+0000] {dagbag.py:538} INFO - Filling up the DagBag from /home/airflow/.local/lib/python3.7/site-packages/airflow/example_dags/example_latest_only.py
[2023-04-24T13:04:21.804+0000] {processor.py:753} INFO - DAG(s) dict_keys(['latest_only']) retrieved from /home/airflow/.local/lib/python3.7/site-packages/airflow/example_dags/example_latest_only.py
[2023-04-24T13:04:22.166+0000] {logging_mixin.py:137} INFO - [2023-04-24T13:04:22.166+0000] {dag.py:2690} INFO - Sync 1 DAGs
[2023-04-24T13:04:22.563+0000] {logging_mixin.py:137} INFO - [2023-04-24T13:04:22.563+0000] {dag.py:3441} INFO - Setting next_dagrun for latest_only to 2023-04-24T09:04:22.562686+00:00, run_after=2023-04-24T13:04:22.562686+00:00
[2023-04-24T13:04:22.733+0000] {processor.py:175} INFO - Processing /home/airflow/.local/lib/python3.7/site-packages/airflow/example_dags/example_latest_only.py took 1.428 seconds
[2023-04-24T13:11:13.349+0000] {processor.py:153} INFO - Started process (PID=1434) to work on /home/airflow/.local/lib/python3.7/site-packages/airflow/example_dags/example_latest_only.py
[2023-04-24T13:11:13.488+0000] {processor.py:743} INFO - Processing file /home/airflow/.local/lib/python3.7/site-packages/airflow/example_dags/example_latest_only.py for tasks to queue
[2023-04-24T13:11:13.531+0000] {logging_mixin.py:137} INFO - [2023-04-24T13:11:13.525+0000] {dagbag.py:538} INFO - Filling up the DagBag from /home/airflow/.local/lib/python3.7/site-packages/airflow/example_dags/example_latest_only.py
[2023-04-24T13:11:18.591+0000] {processor.py:753} INFO - DAG(s) dict_keys(['latest_only']) retrieved from /home/airflow/.local/lib/python3.7/site-packages/airflow/example_dags/example_latest_only.py
[2023-04-24T13:11:32.047+0000] {logging_mixin.py:137} INFO - [2023-04-24T13:11:32.038+0000] {dag.py:2690} INFO - Sync 1 DAGs
[2023-04-24T13:11:34.752+0000] {logging_mixin.py:137} INFO - [2023-04-24T13:11:34.751+0000] {dag.py:3441} INFO - Setting next_dagrun for latest_only to 2023-04-24T09:11:34.749204+00:00, run_after=2023-04-24T13:11:34.749204+00:00
[2023-04-24T13:11:35.293+0000] {processor.py:175} INFO - Processing /home/airflow/.local/lib/python3.7/site-packages/airflow/example_dags/example_latest_only.py took 22.605 seconds
[2023-04-24T13:12:06.711+0000] {processor.py:153} INFO - Started process (PID=1513) to work on /home/airflow/.local/lib/python3.7/site-packages/airflow/example_dags/example_latest_only.py
[2023-04-24T13:12:06.713+0000] {processor.py:743} INFO - Processing file /home/airflow/.local/lib/python3.7/site-packages/airflow/example_dags/example_latest_only.py for tasks to queue
[2023-04-24T13:12:06.716+0000] {logging_mixin.py:137} INFO - [2023-04-24T13:12:06.716+0000] {dagbag.py:538} INFO - Filling up the DagBag from /home/airflow/.local/lib/python3.7/site-packages/airflow/example_dags/example_latest_only.py
[2023-04-24T13:12:06.738+0000] {processor.py:753} INFO - DAG(s) dict_keys(['latest_only']) retrieved from /home/airflow/.local/lib/python3.7/site-packages/airflow/example_dags/example_latest_only.py
[2023-04-24T13:12:06.755+0000] {logging_mixin.py:137} INFO - [2023-04-24T13:12:06.755+0000] {dag.py:2690} INFO - Sync 1 DAGs
[2023-04-24T13:12:06.780+0000] {logging_mixin.py:137} INFO - [2023-04-24T13:12:06.780+0000] {dag.py:3441} INFO - Setting next_dagrun for latest_only to 2023-04-24T09:12:06.779821+00:00, run_after=2023-04-24T13:12:06.779821+00:00
[2023-04-24T13:12:06.815+0000] {processor.py:175} INFO - Processing /home/airflow/.local/lib/python3.7/site-packages/airflow/example_dags/example_latest_only.py took 0.108 seconds
[2023-04-24T13:12:37.010+0000] {processor.py:153} INFO - Started process (PID=1577) to work on /home/airflow/.local/lib/python3.7/site-packages/airflow/example_dags/example_latest_only.py
[2023-04-24T13:12:37.012+0000] {processor.py:743} INFO - Processing file /home/airflow/.local/lib/python3.7/site-packages/airflow/example_dags/example_latest_only.py for tasks to queue
[2023-04-24T13:12:37.014+0000] {logging_mixin.py:137} INFO - [2023-04-24T13:12:37.014+0000] {dagbag.py:538} INFO - Filling up the DagBag from /home/airflow/.local/lib/python3.7/site-packages/airflow/example_dags/example_latest_only.py
[2023-04-24T13:12:37.031+0000] {processor.py:753} INFO - DAG(s) dict_keys(['latest_only']) retrieved from /home/airflow/.local/lib/python3.7/site-packages/airflow/example_dags/example_latest_only.py
[2023-04-24T13:12:37.058+0000] {logging_mixin.py:137} INFO - [2023-04-24T13:12:37.058+0000] {dag.py:2690} INFO - Sync 1 DAGs
[2023-04-24T13:12:37.075+0000] {logging_mixin.py:137} INFO - [2023-04-24T13:12:37.075+0000] {dag.py:3441} INFO - Setting next_dagrun for latest_only to 2023-04-24T09:12:37.075184+00:00, run_after=2023-04-24T13:12:37.075184+00:00
[2023-04-24T13:12:37.085+0000] {processor.py:175} INFO - Processing /home/airflow/.local/lib/python3.7/site-packages/airflow/example_dags/example_latest_only.py took 0.082 seconds
[2023-04-24T13:13:07.197+0000] {processor.py:153} INFO - Started process (PID=1654) to work on /home/airflow/.local/lib/python3.7/site-packages/airflow/example_dags/example_latest_only.py
[2023-04-24T13:13:07.198+0000] {processor.py:743} INFO - Processing file /home/airflow/.local/lib/python3.7/site-packages/airflow/example_dags/example_latest_only.py for tasks to queue
[2023-04-24T13:13:07.199+0000] {logging_mixin.py:137} INFO - [2023-04-24T13:13:07.199+0000] {dagbag.py:538} INFO - Filling up the DagBag from /home/airflow/.local/lib/python3.7/site-packages/airflow/example_dags/example_latest_only.py
[2023-04-24T13:13:07.212+0000] {processor.py:753} INFO - DAG(s) dict_keys(['latest_only']) retrieved from /home/airflow/.local/lib/python3.7/site-packages/airflow/example_dags/example_latest_only.py
[2023-04-24T13:13:07.238+0000] {logging_mixin.py:137} INFO - [2023-04-24T13:13:07.238+0000] {dag.py:2690} INFO - Sync 1 DAGs
[2023-04-24T13:13:07.257+0000] {logging_mixin.py:137} INFO - [2023-04-24T13:13:07.257+0000] {dag.py:3441} INFO - Setting next_dagrun for latest_only to 2023-04-24T09:13:07.257219+00:00, run_after=2023-04-24T13:13:07.257219+00:00
[2023-04-24T13:13:07.269+0000] {processor.py:175} INFO - Processing /home/airflow/.local/lib/python3.7/site-packages/airflow/example_dags/example_latest_only.py took 0.076 seconds
[2023-04-24T13:13:37.531+0000] {processor.py:153} INFO - Started process (PID=1730) to work on /home/airflow/.local/lib/python3.7/site-packages/airflow/example_dags/example_latest_only.py
[2023-04-24T13:13:37.532+0000] {processor.py:743} INFO - Processing file /home/airflow/.local/lib/python3.7/site-packages/airflow/example_dags/example_latest_only.py for tasks to queue
[2023-04-24T13:13:37.533+0000] {logging_mixin.py:137} INFO - [2023-04-24T13:13:37.533+0000] {dagbag.py:538} INFO - Filling up the DagBag from /home/airflow/.local/lib/python3.7/site-packages/airflow/example_dags/example_latest_only.py
[2023-04-24T13:13:37.545+0000] {processor.py:753} INFO - DAG(s) dict_keys(['latest_only']) retrieved from /home/airflow/.local/lib/python3.7/site-packages/airflow/example_dags/example_latest_only.py
[2023-04-24T13:13:37.565+0000] {logging_mixin.py:137} INFO - [2023-04-24T13:13:37.565+0000] {dag.py:2690} INFO - Sync 1 DAGs
[2023-04-24T13:13:37.581+0000] {logging_mixin.py:137} INFO - [2023-04-24T13:13:37.581+0000] {dag.py:3441} INFO - Setting next_dagrun for latest_only to 2023-04-24T09:13:37.581298+00:00, run_after=2023-04-24T13:13:37.581298+00:00
[2023-04-24T13:13:37.593+0000] {processor.py:175} INFO - Processing /home/airflow/.local/lib/python3.7/site-packages/airflow/example_dags/example_latest_only.py took 0.066 seconds
[2023-04-24T13:14:07.751+0000] {processor.py:153} INFO - Started process (PID=1793) to work on /home/airflow/.local/lib/python3.7/site-packages/airflow/example_dags/example_latest_only.py
[2023-04-24T13:14:07.753+0000] {processor.py:743} INFO - Processing file /home/airflow/.local/lib/python3.7/site-packages/airflow/example_dags/example_latest_only.py for tasks to queue
[2023-04-24T13:14:07.755+0000] {logging_mixin.py:137} INFO - [2023-04-24T13:14:07.754+0000] {dagbag.py:538} INFO - Filling up the DagBag from /home/airflow/.local/lib/python3.7/site-packages/airflow/example_dags/example_latest_only.py
[2023-04-24T13:14:07.767+0000] {processor.py:753} INFO - DAG(s) dict_keys(['latest_only']) retrieved from /home/airflow/.local/lib/python3.7/site-packages/airflow/example_dags/example_latest_only.py
[2023-04-24T13:14:07.786+0000] {logging_mixin.py:137} INFO - [2023-04-24T13:14:07.785+0000] {dag.py:2690} INFO - Sync 1 DAGs
[2023-04-24T13:14:07.803+0000] {logging_mixin.py:137} INFO - [2023-04-24T13:14:07.803+0000] {dag.py:3441} INFO - Setting next_dagrun for latest_only to 2023-04-24T09:14:07.802887+00:00, run_after=2023-04-24T13:14:07.802887+00:00
[2023-04-24T13:14:07.814+0000] {processor.py:175} INFO - Processing /home/airflow/.local/lib/python3.7/site-packages/airflow/example_dags/example_latest_only.py took 0.066 seconds
[2023-04-24T13:14:37.994+0000] {processor.py:153} INFO - Started process (PID=1869) to work on /home/airflow/.local/lib/python3.7/site-packages/airflow/example_dags/example_latest_only.py
[2023-04-24T13:14:37.995+0000] {processor.py:743} INFO - Processing file /home/airflow/.local/lib/python3.7/site-packages/airflow/example_dags/example_latest_only.py for tasks to queue
[2023-04-24T13:14:37.996+0000] {logging_mixin.py:137} INFO - [2023-04-24T13:14:37.996+0000] {dagbag.py:538} INFO - Filling up the DagBag from /home/airflow/.local/lib/python3.7/site-packages/airflow/example_dags/example_latest_only.py
[2023-04-24T13:14:38.006+0000] {processor.py:753} INFO - DAG(s) dict_keys(['latest_only']) retrieved from /home/airflow/.local/lib/python3.7/site-packages/airflow/example_dags/example_latest_only.py
[2023-04-24T13:14:38.027+0000] {logging_mixin.py:137} INFO - [2023-04-24T13:14:38.027+0000] {dag.py:2690} INFO - Sync 1 DAGs
[2023-04-24T13:14:38.043+0000] {logging_mixin.py:137} INFO - [2023-04-24T13:14:38.043+0000] {dag.py:3441} INFO - Setting next_dagrun for latest_only to 2023-04-24T09:14:38.043242+00:00, run_after=2023-04-24T13:14:38.043242+00:00
[2023-04-24T13:14:38.056+0000] {processor.py:175} INFO - Processing /home/airflow/.local/lib/python3.7/site-packages/airflow/example_dags/example_latest_only.py took 0.066 seconds
[2023-04-24T13:15:08.340+0000] {processor.py:153} INFO - Started process (PID=1945) to work on /home/airflow/.local/lib/python3.7/site-packages/airflow/example_dags/example_latest_only.py
[2023-04-24T13:15:08.341+0000] {processor.py:743} INFO - Processing file /home/airflow/.local/lib/python3.7/site-packages/airflow/example_dags/example_latest_only.py for tasks to queue
[2023-04-24T13:15:08.342+0000] {logging_mixin.py:137} INFO - [2023-04-24T13:15:08.342+0000] {dagbag.py:538} INFO - Filling up the DagBag from /home/airflow/.local/lib/python3.7/site-packages/airflow/example_dags/example_latest_only.py
[2023-04-24T13:15:08.352+0000] {processor.py:753} INFO - DAG(s) dict_keys(['latest_only']) retrieved from /home/airflow/.local/lib/python3.7/site-packages/airflow/example_dags/example_latest_only.py
[2023-04-24T13:15:08.370+0000] {logging_mixin.py:137} INFO - [2023-04-24T13:15:08.370+0000] {dag.py:2690} INFO - Sync 1 DAGs
[2023-04-24T13:15:08.386+0000] {logging_mixin.py:137} INFO - [2023-04-24T13:15:08.386+0000] {dag.py:3441} INFO - Setting next_dagrun for latest_only to 2023-04-24T09:15:08.385942+00:00, run_after=2023-04-24T13:15:08.385942+00:00
[2023-04-24T13:15:08.397+0000] {processor.py:175} INFO - Processing /home/airflow/.local/lib/python3.7/site-packages/airflow/example_dags/example_latest_only.py took 0.061 seconds
[2023-04-24T13:15:38.585+0000] {processor.py:153} INFO - Started process (PID=2010) to work on /home/airflow/.local/lib/python3.7/site-packages/airflow/example_dags/example_latest_only.py
[2023-04-24T13:15:38.587+0000] {processor.py:743} INFO - Processing file /home/airflow/.local/lib/python3.7/site-packages/airflow/example_dags/example_latest_only.py for tasks to queue
[2023-04-24T13:15:38.588+0000] {logging_mixin.py:137} INFO - [2023-04-24T13:15:38.588+0000] {dagbag.py:538} INFO - Filling up the DagBag from /home/airflow/.local/lib/python3.7/site-packages/airflow/example_dags/example_latest_only.py
[2023-04-24T13:15:38.599+0000] {processor.py:753} INFO - DAG(s) dict_keys(['latest_only']) retrieved from /home/airflow/.local/lib/python3.7/site-packages/airflow/example_dags/example_latest_only.py
[2023-04-24T13:15:38.618+0000] {logging_mixin.py:137} INFO - [2023-04-24T13:15:38.618+0000] {dag.py:2690} INFO - Sync 1 DAGs
[2023-04-24T13:15:38.634+0000] {logging_mixin.py:137} INFO - [2023-04-24T13:15:38.634+0000] {dag.py:3441} INFO - Setting next_dagrun for latest_only to 2023-04-24T09:15:38.634077+00:00, run_after=2023-04-24T13:15:38.634077+00:00
[2023-04-24T13:15:38.646+0000] {processor.py:175} INFO - Processing /home/airflow/.local/lib/python3.7/site-packages/airflow/example_dags/example_latest_only.py took 0.064 seconds
[2023-04-24T13:16:08.950+0000] {processor.py:153} INFO - Started process (PID=2089) to work on /home/airflow/.local/lib/python3.7/site-packages/airflow/example_dags/example_latest_only.py
[2023-04-24T13:16:08.951+0000] {processor.py:743} INFO - Processing file /home/airflow/.local/lib/python3.7/site-packages/airflow/example_dags/example_latest_only.py for tasks to queue
[2023-04-24T13:16:08.952+0000] {logging_mixin.py:137} INFO - [2023-04-24T13:16:08.952+0000] {dagbag.py:538} INFO - Filling up the DagBag from /home/airflow/.local/lib/python3.7/site-packages/airflow/example_dags/example_latest_only.py
[2023-04-24T13:16:08.962+0000] {processor.py:753} INFO - DAG(s) dict_keys(['latest_only']) retrieved from /home/airflow/.local/lib/python3.7/site-packages/airflow/example_dags/example_latest_only.py
[2023-04-24T13:16:08.981+0000] {logging_mixin.py:137} INFO - [2023-04-24T13:16:08.981+0000] {dag.py:2690} INFO - Sync 1 DAGs
[2023-04-24T13:16:08.997+0000] {logging_mixin.py:137} INFO - [2023-04-24T13:16:08.997+0000] {dag.py:3441} INFO - Setting next_dagrun for latest_only to 2023-04-24T09:16:08.997330+00:00, run_after=2023-04-24T13:16:08.997330+00:00
[2023-04-24T13:16:09.011+0000] {processor.py:175} INFO - Processing /home/airflow/.local/lib/python3.7/site-packages/airflow/example_dags/example_latest_only.py took 0.064 seconds
[2023-04-24T13:16:39.707+0000] {processor.py:153} INFO - Started process (PID=2164) to work on /home/airflow/.local/lib/python3.7/site-packages/airflow/example_dags/example_latest_only.py
[2023-04-24T13:16:39.709+0000] {processor.py:743} INFO - Processing file /home/airflow/.local/lib/python3.7/site-packages/airflow/example_dags/example_latest_only.py for tasks to queue
[2023-04-24T13:16:39.711+0000] {logging_mixin.py:137} INFO - [2023-04-24T13:16:39.711+0000] {dagbag.py:538} INFO - Filling up the DagBag from /home/airflow/.local/lib/python3.7/site-packages/airflow/example_dags/example_latest_only.py
[2023-04-24T13:16:39.732+0000] {processor.py:753} INFO - DAG(s) dict_keys(['latest_only']) retrieved from /home/airflow/.local/lib/python3.7/site-packages/airflow/example_dags/example_latest_only.py
[2023-04-24T13:16:39.746+0000] {logging_mixin.py:137} INFO - [2023-04-24T13:16:39.746+0000] {dag.py:2690} INFO - Sync 1 DAGs
[2023-04-24T13:16:39.764+0000] {logging_mixin.py:137} INFO - [2023-04-24T13:16:39.763+0000] {dag.py:3441} INFO - Setting next_dagrun for latest_only to 2023-04-24T09:16:39.763769+00:00, run_after=2023-04-24T13:16:39.763769+00:00
[2023-04-24T13:16:39.775+0000] {processor.py:175} INFO - Processing /home/airflow/.local/lib/python3.7/site-packages/airflow/example_dags/example_latest_only.py took 0.073 seconds
[2023-04-24T13:17:10.177+0000] {processor.py:153} INFO - Started process (PID=2228) to work on /home/airflow/.local/lib/python3.7/site-packages/airflow/example_dags/example_latest_only.py
[2023-04-24T13:17:10.179+0000] {processor.py:743} INFO - Processing file /home/airflow/.local/lib/python3.7/site-packages/airflow/example_dags/example_latest_only.py for tasks to queue
[2023-04-24T13:17:10.183+0000] {logging_mixin.py:137} INFO - [2023-04-24T13:17:10.183+0000] {dagbag.py:538} INFO - Filling up the DagBag from /home/airflow/.local/lib/python3.7/site-packages/airflow/example_dags/example_latest_only.py
[2023-04-24T13:17:10.199+0000] {processor.py:753} INFO - DAG(s) dict_keys(['latest_only']) retrieved from /home/airflow/.local/lib/python3.7/site-packages/airflow/example_dags/example_latest_only.py
[2023-04-24T13:17:10.224+0000] {logging_mixin.py:137} INFO - [2023-04-24T13:17:10.224+0000] {dag.py:2690} INFO - Sync 1 DAGs
[2023-04-24T13:17:10.241+0000] {logging_mixin.py:137} INFO - [2023-04-24T13:17:10.241+0000] {dag.py:3441} INFO - Setting next_dagrun for latest_only to 2023-04-24T09:17:10.240934+00:00, run_after=2023-04-24T13:17:10.240934+00:00
[2023-04-24T13:17:10.254+0000] {processor.py:175} INFO - Processing /home/airflow/.local/lib/python3.7/site-packages/airflow/example_dags/example_latest_only.py took 0.083 seconds
[2023-04-24T13:17:40.584+0000] {processor.py:153} INFO - Started process (PID=2304) to work on /home/airflow/.local/lib/python3.7/site-packages/airflow/example_dags/example_latest_only.py
[2023-04-24T13:17:40.585+0000] {processor.py:743} INFO - Processing file /home/airflow/.local/lib/python3.7/site-packages/airflow/example_dags/example_latest_only.py for tasks to queue
[2023-04-24T13:17:40.586+0000] {logging_mixin.py:137} INFO - [2023-04-24T13:17:40.586+0000] {dagbag.py:538} INFO - Filling up the DagBag from /home/airflow/.local/lib/python3.7/site-packages/airflow/example_dags/example_latest_only.py
[2023-04-24T13:17:40.598+0000] {processor.py:753} INFO - DAG(s) dict_keys(['latest_only']) retrieved from /home/airflow/.local/lib/python3.7/site-packages/airflow/example_dags/example_latest_only.py
[2023-04-24T13:17:40.621+0000] {logging_mixin.py:137} INFO - [2023-04-24T13:17:40.621+0000] {dag.py:2690} INFO - Sync 1 DAGs
[2023-04-24T13:17:40.640+0000] {logging_mixin.py:137} INFO - [2023-04-24T13:17:40.640+0000] {dag.py:3441} INFO - Setting next_dagrun for latest_only to 2023-04-24T09:17:40.639907+00:00, run_after=2023-04-24T13:17:40.639907+00:00
[2023-04-24T13:17:40.652+0000] {processor.py:175} INFO - Processing /home/airflow/.local/lib/python3.7/site-packages/airflow/example_dags/example_latest_only.py took 0.072 seconds
[2023-04-24T13:18:11.000+0000] {processor.py:153} INFO - Started process (PID=2380) to work on /home/airflow/.local/lib/python3.7/site-packages/airflow/example_dags/example_latest_only.py
[2023-04-24T13:18:11.002+0000] {processor.py:743} INFO - Processing file /home/airflow/.local/lib/python3.7/site-packages/airflow/example_dags/example_latest_only.py for tasks to queue
[2023-04-24T13:18:11.004+0000] {logging_mixin.py:137} INFO - [2023-04-24T13:18:11.004+0000] {dagbag.py:538} INFO - Filling up the DagBag from /home/airflow/.local/lib/python3.7/site-packages/airflow/example_dags/example_latest_only.py
[2023-04-24T13:18:11.020+0000] {processor.py:753} INFO - DAG(s) dict_keys(['latest_only']) retrieved from /home/airflow/.local/lib/python3.7/site-packages/airflow/example_dags/example_latest_only.py
[2023-04-24T13:18:11.046+0000] {logging_mixin.py:137} INFO - [2023-04-24T13:18:11.046+0000] {dag.py:2690} INFO - Sync 1 DAGs
[2023-04-24T13:18:11.060+0000] {logging_mixin.py:137} INFO - [2023-04-24T13:18:11.060+0000] {dag.py:3441} INFO - Setting next_dagrun for latest_only to 2023-04-24T09:18:11.060665+00:00, run_after=2023-04-24T13:18:11.060665+00:00
[2023-04-24T13:18:11.071+0000] {processor.py:175} INFO - Processing /home/airflow/.local/lib/python3.7/site-packages/airflow/example_dags/example_latest_only.py took 0.077 seconds
[2023-04-24T13:18:41.124+0000] {processor.py:153} INFO - Started process (PID=2456) to work on /home/airflow/.local/lib/python3.7/site-packages/airflow/example_dags/example_latest_only.py
[2023-04-24T13:18:41.126+0000] {processor.py:743} INFO - Processing file /home/airflow/.local/lib/python3.7/site-packages/airflow/example_dags/example_latest_only.py for tasks to queue
[2023-04-24T13:18:41.127+0000] {logging_mixin.py:137} INFO - [2023-04-24T13:18:41.127+0000] {dagbag.py:538} INFO - Filling up the DagBag from /home/airflow/.local/lib/python3.7/site-packages/airflow/example_dags/example_latest_only.py
[2023-04-24T13:18:41.139+0000] {processor.py:753} INFO - DAG(s) dict_keys(['latest_only']) retrieved from /home/airflow/.local/lib/python3.7/site-packages/airflow/example_dags/example_latest_only.py
[2023-04-24T13:18:41.159+0000] {logging_mixin.py:137} INFO - [2023-04-24T13:18:41.159+0000] {dag.py:2690} INFO - Sync 1 DAGs
[2023-04-24T13:18:41.178+0000] {logging_mixin.py:137} INFO - [2023-04-24T13:18:41.178+0000] {dag.py:3441} INFO - Setting next_dagrun for latest_only to 2023-04-24T09:18:41.178268+00:00, run_after=2023-04-24T13:18:41.178268+00:00
[2023-04-24T13:18:41.190+0000] {processor.py:175} INFO - Processing /home/airflow/.local/lib/python3.7/site-packages/airflow/example_dags/example_latest_only.py took 0.070 seconds
[2023-04-24T13:19:11.389+0000] {processor.py:153} INFO - Started process (PID=2520) to work on /home/airflow/.local/lib/python3.7/site-packages/airflow/example_dags/example_latest_only.py
[2023-04-24T13:19:11.390+0000] {processor.py:743} INFO - Processing file /home/airflow/.local/lib/python3.7/site-packages/airflow/example_dags/example_latest_only.py for tasks to queue
[2023-04-24T13:19:11.391+0000] {logging_mixin.py:137} INFO - [2023-04-24T13:19:11.391+0000] {dagbag.py:538} INFO - Filling up the DagBag from /home/airflow/.local/lib/python3.7/site-packages/airflow/example_dags/example_latest_only.py
[2023-04-24T13:19:11.404+0000] {processor.py:753} INFO - DAG(s) dict_keys(['latest_only']) retrieved from /home/airflow/.local/lib/python3.7/site-packages/airflow/example_dags/example_latest_only.py
[2023-04-24T13:19:11.424+0000] {logging_mixin.py:137} INFO - [2023-04-24T13:19:11.424+0000] {dag.py:2690} INFO - Sync 1 DAGs
[2023-04-24T13:19:11.439+0000] {logging_mixin.py:137} INFO - [2023-04-24T13:19:11.439+0000] {dag.py:3441} INFO - Setting next_dagrun for latest_only to 2023-04-24T09:19:11.439125+00:00, run_after=2023-04-24T13:19:11.439125+00:00
[2023-04-24T13:19:11.451+0000] {processor.py:175} INFO - Processing /home/airflow/.local/lib/python3.7/site-packages/airflow/example_dags/example_latest_only.py took 0.066 seconds
[2023-04-24T13:19:41.799+0000] {processor.py:153} INFO - Started process (PID=2598) to work on /home/airflow/.local/lib/python3.7/site-packages/airflow/example_dags/example_latest_only.py
[2023-04-24T13:19:41.801+0000] {processor.py:743} INFO - Processing file /home/airflow/.local/lib/python3.7/site-packages/airflow/example_dags/example_latest_only.py for tasks to queue
[2023-04-24T13:19:41.802+0000] {logging_mixin.py:137} INFO - [2023-04-24T13:19:41.802+0000] {dagbag.py:538} INFO - Filling up the DagBag from /home/airflow/.local/lib/python3.7/site-packages/airflow/example_dags/example_latest_only.py
[2023-04-24T13:19:41.823+0000] {processor.py:753} INFO - DAG(s) dict_keys(['latest_only']) retrieved from /home/airflow/.local/lib/python3.7/site-packages/airflow/example_dags/example_latest_only.py
[2023-04-24T13:19:41.847+0000] {logging_mixin.py:137} INFO - [2023-04-24T13:19:41.847+0000] {dag.py:2690} INFO - Sync 1 DAGs
[2023-04-24T13:19:41.863+0000] {logging_mixin.py:137} INFO - [2023-04-24T13:19:41.863+0000] {dag.py:3441} INFO - Setting next_dagrun for latest_only to 2023-04-24T09:19:41.863060+00:00, run_after=2023-04-24T13:19:41.863060+00:00
[2023-04-24T13:19:41.874+0000] {processor.py:175} INFO - Processing /home/airflow/.local/lib/python3.7/site-packages/airflow/example_dags/example_latest_only.py took 0.082 seconds
[2023-04-24T13:20:12.242+0000] {processor.py:153} INFO - Started process (PID=2674) to work on /home/airflow/.local/lib/python3.7/site-packages/airflow/example_dags/example_latest_only.py
[2023-04-24T13:20:12.244+0000] {processor.py:743} INFO - Processing file /home/airflow/.local/lib/python3.7/site-packages/airflow/example_dags/example_latest_only.py for tasks to queue
[2023-04-24T13:20:12.246+0000] {logging_mixin.py:137} INFO - [2023-04-24T13:20:12.246+0000] {dagbag.py:538} INFO - Filling up the DagBag from /home/airflow/.local/lib/python3.7/site-packages/airflow/example_dags/example_latest_only.py
[2023-04-24T13:20:12.263+0000] {processor.py:753} INFO - DAG(s) dict_keys(['latest_only']) retrieved from /home/airflow/.local/lib/python3.7/site-packages/airflow/example_dags/example_latest_only.py
[2023-04-24T13:20:12.286+0000] {logging_mixin.py:137} INFO - [2023-04-24T13:20:12.286+0000] {dag.py:2690} INFO - Sync 1 DAGs
[2023-04-24T13:20:12.301+0000] {logging_mixin.py:137} INFO - [2023-04-24T13:20:12.301+0000] {dag.py:3441} INFO - Setting next_dagrun for latest_only to 2023-04-24T09:20:12.300894+00:00, run_after=2023-04-24T13:20:12.300894+00:00
[2023-04-24T13:20:12.312+0000] {processor.py:175} INFO - Processing /home/airflow/.local/lib/python3.7/site-packages/airflow/example_dags/example_latest_only.py took 0.075 seconds
[2023-04-24T13:20:42.713+0000] {processor.py:153} INFO - Started process (PID=2743) to work on /home/airflow/.local/lib/python3.7/site-packages/airflow/example_dags/example_latest_only.py
[2023-04-24T13:20:42.715+0000] {processor.py:743} INFO - Processing file /home/airflow/.local/lib/python3.7/site-packages/airflow/example_dags/example_latest_only.py for tasks to queue
[2023-04-24T13:20:42.717+0000] {logging_mixin.py:137} INFO - [2023-04-24T13:20:42.717+0000] {dagbag.py:538} INFO - Filling up the DagBag from /home/airflow/.local/lib/python3.7/site-packages/airflow/example_dags/example_latest_only.py
[2023-04-24T13:20:42.735+0000] {processor.py:753} INFO - DAG(s) dict_keys(['latest_only']) retrieved from /home/airflow/.local/lib/python3.7/site-packages/airflow/example_dags/example_latest_only.py
[2023-04-24T13:20:42.758+0000] {logging_mixin.py:137} INFO - [2023-04-24T13:20:42.758+0000] {dag.py:2690} INFO - Sync 1 DAGs
[2023-04-24T13:20:42.773+0000] {logging_mixin.py:137} INFO - [2023-04-24T13:20:42.773+0000] {dag.py:3441} INFO - Setting next_dagrun for latest_only to 2023-04-24T09:20:42.773272+00:00, run_after=2023-04-24T13:20:42.773272+00:00
[2023-04-24T13:20:42.784+0000] {processor.py:175} INFO - Processing /home/airflow/.local/lib/python3.7/site-packages/airflow/example_dags/example_latest_only.py took 0.077 seconds
[2023-04-24T13:21:13.054+0000] {processor.py:153} INFO - Started process (PID=2820) to work on /home/airflow/.local/lib/python3.7/site-packages/airflow/example_dags/example_latest_only.py
[2023-04-24T13:21:13.057+0000] {processor.py:743} INFO - Processing file /home/airflow/.local/lib/python3.7/site-packages/airflow/example_dags/example_latest_only.py for tasks to queue
[2023-04-24T13:21:13.058+0000] {logging_mixin.py:137} INFO - [2023-04-24T13:21:13.058+0000] {dagbag.py:538} INFO - Filling up the DagBag from /home/airflow/.local/lib/python3.7/site-packages/airflow/example_dags/example_latest_only.py
[2023-04-24T13:21:13.077+0000] {processor.py:753} INFO - DAG(s) dict_keys(['latest_only']) retrieved from /home/airflow/.local/lib/python3.7/site-packages/airflow/example_dags/example_latest_only.py
[2023-04-24T13:21:13.098+0000] {logging_mixin.py:137} INFO - [2023-04-24T13:21:13.098+0000] {dag.py:2690} INFO - Sync 1 DAGs
[2023-04-24T13:21:13.113+0000] {logging_mixin.py:137} INFO - [2023-04-24T13:21:13.113+0000] {dag.py:3441} INFO - Setting next_dagrun for latest_only to 2023-04-24T09:21:13.113339+00:00, run_after=2023-04-24T13:21:13.113339+00:00
[2023-04-24T13:21:13.124+0000] {processor.py:175} INFO - Processing /home/airflow/.local/lib/python3.7/site-packages/airflow/example_dags/example_latest_only.py took 0.076 seconds
[2023-04-24T13:21:43.356+0000] {processor.py:153} INFO - Started process (PID=2896) to work on /home/airflow/.local/lib/python3.7/site-packages/airflow/example_dags/example_latest_only.py
[2023-04-24T13:21:43.359+0000] {processor.py:743} INFO - Processing file /home/airflow/.local/lib/python3.7/site-packages/airflow/example_dags/example_latest_only.py for tasks to queue
[2023-04-24T13:21:43.360+0000] {logging_mixin.py:137} INFO - [2023-04-24T13:21:43.360+0000] {dagbag.py:538} INFO - Filling up the DagBag from /home/airflow/.local/lib/python3.7/site-packages/airflow/example_dags/example_latest_only.py
[2023-04-24T13:21:43.377+0000] {processor.py:753} INFO - DAG(s) dict_keys(['latest_only']) retrieved from /home/airflow/.local/lib/python3.7/site-packages/airflow/example_dags/example_latest_only.py
[2023-04-24T13:21:43.398+0000] {logging_mixin.py:137} INFO - [2023-04-24T13:21:43.398+0000] {dag.py:2690} INFO - Sync 1 DAGs
[2023-04-24T13:21:43.413+0000] {logging_mixin.py:137} INFO - [2023-04-24T13:21:43.413+0000] {dag.py:3441} INFO - Setting next_dagrun for latest_only to 2023-04-24T09:21:43.413211+00:00, run_after=2023-04-24T13:21:43.413211+00:00
[2023-04-24T13:21:43.424+0000] {processor.py:175} INFO - Processing /home/airflow/.local/lib/python3.7/site-packages/airflow/example_dags/example_latest_only.py took 0.074 seconds
[2023-04-24T13:22:13.525+0000] {processor.py:153} INFO - Started process (PID=2960) to work on /home/airflow/.local/lib/python3.7/site-packages/airflow/example_dags/example_latest_only.py
[2023-04-24T13:22:13.527+0000] {processor.py:743} INFO - Processing file /home/airflow/.local/lib/python3.7/site-packages/airflow/example_dags/example_latest_only.py for tasks to queue
[2023-04-24T13:22:13.528+0000] {logging_mixin.py:137} INFO - [2023-04-24T13:22:13.528+0000] {dagbag.py:538} INFO - Filling up the DagBag from /home/airflow/.local/lib/python3.7/site-packages/airflow/example_dags/example_latest_only.py
[2023-04-24T13:22:13.544+0000] {processor.py:753} INFO - DAG(s) dict_keys(['latest_only']) retrieved from /home/airflow/.local/lib/python3.7/site-packages/airflow/example_dags/example_latest_only.py
[2023-04-24T13:22:13.566+0000] {logging_mixin.py:137} INFO - [2023-04-24T13:22:13.566+0000] {dag.py:2690} INFO - Sync 1 DAGs
[2023-04-24T13:22:13.581+0000] {logging_mixin.py:137} INFO - [2023-04-24T13:22:13.581+0000] {dag.py:3441} INFO - Setting next_dagrun for latest_only to 2023-04-24T09:22:13.581506+00:00, run_after=2023-04-24T13:22:13.581506+00:00
[2023-04-24T13:22:13.592+0000] {processor.py:175} INFO - Processing /home/airflow/.local/lib/python3.7/site-packages/airflow/example_dags/example_latest_only.py took 0.072 seconds
[2023-04-24T13:22:43.825+0000] {processor.py:153} INFO - Started process (PID=3037) to work on /home/airflow/.local/lib/python3.7/site-packages/airflow/example_dags/example_latest_only.py
[2023-04-24T13:22:43.826+0000] {processor.py:743} INFO - Processing file /home/airflow/.local/lib/python3.7/site-packages/airflow/example_dags/example_latest_only.py for tasks to queue
[2023-04-24T13:22:43.826+0000] {logging_mixin.py:137} INFO - [2023-04-24T13:22:43.826+0000] {dagbag.py:538} INFO - Filling up the DagBag from /home/airflow/.local/lib/python3.7/site-packages/airflow/example_dags/example_latest_only.py
[2023-04-24T13:22:43.838+0000] {processor.py:753} INFO - DAG(s) dict_keys(['latest_only']) retrieved from /home/airflow/.local/lib/python3.7/site-packages/airflow/example_dags/example_latest_only.py
[2023-04-24T13:22:43.858+0000] {logging_mixin.py:137} INFO - [2023-04-24T13:22:43.858+0000] {dag.py:2690} INFO - Sync 1 DAGs
[2023-04-24T13:22:43.874+0000] {logging_mixin.py:137} INFO - [2023-04-24T13:22:43.874+0000] {dag.py:3441} INFO - Setting next_dagrun for latest_only to 2023-04-24T09:22:43.874565+00:00, run_after=2023-04-24T13:22:43.874565+00:00
[2023-04-24T13:22:43.887+0000] {processor.py:175} INFO - Processing /home/airflow/.local/lib/python3.7/site-packages/airflow/example_dags/example_latest_only.py took 0.065 seconds
[2023-04-24T13:23:14.224+0000] {processor.py:153} INFO - Started process (PID=3117) to work on /home/airflow/.local/lib/python3.7/site-packages/airflow/example_dags/example_latest_only.py
[2023-04-24T13:23:14.225+0000] {processor.py:743} INFO - Processing file /home/airflow/.local/lib/python3.7/site-packages/airflow/example_dags/example_latest_only.py for tasks to queue
[2023-04-24T13:23:14.227+0000] {logging_mixin.py:137} INFO - [2023-04-24T13:23:14.227+0000] {dagbag.py:538} INFO - Filling up the DagBag from /home/airflow/.local/lib/python3.7/site-packages/airflow/example_dags/example_latest_only.py
[2023-04-24T13:23:14.242+0000] {processor.py:753} INFO - DAG(s) dict_keys(['latest_only']) retrieved from /home/airflow/.local/lib/python3.7/site-packages/airflow/example_dags/example_latest_only.py
[2023-04-24T13:23:14.264+0000] {logging_mixin.py:137} INFO - [2023-04-24T13:23:14.264+0000] {dag.py:2690} INFO - Sync 1 DAGs
[2023-04-24T13:23:14.281+0000] {logging_mixin.py:137} INFO - [2023-04-24T13:23:14.281+0000] {dag.py:3441} INFO - Setting next_dagrun for latest_only to 2023-04-24T09:23:14.280848+00:00, run_after=2023-04-24T13:23:14.280848+00:00
[2023-04-24T13:23:14.293+0000] {processor.py:175} INFO - Processing /home/airflow/.local/lib/python3.7/site-packages/airflow/example_dags/example_latest_only.py took 0.074 seconds
[2023-04-24T13:23:44.792+0000] {processor.py:153} INFO - Started process (PID=3199) to work on /home/airflow/.local/lib/python3.7/site-packages/airflow/example_dags/example_latest_only.py
[2023-04-24T13:23:44.794+0000] {processor.py:743} INFO - Processing file /home/airflow/.local/lib/python3.7/site-packages/airflow/example_dags/example_latest_only.py for tasks to queue
[2023-04-24T13:23:44.795+0000] {logging_mixin.py:137} INFO - [2023-04-24T13:23:44.795+0000] {dagbag.py:538} INFO - Filling up the DagBag from /home/airflow/.local/lib/python3.7/site-packages/airflow/example_dags/example_latest_only.py
[2023-04-24T13:23:44.809+0000] {processor.py:753} INFO - DAG(s) dict_keys(['latest_only']) retrieved from /home/airflow/.local/lib/python3.7/site-packages/airflow/example_dags/example_latest_only.py
[2023-04-24T13:23:44.832+0000] {logging_mixin.py:137} INFO - [2023-04-24T13:23:44.832+0000] {dag.py:2690} INFO - Sync 1 DAGs
[2023-04-24T13:23:44.851+0000] {logging_mixin.py:137} INFO - [2023-04-24T13:23:44.851+0000] {dag.py:3441} INFO - Setting next_dagrun for latest_only to 2023-04-24T09:23:44.851256+00:00, run_after=2023-04-24T13:23:44.851256+00:00
[2023-04-24T13:23:44.865+0000] {processor.py:175} INFO - Processing /home/airflow/.local/lib/python3.7/site-packages/airflow/example_dags/example_latest_only.py took 0.076 seconds
[2023-04-24T13:24:14.956+0000] {processor.py:153} INFO - Started process (PID=3263) to work on /home/airflow/.local/lib/python3.7/site-packages/airflow/example_dags/example_latest_only.py
[2023-04-24T13:24:14.957+0000] {processor.py:743} INFO - Processing file /home/airflow/.local/lib/python3.7/site-packages/airflow/example_dags/example_latest_only.py for tasks to queue
[2023-04-24T13:24:14.958+0000] {logging_mixin.py:137} INFO - [2023-04-24T13:24:14.958+0000] {dagbag.py:538} INFO - Filling up the DagBag from /home/airflow/.local/lib/python3.7/site-packages/airflow/example_dags/example_latest_only.py
[2023-04-24T13:24:14.970+0000] {processor.py:753} INFO - DAG(s) dict_keys(['latest_only']) retrieved from /home/airflow/.local/lib/python3.7/site-packages/airflow/example_dags/example_latest_only.py
[2023-04-24T13:24:14.989+0000] {logging_mixin.py:137} INFO - [2023-04-24T13:24:14.989+0000] {dag.py:2690} INFO - Sync 1 DAGs
[2023-04-24T13:24:15.004+0000] {logging_mixin.py:137} INFO - [2023-04-24T13:24:15.004+0000] {dag.py:3441} INFO - Setting next_dagrun for latest_only to 2023-04-24T09:24:15.003846+00:00, run_after=2023-04-24T13:24:15.003846+00:00
[2023-04-24T13:24:15.014+0000] {processor.py:175} INFO - Processing /home/airflow/.local/lib/python3.7/site-packages/airflow/example_dags/example_latest_only.py took 0.061 seconds
[2023-04-24T13:24:45.405+0000] {processor.py:153} INFO - Started process (PID=3339) to work on /home/airflow/.local/lib/python3.7/site-packages/airflow/example_dags/example_latest_only.py
[2023-04-24T13:24:45.407+0000] {processor.py:743} INFO - Processing file /home/airflow/.local/lib/python3.7/site-packages/airflow/example_dags/example_latest_only.py for tasks to queue
[2023-04-24T13:24:45.409+0000] {logging_mixin.py:137} INFO - [2023-04-24T13:24:45.409+0000] {dagbag.py:538} INFO - Filling up the DagBag from /home/airflow/.local/lib/python3.7/site-packages/airflow/example_dags/example_latest_only.py
[2023-04-24T13:24:45.425+0000] {processor.py:753} INFO - DAG(s) dict_keys(['latest_only']) retrieved from /home/airflow/.local/lib/python3.7/site-packages/airflow/example_dags/example_latest_only.py
[2023-04-24T13:24:45.450+0000] {logging_mixin.py:137} INFO - [2023-04-24T13:24:45.450+0000] {dag.py:2690} INFO - Sync 1 DAGs
[2023-04-24T13:24:45.469+0000] {logging_mixin.py:137} INFO - [2023-04-24T13:24:45.469+0000] {dag.py:3441} INFO - Setting next_dagrun for latest_only to 2023-04-24T09:24:45.469265+00:00, run_after=2023-04-24T13:24:45.469265+00:00
[2023-04-24T13:24:45.483+0000] {processor.py:175} INFO - Processing /home/airflow/.local/lib/python3.7/site-packages/airflow/example_dags/example_latest_only.py took 0.081 seconds
[2023-04-24T13:25:15.615+0000] {processor.py:153} INFO - Started process (PID=3415) to work on /home/airflow/.local/lib/python3.7/site-packages/airflow/example_dags/example_latest_only.py
[2023-04-24T13:25:15.616+0000] {processor.py:743} INFO - Processing file /home/airflow/.local/lib/python3.7/site-packages/airflow/example_dags/example_latest_only.py for tasks to queue
[2023-04-24T13:25:15.617+0000] {logging_mixin.py:137} INFO - [2023-04-24T13:25:15.617+0000] {dagbag.py:538} INFO - Filling up the DagBag from /home/airflow/.local/lib/python3.7/site-packages/airflow/example_dags/example_latest_only.py
[2023-04-24T13:25:15.629+0000] {processor.py:753} INFO - DAG(s) dict_keys(['latest_only']) retrieved from /home/airflow/.local/lib/python3.7/site-packages/airflow/example_dags/example_latest_only.py
[2023-04-24T13:25:15.651+0000] {logging_mixin.py:137} INFO - [2023-04-24T13:25:15.651+0000] {dag.py:2690} INFO - Sync 1 DAGs
[2023-04-24T13:25:15.669+0000] {logging_mixin.py:137} INFO - [2023-04-24T13:25:15.669+0000] {dag.py:3441} INFO - Setting next_dagrun for latest_only to 2023-04-24T09:25:15.669214+00:00, run_after=2023-04-24T13:25:15.669214+00:00
[2023-04-24T13:25:15.680+0000] {processor.py:175} INFO - Processing /home/airflow/.local/lib/python3.7/site-packages/airflow/example_dags/example_latest_only.py took 0.068 seconds
[2023-04-24T13:25:45.812+0000] {processor.py:153} INFO - Started process (PID=3479) to work on /home/airflow/.local/lib/python3.7/site-packages/airflow/example_dags/example_latest_only.py
[2023-04-24T13:25:45.814+0000] {processor.py:743} INFO - Processing file /home/airflow/.local/lib/python3.7/site-packages/airflow/example_dags/example_latest_only.py for tasks to queue
[2023-04-24T13:25:45.816+0000] {logging_mixin.py:137} INFO - [2023-04-24T13:25:45.816+0000] {dagbag.py:538} INFO - Filling up the DagBag from /home/airflow/.local/lib/python3.7/site-packages/airflow/example_dags/example_latest_only.py
[2023-04-24T13:25:45.836+0000] {processor.py:753} INFO - DAG(s) dict_keys(['latest_only']) retrieved from /home/airflow/.local/lib/python3.7/site-packages/airflow/example_dags/example_latest_only.py
[2023-04-24T13:25:45.861+0000] {logging_mixin.py:137} INFO - [2023-04-24T13:25:45.861+0000] {dag.py:2690} INFO - Sync 1 DAGs
[2023-04-24T13:25:45.878+0000] {logging_mixin.py:137} INFO - [2023-04-24T13:25:45.878+0000] {dag.py:3441} INFO - Setting next_dagrun for latest_only to 2023-04-24T09:25:45.877913+00:00, run_after=2023-04-24T13:25:45.877913+00:00
[2023-04-24T13:25:45.890+0000] {processor.py:175} INFO - Processing /home/airflow/.local/lib/python3.7/site-packages/airflow/example_dags/example_latest_only.py took 0.085 seconds
[2023-04-24T13:26:16.110+0000] {processor.py:153} INFO - Started process (PID=3555) to work on /home/airflow/.local/lib/python3.7/site-packages/airflow/example_dags/example_latest_only.py
[2023-04-24T13:26:16.113+0000] {processor.py:743} INFO - Processing file /home/airflow/.local/lib/python3.7/site-packages/airflow/example_dags/example_latest_only.py for tasks to queue
[2023-04-24T13:26:16.114+0000] {logging_mixin.py:137} INFO - [2023-04-24T13:26:16.114+0000] {dagbag.py:538} INFO - Filling up the DagBag from /home/airflow/.local/lib/python3.7/site-packages/airflow/example_dags/example_latest_only.py
[2023-04-24T13:26:16.132+0000] {processor.py:753} INFO - DAG(s) dict_keys(['latest_only']) retrieved from /home/airflow/.local/lib/python3.7/site-packages/airflow/example_dags/example_latest_only.py
[2023-04-24T13:26:16.154+0000] {logging_mixin.py:137} INFO - [2023-04-24T13:26:16.154+0000] {dag.py:2690} INFO - Sync 1 DAGs
[2023-04-24T13:26:16.168+0000] {logging_mixin.py:137} INFO - [2023-04-24T13:26:16.168+0000] {dag.py:3441} INFO - Setting next_dagrun for latest_only to 2023-04-24T09:26:16.168549+00:00, run_after=2023-04-24T13:26:16.168549+00:00
[2023-04-24T13:26:16.180+0000] {processor.py:175} INFO - Processing /home/airflow/.local/lib/python3.7/site-packages/airflow/example_dags/example_latest_only.py took 0.076 seconds
[2023-04-24T13:26:46.508+0000] {processor.py:153} INFO - Started process (PID=3632) to work on /home/airflow/.local/lib/python3.7/site-packages/airflow/example_dags/example_latest_only.py
[2023-04-24T13:26:46.510+0000] {processor.py:743} INFO - Processing file /home/airflow/.local/lib/python3.7/site-packages/airflow/example_dags/example_latest_only.py for tasks to queue
[2023-04-24T13:26:46.511+0000] {logging_mixin.py:137} INFO - [2023-04-24T13:26:46.511+0000] {dagbag.py:538} INFO - Filling up the DagBag from /home/airflow/.local/lib/python3.7/site-packages/airflow/example_dags/example_latest_only.py
[2023-04-24T13:26:46.532+0000] {processor.py:753} INFO - DAG(s) dict_keys(['latest_only']) retrieved from /home/airflow/.local/lib/python3.7/site-packages/airflow/example_dags/example_latest_only.py
[2023-04-24T13:26:46.561+0000] {logging_mixin.py:137} INFO - [2023-04-24T13:26:46.561+0000] {dag.py:2690} INFO - Sync 1 DAGs
[2023-04-24T13:26:46.580+0000] {logging_mixin.py:137} INFO - [2023-04-24T13:26:46.580+0000] {dag.py:3441} INFO - Setting next_dagrun for latest_only to 2023-04-24T09:26:46.580473+00:00, run_after=2023-04-24T13:26:46.580473+00:00
[2023-04-24T13:26:46.593+0000] {processor.py:175} INFO - Processing /home/airflow/.local/lib/python3.7/site-packages/airflow/example_dags/example_latest_only.py took 0.091 seconds
[2023-04-24T13:27:16.798+0000] {processor.py:153} INFO - Started process (PID=3696) to work on /home/airflow/.local/lib/python3.7/site-packages/airflow/example_dags/example_latest_only.py
[2023-04-24T13:27:16.800+0000] {processor.py:743} INFO - Processing file /home/airflow/.local/lib/python3.7/site-packages/airflow/example_dags/example_latest_only.py for tasks to queue
[2023-04-24T13:27:16.801+0000] {logging_mixin.py:137} INFO - [2023-04-24T13:27:16.801+0000] {dagbag.py:538} INFO - Filling up the DagBag from /home/airflow/.local/lib/python3.7/site-packages/airflow/example_dags/example_latest_only.py
[2023-04-24T13:27:16.823+0000] {processor.py:753} INFO - DAG(s) dict_keys(['latest_only']) retrieved from /home/airflow/.local/lib/python3.7/site-packages/airflow/example_dags/example_latest_only.py
[2023-04-24T13:27:16.854+0000] {logging_mixin.py:137} INFO - [2023-04-24T13:27:16.854+0000] {dag.py:2690} INFO - Sync 1 DAGs
[2023-04-24T13:27:16.873+0000] {logging_mixin.py:137} INFO - [2023-04-24T13:27:16.873+0000] {dag.py:3441} INFO - Setting next_dagrun for latest_only to 2023-04-24T09:27:16.872746+00:00, run_after=2023-04-24T13:27:16.872746+00:00
[2023-04-24T13:27:16.888+0000] {processor.py:175} INFO - Processing /home/airflow/.local/lib/python3.7/site-packages/airflow/example_dags/example_latest_only.py took 0.095 seconds
[2023-04-24T13:27:47.213+0000] {processor.py:153} INFO - Started process (PID=3772) to work on /home/airflow/.local/lib/python3.7/site-packages/airflow/example_dags/example_latest_only.py
[2023-04-24T13:27:47.216+0000] {processor.py:743} INFO - Processing file /home/airflow/.local/lib/python3.7/site-packages/airflow/example_dags/example_latest_only.py for tasks to queue
[2023-04-24T13:27:47.217+0000] {logging_mixin.py:137} INFO - [2023-04-24T13:27:47.217+0000] {dagbag.py:538} INFO - Filling up the DagBag from /home/airflow/.local/lib/python3.7/site-packages/airflow/example_dags/example_latest_only.py
[2023-04-24T13:27:47.235+0000] {processor.py:753} INFO - DAG(s) dict_keys(['latest_only']) retrieved from /home/airflow/.local/lib/python3.7/site-packages/airflow/example_dags/example_latest_only.py
[2023-04-24T13:27:47.257+0000] {logging_mixin.py:137} INFO - [2023-04-24T13:27:47.256+0000] {dag.py:2690} INFO - Sync 1 DAGs
[2023-04-24T13:27:47.272+0000] {logging_mixin.py:137} INFO - [2023-04-24T13:27:47.272+0000] {dag.py:3441} INFO - Setting next_dagrun for latest_only to 2023-04-24T09:27:47.271817+00:00, run_after=2023-04-24T13:27:47.271817+00:00
[2023-04-24T13:27:47.282+0000] {processor.py:175} INFO - Processing /home/airflow/.local/lib/python3.7/site-packages/airflow/example_dags/example_latest_only.py took 0.077 seconds
[2023-04-24T13:28:17.508+0000] {processor.py:153} INFO - Started process (PID=3848) to work on /home/airflow/.local/lib/python3.7/site-packages/airflow/example_dags/example_latest_only.py
[2023-04-24T13:28:17.510+0000] {processor.py:743} INFO - Processing file /home/airflow/.local/lib/python3.7/site-packages/airflow/example_dags/example_latest_only.py for tasks to queue
[2023-04-24T13:28:17.511+0000] {logging_mixin.py:137} INFO - [2023-04-24T13:28:17.511+0000] {dagbag.py:538} INFO - Filling up the DagBag from /home/airflow/.local/lib/python3.7/site-packages/airflow/example_dags/example_latest_only.py
[2023-04-24T13:28:17.529+0000] {processor.py:753} INFO - DAG(s) dict_keys(['latest_only']) retrieved from /home/airflow/.local/lib/python3.7/site-packages/airflow/example_dags/example_latest_only.py
[2023-04-24T13:28:17.551+0000] {logging_mixin.py:137} INFO - [2023-04-24T13:28:17.551+0000] {dag.py:2690} INFO - Sync 1 DAGs
[2023-04-24T13:28:17.566+0000] {logging_mixin.py:137} INFO - [2023-04-24T13:28:17.566+0000] {dag.py:3441} INFO - Setting next_dagrun for latest_only to 2023-04-24T09:28:17.566229+00:00, run_after=2023-04-24T13:28:17.566229+00:00
[2023-04-24T13:28:17.577+0000] {processor.py:175} INFO - Processing /home/airflow/.local/lib/python3.7/site-packages/airflow/example_dags/example_latest_only.py took 0.074 seconds
[2023-04-24T13:28:47.746+0000] {processor.py:153} INFO - Started process (PID=3912) to work on /home/airflow/.local/lib/python3.7/site-packages/airflow/example_dags/example_latest_only.py
[2023-04-24T13:28:47.747+0000] {processor.py:743} INFO - Processing file /home/airflow/.local/lib/python3.7/site-packages/airflow/example_dags/example_latest_only.py for tasks to queue
[2023-04-24T13:28:47.748+0000] {logging_mixin.py:137} INFO - [2023-04-24T13:28:47.748+0000] {dagbag.py:538} INFO - Filling up the DagBag from /home/airflow/.local/lib/python3.7/site-packages/airflow/example_dags/example_latest_only.py
[2023-04-24T13:28:47.760+0000] {processor.py:753} INFO - DAG(s) dict_keys(['latest_only']) retrieved from /home/airflow/.local/lib/python3.7/site-packages/airflow/example_dags/example_latest_only.py
[2023-04-24T13:28:47.780+0000] {logging_mixin.py:137} INFO - [2023-04-24T13:28:47.780+0000] {dag.py:2690} INFO - Sync 1 DAGs
[2023-04-24T13:28:47.798+0000] {logging_mixin.py:137} INFO - [2023-04-24T13:28:47.798+0000] {dag.py:3441} INFO - Setting next_dagrun for latest_only to 2023-04-24T09:28:47.798403+00:00, run_after=2023-04-24T13:28:47.798403+00:00
[2023-04-24T13:28:47.810+0000] {processor.py:175} INFO - Processing /home/airflow/.local/lib/python3.7/site-packages/airflow/example_dags/example_latest_only.py took 0.067 seconds
[2023-04-24T13:29:17.991+0000] {processor.py:153} INFO - Started process (PID=3988) to work on /home/airflow/.local/lib/python3.7/site-packages/airflow/example_dags/example_latest_only.py
[2023-04-24T13:29:17.992+0000] {processor.py:743} INFO - Processing file /home/airflow/.local/lib/python3.7/site-packages/airflow/example_dags/example_latest_only.py for tasks to queue
[2023-04-24T13:29:17.993+0000] {logging_mixin.py:137} INFO - [2023-04-24T13:29:17.993+0000] {dagbag.py:538} INFO - Filling up the DagBag from /home/airflow/.local/lib/python3.7/site-packages/airflow/example_dags/example_latest_only.py
[2023-04-24T13:29:18.005+0000] {processor.py:753} INFO - DAG(s) dict_keys(['latest_only']) retrieved from /home/airflow/.local/lib/python3.7/site-packages/airflow/example_dags/example_latest_only.py
[2023-04-24T13:29:18.025+0000] {logging_mixin.py:137} INFO - [2023-04-24T13:29:18.025+0000] {dag.py:2690} INFO - Sync 1 DAGs
[2023-04-24T13:29:18.045+0000] {logging_mixin.py:137} INFO - [2023-04-24T13:29:18.045+0000] {dag.py:3441} INFO - Setting next_dagrun for latest_only to 2023-04-24T09:29:18.044913+00:00, run_after=2023-04-24T13:29:18.044913+00:00
[2023-04-24T13:29:18.062+0000] {processor.py:175} INFO - Processing /home/airflow/.local/lib/python3.7/site-packages/airflow/example_dags/example_latest_only.py took 0.074 seconds
[2023-04-24T13:29:48.459+0000] {processor.py:153} INFO - Started process (PID=4064) to work on /home/airflow/.local/lib/python3.7/site-packages/airflow/example_dags/example_latest_only.py
[2023-04-24T13:29:48.462+0000] {processor.py:743} INFO - Processing file /home/airflow/.local/lib/python3.7/site-packages/airflow/example_dags/example_latest_only.py for tasks to queue
[2023-04-24T13:29:48.463+0000] {logging_mixin.py:137} INFO - [2023-04-24T13:29:48.463+0000] {dagbag.py:538} INFO - Filling up the DagBag from /home/airflow/.local/lib/python3.7/site-packages/airflow/example_dags/example_latest_only.py
[2023-04-24T13:29:48.483+0000] {processor.py:753} INFO - DAG(s) dict_keys(['latest_only']) retrieved from /home/airflow/.local/lib/python3.7/site-packages/airflow/example_dags/example_latest_only.py
[2023-04-24T13:29:48.506+0000] {logging_mixin.py:137} INFO - [2023-04-24T13:29:48.505+0000] {dag.py:2690} INFO - Sync 1 DAGs
[2023-04-24T13:29:48.521+0000] {logging_mixin.py:137} INFO - [2023-04-24T13:29:48.521+0000] {dag.py:3441} INFO - Setting next_dagrun for latest_only to 2023-04-24T09:29:48.521292+00:00, run_after=2023-04-24T13:29:48.521292+00:00
[2023-04-24T13:29:48.533+0000] {processor.py:175} INFO - Processing /home/airflow/.local/lib/python3.7/site-packages/airflow/example_dags/example_latest_only.py took 0.080 seconds
[2023-04-24T13:30:18.756+0000] {processor.py:153} INFO - Started process (PID=4128) to work on /home/airflow/.local/lib/python3.7/site-packages/airflow/example_dags/example_latest_only.py
[2023-04-24T13:30:18.758+0000] {processor.py:743} INFO - Processing file /home/airflow/.local/lib/python3.7/site-packages/airflow/example_dags/example_latest_only.py for tasks to queue
[2023-04-24T13:30:18.759+0000] {logging_mixin.py:137} INFO - [2023-04-24T13:30:18.759+0000] {dagbag.py:538} INFO - Filling up the DagBag from /home/airflow/.local/lib/python3.7/site-packages/airflow/example_dags/example_latest_only.py
[2023-04-24T13:30:18.769+0000] {processor.py:753} INFO - DAG(s) dict_keys(['latest_only']) retrieved from /home/airflow/.local/lib/python3.7/site-packages/airflow/example_dags/example_latest_only.py
[2023-04-24T13:30:18.788+0000] {logging_mixin.py:137} INFO - [2023-04-24T13:30:18.788+0000] {dag.py:2690} INFO - Sync 1 DAGs
[2023-04-24T13:30:18.808+0000] {logging_mixin.py:137} INFO - [2023-04-24T13:30:18.808+0000] {dag.py:3441} INFO - Setting next_dagrun for latest_only to 2023-04-24T09:30:18.808389+00:00, run_after=2023-04-24T13:30:18.808389+00:00
[2023-04-24T13:30:18.826+0000] {processor.py:175} INFO - Processing /home/airflow/.local/lib/python3.7/site-packages/airflow/example_dags/example_latest_only.py took 0.072 seconds
[2023-04-24T13:30:49.089+0000] {processor.py:153} INFO - Started process (PID=4204) to work on /home/airflow/.local/lib/python3.7/site-packages/airflow/example_dags/example_latest_only.py
[2023-04-24T13:30:49.090+0000] {processor.py:743} INFO - Processing file /home/airflow/.local/lib/python3.7/site-packages/airflow/example_dags/example_latest_only.py for tasks to queue
[2023-04-24T13:30:49.091+0000] {logging_mixin.py:137} INFO - [2023-04-24T13:30:49.090+0000] {dagbag.py:538} INFO - Filling up the DagBag from /home/airflow/.local/lib/python3.7/site-packages/airflow/example_dags/example_latest_only.py
[2023-04-24T13:30:49.103+0000] {processor.py:753} INFO - DAG(s) dict_keys(['latest_only']) retrieved from /home/airflow/.local/lib/python3.7/site-packages/airflow/example_dags/example_latest_only.py
[2023-04-24T13:30:49.124+0000] {logging_mixin.py:137} INFO - [2023-04-24T13:30:49.124+0000] {dag.py:2690} INFO - Sync 1 DAGs
[2023-04-24T13:30:49.141+0000] {logging_mixin.py:137} INFO - [2023-04-24T13:30:49.141+0000] {dag.py:3441} INFO - Setting next_dagrun for latest_only to 2023-04-24T09:30:49.141670+00:00, run_after=2023-04-24T13:30:49.141670+00:00
[2023-04-24T13:30:49.153+0000] {processor.py:175} INFO - Processing /home/airflow/.local/lib/python3.7/site-packages/airflow/example_dags/example_latest_only.py took 0.067 seconds
[2023-04-24T13:31:19.220+0000] {processor.py:153} INFO - Started process (PID=4280) to work on /home/airflow/.local/lib/python3.7/site-packages/airflow/example_dags/example_latest_only.py
[2023-04-24T13:31:19.222+0000] {processor.py:743} INFO - Processing file /home/airflow/.local/lib/python3.7/site-packages/airflow/example_dags/example_latest_only.py for tasks to queue
[2023-04-24T13:31:19.222+0000] {logging_mixin.py:137} INFO - [2023-04-24T13:31:19.222+0000] {dagbag.py:538} INFO - Filling up the DagBag from /home/airflow/.local/lib/python3.7/site-packages/airflow/example_dags/example_latest_only.py
[2023-04-24T13:31:19.234+0000] {processor.py:753} INFO - DAG(s) dict_keys(['latest_only']) retrieved from /home/airflow/.local/lib/python3.7/site-packages/airflow/example_dags/example_latest_only.py
[2023-04-24T13:31:19.253+0000] {logging_mixin.py:137} INFO - [2023-04-24T13:31:19.252+0000] {dag.py:2690} INFO - Sync 1 DAGs
[2023-04-24T13:31:19.268+0000] {logging_mixin.py:137} INFO - [2023-04-24T13:31:19.268+0000] {dag.py:3441} INFO - Setting next_dagrun for latest_only to 2023-04-24T09:31:19.268199+00:00, run_after=2023-04-24T13:31:19.268199+00:00
[2023-04-24T13:31:19.282+0000] {processor.py:175} INFO - Processing /home/airflow/.local/lib/python3.7/site-packages/airflow/example_dags/example_latest_only.py took 0.065 seconds
[2023-04-24T13:31:49.580+0000] {processor.py:153} INFO - Started process (PID=4351) to work on /home/airflow/.local/lib/python3.7/site-packages/airflow/example_dags/example_latest_only.py
[2023-04-24T13:31:49.581+0000] {processor.py:743} INFO - Processing file /home/airflow/.local/lib/python3.7/site-packages/airflow/example_dags/example_latest_only.py for tasks to queue
[2023-04-24T13:31:49.582+0000] {logging_mixin.py:137} INFO - [2023-04-24T13:31:49.582+0000] {dagbag.py:538} INFO - Filling up the DagBag from /home/airflow/.local/lib/python3.7/site-packages/airflow/example_dags/example_latest_only.py
[2023-04-24T13:31:49.594+0000] {processor.py:753} INFO - DAG(s) dict_keys(['latest_only']) retrieved from /home/airflow/.local/lib/python3.7/site-packages/airflow/example_dags/example_latest_only.py
[2023-04-24T13:31:49.613+0000] {logging_mixin.py:137} INFO - [2023-04-24T13:31:49.612+0000] {dag.py:2690} INFO - Sync 1 DAGs
[2023-04-24T13:31:49.628+0000] {logging_mixin.py:137} INFO - [2023-04-24T13:31:49.628+0000] {dag.py:3441} INFO - Setting next_dagrun for latest_only to 2023-04-24T09:31:49.627942+00:00, run_after=2023-04-24T13:31:49.627942+00:00
[2023-04-24T13:31:49.640+0000] {processor.py:175} INFO - Processing /home/airflow/.local/lib/python3.7/site-packages/airflow/example_dags/example_latest_only.py took 0.062 seconds
[2023-04-24T13:32:19.877+0000] {processor.py:153} INFO - Started process (PID=4420) to work on /home/airflow/.local/lib/python3.7/site-packages/airflow/example_dags/example_latest_only.py
[2023-04-24T13:32:19.879+0000] {processor.py:743} INFO - Processing file /home/airflow/.local/lib/python3.7/site-packages/airflow/example_dags/example_latest_only.py for tasks to queue
[2023-04-24T13:32:19.880+0000] {logging_mixin.py:137} INFO - [2023-04-24T13:32:19.880+0000] {dagbag.py:538} INFO - Filling up the DagBag from /home/airflow/.local/lib/python3.7/site-packages/airflow/example_dags/example_latest_only.py
[2023-04-24T13:32:19.895+0000] {processor.py:753} INFO - DAG(s) dict_keys(['latest_only']) retrieved from /home/airflow/.local/lib/python3.7/site-packages/airflow/example_dags/example_latest_only.py
[2023-04-24T13:32:19.917+0000] {logging_mixin.py:137} INFO - [2023-04-24T13:32:19.917+0000] {dag.py:2690} INFO - Sync 1 DAGs
[2023-04-24T13:32:19.932+0000] {logging_mixin.py:137} INFO - [2023-04-24T13:32:19.932+0000] {dag.py:3441} INFO - Setting next_dagrun for latest_only to 2023-04-24T09:32:19.932281+00:00, run_after=2023-04-24T13:32:19.932281+00:00
[2023-04-24T13:32:19.943+0000] {processor.py:175} INFO - Processing /home/airflow/.local/lib/python3.7/site-packages/airflow/example_dags/example_latest_only.py took 0.070 seconds
[2023-04-24T13:32:50.144+0000] {processor.py:153} INFO - Started process (PID=4496) to work on /home/airflow/.local/lib/python3.7/site-packages/airflow/example_dags/example_latest_only.py
[2023-04-24T13:32:50.146+0000] {processor.py:743} INFO - Processing file /home/airflow/.local/lib/python3.7/site-packages/airflow/example_dags/example_latest_only.py for tasks to queue
[2023-04-24T13:32:50.147+0000] {logging_mixin.py:137} INFO - [2023-04-24T13:32:50.147+0000] {dagbag.py:538} INFO - Filling up the DagBag from /home/airflow/.local/lib/python3.7/site-packages/airflow/example_dags/example_latest_only.py
[2023-04-24T13:32:50.163+0000] {processor.py:753} INFO - DAG(s) dict_keys(['latest_only']) retrieved from /home/airflow/.local/lib/python3.7/site-packages/airflow/example_dags/example_latest_only.py
[2023-04-24T13:32:50.186+0000] {logging_mixin.py:137} INFO - [2023-04-24T13:32:50.186+0000] {dag.py:2690} INFO - Sync 1 DAGs
[2023-04-24T13:32:50.200+0000] {logging_mixin.py:137} INFO - [2023-04-24T13:32:50.200+0000] {dag.py:3441} INFO - Setting next_dagrun for latest_only to 2023-04-24T09:32:50.200471+00:00, run_after=2023-04-24T13:32:50.200471+00:00
[2023-04-24T13:32:50.211+0000] {processor.py:175} INFO - Processing /home/airflow/.local/lib/python3.7/site-packages/airflow/example_dags/example_latest_only.py took 0.074 seconds
[2023-04-24T13:33:50.352+0000] {processor.py:153} INFO - Started process (PID=4596) to work on /home/airflow/.local/lib/python3.7/site-packages/airflow/example_dags/example_latest_only.py
[2023-04-24T13:33:50.353+0000] {processor.py:743} INFO - Processing file /home/airflow/.local/lib/python3.7/site-packages/airflow/example_dags/example_latest_only.py for tasks to queue
[2023-04-24T13:33:50.354+0000] {logging_mixin.py:137} INFO - [2023-04-24T13:33:50.354+0000] {dagbag.py:538} INFO - Filling up the DagBag from /home/airflow/.local/lib/python3.7/site-packages/airflow/example_dags/example_latest_only.py
[2023-04-24T13:33:50.365+0000] {processor.py:753} INFO - DAG(s) dict_keys(['latest_only']) retrieved from /home/airflow/.local/lib/python3.7/site-packages/airflow/example_dags/example_latest_only.py
[2023-04-24T13:33:50.386+0000] {logging_mixin.py:137} INFO - [2023-04-24T13:33:50.386+0000] {dag.py:2690} INFO - Sync 1 DAGs
[2023-04-24T13:33:50.403+0000] {logging_mixin.py:137} INFO - [2023-04-24T13:33:50.403+0000] {dag.py:3441} INFO - Setting next_dagrun for latest_only to 2023-04-24T09:33:50.403160+00:00, run_after=2023-04-24T13:33:50.403160+00:00
[2023-04-24T13:33:50.415+0000] {processor.py:175} INFO - Processing /home/airflow/.local/lib/python3.7/site-packages/airflow/example_dags/example_latest_only.py took 0.066 seconds
[2023-04-24T13:34:20.645+0000] {processor.py:153} INFO - Started process (PID=4672) to work on /home/airflow/.local/lib/python3.7/site-packages/airflow/example_dags/example_latest_only.py
[2023-04-24T13:34:20.646+0000] {processor.py:743} INFO - Processing file /home/airflow/.local/lib/python3.7/site-packages/airflow/example_dags/example_latest_only.py for tasks to queue
[2023-04-24T13:34:20.647+0000] {logging_mixin.py:137} INFO - [2023-04-24T13:34:20.647+0000] {dagbag.py:538} INFO - Filling up the DagBag from /home/airflow/.local/lib/python3.7/site-packages/airflow/example_dags/example_latest_only.py
[2023-04-24T13:34:20.657+0000] {processor.py:753} INFO - DAG(s) dict_keys(['latest_only']) retrieved from /home/airflow/.local/lib/python3.7/site-packages/airflow/example_dags/example_latest_only.py
[2023-04-24T13:34:20.677+0000] {logging_mixin.py:137} INFO - [2023-04-24T13:34:20.677+0000] {dag.py:2690} INFO - Sync 1 DAGs
[2023-04-24T13:34:20.694+0000] {logging_mixin.py:137} INFO - [2023-04-24T13:34:20.694+0000] {dag.py:3441} INFO - Setting next_dagrun for latest_only to 2023-04-24T09:34:20.694384+00:00, run_after=2023-04-24T13:34:20.694384+00:00
[2023-04-24T13:34:20.706+0000] {processor.py:175} INFO - Processing /home/airflow/.local/lib/python3.7/site-packages/airflow/example_dags/example_latest_only.py took 0.063 seconds
[2023-04-24T13:34:51.103+0000] {processor.py:153} INFO - Started process (PID=4748) to work on /home/airflow/.local/lib/python3.7/site-packages/airflow/example_dags/example_latest_only.py
[2023-04-24T13:34:51.105+0000] {processor.py:743} INFO - Processing file /home/airflow/.local/lib/python3.7/site-packages/airflow/example_dags/example_latest_only.py for tasks to queue
[2023-04-24T13:34:51.106+0000] {logging_mixin.py:137} INFO - [2023-04-24T13:34:51.106+0000] {dagbag.py:538} INFO - Filling up the DagBag from /home/airflow/.local/lib/python3.7/site-packages/airflow/example_dags/example_latest_only.py
[2023-04-24T13:34:51.119+0000] {processor.py:753} INFO - DAG(s) dict_keys(['latest_only']) retrieved from /home/airflow/.local/lib/python3.7/site-packages/airflow/example_dags/example_latest_only.py
[2023-04-24T13:34:51.151+0000] {logging_mixin.py:137} INFO - [2023-04-24T13:34:51.150+0000] {dag.py:2690} INFO - Sync 1 DAGs
[2023-04-24T13:34:51.169+0000] {logging_mixin.py:137} INFO - [2023-04-24T13:34:51.169+0000] {dag.py:3441} INFO - Setting next_dagrun for latest_only to 2023-04-24T09:34:51.169639+00:00, run_after=2023-04-24T13:34:51.169639+00:00
[2023-04-24T13:34:51.182+0000] {processor.py:175} INFO - Processing /home/airflow/.local/lib/python3.7/site-packages/airflow/example_dags/example_latest_only.py took 0.082 seconds
[2023-04-24T13:35:21.295+0000] {processor.py:153} INFO - Started process (PID=4812) to work on /home/airflow/.local/lib/python3.7/site-packages/airflow/example_dags/example_latest_only.py
[2023-04-24T13:35:21.297+0000] {processor.py:743} INFO - Processing file /home/airflow/.local/lib/python3.7/site-packages/airflow/example_dags/example_latest_only.py for tasks to queue
[2023-04-24T13:35:21.297+0000] {logging_mixin.py:137} INFO - [2023-04-24T13:35:21.297+0000] {dagbag.py:538} INFO - Filling up the DagBag from /home/airflow/.local/lib/python3.7/site-packages/airflow/example_dags/example_latest_only.py
[2023-04-24T13:35:21.309+0000] {processor.py:753} INFO - DAG(s) dict_keys(['latest_only']) retrieved from /home/airflow/.local/lib/python3.7/site-packages/airflow/example_dags/example_latest_only.py
[2023-04-24T13:35:21.328+0000] {logging_mixin.py:137} INFO - [2023-04-24T13:35:21.328+0000] {dag.py:2690} INFO - Sync 1 DAGs
[2023-04-24T13:35:21.344+0000] {logging_mixin.py:137} INFO - [2023-04-24T13:35:21.344+0000] {dag.py:3441} INFO - Setting next_dagrun for latest_only to 2023-04-24T09:35:21.343928+00:00, run_after=2023-04-24T13:35:21.343928+00:00
[2023-04-24T13:35:21.355+0000] {processor.py:175} INFO - Processing /home/airflow/.local/lib/python3.7/site-packages/airflow/example_dags/example_latest_only.py took 0.062 seconds
[2023-04-24T13:52:36.959+0000] {processor.py:153} INFO - Started process (PID=4888) to work on /home/airflow/.local/lib/python3.7/site-packages/airflow/example_dags/example_latest_only.py
[2023-04-24T13:52:36.964+0000] {processor.py:743} INFO - Processing file /home/airflow/.local/lib/python3.7/site-packages/airflow/example_dags/example_latest_only.py for tasks to queue
[2023-04-24T13:52:36.966+0000] {logging_mixin.py:137} INFO - [2023-04-24T13:52:36.966+0000] {dagbag.py:538} INFO - Filling up the DagBag from /home/airflow/.local/lib/python3.7/site-packages/airflow/example_dags/example_latest_only.py
[2023-04-24T13:52:36.977+0000] {processor.py:753} INFO - DAG(s) dict_keys(['latest_only']) retrieved from /home/airflow/.local/lib/python3.7/site-packages/airflow/example_dags/example_latest_only.py
[2023-04-24T13:52:37.001+0000] {logging_mixin.py:137} INFO - [2023-04-24T13:52:37.000+0000] {dag.py:2690} INFO - Sync 1 DAGs
[2023-04-24T13:52:37.025+0000] {logging_mixin.py:137} INFO - [2023-04-24T13:52:37.024+0000] {dag.py:3441} INFO - Setting next_dagrun for latest_only to 2023-04-24T09:52:37.024760+00:00, run_after=2023-04-24T13:52:37.024760+00:00
[2023-04-24T13:52:37.042+0000] {processor.py:175} INFO - Processing /home/airflow/.local/lib/python3.7/site-packages/airflow/example_dags/example_latest_only.py took 0.085 seconds
[2023-04-24T14:31:30.675+0000] {processor.py:153} INFO - Started process (PID=4963) to work on /home/airflow/.local/lib/python3.7/site-packages/airflow/example_dags/example_latest_only.py
[2023-04-24T14:31:30.677+0000] {processor.py:743} INFO - Processing file /home/airflow/.local/lib/python3.7/site-packages/airflow/example_dags/example_latest_only.py for tasks to queue
[2023-04-24T14:31:30.677+0000] {logging_mixin.py:137} INFO - [2023-04-24T14:31:30.677+0000] {dagbag.py:538} INFO - Filling up the DagBag from /home/airflow/.local/lib/python3.7/site-packages/airflow/example_dags/example_latest_only.py
[2023-04-24T14:31:30.688+0000] {processor.py:753} INFO - DAG(s) dict_keys(['latest_only']) retrieved from /home/airflow/.local/lib/python3.7/site-packages/airflow/example_dags/example_latest_only.py
[2023-04-24T14:31:30.709+0000] {logging_mixin.py:137} INFO - [2023-04-24T14:31:30.709+0000] {dag.py:2690} INFO - Sync 1 DAGs
[2023-04-24T14:31:30.725+0000] {logging_mixin.py:137} INFO - [2023-04-24T14:31:30.725+0000] {dag.py:3441} INFO - Setting next_dagrun for latest_only to 2023-04-24T10:31:30.725581+00:00, run_after=2023-04-24T14:31:30.725581+00:00
[2023-04-24T14:31:30.737+0000] {processor.py:175} INFO - Processing /home/airflow/.local/lib/python3.7/site-packages/airflow/example_dags/example_latest_only.py took 0.064 seconds
[2023-04-24T15:16:29.845+0000] {processor.py:153} INFO - Started process (PID=5027) to work on /home/airflow/.local/lib/python3.7/site-packages/airflow/example_dags/example_latest_only.py
[2023-04-24T15:16:29.846+0000] {processor.py:743} INFO - Processing file /home/airflow/.local/lib/python3.7/site-packages/airflow/example_dags/example_latest_only.py for tasks to queue
[2023-04-24T15:16:29.847+0000] {logging_mixin.py:137} INFO - [2023-04-24T15:16:29.847+0000] {dagbag.py:538} INFO - Filling up the DagBag from /home/airflow/.local/lib/python3.7/site-packages/airflow/example_dags/example_latest_only.py
[2023-04-24T15:16:29.858+0000] {processor.py:753} INFO - DAG(s) dict_keys(['latest_only']) retrieved from /home/airflow/.local/lib/python3.7/site-packages/airflow/example_dags/example_latest_only.py
[2023-04-24T15:16:29.878+0000] {logging_mixin.py:137} INFO - [2023-04-24T15:16:29.878+0000] {dag.py:2690} INFO - Sync 1 DAGs
[2023-04-24T15:16:29.894+0000] {logging_mixin.py:137} INFO - [2023-04-24T15:16:29.894+0000] {dag.py:3441} INFO - Setting next_dagrun for latest_only to 2023-04-24T11:16:29.893988+00:00, run_after=2023-04-24T15:16:29.893988+00:00
[2023-04-24T15:16:29.905+0000] {processor.py:175} INFO - Processing /home/airflow/.local/lib/python3.7/site-packages/airflow/example_dags/example_latest_only.py took 0.063 seconds
[2023-04-24T16:21:51.459+0000] {processor.py:153} INFO - Started process (PID=5104) to work on /home/airflow/.local/lib/python3.7/site-packages/airflow/example_dags/example_latest_only.py
[2023-04-24T16:21:51.460+0000] {processor.py:743} INFO - Processing file /home/airflow/.local/lib/python3.7/site-packages/airflow/example_dags/example_latest_only.py for tasks to queue
[2023-04-24T16:21:51.461+0000] {logging_mixin.py:137} INFO - [2023-04-24T16:21:51.461+0000] {dagbag.py:538} INFO - Filling up the DagBag from /home/airflow/.local/lib/python3.7/site-packages/airflow/example_dags/example_latest_only.py
[2023-04-24T16:21:51.472+0000] {processor.py:753} INFO - DAG(s) dict_keys(['latest_only']) retrieved from /home/airflow/.local/lib/python3.7/site-packages/airflow/example_dags/example_latest_only.py
[2023-04-24T16:21:51.492+0000] {logging_mixin.py:137} INFO - [2023-04-24T16:21:51.492+0000] {dag.py:2690} INFO - Sync 1 DAGs
[2023-04-24T16:21:51.508+0000] {logging_mixin.py:137} INFO - [2023-04-24T16:21:51.508+0000] {dag.py:3441} INFO - Setting next_dagrun for latest_only to 2023-04-24T12:21:51.508305+00:00, run_after=2023-04-24T16:21:51.508305+00:00
[2023-04-24T16:21:51.520+0000] {processor.py:175} INFO - Processing /home/airflow/.local/lib/python3.7/site-packages/airflow/example_dags/example_latest_only.py took 0.064 seconds
[2023-04-24T17:38:25.851+0000] {processor.py:153} INFO - Started process (PID=5179) to work on /home/airflow/.local/lib/python3.7/site-packages/airflow/example_dags/example_latest_only.py
[2023-04-24T17:38:25.852+0000] {processor.py:743} INFO - Processing file /home/airflow/.local/lib/python3.7/site-packages/airflow/example_dags/example_latest_only.py for tasks to queue
[2023-04-24T17:38:25.853+0000] {logging_mixin.py:137} INFO - [2023-04-24T17:38:25.853+0000] {dagbag.py:538} INFO - Filling up the DagBag from /home/airflow/.local/lib/python3.7/site-packages/airflow/example_dags/example_latest_only.py
[2023-04-24T17:38:25.865+0000] {processor.py:753} INFO - DAG(s) dict_keys(['latest_only']) retrieved from /home/airflow/.local/lib/python3.7/site-packages/airflow/example_dags/example_latest_only.py
[2023-04-24T17:38:25.887+0000] {logging_mixin.py:137} INFO - [2023-04-24T17:38:25.886+0000] {dag.py:2690} INFO - Sync 1 DAGs
[2023-04-24T17:38:25.908+0000] {logging_mixin.py:137} INFO - [2023-04-24T17:38:25.908+0000] {dag.py:3441} INFO - Setting next_dagrun for latest_only to 2023-04-24T13:38:25.908032+00:00, run_after=2023-04-24T17:38:25.908032+00:00
[2023-04-24T17:38:25.920+0000] {processor.py:175} INFO - Processing /home/airflow/.local/lib/python3.7/site-packages/airflow/example_dags/example_latest_only.py took 0.072 seconds
[2023-04-24T18:45:22.473+0000] {processor.py:153} INFO - Started process (PID=5243) to work on /home/airflow/.local/lib/python3.7/site-packages/airflow/example_dags/example_latest_only.py
[2023-04-24T18:45:22.474+0000] {processor.py:743} INFO - Processing file /home/airflow/.local/lib/python3.7/site-packages/airflow/example_dags/example_latest_only.py for tasks to queue
[2023-04-24T18:45:22.475+0000] {logging_mixin.py:137} INFO - [2023-04-24T18:45:22.474+0000] {dagbag.py:538} INFO - Filling up the DagBag from /home/airflow/.local/lib/python3.7/site-packages/airflow/example_dags/example_latest_only.py
[2023-04-24T18:45:22.485+0000] {processor.py:753} INFO - DAG(s) dict_keys(['latest_only']) retrieved from /home/airflow/.local/lib/python3.7/site-packages/airflow/example_dags/example_latest_only.py
[2023-04-24T18:45:22.506+0000] {logging_mixin.py:137} INFO - [2023-04-24T18:45:22.505+0000] {dag.py:2690} INFO - Sync 1 DAGs
[2023-04-24T18:45:22.522+0000] {logging_mixin.py:137} INFO - [2023-04-24T18:45:22.522+0000] {dag.py:3441} INFO - Setting next_dagrun for latest_only to 2023-04-24T14:45:22.522178+00:00, run_after=2023-04-24T18:45:22.522178+00:00
[2023-04-24T18:45:22.534+0000] {processor.py:175} INFO - Processing /home/airflow/.local/lib/python3.7/site-packages/airflow/example_dags/example_latest_only.py took 0.064 seconds
[2023-04-24T19:49:27.405+0000] {processor.py:153} INFO - Started process (PID=5319) to work on /home/airflow/.local/lib/python3.7/site-packages/airflow/example_dags/example_latest_only.py
[2023-04-24T19:49:27.406+0000] {processor.py:743} INFO - Processing file /home/airflow/.local/lib/python3.7/site-packages/airflow/example_dags/example_latest_only.py for tasks to queue
[2023-04-24T19:49:27.407+0000] {logging_mixin.py:137} INFO - [2023-04-24T19:49:27.407+0000] {dagbag.py:538} INFO - Filling up the DagBag from /home/airflow/.local/lib/python3.7/site-packages/airflow/example_dags/example_latest_only.py
[2023-04-24T19:49:27.418+0000] {processor.py:753} INFO - DAG(s) dict_keys(['latest_only']) retrieved from /home/airflow/.local/lib/python3.7/site-packages/airflow/example_dags/example_latest_only.py
[2023-04-24T19:49:27.440+0000] {logging_mixin.py:137} INFO - [2023-04-24T19:49:27.440+0000] {dag.py:2690} INFO - Sync 1 DAGs
[2023-04-24T19:49:27.456+0000] {logging_mixin.py:137} INFO - [2023-04-24T19:49:27.456+0000] {dag.py:3441} INFO - Setting next_dagrun for latest_only to 2023-04-24T15:49:27.455917+00:00, run_after=2023-04-24T19:49:27.455917+00:00
[2023-04-24T19:49:27.468+0000] {processor.py:175} INFO - Processing /home/airflow/.local/lib/python3.7/site-packages/airflow/example_dags/example_latest_only.py took 0.066 seconds
[2023-04-24T20:25:35.663+0000] {processor.py:153} INFO - Started process (PID=5395) to work on /home/airflow/.local/lib/python3.7/site-packages/airflow/example_dags/example_latest_only.py
[2023-04-24T20:25:35.664+0000] {processor.py:743} INFO - Processing file /home/airflow/.local/lib/python3.7/site-packages/airflow/example_dags/example_latest_only.py for tasks to queue
[2023-04-24T20:25:35.665+0000] {logging_mixin.py:137} INFO - [2023-04-24T20:25:35.665+0000] {dagbag.py:538} INFO - Filling up the DagBag from /home/airflow/.local/lib/python3.7/site-packages/airflow/example_dags/example_latest_only.py
[2023-04-24T20:25:35.676+0000] {processor.py:753} INFO - DAG(s) dict_keys(['latest_only']) retrieved from /home/airflow/.local/lib/python3.7/site-packages/airflow/example_dags/example_latest_only.py
[2023-04-24T20:25:35.696+0000] {logging_mixin.py:137} INFO - [2023-04-24T20:25:35.696+0000] {dag.py:2690} INFO - Sync 1 DAGs
[2023-04-24T20:25:35.713+0000] {logging_mixin.py:137} INFO - [2023-04-24T20:25:35.713+0000] {dag.py:3441} INFO - Setting next_dagrun for latest_only to 2023-04-24T16:25:35.713104+00:00, run_after=2023-04-24T20:25:35.713104+00:00
[2023-04-24T20:25:35.725+0000] {processor.py:175} INFO - Processing /home/airflow/.local/lib/python3.7/site-packages/airflow/example_dags/example_latest_only.py took 0.065 seconds
[2023-04-24T21:31:04.834+0000] {processor.py:153} INFO - Started process (PID=5459) to work on /home/airflow/.local/lib/python3.7/site-packages/airflow/example_dags/example_latest_only.py
[2023-04-24T21:31:04.835+0000] {processor.py:743} INFO - Processing file /home/airflow/.local/lib/python3.7/site-packages/airflow/example_dags/example_latest_only.py for tasks to queue
[2023-04-24T21:31:04.836+0000] {logging_mixin.py:137} INFO - [2023-04-24T21:31:04.836+0000] {dagbag.py:538} INFO - Filling up the DagBag from /home/airflow/.local/lib/python3.7/site-packages/airflow/example_dags/example_latest_only.py
[2023-04-24T21:31:04.846+0000] {processor.py:753} INFO - DAG(s) dict_keys(['latest_only']) retrieved from /home/airflow/.local/lib/python3.7/site-packages/airflow/example_dags/example_latest_only.py
[2023-04-24T21:31:04.866+0000] {logging_mixin.py:137} INFO - [2023-04-24T21:31:04.866+0000] {dag.py:2690} INFO - Sync 1 DAGs
[2023-04-24T21:31:04.883+0000] {logging_mixin.py:137} INFO - [2023-04-24T21:31:04.883+0000] {dag.py:3441} INFO - Setting next_dagrun for latest_only to 2023-04-24T17:31:04.883663+00:00, run_after=2023-04-24T21:31:04.883663+00:00
[2023-04-24T21:31:04.895+0000] {processor.py:175} INFO - Processing /home/airflow/.local/lib/python3.7/site-packages/airflow/example_dags/example_latest_only.py took 0.064 seconds
[2023-04-24T22:36:53.151+0000] {processor.py:153} INFO - Started process (PID=5536) to work on /home/airflow/.local/lib/python3.7/site-packages/airflow/example_dags/example_latest_only.py
[2023-04-24T22:36:53.152+0000] {processor.py:743} INFO - Processing file /home/airflow/.local/lib/python3.7/site-packages/airflow/example_dags/example_latest_only.py for tasks to queue
[2023-04-24T22:36:53.153+0000] {logging_mixin.py:137} INFO - [2023-04-24T22:36:53.153+0000] {dagbag.py:538} INFO - Filling up the DagBag from /home/airflow/.local/lib/python3.7/site-packages/airflow/example_dags/example_latest_only.py
[2023-04-24T22:36:53.165+0000] {processor.py:753} INFO - DAG(s) dict_keys(['latest_only']) retrieved from /home/airflow/.local/lib/python3.7/site-packages/airflow/example_dags/example_latest_only.py
[2023-04-24T22:36:53.189+0000] {logging_mixin.py:137} INFO - [2023-04-24T22:36:53.189+0000] {dag.py:2690} INFO - Sync 1 DAGs
[2023-04-24T22:36:53.208+0000] {logging_mixin.py:137} INFO - [2023-04-24T22:36:53.208+0000] {dag.py:3441} INFO - Setting next_dagrun for latest_only to 2023-04-24T18:36:53.208159+00:00, run_after=2023-04-24T22:36:53.208159+00:00
[2023-04-24T22:36:53.223+0000] {processor.py:175} INFO - Processing /home/airflow/.local/lib/python3.7/site-packages/airflow/example_dags/example_latest_only.py took 0.075 seconds
