[2023-04-24T12:39:13.421+0000] {processor.py:153} INFO - Started process (PID=287) to work on /home/airflow/.local/lib/python3.7/site-packages/airflow/example_dags/example_trigger_target_dag.py
[2023-04-24T12:39:13.572+0000] {processor.py:743} INFO - Processing file /home/airflow/.local/lib/python3.7/site-packages/airflow/example_dags/example_trigger_target_dag.py for tasks to queue
[2023-04-24T12:39:13.615+0000] {logging_mixin.py:137} INFO - [2023-04-24T12:39:13.614+0000] {dagbag.py:538} INFO - Filling up the DagBag from /home/airflow/.local/lib/python3.7/site-packages/airflow/example_dags/example_trigger_target_dag.py
[2023-04-24T12:39:15.677+0000] {processor.py:753} INFO - DAG(s) dict_keys(['example_trigger_target_dag']) retrieved from /home/airflow/.local/lib/python3.7/site-packages/airflow/example_dags/example_trigger_target_dag.py
[2023-04-24T12:39:19.079+0000] {logging_mixin.py:137} INFO - [2023-04-24T12:39:19.078+0000] {dag.py:2690} INFO - Sync 1 DAGs
[2023-04-24T12:39:19.837+0000] {logging_mixin.py:137} INFO - [2023-04-24T12:39:19.837+0000] {dag.py:2711} INFO - Creating ORM DAG for example_trigger_target_dag
[2023-04-24T12:39:20.075+0000] {logging_mixin.py:137} INFO - [2023-04-24T12:39:20.075+0000] {dag.py:3441} INFO - Setting next_dagrun for example_trigger_target_dag to None, run_after=None
[2023-04-24T12:39:20.879+0000] {processor.py:175} INFO - Processing /home/airflow/.local/lib/python3.7/site-packages/airflow/example_dags/example_trigger_target_dag.py took 7.611 seconds
[2023-04-24T12:40:27.178+0000] {processor.py:153} INFO - Started process (PID=358) to work on /home/airflow/.local/lib/python3.7/site-packages/airflow/example_dags/example_trigger_target_dag.py
[2023-04-24T12:40:27.201+0000] {processor.py:743} INFO - Processing file /home/airflow/.local/lib/python3.7/site-packages/airflow/example_dags/example_trigger_target_dag.py for tasks to queue
[2023-04-24T12:40:27.209+0000] {logging_mixin.py:137} INFO - [2023-04-24T12:40:27.209+0000] {dagbag.py:538} INFO - Filling up the DagBag from /home/airflow/.local/lib/python3.7/site-packages/airflow/example_dags/example_trigger_target_dag.py
[2023-04-24T12:40:27.714+0000] {processor.py:753} INFO - DAG(s) dict_keys(['example_trigger_target_dag']) retrieved from /home/airflow/.local/lib/python3.7/site-packages/airflow/example_dags/example_trigger_target_dag.py
[2023-04-24T12:40:27.914+0000] {logging_mixin.py:137} INFO - [2023-04-24T12:40:27.914+0000] {dag.py:2690} INFO - Sync 1 DAGs
[2023-04-24T12:40:28.118+0000] {logging_mixin.py:137} INFO - [2023-04-24T12:40:28.118+0000] {dag.py:3441} INFO - Setting next_dagrun for example_trigger_target_dag to None, run_after=None
[2023-04-24T12:40:28.356+0000] {processor.py:175} INFO - Processing /home/airflow/.local/lib/python3.7/site-packages/airflow/example_dags/example_trigger_target_dag.py took 1.221 seconds
[2023-04-24T12:41:39.440+0000] {processor.py:153} INFO - Started process (PID=432) to work on /home/airflow/.local/lib/python3.7/site-packages/airflow/example_dags/example_trigger_target_dag.py
[2023-04-24T12:41:39.457+0000] {processor.py:743} INFO - Processing file /home/airflow/.local/lib/python3.7/site-packages/airflow/example_dags/example_trigger_target_dag.py for tasks to queue
[2023-04-24T12:41:39.487+0000] {logging_mixin.py:137} INFO - [2023-04-24T12:41:39.487+0000] {dagbag.py:538} INFO - Filling up the DagBag from /home/airflow/.local/lib/python3.7/site-packages/airflow/example_dags/example_trigger_target_dag.py
[2023-04-24T12:41:39.732+0000] {processor.py:753} INFO - DAG(s) dict_keys(['example_trigger_target_dag']) retrieved from /home/airflow/.local/lib/python3.7/site-packages/airflow/example_dags/example_trigger_target_dag.py
[2023-04-24T12:41:39.968+0000] {logging_mixin.py:137} INFO - [2023-04-24T12:41:39.968+0000] {dag.py:2690} INFO - Sync 1 DAGs
[2023-04-24T12:41:40.077+0000] {logging_mixin.py:137} INFO - [2023-04-24T12:41:40.077+0000] {dag.py:3441} INFO - Setting next_dagrun for example_trigger_target_dag to None, run_after=None
[2023-04-24T12:41:40.127+0000] {processor.py:175} INFO - Processing /home/airflow/.local/lib/python3.7/site-packages/airflow/example_dags/example_trigger_target_dag.py took 0.737 seconds
[2023-04-24T12:43:25.252+0000] {processor.py:153} INFO - Started process (PID=511) to work on /home/airflow/.local/lib/python3.7/site-packages/airflow/example_dags/example_trigger_target_dag.py
[2023-04-24T12:43:25.264+0000] {processor.py:743} INFO - Processing file /home/airflow/.local/lib/python3.7/site-packages/airflow/example_dags/example_trigger_target_dag.py for tasks to queue
[2023-04-24T12:43:25.286+0000] {logging_mixin.py:137} INFO - [2023-04-24T12:43:25.278+0000] {dagbag.py:538} INFO - Filling up the DagBag from /home/airflow/.local/lib/python3.7/site-packages/airflow/example_dags/example_trigger_target_dag.py
[2023-04-24T12:43:26.294+0000] {processor.py:753} INFO - DAG(s) dict_keys(['example_trigger_target_dag']) retrieved from /home/airflow/.local/lib/python3.7/site-packages/airflow/example_dags/example_trigger_target_dag.py
[2023-04-24T12:43:29.386+0000] {logging_mixin.py:137} INFO - [2023-04-24T12:43:29.386+0000] {dag.py:2690} INFO - Sync 1 DAGs
[2023-04-24T12:43:29.585+0000] {logging_mixin.py:137} INFO - [2023-04-24T12:43:29.585+0000] {dag.py:3441} INFO - Setting next_dagrun for example_trigger_target_dag to None, run_after=None
[2023-04-24T12:43:29.712+0000] {processor.py:175} INFO - Processing /home/airflow/.local/lib/python3.7/site-packages/airflow/example_dags/example_trigger_target_dag.py took 6.120 seconds
[2023-04-24T12:47:59.061+0000] {processor.py:153} INFO - Started process (PID=650) to work on /home/airflow/.local/lib/python3.7/site-packages/airflow/example_dags/example_trigger_target_dag.py
[2023-04-24T12:47:59.069+0000] {processor.py:743} INFO - Processing file /home/airflow/.local/lib/python3.7/site-packages/airflow/example_dags/example_trigger_target_dag.py for tasks to queue
[2023-04-24T12:47:59.072+0000] {logging_mixin.py:137} INFO - [2023-04-24T12:47:59.072+0000] {dagbag.py:538} INFO - Filling up the DagBag from /home/airflow/.local/lib/python3.7/site-packages/airflow/example_dags/example_trigger_target_dag.py
[2023-04-24T12:47:59.296+0000] {processor.py:753} INFO - DAG(s) dict_keys(['example_trigger_target_dag']) retrieved from /home/airflow/.local/lib/python3.7/site-packages/airflow/example_dags/example_trigger_target_dag.py
[2023-04-24T12:47:59.419+0000] {logging_mixin.py:137} INFO - [2023-04-24T12:47:59.419+0000] {dag.py:2690} INFO - Sync 1 DAGs
[2023-04-24T12:47:59.504+0000] {logging_mixin.py:137} INFO - [2023-04-24T12:47:59.504+0000] {dag.py:3441} INFO - Setting next_dagrun for example_trigger_target_dag to None, run_after=None
[2023-04-24T12:47:59.631+0000] {processor.py:175} INFO - Processing /home/airflow/.local/lib/python3.7/site-packages/airflow/example_dags/example_trigger_target_dag.py took 0.596 seconds
[2023-04-24T12:55:42.112+0000] {processor.py:153} INFO - Started process (PID=876) to work on /home/airflow/.local/lib/python3.7/site-packages/airflow/example_dags/example_trigger_target_dag.py
[2023-04-24T12:55:42.249+0000] {processor.py:743} INFO - Processing file /home/airflow/.local/lib/python3.7/site-packages/airflow/example_dags/example_trigger_target_dag.py for tasks to queue
[2023-04-24T12:55:42.276+0000] {logging_mixin.py:137} INFO - [2023-04-24T12:55:42.275+0000] {dagbag.py:538} INFO - Filling up the DagBag from /home/airflow/.local/lib/python3.7/site-packages/airflow/example_dags/example_trigger_target_dag.py
[2023-04-24T12:55:55.837+0000] {processor.py:753} INFO - DAG(s) dict_keys(['example_trigger_target_dag']) retrieved from /home/airflow/.local/lib/python3.7/site-packages/airflow/example_dags/example_trigger_target_dag.py
[2023-04-24T12:56:08.434+0000] {logging_mixin.py:137} INFO - [2023-04-24T12:56:08.433+0000] {dag.py:2690} INFO - Sync 1 DAGs
[2023-04-24T12:56:09.520+0000] {logging_mixin.py:137} INFO - [2023-04-24T12:56:09.518+0000] {dag.py:3441} INFO - Setting next_dagrun for example_trigger_target_dag to None, run_after=None
[2023-04-24T12:56:09.740+0000] {processor.py:175} INFO - Processing /home/airflow/.local/lib/python3.7/site-packages/airflow/example_dags/example_trigger_target_dag.py took 27.836 seconds
[2023-04-24T12:58:11.217+0000] {processor.py:153} INFO - Started process (PID=994) to work on /home/airflow/.local/lib/python3.7/site-packages/airflow/example_dags/example_trigger_target_dag.py
[2023-04-24T12:58:11.232+0000] {processor.py:743} INFO - Processing file /home/airflow/.local/lib/python3.7/site-packages/airflow/example_dags/example_trigger_target_dag.py for tasks to queue
[2023-04-24T12:58:11.235+0000] {logging_mixin.py:137} INFO - [2023-04-24T12:58:11.235+0000] {dagbag.py:538} INFO - Filling up the DagBag from /home/airflow/.local/lib/python3.7/site-packages/airflow/example_dags/example_trigger_target_dag.py
[2023-04-24T12:58:11.422+0000] {processor.py:753} INFO - DAG(s) dict_keys(['example_trigger_target_dag']) retrieved from /home/airflow/.local/lib/python3.7/site-packages/airflow/example_dags/example_trigger_target_dag.py
[2023-04-24T12:58:11.623+0000] {logging_mixin.py:137} INFO - [2023-04-24T12:58:11.623+0000] {dag.py:2690} INFO - Sync 1 DAGs
[2023-04-24T12:58:11.922+0000] {logging_mixin.py:137} INFO - [2023-04-24T12:58:11.922+0000] {dag.py:3441} INFO - Setting next_dagrun for example_trigger_target_dag to None, run_after=None
[2023-04-24T12:58:12.373+0000] {processor.py:175} INFO - Processing /home/airflow/.local/lib/python3.7/site-packages/airflow/example_dags/example_trigger_target_dag.py took 1.159 seconds
[2023-04-24T13:02:01.935+0000] {processor.py:153} INFO - Started process (PID=1127) to work on /home/airflow/.local/lib/python3.7/site-packages/airflow/example_dags/example_trigger_target_dag.py
[2023-04-24T13:02:01.939+0000] {processor.py:743} INFO - Processing file /home/airflow/.local/lib/python3.7/site-packages/airflow/example_dags/example_trigger_target_dag.py for tasks to queue
[2023-04-24T13:02:01.943+0000] {logging_mixin.py:137} INFO - [2023-04-24T13:02:01.943+0000] {dagbag.py:538} INFO - Filling up the DagBag from /home/airflow/.local/lib/python3.7/site-packages/airflow/example_dags/example_trigger_target_dag.py
[2023-04-24T13:02:02.321+0000] {processor.py:753} INFO - DAG(s) dict_keys(['example_trigger_target_dag']) retrieved from /home/airflow/.local/lib/python3.7/site-packages/airflow/example_dags/example_trigger_target_dag.py
[2023-04-24T13:02:02.663+0000] {logging_mixin.py:137} INFO - [2023-04-24T13:02:02.662+0000] {dag.py:2690} INFO - Sync 1 DAGs
[2023-04-24T13:02:03.365+0000] {logging_mixin.py:137} INFO - [2023-04-24T13:02:03.364+0000] {dag.py:3441} INFO - Setting next_dagrun for example_trigger_target_dag to None, run_after=None
[2023-04-24T13:02:03.834+0000] {processor.py:175} INFO - Processing /home/airflow/.local/lib/python3.7/site-packages/airflow/example_dags/example_trigger_target_dag.py took 1.908 seconds
[2023-04-24T13:04:35.685+0000] {processor.py:153} INFO - Started process (PID=1248) to work on /home/airflow/.local/lib/python3.7/site-packages/airflow/example_dags/example_trigger_target_dag.py
[2023-04-24T13:04:35.698+0000] {processor.py:743} INFO - Processing file /home/airflow/.local/lib/python3.7/site-packages/airflow/example_dags/example_trigger_target_dag.py for tasks to queue
[2023-04-24T13:04:35.718+0000] {logging_mixin.py:137} INFO - [2023-04-24T13:04:35.717+0000] {dagbag.py:538} INFO - Filling up the DagBag from /home/airflow/.local/lib/python3.7/site-packages/airflow/example_dags/example_trigger_target_dag.py
[2023-04-24T13:04:35.991+0000] {processor.py:753} INFO - DAG(s) dict_keys(['example_trigger_target_dag']) retrieved from /home/airflow/.local/lib/python3.7/site-packages/airflow/example_dags/example_trigger_target_dag.py
[2023-04-24T13:04:36.153+0000] {logging_mixin.py:137} INFO - [2023-04-24T13:04:36.153+0000] {dag.py:2690} INFO - Sync 1 DAGs
[2023-04-24T13:04:36.250+0000] {logging_mixin.py:137} INFO - [2023-04-24T13:04:36.250+0000] {dag.py:3441} INFO - Setting next_dagrun for example_trigger_target_dag to None, run_after=None
[2023-04-24T13:04:36.316+0000] {processor.py:175} INFO - Processing /home/airflow/.local/lib/python3.7/site-packages/airflow/example_dags/example_trigger_target_dag.py took 0.674 seconds
[2023-04-24T13:11:52.339+0000] {processor.py:153} INFO - Started process (PID=1491) to work on /home/airflow/.local/lib/python3.7/site-packages/airflow/example_dags/example_trigger_target_dag.py
[2023-04-24T13:11:52.347+0000] {processor.py:743} INFO - Processing file /home/airflow/.local/lib/python3.7/site-packages/airflow/example_dags/example_trigger_target_dag.py for tasks to queue
[2023-04-24T13:11:52.350+0000] {logging_mixin.py:137} INFO - [2023-04-24T13:11:52.349+0000] {dagbag.py:538} INFO - Filling up the DagBag from /home/airflow/.local/lib/python3.7/site-packages/airflow/example_dags/example_trigger_target_dag.py
[2023-04-24T13:11:52.404+0000] {processor.py:753} INFO - DAG(s) dict_keys(['example_trigger_target_dag']) retrieved from /home/airflow/.local/lib/python3.7/site-packages/airflow/example_dags/example_trigger_target_dag.py
[2023-04-24T13:11:52.446+0000] {logging_mixin.py:137} INFO - [2023-04-24T13:11:52.446+0000] {dag.py:2690} INFO - Sync 1 DAGs
[2023-04-24T13:11:52.474+0000] {logging_mixin.py:137} INFO - [2023-04-24T13:11:52.474+0000] {dag.py:3441} INFO - Setting next_dagrun for example_trigger_target_dag to None, run_after=None
[2023-04-24T13:11:52.513+0000] {processor.py:175} INFO - Processing /home/airflow/.local/lib/python3.7/site-packages/airflow/example_dags/example_trigger_target_dag.py took 0.181 seconds
[2023-04-24T13:12:23.207+0000] {processor.py:153} INFO - Started process (PID=1555) to work on /home/airflow/.local/lib/python3.7/site-packages/airflow/example_dags/example_trigger_target_dag.py
[2023-04-24T13:12:23.208+0000] {processor.py:743} INFO - Processing file /home/airflow/.local/lib/python3.7/site-packages/airflow/example_dags/example_trigger_target_dag.py for tasks to queue
[2023-04-24T13:12:23.209+0000] {logging_mixin.py:137} INFO - [2023-04-24T13:12:23.209+0000] {dagbag.py:538} INFO - Filling up the DagBag from /home/airflow/.local/lib/python3.7/site-packages/airflow/example_dags/example_trigger_target_dag.py
[2023-04-24T13:12:23.227+0000] {processor.py:753} INFO - DAG(s) dict_keys(['example_trigger_target_dag']) retrieved from /home/airflow/.local/lib/python3.7/site-packages/airflow/example_dags/example_trigger_target_dag.py
[2023-04-24T13:12:23.244+0000] {logging_mixin.py:137} INFO - [2023-04-24T13:12:23.243+0000] {dag.py:2690} INFO - Sync 1 DAGs
[2023-04-24T13:12:23.267+0000] {logging_mixin.py:137} INFO - [2023-04-24T13:12:23.267+0000] {dag.py:3441} INFO - Setting next_dagrun for example_trigger_target_dag to None, run_after=None
[2023-04-24T13:12:23.282+0000] {processor.py:175} INFO - Processing /home/airflow/.local/lib/python3.7/site-packages/airflow/example_dags/example_trigger_target_dag.py took 0.079 seconds
[2023-04-24T13:12:53.568+0000] {processor.py:153} INFO - Started process (PID=1631) to work on /home/airflow/.local/lib/python3.7/site-packages/airflow/example_dags/example_trigger_target_dag.py
[2023-04-24T13:12:53.569+0000] {processor.py:743} INFO - Processing file /home/airflow/.local/lib/python3.7/site-packages/airflow/example_dags/example_trigger_target_dag.py for tasks to queue
[2023-04-24T13:12:53.570+0000] {logging_mixin.py:137} INFO - [2023-04-24T13:12:53.570+0000] {dagbag.py:538} INFO - Filling up the DagBag from /home/airflow/.local/lib/python3.7/site-packages/airflow/example_dags/example_trigger_target_dag.py
[2023-04-24T13:12:53.586+0000] {processor.py:753} INFO - DAG(s) dict_keys(['example_trigger_target_dag']) retrieved from /home/airflow/.local/lib/python3.7/site-packages/airflow/example_dags/example_trigger_target_dag.py
[2023-04-24T13:12:53.606+0000] {logging_mixin.py:137} INFO - [2023-04-24T13:12:53.606+0000] {dag.py:2690} INFO - Sync 1 DAGs
[2023-04-24T13:12:53.621+0000] {logging_mixin.py:137} INFO - [2023-04-24T13:12:53.621+0000] {dag.py:3441} INFO - Setting next_dagrun for example_trigger_target_dag to None, run_after=None
[2023-04-24T13:12:53.633+0000] {processor.py:175} INFO - Processing /home/airflow/.local/lib/python3.7/site-packages/airflow/example_dags/example_trigger_target_dag.py took 0.068 seconds
[2023-04-24T13:13:23.825+0000] {processor.py:153} INFO - Started process (PID=1695) to work on /home/airflow/.local/lib/python3.7/site-packages/airflow/example_dags/example_trigger_target_dag.py
[2023-04-24T13:13:23.827+0000] {processor.py:743} INFO - Processing file /home/airflow/.local/lib/python3.7/site-packages/airflow/example_dags/example_trigger_target_dag.py for tasks to queue
[2023-04-24T13:13:23.828+0000] {logging_mixin.py:137} INFO - [2023-04-24T13:13:23.828+0000] {dagbag.py:538} INFO - Filling up the DagBag from /home/airflow/.local/lib/python3.7/site-packages/airflow/example_dags/example_trigger_target_dag.py
[2023-04-24T13:13:23.843+0000] {processor.py:753} INFO - DAG(s) dict_keys(['example_trigger_target_dag']) retrieved from /home/airflow/.local/lib/python3.7/site-packages/airflow/example_dags/example_trigger_target_dag.py
[2023-04-24T13:13:23.861+0000] {logging_mixin.py:137} INFO - [2023-04-24T13:13:23.861+0000] {dag.py:2690} INFO - Sync 1 DAGs
[2023-04-24T13:13:23.878+0000] {logging_mixin.py:137} INFO - [2023-04-24T13:13:23.878+0000] {dag.py:3441} INFO - Setting next_dagrun for example_trigger_target_dag to None, run_after=None
[2023-04-24T13:13:23.893+0000] {processor.py:175} INFO - Processing /home/airflow/.local/lib/python3.7/site-packages/airflow/example_dags/example_trigger_target_dag.py took 0.071 seconds
[2023-04-24T13:13:54.049+0000] {processor.py:153} INFO - Started process (PID=1770) to work on /home/airflow/.local/lib/python3.7/site-packages/airflow/example_dags/example_trigger_target_dag.py
[2023-04-24T13:13:54.050+0000] {processor.py:743} INFO - Processing file /home/airflow/.local/lib/python3.7/site-packages/airflow/example_dags/example_trigger_target_dag.py for tasks to queue
[2023-04-24T13:13:54.050+0000] {logging_mixin.py:137} INFO - [2023-04-24T13:13:54.050+0000] {dagbag.py:538} INFO - Filling up the DagBag from /home/airflow/.local/lib/python3.7/site-packages/airflow/example_dags/example_trigger_target_dag.py
[2023-04-24T13:13:54.065+0000] {processor.py:753} INFO - DAG(s) dict_keys(['example_trigger_target_dag']) retrieved from /home/airflow/.local/lib/python3.7/site-packages/airflow/example_dags/example_trigger_target_dag.py
[2023-04-24T13:13:54.085+0000] {logging_mixin.py:137} INFO - [2023-04-24T13:13:54.085+0000] {dag.py:2690} INFO - Sync 1 DAGs
[2023-04-24T13:13:54.102+0000] {logging_mixin.py:137} INFO - [2023-04-24T13:13:54.101+0000] {dag.py:3441} INFO - Setting next_dagrun for example_trigger_target_dag to None, run_after=None
[2023-04-24T13:13:54.112+0000] {processor.py:175} INFO - Processing /home/airflow/.local/lib/python3.7/site-packages/airflow/example_dags/example_trigger_target_dag.py took 0.067 seconds
[2023-04-24T13:14:24.361+0000] {processor.py:153} INFO - Started process (PID=1846) to work on /home/airflow/.local/lib/python3.7/site-packages/airflow/example_dags/example_trigger_target_dag.py
[2023-04-24T13:14:24.362+0000] {processor.py:743} INFO - Processing file /home/airflow/.local/lib/python3.7/site-packages/airflow/example_dags/example_trigger_target_dag.py for tasks to queue
[2023-04-24T13:14:24.363+0000] {logging_mixin.py:137} INFO - [2023-04-24T13:14:24.362+0000] {dagbag.py:538} INFO - Filling up the DagBag from /home/airflow/.local/lib/python3.7/site-packages/airflow/example_dags/example_trigger_target_dag.py
[2023-04-24T13:14:24.376+0000] {processor.py:753} INFO - DAG(s) dict_keys(['example_trigger_target_dag']) retrieved from /home/airflow/.local/lib/python3.7/site-packages/airflow/example_dags/example_trigger_target_dag.py
[2023-04-24T13:14:24.397+0000] {logging_mixin.py:137} INFO - [2023-04-24T13:14:24.397+0000] {dag.py:2690} INFO - Sync 1 DAGs
[2023-04-24T13:14:24.412+0000] {logging_mixin.py:137} INFO - [2023-04-24T13:14:24.412+0000] {dag.py:3441} INFO - Setting next_dagrun for example_trigger_target_dag to None, run_after=None
[2023-04-24T13:14:24.424+0000] {processor.py:175} INFO - Processing /home/airflow/.local/lib/python3.7/site-packages/airflow/example_dags/example_trigger_target_dag.py took 0.066 seconds
[2023-04-24T13:14:54.527+0000] {processor.py:153} INFO - Started process (PID=1910) to work on /home/airflow/.local/lib/python3.7/site-packages/airflow/example_dags/example_trigger_target_dag.py
[2023-04-24T13:14:54.528+0000] {processor.py:743} INFO - Processing file /home/airflow/.local/lib/python3.7/site-packages/airflow/example_dags/example_trigger_target_dag.py for tasks to queue
[2023-04-24T13:14:54.529+0000] {logging_mixin.py:137} INFO - [2023-04-24T13:14:54.529+0000] {dagbag.py:538} INFO - Filling up the DagBag from /home/airflow/.local/lib/python3.7/site-packages/airflow/example_dags/example_trigger_target_dag.py
[2023-04-24T13:14:54.544+0000] {processor.py:753} INFO - DAG(s) dict_keys(['example_trigger_target_dag']) retrieved from /home/airflow/.local/lib/python3.7/site-packages/airflow/example_dags/example_trigger_target_dag.py
[2023-04-24T13:14:54.565+0000] {logging_mixin.py:137} INFO - [2023-04-24T13:14:54.565+0000] {dag.py:2690} INFO - Sync 1 DAGs
[2023-04-24T13:14:54.582+0000] {logging_mixin.py:137} INFO - [2023-04-24T13:14:54.581+0000] {dag.py:3441} INFO - Setting next_dagrun for example_trigger_target_dag to None, run_after=None
[2023-04-24T13:14:54.594+0000] {processor.py:175} INFO - Processing /home/airflow/.local/lib/python3.7/site-packages/airflow/example_dags/example_trigger_target_dag.py took 0.070 seconds
[2023-04-24T13:15:24.884+0000] {processor.py:153} INFO - Started process (PID=1986) to work on /home/airflow/.local/lib/python3.7/site-packages/airflow/example_dags/example_trigger_target_dag.py
[2023-04-24T13:15:24.885+0000] {processor.py:743} INFO - Processing file /home/airflow/.local/lib/python3.7/site-packages/airflow/example_dags/example_trigger_target_dag.py for tasks to queue
[2023-04-24T13:15:24.886+0000] {logging_mixin.py:137} INFO - [2023-04-24T13:15:24.886+0000] {dagbag.py:538} INFO - Filling up the DagBag from /home/airflow/.local/lib/python3.7/site-packages/airflow/example_dags/example_trigger_target_dag.py
[2023-04-24T13:15:24.901+0000] {processor.py:753} INFO - DAG(s) dict_keys(['example_trigger_target_dag']) retrieved from /home/airflow/.local/lib/python3.7/site-packages/airflow/example_dags/example_trigger_target_dag.py
[2023-04-24T13:15:24.922+0000] {logging_mixin.py:137} INFO - [2023-04-24T13:15:24.922+0000] {dag.py:2690} INFO - Sync 1 DAGs
[2023-04-24T13:15:24.939+0000] {logging_mixin.py:137} INFO - [2023-04-24T13:15:24.939+0000] {dag.py:3441} INFO - Setting next_dagrun for example_trigger_target_dag to None, run_after=None
[2023-04-24T13:15:24.952+0000] {processor.py:175} INFO - Processing /home/airflow/.local/lib/python3.7/site-packages/airflow/example_dags/example_trigger_target_dag.py took 0.071 seconds
[2023-04-24T13:15:55.192+0000] {processor.py:153} INFO - Started process (PID=2064) to work on /home/airflow/.local/lib/python3.7/site-packages/airflow/example_dags/example_trigger_target_dag.py
[2023-04-24T13:15:55.193+0000] {processor.py:743} INFO - Processing file /home/airflow/.local/lib/python3.7/site-packages/airflow/example_dags/example_trigger_target_dag.py for tasks to queue
[2023-04-24T13:15:55.194+0000] {logging_mixin.py:137} INFO - [2023-04-24T13:15:55.194+0000] {dagbag.py:538} INFO - Filling up the DagBag from /home/airflow/.local/lib/python3.7/site-packages/airflow/example_dags/example_trigger_target_dag.py
[2023-04-24T13:15:55.207+0000] {processor.py:753} INFO - DAG(s) dict_keys(['example_trigger_target_dag']) retrieved from /home/airflow/.local/lib/python3.7/site-packages/airflow/example_dags/example_trigger_target_dag.py
[2023-04-24T13:15:55.227+0000] {logging_mixin.py:137} INFO - [2023-04-24T13:15:55.227+0000] {dag.py:2690} INFO - Sync 1 DAGs
[2023-04-24T13:15:55.242+0000] {logging_mixin.py:137} INFO - [2023-04-24T13:15:55.242+0000] {dag.py:3441} INFO - Setting next_dagrun for example_trigger_target_dag to None, run_after=None
[2023-04-24T13:15:55.252+0000] {processor.py:175} INFO - Processing /home/airflow/.local/lib/python3.7/site-packages/airflow/example_dags/example_trigger_target_dag.py took 0.063 seconds
[2023-04-24T13:16:25.926+0000] {processor.py:153} INFO - Started process (PID=2141) to work on /home/airflow/.local/lib/python3.7/site-packages/airflow/example_dags/example_trigger_target_dag.py
[2023-04-24T13:16:25.927+0000] {processor.py:743} INFO - Processing file /home/airflow/.local/lib/python3.7/site-packages/airflow/example_dags/example_trigger_target_dag.py for tasks to queue
[2023-04-24T13:16:25.928+0000] {logging_mixin.py:137} INFO - [2023-04-24T13:16:25.928+0000] {dagbag.py:538} INFO - Filling up the DagBag from /home/airflow/.local/lib/python3.7/site-packages/airflow/example_dags/example_trigger_target_dag.py
[2023-04-24T13:16:25.945+0000] {processor.py:753} INFO - DAG(s) dict_keys(['example_trigger_target_dag']) retrieved from /home/airflow/.local/lib/python3.7/site-packages/airflow/example_dags/example_trigger_target_dag.py
[2023-04-24T13:16:25.957+0000] {logging_mixin.py:137} INFO - [2023-04-24T13:16:25.957+0000] {dag.py:2690} INFO - Sync 1 DAGs
[2023-04-24T13:16:25.975+0000] {logging_mixin.py:137} INFO - [2023-04-24T13:16:25.975+0000] {dag.py:3441} INFO - Setting next_dagrun for example_trigger_target_dag to None, run_after=None
[2023-04-24T13:16:25.991+0000] {processor.py:175} INFO - Processing /home/airflow/.local/lib/python3.7/site-packages/airflow/example_dags/example_trigger_target_dag.py took 0.068 seconds
[2023-04-24T13:16:56.367+0000] {processor.py:153} INFO - Started process (PID=2205) to work on /home/airflow/.local/lib/python3.7/site-packages/airflow/example_dags/example_trigger_target_dag.py
[2023-04-24T13:16:56.368+0000] {processor.py:743} INFO - Processing file /home/airflow/.local/lib/python3.7/site-packages/airflow/example_dags/example_trigger_target_dag.py for tasks to queue
[2023-04-24T13:16:56.369+0000] {logging_mixin.py:137} INFO - [2023-04-24T13:16:56.369+0000] {dagbag.py:538} INFO - Filling up the DagBag from /home/airflow/.local/lib/python3.7/site-packages/airflow/example_dags/example_trigger_target_dag.py
[2023-04-24T13:16:56.384+0000] {processor.py:753} INFO - DAG(s) dict_keys(['example_trigger_target_dag']) retrieved from /home/airflow/.local/lib/python3.7/site-packages/airflow/example_dags/example_trigger_target_dag.py
[2023-04-24T13:16:56.404+0000] {logging_mixin.py:137} INFO - [2023-04-24T13:16:56.404+0000] {dag.py:2690} INFO - Sync 1 DAGs
[2023-04-24T13:16:56.419+0000] {logging_mixin.py:137} INFO - [2023-04-24T13:16:56.419+0000] {dag.py:3441} INFO - Setting next_dagrun for example_trigger_target_dag to None, run_after=None
[2023-04-24T13:16:56.430+0000] {processor.py:175} INFO - Processing /home/airflow/.local/lib/python3.7/site-packages/airflow/example_dags/example_trigger_target_dag.py took 0.066 seconds
[2023-04-24T13:17:26.781+0000] {processor.py:153} INFO - Started process (PID=2281) to work on /home/airflow/.local/lib/python3.7/site-packages/airflow/example_dags/example_trigger_target_dag.py
[2023-04-24T13:17:26.782+0000] {processor.py:743} INFO - Processing file /home/airflow/.local/lib/python3.7/site-packages/airflow/example_dags/example_trigger_target_dag.py for tasks to queue
[2023-04-24T13:17:26.783+0000] {logging_mixin.py:137} INFO - [2023-04-24T13:17:26.783+0000] {dagbag.py:538} INFO - Filling up the DagBag from /home/airflow/.local/lib/python3.7/site-packages/airflow/example_dags/example_trigger_target_dag.py
[2023-04-24T13:17:26.796+0000] {processor.py:753} INFO - DAG(s) dict_keys(['example_trigger_target_dag']) retrieved from /home/airflow/.local/lib/python3.7/site-packages/airflow/example_dags/example_trigger_target_dag.py
[2023-04-24T13:17:26.816+0000] {logging_mixin.py:137} INFO - [2023-04-24T13:17:26.816+0000] {dag.py:2690} INFO - Sync 1 DAGs
[2023-04-24T13:17:26.831+0000] {logging_mixin.py:137} INFO - [2023-04-24T13:17:26.830+0000] {dag.py:3441} INFO - Setting next_dagrun for example_trigger_target_dag to None, run_after=None
[2023-04-24T13:17:26.841+0000] {processor.py:175} INFO - Processing /home/airflow/.local/lib/python3.7/site-packages/airflow/example_dags/example_trigger_target_dag.py took 0.063 seconds
[2023-04-24T13:17:57.190+0000] {processor.py:153} INFO - Started process (PID=2357) to work on /home/airflow/.local/lib/python3.7/site-packages/airflow/example_dags/example_trigger_target_dag.py
[2023-04-24T13:17:57.192+0000] {processor.py:743} INFO - Processing file /home/airflow/.local/lib/python3.7/site-packages/airflow/example_dags/example_trigger_target_dag.py for tasks to queue
[2023-04-24T13:17:57.193+0000] {logging_mixin.py:137} INFO - [2023-04-24T13:17:57.193+0000] {dagbag.py:538} INFO - Filling up the DagBag from /home/airflow/.local/lib/python3.7/site-packages/airflow/example_dags/example_trigger_target_dag.py
[2023-04-24T13:17:57.207+0000] {processor.py:753} INFO - DAG(s) dict_keys(['example_trigger_target_dag']) retrieved from /home/airflow/.local/lib/python3.7/site-packages/airflow/example_dags/example_trigger_target_dag.py
[2023-04-24T13:17:57.227+0000] {logging_mixin.py:137} INFO - [2023-04-24T13:17:57.227+0000] {dag.py:2690} INFO - Sync 1 DAGs
[2023-04-24T13:17:57.242+0000] {logging_mixin.py:137} INFO - [2023-04-24T13:17:57.242+0000] {dag.py:3441} INFO - Setting next_dagrun for example_trigger_target_dag to None, run_after=None
[2023-04-24T13:17:57.253+0000] {processor.py:175} INFO - Processing /home/airflow/.local/lib/python3.7/site-packages/airflow/example_dags/example_trigger_target_dag.py took 0.065 seconds
[2023-04-24T13:18:27.486+0000] {processor.py:153} INFO - Started process (PID=2421) to work on /home/airflow/.local/lib/python3.7/site-packages/airflow/example_dags/example_trigger_target_dag.py
[2023-04-24T13:18:27.491+0000] {processor.py:743} INFO - Processing file /home/airflow/.local/lib/python3.7/site-packages/airflow/example_dags/example_trigger_target_dag.py for tasks to queue
[2023-04-24T13:18:27.492+0000] {logging_mixin.py:137} INFO - [2023-04-24T13:18:27.492+0000] {dagbag.py:538} INFO - Filling up the DagBag from /home/airflow/.local/lib/python3.7/site-packages/airflow/example_dags/example_trigger_target_dag.py
[2023-04-24T13:18:27.506+0000] {processor.py:753} INFO - DAG(s) dict_keys(['example_trigger_target_dag']) retrieved from /home/airflow/.local/lib/python3.7/site-packages/airflow/example_dags/example_trigger_target_dag.py
[2023-04-24T13:18:27.526+0000] {logging_mixin.py:137} INFO - [2023-04-24T13:18:27.526+0000] {dag.py:2690} INFO - Sync 1 DAGs
[2023-04-24T13:18:27.541+0000] {logging_mixin.py:137} INFO - [2023-04-24T13:18:27.541+0000] {dag.py:3441} INFO - Setting next_dagrun for example_trigger_target_dag to None, run_after=None
[2023-04-24T13:18:27.554+0000] {processor.py:175} INFO - Processing /home/airflow/.local/lib/python3.7/site-packages/airflow/example_dags/example_trigger_target_dag.py took 0.071 seconds
[2023-04-24T13:18:57.596+0000] {processor.py:153} INFO - Started process (PID=2497) to work on /home/airflow/.local/lib/python3.7/site-packages/airflow/example_dags/example_trigger_target_dag.py
[2023-04-24T13:18:57.597+0000] {processor.py:743} INFO - Processing file /home/airflow/.local/lib/python3.7/site-packages/airflow/example_dags/example_trigger_target_dag.py for tasks to queue
[2023-04-24T13:18:57.598+0000] {logging_mixin.py:137} INFO - [2023-04-24T13:18:57.598+0000] {dagbag.py:538} INFO - Filling up the DagBag from /home/airflow/.local/lib/python3.7/site-packages/airflow/example_dags/example_trigger_target_dag.py
[2023-04-24T13:18:57.613+0000] {processor.py:753} INFO - DAG(s) dict_keys(['example_trigger_target_dag']) retrieved from /home/airflow/.local/lib/python3.7/site-packages/airflow/example_dags/example_trigger_target_dag.py
[2023-04-24T13:18:57.633+0000] {logging_mixin.py:137} INFO - [2023-04-24T13:18:57.633+0000] {dag.py:2690} INFO - Sync 1 DAGs
[2023-04-24T13:18:57.649+0000] {logging_mixin.py:137} INFO - [2023-04-24T13:18:57.649+0000] {dag.py:3441} INFO - Setting next_dagrun for example_trigger_target_dag to None, run_after=None
[2023-04-24T13:18:57.661+0000] {processor.py:175} INFO - Processing /home/airflow/.local/lib/python3.7/site-packages/airflow/example_dags/example_trigger_target_dag.py took 0.068 seconds
[2023-04-24T13:19:27.922+0000] {processor.py:153} INFO - Started process (PID=2573) to work on /home/airflow/.local/lib/python3.7/site-packages/airflow/example_dags/example_trigger_target_dag.py
[2023-04-24T13:19:27.924+0000] {processor.py:743} INFO - Processing file /home/airflow/.local/lib/python3.7/site-packages/airflow/example_dags/example_trigger_target_dag.py for tasks to queue
[2023-04-24T13:19:27.925+0000] {logging_mixin.py:137} INFO - [2023-04-24T13:19:27.925+0000] {dagbag.py:538} INFO - Filling up the DagBag from /home/airflow/.local/lib/python3.7/site-packages/airflow/example_dags/example_trigger_target_dag.py
[2023-04-24T13:19:27.940+0000] {processor.py:753} INFO - DAG(s) dict_keys(['example_trigger_target_dag']) retrieved from /home/airflow/.local/lib/python3.7/site-packages/airflow/example_dags/example_trigger_target_dag.py
[2023-04-24T13:19:27.960+0000] {logging_mixin.py:137} INFO - [2023-04-24T13:19:27.960+0000] {dag.py:2690} INFO - Sync 1 DAGs
[2023-04-24T13:19:27.975+0000] {logging_mixin.py:137} INFO - [2023-04-24T13:19:27.975+0000] {dag.py:3441} INFO - Setting next_dagrun for example_trigger_target_dag to None, run_after=None
[2023-04-24T13:19:27.987+0000] {processor.py:175} INFO - Processing /home/airflow/.local/lib/python3.7/site-packages/airflow/example_dags/example_trigger_target_dag.py took 0.067 seconds
[2023-04-24T13:19:58.386+0000] {processor.py:153} INFO - Started process (PID=2639) to work on /home/airflow/.local/lib/python3.7/site-packages/airflow/example_dags/example_trigger_target_dag.py
[2023-04-24T13:19:58.387+0000] {processor.py:743} INFO - Processing file /home/airflow/.local/lib/python3.7/site-packages/airflow/example_dags/example_trigger_target_dag.py for tasks to queue
[2023-04-24T13:19:58.388+0000] {logging_mixin.py:137} INFO - [2023-04-24T13:19:58.388+0000] {dagbag.py:538} INFO - Filling up the DagBag from /home/airflow/.local/lib/python3.7/site-packages/airflow/example_dags/example_trigger_target_dag.py
[2023-04-24T13:19:58.402+0000] {processor.py:753} INFO - DAG(s) dict_keys(['example_trigger_target_dag']) retrieved from /home/airflow/.local/lib/python3.7/site-packages/airflow/example_dags/example_trigger_target_dag.py
[2023-04-24T13:19:58.422+0000] {logging_mixin.py:137} INFO - [2023-04-24T13:19:58.421+0000] {dag.py:2690} INFO - Sync 1 DAGs
[2023-04-24T13:19:58.436+0000] {logging_mixin.py:137} INFO - [2023-04-24T13:19:58.436+0000] {dag.py:3441} INFO - Setting next_dagrun for example_trigger_target_dag to None, run_after=None
[2023-04-24T13:19:58.447+0000] {processor.py:175} INFO - Processing /home/airflow/.local/lib/python3.7/site-packages/airflow/example_dags/example_trigger_target_dag.py took 0.065 seconds
[2023-04-24T13:20:28.817+0000] {processor.py:153} INFO - Started process (PID=2719) to work on /home/airflow/.local/lib/python3.7/site-packages/airflow/example_dags/example_trigger_target_dag.py
[2023-04-24T13:20:28.818+0000] {processor.py:743} INFO - Processing file /home/airflow/.local/lib/python3.7/site-packages/airflow/example_dags/example_trigger_target_dag.py for tasks to queue
[2023-04-24T13:20:28.819+0000] {logging_mixin.py:137} INFO - [2023-04-24T13:20:28.818+0000] {dagbag.py:538} INFO - Filling up the DagBag from /home/airflow/.local/lib/python3.7/site-packages/airflow/example_dags/example_trigger_target_dag.py
[2023-04-24T13:20:28.836+0000] {processor.py:753} INFO - DAG(s) dict_keys(['example_trigger_target_dag']) retrieved from /home/airflow/.local/lib/python3.7/site-packages/airflow/example_dags/example_trigger_target_dag.py
[2023-04-24T13:20:28.861+0000] {logging_mixin.py:137} INFO - [2023-04-24T13:20:28.861+0000] {dag.py:2690} INFO - Sync 1 DAGs
[2023-04-24T13:20:28.883+0000] {logging_mixin.py:137} INFO - [2023-04-24T13:20:28.883+0000] {dag.py:3441} INFO - Setting next_dagrun for example_trigger_target_dag to None, run_after=None
[2023-04-24T13:20:28.897+0000] {processor.py:175} INFO - Processing /home/airflow/.local/lib/python3.7/site-packages/airflow/example_dags/example_trigger_target_dag.py took 0.084 seconds
[2023-04-24T13:20:59.293+0000] {processor.py:153} INFO - Started process (PID=2796) to work on /home/airflow/.local/lib/python3.7/site-packages/airflow/example_dags/example_trigger_target_dag.py
[2023-04-24T13:20:59.294+0000] {processor.py:743} INFO - Processing file /home/airflow/.local/lib/python3.7/site-packages/airflow/example_dags/example_trigger_target_dag.py for tasks to queue
[2023-04-24T13:20:59.295+0000] {logging_mixin.py:137} INFO - [2023-04-24T13:20:59.295+0000] {dagbag.py:538} INFO - Filling up the DagBag from /home/airflow/.local/lib/python3.7/site-packages/airflow/example_dags/example_trigger_target_dag.py
[2023-04-24T13:20:59.310+0000] {processor.py:753} INFO - DAG(s) dict_keys(['example_trigger_target_dag']) retrieved from /home/airflow/.local/lib/python3.7/site-packages/airflow/example_dags/example_trigger_target_dag.py
[2023-04-24T13:20:59.330+0000] {logging_mixin.py:137} INFO - [2023-04-24T13:20:59.329+0000] {dag.py:2690} INFO - Sync 1 DAGs
[2023-04-24T13:20:59.345+0000] {logging_mixin.py:137} INFO - [2023-04-24T13:20:59.345+0000] {dag.py:3441} INFO - Setting next_dagrun for example_trigger_target_dag to None, run_after=None
[2023-04-24T13:20:59.358+0000] {processor.py:175} INFO - Processing /home/airflow/.local/lib/python3.7/site-packages/airflow/example_dags/example_trigger_target_dag.py took 0.076 seconds
[2023-04-24T13:21:29.627+0000] {processor.py:153} INFO - Started process (PID=2873) to work on /home/airflow/.local/lib/python3.7/site-packages/airflow/example_dags/example_trigger_target_dag.py
[2023-04-24T13:21:29.628+0000] {processor.py:743} INFO - Processing file /home/airflow/.local/lib/python3.7/site-packages/airflow/example_dags/example_trigger_target_dag.py for tasks to queue
[2023-04-24T13:21:29.629+0000] {logging_mixin.py:137} INFO - [2023-04-24T13:21:29.629+0000] {dagbag.py:538} INFO - Filling up the DagBag from /home/airflow/.local/lib/python3.7/site-packages/airflow/example_dags/example_trigger_target_dag.py
[2023-04-24T13:21:29.643+0000] {processor.py:753} INFO - DAG(s) dict_keys(['example_trigger_target_dag']) retrieved from /home/airflow/.local/lib/python3.7/site-packages/airflow/example_dags/example_trigger_target_dag.py
[2023-04-24T13:21:29.672+0000] {logging_mixin.py:137} INFO - [2023-04-24T13:21:29.672+0000] {dag.py:2690} INFO - Sync 1 DAGs
[2023-04-24T13:21:29.693+0000] {logging_mixin.py:137} INFO - [2023-04-24T13:21:29.693+0000] {dag.py:3441} INFO - Setting next_dagrun for example_trigger_target_dag to None, run_after=None
[2023-04-24T13:21:29.709+0000] {processor.py:175} INFO - Processing /home/airflow/.local/lib/python3.7/site-packages/airflow/example_dags/example_trigger_target_dag.py took 0.085 seconds
[2023-04-24T13:21:59.812+0000] {processor.py:153} INFO - Started process (PID=2937) to work on /home/airflow/.local/lib/python3.7/site-packages/airflow/example_dags/example_trigger_target_dag.py
[2023-04-24T13:21:59.813+0000] {processor.py:743} INFO - Processing file /home/airflow/.local/lib/python3.7/site-packages/airflow/example_dags/example_trigger_target_dag.py for tasks to queue
[2023-04-24T13:21:59.814+0000] {logging_mixin.py:137} INFO - [2023-04-24T13:21:59.814+0000] {dagbag.py:538} INFO - Filling up the DagBag from /home/airflow/.local/lib/python3.7/site-packages/airflow/example_dags/example_trigger_target_dag.py
[2023-04-24T13:21:59.832+0000] {processor.py:753} INFO - DAG(s) dict_keys(['example_trigger_target_dag']) retrieved from /home/airflow/.local/lib/python3.7/site-packages/airflow/example_dags/example_trigger_target_dag.py
[2023-04-24T13:21:59.854+0000] {logging_mixin.py:137} INFO - [2023-04-24T13:21:59.854+0000] {dag.py:2690} INFO - Sync 1 DAGs
[2023-04-24T13:21:59.869+0000] {logging_mixin.py:137} INFO - [2023-04-24T13:21:59.869+0000] {dag.py:3441} INFO - Setting next_dagrun for example_trigger_target_dag to None, run_after=None
[2023-04-24T13:21:59.882+0000] {processor.py:175} INFO - Processing /home/airflow/.local/lib/python3.7/site-packages/airflow/example_dags/example_trigger_target_dag.py took 0.073 seconds
[2023-04-24T13:22:30.177+0000] {processor.py:153} INFO - Started process (PID=3013) to work on /home/airflow/.local/lib/python3.7/site-packages/airflow/example_dags/example_trigger_target_dag.py
[2023-04-24T13:22:30.178+0000] {processor.py:743} INFO - Processing file /home/airflow/.local/lib/python3.7/site-packages/airflow/example_dags/example_trigger_target_dag.py for tasks to queue
[2023-04-24T13:22:30.179+0000] {logging_mixin.py:137} INFO - [2023-04-24T13:22:30.179+0000] {dagbag.py:538} INFO - Filling up the DagBag from /home/airflow/.local/lib/python3.7/site-packages/airflow/example_dags/example_trigger_target_dag.py
[2023-04-24T13:22:30.194+0000] {processor.py:753} INFO - DAG(s) dict_keys(['example_trigger_target_dag']) retrieved from /home/airflow/.local/lib/python3.7/site-packages/airflow/example_dags/example_trigger_target_dag.py
[2023-04-24T13:22:30.213+0000] {logging_mixin.py:137} INFO - [2023-04-24T13:22:30.213+0000] {dag.py:2690} INFO - Sync 1 DAGs
[2023-04-24T13:22:30.228+0000] {logging_mixin.py:137} INFO - [2023-04-24T13:22:30.228+0000] {dag.py:3441} INFO - Setting next_dagrun for example_trigger_target_dag to None, run_after=None
[2023-04-24T13:22:30.239+0000] {processor.py:175} INFO - Processing /home/airflow/.local/lib/python3.7/site-packages/airflow/example_dags/example_trigger_target_dag.py took 0.065 seconds
[2023-04-24T13:23:00.483+0000] {processor.py:153} INFO - Started process (PID=3091) to work on /home/airflow/.local/lib/python3.7/site-packages/airflow/example_dags/example_trigger_target_dag.py
[2023-04-24T13:23:00.484+0000] {processor.py:743} INFO - Processing file /home/airflow/.local/lib/python3.7/site-packages/airflow/example_dags/example_trigger_target_dag.py for tasks to queue
[2023-04-24T13:23:00.485+0000] {logging_mixin.py:137} INFO - [2023-04-24T13:23:00.485+0000] {dagbag.py:538} INFO - Filling up the DagBag from /home/airflow/.local/lib/python3.7/site-packages/airflow/example_dags/example_trigger_target_dag.py
[2023-04-24T13:23:00.498+0000] {processor.py:753} INFO - DAG(s) dict_keys(['example_trigger_target_dag']) retrieved from /home/airflow/.local/lib/python3.7/site-packages/airflow/example_dags/example_trigger_target_dag.py
[2023-04-24T13:23:00.519+0000] {logging_mixin.py:137} INFO - [2023-04-24T13:23:00.519+0000] {dag.py:2690} INFO - Sync 1 DAGs
[2023-04-24T13:23:00.535+0000] {logging_mixin.py:137} INFO - [2023-04-24T13:23:00.535+0000] {dag.py:3441} INFO - Setting next_dagrun for example_trigger_target_dag to None, run_after=None
[2023-04-24T13:23:00.546+0000] {processor.py:175} INFO - Processing /home/airflow/.local/lib/python3.7/site-packages/airflow/example_dags/example_trigger_target_dag.py took 0.066 seconds
[2023-04-24T13:23:31.015+0000] {processor.py:153} INFO - Started process (PID=3162) to work on /home/airflow/.local/lib/python3.7/site-packages/airflow/example_dags/example_trigger_target_dag.py
[2023-04-24T13:23:31.016+0000] {processor.py:743} INFO - Processing file /home/airflow/.local/lib/python3.7/site-packages/airflow/example_dags/example_trigger_target_dag.py for tasks to queue
[2023-04-24T13:23:31.016+0000] {logging_mixin.py:137} INFO - [2023-04-24T13:23:31.016+0000] {dagbag.py:538} INFO - Filling up the DagBag from /home/airflow/.local/lib/python3.7/site-packages/airflow/example_dags/example_trigger_target_dag.py
[2023-04-24T13:23:31.030+0000] {processor.py:753} INFO - DAG(s) dict_keys(['example_trigger_target_dag']) retrieved from /home/airflow/.local/lib/python3.7/site-packages/airflow/example_dags/example_trigger_target_dag.py
[2023-04-24T13:23:31.049+0000] {logging_mixin.py:137} INFO - [2023-04-24T13:23:31.049+0000] {dag.py:2690} INFO - Sync 1 DAGs
[2023-04-24T13:23:31.063+0000] {logging_mixin.py:137} INFO - [2023-04-24T13:23:31.063+0000] {dag.py:3441} INFO - Setting next_dagrun for example_trigger_target_dag to None, run_after=None
[2023-04-24T13:23:31.074+0000] {processor.py:175} INFO - Processing /home/airflow/.local/lib/python3.7/site-packages/airflow/example_dags/example_trigger_target_dag.py took 0.063 seconds
[2023-04-24T13:24:01.317+0000] {processor.py:153} INFO - Started process (PID=3240) to work on /home/airflow/.local/lib/python3.7/site-packages/airflow/example_dags/example_trigger_target_dag.py
[2023-04-24T13:24:01.318+0000] {processor.py:743} INFO - Processing file /home/airflow/.local/lib/python3.7/site-packages/airflow/example_dags/example_trigger_target_dag.py for tasks to queue
[2023-04-24T13:24:01.319+0000] {logging_mixin.py:137} INFO - [2023-04-24T13:24:01.319+0000] {dagbag.py:538} INFO - Filling up the DagBag from /home/airflow/.local/lib/python3.7/site-packages/airflow/example_dags/example_trigger_target_dag.py
[2023-04-24T13:24:01.333+0000] {processor.py:753} INFO - DAG(s) dict_keys(['example_trigger_target_dag']) retrieved from /home/airflow/.local/lib/python3.7/site-packages/airflow/example_dags/example_trigger_target_dag.py
[2023-04-24T13:24:01.352+0000] {logging_mixin.py:137} INFO - [2023-04-24T13:24:01.352+0000] {dag.py:2690} INFO - Sync 1 DAGs
[2023-04-24T13:24:01.367+0000] {logging_mixin.py:137} INFO - [2023-04-24T13:24:01.367+0000] {dag.py:3441} INFO - Setting next_dagrun for example_trigger_target_dag to None, run_after=None
[2023-04-24T13:24:01.379+0000] {processor.py:175} INFO - Processing /home/airflow/.local/lib/python3.7/site-packages/airflow/example_dags/example_trigger_target_dag.py took 0.064 seconds
[2023-04-24T13:24:31.635+0000] {processor.py:153} INFO - Started process (PID=3316) to work on /home/airflow/.local/lib/python3.7/site-packages/airflow/example_dags/example_trigger_target_dag.py
[2023-04-24T13:24:31.637+0000] {processor.py:743} INFO - Processing file /home/airflow/.local/lib/python3.7/site-packages/airflow/example_dags/example_trigger_target_dag.py for tasks to queue
[2023-04-24T13:24:31.637+0000] {logging_mixin.py:137} INFO - [2023-04-24T13:24:31.637+0000] {dagbag.py:538} INFO - Filling up the DagBag from /home/airflow/.local/lib/python3.7/site-packages/airflow/example_dags/example_trigger_target_dag.py
[2023-04-24T13:24:31.654+0000] {processor.py:753} INFO - DAG(s) dict_keys(['example_trigger_target_dag']) retrieved from /home/airflow/.local/lib/python3.7/site-packages/airflow/example_dags/example_trigger_target_dag.py
[2023-04-24T13:24:31.673+0000] {logging_mixin.py:137} INFO - [2023-04-24T13:24:31.673+0000] {dag.py:2690} INFO - Sync 1 DAGs
[2023-04-24T13:24:31.688+0000] {logging_mixin.py:137} INFO - [2023-04-24T13:24:31.688+0000] {dag.py:3441} INFO - Setting next_dagrun for example_trigger_target_dag to None, run_after=None
[2023-04-24T13:24:31.699+0000] {processor.py:175} INFO - Processing /home/airflow/.local/lib/python3.7/site-packages/airflow/example_dags/example_trigger_target_dag.py took 0.067 seconds
[2023-04-24T13:25:01.884+0000] {processor.py:153} INFO - Started process (PID=3380) to work on /home/airflow/.local/lib/python3.7/site-packages/airflow/example_dags/example_trigger_target_dag.py
[2023-04-24T13:25:01.885+0000] {processor.py:743} INFO - Processing file /home/airflow/.local/lib/python3.7/site-packages/airflow/example_dags/example_trigger_target_dag.py for tasks to queue
[2023-04-24T13:25:01.886+0000] {logging_mixin.py:137} INFO - [2023-04-24T13:25:01.886+0000] {dagbag.py:538} INFO - Filling up the DagBag from /home/airflow/.local/lib/python3.7/site-packages/airflow/example_dags/example_trigger_target_dag.py
[2023-04-24T13:25:01.899+0000] {processor.py:753} INFO - DAG(s) dict_keys(['example_trigger_target_dag']) retrieved from /home/airflow/.local/lib/python3.7/site-packages/airflow/example_dags/example_trigger_target_dag.py
[2023-04-24T13:25:01.918+0000] {logging_mixin.py:137} INFO - [2023-04-24T13:25:01.918+0000] {dag.py:2690} INFO - Sync 1 DAGs
[2023-04-24T13:25:01.933+0000] {logging_mixin.py:137} INFO - [2023-04-24T13:25:01.933+0000] {dag.py:3441} INFO - Setting next_dagrun for example_trigger_target_dag to None, run_after=None
[2023-04-24T13:25:01.944+0000] {processor.py:175} INFO - Processing /home/airflow/.local/lib/python3.7/site-packages/airflow/example_dags/example_trigger_target_dag.py took 0.063 seconds
[2023-04-24T13:25:32.032+0000] {processor.py:153} INFO - Started process (PID=3456) to work on /home/airflow/.local/lib/python3.7/site-packages/airflow/example_dags/example_trigger_target_dag.py
[2023-04-24T13:25:32.033+0000] {processor.py:743} INFO - Processing file /home/airflow/.local/lib/python3.7/site-packages/airflow/example_dags/example_trigger_target_dag.py for tasks to queue
[2023-04-24T13:25:32.034+0000] {logging_mixin.py:137} INFO - [2023-04-24T13:25:32.034+0000] {dagbag.py:538} INFO - Filling up the DagBag from /home/airflow/.local/lib/python3.7/site-packages/airflow/example_dags/example_trigger_target_dag.py
[2023-04-24T13:25:32.049+0000] {processor.py:753} INFO - DAG(s) dict_keys(['example_trigger_target_dag']) retrieved from /home/airflow/.local/lib/python3.7/site-packages/airflow/example_dags/example_trigger_target_dag.py
[2023-04-24T13:25:32.068+0000] {logging_mixin.py:137} INFO - [2023-04-24T13:25:32.068+0000] {dag.py:2690} INFO - Sync 1 DAGs
[2023-04-24T13:25:32.082+0000] {logging_mixin.py:137} INFO - [2023-04-24T13:25:32.082+0000] {dag.py:3441} INFO - Setting next_dagrun for example_trigger_target_dag to None, run_after=None
[2023-04-24T13:25:32.092+0000] {processor.py:175} INFO - Processing /home/airflow/.local/lib/python3.7/site-packages/airflow/example_dags/example_trigger_target_dag.py took 0.063 seconds
[2023-04-24T13:26:02.318+0000] {processor.py:153} INFO - Started process (PID=3532) to work on /home/airflow/.local/lib/python3.7/site-packages/airflow/example_dags/example_trigger_target_dag.py
[2023-04-24T13:26:02.320+0000] {processor.py:743} INFO - Processing file /home/airflow/.local/lib/python3.7/site-packages/airflow/example_dags/example_trigger_target_dag.py for tasks to queue
[2023-04-24T13:26:02.321+0000] {logging_mixin.py:137} INFO - [2023-04-24T13:26:02.320+0000] {dagbag.py:538} INFO - Filling up the DagBag from /home/airflow/.local/lib/python3.7/site-packages/airflow/example_dags/example_trigger_target_dag.py
[2023-04-24T13:26:02.335+0000] {processor.py:753} INFO - DAG(s) dict_keys(['example_trigger_target_dag']) retrieved from /home/airflow/.local/lib/python3.7/site-packages/airflow/example_dags/example_trigger_target_dag.py
[2023-04-24T13:26:02.356+0000] {logging_mixin.py:137} INFO - [2023-04-24T13:26:02.356+0000] {dag.py:2690} INFO - Sync 1 DAGs
[2023-04-24T13:26:02.372+0000] {logging_mixin.py:137} INFO - [2023-04-24T13:26:02.372+0000] {dag.py:3441} INFO - Setting next_dagrun for example_trigger_target_dag to None, run_after=None
[2023-04-24T13:26:02.384+0000] {processor.py:175} INFO - Processing /home/airflow/.local/lib/python3.7/site-packages/airflow/example_dags/example_trigger_target_dag.py took 0.068 seconds
[2023-04-24T13:26:32.686+0000] {processor.py:153} INFO - Started process (PID=3596) to work on /home/airflow/.local/lib/python3.7/site-packages/airflow/example_dags/example_trigger_target_dag.py
[2023-04-24T13:26:32.687+0000] {processor.py:743} INFO - Processing file /home/airflow/.local/lib/python3.7/site-packages/airflow/example_dags/example_trigger_target_dag.py for tasks to queue
[2023-04-24T13:26:32.688+0000] {logging_mixin.py:137} INFO - [2023-04-24T13:26:32.688+0000] {dagbag.py:538} INFO - Filling up the DagBag from /home/airflow/.local/lib/python3.7/site-packages/airflow/example_dags/example_trigger_target_dag.py
[2023-04-24T13:26:32.702+0000] {processor.py:753} INFO - DAG(s) dict_keys(['example_trigger_target_dag']) retrieved from /home/airflow/.local/lib/python3.7/site-packages/airflow/example_dags/example_trigger_target_dag.py
[2023-04-24T13:26:32.721+0000] {logging_mixin.py:137} INFO - [2023-04-24T13:26:32.721+0000] {dag.py:2690} INFO - Sync 1 DAGs
[2023-04-24T13:26:32.735+0000] {logging_mixin.py:137} INFO - [2023-04-24T13:26:32.735+0000] {dag.py:3441} INFO - Setting next_dagrun for example_trigger_target_dag to None, run_after=None
[2023-04-24T13:26:32.745+0000] {processor.py:175} INFO - Processing /home/airflow/.local/lib/python3.7/site-packages/airflow/example_dags/example_trigger_target_dag.py took 0.062 seconds
[2023-04-24T13:27:03.003+0000] {processor.py:153} INFO - Started process (PID=3673) to work on /home/airflow/.local/lib/python3.7/site-packages/airflow/example_dags/example_trigger_target_dag.py
[2023-04-24T13:27:03.004+0000] {processor.py:743} INFO - Processing file /home/airflow/.local/lib/python3.7/site-packages/airflow/example_dags/example_trigger_target_dag.py for tasks to queue
[2023-04-24T13:27:03.005+0000] {logging_mixin.py:137} INFO - [2023-04-24T13:27:03.005+0000] {dagbag.py:538} INFO - Filling up the DagBag from /home/airflow/.local/lib/python3.7/site-packages/airflow/example_dags/example_trigger_target_dag.py
[2023-04-24T13:27:03.021+0000] {processor.py:753} INFO - DAG(s) dict_keys(['example_trigger_target_dag']) retrieved from /home/airflow/.local/lib/python3.7/site-packages/airflow/example_dags/example_trigger_target_dag.py
[2023-04-24T13:27:03.043+0000] {logging_mixin.py:137} INFO - [2023-04-24T13:27:03.043+0000] {dag.py:2690} INFO - Sync 1 DAGs
[2023-04-24T13:27:03.058+0000] {logging_mixin.py:137} INFO - [2023-04-24T13:27:03.058+0000] {dag.py:3441} INFO - Setting next_dagrun for example_trigger_target_dag to None, run_after=None
[2023-04-24T13:27:03.069+0000] {processor.py:175} INFO - Processing /home/airflow/.local/lib/python3.7/site-packages/airflow/example_dags/example_trigger_target_dag.py took 0.069 seconds
[2023-04-24T13:27:33.419+0000] {processor.py:153} INFO - Started process (PID=3749) to work on /home/airflow/.local/lib/python3.7/site-packages/airflow/example_dags/example_trigger_target_dag.py
[2023-04-24T13:27:33.420+0000] {processor.py:743} INFO - Processing file /home/airflow/.local/lib/python3.7/site-packages/airflow/example_dags/example_trigger_target_dag.py for tasks to queue
[2023-04-24T13:27:33.421+0000] {logging_mixin.py:137} INFO - [2023-04-24T13:27:33.420+0000] {dagbag.py:538} INFO - Filling up the DagBag from /home/airflow/.local/lib/python3.7/site-packages/airflow/example_dags/example_trigger_target_dag.py
[2023-04-24T13:27:33.435+0000] {processor.py:753} INFO - DAG(s) dict_keys(['example_trigger_target_dag']) retrieved from /home/airflow/.local/lib/python3.7/site-packages/airflow/example_dags/example_trigger_target_dag.py
[2023-04-24T13:27:33.456+0000] {logging_mixin.py:137} INFO - [2023-04-24T13:27:33.456+0000] {dag.py:2690} INFO - Sync 1 DAGs
[2023-04-24T13:27:33.470+0000] {logging_mixin.py:137} INFO - [2023-04-24T13:27:33.470+0000] {dag.py:3441} INFO - Setting next_dagrun for example_trigger_target_dag to None, run_after=None
[2023-04-24T13:27:33.483+0000] {processor.py:175} INFO - Processing /home/airflow/.local/lib/python3.7/site-packages/airflow/example_dags/example_trigger_target_dag.py took 0.068 seconds
[2023-04-24T13:28:03.788+0000] {processor.py:153} INFO - Started process (PID=3820) to work on /home/airflow/.local/lib/python3.7/site-packages/airflow/example_dags/example_trigger_target_dag.py
[2023-04-24T13:28:03.789+0000] {processor.py:743} INFO - Processing file /home/airflow/.local/lib/python3.7/site-packages/airflow/example_dags/example_trigger_target_dag.py for tasks to queue
[2023-04-24T13:28:03.790+0000] {logging_mixin.py:137} INFO - [2023-04-24T13:28:03.790+0000] {dagbag.py:538} INFO - Filling up the DagBag from /home/airflow/.local/lib/python3.7/site-packages/airflow/example_dags/example_trigger_target_dag.py
[2023-04-24T13:28:03.804+0000] {processor.py:753} INFO - DAG(s) dict_keys(['example_trigger_target_dag']) retrieved from /home/airflow/.local/lib/python3.7/site-packages/airflow/example_dags/example_trigger_target_dag.py
[2023-04-24T13:28:03.825+0000] {logging_mixin.py:137} INFO - [2023-04-24T13:28:03.825+0000] {dag.py:2690} INFO - Sync 1 DAGs
[2023-04-24T13:28:03.841+0000] {logging_mixin.py:137} INFO - [2023-04-24T13:28:03.841+0000] {dag.py:3441} INFO - Setting next_dagrun for example_trigger_target_dag to None, run_after=None
[2023-04-24T13:28:03.852+0000] {processor.py:175} INFO - Processing /home/airflow/.local/lib/python3.7/site-packages/airflow/example_dags/example_trigger_target_dag.py took 0.068 seconds
[2023-04-24T13:28:34.028+0000] {processor.py:153} INFO - Started process (PID=3889) to work on /home/airflow/.local/lib/python3.7/site-packages/airflow/example_dags/example_trigger_target_dag.py
[2023-04-24T13:28:34.029+0000] {processor.py:743} INFO - Processing file /home/airflow/.local/lib/python3.7/site-packages/airflow/example_dags/example_trigger_target_dag.py for tasks to queue
[2023-04-24T13:28:34.030+0000] {logging_mixin.py:137} INFO - [2023-04-24T13:28:34.030+0000] {dagbag.py:538} INFO - Filling up the DagBag from /home/airflow/.local/lib/python3.7/site-packages/airflow/example_dags/example_trigger_target_dag.py
[2023-04-24T13:28:34.044+0000] {processor.py:753} INFO - DAG(s) dict_keys(['example_trigger_target_dag']) retrieved from /home/airflow/.local/lib/python3.7/site-packages/airflow/example_dags/example_trigger_target_dag.py
[2023-04-24T13:28:34.063+0000] {logging_mixin.py:137} INFO - [2023-04-24T13:28:34.063+0000] {dag.py:2690} INFO - Sync 1 DAGs
[2023-04-24T13:28:34.077+0000] {logging_mixin.py:137} INFO - [2023-04-24T13:28:34.077+0000] {dag.py:3441} INFO - Setting next_dagrun for example_trigger_target_dag to None, run_after=None
[2023-04-24T13:28:34.088+0000] {processor.py:175} INFO - Processing /home/airflow/.local/lib/python3.7/site-packages/airflow/example_dags/example_trigger_target_dag.py took 0.062 seconds
[2023-04-24T13:29:04.336+0000] {processor.py:153} INFO - Started process (PID=3965) to work on /home/airflow/.local/lib/python3.7/site-packages/airflow/example_dags/example_trigger_target_dag.py
[2023-04-24T13:29:04.337+0000] {processor.py:743} INFO - Processing file /home/airflow/.local/lib/python3.7/site-packages/airflow/example_dags/example_trigger_target_dag.py for tasks to queue
[2023-04-24T13:29:04.338+0000] {logging_mixin.py:137} INFO - [2023-04-24T13:29:04.338+0000] {dagbag.py:538} INFO - Filling up the DagBag from /home/airflow/.local/lib/python3.7/site-packages/airflow/example_dags/example_trigger_target_dag.py
[2023-04-24T13:29:04.351+0000] {processor.py:753} INFO - DAG(s) dict_keys(['example_trigger_target_dag']) retrieved from /home/airflow/.local/lib/python3.7/site-packages/airflow/example_dags/example_trigger_target_dag.py
[2023-04-24T13:29:04.371+0000] {logging_mixin.py:137} INFO - [2023-04-24T13:29:04.371+0000] {dag.py:2690} INFO - Sync 1 DAGs
[2023-04-24T13:29:04.385+0000] {logging_mixin.py:137} INFO - [2023-04-24T13:29:04.385+0000] {dag.py:3441} INFO - Setting next_dagrun for example_trigger_target_dag to None, run_after=None
[2023-04-24T13:29:04.398+0000] {processor.py:175} INFO - Processing /home/airflow/.local/lib/python3.7/site-packages/airflow/example_dags/example_trigger_target_dag.py took 0.065 seconds
[2023-04-24T13:29:34.564+0000] {processor.py:153} INFO - Started process (PID=4038) to work on /home/airflow/.local/lib/python3.7/site-packages/airflow/example_dags/example_trigger_target_dag.py
[2023-04-24T13:29:34.567+0000] {processor.py:743} INFO - Processing file /home/airflow/.local/lib/python3.7/site-packages/airflow/example_dags/example_trigger_target_dag.py for tasks to queue
[2023-04-24T13:29:34.568+0000] {logging_mixin.py:137} INFO - [2023-04-24T13:29:34.568+0000] {dagbag.py:538} INFO - Filling up the DagBag from /home/airflow/.local/lib/python3.7/site-packages/airflow/example_dags/example_trigger_target_dag.py
[2023-04-24T13:29:34.613+0000] {processor.py:753} INFO - DAG(s) dict_keys(['example_trigger_target_dag']) retrieved from /home/airflow/.local/lib/python3.7/site-packages/airflow/example_dags/example_trigger_target_dag.py
[2023-04-24T13:29:34.645+0000] {logging_mixin.py:137} INFO - [2023-04-24T13:29:34.645+0000] {dag.py:2690} INFO - Sync 1 DAGs
[2023-04-24T13:29:34.665+0000] {logging_mixin.py:137} INFO - [2023-04-24T13:29:34.664+0000] {dag.py:3441} INFO - Setting next_dagrun for example_trigger_target_dag to None, run_after=None
[2023-04-24T13:29:34.684+0000] {processor.py:175} INFO - Processing /home/airflow/.local/lib/python3.7/site-packages/airflow/example_dags/example_trigger_target_dag.py took 0.123 seconds
[2023-04-24T13:30:05.062+0000] {processor.py:153} INFO - Started process (PID=4105) to work on /home/airflow/.local/lib/python3.7/site-packages/airflow/example_dags/example_trigger_target_dag.py
[2023-04-24T13:30:05.063+0000] {processor.py:743} INFO - Processing file /home/airflow/.local/lib/python3.7/site-packages/airflow/example_dags/example_trigger_target_dag.py for tasks to queue
[2023-04-24T13:30:05.064+0000] {logging_mixin.py:137} INFO - [2023-04-24T13:30:05.063+0000] {dagbag.py:538} INFO - Filling up the DagBag from /home/airflow/.local/lib/python3.7/site-packages/airflow/example_dags/example_trigger_target_dag.py
[2023-04-24T13:30:05.077+0000] {processor.py:753} INFO - DAG(s) dict_keys(['example_trigger_target_dag']) retrieved from /home/airflow/.local/lib/python3.7/site-packages/airflow/example_dags/example_trigger_target_dag.py
[2023-04-24T13:30:05.097+0000] {logging_mixin.py:137} INFO - [2023-04-24T13:30:05.097+0000] {dag.py:2690} INFO - Sync 1 DAGs
[2023-04-24T13:30:05.113+0000] {logging_mixin.py:137} INFO - [2023-04-24T13:30:05.113+0000] {dag.py:3441} INFO - Setting next_dagrun for example_trigger_target_dag to None, run_after=None
[2023-04-24T13:30:05.127+0000] {processor.py:175} INFO - Processing /home/airflow/.local/lib/python3.7/site-packages/airflow/example_dags/example_trigger_target_dag.py took 0.069 seconds
[2023-04-24T13:30:35.468+0000] {processor.py:153} INFO - Started process (PID=4182) to work on /home/airflow/.local/lib/python3.7/site-packages/airflow/example_dags/example_trigger_target_dag.py
[2023-04-24T13:30:35.469+0000] {processor.py:743} INFO - Processing file /home/airflow/.local/lib/python3.7/site-packages/airflow/example_dags/example_trigger_target_dag.py for tasks to queue
[2023-04-24T13:30:35.470+0000] {logging_mixin.py:137} INFO - [2023-04-24T13:30:35.470+0000] {dagbag.py:538} INFO - Filling up the DagBag from /home/airflow/.local/lib/python3.7/site-packages/airflow/example_dags/example_trigger_target_dag.py
[2023-04-24T13:30:35.483+0000] {processor.py:753} INFO - DAG(s) dict_keys(['example_trigger_target_dag']) retrieved from /home/airflow/.local/lib/python3.7/site-packages/airflow/example_dags/example_trigger_target_dag.py
[2023-04-24T13:30:35.502+0000] {logging_mixin.py:137} INFO - [2023-04-24T13:30:35.502+0000] {dag.py:2690} INFO - Sync 1 DAGs
[2023-04-24T13:30:35.517+0000] {logging_mixin.py:137} INFO - [2023-04-24T13:30:35.517+0000] {dag.py:3441} INFO - Setting next_dagrun for example_trigger_target_dag to None, run_after=None
[2023-04-24T13:30:35.527+0000] {processor.py:175} INFO - Processing /home/airflow/.local/lib/python3.7/site-packages/airflow/example_dags/example_trigger_target_dag.py took 0.062 seconds
[2023-04-24T13:31:05.678+0000] {processor.py:153} INFO - Started process (PID=4258) to work on /home/airflow/.local/lib/python3.7/site-packages/airflow/example_dags/example_trigger_target_dag.py
[2023-04-24T13:31:05.680+0000] {processor.py:743} INFO - Processing file /home/airflow/.local/lib/python3.7/site-packages/airflow/example_dags/example_trigger_target_dag.py for tasks to queue
[2023-04-24T13:31:05.681+0000] {logging_mixin.py:137} INFO - [2023-04-24T13:31:05.681+0000] {dagbag.py:538} INFO - Filling up the DagBag from /home/airflow/.local/lib/python3.7/site-packages/airflow/example_dags/example_trigger_target_dag.py
[2023-04-24T13:31:05.701+0000] {processor.py:753} INFO - DAG(s) dict_keys(['example_trigger_target_dag']) retrieved from /home/airflow/.local/lib/python3.7/site-packages/airflow/example_dags/example_trigger_target_dag.py
[2023-04-24T13:31:05.725+0000] {logging_mixin.py:137} INFO - [2023-04-24T13:31:05.724+0000] {dag.py:2690} INFO - Sync 1 DAGs
[2023-04-24T13:31:05.742+0000] {logging_mixin.py:137} INFO - [2023-04-24T13:31:05.742+0000] {dag.py:3441} INFO - Setting next_dagrun for example_trigger_target_dag to None, run_after=None
[2023-04-24T13:31:05.757+0000] {processor.py:175} INFO - Processing /home/airflow/.local/lib/python3.7/site-packages/airflow/example_dags/example_trigger_target_dag.py took 0.083 seconds
[2023-04-24T13:31:35.952+0000] {processor.py:153} INFO - Started process (PID=4322) to work on /home/airflow/.local/lib/python3.7/site-packages/airflow/example_dags/example_trigger_target_dag.py
[2023-04-24T13:31:35.954+0000] {processor.py:743} INFO - Processing file /home/airflow/.local/lib/python3.7/site-packages/airflow/example_dags/example_trigger_target_dag.py for tasks to queue
[2023-04-24T13:31:35.955+0000] {logging_mixin.py:137} INFO - [2023-04-24T13:31:35.954+0000] {dagbag.py:538} INFO - Filling up the DagBag from /home/airflow/.local/lib/python3.7/site-packages/airflow/example_dags/example_trigger_target_dag.py
[2023-04-24T13:31:35.969+0000] {processor.py:753} INFO - DAG(s) dict_keys(['example_trigger_target_dag']) retrieved from /home/airflow/.local/lib/python3.7/site-packages/airflow/example_dags/example_trigger_target_dag.py
[2023-04-24T13:31:35.989+0000] {logging_mixin.py:137} INFO - [2023-04-24T13:31:35.989+0000] {dag.py:2690} INFO - Sync 1 DAGs
[2023-04-24T13:31:36.004+0000] {logging_mixin.py:137} INFO - [2023-04-24T13:31:36.004+0000] {dag.py:3441} INFO - Setting next_dagrun for example_trigger_target_dag to None, run_after=None
[2023-04-24T13:31:36.018+0000] {processor.py:175} INFO - Processing /home/airflow/.local/lib/python3.7/site-packages/airflow/example_dags/example_trigger_target_dag.py took 0.069 seconds
[2023-04-24T13:32:06.223+0000] {processor.py:153} INFO - Started process (PID=4398) to work on /home/airflow/.local/lib/python3.7/site-packages/airflow/example_dags/example_trigger_target_dag.py
[2023-04-24T13:32:06.224+0000] {processor.py:743} INFO - Processing file /home/airflow/.local/lib/python3.7/site-packages/airflow/example_dags/example_trigger_target_dag.py for tasks to queue
[2023-04-24T13:32:06.225+0000] {logging_mixin.py:137} INFO - [2023-04-24T13:32:06.225+0000] {dagbag.py:538} INFO - Filling up the DagBag from /home/airflow/.local/lib/python3.7/site-packages/airflow/example_dags/example_trigger_target_dag.py
[2023-04-24T13:32:06.239+0000] {processor.py:753} INFO - DAG(s) dict_keys(['example_trigger_target_dag']) retrieved from /home/airflow/.local/lib/python3.7/site-packages/airflow/example_dags/example_trigger_target_dag.py
[2023-04-24T13:32:06.257+0000] {logging_mixin.py:137} INFO - [2023-04-24T13:32:06.257+0000] {dag.py:2690} INFO - Sync 1 DAGs
[2023-04-24T13:32:06.272+0000] {logging_mixin.py:137} INFO - [2023-04-24T13:32:06.272+0000] {dag.py:3441} INFO - Setting next_dagrun for example_trigger_target_dag to None, run_after=None
[2023-04-24T13:32:06.283+0000] {processor.py:175} INFO - Processing /home/airflow/.local/lib/python3.7/site-packages/airflow/example_dags/example_trigger_target_dag.py took 0.062 seconds
[2023-04-24T13:32:36.500+0000] {processor.py:153} INFO - Started process (PID=4474) to work on /home/airflow/.local/lib/python3.7/site-packages/airflow/example_dags/example_trigger_target_dag.py
[2023-04-24T13:32:36.501+0000] {processor.py:743} INFO - Processing file /home/airflow/.local/lib/python3.7/site-packages/airflow/example_dags/example_trigger_target_dag.py for tasks to queue
[2023-04-24T13:32:36.501+0000] {logging_mixin.py:137} INFO - [2023-04-24T13:32:36.501+0000] {dagbag.py:538} INFO - Filling up the DagBag from /home/airflow/.local/lib/python3.7/site-packages/airflow/example_dags/example_trigger_target_dag.py
[2023-04-24T13:32:36.515+0000] {processor.py:753} INFO - DAG(s) dict_keys(['example_trigger_target_dag']) retrieved from /home/airflow/.local/lib/python3.7/site-packages/airflow/example_dags/example_trigger_target_dag.py
[2023-04-24T13:32:36.534+0000] {logging_mixin.py:137} INFO - [2023-04-24T13:32:36.534+0000] {dag.py:2690} INFO - Sync 1 DAGs
[2023-04-24T13:32:36.549+0000] {logging_mixin.py:137} INFO - [2023-04-24T13:32:36.548+0000] {dag.py:3441} INFO - Setting next_dagrun for example_trigger_target_dag to None, run_after=None
[2023-04-24T13:32:36.559+0000] {processor.py:175} INFO - Processing /home/airflow/.local/lib/python3.7/site-packages/airflow/example_dags/example_trigger_target_dag.py took 0.062 seconds
[2023-04-24T13:33:06.839+0000] {processor.py:153} INFO - Started process (PID=4538) to work on /home/airflow/.local/lib/python3.7/site-packages/airflow/example_dags/example_trigger_target_dag.py
[2023-04-24T13:33:06.840+0000] {processor.py:743} INFO - Processing file /home/airflow/.local/lib/python3.7/site-packages/airflow/example_dags/example_trigger_target_dag.py for tasks to queue
[2023-04-24T13:33:06.841+0000] {logging_mixin.py:137} INFO - [2023-04-24T13:33:06.841+0000] {dagbag.py:538} INFO - Filling up the DagBag from /home/airflow/.local/lib/python3.7/site-packages/airflow/example_dags/example_trigger_target_dag.py
[2023-04-24T13:33:06.856+0000] {processor.py:753} INFO - DAG(s) dict_keys(['example_trigger_target_dag']) retrieved from /home/airflow/.local/lib/python3.7/site-packages/airflow/example_dags/example_trigger_target_dag.py
[2023-04-24T13:33:06.876+0000] {logging_mixin.py:137} INFO - [2023-04-24T13:33:06.876+0000] {dag.py:2690} INFO - Sync 1 DAGs
[2023-04-24T13:33:06.892+0000] {logging_mixin.py:137} INFO - [2023-04-24T13:33:06.892+0000] {dag.py:3441} INFO - Setting next_dagrun for example_trigger_target_dag to None, run_after=None
[2023-04-24T13:33:06.904+0000] {processor.py:175} INFO - Processing /home/airflow/.local/lib/python3.7/site-packages/airflow/example_dags/example_trigger_target_dag.py took 0.067 seconds
[2023-04-24T13:33:49.761+0000] {processor.py:153} INFO - Started process (PID=4586) to work on /home/airflow/.local/lib/python3.7/site-packages/airflow/example_dags/example_trigger_target_dag.py
[2023-04-24T13:33:49.762+0000] {processor.py:743} INFO - Processing file /home/airflow/.local/lib/python3.7/site-packages/airflow/example_dags/example_trigger_target_dag.py for tasks to queue
[2023-04-24T13:33:49.763+0000] {logging_mixin.py:137} INFO - [2023-04-24T13:33:49.763+0000] {dagbag.py:538} INFO - Filling up the DagBag from /home/airflow/.local/lib/python3.7/site-packages/airflow/example_dags/example_trigger_target_dag.py
[2023-04-24T13:33:49.779+0000] {processor.py:753} INFO - DAG(s) dict_keys(['example_trigger_target_dag']) retrieved from /home/airflow/.local/lib/python3.7/site-packages/airflow/example_dags/example_trigger_target_dag.py
[2023-04-24T13:33:49.801+0000] {logging_mixin.py:137} INFO - [2023-04-24T13:33:49.800+0000] {dag.py:2690} INFO - Sync 1 DAGs
[2023-04-24T13:33:49.817+0000] {logging_mixin.py:137} INFO - [2023-04-24T13:33:49.817+0000] {dag.py:3441} INFO - Setting next_dagrun for example_trigger_target_dag to None, run_after=None
[2023-04-24T13:33:49.831+0000] {processor.py:175} INFO - Processing /home/airflow/.local/lib/python3.7/site-packages/airflow/example_dags/example_trigger_target_dag.py took 0.072 seconds
[2023-04-24T13:34:20.175+0000] {processor.py:153} INFO - Started process (PID=4662) to work on /home/airflow/.local/lib/python3.7/site-packages/airflow/example_dags/example_trigger_target_dag.py
[2023-04-24T13:34:20.176+0000] {processor.py:743} INFO - Processing file /home/airflow/.local/lib/python3.7/site-packages/airflow/example_dags/example_trigger_target_dag.py for tasks to queue
[2023-04-24T13:34:20.176+0000] {logging_mixin.py:137} INFO - [2023-04-24T13:34:20.176+0000] {dagbag.py:538} INFO - Filling up the DagBag from /home/airflow/.local/lib/python3.7/site-packages/airflow/example_dags/example_trigger_target_dag.py
[2023-04-24T13:34:20.191+0000] {processor.py:753} INFO - DAG(s) dict_keys(['example_trigger_target_dag']) retrieved from /home/airflow/.local/lib/python3.7/site-packages/airflow/example_dags/example_trigger_target_dag.py
[2023-04-24T13:34:20.211+0000] {logging_mixin.py:137} INFO - [2023-04-24T13:34:20.211+0000] {dag.py:2690} INFO - Sync 1 DAGs
[2023-04-24T13:34:20.228+0000] {logging_mixin.py:137} INFO - [2023-04-24T13:34:20.228+0000] {dag.py:3441} INFO - Setting next_dagrun for example_trigger_target_dag to None, run_after=None
[2023-04-24T13:34:20.239+0000] {processor.py:175} INFO - Processing /home/airflow/.local/lib/python3.7/site-packages/airflow/example_dags/example_trigger_target_dag.py took 0.068 seconds
[2023-04-24T13:34:50.596+0000] {processor.py:153} INFO - Started process (PID=4738) to work on /home/airflow/.local/lib/python3.7/site-packages/airflow/example_dags/example_trigger_target_dag.py
[2023-04-24T13:34:50.600+0000] {processor.py:743} INFO - Processing file /home/airflow/.local/lib/python3.7/site-packages/airflow/example_dags/example_trigger_target_dag.py for tasks to queue
[2023-04-24T13:34:50.602+0000] {logging_mixin.py:137} INFO - [2023-04-24T13:34:50.602+0000] {dagbag.py:538} INFO - Filling up the DagBag from /home/airflow/.local/lib/python3.7/site-packages/airflow/example_dags/example_trigger_target_dag.py
[2023-04-24T13:34:50.623+0000] {processor.py:753} INFO - DAG(s) dict_keys(['example_trigger_target_dag']) retrieved from /home/airflow/.local/lib/python3.7/site-packages/airflow/example_dags/example_trigger_target_dag.py
[2023-04-24T13:34:50.650+0000] {logging_mixin.py:137} INFO - [2023-04-24T13:34:50.650+0000] {dag.py:2690} INFO - Sync 1 DAGs
[2023-04-24T13:34:50.667+0000] {logging_mixin.py:137} INFO - [2023-04-24T13:34:50.667+0000] {dag.py:3441} INFO - Setting next_dagrun for example_trigger_target_dag to None, run_after=None
[2023-04-24T13:34:50.679+0000] {processor.py:175} INFO - Processing /home/airflow/.local/lib/python3.7/site-packages/airflow/example_dags/example_trigger_target_dag.py took 0.088 seconds
[2023-04-24T13:35:20.832+0000] {processor.py:153} INFO - Started process (PID=4802) to work on /home/airflow/.local/lib/python3.7/site-packages/airflow/example_dags/example_trigger_target_dag.py
[2023-04-24T13:35:20.833+0000] {processor.py:743} INFO - Processing file /home/airflow/.local/lib/python3.7/site-packages/airflow/example_dags/example_trigger_target_dag.py for tasks to queue
[2023-04-24T13:35:20.834+0000] {logging_mixin.py:137} INFO - [2023-04-24T13:35:20.834+0000] {dagbag.py:538} INFO - Filling up the DagBag from /home/airflow/.local/lib/python3.7/site-packages/airflow/example_dags/example_trigger_target_dag.py
[2023-04-24T13:35:20.851+0000] {processor.py:753} INFO - DAG(s) dict_keys(['example_trigger_target_dag']) retrieved from /home/airflow/.local/lib/python3.7/site-packages/airflow/example_dags/example_trigger_target_dag.py
[2023-04-24T13:35:20.872+0000] {logging_mixin.py:137} INFO - [2023-04-24T13:35:20.871+0000] {dag.py:2690} INFO - Sync 1 DAGs
[2023-04-24T13:35:20.887+0000] {logging_mixin.py:137} INFO - [2023-04-24T13:35:20.887+0000] {dag.py:3441} INFO - Setting next_dagrun for example_trigger_target_dag to None, run_after=None
[2023-04-24T13:35:20.899+0000] {processor.py:175} INFO - Processing /home/airflow/.local/lib/python3.7/site-packages/airflow/example_dags/example_trigger_target_dag.py took 0.070 seconds
[2023-04-24T13:52:36.341+0000] {processor.py:153} INFO - Started process (PID=4878) to work on /home/airflow/.local/lib/python3.7/site-packages/airflow/example_dags/example_trigger_target_dag.py
[2023-04-24T13:52:36.343+0000] {processor.py:743} INFO - Processing file /home/airflow/.local/lib/python3.7/site-packages/airflow/example_dags/example_trigger_target_dag.py for tasks to queue
[2023-04-24T13:52:36.343+0000] {logging_mixin.py:137} INFO - [2023-04-24T13:52:36.343+0000] {dagbag.py:538} INFO - Filling up the DagBag from /home/airflow/.local/lib/python3.7/site-packages/airflow/example_dags/example_trigger_target_dag.py
[2023-04-24T13:52:36.359+0000] {processor.py:753} INFO - DAG(s) dict_keys(['example_trigger_target_dag']) retrieved from /home/airflow/.local/lib/python3.7/site-packages/airflow/example_dags/example_trigger_target_dag.py
[2023-04-24T13:52:36.380+0000] {logging_mixin.py:137} INFO - [2023-04-24T13:52:36.380+0000] {dag.py:2690} INFO - Sync 1 DAGs
[2023-04-24T13:52:36.398+0000] {logging_mixin.py:137} INFO - [2023-04-24T13:52:36.398+0000] {dag.py:3441} INFO - Setting next_dagrun for example_trigger_target_dag to None, run_after=None
[2023-04-24T13:52:36.410+0000] {processor.py:175} INFO - Processing /home/airflow/.local/lib/python3.7/site-packages/airflow/example_dags/example_trigger_target_dag.py took 0.071 seconds
[2023-04-24T14:31:30.172+0000] {processor.py:153} INFO - Started process (PID=4953) to work on /home/airflow/.local/lib/python3.7/site-packages/airflow/example_dags/example_trigger_target_dag.py
[2023-04-24T14:31:30.173+0000] {processor.py:743} INFO - Processing file /home/airflow/.local/lib/python3.7/site-packages/airflow/example_dags/example_trigger_target_dag.py for tasks to queue
[2023-04-24T14:31:30.174+0000] {logging_mixin.py:137} INFO - [2023-04-24T14:31:30.174+0000] {dagbag.py:538} INFO - Filling up the DagBag from /home/airflow/.local/lib/python3.7/site-packages/airflow/example_dags/example_trigger_target_dag.py
[2023-04-24T14:31:30.191+0000] {processor.py:753} INFO - DAG(s) dict_keys(['example_trigger_target_dag']) retrieved from /home/airflow/.local/lib/python3.7/site-packages/airflow/example_dags/example_trigger_target_dag.py
[2023-04-24T14:31:30.216+0000] {logging_mixin.py:137} INFO - [2023-04-24T14:31:30.215+0000] {dag.py:2690} INFO - Sync 1 DAGs
[2023-04-24T14:31:30.235+0000] {logging_mixin.py:137} INFO - [2023-04-24T14:31:30.235+0000] {dag.py:3441} INFO - Setting next_dagrun for example_trigger_target_dag to None, run_after=None
[2023-04-24T14:31:30.248+0000] {processor.py:175} INFO - Processing /home/airflow/.local/lib/python3.7/site-packages/airflow/example_dags/example_trigger_target_dag.py took 0.079 seconds
[2023-04-24T15:16:29.334+0000] {processor.py:153} INFO - Started process (PID=5017) to work on /home/airflow/.local/lib/python3.7/site-packages/airflow/example_dags/example_trigger_target_dag.py
[2023-04-24T15:16:29.335+0000] {processor.py:743} INFO - Processing file /home/airflow/.local/lib/python3.7/site-packages/airflow/example_dags/example_trigger_target_dag.py for tasks to queue
[2023-04-24T15:16:29.336+0000] {logging_mixin.py:137} INFO - [2023-04-24T15:16:29.336+0000] {dagbag.py:538} INFO - Filling up the DagBag from /home/airflow/.local/lib/python3.7/site-packages/airflow/example_dags/example_trigger_target_dag.py
[2023-04-24T15:16:29.352+0000] {processor.py:753} INFO - DAG(s) dict_keys(['example_trigger_target_dag']) retrieved from /home/airflow/.local/lib/python3.7/site-packages/airflow/example_dags/example_trigger_target_dag.py
[2023-04-24T15:16:29.371+0000] {logging_mixin.py:137} INFO - [2023-04-24T15:16:29.371+0000] {dag.py:2690} INFO - Sync 1 DAGs
[2023-04-24T15:16:29.386+0000] {logging_mixin.py:137} INFO - [2023-04-24T15:16:29.386+0000] {dag.py:3441} INFO - Setting next_dagrun for example_trigger_target_dag to None, run_after=None
[2023-04-24T15:16:29.397+0000] {processor.py:175} INFO - Processing /home/airflow/.local/lib/python3.7/site-packages/airflow/example_dags/example_trigger_target_dag.py took 0.066 seconds
[2023-04-24T16:21:50.969+0000] {processor.py:153} INFO - Started process (PID=5094) to work on /home/airflow/.local/lib/python3.7/site-packages/airflow/example_dags/example_trigger_target_dag.py
[2023-04-24T16:21:50.971+0000] {processor.py:743} INFO - Processing file /home/airflow/.local/lib/python3.7/site-packages/airflow/example_dags/example_trigger_target_dag.py for tasks to queue
[2023-04-24T16:21:50.972+0000] {logging_mixin.py:137} INFO - [2023-04-24T16:21:50.972+0000] {dagbag.py:538} INFO - Filling up the DagBag from /home/airflow/.local/lib/python3.7/site-packages/airflow/example_dags/example_trigger_target_dag.py
[2023-04-24T16:21:50.989+0000] {processor.py:753} INFO - DAG(s) dict_keys(['example_trigger_target_dag']) retrieved from /home/airflow/.local/lib/python3.7/site-packages/airflow/example_dags/example_trigger_target_dag.py
[2023-04-24T16:21:51.016+0000] {logging_mixin.py:137} INFO - [2023-04-24T16:21:51.016+0000] {dag.py:2690} INFO - Sync 1 DAGs
[2023-04-24T16:21:51.036+0000] {logging_mixin.py:137} INFO - [2023-04-24T16:21:51.036+0000] {dag.py:3441} INFO - Setting next_dagrun for example_trigger_target_dag to None, run_after=None
[2023-04-24T16:21:51.051+0000] {processor.py:175} INFO - Processing /home/airflow/.local/lib/python3.7/site-packages/airflow/example_dags/example_trigger_target_dag.py took 0.086 seconds
[2023-04-24T17:38:25.312+0000] {processor.py:153} INFO - Started process (PID=5166) to work on /home/airflow/.local/lib/python3.7/site-packages/airflow/example_dags/example_trigger_target_dag.py
[2023-04-24T17:38:25.314+0000] {processor.py:743} INFO - Processing file /home/airflow/.local/lib/python3.7/site-packages/airflow/example_dags/example_trigger_target_dag.py for tasks to queue
[2023-04-24T17:38:25.315+0000] {logging_mixin.py:137} INFO - [2023-04-24T17:38:25.315+0000] {dagbag.py:538} INFO - Filling up the DagBag from /home/airflow/.local/lib/python3.7/site-packages/airflow/example_dags/example_trigger_target_dag.py
[2023-04-24T17:38:25.330+0000] {processor.py:753} INFO - DAG(s) dict_keys(['example_trigger_target_dag']) retrieved from /home/airflow/.local/lib/python3.7/site-packages/airflow/example_dags/example_trigger_target_dag.py
[2023-04-24T17:38:25.353+0000] {logging_mixin.py:137} INFO - [2023-04-24T17:38:25.353+0000] {dag.py:2690} INFO - Sync 1 DAGs
[2023-04-24T17:38:25.371+0000] {logging_mixin.py:137} INFO - [2023-04-24T17:38:25.371+0000] {dag.py:3441} INFO - Setting next_dagrun for example_trigger_target_dag to None, run_after=None
[2023-04-24T17:38:25.385+0000] {processor.py:175} INFO - Processing /home/airflow/.local/lib/python3.7/site-packages/airflow/example_dags/example_trigger_target_dag.py took 0.075 seconds
[2023-04-24T18:45:21.961+0000] {processor.py:153} INFO - Started process (PID=5233) to work on /home/airflow/.local/lib/python3.7/site-packages/airflow/example_dags/example_trigger_target_dag.py
[2023-04-24T18:45:21.962+0000] {processor.py:743} INFO - Processing file /home/airflow/.local/lib/python3.7/site-packages/airflow/example_dags/example_trigger_target_dag.py for tasks to queue
[2023-04-24T18:45:21.963+0000] {logging_mixin.py:137} INFO - [2023-04-24T18:45:21.963+0000] {dagbag.py:538} INFO - Filling up the DagBag from /home/airflow/.local/lib/python3.7/site-packages/airflow/example_dags/example_trigger_target_dag.py
[2023-04-24T18:45:21.978+0000] {processor.py:753} INFO - DAG(s) dict_keys(['example_trigger_target_dag']) retrieved from /home/airflow/.local/lib/python3.7/site-packages/airflow/example_dags/example_trigger_target_dag.py
[2023-04-24T18:45:22.003+0000] {logging_mixin.py:137} INFO - [2023-04-24T18:45:22.003+0000] {dag.py:2690} INFO - Sync 1 DAGs
[2023-04-24T18:45:22.022+0000] {logging_mixin.py:137} INFO - [2023-04-24T18:45:22.022+0000] {dag.py:3441} INFO - Setting next_dagrun for example_trigger_target_dag to None, run_after=None
[2023-04-24T18:45:22.035+0000] {processor.py:175} INFO - Processing /home/airflow/.local/lib/python3.7/site-packages/airflow/example_dags/example_trigger_target_dag.py took 0.077 seconds
[2023-04-24T19:49:26.906+0000] {processor.py:153} INFO - Started process (PID=5309) to work on /home/airflow/.local/lib/python3.7/site-packages/airflow/example_dags/example_trigger_target_dag.py
[2023-04-24T19:49:26.908+0000] {processor.py:743} INFO - Processing file /home/airflow/.local/lib/python3.7/site-packages/airflow/example_dags/example_trigger_target_dag.py for tasks to queue
[2023-04-24T19:49:26.908+0000] {logging_mixin.py:137} INFO - [2023-04-24T19:49:26.908+0000] {dagbag.py:538} INFO - Filling up the DagBag from /home/airflow/.local/lib/python3.7/site-packages/airflow/example_dags/example_trigger_target_dag.py
[2023-04-24T19:49:26.923+0000] {processor.py:753} INFO - DAG(s) dict_keys(['example_trigger_target_dag']) retrieved from /home/airflow/.local/lib/python3.7/site-packages/airflow/example_dags/example_trigger_target_dag.py
[2023-04-24T19:49:26.944+0000] {logging_mixin.py:137} INFO - [2023-04-24T19:49:26.943+0000] {dag.py:2690} INFO - Sync 1 DAGs
[2023-04-24T19:49:26.961+0000] {logging_mixin.py:137} INFO - [2023-04-24T19:49:26.961+0000] {dag.py:3441} INFO - Setting next_dagrun for example_trigger_target_dag to None, run_after=None
[2023-04-24T19:49:26.972+0000] {processor.py:175} INFO - Processing /home/airflow/.local/lib/python3.7/site-packages/airflow/example_dags/example_trigger_target_dag.py took 0.069 seconds
[2023-04-24T20:25:35.088+0000] {processor.py:153} INFO - Started process (PID=5382) to work on /home/airflow/.local/lib/python3.7/site-packages/airflow/example_dags/example_trigger_target_dag.py
[2023-04-24T20:25:35.090+0000] {processor.py:743} INFO - Processing file /home/airflow/.local/lib/python3.7/site-packages/airflow/example_dags/example_trigger_target_dag.py for tasks to queue
[2023-04-24T20:25:35.091+0000] {logging_mixin.py:137} INFO - [2023-04-24T20:25:35.091+0000] {dagbag.py:538} INFO - Filling up the DagBag from /home/airflow/.local/lib/python3.7/site-packages/airflow/example_dags/example_trigger_target_dag.py
[2023-04-24T20:25:35.111+0000] {processor.py:753} INFO - DAG(s) dict_keys(['example_trigger_target_dag']) retrieved from /home/airflow/.local/lib/python3.7/site-packages/airflow/example_dags/example_trigger_target_dag.py
[2023-04-24T20:25:35.145+0000] {logging_mixin.py:137} INFO - [2023-04-24T20:25:35.144+0000] {dag.py:2690} INFO - Sync 1 DAGs
[2023-04-24T20:25:35.164+0000] {logging_mixin.py:137} INFO - [2023-04-24T20:25:35.164+0000] {dag.py:3441} INFO - Setting next_dagrun for example_trigger_target_dag to None, run_after=None
[2023-04-24T20:25:35.177+0000] {processor.py:175} INFO - Processing /home/airflow/.local/lib/python3.7/site-packages/airflow/example_dags/example_trigger_target_dag.py took 0.092 seconds
[2023-04-24T21:31:04.227+0000] {processor.py:153} INFO - Started process (PID=5449) to work on /home/airflow/.local/lib/python3.7/site-packages/airflow/example_dags/example_trigger_target_dag.py
[2023-04-24T21:31:04.229+0000] {processor.py:743} INFO - Processing file /home/airflow/.local/lib/python3.7/site-packages/airflow/example_dags/example_trigger_target_dag.py for tasks to queue
[2023-04-24T21:31:04.230+0000] {logging_mixin.py:137} INFO - [2023-04-24T21:31:04.230+0000] {dagbag.py:538} INFO - Filling up the DagBag from /home/airflow/.local/lib/python3.7/site-packages/airflow/example_dags/example_trigger_target_dag.py
[2023-04-24T21:31:04.255+0000] {processor.py:753} INFO - DAG(s) dict_keys(['example_trigger_target_dag']) retrieved from /home/airflow/.local/lib/python3.7/site-packages/airflow/example_dags/example_trigger_target_dag.py
[2023-04-24T21:31:04.293+0000] {logging_mixin.py:137} INFO - [2023-04-24T21:31:04.293+0000] {dag.py:2690} INFO - Sync 1 DAGs
[2023-04-24T21:31:04.326+0000] {logging_mixin.py:137} INFO - [2023-04-24T21:31:04.326+0000] {dag.py:3441} INFO - Setting next_dagrun for example_trigger_target_dag to None, run_after=None
[2023-04-24T21:31:04.342+0000] {processor.py:175} INFO - Processing /home/airflow/.local/lib/python3.7/site-packages/airflow/example_dags/example_trigger_target_dag.py took 0.119 seconds
[2023-04-24T22:36:52.550+0000] {processor.py:153} INFO - Started process (PID=5526) to work on /home/airflow/.local/lib/python3.7/site-packages/airflow/example_dags/example_trigger_target_dag.py
[2023-04-24T22:36:52.552+0000] {processor.py:743} INFO - Processing file /home/airflow/.local/lib/python3.7/site-packages/airflow/example_dags/example_trigger_target_dag.py for tasks to queue
[2023-04-24T22:36:52.554+0000] {logging_mixin.py:137} INFO - [2023-04-24T22:36:52.553+0000] {dagbag.py:538} INFO - Filling up the DagBag from /home/airflow/.local/lib/python3.7/site-packages/airflow/example_dags/example_trigger_target_dag.py
[2023-04-24T22:36:52.582+0000] {processor.py:753} INFO - DAG(s) dict_keys(['example_trigger_target_dag']) retrieved from /home/airflow/.local/lib/python3.7/site-packages/airflow/example_dags/example_trigger_target_dag.py
[2023-04-24T22:36:52.611+0000] {logging_mixin.py:137} INFO - [2023-04-24T22:36:52.611+0000] {dag.py:2690} INFO - Sync 1 DAGs
[2023-04-24T22:36:52.639+0000] {logging_mixin.py:137} INFO - [2023-04-24T22:36:52.638+0000] {dag.py:3441} INFO - Setting next_dagrun for example_trigger_target_dag to None, run_after=None
[2023-04-24T22:36:52.656+0000] {processor.py:175} INFO - Processing /home/airflow/.local/lib/python3.7/site-packages/airflow/example_dags/example_trigger_target_dag.py took 0.109 seconds
