[2023-04-24T12:39:26.443+0000] {processor.py:153} INFO - Started process (PID=296) to work on /home/airflow/.local/lib/python3.7/site-packages/airflow/example_dags/example_branch_operator_decorator.py
[2023-04-24T12:39:26.447+0000] {processor.py:743} INFO - Processing file /home/airflow/.local/lib/python3.7/site-packages/airflow/example_dags/example_branch_operator_decorator.py for tasks to queue
[2023-04-24T12:39:26.449+0000] {logging_mixin.py:137} INFO - [2023-04-24T12:39:26.449+0000] {dagbag.py:538} INFO - Filling up the DagBag from /home/airflow/.local/lib/python3.7/site-packages/airflow/example_dags/example_branch_operator_decorator.py
[2023-04-24T12:39:26.963+0000] {processor.py:753} INFO - DAG(s) dict_keys(['example_branch_python_operator_decorator']) retrieved from /home/airflow/.local/lib/python3.7/site-packages/airflow/example_dags/example_branch_operator_decorator.py
[2023-04-24T12:39:27.370+0000] {logging_mixin.py:137} INFO - [2023-04-24T12:39:27.370+0000] {dag.py:2690} INFO - Sync 1 DAGs
[2023-04-24T12:39:27.652+0000] {logging_mixin.py:137} INFO - [2023-04-24T12:39:27.625+0000] {dag.py:2711} INFO - Creating ORM DAG for example_branch_python_operator_decorator
[2023-04-24T12:39:28.082+0000] {logging_mixin.py:137} INFO - [2023-04-24T12:39:28.049+0000] {dag.py:3441} INFO - Setting next_dagrun for example_branch_python_operator_decorator to 2023-04-23T00:00:00+00:00, run_after=2023-04-24T00:00:00+00:00
[2023-04-24T12:39:30.602+0000] {processor.py:175} INFO - Processing /home/airflow/.local/lib/python3.7/site-packages/airflow/example_dags/example_branch_operator_decorator.py took 4.165 seconds
[2023-04-24T12:40:30.596+0000] {processor.py:153} INFO - Started process (PID=370) to work on /home/airflow/.local/lib/python3.7/site-packages/airflow/example_dags/example_branch_operator_decorator.py
[2023-04-24T12:40:30.619+0000] {processor.py:743} INFO - Processing file /home/airflow/.local/lib/python3.7/site-packages/airflow/example_dags/example_branch_operator_decorator.py for tasks to queue
[2023-04-24T12:40:30.621+0000] {logging_mixin.py:137} INFO - [2023-04-24T12:40:30.621+0000] {dagbag.py:538} INFO - Filling up the DagBag from /home/airflow/.local/lib/python3.7/site-packages/airflow/example_dags/example_branch_operator_decorator.py
[2023-04-24T12:40:30.920+0000] {processor.py:753} INFO - DAG(s) dict_keys(['example_branch_python_operator_decorator']) retrieved from /home/airflow/.local/lib/python3.7/site-packages/airflow/example_dags/example_branch_operator_decorator.py
[2023-04-24T12:40:31.208+0000] {logging_mixin.py:137} INFO - [2023-04-24T12:40:31.208+0000] {dag.py:2690} INFO - Sync 1 DAGs
[2023-04-24T12:40:31.555+0000] {logging_mixin.py:137} INFO - [2023-04-24T12:40:31.555+0000] {dag.py:3441} INFO - Setting next_dagrun for example_branch_python_operator_decorator to 2023-04-23T00:00:00+00:00, run_after=2023-04-24T00:00:00+00:00
[2023-04-24T12:40:31.876+0000] {processor.py:175} INFO - Processing /home/airflow/.local/lib/python3.7/site-packages/airflow/example_dags/example_branch_operator_decorator.py took 1.318 seconds
[2023-04-24T12:41:41.565+0000] {processor.py:153} INFO - Started process (PID=439) to work on /home/airflow/.local/lib/python3.7/site-packages/airflow/example_dags/example_branch_operator_decorator.py
[2023-04-24T12:41:41.569+0000] {processor.py:743} INFO - Processing file /home/airflow/.local/lib/python3.7/site-packages/airflow/example_dags/example_branch_operator_decorator.py for tasks to queue
[2023-04-24T12:41:41.573+0000] {logging_mixin.py:137} INFO - [2023-04-24T12:41:41.573+0000] {dagbag.py:538} INFO - Filling up the DagBag from /home/airflow/.local/lib/python3.7/site-packages/airflow/example_dags/example_branch_operator_decorator.py
[2023-04-24T12:41:41.818+0000] {processor.py:753} INFO - DAG(s) dict_keys(['example_branch_python_operator_decorator']) retrieved from /home/airflow/.local/lib/python3.7/site-packages/airflow/example_dags/example_branch_operator_decorator.py
[2023-04-24T12:41:41.996+0000] {logging_mixin.py:137} INFO - [2023-04-24T12:41:41.995+0000] {dag.py:2690} INFO - Sync 1 DAGs
[2023-04-24T12:41:42.130+0000] {logging_mixin.py:137} INFO - [2023-04-24T12:41:42.130+0000] {dag.py:3441} INFO - Setting next_dagrun for example_branch_python_operator_decorator to 2023-04-23T00:00:00+00:00, run_after=2023-04-24T00:00:00+00:00
[2023-04-24T12:41:42.291+0000] {processor.py:175} INFO - Processing /home/airflow/.local/lib/python3.7/site-packages/airflow/example_dags/example_branch_operator_decorator.py took 0.774 seconds
[2023-04-24T12:47:25.355+0000] {processor.py:153} INFO - Started process (PID=617) to work on /home/airflow/.local/lib/python3.7/site-packages/airflow/example_dags/example_branch_operator_decorator.py
[2023-04-24T12:47:25.380+0000] {processor.py:743} INFO - Processing file /home/airflow/.local/lib/python3.7/site-packages/airflow/example_dags/example_branch_operator_decorator.py for tasks to queue
[2023-04-24T12:47:25.394+0000] {logging_mixin.py:137} INFO - [2023-04-24T12:47:25.394+0000] {dagbag.py:538} INFO - Filling up the DagBag from /home/airflow/.local/lib/python3.7/site-packages/airflow/example_dags/example_branch_operator_decorator.py
[2023-04-24T12:47:26.072+0000] {processor.py:753} INFO - DAG(s) dict_keys(['example_branch_python_operator_decorator']) retrieved from /home/airflow/.local/lib/python3.7/site-packages/airflow/example_dags/example_branch_operator_decorator.py
[2023-04-24T12:47:26.331+0000] {logging_mixin.py:137} INFO - [2023-04-24T12:47:26.331+0000] {dag.py:2690} INFO - Sync 1 DAGs
[2023-04-24T12:47:26.662+0000] {logging_mixin.py:137} INFO - [2023-04-24T12:47:26.662+0000] {dag.py:3441} INFO - Setting next_dagrun for example_branch_python_operator_decorator to 2023-04-23T00:00:00+00:00, run_after=2023-04-24T00:00:00+00:00
[2023-04-24T12:47:27.098+0000] {processor.py:175} INFO - Processing /home/airflow/.local/lib/python3.7/site-packages/airflow/example_dags/example_branch_operator_decorator.py took 1.791 seconds
[2023-04-24T12:48:03.435+0000] {processor.py:153} INFO - Started process (PID=660) to work on /home/airflow/.local/lib/python3.7/site-packages/airflow/example_dags/example_branch_operator_decorator.py
[2023-04-24T12:48:03.440+0000] {processor.py:743} INFO - Processing file /home/airflow/.local/lib/python3.7/site-packages/airflow/example_dags/example_branch_operator_decorator.py for tasks to queue
[2023-04-24T12:48:03.444+0000] {logging_mixin.py:137} INFO - [2023-04-24T12:48:03.444+0000] {dagbag.py:538} INFO - Filling up the DagBag from /home/airflow/.local/lib/python3.7/site-packages/airflow/example_dags/example_branch_operator_decorator.py
[2023-04-24T12:48:03.579+0000] {processor.py:753} INFO - DAG(s) dict_keys(['example_branch_python_operator_decorator']) retrieved from /home/airflow/.local/lib/python3.7/site-packages/airflow/example_dags/example_branch_operator_decorator.py
[2023-04-24T12:48:03.735+0000] {logging_mixin.py:137} INFO - [2023-04-24T12:48:03.735+0000] {dag.py:2690} INFO - Sync 1 DAGs
[2023-04-24T12:48:03.898+0000] {logging_mixin.py:137} INFO - [2023-04-24T12:48:03.898+0000] {dag.py:3441} INFO - Setting next_dagrun for example_branch_python_operator_decorator to 2023-04-23T00:00:00+00:00, run_after=2023-04-24T00:00:00+00:00
[2023-04-24T12:48:03.998+0000] {processor.py:175} INFO - Processing /home/airflow/.local/lib/python3.7/site-packages/airflow/example_dags/example_branch_operator_decorator.py took 0.587 seconds
[2023-04-24T12:56:15.814+0000] {processor.py:153} INFO - Started process (PID=892) to work on /home/airflow/.local/lib/python3.7/site-packages/airflow/example_dags/example_branch_operator_decorator.py
[2023-04-24T12:56:15.844+0000] {processor.py:743} INFO - Processing file /home/airflow/.local/lib/python3.7/site-packages/airflow/example_dags/example_branch_operator_decorator.py for tasks to queue
[2023-04-24T12:56:15.854+0000] {logging_mixin.py:137} INFO - [2023-04-24T12:56:15.854+0000] {dagbag.py:538} INFO - Filling up the DagBag from /home/airflow/.local/lib/python3.7/site-packages/airflow/example_dags/example_branch_operator_decorator.py
[2023-04-24T12:56:16.504+0000] {processor.py:753} INFO - DAG(s) dict_keys(['example_branch_python_operator_decorator']) retrieved from /home/airflow/.local/lib/python3.7/site-packages/airflow/example_dags/example_branch_operator_decorator.py
[2023-04-24T12:56:16.917+0000] {logging_mixin.py:137} INFO - [2023-04-24T12:56:16.917+0000] {dag.py:2690} INFO - Sync 1 DAGs
[2023-04-24T12:56:17.482+0000] {logging_mixin.py:137} INFO - [2023-04-24T12:56:17.481+0000] {dag.py:3441} INFO - Setting next_dagrun for example_branch_python_operator_decorator to 2023-04-23T00:00:00+00:00, run_after=2023-04-24T00:00:00+00:00
[2023-04-24T12:56:18.134+0000] {processor.py:175} INFO - Processing /home/airflow/.local/lib/python3.7/site-packages/airflow/example_dags/example_branch_operator_decorator.py took 2.382 seconds
[2023-04-24T12:58:13.735+0000] {processor.py:153} INFO - Started process (PID=1009) to work on /home/airflow/.local/lib/python3.7/site-packages/airflow/example_dags/example_branch_operator_decorator.py
[2023-04-24T12:58:13.740+0000] {processor.py:743} INFO - Processing file /home/airflow/.local/lib/python3.7/site-packages/airflow/example_dags/example_branch_operator_decorator.py for tasks to queue
[2023-04-24T12:58:13.743+0000] {logging_mixin.py:137} INFO - [2023-04-24T12:58:13.743+0000] {dagbag.py:538} INFO - Filling up the DagBag from /home/airflow/.local/lib/python3.7/site-packages/airflow/example_dags/example_branch_operator_decorator.py
[2023-04-24T12:58:13.918+0000] {processor.py:753} INFO - DAG(s) dict_keys(['example_branch_python_operator_decorator']) retrieved from /home/airflow/.local/lib/python3.7/site-packages/airflow/example_dags/example_branch_operator_decorator.py
[2023-04-24T12:58:14.058+0000] {logging_mixin.py:137} INFO - [2023-04-24T12:58:14.058+0000] {dag.py:2690} INFO - Sync 1 DAGs
[2023-04-24T12:58:14.218+0000] {logging_mixin.py:137} INFO - [2023-04-24T12:58:14.217+0000] {dag.py:3441} INFO - Setting next_dagrun for example_branch_python_operator_decorator to 2023-04-23T00:00:00+00:00, run_after=2023-04-24T00:00:00+00:00
[2023-04-24T12:58:14.377+0000] {processor.py:175} INFO - Processing /home/airflow/.local/lib/python3.7/site-packages/airflow/example_dags/example_branch_operator_decorator.py took 0.659 seconds
[2023-04-24T13:04:12.742+0000] {processor.py:153} INFO - Started process (PID=1196) to work on /home/airflow/.local/lib/python3.7/site-packages/airflow/example_dags/example_branch_operator_decorator.py
[2023-04-24T13:04:12.769+0000] {processor.py:743} INFO - Processing file /home/airflow/.local/lib/python3.7/site-packages/airflow/example_dags/example_branch_operator_decorator.py for tasks to queue
[2023-04-24T13:04:12.771+0000] {logging_mixin.py:137} INFO - [2023-04-24T13:04:12.771+0000] {dagbag.py:538} INFO - Filling up the DagBag from /home/airflow/.local/lib/python3.7/site-packages/airflow/example_dags/example_branch_operator_decorator.py
[2023-04-24T13:04:13.562+0000] {processor.py:753} INFO - DAG(s) dict_keys(['example_branch_python_operator_decorator']) retrieved from /home/airflow/.local/lib/python3.7/site-packages/airflow/example_dags/example_branch_operator_decorator.py
[2023-04-24T13:04:14.290+0000] {logging_mixin.py:137} INFO - [2023-04-24T13:04:14.289+0000] {dag.py:2690} INFO - Sync 1 DAGs
[2023-04-24T13:04:15.100+0000] {logging_mixin.py:137} INFO - [2023-04-24T13:04:15.056+0000] {dag.py:3441} INFO - Setting next_dagrun for example_branch_python_operator_decorator to 2023-04-23T00:00:00+00:00, run_after=2023-04-24T00:00:00+00:00
[2023-04-24T13:04:15.477+0000] {processor.py:175} INFO - Processing /home/airflow/.local/lib/python3.7/site-packages/airflow/example_dags/example_branch_operator_decorator.py took 2.828 seconds
[2023-04-24T13:09:49.824+0000] {processor.py:153} INFO - Started process (PID=1396) to work on /home/airflow/.local/lib/python3.7/site-packages/airflow/example_dags/example_branch_operator_decorator.py
[2023-04-24T13:09:49.829+0000] {processor.py:743} INFO - Processing file /home/airflow/.local/lib/python3.7/site-packages/airflow/example_dags/example_branch_operator_decorator.py for tasks to queue
[2023-04-24T13:09:49.830+0000] {logging_mixin.py:137} INFO - [2023-04-24T13:09:49.830+0000] {dagbag.py:538} INFO - Filling up the DagBag from /home/airflow/.local/lib/python3.7/site-packages/airflow/example_dags/example_branch_operator_decorator.py
[2023-04-24T13:09:56.890+0000] {processor.py:753} INFO - DAG(s) dict_keys(['example_branch_python_operator_decorator']) retrieved from /home/airflow/.local/lib/python3.7/site-packages/airflow/example_dags/example_branch_operator_decorator.py
[2023-04-24T13:09:59.309+0000] {logging_mixin.py:137} INFO - [2023-04-24T13:09:59.309+0000] {dag.py:2690} INFO - Sync 1 DAGs
[2023-04-24T13:10:03.222+0000] {logging_mixin.py:137} INFO - [2023-04-24T13:10:03.185+0000] {dag.py:3441} INFO - Setting next_dagrun for example_branch_python_operator_decorator to 2023-04-23T00:00:00+00:00, run_after=2023-04-24T00:00:00+00:00
[2023-04-24T13:10:05.122+0000] {processor.py:175} INFO - Processing /home/airflow/.local/lib/python3.7/site-packages/airflow/example_dags/example_branch_operator_decorator.py took 15.311 seconds
[2023-04-24T13:11:52.954+0000] {processor.py:153} INFO - Started process (PID=1496) to work on /home/airflow/.local/lib/python3.7/site-packages/airflow/example_dags/example_branch_operator_decorator.py
[2023-04-24T13:11:52.957+0000] {processor.py:743} INFO - Processing file /home/airflow/.local/lib/python3.7/site-packages/airflow/example_dags/example_branch_operator_decorator.py for tasks to queue
[2023-04-24T13:11:52.959+0000] {logging_mixin.py:137} INFO - [2023-04-24T13:11:52.959+0000] {dagbag.py:538} INFO - Filling up the DagBag from /home/airflow/.local/lib/python3.7/site-packages/airflow/example_dags/example_branch_operator_decorator.py
[2023-04-24T13:11:52.990+0000] {processor.py:753} INFO - DAG(s) dict_keys(['example_branch_python_operator_decorator']) retrieved from /home/airflow/.local/lib/python3.7/site-packages/airflow/example_dags/example_branch_operator_decorator.py
[2023-04-24T13:11:53.033+0000] {logging_mixin.py:137} INFO - [2023-04-24T13:11:53.033+0000] {dag.py:2690} INFO - Sync 1 DAGs
[2023-04-24T13:11:53.094+0000] {logging_mixin.py:137} INFO - [2023-04-24T13:11:53.094+0000] {dag.py:3441} INFO - Setting next_dagrun for example_branch_python_operator_decorator to 2023-04-23T00:00:00+00:00, run_after=2023-04-24T00:00:00+00:00
[2023-04-24T13:11:53.206+0000] {processor.py:175} INFO - Processing /home/airflow/.local/lib/python3.7/site-packages/airflow/example_dags/example_branch_operator_decorator.py took 0.256 seconds
[2023-04-24T13:12:23.607+0000] {processor.py:153} INFO - Started process (PID=1560) to work on /home/airflow/.local/lib/python3.7/site-packages/airflow/example_dags/example_branch_operator_decorator.py
[2023-04-24T13:12:23.609+0000] {processor.py:743} INFO - Processing file /home/airflow/.local/lib/python3.7/site-packages/airflow/example_dags/example_branch_operator_decorator.py for tasks to queue
[2023-04-24T13:12:23.610+0000] {logging_mixin.py:137} INFO - [2023-04-24T13:12:23.610+0000] {dagbag.py:538} INFO - Filling up the DagBag from /home/airflow/.local/lib/python3.7/site-packages/airflow/example_dags/example_branch_operator_decorator.py
[2023-04-24T13:12:23.632+0000] {processor.py:753} INFO - DAG(s) dict_keys(['example_branch_python_operator_decorator']) retrieved from /home/airflow/.local/lib/python3.7/site-packages/airflow/example_dags/example_branch_operator_decorator.py
[2023-04-24T13:12:23.647+0000] {logging_mixin.py:137} INFO - [2023-04-24T13:12:23.647+0000] {dag.py:2690} INFO - Sync 1 DAGs
[2023-04-24T13:12:23.670+0000] {logging_mixin.py:137} INFO - [2023-04-24T13:12:23.670+0000] {dag.py:3441} INFO - Setting next_dagrun for example_branch_python_operator_decorator to 2023-04-23T00:00:00+00:00, run_after=2023-04-24T00:00:00+00:00
[2023-04-24T13:12:23.688+0000] {processor.py:175} INFO - Processing /home/airflow/.local/lib/python3.7/site-packages/airflow/example_dags/example_branch_operator_decorator.py took 0.084 seconds
[2023-04-24T13:12:53.775+0000] {processor.py:153} INFO - Started process (PID=1636) to work on /home/airflow/.local/lib/python3.7/site-packages/airflow/example_dags/example_branch_operator_decorator.py
[2023-04-24T13:12:53.776+0000] {processor.py:743} INFO - Processing file /home/airflow/.local/lib/python3.7/site-packages/airflow/example_dags/example_branch_operator_decorator.py for tasks to queue
[2023-04-24T13:12:53.777+0000] {logging_mixin.py:137} INFO - [2023-04-24T13:12:53.777+0000] {dagbag.py:538} INFO - Filling up the DagBag from /home/airflow/.local/lib/python3.7/site-packages/airflow/example_dags/example_branch_operator_decorator.py
[2023-04-24T13:12:53.794+0000] {processor.py:753} INFO - DAG(s) dict_keys(['example_branch_python_operator_decorator']) retrieved from /home/airflow/.local/lib/python3.7/site-packages/airflow/example_dags/example_branch_operator_decorator.py
[2023-04-24T13:12:53.814+0000] {logging_mixin.py:137} INFO - [2023-04-24T13:12:53.814+0000] {dag.py:2690} INFO - Sync 1 DAGs
[2023-04-24T13:12:53.829+0000] {logging_mixin.py:137} INFO - [2023-04-24T13:12:53.829+0000] {dag.py:3441} INFO - Setting next_dagrun for example_branch_python_operator_decorator to 2023-04-23T00:00:00+00:00, run_after=2023-04-24T00:00:00+00:00
[2023-04-24T13:12:53.842+0000] {processor.py:175} INFO - Processing /home/airflow/.local/lib/python3.7/site-packages/airflow/example_dags/example_branch_operator_decorator.py took 0.070 seconds
[2023-04-24T13:13:24.130+0000] {processor.py:153} INFO - Started process (PID=1700) to work on /home/airflow/.local/lib/python3.7/site-packages/airflow/example_dags/example_branch_operator_decorator.py
[2023-04-24T13:13:24.131+0000] {processor.py:743} INFO - Processing file /home/airflow/.local/lib/python3.7/site-packages/airflow/example_dags/example_branch_operator_decorator.py for tasks to queue
[2023-04-24T13:13:24.131+0000] {logging_mixin.py:137} INFO - [2023-04-24T13:13:24.131+0000] {dagbag.py:538} INFO - Filling up the DagBag from /home/airflow/.local/lib/python3.7/site-packages/airflow/example_dags/example_branch_operator_decorator.py
[2023-04-24T13:13:24.148+0000] {processor.py:753} INFO - DAG(s) dict_keys(['example_branch_python_operator_decorator']) retrieved from /home/airflow/.local/lib/python3.7/site-packages/airflow/example_dags/example_branch_operator_decorator.py
[2023-04-24T13:13:24.168+0000] {logging_mixin.py:137} INFO - [2023-04-24T13:13:24.168+0000] {dag.py:2690} INFO - Sync 1 DAGs
[2023-04-24T13:13:24.184+0000] {logging_mixin.py:137} INFO - [2023-04-24T13:13:24.184+0000] {dag.py:3441} INFO - Setting next_dagrun for example_branch_python_operator_decorator to 2023-04-23T00:00:00+00:00, run_after=2023-04-24T00:00:00+00:00
[2023-04-24T13:13:24.196+0000] {processor.py:175} INFO - Processing /home/airflow/.local/lib/python3.7/site-packages/airflow/example_dags/example_branch_operator_decorator.py took 0.069 seconds
[2023-04-24T13:13:54.329+0000] {processor.py:153} INFO - Started process (PID=1775) to work on /home/airflow/.local/lib/python3.7/site-packages/airflow/example_dags/example_branch_operator_decorator.py
[2023-04-24T13:13:54.331+0000] {processor.py:743} INFO - Processing file /home/airflow/.local/lib/python3.7/site-packages/airflow/example_dags/example_branch_operator_decorator.py for tasks to queue
[2023-04-24T13:13:54.337+0000] {logging_mixin.py:137} INFO - [2023-04-24T13:13:54.337+0000] {dagbag.py:538} INFO - Filling up the DagBag from /home/airflow/.local/lib/python3.7/site-packages/airflow/example_dags/example_branch_operator_decorator.py
[2023-04-24T13:13:54.355+0000] {processor.py:753} INFO - DAG(s) dict_keys(['example_branch_python_operator_decorator']) retrieved from /home/airflow/.local/lib/python3.7/site-packages/airflow/example_dags/example_branch_operator_decorator.py
[2023-04-24T13:13:54.375+0000] {logging_mixin.py:137} INFO - [2023-04-24T13:13:54.375+0000] {dag.py:2690} INFO - Sync 1 DAGs
[2023-04-24T13:13:54.393+0000] {logging_mixin.py:137} INFO - [2023-04-24T13:13:54.392+0000] {dag.py:3441} INFO - Setting next_dagrun for example_branch_python_operator_decorator to 2023-04-23T00:00:00+00:00, run_after=2023-04-24T00:00:00+00:00
[2023-04-24T13:13:54.404+0000] {processor.py:175} INFO - Processing /home/airflow/.local/lib/python3.7/site-packages/airflow/example_dags/example_branch_operator_decorator.py took 0.078 seconds
[2023-04-24T13:14:24.643+0000] {processor.py:153} INFO - Started process (PID=1851) to work on /home/airflow/.local/lib/python3.7/site-packages/airflow/example_dags/example_branch_operator_decorator.py
[2023-04-24T13:14:24.645+0000] {processor.py:743} INFO - Processing file /home/airflow/.local/lib/python3.7/site-packages/airflow/example_dags/example_branch_operator_decorator.py for tasks to queue
[2023-04-24T13:14:24.646+0000] {logging_mixin.py:137} INFO - [2023-04-24T13:14:24.646+0000] {dagbag.py:538} INFO - Filling up the DagBag from /home/airflow/.local/lib/python3.7/site-packages/airflow/example_dags/example_branch_operator_decorator.py
[2023-04-24T13:14:24.664+0000] {processor.py:753} INFO - DAG(s) dict_keys(['example_branch_python_operator_decorator']) retrieved from /home/airflow/.local/lib/python3.7/site-packages/airflow/example_dags/example_branch_operator_decorator.py
[2023-04-24T13:14:24.684+0000] {logging_mixin.py:137} INFO - [2023-04-24T13:14:24.684+0000] {dag.py:2690} INFO - Sync 1 DAGs
[2023-04-24T13:14:24.701+0000] {logging_mixin.py:137} INFO - [2023-04-24T13:14:24.701+0000] {dag.py:3441} INFO - Setting next_dagrun for example_branch_python_operator_decorator to 2023-04-23T00:00:00+00:00, run_after=2023-04-24T00:00:00+00:00
[2023-04-24T13:14:24.712+0000] {processor.py:175} INFO - Processing /home/airflow/.local/lib/python3.7/site-packages/airflow/example_dags/example_branch_operator_decorator.py took 0.072 seconds
[2023-04-24T13:14:54.914+0000] {processor.py:153} INFO - Started process (PID=1922) to work on /home/airflow/.local/lib/python3.7/site-packages/airflow/example_dags/example_branch_operator_decorator.py
[2023-04-24T13:14:54.917+0000] {processor.py:743} INFO - Processing file /home/airflow/.local/lib/python3.7/site-packages/airflow/example_dags/example_branch_operator_decorator.py for tasks to queue
[2023-04-24T13:14:54.918+0000] {logging_mixin.py:137} INFO - [2023-04-24T13:14:54.918+0000] {dagbag.py:538} INFO - Filling up the DagBag from /home/airflow/.local/lib/python3.7/site-packages/airflow/example_dags/example_branch_operator_decorator.py
[2023-04-24T13:14:54.936+0000] {processor.py:753} INFO - DAG(s) dict_keys(['example_branch_python_operator_decorator']) retrieved from /home/airflow/.local/lib/python3.7/site-packages/airflow/example_dags/example_branch_operator_decorator.py
[2023-04-24T13:14:54.961+0000] {logging_mixin.py:137} INFO - [2023-04-24T13:14:54.961+0000] {dag.py:2690} INFO - Sync 1 DAGs
[2023-04-24T13:14:54.996+0000] {logging_mixin.py:137} INFO - [2023-04-24T13:14:54.996+0000] {dag.py:3441} INFO - Setting next_dagrun for example_branch_python_operator_decorator to 2023-04-23T00:00:00+00:00, run_after=2023-04-24T00:00:00+00:00
[2023-04-24T13:14:55.020+0000] {processor.py:175} INFO - Processing /home/airflow/.local/lib/python3.7/site-packages/airflow/example_dags/example_branch_operator_decorator.py took 0.109 seconds
[2023-04-24T13:15:25.178+0000] {processor.py:153} INFO - Started process (PID=1991) to work on /home/airflow/.local/lib/python3.7/site-packages/airflow/example_dags/example_branch_operator_decorator.py
[2023-04-24T13:15:25.179+0000] {processor.py:743} INFO - Processing file /home/airflow/.local/lib/python3.7/site-packages/airflow/example_dags/example_branch_operator_decorator.py for tasks to queue
[2023-04-24T13:15:25.180+0000] {logging_mixin.py:137} INFO - [2023-04-24T13:15:25.180+0000] {dagbag.py:538} INFO - Filling up the DagBag from /home/airflow/.local/lib/python3.7/site-packages/airflow/example_dags/example_branch_operator_decorator.py
[2023-04-24T13:15:25.197+0000] {processor.py:753} INFO - DAG(s) dict_keys(['example_branch_python_operator_decorator']) retrieved from /home/airflow/.local/lib/python3.7/site-packages/airflow/example_dags/example_branch_operator_decorator.py
[2023-04-24T13:15:25.217+0000] {logging_mixin.py:137} INFO - [2023-04-24T13:15:25.217+0000] {dag.py:2690} INFO - Sync 1 DAGs
[2023-04-24T13:15:25.233+0000] {logging_mixin.py:137} INFO - [2023-04-24T13:15:25.233+0000] {dag.py:3441} INFO - Setting next_dagrun for example_branch_python_operator_decorator to 2023-04-23T00:00:00+00:00, run_after=2023-04-24T00:00:00+00:00
[2023-04-24T13:15:25.245+0000] {processor.py:175} INFO - Processing /home/airflow/.local/lib/python3.7/site-packages/airflow/example_dags/example_branch_operator_decorator.py took 0.070 seconds
[2023-04-24T13:15:55.463+0000] {processor.py:153} INFO - Started process (PID=2069) to work on /home/airflow/.local/lib/python3.7/site-packages/airflow/example_dags/example_branch_operator_decorator.py
[2023-04-24T13:15:55.464+0000] {processor.py:743} INFO - Processing file /home/airflow/.local/lib/python3.7/site-packages/airflow/example_dags/example_branch_operator_decorator.py for tasks to queue
[2023-04-24T13:15:55.464+0000] {logging_mixin.py:137} INFO - [2023-04-24T13:15:55.464+0000] {dagbag.py:538} INFO - Filling up the DagBag from /home/airflow/.local/lib/python3.7/site-packages/airflow/example_dags/example_branch_operator_decorator.py
[2023-04-24T13:15:55.480+0000] {processor.py:753} INFO - DAG(s) dict_keys(['example_branch_python_operator_decorator']) retrieved from /home/airflow/.local/lib/python3.7/site-packages/airflow/example_dags/example_branch_operator_decorator.py
[2023-04-24T13:15:55.500+0000] {logging_mixin.py:137} INFO - [2023-04-24T13:15:55.500+0000] {dag.py:2690} INFO - Sync 1 DAGs
[2023-04-24T13:15:55.516+0000] {logging_mixin.py:137} INFO - [2023-04-24T13:15:55.515+0000] {dag.py:3441} INFO - Setting next_dagrun for example_branch_python_operator_decorator to 2023-04-23T00:00:00+00:00, run_after=2023-04-24T00:00:00+00:00
[2023-04-24T13:15:55.528+0000] {processor.py:175} INFO - Processing /home/airflow/.local/lib/python3.7/site-packages/airflow/example_dags/example_branch_operator_decorator.py took 0.068 seconds
[2023-04-24T13:16:26.263+0000] {processor.py:153} INFO - Started process (PID=2146) to work on /home/airflow/.local/lib/python3.7/site-packages/airflow/example_dags/example_branch_operator_decorator.py
[2023-04-24T13:16:26.265+0000] {processor.py:743} INFO - Processing file /home/airflow/.local/lib/python3.7/site-packages/airflow/example_dags/example_branch_operator_decorator.py for tasks to queue
[2023-04-24T13:16:26.266+0000] {logging_mixin.py:137} INFO - [2023-04-24T13:16:26.266+0000] {dagbag.py:538} INFO - Filling up the DagBag from /home/airflow/.local/lib/python3.7/site-packages/airflow/example_dags/example_branch_operator_decorator.py
[2023-04-24T13:16:26.288+0000] {processor.py:753} INFO - DAG(s) dict_keys(['example_branch_python_operator_decorator']) retrieved from /home/airflow/.local/lib/python3.7/site-packages/airflow/example_dags/example_branch_operator_decorator.py
[2023-04-24T13:16:26.302+0000] {logging_mixin.py:137} INFO - [2023-04-24T13:16:26.301+0000] {dag.py:2690} INFO - Sync 1 DAGs
[2023-04-24T13:16:26.325+0000] {logging_mixin.py:137} INFO - [2023-04-24T13:16:26.324+0000] {dag.py:3441} INFO - Setting next_dagrun for example_branch_python_operator_decorator to 2023-04-23T00:00:00+00:00, run_after=2023-04-24T00:00:00+00:00
[2023-04-24T13:16:26.336+0000] {processor.py:175} INFO - Processing /home/airflow/.local/lib/python3.7/site-packages/airflow/example_dags/example_branch_operator_decorator.py took 0.076 seconds
[2023-04-24T13:16:56.741+0000] {processor.py:153} INFO - Started process (PID=2210) to work on /home/airflow/.local/lib/python3.7/site-packages/airflow/example_dags/example_branch_operator_decorator.py
[2023-04-24T13:16:56.742+0000] {processor.py:743} INFO - Processing file /home/airflow/.local/lib/python3.7/site-packages/airflow/example_dags/example_branch_operator_decorator.py for tasks to queue
[2023-04-24T13:16:56.742+0000] {logging_mixin.py:137} INFO - [2023-04-24T13:16:56.742+0000] {dagbag.py:538} INFO - Filling up the DagBag from /home/airflow/.local/lib/python3.7/site-packages/airflow/example_dags/example_branch_operator_decorator.py
[2023-04-24T13:16:56.759+0000] {processor.py:753} INFO - DAG(s) dict_keys(['example_branch_python_operator_decorator']) retrieved from /home/airflow/.local/lib/python3.7/site-packages/airflow/example_dags/example_branch_operator_decorator.py
[2023-04-24T13:16:56.781+0000] {logging_mixin.py:137} INFO - [2023-04-24T13:16:56.781+0000] {dag.py:2690} INFO - Sync 1 DAGs
[2023-04-24T13:16:56.799+0000] {logging_mixin.py:137} INFO - [2023-04-24T13:16:56.798+0000] {dag.py:3441} INFO - Setting next_dagrun for example_branch_python_operator_decorator to 2023-04-23T00:00:00+00:00, run_after=2023-04-24T00:00:00+00:00
[2023-04-24T13:16:56.812+0000] {processor.py:175} INFO - Processing /home/airflow/.local/lib/python3.7/site-packages/airflow/example_dags/example_branch_operator_decorator.py took 0.074 seconds
[2023-04-24T13:17:27.155+0000] {processor.py:153} INFO - Started process (PID=2286) to work on /home/airflow/.local/lib/python3.7/site-packages/airflow/example_dags/example_branch_operator_decorator.py
[2023-04-24T13:17:27.157+0000] {processor.py:743} INFO - Processing file /home/airflow/.local/lib/python3.7/site-packages/airflow/example_dags/example_branch_operator_decorator.py for tasks to queue
[2023-04-24T13:17:27.158+0000] {logging_mixin.py:137} INFO - [2023-04-24T13:17:27.158+0000] {dagbag.py:538} INFO - Filling up the DagBag from /home/airflow/.local/lib/python3.7/site-packages/airflow/example_dags/example_branch_operator_decorator.py
[2023-04-24T13:17:27.178+0000] {processor.py:753} INFO - DAG(s) dict_keys(['example_branch_python_operator_decorator']) retrieved from /home/airflow/.local/lib/python3.7/site-packages/airflow/example_dags/example_branch_operator_decorator.py
[2023-04-24T13:17:27.199+0000] {logging_mixin.py:137} INFO - [2023-04-24T13:17:27.199+0000] {dag.py:2690} INFO - Sync 1 DAGs
[2023-04-24T13:17:27.221+0000] {logging_mixin.py:137} INFO - [2023-04-24T13:17:27.221+0000] {dag.py:3441} INFO - Setting next_dagrun for example_branch_python_operator_decorator to 2023-04-23T00:00:00+00:00, run_after=2023-04-24T00:00:00+00:00
[2023-04-24T13:17:27.233+0000] {processor.py:175} INFO - Processing /home/airflow/.local/lib/python3.7/site-packages/airflow/example_dags/example_branch_operator_decorator.py took 0.081 seconds
[2023-04-24T13:17:57.537+0000] {processor.py:153} INFO - Started process (PID=2362) to work on /home/airflow/.local/lib/python3.7/site-packages/airflow/example_dags/example_branch_operator_decorator.py
[2023-04-24T13:17:57.538+0000] {processor.py:743} INFO - Processing file /home/airflow/.local/lib/python3.7/site-packages/airflow/example_dags/example_branch_operator_decorator.py for tasks to queue
[2023-04-24T13:17:57.539+0000] {logging_mixin.py:137} INFO - [2023-04-24T13:17:57.538+0000] {dagbag.py:538} INFO - Filling up the DagBag from /home/airflow/.local/lib/python3.7/site-packages/airflow/example_dags/example_branch_operator_decorator.py
[2023-04-24T13:17:57.555+0000] {processor.py:753} INFO - DAG(s) dict_keys(['example_branch_python_operator_decorator']) retrieved from /home/airflow/.local/lib/python3.7/site-packages/airflow/example_dags/example_branch_operator_decorator.py
[2023-04-24T13:17:57.576+0000] {logging_mixin.py:137} INFO - [2023-04-24T13:17:57.576+0000] {dag.py:2690} INFO - Sync 1 DAGs
[2023-04-24T13:17:57.591+0000] {logging_mixin.py:137} INFO - [2023-04-24T13:17:57.591+0000] {dag.py:3441} INFO - Setting next_dagrun for example_branch_python_operator_decorator to 2023-04-23T00:00:00+00:00, run_after=2023-04-24T00:00:00+00:00
[2023-04-24T13:17:57.604+0000] {processor.py:175} INFO - Processing /home/airflow/.local/lib/python3.7/site-packages/airflow/example_dags/example_branch_operator_decorator.py took 0.071 seconds
[2023-04-24T13:18:27.744+0000] {processor.py:153} INFO - Started process (PID=2426) to work on /home/airflow/.local/lib/python3.7/site-packages/airflow/example_dags/example_branch_operator_decorator.py
[2023-04-24T13:18:27.746+0000] {processor.py:743} INFO - Processing file /home/airflow/.local/lib/python3.7/site-packages/airflow/example_dags/example_branch_operator_decorator.py for tasks to queue
[2023-04-24T13:18:27.746+0000] {logging_mixin.py:137} INFO - [2023-04-24T13:18:27.746+0000] {dagbag.py:538} INFO - Filling up the DagBag from /home/airflow/.local/lib/python3.7/site-packages/airflow/example_dags/example_branch_operator_decorator.py
[2023-04-24T13:18:27.765+0000] {processor.py:753} INFO - DAG(s) dict_keys(['example_branch_python_operator_decorator']) retrieved from /home/airflow/.local/lib/python3.7/site-packages/airflow/example_dags/example_branch_operator_decorator.py
[2023-04-24T13:18:27.785+0000] {logging_mixin.py:137} INFO - [2023-04-24T13:18:27.785+0000] {dag.py:2690} INFO - Sync 1 DAGs
[2023-04-24T13:18:27.803+0000] {logging_mixin.py:137} INFO - [2023-04-24T13:18:27.802+0000] {dag.py:3441} INFO - Setting next_dagrun for example_branch_python_operator_decorator to 2023-04-23T00:00:00+00:00, run_after=2023-04-24T00:00:00+00:00
[2023-04-24T13:18:27.815+0000] {processor.py:175} INFO - Processing /home/airflow/.local/lib/python3.7/site-packages/airflow/example_dags/example_branch_operator_decorator.py took 0.073 seconds
[2023-04-24T13:18:57.959+0000] {processor.py:153} INFO - Started process (PID=2502) to work on /home/airflow/.local/lib/python3.7/site-packages/airflow/example_dags/example_branch_operator_decorator.py
[2023-04-24T13:18:57.960+0000] {processor.py:743} INFO - Processing file /home/airflow/.local/lib/python3.7/site-packages/airflow/example_dags/example_branch_operator_decorator.py for tasks to queue
[2023-04-24T13:18:57.961+0000] {logging_mixin.py:137} INFO - [2023-04-24T13:18:57.961+0000] {dagbag.py:538} INFO - Filling up the DagBag from /home/airflow/.local/lib/python3.7/site-packages/airflow/example_dags/example_branch_operator_decorator.py
[2023-04-24T13:18:57.977+0000] {processor.py:753} INFO - DAG(s) dict_keys(['example_branch_python_operator_decorator']) retrieved from /home/airflow/.local/lib/python3.7/site-packages/airflow/example_dags/example_branch_operator_decorator.py
[2023-04-24T13:18:57.997+0000] {logging_mixin.py:137} INFO - [2023-04-24T13:18:57.997+0000] {dag.py:2690} INFO - Sync 1 DAGs
[2023-04-24T13:18:58.013+0000] {logging_mixin.py:137} INFO - [2023-04-24T13:18:58.013+0000] {dag.py:3441} INFO - Setting next_dagrun for example_branch_python_operator_decorator to 2023-04-23T00:00:00+00:00, run_after=2023-04-24T00:00:00+00:00
[2023-04-24T13:18:58.025+0000] {processor.py:175} INFO - Processing /home/airflow/.local/lib/python3.7/site-packages/airflow/example_dags/example_branch_operator_decorator.py took 0.068 seconds
[2023-04-24T13:19:28.284+0000] {processor.py:153} INFO - Started process (PID=2578) to work on /home/airflow/.local/lib/python3.7/site-packages/airflow/example_dags/example_branch_operator_decorator.py
[2023-04-24T13:19:28.285+0000] {processor.py:743} INFO - Processing file /home/airflow/.local/lib/python3.7/site-packages/airflow/example_dags/example_branch_operator_decorator.py for tasks to queue
[2023-04-24T13:19:28.285+0000] {logging_mixin.py:137} INFO - [2023-04-24T13:19:28.285+0000] {dagbag.py:538} INFO - Filling up the DagBag from /home/airflow/.local/lib/python3.7/site-packages/airflow/example_dags/example_branch_operator_decorator.py
[2023-04-24T13:19:28.303+0000] {processor.py:753} INFO - DAG(s) dict_keys(['example_branch_python_operator_decorator']) retrieved from /home/airflow/.local/lib/python3.7/site-packages/airflow/example_dags/example_branch_operator_decorator.py
[2023-04-24T13:19:28.325+0000] {logging_mixin.py:137} INFO - [2023-04-24T13:19:28.325+0000] {dag.py:2690} INFO - Sync 1 DAGs
[2023-04-24T13:19:28.342+0000] {logging_mixin.py:137} INFO - [2023-04-24T13:19:28.342+0000] {dag.py:3441} INFO - Setting next_dagrun for example_branch_python_operator_decorator to 2023-04-23T00:00:00+00:00, run_after=2023-04-24T00:00:00+00:00
[2023-04-24T13:19:28.353+0000] {processor.py:175} INFO - Processing /home/airflow/.local/lib/python3.7/site-packages/airflow/example_dags/example_branch_operator_decorator.py took 0.073 seconds
[2023-04-24T13:19:58.741+0000] {processor.py:153} INFO - Started process (PID=2644) to work on /home/airflow/.local/lib/python3.7/site-packages/airflow/example_dags/example_branch_operator_decorator.py
[2023-04-24T13:19:58.742+0000] {processor.py:743} INFO - Processing file /home/airflow/.local/lib/python3.7/site-packages/airflow/example_dags/example_branch_operator_decorator.py for tasks to queue
[2023-04-24T13:19:58.743+0000] {logging_mixin.py:137} INFO - [2023-04-24T13:19:58.743+0000] {dagbag.py:538} INFO - Filling up the DagBag from /home/airflow/.local/lib/python3.7/site-packages/airflow/example_dags/example_branch_operator_decorator.py
[2023-04-24T13:19:58.761+0000] {processor.py:753} INFO - DAG(s) dict_keys(['example_branch_python_operator_decorator']) retrieved from /home/airflow/.local/lib/python3.7/site-packages/airflow/example_dags/example_branch_operator_decorator.py
[2023-04-24T13:19:58.783+0000] {logging_mixin.py:137} INFO - [2023-04-24T13:19:58.782+0000] {dag.py:2690} INFO - Sync 1 DAGs
[2023-04-24T13:19:58.799+0000] {logging_mixin.py:137} INFO - [2023-04-24T13:19:58.799+0000] {dag.py:3441} INFO - Setting next_dagrun for example_branch_python_operator_decorator to 2023-04-23T00:00:00+00:00, run_after=2023-04-24T00:00:00+00:00
[2023-04-24T13:19:58.810+0000] {processor.py:175} INFO - Processing /home/airflow/.local/lib/python3.7/site-packages/airflow/example_dags/example_branch_operator_decorator.py took 0.073 seconds
[2023-04-24T13:20:29.219+0000] {processor.py:153} INFO - Started process (PID=2725) to work on /home/airflow/.local/lib/python3.7/site-packages/airflow/example_dags/example_branch_operator_decorator.py
[2023-04-24T13:20:29.221+0000] {processor.py:743} INFO - Processing file /home/airflow/.local/lib/python3.7/site-packages/airflow/example_dags/example_branch_operator_decorator.py for tasks to queue
[2023-04-24T13:20:29.223+0000] {logging_mixin.py:137} INFO - [2023-04-24T13:20:29.222+0000] {dagbag.py:538} INFO - Filling up the DagBag from /home/airflow/.local/lib/python3.7/site-packages/airflow/example_dags/example_branch_operator_decorator.py
[2023-04-24T13:20:29.246+0000] {processor.py:753} INFO - DAG(s) dict_keys(['example_branch_python_operator_decorator']) retrieved from /home/airflow/.local/lib/python3.7/site-packages/airflow/example_dags/example_branch_operator_decorator.py
[2023-04-24T13:20:29.277+0000] {logging_mixin.py:137} INFO - [2023-04-24T13:20:29.277+0000] {dag.py:2690} INFO - Sync 1 DAGs
[2023-04-24T13:20:29.296+0000] {logging_mixin.py:137} INFO - [2023-04-24T13:20:29.296+0000] {dag.py:3441} INFO - Setting next_dagrun for example_branch_python_operator_decorator to 2023-04-23T00:00:00+00:00, run_after=2023-04-24T00:00:00+00:00
[2023-04-24T13:20:29.313+0000] {processor.py:175} INFO - Processing /home/airflow/.local/lib/python3.7/site-packages/airflow/example_dags/example_branch_operator_decorator.py took 0.097 seconds
[2023-04-24T13:20:59.579+0000] {processor.py:153} INFO - Started process (PID=2801) to work on /home/airflow/.local/lib/python3.7/site-packages/airflow/example_dags/example_branch_operator_decorator.py
[2023-04-24T13:20:59.580+0000] {processor.py:743} INFO - Processing file /home/airflow/.local/lib/python3.7/site-packages/airflow/example_dags/example_branch_operator_decorator.py for tasks to queue
[2023-04-24T13:20:59.581+0000] {logging_mixin.py:137} INFO - [2023-04-24T13:20:59.581+0000] {dagbag.py:538} INFO - Filling up the DagBag from /home/airflow/.local/lib/python3.7/site-packages/airflow/example_dags/example_branch_operator_decorator.py
[2023-04-24T13:20:59.600+0000] {processor.py:753} INFO - DAG(s) dict_keys(['example_branch_python_operator_decorator']) retrieved from /home/airflow/.local/lib/python3.7/site-packages/airflow/example_dags/example_branch_operator_decorator.py
[2023-04-24T13:20:59.630+0000] {logging_mixin.py:137} INFO - [2023-04-24T13:20:59.629+0000] {dag.py:2690} INFO - Sync 1 DAGs
[2023-04-24T13:20:59.655+0000] {logging_mixin.py:137} INFO - [2023-04-24T13:20:59.654+0000] {dag.py:3441} INFO - Setting next_dagrun for example_branch_python_operator_decorator to 2023-04-23T00:00:00+00:00, run_after=2023-04-24T00:00:00+00:00
[2023-04-24T13:20:59.677+0000] {processor.py:175} INFO - Processing /home/airflow/.local/lib/python3.7/site-packages/airflow/example_dags/example_branch_operator_decorator.py took 0.102 seconds
[2023-04-24T13:21:29.916+0000] {processor.py:153} INFO - Started process (PID=2878) to work on /home/airflow/.local/lib/python3.7/site-packages/airflow/example_dags/example_branch_operator_decorator.py
[2023-04-24T13:21:29.918+0000] {processor.py:743} INFO - Processing file /home/airflow/.local/lib/python3.7/site-packages/airflow/example_dags/example_branch_operator_decorator.py for tasks to queue
[2023-04-24T13:21:29.918+0000] {logging_mixin.py:137} INFO - [2023-04-24T13:21:29.918+0000] {dagbag.py:538} INFO - Filling up the DagBag from /home/airflow/.local/lib/python3.7/site-packages/airflow/example_dags/example_branch_operator_decorator.py
[2023-04-24T13:21:29.937+0000] {processor.py:753} INFO - DAG(s) dict_keys(['example_branch_python_operator_decorator']) retrieved from /home/airflow/.local/lib/python3.7/site-packages/airflow/example_dags/example_branch_operator_decorator.py
[2023-04-24T13:21:29.959+0000] {logging_mixin.py:137} INFO - [2023-04-24T13:21:29.959+0000] {dag.py:2690} INFO - Sync 1 DAGs
[2023-04-24T13:21:29.978+0000] {logging_mixin.py:137} INFO - [2023-04-24T13:21:29.978+0000] {dag.py:3441} INFO - Setting next_dagrun for example_branch_python_operator_decorator to 2023-04-23T00:00:00+00:00, run_after=2023-04-24T00:00:00+00:00
[2023-04-24T13:21:29.996+0000] {processor.py:175} INFO - Processing /home/airflow/.local/lib/python3.7/site-packages/airflow/example_dags/example_branch_operator_decorator.py took 0.083 seconds
[2023-04-24T13:22:00.134+0000] {processor.py:153} INFO - Started process (PID=2942) to work on /home/airflow/.local/lib/python3.7/site-packages/airflow/example_dags/example_branch_operator_decorator.py
[2023-04-24T13:22:00.135+0000] {processor.py:743} INFO - Processing file /home/airflow/.local/lib/python3.7/site-packages/airflow/example_dags/example_branch_operator_decorator.py for tasks to queue
[2023-04-24T13:22:00.137+0000] {logging_mixin.py:137} INFO - [2023-04-24T13:22:00.137+0000] {dagbag.py:538} INFO - Filling up the DagBag from /home/airflow/.local/lib/python3.7/site-packages/airflow/example_dags/example_branch_operator_decorator.py
[2023-04-24T13:22:00.159+0000] {processor.py:753} INFO - DAG(s) dict_keys(['example_branch_python_operator_decorator']) retrieved from /home/airflow/.local/lib/python3.7/site-packages/airflow/example_dags/example_branch_operator_decorator.py
[2023-04-24T13:22:00.192+0000] {logging_mixin.py:137} INFO - [2023-04-24T13:22:00.192+0000] {dag.py:2690} INFO - Sync 1 DAGs
[2023-04-24T13:22:00.208+0000] {logging_mixin.py:137} INFO - [2023-04-24T13:22:00.208+0000] {dag.py:3441} INFO - Setting next_dagrun for example_branch_python_operator_decorator to 2023-04-23T00:00:00+00:00, run_after=2023-04-24T00:00:00+00:00
[2023-04-24T13:22:00.219+0000] {processor.py:175} INFO - Processing /home/airflow/.local/lib/python3.7/site-packages/airflow/example_dags/example_branch_operator_decorator.py took 0.088 seconds
[2023-04-24T13:22:30.452+0000] {processor.py:153} INFO - Started process (PID=3018) to work on /home/airflow/.local/lib/python3.7/site-packages/airflow/example_dags/example_branch_operator_decorator.py
[2023-04-24T13:22:30.453+0000] {processor.py:743} INFO - Processing file /home/airflow/.local/lib/python3.7/site-packages/airflow/example_dags/example_branch_operator_decorator.py for tasks to queue
[2023-04-24T13:22:30.453+0000] {logging_mixin.py:137} INFO - [2023-04-24T13:22:30.453+0000] {dagbag.py:538} INFO - Filling up the DagBag from /home/airflow/.local/lib/python3.7/site-packages/airflow/example_dags/example_branch_operator_decorator.py
[2023-04-24T13:22:30.469+0000] {processor.py:753} INFO - DAG(s) dict_keys(['example_branch_python_operator_decorator']) retrieved from /home/airflow/.local/lib/python3.7/site-packages/airflow/example_dags/example_branch_operator_decorator.py
[2023-04-24T13:22:30.489+0000] {logging_mixin.py:137} INFO - [2023-04-24T13:22:30.489+0000] {dag.py:2690} INFO - Sync 1 DAGs
[2023-04-24T13:22:30.505+0000] {logging_mixin.py:137} INFO - [2023-04-24T13:22:30.505+0000] {dag.py:3441} INFO - Setting next_dagrun for example_branch_python_operator_decorator to 2023-04-23T00:00:00+00:00, run_after=2023-04-24T00:00:00+00:00
[2023-04-24T13:22:30.516+0000] {processor.py:175} INFO - Processing /home/airflow/.local/lib/python3.7/site-packages/airflow/example_dags/example_branch_operator_decorator.py took 0.068 seconds
[2023-04-24T13:23:00.752+0000] {processor.py:153} INFO - Started process (PID=3096) to work on /home/airflow/.local/lib/python3.7/site-packages/airflow/example_dags/example_branch_operator_decorator.py
[2023-04-24T13:23:00.752+0000] {processor.py:743} INFO - Processing file /home/airflow/.local/lib/python3.7/site-packages/airflow/example_dags/example_branch_operator_decorator.py for tasks to queue
[2023-04-24T13:23:00.753+0000] {logging_mixin.py:137} INFO - [2023-04-24T13:23:00.753+0000] {dagbag.py:538} INFO - Filling up the DagBag from /home/airflow/.local/lib/python3.7/site-packages/airflow/example_dags/example_branch_operator_decorator.py
[2023-04-24T13:23:00.771+0000] {processor.py:753} INFO - DAG(s) dict_keys(['example_branch_python_operator_decorator']) retrieved from /home/airflow/.local/lib/python3.7/site-packages/airflow/example_dags/example_branch_operator_decorator.py
[2023-04-24T13:23:00.791+0000] {logging_mixin.py:137} INFO - [2023-04-24T13:23:00.790+0000] {dag.py:2690} INFO - Sync 1 DAGs
[2023-04-24T13:23:00.807+0000] {logging_mixin.py:137} INFO - [2023-04-24T13:23:00.807+0000] {dag.py:3441} INFO - Setting next_dagrun for example_branch_python_operator_decorator to 2023-04-23T00:00:00+00:00, run_after=2023-04-24T00:00:00+00:00
[2023-04-24T13:23:00.818+0000] {processor.py:175} INFO - Processing /home/airflow/.local/lib/python3.7/site-packages/airflow/example_dags/example_branch_operator_decorator.py took 0.070 seconds
[2023-04-24T13:23:31.277+0000] {processor.py:153} INFO - Started process (PID=3167) to work on /home/airflow/.local/lib/python3.7/site-packages/airflow/example_dags/example_branch_operator_decorator.py
[2023-04-24T13:23:31.278+0000] {processor.py:743} INFO - Processing file /home/airflow/.local/lib/python3.7/site-packages/airflow/example_dags/example_branch_operator_decorator.py for tasks to queue
[2023-04-24T13:23:31.279+0000] {logging_mixin.py:137} INFO - [2023-04-24T13:23:31.279+0000] {dagbag.py:538} INFO - Filling up the DagBag from /home/airflow/.local/lib/python3.7/site-packages/airflow/example_dags/example_branch_operator_decorator.py
[2023-04-24T13:23:31.298+0000] {processor.py:753} INFO - DAG(s) dict_keys(['example_branch_python_operator_decorator']) retrieved from /home/airflow/.local/lib/python3.7/site-packages/airflow/example_dags/example_branch_operator_decorator.py
[2023-04-24T13:23:31.318+0000] {logging_mixin.py:137} INFO - [2023-04-24T13:23:31.318+0000] {dag.py:2690} INFO - Sync 1 DAGs
[2023-04-24T13:23:31.334+0000] {logging_mixin.py:137} INFO - [2023-04-24T13:23:31.334+0000] {dag.py:3441} INFO - Setting next_dagrun for example_branch_python_operator_decorator to 2023-04-23T00:00:00+00:00, run_after=2023-04-24T00:00:00+00:00
[2023-04-24T13:23:31.345+0000] {processor.py:175} INFO - Processing /home/airflow/.local/lib/python3.7/site-packages/airflow/example_dags/example_branch_operator_decorator.py took 0.071 seconds
[2023-04-24T13:24:01.586+0000] {processor.py:153} INFO - Started process (PID=3245) to work on /home/airflow/.local/lib/python3.7/site-packages/airflow/example_dags/example_branch_operator_decorator.py
[2023-04-24T13:24:01.588+0000] {processor.py:743} INFO - Processing file /home/airflow/.local/lib/python3.7/site-packages/airflow/example_dags/example_branch_operator_decorator.py for tasks to queue
[2023-04-24T13:24:01.588+0000] {logging_mixin.py:137} INFO - [2023-04-24T13:24:01.588+0000] {dagbag.py:538} INFO - Filling up the DagBag from /home/airflow/.local/lib/python3.7/site-packages/airflow/example_dags/example_branch_operator_decorator.py
[2023-04-24T13:24:01.607+0000] {processor.py:753} INFO - DAG(s) dict_keys(['example_branch_python_operator_decorator']) retrieved from /home/airflow/.local/lib/python3.7/site-packages/airflow/example_dags/example_branch_operator_decorator.py
[2023-04-24T13:24:01.627+0000] {logging_mixin.py:137} INFO - [2023-04-24T13:24:01.627+0000] {dag.py:2690} INFO - Sync 1 DAGs
[2023-04-24T13:24:01.643+0000] {logging_mixin.py:137} INFO - [2023-04-24T13:24:01.643+0000] {dag.py:3441} INFO - Setting next_dagrun for example_branch_python_operator_decorator to 2023-04-23T00:00:00+00:00, run_after=2023-04-24T00:00:00+00:00
[2023-04-24T13:24:01.655+0000] {processor.py:175} INFO - Processing /home/airflow/.local/lib/python3.7/site-packages/airflow/example_dags/example_branch_operator_decorator.py took 0.072 seconds
[2023-04-24T13:24:31.984+0000] {processor.py:153} INFO - Started process (PID=3321) to work on /home/airflow/.local/lib/python3.7/site-packages/airflow/example_dags/example_branch_operator_decorator.py
[2023-04-24T13:24:31.985+0000] {processor.py:743} INFO - Processing file /home/airflow/.local/lib/python3.7/site-packages/airflow/example_dags/example_branch_operator_decorator.py for tasks to queue
[2023-04-24T13:24:31.986+0000] {logging_mixin.py:137} INFO - [2023-04-24T13:24:31.986+0000] {dagbag.py:538} INFO - Filling up the DagBag from /home/airflow/.local/lib/python3.7/site-packages/airflow/example_dags/example_branch_operator_decorator.py
[2023-04-24T13:24:32.003+0000] {processor.py:753} INFO - DAG(s) dict_keys(['example_branch_python_operator_decorator']) retrieved from /home/airflow/.local/lib/python3.7/site-packages/airflow/example_dags/example_branch_operator_decorator.py
[2023-04-24T13:24:32.024+0000] {logging_mixin.py:137} INFO - [2023-04-24T13:24:32.024+0000] {dag.py:2690} INFO - Sync 1 DAGs
[2023-04-24T13:24:32.041+0000] {logging_mixin.py:137} INFO - [2023-04-24T13:24:32.041+0000] {dag.py:3441} INFO - Setting next_dagrun for example_branch_python_operator_decorator to 2023-04-23T00:00:00+00:00, run_after=2023-04-24T00:00:00+00:00
[2023-04-24T13:24:32.052+0000] {processor.py:175} INFO - Processing /home/airflow/.local/lib/python3.7/site-packages/airflow/example_dags/example_branch_operator_decorator.py took 0.071 seconds
[2023-04-24T13:25:02.230+0000] {processor.py:153} INFO - Started process (PID=3385) to work on /home/airflow/.local/lib/python3.7/site-packages/airflow/example_dags/example_branch_operator_decorator.py
[2023-04-24T13:25:02.231+0000] {processor.py:743} INFO - Processing file /home/airflow/.local/lib/python3.7/site-packages/airflow/example_dags/example_branch_operator_decorator.py for tasks to queue
[2023-04-24T13:25:02.232+0000] {logging_mixin.py:137} INFO - [2023-04-24T13:25:02.232+0000] {dagbag.py:538} INFO - Filling up the DagBag from /home/airflow/.local/lib/python3.7/site-packages/airflow/example_dags/example_branch_operator_decorator.py
[2023-04-24T13:25:02.251+0000] {processor.py:753} INFO - DAG(s) dict_keys(['example_branch_python_operator_decorator']) retrieved from /home/airflow/.local/lib/python3.7/site-packages/airflow/example_dags/example_branch_operator_decorator.py
[2023-04-24T13:25:02.282+0000] {logging_mixin.py:137} INFO - [2023-04-24T13:25:02.282+0000] {dag.py:2690} INFO - Sync 1 DAGs
[2023-04-24T13:25:02.298+0000] {logging_mixin.py:137} INFO - [2023-04-24T13:25:02.298+0000] {dag.py:3441} INFO - Setting next_dagrun for example_branch_python_operator_decorator to 2023-04-23T00:00:00+00:00, run_after=2023-04-24T00:00:00+00:00
[2023-04-24T13:25:02.309+0000] {processor.py:175} INFO - Processing /home/airflow/.local/lib/python3.7/site-packages/airflow/example_dags/example_branch_operator_decorator.py took 0.082 seconds
[2023-04-24T13:25:32.386+0000] {processor.py:153} INFO - Started process (PID=3461) to work on /home/airflow/.local/lib/python3.7/site-packages/airflow/example_dags/example_branch_operator_decorator.py
[2023-04-24T13:25:32.387+0000] {processor.py:743} INFO - Processing file /home/airflow/.local/lib/python3.7/site-packages/airflow/example_dags/example_branch_operator_decorator.py for tasks to queue
[2023-04-24T13:25:32.388+0000] {logging_mixin.py:137} INFO - [2023-04-24T13:25:32.388+0000] {dagbag.py:538} INFO - Filling up the DagBag from /home/airflow/.local/lib/python3.7/site-packages/airflow/example_dags/example_branch_operator_decorator.py
[2023-04-24T13:25:32.405+0000] {processor.py:753} INFO - DAG(s) dict_keys(['example_branch_python_operator_decorator']) retrieved from /home/airflow/.local/lib/python3.7/site-packages/airflow/example_dags/example_branch_operator_decorator.py
[2023-04-24T13:25:32.433+0000] {logging_mixin.py:137} INFO - [2023-04-24T13:25:32.433+0000] {dag.py:2690} INFO - Sync 1 DAGs
[2023-04-24T13:25:32.450+0000] {logging_mixin.py:137} INFO - [2023-04-24T13:25:32.450+0000] {dag.py:3441} INFO - Setting next_dagrun for example_branch_python_operator_decorator to 2023-04-23T00:00:00+00:00, run_after=2023-04-24T00:00:00+00:00
[2023-04-24T13:25:32.461+0000] {processor.py:175} INFO - Processing /home/airflow/.local/lib/python3.7/site-packages/airflow/example_dags/example_branch_operator_decorator.py took 0.078 seconds
[2023-04-24T13:26:02.673+0000] {processor.py:153} INFO - Started process (PID=3537) to work on /home/airflow/.local/lib/python3.7/site-packages/airflow/example_dags/example_branch_operator_decorator.py
[2023-04-24T13:26:02.675+0000] {processor.py:743} INFO - Processing file /home/airflow/.local/lib/python3.7/site-packages/airflow/example_dags/example_branch_operator_decorator.py for tasks to queue
[2023-04-24T13:26:02.675+0000] {logging_mixin.py:137} INFO - [2023-04-24T13:26:02.675+0000] {dagbag.py:538} INFO - Filling up the DagBag from /home/airflow/.local/lib/python3.7/site-packages/airflow/example_dags/example_branch_operator_decorator.py
[2023-04-24T13:26:02.695+0000] {processor.py:753} INFO - DAG(s) dict_keys(['example_branch_python_operator_decorator']) retrieved from /home/airflow/.local/lib/python3.7/site-packages/airflow/example_dags/example_branch_operator_decorator.py
[2023-04-24T13:26:02.721+0000] {logging_mixin.py:137} INFO - [2023-04-24T13:26:02.721+0000] {dag.py:2690} INFO - Sync 1 DAGs
[2023-04-24T13:26:02.740+0000] {logging_mixin.py:137} INFO - [2023-04-24T13:26:02.740+0000] {dag.py:3441} INFO - Setting next_dagrun for example_branch_python_operator_decorator to 2023-04-23T00:00:00+00:00, run_after=2023-04-24T00:00:00+00:00
[2023-04-24T13:26:02.757+0000] {processor.py:175} INFO - Processing /home/airflow/.local/lib/python3.7/site-packages/airflow/example_dags/example_branch_operator_decorator.py took 0.086 seconds
[2023-04-24T13:26:33.025+0000] {processor.py:153} INFO - Started process (PID=3608) to work on /home/airflow/.local/lib/python3.7/site-packages/airflow/example_dags/example_branch_operator_decorator.py
[2023-04-24T13:26:33.027+0000] {processor.py:743} INFO - Processing file /home/airflow/.local/lib/python3.7/site-packages/airflow/example_dags/example_branch_operator_decorator.py for tasks to queue
[2023-04-24T13:26:33.030+0000] {logging_mixin.py:137} INFO - [2023-04-24T13:26:33.030+0000] {dagbag.py:538} INFO - Filling up the DagBag from /home/airflow/.local/lib/python3.7/site-packages/airflow/example_dags/example_branch_operator_decorator.py
[2023-04-24T13:26:33.053+0000] {processor.py:753} INFO - DAG(s) dict_keys(['example_branch_python_operator_decorator']) retrieved from /home/airflow/.local/lib/python3.7/site-packages/airflow/example_dags/example_branch_operator_decorator.py
[2023-04-24T13:26:33.082+0000] {logging_mixin.py:137} INFO - [2023-04-24T13:26:33.082+0000] {dag.py:2690} INFO - Sync 1 DAGs
[2023-04-24T13:26:33.104+0000] {logging_mixin.py:137} INFO - [2023-04-24T13:26:33.104+0000] {dag.py:3441} INFO - Setting next_dagrun for example_branch_python_operator_decorator to 2023-04-23T00:00:00+00:00, run_after=2023-04-24T00:00:00+00:00
[2023-04-24T13:26:33.122+0000] {processor.py:175} INFO - Processing /home/airflow/.local/lib/python3.7/site-packages/airflow/example_dags/example_branch_operator_decorator.py took 0.103 seconds
[2023-04-24T13:27:03.320+0000] {processor.py:153} INFO - Started process (PID=3678) to work on /home/airflow/.local/lib/python3.7/site-packages/airflow/example_dags/example_branch_operator_decorator.py
[2023-04-24T13:27:03.322+0000] {processor.py:743} INFO - Processing file /home/airflow/.local/lib/python3.7/site-packages/airflow/example_dags/example_branch_operator_decorator.py for tasks to queue
[2023-04-24T13:27:03.323+0000] {logging_mixin.py:137} INFO - [2023-04-24T13:27:03.323+0000] {dagbag.py:538} INFO - Filling up the DagBag from /home/airflow/.local/lib/python3.7/site-packages/airflow/example_dags/example_branch_operator_decorator.py
[2023-04-24T13:27:03.346+0000] {processor.py:753} INFO - DAG(s) dict_keys(['example_branch_python_operator_decorator']) retrieved from /home/airflow/.local/lib/python3.7/site-packages/airflow/example_dags/example_branch_operator_decorator.py
[2023-04-24T13:27:03.374+0000] {logging_mixin.py:137} INFO - [2023-04-24T13:27:03.374+0000] {dag.py:2690} INFO - Sync 1 DAGs
[2023-04-24T13:27:03.391+0000] {logging_mixin.py:137} INFO - [2023-04-24T13:27:03.391+0000] {dag.py:3441} INFO - Setting next_dagrun for example_branch_python_operator_decorator to 2023-04-23T00:00:00+00:00, run_after=2023-04-24T00:00:00+00:00
[2023-04-24T13:27:03.405+0000] {processor.py:175} INFO - Processing /home/airflow/.local/lib/python3.7/site-packages/airflow/example_dags/example_branch_operator_decorator.py took 0.089 seconds
[2023-04-24T13:27:33.761+0000] {processor.py:153} INFO - Started process (PID=3754) to work on /home/airflow/.local/lib/python3.7/site-packages/airflow/example_dags/example_branch_operator_decorator.py
[2023-04-24T13:27:33.762+0000] {processor.py:743} INFO - Processing file /home/airflow/.local/lib/python3.7/site-packages/airflow/example_dags/example_branch_operator_decorator.py for tasks to queue
[2023-04-24T13:27:33.763+0000] {logging_mixin.py:137} INFO - [2023-04-24T13:27:33.763+0000] {dagbag.py:538} INFO - Filling up the DagBag from /home/airflow/.local/lib/python3.7/site-packages/airflow/example_dags/example_branch_operator_decorator.py
[2023-04-24T13:27:33.779+0000] {processor.py:753} INFO - DAG(s) dict_keys(['example_branch_python_operator_decorator']) retrieved from /home/airflow/.local/lib/python3.7/site-packages/airflow/example_dags/example_branch_operator_decorator.py
[2023-04-24T13:27:33.800+0000] {logging_mixin.py:137} INFO - [2023-04-24T13:27:33.800+0000] {dag.py:2690} INFO - Sync 1 DAGs
[2023-04-24T13:27:33.815+0000] {logging_mixin.py:137} INFO - [2023-04-24T13:27:33.815+0000] {dag.py:3441} INFO - Setting next_dagrun for example_branch_python_operator_decorator to 2023-04-23T00:00:00+00:00, run_after=2023-04-24T00:00:00+00:00
[2023-04-24T13:27:33.826+0000] {processor.py:175} INFO - Processing /home/airflow/.local/lib/python3.7/site-packages/airflow/example_dags/example_branch_operator_decorator.py took 0.069 seconds
[2023-04-24T13:28:04.065+0000] {processor.py:153} INFO - Started process (PID=3827) to work on /home/airflow/.local/lib/python3.7/site-packages/airflow/example_dags/example_branch_operator_decorator.py
[2023-04-24T13:28:04.066+0000] {processor.py:743} INFO - Processing file /home/airflow/.local/lib/python3.7/site-packages/airflow/example_dags/example_branch_operator_decorator.py for tasks to queue
[2023-04-24T13:28:04.067+0000] {logging_mixin.py:137} INFO - [2023-04-24T13:28:04.067+0000] {dagbag.py:538} INFO - Filling up the DagBag from /home/airflow/.local/lib/python3.7/site-packages/airflow/example_dags/example_branch_operator_decorator.py
[2023-04-24T13:28:04.084+0000] {processor.py:753} INFO - DAG(s) dict_keys(['example_branch_python_operator_decorator']) retrieved from /home/airflow/.local/lib/python3.7/site-packages/airflow/example_dags/example_branch_operator_decorator.py
[2023-04-24T13:28:04.105+0000] {logging_mixin.py:137} INFO - [2023-04-24T13:28:04.105+0000] {dag.py:2690} INFO - Sync 1 DAGs
[2023-04-24T13:28:04.123+0000] {logging_mixin.py:137} INFO - [2023-04-24T13:28:04.123+0000] {dag.py:3441} INFO - Setting next_dagrun for example_branch_python_operator_decorator to 2023-04-23T00:00:00+00:00, run_after=2023-04-24T00:00:00+00:00
[2023-04-24T13:28:04.136+0000] {processor.py:175} INFO - Processing /home/airflow/.local/lib/python3.7/site-packages/airflow/example_dags/example_branch_operator_decorator.py took 0.074 seconds
[2023-04-24T13:28:34.287+0000] {processor.py:153} INFO - Started process (PID=3894) to work on /home/airflow/.local/lib/python3.7/site-packages/airflow/example_dags/example_branch_operator_decorator.py
[2023-04-24T13:28:34.288+0000] {processor.py:743} INFO - Processing file /home/airflow/.local/lib/python3.7/site-packages/airflow/example_dags/example_branch_operator_decorator.py for tasks to queue
[2023-04-24T13:28:34.289+0000] {logging_mixin.py:137} INFO - [2023-04-24T13:28:34.289+0000] {dagbag.py:538} INFO - Filling up the DagBag from /home/airflow/.local/lib/python3.7/site-packages/airflow/example_dags/example_branch_operator_decorator.py
[2023-04-24T13:28:34.306+0000] {processor.py:753} INFO - DAG(s) dict_keys(['example_branch_python_operator_decorator']) retrieved from /home/airflow/.local/lib/python3.7/site-packages/airflow/example_dags/example_branch_operator_decorator.py
[2023-04-24T13:28:34.325+0000] {logging_mixin.py:137} INFO - [2023-04-24T13:28:34.325+0000] {dag.py:2690} INFO - Sync 1 DAGs
[2023-04-24T13:28:34.341+0000] {logging_mixin.py:137} INFO - [2023-04-24T13:28:34.341+0000] {dag.py:3441} INFO - Setting next_dagrun for example_branch_python_operator_decorator to 2023-04-23T00:00:00+00:00, run_after=2023-04-24T00:00:00+00:00
[2023-04-24T13:28:34.352+0000] {processor.py:175} INFO - Processing /home/airflow/.local/lib/python3.7/site-packages/airflow/example_dags/example_branch_operator_decorator.py took 0.069 seconds
[2023-04-24T13:29:04.602+0000] {processor.py:153} INFO - Started process (PID=3970) to work on /home/airflow/.local/lib/python3.7/site-packages/airflow/example_dags/example_branch_operator_decorator.py
[2023-04-24T13:29:04.603+0000] {processor.py:743} INFO - Processing file /home/airflow/.local/lib/python3.7/site-packages/airflow/example_dags/example_branch_operator_decorator.py for tasks to queue
[2023-04-24T13:29:04.603+0000] {logging_mixin.py:137} INFO - [2023-04-24T13:29:04.603+0000] {dagbag.py:538} INFO - Filling up the DagBag from /home/airflow/.local/lib/python3.7/site-packages/airflow/example_dags/example_branch_operator_decorator.py
[2023-04-24T13:29:04.620+0000] {processor.py:753} INFO - DAG(s) dict_keys(['example_branch_python_operator_decorator']) retrieved from /home/airflow/.local/lib/python3.7/site-packages/airflow/example_dags/example_branch_operator_decorator.py
[2023-04-24T13:29:04.640+0000] {logging_mixin.py:137} INFO - [2023-04-24T13:29:04.640+0000] {dag.py:2690} INFO - Sync 1 DAGs
[2023-04-24T13:29:04.656+0000] {logging_mixin.py:137} INFO - [2023-04-24T13:29:04.656+0000] {dag.py:3441} INFO - Setting next_dagrun for example_branch_python_operator_decorator to 2023-04-23T00:00:00+00:00, run_after=2023-04-24T00:00:00+00:00
[2023-04-24T13:29:04.671+0000] {processor.py:175} INFO - Processing /home/airflow/.local/lib/python3.7/site-packages/airflow/example_dags/example_branch_operator_decorator.py took 0.072 seconds
[2023-04-24T13:29:34.895+0000] {processor.py:153} INFO - Started process (PID=4043) to work on /home/airflow/.local/lib/python3.7/site-packages/airflow/example_dags/example_branch_operator_decorator.py
[2023-04-24T13:29:34.897+0000] {processor.py:743} INFO - Processing file /home/airflow/.local/lib/python3.7/site-packages/airflow/example_dags/example_branch_operator_decorator.py for tasks to queue
[2023-04-24T13:29:34.900+0000] {logging_mixin.py:137} INFO - [2023-04-24T13:29:34.900+0000] {dagbag.py:538} INFO - Filling up the DagBag from /home/airflow/.local/lib/python3.7/site-packages/airflow/example_dags/example_branch_operator_decorator.py
[2023-04-24T13:29:34.928+0000] {processor.py:753} INFO - DAG(s) dict_keys(['example_branch_python_operator_decorator']) retrieved from /home/airflow/.local/lib/python3.7/site-packages/airflow/example_dags/example_branch_operator_decorator.py
[2023-04-24T13:29:34.977+0000] {logging_mixin.py:137} INFO - [2023-04-24T13:29:34.977+0000] {dag.py:2690} INFO - Sync 1 DAGs
[2023-04-24T13:29:35.019+0000] {logging_mixin.py:137} INFO - [2023-04-24T13:29:35.019+0000] {dag.py:3441} INFO - Setting next_dagrun for example_branch_python_operator_decorator to 2023-04-23T00:00:00+00:00, run_after=2023-04-24T00:00:00+00:00
[2023-04-24T13:29:35.038+0000] {processor.py:175} INFO - Processing /home/airflow/.local/lib/python3.7/site-packages/airflow/example_dags/example_branch_operator_decorator.py took 0.147 seconds
[2023-04-24T13:30:05.343+0000] {processor.py:153} INFO - Started process (PID=4110) to work on /home/airflow/.local/lib/python3.7/site-packages/airflow/example_dags/example_branch_operator_decorator.py
[2023-04-24T13:30:05.344+0000] {processor.py:743} INFO - Processing file /home/airflow/.local/lib/python3.7/site-packages/airflow/example_dags/example_branch_operator_decorator.py for tasks to queue
[2023-04-24T13:30:05.345+0000] {logging_mixin.py:137} INFO - [2023-04-24T13:30:05.345+0000] {dagbag.py:538} INFO - Filling up the DagBag from /home/airflow/.local/lib/python3.7/site-packages/airflow/example_dags/example_branch_operator_decorator.py
[2023-04-24T13:30:05.362+0000] {processor.py:753} INFO - DAG(s) dict_keys(['example_branch_python_operator_decorator']) retrieved from /home/airflow/.local/lib/python3.7/site-packages/airflow/example_dags/example_branch_operator_decorator.py
[2023-04-24T13:30:05.384+0000] {logging_mixin.py:137} INFO - [2023-04-24T13:30:05.383+0000] {dag.py:2690} INFO - Sync 1 DAGs
[2023-04-24T13:30:05.401+0000] {logging_mixin.py:137} INFO - [2023-04-24T13:30:05.401+0000] {dag.py:3441} INFO - Setting next_dagrun for example_branch_python_operator_decorator to 2023-04-23T00:00:00+00:00, run_after=2023-04-24T00:00:00+00:00
[2023-04-24T13:30:05.414+0000] {processor.py:175} INFO - Processing /home/airflow/.local/lib/python3.7/site-packages/airflow/example_dags/example_branch_operator_decorator.py took 0.073 seconds
[2023-04-24T13:30:35.736+0000] {processor.py:153} INFO - Started process (PID=4187) to work on /home/airflow/.local/lib/python3.7/site-packages/airflow/example_dags/example_branch_operator_decorator.py
[2023-04-24T13:30:35.738+0000] {processor.py:743} INFO - Processing file /home/airflow/.local/lib/python3.7/site-packages/airflow/example_dags/example_branch_operator_decorator.py for tasks to queue
[2023-04-24T13:30:35.738+0000] {logging_mixin.py:137} INFO - [2023-04-24T13:30:35.738+0000] {dagbag.py:538} INFO - Filling up the DagBag from /home/airflow/.local/lib/python3.7/site-packages/airflow/example_dags/example_branch_operator_decorator.py
[2023-04-24T13:30:35.755+0000] {processor.py:753} INFO - DAG(s) dict_keys(['example_branch_python_operator_decorator']) retrieved from /home/airflow/.local/lib/python3.7/site-packages/airflow/example_dags/example_branch_operator_decorator.py
[2023-04-24T13:30:35.775+0000] {logging_mixin.py:137} INFO - [2023-04-24T13:30:35.775+0000] {dag.py:2690} INFO - Sync 1 DAGs
[2023-04-24T13:30:35.791+0000] {logging_mixin.py:137} INFO - [2023-04-24T13:30:35.791+0000] {dag.py:3441} INFO - Setting next_dagrun for example_branch_python_operator_decorator to 2023-04-23T00:00:00+00:00, run_after=2023-04-24T00:00:00+00:00
[2023-04-24T13:30:35.803+0000] {processor.py:175} INFO - Processing /home/airflow/.local/lib/python3.7/site-packages/airflow/example_dags/example_branch_operator_decorator.py took 0.069 seconds
[2023-04-24T13:31:05.902+0000] {processor.py:153} INFO - Started process (PID=4263) to work on /home/airflow/.local/lib/python3.7/site-packages/airflow/example_dags/example_branch_operator_decorator.py
[2023-04-24T13:31:05.903+0000] {processor.py:743} INFO - Processing file /home/airflow/.local/lib/python3.7/site-packages/airflow/example_dags/example_branch_operator_decorator.py for tasks to queue
[2023-04-24T13:31:05.904+0000] {logging_mixin.py:137} INFO - [2023-04-24T13:31:05.904+0000] {dagbag.py:538} INFO - Filling up the DagBag from /home/airflow/.local/lib/python3.7/site-packages/airflow/example_dags/example_branch_operator_decorator.py
[2023-04-24T13:31:05.921+0000] {processor.py:753} INFO - DAG(s) dict_keys(['example_branch_python_operator_decorator']) retrieved from /home/airflow/.local/lib/python3.7/site-packages/airflow/example_dags/example_branch_operator_decorator.py
[2023-04-24T13:31:05.941+0000] {logging_mixin.py:137} INFO - [2023-04-24T13:31:05.941+0000] {dag.py:2690} INFO - Sync 1 DAGs
[2023-04-24T13:31:05.958+0000] {logging_mixin.py:137} INFO - [2023-04-24T13:31:05.958+0000] {dag.py:3441} INFO - Setting next_dagrun for example_branch_python_operator_decorator to 2023-04-23T00:00:00+00:00, run_after=2023-04-24T00:00:00+00:00
[2023-04-24T13:31:05.970+0000] {processor.py:175} INFO - Processing /home/airflow/.local/lib/python3.7/site-packages/airflow/example_dags/example_branch_operator_decorator.py took 0.071 seconds
[2023-04-24T13:31:36.228+0000] {processor.py:153} INFO - Started process (PID=4327) to work on /home/airflow/.local/lib/python3.7/site-packages/airflow/example_dags/example_branch_operator_decorator.py
[2023-04-24T13:31:36.229+0000] {processor.py:743} INFO - Processing file /home/airflow/.local/lib/python3.7/site-packages/airflow/example_dags/example_branch_operator_decorator.py for tasks to queue
[2023-04-24T13:31:36.230+0000] {logging_mixin.py:137} INFO - [2023-04-24T13:31:36.230+0000] {dagbag.py:538} INFO - Filling up the DagBag from /home/airflow/.local/lib/python3.7/site-packages/airflow/example_dags/example_branch_operator_decorator.py
[2023-04-24T13:31:36.247+0000] {processor.py:753} INFO - DAG(s) dict_keys(['example_branch_python_operator_decorator']) retrieved from /home/airflow/.local/lib/python3.7/site-packages/airflow/example_dags/example_branch_operator_decorator.py
[2023-04-24T13:31:36.268+0000] {logging_mixin.py:137} INFO - [2023-04-24T13:31:36.268+0000] {dag.py:2690} INFO - Sync 1 DAGs
[2023-04-24T13:31:36.284+0000] {logging_mixin.py:137} INFO - [2023-04-24T13:31:36.284+0000] {dag.py:3441} INFO - Setting next_dagrun for example_branch_python_operator_decorator to 2023-04-23T00:00:00+00:00, run_after=2023-04-24T00:00:00+00:00
[2023-04-24T13:31:36.298+0000] {processor.py:175} INFO - Processing /home/airflow/.local/lib/python3.7/site-packages/airflow/example_dags/example_branch_operator_decorator.py took 0.073 seconds
[2023-04-24T13:32:06.485+0000] {processor.py:153} INFO - Started process (PID=4403) to work on /home/airflow/.local/lib/python3.7/site-packages/airflow/example_dags/example_branch_operator_decorator.py
[2023-04-24T13:32:06.486+0000] {processor.py:743} INFO - Processing file /home/airflow/.local/lib/python3.7/site-packages/airflow/example_dags/example_branch_operator_decorator.py for tasks to queue
[2023-04-24T13:32:06.487+0000] {logging_mixin.py:137} INFO - [2023-04-24T13:32:06.487+0000] {dagbag.py:538} INFO - Filling up the DagBag from /home/airflow/.local/lib/python3.7/site-packages/airflow/example_dags/example_branch_operator_decorator.py
[2023-04-24T13:32:06.504+0000] {processor.py:753} INFO - DAG(s) dict_keys(['example_branch_python_operator_decorator']) retrieved from /home/airflow/.local/lib/python3.7/site-packages/airflow/example_dags/example_branch_operator_decorator.py
[2023-04-24T13:32:06.527+0000] {logging_mixin.py:137} INFO - [2023-04-24T13:32:06.527+0000] {dag.py:2690} INFO - Sync 1 DAGs
[2023-04-24T13:32:06.546+0000] {logging_mixin.py:137} INFO - [2023-04-24T13:32:06.546+0000] {dag.py:3441} INFO - Setting next_dagrun for example_branch_python_operator_decorator to 2023-04-23T00:00:00+00:00, run_after=2023-04-24T00:00:00+00:00
[2023-04-24T13:32:06.558+0000] {processor.py:175} INFO - Processing /home/airflow/.local/lib/python3.7/site-packages/airflow/example_dags/example_branch_operator_decorator.py took 0.076 seconds
[2023-04-24T13:32:36.763+0000] {processor.py:153} INFO - Started process (PID=4479) to work on /home/airflow/.local/lib/python3.7/site-packages/airflow/example_dags/example_branch_operator_decorator.py
[2023-04-24T13:32:36.764+0000] {processor.py:743} INFO - Processing file /home/airflow/.local/lib/python3.7/site-packages/airflow/example_dags/example_branch_operator_decorator.py for tasks to queue
[2023-04-24T13:32:36.764+0000] {logging_mixin.py:137} INFO - [2023-04-24T13:32:36.764+0000] {dagbag.py:538} INFO - Filling up the DagBag from /home/airflow/.local/lib/python3.7/site-packages/airflow/example_dags/example_branch_operator_decorator.py
[2023-04-24T13:32:36.782+0000] {processor.py:753} INFO - DAG(s) dict_keys(['example_branch_python_operator_decorator']) retrieved from /home/airflow/.local/lib/python3.7/site-packages/airflow/example_dags/example_branch_operator_decorator.py
[2023-04-24T13:32:36.802+0000] {logging_mixin.py:137} INFO - [2023-04-24T13:32:36.802+0000] {dag.py:2690} INFO - Sync 1 DAGs
[2023-04-24T13:32:36.818+0000] {logging_mixin.py:137} INFO - [2023-04-24T13:32:36.818+0000] {dag.py:3441} INFO - Setting next_dagrun for example_branch_python_operator_decorator to 2023-04-23T00:00:00+00:00, run_after=2023-04-24T00:00:00+00:00
[2023-04-24T13:32:36.830+0000] {processor.py:175} INFO - Processing /home/airflow/.local/lib/python3.7/site-packages/airflow/example_dags/example_branch_operator_decorator.py took 0.070 seconds
[2023-04-24T13:33:07.120+0000] {processor.py:153} INFO - Started process (PID=4543) to work on /home/airflow/.local/lib/python3.7/site-packages/airflow/example_dags/example_branch_operator_decorator.py
[2023-04-24T13:33:07.121+0000] {processor.py:743} INFO - Processing file /home/airflow/.local/lib/python3.7/site-packages/airflow/example_dags/example_branch_operator_decorator.py for tasks to queue
[2023-04-24T13:33:07.122+0000] {logging_mixin.py:137} INFO - [2023-04-24T13:33:07.122+0000] {dagbag.py:538} INFO - Filling up the DagBag from /home/airflow/.local/lib/python3.7/site-packages/airflow/example_dags/example_branch_operator_decorator.py
[2023-04-24T13:33:07.139+0000] {processor.py:753} INFO - DAG(s) dict_keys(['example_branch_python_operator_decorator']) retrieved from /home/airflow/.local/lib/python3.7/site-packages/airflow/example_dags/example_branch_operator_decorator.py
[2023-04-24T13:33:07.159+0000] {logging_mixin.py:137} INFO - [2023-04-24T13:33:07.159+0000] {dag.py:2690} INFO - Sync 1 DAGs
[2023-04-24T13:33:07.174+0000] {logging_mixin.py:137} INFO - [2023-04-24T13:33:07.174+0000] {dag.py:3441} INFO - Setting next_dagrun for example_branch_python_operator_decorator to 2023-04-23T00:00:00+00:00, run_after=2023-04-24T00:00:00+00:00
[2023-04-24T13:33:07.185+0000] {processor.py:175} INFO - Processing /home/airflow/.local/lib/python3.7/site-packages/airflow/example_dags/example_branch_operator_decorator.py took 0.067 seconds
[2023-04-24T13:33:50.059+0000] {processor.py:153} INFO - Started process (PID=4591) to work on /home/airflow/.local/lib/python3.7/site-packages/airflow/example_dags/example_branch_operator_decorator.py
[2023-04-24T13:33:50.060+0000] {processor.py:743} INFO - Processing file /home/airflow/.local/lib/python3.7/site-packages/airflow/example_dags/example_branch_operator_decorator.py for tasks to queue
[2023-04-24T13:33:50.061+0000] {logging_mixin.py:137} INFO - [2023-04-24T13:33:50.061+0000] {dagbag.py:538} INFO - Filling up the DagBag from /home/airflow/.local/lib/python3.7/site-packages/airflow/example_dags/example_branch_operator_decorator.py
[2023-04-24T13:33:50.078+0000] {processor.py:753} INFO - DAG(s) dict_keys(['example_branch_python_operator_decorator']) retrieved from /home/airflow/.local/lib/python3.7/site-packages/airflow/example_dags/example_branch_operator_decorator.py
[2023-04-24T13:33:50.099+0000] {logging_mixin.py:137} INFO - [2023-04-24T13:33:50.099+0000] {dag.py:2690} INFO - Sync 1 DAGs
[2023-04-24T13:33:50.115+0000] {logging_mixin.py:137} INFO - [2023-04-24T13:33:50.115+0000] {dag.py:3441} INFO - Setting next_dagrun for example_branch_python_operator_decorator to 2023-04-23T00:00:00+00:00, run_after=2023-04-24T00:00:00+00:00
[2023-04-24T13:33:50.128+0000] {processor.py:175} INFO - Processing /home/airflow/.local/lib/python3.7/site-packages/airflow/example_dags/example_branch_operator_decorator.py took 0.072 seconds
[2023-04-24T13:34:20.408+0000] {processor.py:153} INFO - Started process (PID=4667) to work on /home/airflow/.local/lib/python3.7/site-packages/airflow/example_dags/example_branch_operator_decorator.py
[2023-04-24T13:34:20.409+0000] {processor.py:743} INFO - Processing file /home/airflow/.local/lib/python3.7/site-packages/airflow/example_dags/example_branch_operator_decorator.py for tasks to queue
[2023-04-24T13:34:20.410+0000] {logging_mixin.py:137} INFO - [2023-04-24T13:34:20.410+0000] {dagbag.py:538} INFO - Filling up the DagBag from /home/airflow/.local/lib/python3.7/site-packages/airflow/example_dags/example_branch_operator_decorator.py
[2023-04-24T13:34:20.427+0000] {processor.py:753} INFO - DAG(s) dict_keys(['example_branch_python_operator_decorator']) retrieved from /home/airflow/.local/lib/python3.7/site-packages/airflow/example_dags/example_branch_operator_decorator.py
[2023-04-24T13:34:20.451+0000] {logging_mixin.py:137} INFO - [2023-04-24T13:34:20.451+0000] {dag.py:2690} INFO - Sync 1 DAGs
[2023-04-24T13:34:20.469+0000] {logging_mixin.py:137} INFO - [2023-04-24T13:34:20.469+0000] {dag.py:3441} INFO - Setting next_dagrun for example_branch_python_operator_decorator to 2023-04-23T00:00:00+00:00, run_after=2023-04-24T00:00:00+00:00
[2023-04-24T13:34:20.480+0000] {processor.py:175} INFO - Processing /home/airflow/.local/lib/python3.7/site-packages/airflow/example_dags/example_branch_operator_decorator.py took 0.075 seconds
[2023-04-24T13:34:50.846+0000] {processor.py:153} INFO - Started process (PID=4743) to work on /home/airflow/.local/lib/python3.7/site-packages/airflow/example_dags/example_branch_operator_decorator.py
[2023-04-24T13:34:50.848+0000] {processor.py:743} INFO - Processing file /home/airflow/.local/lib/python3.7/site-packages/airflow/example_dags/example_branch_operator_decorator.py for tasks to queue
[2023-04-24T13:34:50.848+0000] {logging_mixin.py:137} INFO - [2023-04-24T13:34:50.848+0000] {dagbag.py:538} INFO - Filling up the DagBag from /home/airflow/.local/lib/python3.7/site-packages/airflow/example_dags/example_branch_operator_decorator.py
[2023-04-24T13:34:50.865+0000] {processor.py:753} INFO - DAG(s) dict_keys(['example_branch_python_operator_decorator']) retrieved from /home/airflow/.local/lib/python3.7/site-packages/airflow/example_dags/example_branch_operator_decorator.py
[2023-04-24T13:34:50.887+0000] {logging_mixin.py:137} INFO - [2023-04-24T13:34:50.886+0000] {dag.py:2690} INFO - Sync 1 DAGs
[2023-04-24T13:34:50.905+0000] {logging_mixin.py:137} INFO - [2023-04-24T13:34:50.905+0000] {dag.py:3441} INFO - Setting next_dagrun for example_branch_python_operator_decorator to 2023-04-23T00:00:00+00:00, run_after=2023-04-24T00:00:00+00:00
[2023-04-24T13:34:50.916+0000] {processor.py:175} INFO - Processing /home/airflow/.local/lib/python3.7/site-packages/airflow/example_dags/example_branch_operator_decorator.py took 0.072 seconds
[2023-04-24T13:35:21.045+0000] {processor.py:153} INFO - Started process (PID=4807) to work on /home/airflow/.local/lib/python3.7/site-packages/airflow/example_dags/example_branch_operator_decorator.py
[2023-04-24T13:35:21.046+0000] {processor.py:743} INFO - Processing file /home/airflow/.local/lib/python3.7/site-packages/airflow/example_dags/example_branch_operator_decorator.py for tasks to queue
[2023-04-24T13:35:21.047+0000] {logging_mixin.py:137} INFO - [2023-04-24T13:35:21.047+0000] {dagbag.py:538} INFO - Filling up the DagBag from /home/airflow/.local/lib/python3.7/site-packages/airflow/example_dags/example_branch_operator_decorator.py
[2023-04-24T13:35:21.063+0000] {processor.py:753} INFO - DAG(s) dict_keys(['example_branch_python_operator_decorator']) retrieved from /home/airflow/.local/lib/python3.7/site-packages/airflow/example_dags/example_branch_operator_decorator.py
[2023-04-24T13:35:21.084+0000] {logging_mixin.py:137} INFO - [2023-04-24T13:35:21.084+0000] {dag.py:2690} INFO - Sync 1 DAGs
[2023-04-24T13:35:21.101+0000] {logging_mixin.py:137} INFO - [2023-04-24T13:35:21.101+0000] {dag.py:3441} INFO - Setting next_dagrun for example_branch_python_operator_decorator to 2023-04-23T00:00:00+00:00, run_after=2023-04-24T00:00:00+00:00
[2023-04-24T13:35:21.113+0000] {processor.py:175} INFO - Processing /home/airflow/.local/lib/python3.7/site-packages/airflow/example_dags/example_branch_operator_decorator.py took 0.071 seconds
[2023-04-24T13:52:36.600+0000] {processor.py:153} INFO - Started process (PID=4883) to work on /home/airflow/.local/lib/python3.7/site-packages/airflow/example_dags/example_branch_operator_decorator.py
[2023-04-24T13:52:36.601+0000] {processor.py:743} INFO - Processing file /home/airflow/.local/lib/python3.7/site-packages/airflow/example_dags/example_branch_operator_decorator.py for tasks to queue
[2023-04-24T13:52:36.602+0000] {logging_mixin.py:137} INFO - [2023-04-24T13:52:36.602+0000] {dagbag.py:538} INFO - Filling up the DagBag from /home/airflow/.local/lib/python3.7/site-packages/airflow/example_dags/example_branch_operator_decorator.py
[2023-04-24T13:52:36.619+0000] {processor.py:753} INFO - DAG(s) dict_keys(['example_branch_python_operator_decorator']) retrieved from /home/airflow/.local/lib/python3.7/site-packages/airflow/example_dags/example_branch_operator_decorator.py
[2023-04-24T13:52:36.642+0000] {logging_mixin.py:137} INFO - [2023-04-24T13:52:36.641+0000] {dag.py:2690} INFO - Sync 1 DAGs
[2023-04-24T13:52:36.669+0000] {logging_mixin.py:137} INFO - [2023-04-24T13:52:36.669+0000] {dag.py:3441} INFO - Setting next_dagrun for example_branch_python_operator_decorator to 2023-04-23T00:00:00+00:00, run_after=2023-04-24T00:00:00+00:00
[2023-04-24T13:52:36.718+0000] {processor.py:175} INFO - Processing /home/airflow/.local/lib/python3.7/site-packages/airflow/example_dags/example_branch_operator_decorator.py took 0.121 seconds
[2023-04-24T14:31:30.428+0000] {processor.py:153} INFO - Started process (PID=4958) to work on /home/airflow/.local/lib/python3.7/site-packages/airflow/example_dags/example_branch_operator_decorator.py
[2023-04-24T14:31:30.429+0000] {processor.py:743} INFO - Processing file /home/airflow/.local/lib/python3.7/site-packages/airflow/example_dags/example_branch_operator_decorator.py for tasks to queue
[2023-04-24T14:31:30.430+0000] {logging_mixin.py:137} INFO - [2023-04-24T14:31:30.430+0000] {dagbag.py:538} INFO - Filling up the DagBag from /home/airflow/.local/lib/python3.7/site-packages/airflow/example_dags/example_branch_operator_decorator.py
[2023-04-24T14:31:30.447+0000] {processor.py:753} INFO - DAG(s) dict_keys(['example_branch_python_operator_decorator']) retrieved from /home/airflow/.local/lib/python3.7/site-packages/airflow/example_dags/example_branch_operator_decorator.py
[2023-04-24T14:31:30.468+0000] {logging_mixin.py:137} INFO - [2023-04-24T14:31:30.468+0000] {dag.py:2690} INFO - Sync 1 DAGs
[2023-04-24T14:31:30.485+0000] {logging_mixin.py:137} INFO - [2023-04-24T14:31:30.485+0000] {dag.py:3441} INFO - Setting next_dagrun for example_branch_python_operator_decorator to 2023-04-23T00:00:00+00:00, run_after=2023-04-24T00:00:00+00:00
[2023-04-24T14:31:30.497+0000] {processor.py:175} INFO - Processing /home/airflow/.local/lib/python3.7/site-packages/airflow/example_dags/example_branch_operator_decorator.py took 0.072 seconds
[2023-04-24T15:16:29.536+0000] {processor.py:153} INFO - Started process (PID=5022) to work on /home/airflow/.local/lib/python3.7/site-packages/airflow/example_dags/example_branch_operator_decorator.py
[2023-04-24T15:16:29.537+0000] {processor.py:743} INFO - Processing file /home/airflow/.local/lib/python3.7/site-packages/airflow/example_dags/example_branch_operator_decorator.py for tasks to queue
[2023-04-24T15:16:29.538+0000] {logging_mixin.py:137} INFO - [2023-04-24T15:16:29.537+0000] {dagbag.py:538} INFO - Filling up the DagBag from /home/airflow/.local/lib/python3.7/site-packages/airflow/example_dags/example_branch_operator_decorator.py
[2023-04-24T15:16:29.555+0000] {processor.py:753} INFO - DAG(s) dict_keys(['example_branch_python_operator_decorator']) retrieved from /home/airflow/.local/lib/python3.7/site-packages/airflow/example_dags/example_branch_operator_decorator.py
[2023-04-24T15:16:29.575+0000] {logging_mixin.py:137} INFO - [2023-04-24T15:16:29.575+0000] {dag.py:2690} INFO - Sync 1 DAGs
[2023-04-24T15:16:29.592+0000] {logging_mixin.py:137} INFO - [2023-04-24T15:16:29.592+0000] {dag.py:3441} INFO - Setting next_dagrun for example_branch_python_operator_decorator to 2023-04-23T00:00:00+00:00, run_after=2023-04-24T00:00:00+00:00
[2023-04-24T15:16:29.604+0000] {processor.py:175} INFO - Processing /home/airflow/.local/lib/python3.7/site-packages/airflow/example_dags/example_branch_operator_decorator.py took 0.071 seconds
[2023-04-24T16:21:51.219+0000] {processor.py:153} INFO - Started process (PID=5099) to work on /home/airflow/.local/lib/python3.7/site-packages/airflow/example_dags/example_branch_operator_decorator.py
[2023-04-24T16:21:51.221+0000] {processor.py:743} INFO - Processing file /home/airflow/.local/lib/python3.7/site-packages/airflow/example_dags/example_branch_operator_decorator.py for tasks to queue
[2023-04-24T16:21:51.221+0000] {logging_mixin.py:137} INFO - [2023-04-24T16:21:51.221+0000] {dagbag.py:538} INFO - Filling up the DagBag from /home/airflow/.local/lib/python3.7/site-packages/airflow/example_dags/example_branch_operator_decorator.py
[2023-04-24T16:21:51.238+0000] {processor.py:753} INFO - DAG(s) dict_keys(['example_branch_python_operator_decorator']) retrieved from /home/airflow/.local/lib/python3.7/site-packages/airflow/example_dags/example_branch_operator_decorator.py
[2023-04-24T16:21:51.259+0000] {logging_mixin.py:137} INFO - [2023-04-24T16:21:51.259+0000] {dag.py:2690} INFO - Sync 1 DAGs
[2023-04-24T16:21:51.277+0000] {logging_mixin.py:137} INFO - [2023-04-24T16:21:51.277+0000] {dag.py:3441} INFO - Setting next_dagrun for example_branch_python_operator_decorator to 2023-04-23T00:00:00+00:00, run_after=2023-04-24T00:00:00+00:00
[2023-04-24T16:21:51.288+0000] {processor.py:175} INFO - Processing /home/airflow/.local/lib/python3.7/site-packages/airflow/example_dags/example_branch_operator_decorator.py took 0.071 seconds
[2023-04-24T17:38:25.561+0000] {processor.py:153} INFO - Started process (PID=5171) to work on /home/airflow/.local/lib/python3.7/site-packages/airflow/example_dags/example_branch_operator_decorator.py
[2023-04-24T17:38:25.563+0000] {processor.py:743} INFO - Processing file /home/airflow/.local/lib/python3.7/site-packages/airflow/example_dags/example_branch_operator_decorator.py for tasks to queue
[2023-04-24T17:38:25.563+0000] {logging_mixin.py:137} INFO - [2023-04-24T17:38:25.563+0000] {dagbag.py:538} INFO - Filling up the DagBag from /home/airflow/.local/lib/python3.7/site-packages/airflow/example_dags/example_branch_operator_decorator.py
[2023-04-24T17:38:25.580+0000] {processor.py:753} INFO - DAG(s) dict_keys(['example_branch_python_operator_decorator']) retrieved from /home/airflow/.local/lib/python3.7/site-packages/airflow/example_dags/example_branch_operator_decorator.py
[2023-04-24T17:38:25.602+0000] {logging_mixin.py:137} INFO - [2023-04-24T17:38:25.602+0000] {dag.py:2690} INFO - Sync 1 DAGs
[2023-04-24T17:38:25.620+0000] {logging_mixin.py:137} INFO - [2023-04-24T17:38:25.620+0000] {dag.py:3441} INFO - Setting next_dagrun for example_branch_python_operator_decorator to 2023-04-23T00:00:00+00:00, run_after=2023-04-24T00:00:00+00:00
[2023-04-24T17:38:25.633+0000] {processor.py:175} INFO - Processing /home/airflow/.local/lib/python3.7/site-packages/airflow/example_dags/example_branch_operator_decorator.py took 0.074 seconds
[2023-04-24T18:45:22.232+0000] {processor.py:153} INFO - Started process (PID=5238) to work on /home/airflow/.local/lib/python3.7/site-packages/airflow/example_dags/example_branch_operator_decorator.py
[2023-04-24T18:45:22.233+0000] {processor.py:743} INFO - Processing file /home/airflow/.local/lib/python3.7/site-packages/airflow/example_dags/example_branch_operator_decorator.py for tasks to queue
[2023-04-24T18:45:22.234+0000] {logging_mixin.py:137} INFO - [2023-04-24T18:45:22.234+0000] {dagbag.py:538} INFO - Filling up the DagBag from /home/airflow/.local/lib/python3.7/site-packages/airflow/example_dags/example_branch_operator_decorator.py
[2023-04-24T18:45:22.251+0000] {processor.py:753} INFO - DAG(s) dict_keys(['example_branch_python_operator_decorator']) retrieved from /home/airflow/.local/lib/python3.7/site-packages/airflow/example_dags/example_branch_operator_decorator.py
[2023-04-24T18:45:22.275+0000] {logging_mixin.py:137} INFO - [2023-04-24T18:45:22.275+0000] {dag.py:2690} INFO - Sync 1 DAGs
[2023-04-24T18:45:22.292+0000] {logging_mixin.py:137} INFO - [2023-04-24T18:45:22.292+0000] {dag.py:3441} INFO - Setting next_dagrun for example_branch_python_operator_decorator to 2023-04-23T00:00:00+00:00, run_after=2023-04-24T00:00:00+00:00
[2023-04-24T18:45:22.303+0000] {processor.py:175} INFO - Processing /home/airflow/.local/lib/python3.7/site-packages/airflow/example_dags/example_branch_operator_decorator.py took 0.073 seconds
[2023-04-24T19:49:27.162+0000] {processor.py:153} INFO - Started process (PID=5314) to work on /home/airflow/.local/lib/python3.7/site-packages/airflow/example_dags/example_branch_operator_decorator.py
[2023-04-24T19:49:27.164+0000] {processor.py:743} INFO - Processing file /home/airflow/.local/lib/python3.7/site-packages/airflow/example_dags/example_branch_operator_decorator.py for tasks to queue
[2023-04-24T19:49:27.164+0000] {logging_mixin.py:137} INFO - [2023-04-24T19:49:27.164+0000] {dagbag.py:538} INFO - Filling up the DagBag from /home/airflow/.local/lib/python3.7/site-packages/airflow/example_dags/example_branch_operator_decorator.py
[2023-04-24T19:49:27.181+0000] {processor.py:753} INFO - DAG(s) dict_keys(['example_branch_python_operator_decorator']) retrieved from /home/airflow/.local/lib/python3.7/site-packages/airflow/example_dags/example_branch_operator_decorator.py
[2023-04-24T19:49:27.203+0000] {logging_mixin.py:137} INFO - [2023-04-24T19:49:27.202+0000] {dag.py:2690} INFO - Sync 1 DAGs
[2023-04-24T19:49:27.221+0000] {logging_mixin.py:137} INFO - [2023-04-24T19:49:27.221+0000] {dag.py:3441} INFO - Setting next_dagrun for example_branch_python_operator_decorator to 2023-04-23T00:00:00+00:00, run_after=2023-04-24T00:00:00+00:00
[2023-04-24T19:49:27.232+0000] {processor.py:175} INFO - Processing /home/airflow/.local/lib/python3.7/site-packages/airflow/example_dags/example_branch_operator_decorator.py took 0.072 seconds
[2023-04-24T20:25:35.431+0000] {processor.py:153} INFO - Started process (PID=5390) to work on /home/airflow/.local/lib/python3.7/site-packages/airflow/example_dags/example_branch_operator_decorator.py
[2023-04-24T20:25:35.432+0000] {processor.py:743} INFO - Processing file /home/airflow/.local/lib/python3.7/site-packages/airflow/example_dags/example_branch_operator_decorator.py for tasks to queue
[2023-04-24T20:25:35.433+0000] {logging_mixin.py:137} INFO - [2023-04-24T20:25:35.433+0000] {dagbag.py:538} INFO - Filling up the DagBag from /home/airflow/.local/lib/python3.7/site-packages/airflow/example_dags/example_branch_operator_decorator.py
[2023-04-24T20:25:35.452+0000] {processor.py:753} INFO - DAG(s) dict_keys(['example_branch_python_operator_decorator']) retrieved from /home/airflow/.local/lib/python3.7/site-packages/airflow/example_dags/example_branch_operator_decorator.py
[2023-04-24T20:25:35.475+0000] {logging_mixin.py:137} INFO - [2023-04-24T20:25:35.474+0000] {dag.py:2690} INFO - Sync 1 DAGs
[2023-04-24T20:25:35.499+0000] {logging_mixin.py:137} INFO - [2023-04-24T20:25:35.499+0000] {dag.py:3441} INFO - Setting next_dagrun for example_branch_python_operator_decorator to 2023-04-23T00:00:00+00:00, run_after=2023-04-24T00:00:00+00:00
[2023-04-24T20:25:35.518+0000] {processor.py:175} INFO - Processing /home/airflow/.local/lib/python3.7/site-packages/airflow/example_dags/example_branch_operator_decorator.py took 0.090 seconds
[2023-04-24T21:31:04.555+0000] {processor.py:153} INFO - Started process (PID=5454) to work on /home/airflow/.local/lib/python3.7/site-packages/airflow/example_dags/example_branch_operator_decorator.py
[2023-04-24T21:31:04.557+0000] {processor.py:743} INFO - Processing file /home/airflow/.local/lib/python3.7/site-packages/airflow/example_dags/example_branch_operator_decorator.py for tasks to queue
[2023-04-24T21:31:04.557+0000] {logging_mixin.py:137} INFO - [2023-04-24T21:31:04.557+0000] {dagbag.py:538} INFO - Filling up the DagBag from /home/airflow/.local/lib/python3.7/site-packages/airflow/example_dags/example_branch_operator_decorator.py
[2023-04-24T21:31:04.576+0000] {processor.py:753} INFO - DAG(s) dict_keys(['example_branch_python_operator_decorator']) retrieved from /home/airflow/.local/lib/python3.7/site-packages/airflow/example_dags/example_branch_operator_decorator.py
[2023-04-24T21:31:04.608+0000] {logging_mixin.py:137} INFO - [2023-04-24T21:31:04.608+0000] {dag.py:2690} INFO - Sync 1 DAGs
[2023-04-24T21:31:04.627+0000] {logging_mixin.py:137} INFO - [2023-04-24T21:31:04.627+0000] {dag.py:3441} INFO - Setting next_dagrun for example_branch_python_operator_decorator to 2023-04-23T00:00:00+00:00, run_after=2023-04-24T00:00:00+00:00
[2023-04-24T21:31:04.641+0000] {processor.py:175} INFO - Processing /home/airflow/.local/lib/python3.7/site-packages/airflow/example_dags/example_branch_operator_decorator.py took 0.088 seconds
[2023-04-24T22:36:52.843+0000] {processor.py:153} INFO - Started process (PID=5531) to work on /home/airflow/.local/lib/python3.7/site-packages/airflow/example_dags/example_branch_operator_decorator.py
[2023-04-24T22:36:52.845+0000] {processor.py:743} INFO - Processing file /home/airflow/.local/lib/python3.7/site-packages/airflow/example_dags/example_branch_operator_decorator.py for tasks to queue
[2023-04-24T22:36:52.845+0000] {logging_mixin.py:137} INFO - [2023-04-24T22:36:52.845+0000] {dagbag.py:538} INFO - Filling up the DagBag from /home/airflow/.local/lib/python3.7/site-packages/airflow/example_dags/example_branch_operator_decorator.py
[2023-04-24T22:36:52.876+0000] {processor.py:753} INFO - DAG(s) dict_keys(['example_branch_python_operator_decorator']) retrieved from /home/airflow/.local/lib/python3.7/site-packages/airflow/example_dags/example_branch_operator_decorator.py
[2023-04-24T22:36:52.908+0000] {logging_mixin.py:137} INFO - [2023-04-24T22:36:52.908+0000] {dag.py:2690} INFO - Sync 1 DAGs
[2023-04-24T22:36:52.926+0000] {logging_mixin.py:137} INFO - [2023-04-24T22:36:52.926+0000] {dag.py:3441} INFO - Setting next_dagrun for example_branch_python_operator_decorator to 2023-04-23T00:00:00+00:00, run_after=2023-04-24T00:00:00+00:00
[2023-04-24T22:36:52.938+0000] {processor.py:175} INFO - Processing /home/airflow/.local/lib/python3.7/site-packages/airflow/example_dags/example_branch_operator_decorator.py took 0.103 seconds
