[2023-04-24T12:39:21.579+0000] {processor.py:153} INFO - Started process (PID=291) to work on /home/airflow/.local/lib/python3.7/site-packages/airflow/example_dags/example_kubernetes_executor.py
[2023-04-24T12:39:21.601+0000] {processor.py:743} INFO - Processing file /home/airflow/.local/lib/python3.7/site-packages/airflow/example_dags/example_kubernetes_executor.py for tasks to queue
[2023-04-24T12:39:21.615+0000] {logging_mixin.py:137} INFO - [2023-04-24T12:39:21.615+0000] {dagbag.py:538} INFO - Filling up the DagBag from /home/airflow/.local/lib/python3.7/site-packages/airflow/example_dags/example_kubernetes_executor.py
[2023-04-24T12:39:23.598+0000] {processor.py:753} INFO - DAG(s) dict_keys(['example_kubernetes_executor']) retrieved from /home/airflow/.local/lib/python3.7/site-packages/airflow/example_dags/example_kubernetes_executor.py
[2023-04-24T12:39:24.595+0000] {logging_mixin.py:137} INFO - [2023-04-24T12:39:24.594+0000] {dag.py:2690} INFO - Sync 1 DAGs
[2023-04-24T12:39:25.125+0000] {logging_mixin.py:137} INFO - [2023-04-24T12:39:25.125+0000] {dag.py:2711} INFO - Creating ORM DAG for example_kubernetes_executor
[2023-04-24T12:39:25.388+0000] {logging_mixin.py:137} INFO - [2023-04-24T12:39:25.388+0000] {dag.py:3441} INFO - Setting next_dagrun for example_kubernetes_executor to None, run_after=None
[2023-04-24T12:39:25.779+0000] {processor.py:175} INFO - Processing /home/airflow/.local/lib/python3.7/site-packages/airflow/example_dags/example_kubernetes_executor.py took 4.282 seconds
[2023-04-24T12:40:28.754+0000] {processor.py:153} INFO - Started process (PID=360) to work on /home/airflow/.local/lib/python3.7/site-packages/airflow/example_dags/example_kubernetes_executor.py
[2023-04-24T12:40:28.781+0000] {processor.py:743} INFO - Processing file /home/airflow/.local/lib/python3.7/site-packages/airflow/example_dags/example_kubernetes_executor.py for tasks to queue
[2023-04-24T12:40:28.793+0000] {logging_mixin.py:137} INFO - [2023-04-24T12:40:28.793+0000] {dagbag.py:538} INFO - Filling up the DagBag from /home/airflow/.local/lib/python3.7/site-packages/airflow/example_dags/example_kubernetes_executor.py
[2023-04-24T12:40:29.306+0000] {processor.py:753} INFO - DAG(s) dict_keys(['example_kubernetes_executor']) retrieved from /home/airflow/.local/lib/python3.7/site-packages/airflow/example_dags/example_kubernetes_executor.py
[2023-04-24T12:40:29.542+0000] {logging_mixin.py:137} INFO - [2023-04-24T12:40:29.542+0000] {dag.py:2690} INFO - Sync 1 DAGs
[2023-04-24T12:40:29.844+0000] {logging_mixin.py:137} INFO - [2023-04-24T12:40:29.844+0000] {dag.py:3441} INFO - Setting next_dagrun for example_kubernetes_executor to None, run_after=None
[2023-04-24T12:40:30.078+0000] {processor.py:175} INFO - Processing /home/airflow/.local/lib/python3.7/site-packages/airflow/example_dags/example_kubernetes_executor.py took 1.381 seconds
[2023-04-24T12:41:40.247+0000] {processor.py:153} INFO - Started process (PID=434) to work on /home/airflow/.local/lib/python3.7/site-packages/airflow/example_dags/example_kubernetes_executor.py
[2023-04-24T12:41:40.254+0000] {processor.py:743} INFO - Processing file /home/airflow/.local/lib/python3.7/site-packages/airflow/example_dags/example_kubernetes_executor.py for tasks to queue
[2023-04-24T12:41:40.256+0000] {logging_mixin.py:137} INFO - [2023-04-24T12:41:40.256+0000] {dagbag.py:538} INFO - Filling up the DagBag from /home/airflow/.local/lib/python3.7/site-packages/airflow/example_dags/example_kubernetes_executor.py
[2023-04-24T12:41:40.561+0000] {processor.py:753} INFO - DAG(s) dict_keys(['example_kubernetes_executor']) retrieved from /home/airflow/.local/lib/python3.7/site-packages/airflow/example_dags/example_kubernetes_executor.py
[2023-04-24T12:41:40.684+0000] {logging_mixin.py:137} INFO - [2023-04-24T12:41:40.684+0000] {dag.py:2690} INFO - Sync 1 DAGs
[2023-04-24T12:41:40.867+0000] {logging_mixin.py:137} INFO - [2023-04-24T12:41:40.867+0000] {dag.py:3441} INFO - Setting next_dagrun for example_kubernetes_executor to None, run_after=None
[2023-04-24T12:41:40.996+0000] {processor.py:175} INFO - Processing /home/airflow/.local/lib/python3.7/site-packages/airflow/example_dags/example_kubernetes_executor.py took 0.765 seconds
[2023-04-24T12:47:20.345+0000] {processor.py:153} INFO - Started process (PID=614) to work on /home/airflow/.local/lib/python3.7/site-packages/airflow/example_dags/example_kubernetes_executor.py
[2023-04-24T12:47:20.432+0000] {processor.py:743} INFO - Processing file /home/airflow/.local/lib/python3.7/site-packages/airflow/example_dags/example_kubernetes_executor.py for tasks to queue
[2023-04-24T12:47:20.464+0000] {logging_mixin.py:137} INFO - [2023-04-24T12:47:20.464+0000] {dagbag.py:538} INFO - Filling up the DagBag from /home/airflow/.local/lib/python3.7/site-packages/airflow/example_dags/example_kubernetes_executor.py
[2023-04-24T12:47:21.540+0000] {processor.py:753} INFO - DAG(s) dict_keys(['example_kubernetes_executor']) retrieved from /home/airflow/.local/lib/python3.7/site-packages/airflow/example_dags/example_kubernetes_executor.py
[2023-04-24T12:47:22.273+0000] {logging_mixin.py:137} INFO - [2023-04-24T12:47:22.273+0000] {dag.py:2690} INFO - Sync 1 DAGs
[2023-04-24T12:47:22.849+0000] {logging_mixin.py:137} INFO - [2023-04-24T12:47:22.849+0000] {dag.py:3441} INFO - Setting next_dagrun for example_kubernetes_executor to None, run_after=None
[2023-04-24T12:47:23.225+0000] {processor.py:175} INFO - Processing /home/airflow/.local/lib/python3.7/site-packages/airflow/example_dags/example_kubernetes_executor.py took 2.973 seconds
[2023-04-24T12:48:02.459+0000] {processor.py:153} INFO - Started process (PID=657) to work on /home/airflow/.local/lib/python3.7/site-packages/airflow/example_dags/example_kubernetes_executor.py
[2023-04-24T12:48:02.463+0000] {processor.py:743} INFO - Processing file /home/airflow/.local/lib/python3.7/site-packages/airflow/example_dags/example_kubernetes_executor.py for tasks to queue
[2023-04-24T12:48:02.467+0000] {logging_mixin.py:137} INFO - [2023-04-24T12:48:02.466+0000] {dagbag.py:538} INFO - Filling up the DagBag from /home/airflow/.local/lib/python3.7/site-packages/airflow/example_dags/example_kubernetes_executor.py
[2023-04-24T12:48:02.565+0000] {processor.py:753} INFO - DAG(s) dict_keys(['example_kubernetes_executor']) retrieved from /home/airflow/.local/lib/python3.7/site-packages/airflow/example_dags/example_kubernetes_executor.py
[2023-04-24T12:48:02.641+0000] {logging_mixin.py:137} INFO - [2023-04-24T12:48:02.641+0000] {dag.py:2690} INFO - Sync 1 DAGs
[2023-04-24T12:48:02.696+0000] {logging_mixin.py:137} INFO - [2023-04-24T12:48:02.696+0000] {dag.py:3441} INFO - Setting next_dagrun for example_kubernetes_executor to None, run_after=None
[2023-04-24T12:48:02.741+0000] {processor.py:175} INFO - Processing /home/airflow/.local/lib/python3.7/site-packages/airflow/example_dags/example_kubernetes_executor.py took 0.289 seconds
[2023-04-24T12:56:10.536+0000] {processor.py:153} INFO - Started process (PID=887) to work on /home/airflow/.local/lib/python3.7/site-packages/airflow/example_dags/example_kubernetes_executor.py
[2023-04-24T12:56:10.548+0000] {processor.py:743} INFO - Processing file /home/airflow/.local/lib/python3.7/site-packages/airflow/example_dags/example_kubernetes_executor.py for tasks to queue
[2023-04-24T12:56:10.576+0000] {logging_mixin.py:137} INFO - [2023-04-24T12:56:10.576+0000] {dagbag.py:538} INFO - Filling up the DagBag from /home/airflow/.local/lib/python3.7/site-packages/airflow/example_dags/example_kubernetes_executor.py
[2023-04-24T12:56:11.971+0000] {processor.py:753} INFO - DAG(s) dict_keys(['example_kubernetes_executor']) retrieved from /home/airflow/.local/lib/python3.7/site-packages/airflow/example_dags/example_kubernetes_executor.py
[2023-04-24T12:56:12.788+0000] {logging_mixin.py:137} INFO - [2023-04-24T12:56:12.788+0000] {dag.py:2690} INFO - Sync 1 DAGs
[2023-04-24T12:56:13.668+0000] {logging_mixin.py:137} INFO - [2023-04-24T12:56:13.657+0000] {dag.py:3441} INFO - Setting next_dagrun for example_kubernetes_executor to None, run_after=None
[2023-04-24T12:56:14.520+0000] {processor.py:175} INFO - Processing /home/airflow/.local/lib/python3.7/site-packages/airflow/example_dags/example_kubernetes_executor.py took 4.120 seconds
[2023-04-24T12:58:12.234+0000] {processor.py:153} INFO - Started process (PID=1004) to work on /home/airflow/.local/lib/python3.7/site-packages/airflow/example_dags/example_kubernetes_executor.py
[2023-04-24T12:58:12.248+0000] {processor.py:743} INFO - Processing file /home/airflow/.local/lib/python3.7/site-packages/airflow/example_dags/example_kubernetes_executor.py for tasks to queue
[2023-04-24T12:58:12.252+0000] {logging_mixin.py:137} INFO - [2023-04-24T12:58:12.252+0000] {dagbag.py:538} INFO - Filling up the DagBag from /home/airflow/.local/lib/python3.7/site-packages/airflow/example_dags/example_kubernetes_executor.py
[2023-04-24T12:58:12.418+0000] {processor.py:753} INFO - DAG(s) dict_keys(['example_kubernetes_executor']) retrieved from /home/airflow/.local/lib/python3.7/site-packages/airflow/example_dags/example_kubernetes_executor.py
[2023-04-24T12:58:12.566+0000] {logging_mixin.py:137} INFO - [2023-04-24T12:58:12.566+0000] {dag.py:2690} INFO - Sync 1 DAGs
[2023-04-24T12:58:12.636+0000] {logging_mixin.py:137} INFO - [2023-04-24T12:58:12.636+0000] {dag.py:3441} INFO - Setting next_dagrun for example_kubernetes_executor to None, run_after=None
[2023-04-24T12:58:12.711+0000] {processor.py:175} INFO - Processing /home/airflow/.local/lib/python3.7/site-packages/airflow/example_dags/example_kubernetes_executor.py took 0.514 seconds
[2023-04-24T13:03:59.989+0000] {processor.py:153} INFO - Started process (PID=1192) to work on /home/airflow/.local/lib/python3.7/site-packages/airflow/example_dags/example_kubernetes_executor.py
[2023-04-24T13:04:00.094+0000] {processor.py:743} INFO - Processing file /home/airflow/.local/lib/python3.7/site-packages/airflow/example_dags/example_kubernetes_executor.py for tasks to queue
[2023-04-24T13:04:02.747+0000] {logging_mixin.py:137} INFO - [2023-04-24T13:04:00.205+0000] {dagbag.py:538} INFO - Filling up the DagBag from /home/airflow/.local/lib/python3.7/site-packages/airflow/example_dags/example_kubernetes_executor.py
[2023-04-24T13:04:09.932+0000] {processor.py:753} INFO - DAG(s) dict_keys(['example_kubernetes_executor']) retrieved from /home/airflow/.local/lib/python3.7/site-packages/airflow/example_dags/example_kubernetes_executor.py
[2023-04-24T13:04:10.668+0000] {logging_mixin.py:137} INFO - [2023-04-24T13:04:10.665+0000] {dag.py:2690} INFO - Sync 1 DAGs
[2023-04-24T13:04:11.128+0000] {logging_mixin.py:137} INFO - [2023-04-24T13:04:11.128+0000] {dag.py:3441} INFO - Setting next_dagrun for example_kubernetes_executor to None, run_after=None
[2023-04-24T13:04:11.527+0000] {processor.py:175} INFO - Processing /home/airflow/.local/lib/python3.7/site-packages/airflow/example_dags/example_kubernetes_executor.py took 11.765 seconds
[2023-04-24T13:04:43.353+0000] {processor.py:153} INFO - Started process (PID=1255) to work on /home/airflow/.local/lib/python3.7/site-packages/airflow/example_dags/example_kubernetes_executor.py
[2023-04-24T13:04:43.359+0000] {processor.py:743} INFO - Processing file /home/airflow/.local/lib/python3.7/site-packages/airflow/example_dags/example_kubernetes_executor.py for tasks to queue
[2023-04-24T13:04:43.361+0000] {logging_mixin.py:137} INFO - [2023-04-24T13:04:43.361+0000] {dagbag.py:538} INFO - Filling up the DagBag from /home/airflow/.local/lib/python3.7/site-packages/airflow/example_dags/example_kubernetes_executor.py
[2023-04-24T13:04:49.458+0000] {processor.py:753} INFO - DAG(s) dict_keys(['example_kubernetes_executor']) retrieved from /home/airflow/.local/lib/python3.7/site-packages/airflow/example_dags/example_kubernetes_executor.py
[2023-04-24T13:04:56.214+0000] {logging_mixin.py:137} INFO - [2023-04-24T13:04:56.213+0000] {dag.py:2690} INFO - Sync 1 DAGs
[2023-04-24T13:04:58.668+0000] {logging_mixin.py:137} INFO - [2023-04-24T13:04:58.668+0000] {dag.py:3441} INFO - Setting next_dagrun for example_kubernetes_executor to None, run_after=None
[2023-04-24T13:05:03.588+0000] {processor.py:175} INFO - Processing /home/airflow/.local/lib/python3.7/site-packages/airflow/example_dags/example_kubernetes_executor.py took 20.245 seconds
[2023-04-24T13:11:52.560+0000] {processor.py:153} INFO - Started process (PID=1493) to work on /home/airflow/.local/lib/python3.7/site-packages/airflow/example_dags/example_kubernetes_executor.py
[2023-04-24T13:11:52.562+0000] {processor.py:743} INFO - Processing file /home/airflow/.local/lib/python3.7/site-packages/airflow/example_dags/example_kubernetes_executor.py for tasks to queue
[2023-04-24T13:11:52.563+0000] {logging_mixin.py:137} INFO - [2023-04-24T13:11:52.563+0000] {dagbag.py:538} INFO - Filling up the DagBag from /home/airflow/.local/lib/python3.7/site-packages/airflow/example_dags/example_kubernetes_executor.py
[2023-04-24T13:11:52.624+0000] {processor.py:753} INFO - DAG(s) dict_keys(['example_kubernetes_executor']) retrieved from /home/airflow/.local/lib/python3.7/site-packages/airflow/example_dags/example_kubernetes_executor.py
[2023-04-24T13:11:52.666+0000] {logging_mixin.py:137} INFO - [2023-04-24T13:11:52.665+0000] {dag.py:2690} INFO - Sync 1 DAGs
[2023-04-24T13:11:52.689+0000] {logging_mixin.py:137} INFO - [2023-04-24T13:11:52.689+0000] {dag.py:3441} INFO - Setting next_dagrun for example_kubernetes_executor to None, run_after=None
[2023-04-24T13:11:52.705+0000] {processor.py:175} INFO - Processing /home/airflow/.local/lib/python3.7/site-packages/airflow/example_dags/example_kubernetes_executor.py took 0.150 seconds
[2023-04-24T13:12:23.322+0000] {processor.py:153} INFO - Started process (PID=1557) to work on /home/airflow/.local/lib/python3.7/site-packages/airflow/example_dags/example_kubernetes_executor.py
[2023-04-24T13:12:23.323+0000] {processor.py:743} INFO - Processing file /home/airflow/.local/lib/python3.7/site-packages/airflow/example_dags/example_kubernetes_executor.py for tasks to queue
[2023-04-24T13:12:23.324+0000] {logging_mixin.py:137} INFO - [2023-04-24T13:12:23.324+0000] {dagbag.py:538} INFO - Filling up the DagBag from /home/airflow/.local/lib/python3.7/site-packages/airflow/example_dags/example_kubernetes_executor.py
[2023-04-24T13:12:23.351+0000] {processor.py:753} INFO - DAG(s) dict_keys(['example_kubernetes_executor']) retrieved from /home/airflow/.local/lib/python3.7/site-packages/airflow/example_dags/example_kubernetes_executor.py
[2023-04-24T13:12:23.377+0000] {logging_mixin.py:137} INFO - [2023-04-24T13:12:23.377+0000] {dag.py:2690} INFO - Sync 1 DAGs
[2023-04-24T13:12:23.418+0000] {logging_mixin.py:137} INFO - [2023-04-24T13:12:23.417+0000] {dag.py:3441} INFO - Setting next_dagrun for example_kubernetes_executor to None, run_after=None
[2023-04-24T13:12:23.440+0000] {processor.py:175} INFO - Processing /home/airflow/.local/lib/python3.7/site-packages/airflow/example_dags/example_kubernetes_executor.py took 0.121 seconds
[2023-04-24T13:12:53.659+0000] {processor.py:153} INFO - Started process (PID=1633) to work on /home/airflow/.local/lib/python3.7/site-packages/airflow/example_dags/example_kubernetes_executor.py
[2023-04-24T13:12:53.660+0000] {processor.py:743} INFO - Processing file /home/airflow/.local/lib/python3.7/site-packages/airflow/example_dags/example_kubernetes_executor.py for tasks to queue
[2023-04-24T13:12:53.661+0000] {logging_mixin.py:137} INFO - [2023-04-24T13:12:53.661+0000] {dagbag.py:538} INFO - Filling up the DagBag from /home/airflow/.local/lib/python3.7/site-packages/airflow/example_dags/example_kubernetes_executor.py
[2023-04-24T13:12:53.681+0000] {processor.py:753} INFO - DAG(s) dict_keys(['example_kubernetes_executor']) retrieved from /home/airflow/.local/lib/python3.7/site-packages/airflow/example_dags/example_kubernetes_executor.py
[2023-04-24T13:12:53.704+0000] {logging_mixin.py:137} INFO - [2023-04-24T13:12:53.704+0000] {dag.py:2690} INFO - Sync 1 DAGs
[2023-04-24T13:12:53.719+0000] {logging_mixin.py:137} INFO - [2023-04-24T13:12:53.719+0000] {dag.py:3441} INFO - Setting next_dagrun for example_kubernetes_executor to None, run_after=None
[2023-04-24T13:12:53.730+0000] {processor.py:175} INFO - Processing /home/airflow/.local/lib/python3.7/site-packages/airflow/example_dags/example_kubernetes_executor.py took 0.075 seconds
[2023-04-24T13:13:23.923+0000] {processor.py:153} INFO - Started process (PID=1697) to work on /home/airflow/.local/lib/python3.7/site-packages/airflow/example_dags/example_kubernetes_executor.py
[2023-04-24T13:13:23.924+0000] {processor.py:743} INFO - Processing file /home/airflow/.local/lib/python3.7/site-packages/airflow/example_dags/example_kubernetes_executor.py for tasks to queue
[2023-04-24T13:13:23.925+0000] {logging_mixin.py:137} INFO - [2023-04-24T13:13:23.925+0000] {dagbag.py:538} INFO - Filling up the DagBag from /home/airflow/.local/lib/python3.7/site-packages/airflow/example_dags/example_kubernetes_executor.py
[2023-04-24T13:13:23.948+0000] {processor.py:753} INFO - DAG(s) dict_keys(['example_kubernetes_executor']) retrieved from /home/airflow/.local/lib/python3.7/site-packages/airflow/example_dags/example_kubernetes_executor.py
[2023-04-24T13:13:23.974+0000] {logging_mixin.py:137} INFO - [2023-04-24T13:13:23.973+0000] {dag.py:2690} INFO - Sync 1 DAGs
[2023-04-24T13:13:23.991+0000] {logging_mixin.py:137} INFO - [2023-04-24T13:13:23.991+0000] {dag.py:3441} INFO - Setting next_dagrun for example_kubernetes_executor to None, run_after=None
[2023-04-24T13:13:24.004+0000] {processor.py:175} INFO - Processing /home/airflow/.local/lib/python3.7/site-packages/airflow/example_dags/example_kubernetes_executor.py took 0.085 seconds
[2023-04-24T13:13:54.143+0000] {processor.py:153} INFO - Started process (PID=1772) to work on /home/airflow/.local/lib/python3.7/site-packages/airflow/example_dags/example_kubernetes_executor.py
[2023-04-24T13:13:54.145+0000] {processor.py:743} INFO - Processing file /home/airflow/.local/lib/python3.7/site-packages/airflow/example_dags/example_kubernetes_executor.py for tasks to queue
[2023-04-24T13:13:54.146+0000] {logging_mixin.py:137} INFO - [2023-04-24T13:13:54.146+0000] {dagbag.py:538} INFO - Filling up the DagBag from /home/airflow/.local/lib/python3.7/site-packages/airflow/example_dags/example_kubernetes_executor.py
[2023-04-24T13:13:54.169+0000] {processor.py:753} INFO - DAG(s) dict_keys(['example_kubernetes_executor']) retrieved from /home/airflow/.local/lib/python3.7/site-packages/airflow/example_dags/example_kubernetes_executor.py
[2023-04-24T13:13:54.193+0000] {logging_mixin.py:137} INFO - [2023-04-24T13:13:54.193+0000] {dag.py:2690} INFO - Sync 1 DAGs
[2023-04-24T13:13:54.209+0000] {logging_mixin.py:137} INFO - [2023-04-24T13:13:54.209+0000] {dag.py:3441} INFO - Setting next_dagrun for example_kubernetes_executor to None, run_after=None
[2023-04-24T13:13:54.222+0000] {processor.py:175} INFO - Processing /home/airflow/.local/lib/python3.7/site-packages/airflow/example_dags/example_kubernetes_executor.py took 0.082 seconds
[2023-04-24T13:14:24.454+0000] {processor.py:153} INFO - Started process (PID=1848) to work on /home/airflow/.local/lib/python3.7/site-packages/airflow/example_dags/example_kubernetes_executor.py
[2023-04-24T13:14:24.456+0000] {processor.py:743} INFO - Processing file /home/airflow/.local/lib/python3.7/site-packages/airflow/example_dags/example_kubernetes_executor.py for tasks to queue
[2023-04-24T13:14:24.456+0000] {logging_mixin.py:137} INFO - [2023-04-24T13:14:24.456+0000] {dagbag.py:538} INFO - Filling up the DagBag from /home/airflow/.local/lib/python3.7/site-packages/airflow/example_dags/example_kubernetes_executor.py
[2023-04-24T13:14:24.476+0000] {processor.py:753} INFO - DAG(s) dict_keys(['example_kubernetes_executor']) retrieved from /home/airflow/.local/lib/python3.7/site-packages/airflow/example_dags/example_kubernetes_executor.py
[2023-04-24T13:14:24.500+0000] {logging_mixin.py:137} INFO - [2023-04-24T13:14:24.499+0000] {dag.py:2690} INFO - Sync 1 DAGs
[2023-04-24T13:14:24.518+0000] {logging_mixin.py:137} INFO - [2023-04-24T13:14:24.518+0000] {dag.py:3441} INFO - Setting next_dagrun for example_kubernetes_executor to None, run_after=None
[2023-04-24T13:14:24.532+0000] {processor.py:175} INFO - Processing /home/airflow/.local/lib/python3.7/site-packages/airflow/example_dags/example_kubernetes_executor.py took 0.081 seconds
[2023-04-24T13:14:54.704+0000] {processor.py:153} INFO - Started process (PID=1912) to work on /home/airflow/.local/lib/python3.7/site-packages/airflow/example_dags/example_kubernetes_executor.py
[2023-04-24T13:14:54.705+0000] {processor.py:743} INFO - Processing file /home/airflow/.local/lib/python3.7/site-packages/airflow/example_dags/example_kubernetes_executor.py for tasks to queue
[2023-04-24T13:14:54.706+0000] {logging_mixin.py:137} INFO - [2023-04-24T13:14:54.706+0000] {dagbag.py:538} INFO - Filling up the DagBag from /home/airflow/.local/lib/python3.7/site-packages/airflow/example_dags/example_kubernetes_executor.py
[2023-04-24T13:14:54.725+0000] {processor.py:753} INFO - DAG(s) dict_keys(['example_kubernetes_executor']) retrieved from /home/airflow/.local/lib/python3.7/site-packages/airflow/example_dags/example_kubernetes_executor.py
[2023-04-24T13:14:54.747+0000] {logging_mixin.py:137} INFO - [2023-04-24T13:14:54.747+0000] {dag.py:2690} INFO - Sync 1 DAGs
[2023-04-24T13:14:54.762+0000] {logging_mixin.py:137} INFO - [2023-04-24T13:14:54.761+0000] {dag.py:3441} INFO - Setting next_dagrun for example_kubernetes_executor to None, run_after=None
[2023-04-24T13:14:54.773+0000] {processor.py:175} INFO - Processing /home/airflow/.local/lib/python3.7/site-packages/airflow/example_dags/example_kubernetes_executor.py took 0.073 seconds
[2023-04-24T13:15:24.986+0000] {processor.py:153} INFO - Started process (PID=1988) to work on /home/airflow/.local/lib/python3.7/site-packages/airflow/example_dags/example_kubernetes_executor.py
[2023-04-24T13:15:24.988+0000] {processor.py:743} INFO - Processing file /home/airflow/.local/lib/python3.7/site-packages/airflow/example_dags/example_kubernetes_executor.py for tasks to queue
[2023-04-24T13:15:24.989+0000] {logging_mixin.py:137} INFO - [2023-04-24T13:15:24.988+0000] {dagbag.py:538} INFO - Filling up the DagBag from /home/airflow/.local/lib/python3.7/site-packages/airflow/example_dags/example_kubernetes_executor.py
[2023-04-24T13:15:25.009+0000] {processor.py:753} INFO - DAG(s) dict_keys(['example_kubernetes_executor']) retrieved from /home/airflow/.local/lib/python3.7/site-packages/airflow/example_dags/example_kubernetes_executor.py
[2023-04-24T13:15:25.034+0000] {logging_mixin.py:137} INFO - [2023-04-24T13:15:25.034+0000] {dag.py:2690} INFO - Sync 1 DAGs
[2023-04-24T13:15:25.054+0000] {logging_mixin.py:137} INFO - [2023-04-24T13:15:25.054+0000] {dag.py:3441} INFO - Setting next_dagrun for example_kubernetes_executor to None, run_after=None
[2023-04-24T13:15:25.068+0000] {processor.py:175} INFO - Processing /home/airflow/.local/lib/python3.7/site-packages/airflow/example_dags/example_kubernetes_executor.py took 0.084 seconds
[2023-04-24T13:15:55.281+0000] {processor.py:153} INFO - Started process (PID=2066) to work on /home/airflow/.local/lib/python3.7/site-packages/airflow/example_dags/example_kubernetes_executor.py
[2023-04-24T13:15:55.282+0000] {processor.py:743} INFO - Processing file /home/airflow/.local/lib/python3.7/site-packages/airflow/example_dags/example_kubernetes_executor.py for tasks to queue
[2023-04-24T13:15:55.283+0000] {logging_mixin.py:137} INFO - [2023-04-24T13:15:55.283+0000] {dagbag.py:538} INFO - Filling up the DagBag from /home/airflow/.local/lib/python3.7/site-packages/airflow/example_dags/example_kubernetes_executor.py
[2023-04-24T13:15:55.302+0000] {processor.py:753} INFO - DAG(s) dict_keys(['example_kubernetes_executor']) retrieved from /home/airflow/.local/lib/python3.7/site-packages/airflow/example_dags/example_kubernetes_executor.py
[2023-04-24T13:15:55.325+0000] {logging_mixin.py:137} INFO - [2023-04-24T13:15:55.325+0000] {dag.py:2690} INFO - Sync 1 DAGs
[2023-04-24T13:15:55.340+0000] {logging_mixin.py:137} INFO - [2023-04-24T13:15:55.339+0000] {dag.py:3441} INFO - Setting next_dagrun for example_kubernetes_executor to None, run_after=None
[2023-04-24T13:15:55.351+0000] {processor.py:175} INFO - Processing /home/airflow/.local/lib/python3.7/site-packages/airflow/example_dags/example_kubernetes_executor.py took 0.073 seconds
[2023-04-24T13:16:26.024+0000] {processor.py:153} INFO - Started process (PID=2143) to work on /home/airflow/.local/lib/python3.7/site-packages/airflow/example_dags/example_kubernetes_executor.py
[2023-04-24T13:16:26.025+0000] {processor.py:743} INFO - Processing file /home/airflow/.local/lib/python3.7/site-packages/airflow/example_dags/example_kubernetes_executor.py for tasks to queue
[2023-04-24T13:16:26.026+0000] {logging_mixin.py:137} INFO - [2023-04-24T13:16:26.026+0000] {dagbag.py:538} INFO - Filling up the DagBag from /home/airflow/.local/lib/python3.7/site-packages/airflow/example_dags/example_kubernetes_executor.py
[2023-04-24T13:16:26.047+0000] {processor.py:753} INFO - DAG(s) dict_keys(['example_kubernetes_executor']) retrieved from /home/airflow/.local/lib/python3.7/site-packages/airflow/example_dags/example_kubernetes_executor.py
[2023-04-24T13:16:26.060+0000] {logging_mixin.py:137} INFO - [2023-04-24T13:16:26.059+0000] {dag.py:2690} INFO - Sync 1 DAGs
[2023-04-24T13:16:26.079+0000] {logging_mixin.py:137} INFO - [2023-04-24T13:16:26.079+0000] {dag.py:3441} INFO - Setting next_dagrun for example_kubernetes_executor to None, run_after=None
[2023-04-24T13:16:26.103+0000] {processor.py:175} INFO - Processing /home/airflow/.local/lib/python3.7/site-packages/airflow/example_dags/example_kubernetes_executor.py took 0.082 seconds
[2023-04-24T13:16:56.536+0000] {processor.py:153} INFO - Started process (PID=2207) to work on /home/airflow/.local/lib/python3.7/site-packages/airflow/example_dags/example_kubernetes_executor.py
[2023-04-24T13:16:56.537+0000] {processor.py:743} INFO - Processing file /home/airflow/.local/lib/python3.7/site-packages/airflow/example_dags/example_kubernetes_executor.py for tasks to queue
[2023-04-24T13:16:56.538+0000] {logging_mixin.py:137} INFO - [2023-04-24T13:16:56.538+0000] {dagbag.py:538} INFO - Filling up the DagBag from /home/airflow/.local/lib/python3.7/site-packages/airflow/example_dags/example_kubernetes_executor.py
[2023-04-24T13:16:56.558+0000] {processor.py:753} INFO - DAG(s) dict_keys(['example_kubernetes_executor']) retrieved from /home/airflow/.local/lib/python3.7/site-packages/airflow/example_dags/example_kubernetes_executor.py
[2023-04-24T13:16:56.581+0000] {logging_mixin.py:137} INFO - [2023-04-24T13:16:56.581+0000] {dag.py:2690} INFO - Sync 1 DAGs
[2023-04-24T13:16:56.597+0000] {logging_mixin.py:137} INFO - [2023-04-24T13:16:56.597+0000] {dag.py:3441} INFO - Setting next_dagrun for example_kubernetes_executor to None, run_after=None
[2023-04-24T13:16:56.608+0000] {processor.py:175} INFO - Processing /home/airflow/.local/lib/python3.7/site-packages/airflow/example_dags/example_kubernetes_executor.py took 0.075 seconds
[2023-04-24T13:17:26.957+0000] {processor.py:153} INFO - Started process (PID=2283) to work on /home/airflow/.local/lib/python3.7/site-packages/airflow/example_dags/example_kubernetes_executor.py
[2023-04-24T13:17:26.959+0000] {processor.py:743} INFO - Processing file /home/airflow/.local/lib/python3.7/site-packages/airflow/example_dags/example_kubernetes_executor.py for tasks to queue
[2023-04-24T13:17:26.959+0000] {logging_mixin.py:137} INFO - [2023-04-24T13:17:26.959+0000] {dagbag.py:538} INFO - Filling up the DagBag from /home/airflow/.local/lib/python3.7/site-packages/airflow/example_dags/example_kubernetes_executor.py
[2023-04-24T13:17:26.982+0000] {processor.py:753} INFO - DAG(s) dict_keys(['example_kubernetes_executor']) retrieved from /home/airflow/.local/lib/python3.7/site-packages/airflow/example_dags/example_kubernetes_executor.py
[2023-04-24T13:17:27.011+0000] {logging_mixin.py:137} INFO - [2023-04-24T13:17:27.011+0000] {dag.py:2690} INFO - Sync 1 DAGs
[2023-04-24T13:17:27.029+0000] {logging_mixin.py:137} INFO - [2023-04-24T13:17:27.029+0000] {dag.py:3441} INFO - Setting next_dagrun for example_kubernetes_executor to None, run_after=None
[2023-04-24T13:17:27.040+0000] {processor.py:175} INFO - Processing /home/airflow/.local/lib/python3.7/site-packages/airflow/example_dags/example_kubernetes_executor.py took 0.086 seconds
[2023-04-24T13:17:57.354+0000] {processor.py:153} INFO - Started process (PID=2359) to work on /home/airflow/.local/lib/python3.7/site-packages/airflow/example_dags/example_kubernetes_executor.py
[2023-04-24T13:17:57.355+0000] {processor.py:743} INFO - Processing file /home/airflow/.local/lib/python3.7/site-packages/airflow/example_dags/example_kubernetes_executor.py for tasks to queue
[2023-04-24T13:17:57.356+0000] {logging_mixin.py:137} INFO - [2023-04-24T13:17:57.356+0000] {dagbag.py:538} INFO - Filling up the DagBag from /home/airflow/.local/lib/python3.7/site-packages/airflow/example_dags/example_kubernetes_executor.py
[2023-04-24T13:17:57.375+0000] {processor.py:753} INFO - DAG(s) dict_keys(['example_kubernetes_executor']) retrieved from /home/airflow/.local/lib/python3.7/site-packages/airflow/example_dags/example_kubernetes_executor.py
[2023-04-24T13:17:57.398+0000] {logging_mixin.py:137} INFO - [2023-04-24T13:17:57.398+0000] {dag.py:2690} INFO - Sync 1 DAGs
[2023-04-24T13:17:57.411+0000] {logging_mixin.py:137} INFO - [2023-04-24T13:17:57.411+0000] {dag.py:3441} INFO - Setting next_dagrun for example_kubernetes_executor to None, run_after=None
[2023-04-24T13:17:57.423+0000] {processor.py:175} INFO - Processing /home/airflow/.local/lib/python3.7/site-packages/airflow/example_dags/example_kubernetes_executor.py took 0.072 seconds
[2023-04-24T13:18:27.581+0000] {processor.py:153} INFO - Started process (PID=2423) to work on /home/airflow/.local/lib/python3.7/site-packages/airflow/example_dags/example_kubernetes_executor.py
[2023-04-24T13:18:27.582+0000] {processor.py:743} INFO - Processing file /home/airflow/.local/lib/python3.7/site-packages/airflow/example_dags/example_kubernetes_executor.py for tasks to queue
[2023-04-24T13:18:27.583+0000] {logging_mixin.py:137} INFO - [2023-04-24T13:18:27.583+0000] {dagbag.py:538} INFO - Filling up the DagBag from /home/airflow/.local/lib/python3.7/site-packages/airflow/example_dags/example_kubernetes_executor.py
[2023-04-24T13:18:27.602+0000] {processor.py:753} INFO - DAG(s) dict_keys(['example_kubernetes_executor']) retrieved from /home/airflow/.local/lib/python3.7/site-packages/airflow/example_dags/example_kubernetes_executor.py
[2023-04-24T13:18:27.624+0000] {logging_mixin.py:137} INFO - [2023-04-24T13:18:27.623+0000] {dag.py:2690} INFO - Sync 1 DAGs
[2023-04-24T13:18:27.640+0000] {logging_mixin.py:137} INFO - [2023-04-24T13:18:27.639+0000] {dag.py:3441} INFO - Setting next_dagrun for example_kubernetes_executor to None, run_after=None
[2023-04-24T13:18:27.651+0000] {processor.py:175} INFO - Processing /home/airflow/.local/lib/python3.7/site-packages/airflow/example_dags/example_kubernetes_executor.py took 0.073 seconds
[2023-04-24T13:18:57.766+0000] {processor.py:153} INFO - Started process (PID=2499) to work on /home/airflow/.local/lib/python3.7/site-packages/airflow/example_dags/example_kubernetes_executor.py
[2023-04-24T13:18:57.768+0000] {processor.py:743} INFO - Processing file /home/airflow/.local/lib/python3.7/site-packages/airflow/example_dags/example_kubernetes_executor.py for tasks to queue
[2023-04-24T13:18:57.768+0000] {logging_mixin.py:137} INFO - [2023-04-24T13:18:57.768+0000] {dagbag.py:538} INFO - Filling up the DagBag from /home/airflow/.local/lib/python3.7/site-packages/airflow/example_dags/example_kubernetes_executor.py
[2023-04-24T13:18:57.787+0000] {processor.py:753} INFO - DAG(s) dict_keys(['example_kubernetes_executor']) retrieved from /home/airflow/.local/lib/python3.7/site-packages/airflow/example_dags/example_kubernetes_executor.py
[2023-04-24T13:18:57.810+0000] {logging_mixin.py:137} INFO - [2023-04-24T13:18:57.809+0000] {dag.py:2690} INFO - Sync 1 DAGs
[2023-04-24T13:18:57.825+0000] {logging_mixin.py:137} INFO - [2023-04-24T13:18:57.825+0000] {dag.py:3441} INFO - Setting next_dagrun for example_kubernetes_executor to None, run_after=None
[2023-04-24T13:18:57.836+0000] {processor.py:175} INFO - Processing /home/airflow/.local/lib/python3.7/site-packages/airflow/example_dags/example_kubernetes_executor.py took 0.072 seconds
[2023-04-24T13:19:28.095+0000] {processor.py:153} INFO - Started process (PID=2575) to work on /home/airflow/.local/lib/python3.7/site-packages/airflow/example_dags/example_kubernetes_executor.py
[2023-04-24T13:19:28.097+0000] {processor.py:743} INFO - Processing file /home/airflow/.local/lib/python3.7/site-packages/airflow/example_dags/example_kubernetes_executor.py for tasks to queue
[2023-04-24T13:19:28.098+0000] {logging_mixin.py:137} INFO - [2023-04-24T13:19:28.097+0000] {dagbag.py:538} INFO - Filling up the DagBag from /home/airflow/.local/lib/python3.7/site-packages/airflow/example_dags/example_kubernetes_executor.py
[2023-04-24T13:19:28.118+0000] {processor.py:753} INFO - DAG(s) dict_keys(['example_kubernetes_executor']) retrieved from /home/airflow/.local/lib/python3.7/site-packages/airflow/example_dags/example_kubernetes_executor.py
[2023-04-24T13:19:28.141+0000] {logging_mixin.py:137} INFO - [2023-04-24T13:19:28.141+0000] {dag.py:2690} INFO - Sync 1 DAGs
[2023-04-24T13:19:28.155+0000] {logging_mixin.py:137} INFO - [2023-04-24T13:19:28.155+0000] {dag.py:3441} INFO - Setting next_dagrun for example_kubernetes_executor to None, run_after=None
[2023-04-24T13:19:28.167+0000] {processor.py:175} INFO - Processing /home/airflow/.local/lib/python3.7/site-packages/airflow/example_dags/example_kubernetes_executor.py took 0.075 seconds
[2023-04-24T13:19:58.556+0000] {processor.py:153} INFO - Started process (PID=2641) to work on /home/airflow/.local/lib/python3.7/site-packages/airflow/example_dags/example_kubernetes_executor.py
[2023-04-24T13:19:58.558+0000] {processor.py:743} INFO - Processing file /home/airflow/.local/lib/python3.7/site-packages/airflow/example_dags/example_kubernetes_executor.py for tasks to queue
[2023-04-24T13:19:58.558+0000] {logging_mixin.py:137} INFO - [2023-04-24T13:19:58.558+0000] {dagbag.py:538} INFO - Filling up the DagBag from /home/airflow/.local/lib/python3.7/site-packages/airflow/example_dags/example_kubernetes_executor.py
[2023-04-24T13:19:58.578+0000] {processor.py:753} INFO - DAG(s) dict_keys(['example_kubernetes_executor']) retrieved from /home/airflow/.local/lib/python3.7/site-packages/airflow/example_dags/example_kubernetes_executor.py
[2023-04-24T13:19:58.601+0000] {logging_mixin.py:137} INFO - [2023-04-24T13:19:58.601+0000] {dag.py:2690} INFO - Sync 1 DAGs
[2023-04-24T13:19:58.615+0000] {logging_mixin.py:137} INFO - [2023-04-24T13:19:58.615+0000] {dag.py:3441} INFO - Setting next_dagrun for example_kubernetes_executor to None, run_after=None
[2023-04-24T13:19:58.628+0000] {processor.py:175} INFO - Processing /home/airflow/.local/lib/python3.7/site-packages/airflow/example_dags/example_kubernetes_executor.py took 0.075 seconds
[2023-04-24T13:20:28.955+0000] {processor.py:153} INFO - Started process (PID=2722) to work on /home/airflow/.local/lib/python3.7/site-packages/airflow/example_dags/example_kubernetes_executor.py
[2023-04-24T13:20:28.956+0000] {processor.py:743} INFO - Processing file /home/airflow/.local/lib/python3.7/site-packages/airflow/example_dags/example_kubernetes_executor.py for tasks to queue
[2023-04-24T13:20:28.957+0000] {logging_mixin.py:137} INFO - [2023-04-24T13:20:28.957+0000] {dagbag.py:538} INFO - Filling up the DagBag from /home/airflow/.local/lib/python3.7/site-packages/airflow/example_dags/example_kubernetes_executor.py
[2023-04-24T13:20:28.980+0000] {processor.py:753} INFO - DAG(s) dict_keys(['example_kubernetes_executor']) retrieved from /home/airflow/.local/lib/python3.7/site-packages/airflow/example_dags/example_kubernetes_executor.py
[2023-04-24T13:20:29.014+0000] {logging_mixin.py:137} INFO - [2023-04-24T13:20:29.014+0000] {dag.py:2690} INFO - Sync 1 DAGs
[2023-04-24T13:20:29.035+0000] {logging_mixin.py:137} INFO - [2023-04-24T13:20:29.035+0000] {dag.py:3441} INFO - Setting next_dagrun for example_kubernetes_executor to None, run_after=None
[2023-04-24T13:20:29.050+0000] {processor.py:175} INFO - Processing /home/airflow/.local/lib/python3.7/site-packages/airflow/example_dags/example_kubernetes_executor.py took 0.098 seconds
[2023-04-24T13:20:59.386+0000] {processor.py:153} INFO - Started process (PID=2798) to work on /home/airflow/.local/lib/python3.7/site-packages/airflow/example_dags/example_kubernetes_executor.py
[2023-04-24T13:20:59.388+0000] {processor.py:743} INFO - Processing file /home/airflow/.local/lib/python3.7/site-packages/airflow/example_dags/example_kubernetes_executor.py for tasks to queue
[2023-04-24T13:20:59.389+0000] {logging_mixin.py:137} INFO - [2023-04-24T13:20:59.389+0000] {dagbag.py:538} INFO - Filling up the DagBag from /home/airflow/.local/lib/python3.7/site-packages/airflow/example_dags/example_kubernetes_executor.py
[2023-04-24T13:20:59.408+0000] {processor.py:753} INFO - DAG(s) dict_keys(['example_kubernetes_executor']) retrieved from /home/airflow/.local/lib/python3.7/site-packages/airflow/example_dags/example_kubernetes_executor.py
[2023-04-24T13:20:59.432+0000] {logging_mixin.py:137} INFO - [2023-04-24T13:20:59.432+0000] {dag.py:2690} INFO - Sync 1 DAGs
[2023-04-24T13:20:59.457+0000] {logging_mixin.py:137} INFO - [2023-04-24T13:20:59.457+0000] {dag.py:3441} INFO - Setting next_dagrun for example_kubernetes_executor to None, run_after=None
[2023-04-24T13:20:59.469+0000] {processor.py:175} INFO - Processing /home/airflow/.local/lib/python3.7/site-packages/airflow/example_dags/example_kubernetes_executor.py took 0.086 seconds
[2023-04-24T13:21:29.738+0000] {processor.py:153} INFO - Started process (PID=2875) to work on /home/airflow/.local/lib/python3.7/site-packages/airflow/example_dags/example_kubernetes_executor.py
[2023-04-24T13:21:29.739+0000] {processor.py:743} INFO - Processing file /home/airflow/.local/lib/python3.7/site-packages/airflow/example_dags/example_kubernetes_executor.py for tasks to queue
[2023-04-24T13:21:29.740+0000] {logging_mixin.py:137} INFO - [2023-04-24T13:21:29.740+0000] {dagbag.py:538} INFO - Filling up the DagBag from /home/airflow/.local/lib/python3.7/site-packages/airflow/example_dags/example_kubernetes_executor.py
[2023-04-24T13:21:29.762+0000] {processor.py:753} INFO - DAG(s) dict_keys(['example_kubernetes_executor']) retrieved from /home/airflow/.local/lib/python3.7/site-packages/airflow/example_dags/example_kubernetes_executor.py
[2023-04-24T13:21:29.786+0000] {logging_mixin.py:137} INFO - [2023-04-24T13:21:29.786+0000] {dag.py:2690} INFO - Sync 1 DAGs
[2023-04-24T13:21:29.802+0000] {logging_mixin.py:137} INFO - [2023-04-24T13:21:29.802+0000] {dag.py:3441} INFO - Setting next_dagrun for example_kubernetes_executor to None, run_after=None
[2023-04-24T13:21:29.814+0000] {processor.py:175} INFO - Processing /home/airflow/.local/lib/python3.7/site-packages/airflow/example_dags/example_kubernetes_executor.py took 0.079 seconds
[2023-04-24T13:21:59.911+0000] {processor.py:153} INFO - Started process (PID=2939) to work on /home/airflow/.local/lib/python3.7/site-packages/airflow/example_dags/example_kubernetes_executor.py
[2023-04-24T13:21:59.913+0000] {processor.py:743} INFO - Processing file /home/airflow/.local/lib/python3.7/site-packages/airflow/example_dags/example_kubernetes_executor.py for tasks to queue
[2023-04-24T13:21:59.914+0000] {logging_mixin.py:137} INFO - [2023-04-24T13:21:59.914+0000] {dagbag.py:538} INFO - Filling up the DagBag from /home/airflow/.local/lib/python3.7/site-packages/airflow/example_dags/example_kubernetes_executor.py
[2023-04-24T13:21:59.936+0000] {processor.py:753} INFO - DAG(s) dict_keys(['example_kubernetes_executor']) retrieved from /home/airflow/.local/lib/python3.7/site-packages/airflow/example_dags/example_kubernetes_executor.py
[2023-04-24T13:21:59.961+0000] {logging_mixin.py:137} INFO - [2023-04-24T13:21:59.961+0000] {dag.py:2690} INFO - Sync 1 DAGs
[2023-04-24T13:21:59.979+0000] {logging_mixin.py:137} INFO - [2023-04-24T13:21:59.978+0000] {dag.py:3441} INFO - Setting next_dagrun for example_kubernetes_executor to None, run_after=None
[2023-04-24T13:21:59.991+0000] {processor.py:175} INFO - Processing /home/airflow/.local/lib/python3.7/site-packages/airflow/example_dags/example_kubernetes_executor.py took 0.083 seconds
[2023-04-24T13:22:30.265+0000] {processor.py:153} INFO - Started process (PID=3015) to work on /home/airflow/.local/lib/python3.7/site-packages/airflow/example_dags/example_kubernetes_executor.py
[2023-04-24T13:22:30.266+0000] {processor.py:743} INFO - Processing file /home/airflow/.local/lib/python3.7/site-packages/airflow/example_dags/example_kubernetes_executor.py for tasks to queue
[2023-04-24T13:22:30.267+0000] {logging_mixin.py:137} INFO - [2023-04-24T13:22:30.267+0000] {dagbag.py:538} INFO - Filling up the DagBag from /home/airflow/.local/lib/python3.7/site-packages/airflow/example_dags/example_kubernetes_executor.py
[2023-04-24T13:22:30.285+0000] {processor.py:753} INFO - DAG(s) dict_keys(['example_kubernetes_executor']) retrieved from /home/airflow/.local/lib/python3.7/site-packages/airflow/example_dags/example_kubernetes_executor.py
[2023-04-24T13:22:30.307+0000] {logging_mixin.py:137} INFO - [2023-04-24T13:22:30.307+0000] {dag.py:2690} INFO - Sync 1 DAGs
[2023-04-24T13:22:30.322+0000] {logging_mixin.py:137} INFO - [2023-04-24T13:22:30.322+0000] {dag.py:3441} INFO - Setting next_dagrun for example_kubernetes_executor to None, run_after=None
[2023-04-24T13:22:30.333+0000] {processor.py:175} INFO - Processing /home/airflow/.local/lib/python3.7/site-packages/airflow/example_dags/example_kubernetes_executor.py took 0.071 seconds
[2023-04-24T13:23:00.576+0000] {processor.py:153} INFO - Started process (PID=3093) to work on /home/airflow/.local/lib/python3.7/site-packages/airflow/example_dags/example_kubernetes_executor.py
[2023-04-24T13:23:00.578+0000] {processor.py:743} INFO - Processing file /home/airflow/.local/lib/python3.7/site-packages/airflow/example_dags/example_kubernetes_executor.py for tasks to queue
[2023-04-24T13:23:00.578+0000] {logging_mixin.py:137} INFO - [2023-04-24T13:23:00.578+0000] {dagbag.py:538} INFO - Filling up the DagBag from /home/airflow/.local/lib/python3.7/site-packages/airflow/example_dags/example_kubernetes_executor.py
[2023-04-24T13:23:00.598+0000] {processor.py:753} INFO - DAG(s) dict_keys(['example_kubernetes_executor']) retrieved from /home/airflow/.local/lib/python3.7/site-packages/airflow/example_dags/example_kubernetes_executor.py
[2023-04-24T13:23:00.621+0000] {logging_mixin.py:137} INFO - [2023-04-24T13:23:00.621+0000] {dag.py:2690} INFO - Sync 1 DAGs
[2023-04-24T13:23:00.636+0000] {logging_mixin.py:137} INFO - [2023-04-24T13:23:00.636+0000] {dag.py:3441} INFO - Setting next_dagrun for example_kubernetes_executor to None, run_after=None
[2023-04-24T13:23:00.649+0000] {processor.py:175} INFO - Processing /home/airflow/.local/lib/python3.7/site-packages/airflow/example_dags/example_kubernetes_executor.py took 0.076 seconds
[2023-04-24T13:23:31.104+0000] {processor.py:153} INFO - Started process (PID=3164) to work on /home/airflow/.local/lib/python3.7/site-packages/airflow/example_dags/example_kubernetes_executor.py
[2023-04-24T13:23:31.105+0000] {processor.py:743} INFO - Processing file /home/airflow/.local/lib/python3.7/site-packages/airflow/example_dags/example_kubernetes_executor.py for tasks to queue
[2023-04-24T13:23:31.106+0000] {logging_mixin.py:137} INFO - [2023-04-24T13:23:31.106+0000] {dagbag.py:538} INFO - Filling up the DagBag from /home/airflow/.local/lib/python3.7/site-packages/airflow/example_dags/example_kubernetes_executor.py
[2023-04-24T13:23:31.125+0000] {processor.py:753} INFO - DAG(s) dict_keys(['example_kubernetes_executor']) retrieved from /home/airflow/.local/lib/python3.7/site-packages/airflow/example_dags/example_kubernetes_executor.py
[2023-04-24T13:23:31.147+0000] {logging_mixin.py:137} INFO - [2023-04-24T13:23:31.147+0000] {dag.py:2690} INFO - Sync 1 DAGs
[2023-04-24T13:23:31.163+0000] {logging_mixin.py:137} INFO - [2023-04-24T13:23:31.162+0000] {dag.py:3441} INFO - Setting next_dagrun for example_kubernetes_executor to None, run_after=None
[2023-04-24T13:23:31.175+0000] {processor.py:175} INFO - Processing /home/airflow/.local/lib/python3.7/site-packages/airflow/example_dags/example_kubernetes_executor.py took 0.073 seconds
[2023-04-24T13:24:01.410+0000] {processor.py:153} INFO - Started process (PID=3242) to work on /home/airflow/.local/lib/python3.7/site-packages/airflow/example_dags/example_kubernetes_executor.py
[2023-04-24T13:24:01.412+0000] {processor.py:743} INFO - Processing file /home/airflow/.local/lib/python3.7/site-packages/airflow/example_dags/example_kubernetes_executor.py for tasks to queue
[2023-04-24T13:24:01.413+0000] {logging_mixin.py:137} INFO - [2023-04-24T13:24:01.413+0000] {dagbag.py:538} INFO - Filling up the DagBag from /home/airflow/.local/lib/python3.7/site-packages/airflow/example_dags/example_kubernetes_executor.py
[2023-04-24T13:24:01.432+0000] {processor.py:753} INFO - DAG(s) dict_keys(['example_kubernetes_executor']) retrieved from /home/airflow/.local/lib/python3.7/site-packages/airflow/example_dags/example_kubernetes_executor.py
[2023-04-24T13:24:01.456+0000] {logging_mixin.py:137} INFO - [2023-04-24T13:24:01.455+0000] {dag.py:2690} INFO - Sync 1 DAGs
[2023-04-24T13:24:01.471+0000] {logging_mixin.py:137} INFO - [2023-04-24T13:24:01.471+0000] {dag.py:3441} INFO - Setting next_dagrun for example_kubernetes_executor to None, run_after=None
[2023-04-24T13:24:01.484+0000] {processor.py:175} INFO - Processing /home/airflow/.local/lib/python3.7/site-packages/airflow/example_dags/example_kubernetes_executor.py took 0.077 seconds
[2023-04-24T13:24:31.803+0000] {processor.py:153} INFO - Started process (PID=3318) to work on /home/airflow/.local/lib/python3.7/site-packages/airflow/example_dags/example_kubernetes_executor.py
[2023-04-24T13:24:31.804+0000] {processor.py:743} INFO - Processing file /home/airflow/.local/lib/python3.7/site-packages/airflow/example_dags/example_kubernetes_executor.py for tasks to queue
[2023-04-24T13:24:31.805+0000] {logging_mixin.py:137} INFO - [2023-04-24T13:24:31.805+0000] {dagbag.py:538} INFO - Filling up the DagBag from /home/airflow/.local/lib/python3.7/site-packages/airflow/example_dags/example_kubernetes_executor.py
[2023-04-24T13:24:31.824+0000] {processor.py:753} INFO - DAG(s) dict_keys(['example_kubernetes_executor']) retrieved from /home/airflow/.local/lib/python3.7/site-packages/airflow/example_dags/example_kubernetes_executor.py
[2023-04-24T13:24:31.846+0000] {logging_mixin.py:137} INFO - [2023-04-24T13:24:31.846+0000] {dag.py:2690} INFO - Sync 1 DAGs
[2023-04-24T13:24:31.862+0000] {logging_mixin.py:137} INFO - [2023-04-24T13:24:31.861+0000] {dag.py:3441} INFO - Setting next_dagrun for example_kubernetes_executor to None, run_after=None
[2023-04-24T13:24:31.873+0000] {processor.py:175} INFO - Processing /home/airflow/.local/lib/python3.7/site-packages/airflow/example_dags/example_kubernetes_executor.py took 0.073 seconds
[2023-04-24T13:25:02.051+0000] {processor.py:153} INFO - Started process (PID=3382) to work on /home/airflow/.local/lib/python3.7/site-packages/airflow/example_dags/example_kubernetes_executor.py
[2023-04-24T13:25:02.053+0000] {processor.py:743} INFO - Processing file /home/airflow/.local/lib/python3.7/site-packages/airflow/example_dags/example_kubernetes_executor.py for tasks to queue
[2023-04-24T13:25:02.053+0000] {logging_mixin.py:137} INFO - [2023-04-24T13:25:02.053+0000] {dagbag.py:538} INFO - Filling up the DagBag from /home/airflow/.local/lib/python3.7/site-packages/airflow/example_dags/example_kubernetes_executor.py
[2023-04-24T13:25:02.073+0000] {processor.py:753} INFO - DAG(s) dict_keys(['example_kubernetes_executor']) retrieved from /home/airflow/.local/lib/python3.7/site-packages/airflow/example_dags/example_kubernetes_executor.py
[2023-04-24T13:25:02.095+0000] {logging_mixin.py:137} INFO - [2023-04-24T13:25:02.095+0000] {dag.py:2690} INFO - Sync 1 DAGs
[2023-04-24T13:25:02.109+0000] {logging_mixin.py:137} INFO - [2023-04-24T13:25:02.109+0000] {dag.py:3441} INFO - Setting next_dagrun for example_kubernetes_executor to None, run_after=None
[2023-04-24T13:25:02.120+0000] {processor.py:175} INFO - Processing /home/airflow/.local/lib/python3.7/site-packages/airflow/example_dags/example_kubernetes_executor.py took 0.072 seconds
[2023-04-24T13:25:32.198+0000] {processor.py:153} INFO - Started process (PID=3458) to work on /home/airflow/.local/lib/python3.7/site-packages/airflow/example_dags/example_kubernetes_executor.py
[2023-04-24T13:25:32.200+0000] {processor.py:743} INFO - Processing file /home/airflow/.local/lib/python3.7/site-packages/airflow/example_dags/example_kubernetes_executor.py for tasks to queue
[2023-04-24T13:25:32.200+0000] {logging_mixin.py:137} INFO - [2023-04-24T13:25:32.200+0000] {dagbag.py:538} INFO - Filling up the DagBag from /home/airflow/.local/lib/python3.7/site-packages/airflow/example_dags/example_kubernetes_executor.py
[2023-04-24T13:25:32.220+0000] {processor.py:753} INFO - DAG(s) dict_keys(['example_kubernetes_executor']) retrieved from /home/airflow/.local/lib/python3.7/site-packages/airflow/example_dags/example_kubernetes_executor.py
[2023-04-24T13:25:32.243+0000] {logging_mixin.py:137} INFO - [2023-04-24T13:25:32.243+0000] {dag.py:2690} INFO - Sync 1 DAGs
[2023-04-24T13:25:32.257+0000] {logging_mixin.py:137} INFO - [2023-04-24T13:25:32.257+0000] {dag.py:3441} INFO - Setting next_dagrun for example_kubernetes_executor to None, run_after=None
[2023-04-24T13:25:32.270+0000] {processor.py:175} INFO - Processing /home/airflow/.local/lib/python3.7/site-packages/airflow/example_dags/example_kubernetes_executor.py took 0.075 seconds
[2023-04-24T13:26:02.487+0000] {processor.py:153} INFO - Started process (PID=3534) to work on /home/airflow/.local/lib/python3.7/site-packages/airflow/example_dags/example_kubernetes_executor.py
[2023-04-24T13:26:02.489+0000] {processor.py:743} INFO - Processing file /home/airflow/.local/lib/python3.7/site-packages/airflow/example_dags/example_kubernetes_executor.py for tasks to queue
[2023-04-24T13:26:02.490+0000] {logging_mixin.py:137} INFO - [2023-04-24T13:26:02.489+0000] {dagbag.py:538} INFO - Filling up the DagBag from /home/airflow/.local/lib/python3.7/site-packages/airflow/example_dags/example_kubernetes_executor.py
[2023-04-24T13:26:02.510+0000] {processor.py:753} INFO - DAG(s) dict_keys(['example_kubernetes_executor']) retrieved from /home/airflow/.local/lib/python3.7/site-packages/airflow/example_dags/example_kubernetes_executor.py
[2023-04-24T13:26:02.533+0000] {logging_mixin.py:137} INFO - [2023-04-24T13:26:02.532+0000] {dag.py:2690} INFO - Sync 1 DAGs
[2023-04-24T13:26:02.547+0000] {logging_mixin.py:137} INFO - [2023-04-24T13:26:02.547+0000] {dag.py:3441} INFO - Setting next_dagrun for example_kubernetes_executor to None, run_after=None
[2023-04-24T13:26:02.560+0000] {processor.py:175} INFO - Processing /home/airflow/.local/lib/python3.7/site-packages/airflow/example_dags/example_kubernetes_executor.py took 0.075 seconds
[2023-04-24T13:26:32.849+0000] {processor.py:153} INFO - Started process (PID=3598) to work on /home/airflow/.local/lib/python3.7/site-packages/airflow/example_dags/example_kubernetes_executor.py
[2023-04-24T13:26:32.851+0000] {processor.py:743} INFO - Processing file /home/airflow/.local/lib/python3.7/site-packages/airflow/example_dags/example_kubernetes_executor.py for tasks to queue
[2023-04-24T13:26:32.851+0000] {logging_mixin.py:137} INFO - [2023-04-24T13:26:32.851+0000] {dagbag.py:538} INFO - Filling up the DagBag from /home/airflow/.local/lib/python3.7/site-packages/airflow/example_dags/example_kubernetes_executor.py
[2023-04-24T13:26:32.873+0000] {processor.py:753} INFO - DAG(s) dict_keys(['example_kubernetes_executor']) retrieved from /home/airflow/.local/lib/python3.7/site-packages/airflow/example_dags/example_kubernetes_executor.py
[2023-04-24T13:26:32.913+0000] {logging_mixin.py:137} INFO - [2023-04-24T13:26:32.912+0000] {dag.py:2690} INFO - Sync 1 DAGs
[2023-04-24T13:26:32.934+0000] {logging_mixin.py:137} INFO - [2023-04-24T13:26:32.934+0000] {dag.py:3441} INFO - Setting next_dagrun for example_kubernetes_executor to None, run_after=None
[2023-04-24T13:26:32.967+0000] {processor.py:175} INFO - Processing /home/airflow/.local/lib/python3.7/site-packages/airflow/example_dags/example_kubernetes_executor.py took 0.121 seconds
[2023-04-24T13:27:03.100+0000] {processor.py:153} INFO - Started process (PID=3675) to work on /home/airflow/.local/lib/python3.7/site-packages/airflow/example_dags/example_kubernetes_executor.py
[2023-04-24T13:27:03.111+0000] {processor.py:743} INFO - Processing file /home/airflow/.local/lib/python3.7/site-packages/airflow/example_dags/example_kubernetes_executor.py for tasks to queue
[2023-04-24T13:27:03.112+0000] {logging_mixin.py:137} INFO - [2023-04-24T13:27:03.112+0000] {dagbag.py:538} INFO - Filling up the DagBag from /home/airflow/.local/lib/python3.7/site-packages/airflow/example_dags/example_kubernetes_executor.py
[2023-04-24T13:27:03.142+0000] {processor.py:753} INFO - DAG(s) dict_keys(['example_kubernetes_executor']) retrieved from /home/airflow/.local/lib/python3.7/site-packages/airflow/example_dags/example_kubernetes_executor.py
[2023-04-24T13:27:03.174+0000] {logging_mixin.py:137} INFO - [2023-04-24T13:27:03.174+0000] {dag.py:2690} INFO - Sync 1 DAGs
[2023-04-24T13:27:03.196+0000] {logging_mixin.py:137} INFO - [2023-04-24T13:27:03.196+0000] {dag.py:3441} INFO - Setting next_dagrun for example_kubernetes_executor to None, run_after=None
[2023-04-24T13:27:03.212+0000] {processor.py:175} INFO - Processing /home/airflow/.local/lib/python3.7/site-packages/airflow/example_dags/example_kubernetes_executor.py took 0.115 seconds
[2023-04-24T13:27:33.583+0000] {processor.py:153} INFO - Started process (PID=3751) to work on /home/airflow/.local/lib/python3.7/site-packages/airflow/example_dags/example_kubernetes_executor.py
[2023-04-24T13:27:33.584+0000] {processor.py:743} INFO - Processing file /home/airflow/.local/lib/python3.7/site-packages/airflow/example_dags/example_kubernetes_executor.py for tasks to queue
[2023-04-24T13:27:33.585+0000] {logging_mixin.py:137} INFO - [2023-04-24T13:27:33.585+0000] {dagbag.py:538} INFO - Filling up the DagBag from /home/airflow/.local/lib/python3.7/site-packages/airflow/example_dags/example_kubernetes_executor.py
[2023-04-24T13:27:33.606+0000] {processor.py:753} INFO - DAG(s) dict_keys(['example_kubernetes_executor']) retrieved from /home/airflow/.local/lib/python3.7/site-packages/airflow/example_dags/example_kubernetes_executor.py
[2023-04-24T13:27:33.628+0000] {logging_mixin.py:137} INFO - [2023-04-24T13:27:33.628+0000] {dag.py:2690} INFO - Sync 1 DAGs
[2023-04-24T13:27:33.642+0000] {logging_mixin.py:137} INFO - [2023-04-24T13:27:33.642+0000] {dag.py:3441} INFO - Setting next_dagrun for example_kubernetes_executor to None, run_after=None
[2023-04-24T13:27:33.653+0000] {processor.py:175} INFO - Processing /home/airflow/.local/lib/python3.7/site-packages/airflow/example_dags/example_kubernetes_executor.py took 0.073 seconds
[2023-04-24T13:28:03.960+0000] {processor.py:153} INFO - Started process (PID=3824) to work on /home/airflow/.local/lib/python3.7/site-packages/airflow/example_dags/example_kubernetes_executor.py
[2023-04-24T13:28:03.961+0000] {processor.py:743} INFO - Processing file /home/airflow/.local/lib/python3.7/site-packages/airflow/example_dags/example_kubernetes_executor.py for tasks to queue
[2023-04-24T13:28:03.962+0000] {logging_mixin.py:137} INFO - [2023-04-24T13:28:03.962+0000] {dagbag.py:538} INFO - Filling up the DagBag from /home/airflow/.local/lib/python3.7/site-packages/airflow/example_dags/example_kubernetes_executor.py
[2023-04-24T13:28:03.981+0000] {processor.py:753} INFO - DAG(s) dict_keys(['example_kubernetes_executor']) retrieved from /home/airflow/.local/lib/python3.7/site-packages/airflow/example_dags/example_kubernetes_executor.py
[2023-04-24T13:28:04.004+0000] {logging_mixin.py:137} INFO - [2023-04-24T13:28:04.004+0000] {dag.py:2690} INFO - Sync 1 DAGs
[2023-04-24T13:28:04.020+0000] {logging_mixin.py:137} INFO - [2023-04-24T13:28:04.020+0000] {dag.py:3441} INFO - Setting next_dagrun for example_kubernetes_executor to None, run_after=None
[2023-04-24T13:28:04.033+0000] {processor.py:175} INFO - Processing /home/airflow/.local/lib/python3.7/site-packages/airflow/example_dags/example_kubernetes_executor.py took 0.076 seconds
[2023-04-24T13:28:34.117+0000] {processor.py:153} INFO - Started process (PID=3891) to work on /home/airflow/.local/lib/python3.7/site-packages/airflow/example_dags/example_kubernetes_executor.py
[2023-04-24T13:28:34.118+0000] {processor.py:743} INFO - Processing file /home/airflow/.local/lib/python3.7/site-packages/airflow/example_dags/example_kubernetes_executor.py for tasks to queue
[2023-04-24T13:28:34.119+0000] {logging_mixin.py:137} INFO - [2023-04-24T13:28:34.119+0000] {dagbag.py:538} INFO - Filling up the DagBag from /home/airflow/.local/lib/python3.7/site-packages/airflow/example_dags/example_kubernetes_executor.py
[2023-04-24T13:28:34.138+0000] {processor.py:753} INFO - DAG(s) dict_keys(['example_kubernetes_executor']) retrieved from /home/airflow/.local/lib/python3.7/site-packages/airflow/example_dags/example_kubernetes_executor.py
[2023-04-24T13:28:34.160+0000] {logging_mixin.py:137} INFO - [2023-04-24T13:28:34.160+0000] {dag.py:2690} INFO - Sync 1 DAGs
[2023-04-24T13:28:34.175+0000] {logging_mixin.py:137} INFO - [2023-04-24T13:28:34.175+0000] {dag.py:3441} INFO - Setting next_dagrun for example_kubernetes_executor to None, run_after=None
[2023-04-24T13:28:34.187+0000] {processor.py:175} INFO - Processing /home/airflow/.local/lib/python3.7/site-packages/airflow/example_dags/example_kubernetes_executor.py took 0.073 seconds
[2023-04-24T13:29:04.429+0000] {processor.py:153} INFO - Started process (PID=3967) to work on /home/airflow/.local/lib/python3.7/site-packages/airflow/example_dags/example_kubernetes_executor.py
[2023-04-24T13:29:04.430+0000] {processor.py:743} INFO - Processing file /home/airflow/.local/lib/python3.7/site-packages/airflow/example_dags/example_kubernetes_executor.py for tasks to queue
[2023-04-24T13:29:04.431+0000] {logging_mixin.py:137} INFO - [2023-04-24T13:29:04.431+0000] {dagbag.py:538} INFO - Filling up the DagBag from /home/airflow/.local/lib/python3.7/site-packages/airflow/example_dags/example_kubernetes_executor.py
[2023-04-24T13:29:04.450+0000] {processor.py:753} INFO - DAG(s) dict_keys(['example_kubernetes_executor']) retrieved from /home/airflow/.local/lib/python3.7/site-packages/airflow/example_dags/example_kubernetes_executor.py
[2023-04-24T13:29:04.473+0000] {logging_mixin.py:137} INFO - [2023-04-24T13:29:04.472+0000] {dag.py:2690} INFO - Sync 1 DAGs
[2023-04-24T13:29:04.487+0000] {logging_mixin.py:137} INFO - [2023-04-24T13:29:04.487+0000] {dag.py:3441} INFO - Setting next_dagrun for example_kubernetes_executor to None, run_after=None
[2023-04-24T13:29:04.500+0000] {processor.py:175} INFO - Processing /home/airflow/.local/lib/python3.7/site-packages/airflow/example_dags/example_kubernetes_executor.py took 0.073 seconds
[2023-04-24T13:29:34.717+0000] {processor.py:153} INFO - Started process (PID=4040) to work on /home/airflow/.local/lib/python3.7/site-packages/airflow/example_dags/example_kubernetes_executor.py
[2023-04-24T13:29:34.718+0000] {processor.py:743} INFO - Processing file /home/airflow/.local/lib/python3.7/site-packages/airflow/example_dags/example_kubernetes_executor.py for tasks to queue
[2023-04-24T13:29:34.720+0000] {logging_mixin.py:137} INFO - [2023-04-24T13:29:34.720+0000] {dagbag.py:538} INFO - Filling up the DagBag from /home/airflow/.local/lib/python3.7/site-packages/airflow/example_dags/example_kubernetes_executor.py
[2023-04-24T13:29:34.755+0000] {processor.py:753} INFO - DAG(s) dict_keys(['example_kubernetes_executor']) retrieved from /home/airflow/.local/lib/python3.7/site-packages/airflow/example_dags/example_kubernetes_executor.py
[2023-04-24T13:29:34.780+0000] {logging_mixin.py:137} INFO - [2023-04-24T13:29:34.780+0000] {dag.py:2690} INFO - Sync 1 DAGs
[2023-04-24T13:29:34.797+0000] {logging_mixin.py:137} INFO - [2023-04-24T13:29:34.797+0000] {dag.py:3441} INFO - Setting next_dagrun for example_kubernetes_executor to None, run_after=None
[2023-04-24T13:29:34.811+0000] {processor.py:175} INFO - Processing /home/airflow/.local/lib/python3.7/site-packages/airflow/example_dags/example_kubernetes_executor.py took 0.097 seconds
[2023-04-24T13:30:05.234+0000] {processor.py:153} INFO - Started process (PID=4107) to work on /home/airflow/.local/lib/python3.7/site-packages/airflow/example_dags/example_kubernetes_executor.py
[2023-04-24T13:30:05.235+0000] {processor.py:743} INFO - Processing file /home/airflow/.local/lib/python3.7/site-packages/airflow/example_dags/example_kubernetes_executor.py for tasks to queue
[2023-04-24T13:30:05.237+0000] {logging_mixin.py:137} INFO - [2023-04-24T13:30:05.236+0000] {dagbag.py:538} INFO - Filling up the DagBag from /home/airflow/.local/lib/python3.7/site-packages/airflow/example_dags/example_kubernetes_executor.py
[2023-04-24T13:30:05.258+0000] {processor.py:753} INFO - DAG(s) dict_keys(['example_kubernetes_executor']) retrieved from /home/airflow/.local/lib/python3.7/site-packages/airflow/example_dags/example_kubernetes_executor.py
[2023-04-24T13:30:05.281+0000] {logging_mixin.py:137} INFO - [2023-04-24T13:30:05.281+0000] {dag.py:2690} INFO - Sync 1 DAGs
[2023-04-24T13:30:05.297+0000] {logging_mixin.py:137} INFO - [2023-04-24T13:30:05.297+0000] {dag.py:3441} INFO - Setting next_dagrun for example_kubernetes_executor to None, run_after=None
[2023-04-24T13:30:05.310+0000] {processor.py:175} INFO - Processing /home/airflow/.local/lib/python3.7/site-packages/airflow/example_dags/example_kubernetes_executor.py took 0.079 seconds
[2023-04-24T13:30:35.634+0000] {processor.py:153} INFO - Started process (PID=4184) to work on /home/airflow/.local/lib/python3.7/site-packages/airflow/example_dags/example_kubernetes_executor.py
[2023-04-24T13:30:35.635+0000] {processor.py:743} INFO - Processing file /home/airflow/.local/lib/python3.7/site-packages/airflow/example_dags/example_kubernetes_executor.py for tasks to queue
[2023-04-24T13:30:35.636+0000] {logging_mixin.py:137} INFO - [2023-04-24T13:30:35.636+0000] {dagbag.py:538} INFO - Filling up the DagBag from /home/airflow/.local/lib/python3.7/site-packages/airflow/example_dags/example_kubernetes_executor.py
[2023-04-24T13:30:35.655+0000] {processor.py:753} INFO - DAG(s) dict_keys(['example_kubernetes_executor']) retrieved from /home/airflow/.local/lib/python3.7/site-packages/airflow/example_dags/example_kubernetes_executor.py
[2023-04-24T13:30:35.678+0000] {logging_mixin.py:137} INFO - [2023-04-24T13:30:35.678+0000] {dag.py:2690} INFO - Sync 1 DAGs
[2023-04-24T13:30:35.693+0000] {logging_mixin.py:137} INFO - [2023-04-24T13:30:35.693+0000] {dag.py:3441} INFO - Setting next_dagrun for example_kubernetes_executor to None, run_after=None
[2023-04-24T13:30:35.705+0000] {processor.py:175} INFO - Processing /home/airflow/.local/lib/python3.7/site-packages/airflow/example_dags/example_kubernetes_executor.py took 0.074 seconds
[2023-04-24T13:31:05.785+0000] {processor.py:153} INFO - Started process (PID=4260) to work on /home/airflow/.local/lib/python3.7/site-packages/airflow/example_dags/example_kubernetes_executor.py
[2023-04-24T13:31:05.786+0000] {processor.py:743} INFO - Processing file /home/airflow/.local/lib/python3.7/site-packages/airflow/example_dags/example_kubernetes_executor.py for tasks to queue
[2023-04-24T13:31:05.787+0000] {logging_mixin.py:137} INFO - [2023-04-24T13:31:05.787+0000] {dagbag.py:538} INFO - Filling up the DagBag from /home/airflow/.local/lib/python3.7/site-packages/airflow/example_dags/example_kubernetes_executor.py
[2023-04-24T13:31:05.807+0000] {processor.py:753} INFO - DAG(s) dict_keys(['example_kubernetes_executor']) retrieved from /home/airflow/.local/lib/python3.7/site-packages/airflow/example_dags/example_kubernetes_executor.py
[2023-04-24T13:31:05.829+0000] {logging_mixin.py:137} INFO - [2023-04-24T13:31:05.829+0000] {dag.py:2690} INFO - Sync 1 DAGs
[2023-04-24T13:31:05.844+0000] {logging_mixin.py:137} INFO - [2023-04-24T13:31:05.844+0000] {dag.py:3441} INFO - Setting next_dagrun for example_kubernetes_executor to None, run_after=None
[2023-04-24T13:31:05.855+0000] {processor.py:175} INFO - Processing /home/airflow/.local/lib/python3.7/site-packages/airflow/example_dags/example_kubernetes_executor.py took 0.073 seconds
[2023-04-24T13:31:36.044+0000] {processor.py:153} INFO - Started process (PID=4324) to work on /home/airflow/.local/lib/python3.7/site-packages/airflow/example_dags/example_kubernetes_executor.py
[2023-04-24T13:31:36.045+0000] {processor.py:743} INFO - Processing file /home/airflow/.local/lib/python3.7/site-packages/airflow/example_dags/example_kubernetes_executor.py for tasks to queue
[2023-04-24T13:31:36.046+0000] {logging_mixin.py:137} INFO - [2023-04-24T13:31:36.046+0000] {dagbag.py:538} INFO - Filling up the DagBag from /home/airflow/.local/lib/python3.7/site-packages/airflow/example_dags/example_kubernetes_executor.py
[2023-04-24T13:31:36.065+0000] {processor.py:753} INFO - DAG(s) dict_keys(['example_kubernetes_executor']) retrieved from /home/airflow/.local/lib/python3.7/site-packages/airflow/example_dags/example_kubernetes_executor.py
[2023-04-24T13:31:36.087+0000] {logging_mixin.py:137} INFO - [2023-04-24T13:31:36.087+0000] {dag.py:2690} INFO - Sync 1 DAGs
[2023-04-24T13:31:36.102+0000] {logging_mixin.py:137} INFO - [2023-04-24T13:31:36.102+0000] {dag.py:3441} INFO - Setting next_dagrun for example_kubernetes_executor to None, run_after=None
[2023-04-24T13:31:36.112+0000] {processor.py:175} INFO - Processing /home/airflow/.local/lib/python3.7/site-packages/airflow/example_dags/example_kubernetes_executor.py took 0.071 seconds
[2023-04-24T13:32:06.311+0000] {processor.py:153} INFO - Started process (PID=4400) to work on /home/airflow/.local/lib/python3.7/site-packages/airflow/example_dags/example_kubernetes_executor.py
[2023-04-24T13:32:06.312+0000] {processor.py:743} INFO - Processing file /home/airflow/.local/lib/python3.7/site-packages/airflow/example_dags/example_kubernetes_executor.py for tasks to queue
[2023-04-24T13:32:06.313+0000] {logging_mixin.py:137} INFO - [2023-04-24T13:32:06.313+0000] {dagbag.py:538} INFO - Filling up the DagBag from /home/airflow/.local/lib/python3.7/site-packages/airflow/example_dags/example_kubernetes_executor.py
[2023-04-24T13:32:06.332+0000] {processor.py:753} INFO - DAG(s) dict_keys(['example_kubernetes_executor']) retrieved from /home/airflow/.local/lib/python3.7/site-packages/airflow/example_dags/example_kubernetes_executor.py
[2023-04-24T13:32:06.354+0000] {logging_mixin.py:137} INFO - [2023-04-24T13:32:06.354+0000] {dag.py:2690} INFO - Sync 1 DAGs
[2023-04-24T13:32:06.370+0000] {logging_mixin.py:137} INFO - [2023-04-24T13:32:06.370+0000] {dag.py:3441} INFO - Setting next_dagrun for example_kubernetes_executor to None, run_after=None
[2023-04-24T13:32:06.382+0000] {processor.py:175} INFO - Processing /home/airflow/.local/lib/python3.7/site-packages/airflow/example_dags/example_kubernetes_executor.py took 0.074 seconds
[2023-04-24T13:32:36.588+0000] {processor.py:153} INFO - Started process (PID=4476) to work on /home/airflow/.local/lib/python3.7/site-packages/airflow/example_dags/example_kubernetes_executor.py
[2023-04-24T13:32:36.589+0000] {processor.py:743} INFO - Processing file /home/airflow/.local/lib/python3.7/site-packages/airflow/example_dags/example_kubernetes_executor.py for tasks to queue
[2023-04-24T13:32:36.589+0000] {logging_mixin.py:137} INFO - [2023-04-24T13:32:36.589+0000] {dagbag.py:538} INFO - Filling up the DagBag from /home/airflow/.local/lib/python3.7/site-packages/airflow/example_dags/example_kubernetes_executor.py
[2023-04-24T13:32:36.608+0000] {processor.py:753} INFO - DAG(s) dict_keys(['example_kubernetes_executor']) retrieved from /home/airflow/.local/lib/python3.7/site-packages/airflow/example_dags/example_kubernetes_executor.py
[2023-04-24T13:32:36.632+0000] {logging_mixin.py:137} INFO - [2023-04-24T13:32:36.632+0000] {dag.py:2690} INFO - Sync 1 DAGs
[2023-04-24T13:32:36.648+0000] {logging_mixin.py:137} INFO - [2023-04-24T13:32:36.648+0000] {dag.py:3441} INFO - Setting next_dagrun for example_kubernetes_executor to None, run_after=None
[2023-04-24T13:32:36.660+0000] {processor.py:175} INFO - Processing /home/airflow/.local/lib/python3.7/site-packages/airflow/example_dags/example_kubernetes_executor.py took 0.075 seconds
[2023-04-24T13:33:06.932+0000] {processor.py:153} INFO - Started process (PID=4540) to work on /home/airflow/.local/lib/python3.7/site-packages/airflow/example_dags/example_kubernetes_executor.py
[2023-04-24T13:33:06.933+0000] {processor.py:743} INFO - Processing file /home/airflow/.local/lib/python3.7/site-packages/airflow/example_dags/example_kubernetes_executor.py for tasks to queue
[2023-04-24T13:33:06.934+0000] {logging_mixin.py:137} INFO - [2023-04-24T13:33:06.934+0000] {dagbag.py:538} INFO - Filling up the DagBag from /home/airflow/.local/lib/python3.7/site-packages/airflow/example_dags/example_kubernetes_executor.py
[2023-04-24T13:33:06.953+0000] {processor.py:753} INFO - DAG(s) dict_keys(['example_kubernetes_executor']) retrieved from /home/airflow/.local/lib/python3.7/site-packages/airflow/example_dags/example_kubernetes_executor.py
[2023-04-24T13:33:06.975+0000] {logging_mixin.py:137} INFO - [2023-04-24T13:33:06.975+0000] {dag.py:2690} INFO - Sync 1 DAGs
[2023-04-24T13:33:06.990+0000] {logging_mixin.py:137} INFO - [2023-04-24T13:33:06.990+0000] {dag.py:3441} INFO - Setting next_dagrun for example_kubernetes_executor to None, run_after=None
[2023-04-24T13:33:07.001+0000] {processor.py:175} INFO - Processing /home/airflow/.local/lib/python3.7/site-packages/airflow/example_dags/example_kubernetes_executor.py took 0.072 seconds
[2023-04-24T13:33:49.860+0000] {processor.py:153} INFO - Started process (PID=4588) to work on /home/airflow/.local/lib/python3.7/site-packages/airflow/example_dags/example_kubernetes_executor.py
[2023-04-24T13:33:49.861+0000] {processor.py:743} INFO - Processing file /home/airflow/.local/lib/python3.7/site-packages/airflow/example_dags/example_kubernetes_executor.py for tasks to queue
[2023-04-24T13:33:49.861+0000] {logging_mixin.py:137} INFO - [2023-04-24T13:33:49.861+0000] {dagbag.py:538} INFO - Filling up the DagBag from /home/airflow/.local/lib/python3.7/site-packages/airflow/example_dags/example_kubernetes_executor.py
[2023-04-24T13:33:49.880+0000] {processor.py:753} INFO - DAG(s) dict_keys(['example_kubernetes_executor']) retrieved from /home/airflow/.local/lib/python3.7/site-packages/airflow/example_dags/example_kubernetes_executor.py
[2023-04-24T13:33:49.903+0000] {logging_mixin.py:137} INFO - [2023-04-24T13:33:49.903+0000] {dag.py:2690} INFO - Sync 1 DAGs
[2023-04-24T13:33:49.919+0000] {logging_mixin.py:137} INFO - [2023-04-24T13:33:49.919+0000] {dag.py:3441} INFO - Setting next_dagrun for example_kubernetes_executor to None, run_after=None
[2023-04-24T13:33:49.931+0000] {processor.py:175} INFO - Processing /home/airflow/.local/lib/python3.7/site-packages/airflow/example_dags/example_kubernetes_executor.py took 0.074 seconds
[2023-04-24T13:34:20.266+0000] {processor.py:153} INFO - Started process (PID=4664) to work on /home/airflow/.local/lib/python3.7/site-packages/airflow/example_dags/example_kubernetes_executor.py
[2023-04-24T13:34:20.267+0000] {processor.py:743} INFO - Processing file /home/airflow/.local/lib/python3.7/site-packages/airflow/example_dags/example_kubernetes_executor.py for tasks to queue
[2023-04-24T13:34:20.268+0000] {logging_mixin.py:137} INFO - [2023-04-24T13:34:20.268+0000] {dagbag.py:538} INFO - Filling up the DagBag from /home/airflow/.local/lib/python3.7/site-packages/airflow/example_dags/example_kubernetes_executor.py
[2023-04-24T13:34:20.287+0000] {processor.py:753} INFO - DAG(s) dict_keys(['example_kubernetes_executor']) retrieved from /home/airflow/.local/lib/python3.7/site-packages/airflow/example_dags/example_kubernetes_executor.py
[2023-04-24T13:34:20.311+0000] {logging_mixin.py:137} INFO - [2023-04-24T13:34:20.311+0000] {dag.py:2690} INFO - Sync 1 DAGs
[2023-04-24T13:34:20.327+0000] {logging_mixin.py:137} INFO - [2023-04-24T13:34:20.327+0000] {dag.py:3441} INFO - Setting next_dagrun for example_kubernetes_executor to None, run_after=None
[2023-04-24T13:34:20.338+0000] {processor.py:175} INFO - Processing /home/airflow/.local/lib/python3.7/site-packages/airflow/example_dags/example_kubernetes_executor.py took 0.075 seconds
[2023-04-24T13:34:50.706+0000] {processor.py:153} INFO - Started process (PID=4740) to work on /home/airflow/.local/lib/python3.7/site-packages/airflow/example_dags/example_kubernetes_executor.py
[2023-04-24T13:34:50.707+0000] {processor.py:743} INFO - Processing file /home/airflow/.local/lib/python3.7/site-packages/airflow/example_dags/example_kubernetes_executor.py for tasks to queue
[2023-04-24T13:34:50.708+0000] {logging_mixin.py:137} INFO - [2023-04-24T13:34:50.708+0000] {dagbag.py:538} INFO - Filling up the DagBag from /home/airflow/.local/lib/python3.7/site-packages/airflow/example_dags/example_kubernetes_executor.py
[2023-04-24T13:34:50.728+0000] {processor.py:753} INFO - DAG(s) dict_keys(['example_kubernetes_executor']) retrieved from /home/airflow/.local/lib/python3.7/site-packages/airflow/example_dags/example_kubernetes_executor.py
[2023-04-24T13:34:50.753+0000] {logging_mixin.py:137} INFO - [2023-04-24T13:34:50.753+0000] {dag.py:2690} INFO - Sync 1 DAGs
[2023-04-24T13:34:50.769+0000] {logging_mixin.py:137} INFO - [2023-04-24T13:34:50.768+0000] {dag.py:3441} INFO - Setting next_dagrun for example_kubernetes_executor to None, run_after=None
[2023-04-24T13:34:50.780+0000] {processor.py:175} INFO - Processing /home/airflow/.local/lib/python3.7/site-packages/airflow/example_dags/example_kubernetes_executor.py took 0.077 seconds
[2023-04-24T13:35:20.927+0000] {processor.py:153} INFO - Started process (PID=4804) to work on /home/airflow/.local/lib/python3.7/site-packages/airflow/example_dags/example_kubernetes_executor.py
[2023-04-24T13:35:20.928+0000] {processor.py:743} INFO - Processing file /home/airflow/.local/lib/python3.7/site-packages/airflow/example_dags/example_kubernetes_executor.py for tasks to queue
[2023-04-24T13:35:20.929+0000] {logging_mixin.py:137} INFO - [2023-04-24T13:35:20.929+0000] {dagbag.py:538} INFO - Filling up the DagBag from /home/airflow/.local/lib/python3.7/site-packages/airflow/example_dags/example_kubernetes_executor.py
[2023-04-24T13:35:20.949+0000] {processor.py:753} INFO - DAG(s) dict_keys(['example_kubernetes_executor']) retrieved from /home/airflow/.local/lib/python3.7/site-packages/airflow/example_dags/example_kubernetes_executor.py
[2023-04-24T13:35:20.971+0000] {logging_mixin.py:137} INFO - [2023-04-24T13:35:20.971+0000] {dag.py:2690} INFO - Sync 1 DAGs
[2023-04-24T13:35:20.986+0000] {logging_mixin.py:137} INFO - [2023-04-24T13:35:20.986+0000] {dag.py:3441} INFO - Setting next_dagrun for example_kubernetes_executor to None, run_after=None
[2023-04-24T13:35:20.998+0000] {processor.py:175} INFO - Processing /home/airflow/.local/lib/python3.7/site-packages/airflow/example_dags/example_kubernetes_executor.py took 0.074 seconds
[2023-04-24T13:52:36.438+0000] {processor.py:153} INFO - Started process (PID=4880) to work on /home/airflow/.local/lib/python3.7/site-packages/airflow/example_dags/example_kubernetes_executor.py
[2023-04-24T13:52:36.439+0000] {processor.py:743} INFO - Processing file /home/airflow/.local/lib/python3.7/site-packages/airflow/example_dags/example_kubernetes_executor.py for tasks to queue
[2023-04-24T13:52:36.440+0000] {logging_mixin.py:137} INFO - [2023-04-24T13:52:36.440+0000] {dagbag.py:538} INFO - Filling up the DagBag from /home/airflow/.local/lib/python3.7/site-packages/airflow/example_dags/example_kubernetes_executor.py
[2023-04-24T13:52:36.460+0000] {processor.py:753} INFO - DAG(s) dict_keys(['example_kubernetes_executor']) retrieved from /home/airflow/.local/lib/python3.7/site-packages/airflow/example_dags/example_kubernetes_executor.py
[2023-04-24T13:52:36.492+0000] {logging_mixin.py:137} INFO - [2023-04-24T13:52:36.491+0000] {dag.py:2690} INFO - Sync 1 DAGs
[2023-04-24T13:52:36.510+0000] {logging_mixin.py:137} INFO - [2023-04-24T13:52:36.510+0000] {dag.py:3441} INFO - Setting next_dagrun for example_kubernetes_executor to None, run_after=None
[2023-04-24T13:52:36.523+0000] {processor.py:175} INFO - Processing /home/airflow/.local/lib/python3.7/site-packages/airflow/example_dags/example_kubernetes_executor.py took 0.088 seconds
[2023-04-24T14:31:30.284+0000] {processor.py:153} INFO - Started process (PID=4955) to work on /home/airflow/.local/lib/python3.7/site-packages/airflow/example_dags/example_kubernetes_executor.py
[2023-04-24T14:31:30.286+0000] {processor.py:743} INFO - Processing file /home/airflow/.local/lib/python3.7/site-packages/airflow/example_dags/example_kubernetes_executor.py for tasks to queue
[2023-04-24T14:31:30.287+0000] {logging_mixin.py:137} INFO - [2023-04-24T14:31:30.287+0000] {dagbag.py:538} INFO - Filling up the DagBag from /home/airflow/.local/lib/python3.7/site-packages/airflow/example_dags/example_kubernetes_executor.py
[2023-04-24T14:31:30.312+0000] {processor.py:753} INFO - DAG(s) dict_keys(['example_kubernetes_executor']) retrieved from /home/airflow/.local/lib/python3.7/site-packages/airflow/example_dags/example_kubernetes_executor.py
[2023-04-24T14:31:30.337+0000] {logging_mixin.py:137} INFO - [2023-04-24T14:31:30.337+0000] {dag.py:2690} INFO - Sync 1 DAGs
[2023-04-24T14:31:30.355+0000] {logging_mixin.py:137} INFO - [2023-04-24T14:31:30.355+0000] {dag.py:3441} INFO - Setting next_dagrun for example_kubernetes_executor to None, run_after=None
[2023-04-24T14:31:30.368+0000] {processor.py:175} INFO - Processing /home/airflow/.local/lib/python3.7/site-packages/airflow/example_dags/example_kubernetes_executor.py took 0.088 seconds
[2023-04-24T15:16:29.426+0000] {processor.py:153} INFO - Started process (PID=5019) to work on /home/airflow/.local/lib/python3.7/site-packages/airflow/example_dags/example_kubernetes_executor.py
[2023-04-24T15:16:29.427+0000] {processor.py:743} INFO - Processing file /home/airflow/.local/lib/python3.7/site-packages/airflow/example_dags/example_kubernetes_executor.py for tasks to queue
[2023-04-24T15:16:29.428+0000] {logging_mixin.py:137} INFO - [2023-04-24T15:16:29.428+0000] {dagbag.py:538} INFO - Filling up the DagBag from /home/airflow/.local/lib/python3.7/site-packages/airflow/example_dags/example_kubernetes_executor.py
[2023-04-24T15:16:29.449+0000] {processor.py:753} INFO - DAG(s) dict_keys(['example_kubernetes_executor']) retrieved from /home/airflow/.local/lib/python3.7/site-packages/airflow/example_dags/example_kubernetes_executor.py
[2023-04-24T15:16:29.471+0000] {logging_mixin.py:137} INFO - [2023-04-24T15:16:29.471+0000] {dag.py:2690} INFO - Sync 1 DAGs
[2023-04-24T15:16:29.486+0000] {logging_mixin.py:137} INFO - [2023-04-24T15:16:29.486+0000] {dag.py:3441} INFO - Setting next_dagrun for example_kubernetes_executor to None, run_after=None
[2023-04-24T15:16:29.498+0000] {processor.py:175} INFO - Processing /home/airflow/.local/lib/python3.7/site-packages/airflow/example_dags/example_kubernetes_executor.py took 0.075 seconds
[2023-04-24T16:21:51.077+0000] {processor.py:153} INFO - Started process (PID=5096) to work on /home/airflow/.local/lib/python3.7/site-packages/airflow/example_dags/example_kubernetes_executor.py
[2023-04-24T16:21:51.078+0000] {processor.py:743} INFO - Processing file /home/airflow/.local/lib/python3.7/site-packages/airflow/example_dags/example_kubernetes_executor.py for tasks to queue
[2023-04-24T16:21:51.079+0000] {logging_mixin.py:137} INFO - [2023-04-24T16:21:51.079+0000] {dagbag.py:538} INFO - Filling up the DagBag from /home/airflow/.local/lib/python3.7/site-packages/airflow/example_dags/example_kubernetes_executor.py
[2023-04-24T16:21:51.100+0000] {processor.py:753} INFO - DAG(s) dict_keys(['example_kubernetes_executor']) retrieved from /home/airflow/.local/lib/python3.7/site-packages/airflow/example_dags/example_kubernetes_executor.py
[2023-04-24T16:21:51.125+0000] {logging_mixin.py:137} INFO - [2023-04-24T16:21:51.124+0000] {dag.py:2690} INFO - Sync 1 DAGs
[2023-04-24T16:21:51.140+0000] {logging_mixin.py:137} INFO - [2023-04-24T16:21:51.140+0000] {dag.py:3441} INFO - Setting next_dagrun for example_kubernetes_executor to None, run_after=None
[2023-04-24T16:21:51.152+0000] {processor.py:175} INFO - Processing /home/airflow/.local/lib/python3.7/site-packages/airflow/example_dags/example_kubernetes_executor.py took 0.078 seconds
[2023-04-24T17:38:25.413+0000] {processor.py:153} INFO - Started process (PID=5168) to work on /home/airflow/.local/lib/python3.7/site-packages/airflow/example_dags/example_kubernetes_executor.py
[2023-04-24T17:38:25.415+0000] {processor.py:743} INFO - Processing file /home/airflow/.local/lib/python3.7/site-packages/airflow/example_dags/example_kubernetes_executor.py for tasks to queue
[2023-04-24T17:38:25.416+0000] {logging_mixin.py:137} INFO - [2023-04-24T17:38:25.416+0000] {dagbag.py:538} INFO - Filling up the DagBag from /home/airflow/.local/lib/python3.7/site-packages/airflow/example_dags/example_kubernetes_executor.py
[2023-04-24T17:38:25.437+0000] {processor.py:753} INFO - DAG(s) dict_keys(['example_kubernetes_executor']) retrieved from /home/airflow/.local/lib/python3.7/site-packages/airflow/example_dags/example_kubernetes_executor.py
[2023-04-24T17:38:25.464+0000] {logging_mixin.py:137} INFO - [2023-04-24T17:38:25.464+0000] {dag.py:2690} INFO - Sync 1 DAGs
[2023-04-24T17:38:25.479+0000] {logging_mixin.py:137} INFO - [2023-04-24T17:38:25.479+0000] {dag.py:3441} INFO - Setting next_dagrun for example_kubernetes_executor to None, run_after=None
[2023-04-24T17:38:25.492+0000] {processor.py:175} INFO - Processing /home/airflow/.local/lib/python3.7/site-packages/airflow/example_dags/example_kubernetes_executor.py took 0.082 seconds
[2023-04-24T18:45:22.066+0000] {processor.py:153} INFO - Started process (PID=5235) to work on /home/airflow/.local/lib/python3.7/site-packages/airflow/example_dags/example_kubernetes_executor.py
[2023-04-24T18:45:22.068+0000] {processor.py:743} INFO - Processing file /home/airflow/.local/lib/python3.7/site-packages/airflow/example_dags/example_kubernetes_executor.py for tasks to queue
[2023-04-24T18:45:22.069+0000] {logging_mixin.py:137} INFO - [2023-04-24T18:45:22.069+0000] {dagbag.py:538} INFO - Filling up the DagBag from /home/airflow/.local/lib/python3.7/site-packages/airflow/example_dags/example_kubernetes_executor.py
[2023-04-24T18:45:22.094+0000] {processor.py:753} INFO - DAG(s) dict_keys(['example_kubernetes_executor']) retrieved from /home/airflow/.local/lib/python3.7/site-packages/airflow/example_dags/example_kubernetes_executor.py
[2023-04-24T18:45:22.125+0000] {logging_mixin.py:137} INFO - [2023-04-24T18:45:22.125+0000] {dag.py:2690} INFO - Sync 1 DAGs
[2023-04-24T18:45:22.143+0000] {logging_mixin.py:137} INFO - [2023-04-24T18:45:22.143+0000] {dag.py:3441} INFO - Setting next_dagrun for example_kubernetes_executor to None, run_after=None
[2023-04-24T18:45:22.156+0000] {processor.py:175} INFO - Processing /home/airflow/.local/lib/python3.7/site-packages/airflow/example_dags/example_kubernetes_executor.py took 0.093 seconds
[2023-04-24T19:49:27.003+0000] {processor.py:153} INFO - Started process (PID=5311) to work on /home/airflow/.local/lib/python3.7/site-packages/airflow/example_dags/example_kubernetes_executor.py
[2023-04-24T19:49:27.005+0000] {processor.py:743} INFO - Processing file /home/airflow/.local/lib/python3.7/site-packages/airflow/example_dags/example_kubernetes_executor.py for tasks to queue
[2023-04-24T19:49:27.006+0000] {logging_mixin.py:137} INFO - [2023-04-24T19:49:27.006+0000] {dagbag.py:538} INFO - Filling up the DagBag from /home/airflow/.local/lib/python3.7/site-packages/airflow/example_dags/example_kubernetes_executor.py
[2023-04-24T19:49:27.034+0000] {processor.py:753} INFO - DAG(s) dict_keys(['example_kubernetes_executor']) retrieved from /home/airflow/.local/lib/python3.7/site-packages/airflow/example_dags/example_kubernetes_executor.py
[2023-04-24T19:49:27.063+0000] {logging_mixin.py:137} INFO - [2023-04-24T19:49:27.063+0000] {dag.py:2690} INFO - Sync 1 DAGs
[2023-04-24T19:49:27.079+0000] {logging_mixin.py:137} INFO - [2023-04-24T19:49:27.079+0000] {dag.py:3441} INFO - Setting next_dagrun for example_kubernetes_executor to None, run_after=None
[2023-04-24T19:49:27.091+0000] {processor.py:175} INFO - Processing /home/airflow/.local/lib/python3.7/site-packages/airflow/example_dags/example_kubernetes_executor.py took 0.091 seconds
[2023-04-24T20:25:35.212+0000] {processor.py:153} INFO - Started process (PID=5384) to work on /home/airflow/.local/lib/python3.7/site-packages/airflow/example_dags/example_kubernetes_executor.py
[2023-04-24T20:25:35.214+0000] {processor.py:743} INFO - Processing file /home/airflow/.local/lib/python3.7/site-packages/airflow/example_dags/example_kubernetes_executor.py for tasks to queue
[2023-04-24T20:25:35.215+0000] {logging_mixin.py:137} INFO - [2023-04-24T20:25:35.215+0000] {dagbag.py:538} INFO - Filling up the DagBag from /home/airflow/.local/lib/python3.7/site-packages/airflow/example_dags/example_kubernetes_executor.py
[2023-04-24T20:25:35.236+0000] {processor.py:753} INFO - DAG(s) dict_keys(['example_kubernetes_executor']) retrieved from /home/airflow/.local/lib/python3.7/site-packages/airflow/example_dags/example_kubernetes_executor.py
[2023-04-24T20:25:35.264+0000] {logging_mixin.py:137} INFO - [2023-04-24T20:25:35.264+0000] {dag.py:2690} INFO - Sync 1 DAGs
[2023-04-24T20:25:35.290+0000] {logging_mixin.py:137} INFO - [2023-04-24T20:25:35.290+0000] {dag.py:3441} INFO - Setting next_dagrun for example_kubernetes_executor to None, run_after=None
[2023-04-24T20:25:35.301+0000] {processor.py:175} INFO - Processing /home/airflow/.local/lib/python3.7/site-packages/airflow/example_dags/example_kubernetes_executor.py took 0.092 seconds
[2023-04-24T21:31:04.376+0000] {processor.py:153} INFO - Started process (PID=5451) to work on /home/airflow/.local/lib/python3.7/site-packages/airflow/example_dags/example_kubernetes_executor.py
[2023-04-24T21:31:04.378+0000] {processor.py:743} INFO - Processing file /home/airflow/.local/lib/python3.7/site-packages/airflow/example_dags/example_kubernetes_executor.py for tasks to queue
[2023-04-24T21:31:04.379+0000] {logging_mixin.py:137} INFO - [2023-04-24T21:31:04.379+0000] {dagbag.py:538} INFO - Filling up the DagBag from /home/airflow/.local/lib/python3.7/site-packages/airflow/example_dags/example_kubernetes_executor.py
[2023-04-24T21:31:04.402+0000] {processor.py:753} INFO - DAG(s) dict_keys(['example_kubernetes_executor']) retrieved from /home/airflow/.local/lib/python3.7/site-packages/airflow/example_dags/example_kubernetes_executor.py
[2023-04-24T21:31:04.429+0000] {logging_mixin.py:137} INFO - [2023-04-24T21:31:04.429+0000] {dag.py:2690} INFO - Sync 1 DAGs
[2023-04-24T21:31:04.445+0000] {logging_mixin.py:137} INFO - [2023-04-24T21:31:04.445+0000] {dag.py:3441} INFO - Setting next_dagrun for example_kubernetes_executor to None, run_after=None
[2023-04-24T21:31:04.458+0000] {processor.py:175} INFO - Processing /home/airflow/.local/lib/python3.7/site-packages/airflow/example_dags/example_kubernetes_executor.py took 0.087 seconds
[2023-04-24T22:36:52.687+0000] {processor.py:153} INFO - Started process (PID=5528) to work on /home/airflow/.local/lib/python3.7/site-packages/airflow/example_dags/example_kubernetes_executor.py
[2023-04-24T22:36:52.689+0000] {processor.py:743} INFO - Processing file /home/airflow/.local/lib/python3.7/site-packages/airflow/example_dags/example_kubernetes_executor.py for tasks to queue
[2023-04-24T22:36:52.689+0000] {logging_mixin.py:137} INFO - [2023-04-24T22:36:52.689+0000] {dagbag.py:538} INFO - Filling up the DagBag from /home/airflow/.local/lib/python3.7/site-packages/airflow/example_dags/example_kubernetes_executor.py
[2023-04-24T22:36:52.711+0000] {processor.py:753} INFO - DAG(s) dict_keys(['example_kubernetes_executor']) retrieved from /home/airflow/.local/lib/python3.7/site-packages/airflow/example_dags/example_kubernetes_executor.py
[2023-04-24T22:36:52.736+0000] {logging_mixin.py:137} INFO - [2023-04-24T22:36:52.736+0000] {dag.py:2690} INFO - Sync 1 DAGs
[2023-04-24T22:36:52.753+0000] {logging_mixin.py:137} INFO - [2023-04-24T22:36:52.753+0000] {dag.py:3441} INFO - Setting next_dagrun for example_kubernetes_executor to None, run_after=None
[2023-04-24T22:36:52.765+0000] {processor.py:175} INFO - Processing /home/airflow/.local/lib/python3.7/site-packages/airflow/example_dags/example_kubernetes_executor.py took 0.080 seconds
