[2023-04-24T12:39:40.452+0000] {processor.py:153} INFO - Started process (PID=306) to work on /home/airflow/.local/lib/python3.7/site-packages/airflow/example_dags/example_branch_day_of_week_operator.py
[2023-04-24T12:39:40.465+0000] {processor.py:743} INFO - Processing file /home/airflow/.local/lib/python3.7/site-packages/airflow/example_dags/example_branch_day_of_week_operator.py for tasks to queue
[2023-04-24T12:39:40.494+0000] {logging_mixin.py:137} INFO - [2023-04-24T12:39:40.488+0000] {dagbag.py:538} INFO - Filling up the DagBag from /home/airflow/.local/lib/python3.7/site-packages/airflow/example_dags/example_branch_day_of_week_operator.py
[2023-04-24T12:39:41.374+0000] {processor.py:753} INFO - DAG(s) dict_keys(['example_weekday_branch_operator']) retrieved from /home/airflow/.local/lib/python3.7/site-packages/airflow/example_dags/example_branch_day_of_week_operator.py
[2023-04-24T12:39:44.120+0000] {logging_mixin.py:137} INFO - [2023-04-24T12:39:44.119+0000] {dag.py:2690} INFO - Sync 1 DAGs
[2023-04-24T12:39:44.288+0000] {logging_mixin.py:137} INFO - [2023-04-24T12:39:44.288+0000] {dag.py:2711} INFO - Creating ORM DAG for example_weekday_branch_operator
[2023-04-24T12:39:44.454+0000] {logging_mixin.py:137} INFO - [2023-04-24T12:39:44.453+0000] {dag.py:3441} INFO - Setting next_dagrun for example_weekday_branch_operator to 2023-04-23T00:00:00+00:00, run_after=2023-04-24T00:00:00+00:00
[2023-04-24T12:39:44.677+0000] {processor.py:175} INFO - Processing /home/airflow/.local/lib/python3.7/site-packages/airflow/example_dags/example_branch_day_of_week_operator.py took 4.274 seconds
[2023-04-24T12:40:33.712+0000] {processor.py:153} INFO - Started process (PID=375) to work on /home/airflow/.local/lib/python3.7/site-packages/airflow/example_dags/example_branch_day_of_week_operator.py
[2023-04-24T12:40:33.774+0000] {processor.py:743} INFO - Processing file /home/airflow/.local/lib/python3.7/site-packages/airflow/example_dags/example_branch_day_of_week_operator.py for tasks to queue
[2023-04-24T12:40:33.780+0000] {logging_mixin.py:137} INFO - [2023-04-24T12:40:33.780+0000] {dagbag.py:538} INFO - Filling up the DagBag from /home/airflow/.local/lib/python3.7/site-packages/airflow/example_dags/example_branch_day_of_week_operator.py
[2023-04-24T12:40:34.035+0000] {processor.py:753} INFO - DAG(s) dict_keys(['example_weekday_branch_operator']) retrieved from /home/airflow/.local/lib/python3.7/site-packages/airflow/example_dags/example_branch_day_of_week_operator.py
[2023-04-24T12:40:34.370+0000] {logging_mixin.py:137} INFO - [2023-04-24T12:40:34.368+0000] {dag.py:2690} INFO - Sync 1 DAGs
[2023-04-24T12:40:34.736+0000] {logging_mixin.py:137} INFO - [2023-04-24T12:40:34.736+0000] {dag.py:3441} INFO - Setting next_dagrun for example_weekday_branch_operator to 2023-04-23T00:00:00+00:00, run_after=2023-04-24T00:00:00+00:00
[2023-04-24T12:40:34.798+0000] {processor.py:175} INFO - Processing /home/airflow/.local/lib/python3.7/site-packages/airflow/example_dags/example_branch_day_of_week_operator.py took 1.182 seconds
[2023-04-24T12:41:44.074+0000] {processor.py:153} INFO - Started process (PID=448) to work on /home/airflow/.local/lib/python3.7/site-packages/airflow/example_dags/example_branch_day_of_week_operator.py
[2023-04-24T12:41:44.084+0000] {processor.py:743} INFO - Processing file /home/airflow/.local/lib/python3.7/site-packages/airflow/example_dags/example_branch_day_of_week_operator.py for tasks to queue
[2023-04-24T12:41:44.092+0000] {logging_mixin.py:137} INFO - [2023-04-24T12:41:44.092+0000] {dagbag.py:538} INFO - Filling up the DagBag from /home/airflow/.local/lib/python3.7/site-packages/airflow/example_dags/example_branch_day_of_week_operator.py
[2023-04-24T12:41:44.184+0000] {processor.py:753} INFO - DAG(s) dict_keys(['example_weekday_branch_operator']) retrieved from /home/airflow/.local/lib/python3.7/site-packages/airflow/example_dags/example_branch_day_of_week_operator.py
[2023-04-24T12:41:44.319+0000] {logging_mixin.py:137} INFO - [2023-04-24T12:41:44.319+0000] {dag.py:2690} INFO - Sync 1 DAGs
[2023-04-24T12:41:44.442+0000] {logging_mixin.py:137} INFO - [2023-04-24T12:41:44.442+0000] {dag.py:3441} INFO - Setting next_dagrun for example_weekday_branch_operator to 2023-04-23T00:00:00+00:00, run_after=2023-04-24T00:00:00+00:00
[2023-04-24T12:41:44.516+0000] {processor.py:175} INFO - Processing /home/airflow/.local/lib/python3.7/site-packages/airflow/example_dags/example_branch_day_of_week_operator.py took 0.455 seconds
[2023-04-24T12:47:27.983+0000] {processor.py:153} INFO - Started process (PID=620) to work on /home/airflow/.local/lib/python3.7/site-packages/airflow/example_dags/example_branch_day_of_week_operator.py
[2023-04-24T12:47:28.005+0000] {processor.py:743} INFO - Processing file /home/airflow/.local/lib/python3.7/site-packages/airflow/example_dags/example_branch_day_of_week_operator.py for tasks to queue
[2023-04-24T12:47:28.013+0000] {logging_mixin.py:137} INFO - [2023-04-24T12:47:28.013+0000] {dagbag.py:538} INFO - Filling up the DagBag from /home/airflow/.local/lib/python3.7/site-packages/airflow/example_dags/example_branch_day_of_week_operator.py
[2023-04-24T12:47:28.206+0000] {processor.py:753} INFO - DAG(s) dict_keys(['example_weekday_branch_operator']) retrieved from /home/airflow/.local/lib/python3.7/site-packages/airflow/example_dags/example_branch_day_of_week_operator.py
[2023-04-24T12:47:28.387+0000] {logging_mixin.py:137} INFO - [2023-04-24T12:47:28.387+0000] {dag.py:2690} INFO - Sync 1 DAGs
[2023-04-24T12:47:28.574+0000] {logging_mixin.py:137} INFO - [2023-04-24T12:47:28.574+0000] {dag.py:3441} INFO - Setting next_dagrun for example_weekday_branch_operator to 2023-04-23T00:00:00+00:00, run_after=2023-04-24T00:00:00+00:00
[2023-04-24T12:47:28.739+0000] {processor.py:175} INFO - Processing /home/airflow/.local/lib/python3.7/site-packages/airflow/example_dags/example_branch_day_of_week_operator.py took 0.779 seconds
[2023-04-24T12:48:04.640+0000] {processor.py:153} INFO - Started process (PID=663) to work on /home/airflow/.local/lib/python3.7/site-packages/airflow/example_dags/example_branch_day_of_week_operator.py
[2023-04-24T12:48:04.651+0000] {processor.py:743} INFO - Processing file /home/airflow/.local/lib/python3.7/site-packages/airflow/example_dags/example_branch_day_of_week_operator.py for tasks to queue
[2023-04-24T12:48:04.669+0000] {logging_mixin.py:137} INFO - [2023-04-24T12:48:04.669+0000] {dagbag.py:538} INFO - Filling up the DagBag from /home/airflow/.local/lib/python3.7/site-packages/airflow/example_dags/example_branch_day_of_week_operator.py
[2023-04-24T12:48:04.837+0000] {processor.py:753} INFO - DAG(s) dict_keys(['example_weekday_branch_operator']) retrieved from /home/airflow/.local/lib/python3.7/site-packages/airflow/example_dags/example_branch_day_of_week_operator.py
[2023-04-24T12:48:05.019+0000] {logging_mixin.py:137} INFO - [2023-04-24T12:48:05.019+0000] {dag.py:2690} INFO - Sync 1 DAGs
[2023-04-24T12:48:05.173+0000] {logging_mixin.py:137} INFO - [2023-04-24T12:48:05.172+0000] {dag.py:3441} INFO - Setting next_dagrun for example_weekday_branch_operator to 2023-04-23T00:00:00+00:00, run_after=2023-04-24T00:00:00+00:00
[2023-04-24T12:48:05.326+0000] {processor.py:175} INFO - Processing /home/airflow/.local/lib/python3.7/site-packages/airflow/example_dags/example_branch_day_of_week_operator.py took 0.707 seconds
[2023-04-24T12:56:21.001+0000] {processor.py:153} INFO - Started process (PID=897) to work on /home/airflow/.local/lib/python3.7/site-packages/airflow/example_dags/example_branch_day_of_week_operator.py
[2023-04-24T12:56:21.018+0000] {processor.py:743} INFO - Processing file /home/airflow/.local/lib/python3.7/site-packages/airflow/example_dags/example_branch_day_of_week_operator.py for tasks to queue
[2023-04-24T12:56:21.032+0000] {logging_mixin.py:137} INFO - [2023-04-24T12:56:21.032+0000] {dagbag.py:538} INFO - Filling up the DagBag from /home/airflow/.local/lib/python3.7/site-packages/airflow/example_dags/example_branch_day_of_week_operator.py
[2023-04-24T12:56:21.638+0000] {processor.py:753} INFO - DAG(s) dict_keys(['example_weekday_branch_operator']) retrieved from /home/airflow/.local/lib/python3.7/site-packages/airflow/example_dags/example_branch_day_of_week_operator.py
[2023-04-24T12:56:21.980+0000] {logging_mixin.py:137} INFO - [2023-04-24T12:56:21.980+0000] {dag.py:2690} INFO - Sync 1 DAGs
[2023-04-24T12:56:22.308+0000] {logging_mixin.py:137} INFO - [2023-04-24T12:56:22.308+0000] {dag.py:3441} INFO - Setting next_dagrun for example_weekday_branch_operator to 2023-04-23T00:00:00+00:00, run_after=2023-04-24T00:00:00+00:00
[2023-04-24T12:56:22.896+0000] {processor.py:175} INFO - Processing /home/airflow/.local/lib/python3.7/site-packages/airflow/example_dags/example_branch_day_of_week_operator.py took 2.041 seconds
[2023-04-24T12:58:15.003+0000] {processor.py:153} INFO - Started process (PID=1012) to work on /home/airflow/.local/lib/python3.7/site-packages/airflow/example_dags/example_branch_day_of_week_operator.py
[2023-04-24T12:58:15.029+0000] {processor.py:743} INFO - Processing file /home/airflow/.local/lib/python3.7/site-packages/airflow/example_dags/example_branch_day_of_week_operator.py for tasks to queue
[2023-04-24T12:58:15.030+0000] {logging_mixin.py:137} INFO - [2023-04-24T12:58:15.030+0000] {dagbag.py:538} INFO - Filling up the DagBag from /home/airflow/.local/lib/python3.7/site-packages/airflow/example_dags/example_branch_day_of_week_operator.py
[2023-04-24T12:58:15.135+0000] {processor.py:753} INFO - DAG(s) dict_keys(['example_weekday_branch_operator']) retrieved from /home/airflow/.local/lib/python3.7/site-packages/airflow/example_dags/example_branch_day_of_week_operator.py
[2023-04-24T12:58:15.291+0000] {logging_mixin.py:137} INFO - [2023-04-24T12:58:15.286+0000] {dag.py:2690} INFO - Sync 1 DAGs
[2023-04-24T12:58:15.486+0000] {logging_mixin.py:137} INFO - [2023-04-24T12:58:15.486+0000] {dag.py:3441} INFO - Setting next_dagrun for example_weekday_branch_operator to 2023-04-23T00:00:00+00:00, run_after=2023-04-24T00:00:00+00:00
[2023-04-24T12:58:15.655+0000] {processor.py:175} INFO - Processing /home/airflow/.local/lib/python3.7/site-packages/airflow/example_dags/example_branch_day_of_week_operator.py took 0.662 seconds
[2023-04-24T13:04:18.510+0000] {processor.py:153} INFO - Started process (PID=1209) to work on /home/airflow/.local/lib/python3.7/site-packages/airflow/example_dags/example_branch_day_of_week_operator.py
[2023-04-24T13:04:18.513+0000] {processor.py:743} INFO - Processing file /home/airflow/.local/lib/python3.7/site-packages/airflow/example_dags/example_branch_day_of_week_operator.py for tasks to queue
[2023-04-24T13:04:18.518+0000] {logging_mixin.py:137} INFO - [2023-04-24T13:04:18.518+0000] {dagbag.py:538} INFO - Filling up the DagBag from /home/airflow/.local/lib/python3.7/site-packages/airflow/example_dags/example_branch_day_of_week_operator.py
[2023-04-24T13:04:18.797+0000] {processor.py:753} INFO - DAG(s) dict_keys(['example_weekday_branch_operator']) retrieved from /home/airflow/.local/lib/python3.7/site-packages/airflow/example_dags/example_branch_day_of_week_operator.py
[2023-04-24T13:04:18.992+0000] {logging_mixin.py:137} INFO - [2023-04-24T13:04:18.992+0000] {dag.py:2690} INFO - Sync 1 DAGs
[2023-04-24T13:04:19.569+0000] {logging_mixin.py:137} INFO - [2023-04-24T13:04:19.565+0000] {dag.py:3441} INFO - Setting next_dagrun for example_weekday_branch_operator to 2023-04-23T00:00:00+00:00, run_after=2023-04-24T00:00:00+00:00
[2023-04-24T13:04:20.152+0000] {processor.py:175} INFO - Processing /home/airflow/.local/lib/python3.7/site-packages/airflow/example_dags/example_branch_day_of_week_operator.py took 1.747 seconds
[2023-04-24T13:10:36.593+0000] {processor.py:153} INFO - Started process (PID=1416) to work on /home/airflow/.local/lib/python3.7/site-packages/airflow/example_dags/example_branch_day_of_week_operator.py
[2023-04-24T13:10:36.647+0000] {processor.py:743} INFO - Processing file /home/airflow/.local/lib/python3.7/site-packages/airflow/example_dags/example_branch_day_of_week_operator.py for tasks to queue
[2023-04-24T13:10:36.737+0000] {logging_mixin.py:137} INFO - [2023-04-24T13:10:36.737+0000] {dagbag.py:538} INFO - Filling up the DagBag from /home/airflow/.local/lib/python3.7/site-packages/airflow/example_dags/example_branch_day_of_week_operator.py
[2023-04-24T13:10:45.550+0000] {processor.py:753} INFO - DAG(s) dict_keys(['example_weekday_branch_operator']) retrieved from /home/airflow/.local/lib/python3.7/site-packages/airflow/example_dags/example_branch_day_of_week_operator.py
[2023-04-24T13:10:48.913+0000] {logging_mixin.py:137} INFO - [2023-04-24T13:10:48.835+0000] {dag.py:2690} INFO - Sync 1 DAGs
[2023-04-24T13:10:59.818+0000] {logging_mixin.py:137} INFO - [2023-04-24T13:10:59.683+0000] {dag.py:3441} INFO - Setting next_dagrun for example_weekday_branch_operator to 2023-04-23T00:00:00+00:00, run_after=2023-04-24T00:00:00+00:00
[2023-04-24T13:11:05.617+0000] {processor.py:175} INFO - Processing /home/airflow/.local/lib/python3.7/site-packages/airflow/example_dags/example_branch_day_of_week_operator.py took 29.150 seconds
[2023-04-24T13:11:53.473+0000] {processor.py:153} INFO - Started process (PID=1499) to work on /home/airflow/.local/lib/python3.7/site-packages/airflow/example_dags/example_branch_day_of_week_operator.py
[2023-04-24T13:11:53.475+0000] {processor.py:743} INFO - Processing file /home/airflow/.local/lib/python3.7/site-packages/airflow/example_dags/example_branch_day_of_week_operator.py for tasks to queue
[2023-04-24T13:11:53.478+0000] {logging_mixin.py:137} INFO - [2023-04-24T13:11:53.478+0000] {dagbag.py:538} INFO - Filling up the DagBag from /home/airflow/.local/lib/python3.7/site-packages/airflow/example_dags/example_branch_day_of_week_operator.py
[2023-04-24T13:11:53.502+0000] {processor.py:753} INFO - DAG(s) dict_keys(['example_weekday_branch_operator']) retrieved from /home/airflow/.local/lib/python3.7/site-packages/airflow/example_dags/example_branch_day_of_week_operator.py
[2023-04-24T13:11:53.539+0000] {logging_mixin.py:137} INFO - [2023-04-24T13:11:53.539+0000] {dag.py:2690} INFO - Sync 1 DAGs
[2023-04-24T13:11:53.572+0000] {logging_mixin.py:137} INFO - [2023-04-24T13:11:53.572+0000] {dag.py:3441} INFO - Setting next_dagrun for example_weekday_branch_operator to 2023-04-23T00:00:00+00:00, run_after=2023-04-24T00:00:00+00:00
[2023-04-24T13:11:53.595+0000] {processor.py:175} INFO - Processing /home/airflow/.local/lib/python3.7/site-packages/airflow/example_dags/example_branch_day_of_week_operator.py took 0.131 seconds
[2023-04-24T13:12:23.741+0000] {processor.py:153} INFO - Started process (PID=1563) to work on /home/airflow/.local/lib/python3.7/site-packages/airflow/example_dags/example_branch_day_of_week_operator.py
[2023-04-24T13:12:23.742+0000] {processor.py:743} INFO - Processing file /home/airflow/.local/lib/python3.7/site-packages/airflow/example_dags/example_branch_day_of_week_operator.py for tasks to queue
[2023-04-24T13:12:23.743+0000] {logging_mixin.py:137} INFO - [2023-04-24T13:12:23.743+0000] {dagbag.py:538} INFO - Filling up the DagBag from /home/airflow/.local/lib/python3.7/site-packages/airflow/example_dags/example_branch_day_of_week_operator.py
[2023-04-24T13:12:23.766+0000] {processor.py:753} INFO - DAG(s) dict_keys(['example_weekday_branch_operator']) retrieved from /home/airflow/.local/lib/python3.7/site-packages/airflow/example_dags/example_branch_day_of_week_operator.py
[2023-04-24T13:12:23.792+0000] {logging_mixin.py:137} INFO - [2023-04-24T13:12:23.792+0000] {dag.py:2690} INFO - Sync 1 DAGs
[2023-04-24T13:12:23.821+0000] {logging_mixin.py:137} INFO - [2023-04-24T13:12:23.821+0000] {dag.py:3441} INFO - Setting next_dagrun for example_weekday_branch_operator to 2023-04-23T00:00:00+00:00, run_after=2023-04-24T00:00:00+00:00
[2023-04-24T13:12:23.835+0000] {processor.py:175} INFO - Processing /home/airflow/.local/lib/python3.7/site-packages/airflow/example_dags/example_branch_day_of_week_operator.py took 0.098 seconds
[2023-04-24T13:12:53.967+0000] {processor.py:153} INFO - Started process (PID=1639) to work on /home/airflow/.local/lib/python3.7/site-packages/airflow/example_dags/example_branch_day_of_week_operator.py
[2023-04-24T13:12:53.968+0000] {processor.py:743} INFO - Processing file /home/airflow/.local/lib/python3.7/site-packages/airflow/example_dags/example_branch_day_of_week_operator.py for tasks to queue
[2023-04-24T13:12:53.970+0000] {logging_mixin.py:137} INFO - [2023-04-24T13:12:53.969+0000] {dagbag.py:538} INFO - Filling up the DagBag from /home/airflow/.local/lib/python3.7/site-packages/airflow/example_dags/example_branch_day_of_week_operator.py
[2023-04-24T13:12:53.980+0000] {processor.py:753} INFO - DAG(s) dict_keys(['example_weekday_branch_operator']) retrieved from /home/airflow/.local/lib/python3.7/site-packages/airflow/example_dags/example_branch_day_of_week_operator.py
[2023-04-24T13:12:54.000+0000] {logging_mixin.py:137} INFO - [2023-04-24T13:12:54.000+0000] {dag.py:2690} INFO - Sync 1 DAGs
[2023-04-24T13:12:54.014+0000] {logging_mixin.py:137} INFO - [2023-04-24T13:12:54.014+0000] {dag.py:3441} INFO - Setting next_dagrun for example_weekday_branch_operator to 2023-04-23T00:00:00+00:00, run_after=2023-04-24T00:00:00+00:00
[2023-04-24T13:12:54.026+0000] {processor.py:175} INFO - Processing /home/airflow/.local/lib/python3.7/site-packages/airflow/example_dags/example_branch_day_of_week_operator.py took 0.061 seconds
[2023-04-24T13:13:24.315+0000] {processor.py:153} INFO - Started process (PID=1703) to work on /home/airflow/.local/lib/python3.7/site-packages/airflow/example_dags/example_branch_day_of_week_operator.py
[2023-04-24T13:13:24.316+0000] {processor.py:743} INFO - Processing file /home/airflow/.local/lib/python3.7/site-packages/airflow/example_dags/example_branch_day_of_week_operator.py for tasks to queue
[2023-04-24T13:13:24.317+0000] {logging_mixin.py:137} INFO - [2023-04-24T13:13:24.317+0000] {dagbag.py:538} INFO - Filling up the DagBag from /home/airflow/.local/lib/python3.7/site-packages/airflow/example_dags/example_branch_day_of_week_operator.py
[2023-04-24T13:13:24.328+0000] {processor.py:753} INFO - DAG(s) dict_keys(['example_weekday_branch_operator']) retrieved from /home/airflow/.local/lib/python3.7/site-packages/airflow/example_dags/example_branch_day_of_week_operator.py
[2023-04-24T13:13:24.347+0000] {logging_mixin.py:137} INFO - [2023-04-24T13:13:24.347+0000] {dag.py:2690} INFO - Sync 1 DAGs
[2023-04-24T13:13:24.362+0000] {logging_mixin.py:137} INFO - [2023-04-24T13:13:24.362+0000] {dag.py:3441} INFO - Setting next_dagrun for example_weekday_branch_operator to 2023-04-23T00:00:00+00:00, run_after=2023-04-24T00:00:00+00:00
[2023-04-24T13:13:24.373+0000] {processor.py:175} INFO - Processing /home/airflow/.local/lib/python3.7/site-packages/airflow/example_dags/example_branch_day_of_week_operator.py took 0.061 seconds
[2023-04-24T13:13:54.451+0000] {processor.py:153} INFO - Started process (PID=1778) to work on /home/airflow/.local/lib/python3.7/site-packages/airflow/example_dags/example_branch_day_of_week_operator.py
[2023-04-24T13:13:54.453+0000] {processor.py:743} INFO - Processing file /home/airflow/.local/lib/python3.7/site-packages/airflow/example_dags/example_branch_day_of_week_operator.py for tasks to queue
[2023-04-24T13:13:54.454+0000] {logging_mixin.py:137} INFO - [2023-04-24T13:13:54.454+0000] {dagbag.py:538} INFO - Filling up the DagBag from /home/airflow/.local/lib/python3.7/site-packages/airflow/example_dags/example_branch_day_of_week_operator.py
[2023-04-24T13:13:54.467+0000] {processor.py:753} INFO - DAG(s) dict_keys(['example_weekday_branch_operator']) retrieved from /home/airflow/.local/lib/python3.7/site-packages/airflow/example_dags/example_branch_day_of_week_operator.py
[2023-04-24T13:13:54.495+0000] {logging_mixin.py:137} INFO - [2023-04-24T13:13:54.494+0000] {dag.py:2690} INFO - Sync 1 DAGs
[2023-04-24T13:13:54.512+0000] {logging_mixin.py:137} INFO - [2023-04-24T13:13:54.512+0000] {dag.py:3441} INFO - Setting next_dagrun for example_weekday_branch_operator to 2023-04-23T00:00:00+00:00, run_after=2023-04-24T00:00:00+00:00
[2023-04-24T13:13:54.527+0000] {processor.py:175} INFO - Processing /home/airflow/.local/lib/python3.7/site-packages/airflow/example_dags/example_branch_day_of_week_operator.py took 0.080 seconds
[2023-04-24T13:14:24.760+0000] {processor.py:153} INFO - Started process (PID=1854) to work on /home/airflow/.local/lib/python3.7/site-packages/airflow/example_dags/example_branch_day_of_week_operator.py
[2023-04-24T13:14:24.762+0000] {processor.py:743} INFO - Processing file /home/airflow/.local/lib/python3.7/site-packages/airflow/example_dags/example_branch_day_of_week_operator.py for tasks to queue
[2023-04-24T13:14:24.764+0000] {logging_mixin.py:137} INFO - [2023-04-24T13:14:24.764+0000] {dagbag.py:538} INFO - Filling up the DagBag from /home/airflow/.local/lib/python3.7/site-packages/airflow/example_dags/example_branch_day_of_week_operator.py
[2023-04-24T13:14:24.774+0000] {processor.py:753} INFO - DAG(s) dict_keys(['example_weekday_branch_operator']) retrieved from /home/airflow/.local/lib/python3.7/site-packages/airflow/example_dags/example_branch_day_of_week_operator.py
[2023-04-24T13:14:24.795+0000] {logging_mixin.py:137} INFO - [2023-04-24T13:14:24.795+0000] {dag.py:2690} INFO - Sync 1 DAGs
[2023-04-24T13:14:24.812+0000] {logging_mixin.py:137} INFO - [2023-04-24T13:14:24.812+0000] {dag.py:3441} INFO - Setting next_dagrun for example_weekday_branch_operator to 2023-04-23T00:00:00+00:00, run_after=2023-04-24T00:00:00+00:00
[2023-04-24T13:14:24.824+0000] {processor.py:175} INFO - Processing /home/airflow/.local/lib/python3.7/site-packages/airflow/example_dags/example_branch_day_of_week_operator.py took 0.067 seconds
[2023-04-24T13:14:55.082+0000] {processor.py:153} INFO - Started process (PID=1927) to work on /home/airflow/.local/lib/python3.7/site-packages/airflow/example_dags/example_branch_day_of_week_operator.py
[2023-04-24T13:14:55.084+0000] {processor.py:743} INFO - Processing file /home/airflow/.local/lib/python3.7/site-packages/airflow/example_dags/example_branch_day_of_week_operator.py for tasks to queue
[2023-04-24T13:14:55.085+0000] {logging_mixin.py:137} INFO - [2023-04-24T13:14:55.085+0000] {dagbag.py:538} INFO - Filling up the DagBag from /home/airflow/.local/lib/python3.7/site-packages/airflow/example_dags/example_branch_day_of_week_operator.py
[2023-04-24T13:14:55.104+0000] {processor.py:753} INFO - DAG(s) dict_keys(['example_weekday_branch_operator']) retrieved from /home/airflow/.local/lib/python3.7/site-packages/airflow/example_dags/example_branch_day_of_week_operator.py
[2023-04-24T13:14:55.137+0000] {logging_mixin.py:137} INFO - [2023-04-24T13:14:55.137+0000] {dag.py:2690} INFO - Sync 1 DAGs
[2023-04-24T13:14:55.156+0000] {logging_mixin.py:137} INFO - [2023-04-24T13:14:55.156+0000] {dag.py:3441} INFO - Setting next_dagrun for example_weekday_branch_operator to 2023-04-23T00:00:00+00:00, run_after=2023-04-24T00:00:00+00:00
[2023-04-24T13:14:55.169+0000] {processor.py:175} INFO - Processing /home/airflow/.local/lib/python3.7/site-packages/airflow/example_dags/example_branch_day_of_week_operator.py took 0.090 seconds
[2023-04-24T13:15:25.289+0000] {processor.py:153} INFO - Started process (PID=1994) to work on /home/airflow/.local/lib/python3.7/site-packages/airflow/example_dags/example_branch_day_of_week_operator.py
[2023-04-24T13:15:25.291+0000] {processor.py:743} INFO - Processing file /home/airflow/.local/lib/python3.7/site-packages/airflow/example_dags/example_branch_day_of_week_operator.py for tasks to queue
[2023-04-24T13:15:25.291+0000] {logging_mixin.py:137} INFO - [2023-04-24T13:15:25.291+0000] {dagbag.py:538} INFO - Filling up the DagBag from /home/airflow/.local/lib/python3.7/site-packages/airflow/example_dags/example_branch_day_of_week_operator.py
[2023-04-24T13:15:25.302+0000] {processor.py:753} INFO - DAG(s) dict_keys(['example_weekday_branch_operator']) retrieved from /home/airflow/.local/lib/python3.7/site-packages/airflow/example_dags/example_branch_day_of_week_operator.py
[2023-04-24T13:15:25.323+0000] {logging_mixin.py:137} INFO - [2023-04-24T13:15:25.323+0000] {dag.py:2690} INFO - Sync 1 DAGs
[2023-04-24T13:15:25.339+0000] {logging_mixin.py:137} INFO - [2023-04-24T13:15:25.339+0000] {dag.py:3441} INFO - Setting next_dagrun for example_weekday_branch_operator to 2023-04-23T00:00:00+00:00, run_after=2023-04-24T00:00:00+00:00
[2023-04-24T13:15:25.351+0000] {processor.py:175} INFO - Processing /home/airflow/.local/lib/python3.7/site-packages/airflow/example_dags/example_branch_day_of_week_operator.py took 0.065 seconds
[2023-04-24T13:15:55.643+0000] {processor.py:153} INFO - Started process (PID=2072) to work on /home/airflow/.local/lib/python3.7/site-packages/airflow/example_dags/example_branch_day_of_week_operator.py
[2023-04-24T13:15:55.644+0000] {processor.py:743} INFO - Processing file /home/airflow/.local/lib/python3.7/site-packages/airflow/example_dags/example_branch_day_of_week_operator.py for tasks to queue
[2023-04-24T13:15:55.645+0000] {logging_mixin.py:137} INFO - [2023-04-24T13:15:55.645+0000] {dagbag.py:538} INFO - Filling up the DagBag from /home/airflow/.local/lib/python3.7/site-packages/airflow/example_dags/example_branch_day_of_week_operator.py
[2023-04-24T13:15:55.656+0000] {processor.py:753} INFO - DAG(s) dict_keys(['example_weekday_branch_operator']) retrieved from /home/airflow/.local/lib/python3.7/site-packages/airflow/example_dags/example_branch_day_of_week_operator.py
[2023-04-24T13:15:55.675+0000] {logging_mixin.py:137} INFO - [2023-04-24T13:15:55.675+0000] {dag.py:2690} INFO - Sync 1 DAGs
[2023-04-24T13:15:55.691+0000] {logging_mixin.py:137} INFO - [2023-04-24T13:15:55.691+0000] {dag.py:3441} INFO - Setting next_dagrun for example_weekday_branch_operator to 2023-04-23T00:00:00+00:00, run_after=2023-04-24T00:00:00+00:00
[2023-04-24T13:15:55.702+0000] {processor.py:175} INFO - Processing /home/airflow/.local/lib/python3.7/site-packages/airflow/example_dags/example_branch_day_of_week_operator.py took 0.061 seconds
[2023-04-24T13:16:26.458+0000] {processor.py:153} INFO - Started process (PID=2149) to work on /home/airflow/.local/lib/python3.7/site-packages/airflow/example_dags/example_branch_day_of_week_operator.py
[2023-04-24T13:16:26.459+0000] {processor.py:743} INFO - Processing file /home/airflow/.local/lib/python3.7/site-packages/airflow/example_dags/example_branch_day_of_week_operator.py for tasks to queue
[2023-04-24T13:16:26.460+0000] {logging_mixin.py:137} INFO - [2023-04-24T13:16:26.460+0000] {dagbag.py:538} INFO - Filling up the DagBag from /home/airflow/.local/lib/python3.7/site-packages/airflow/example_dags/example_branch_day_of_week_operator.py
[2023-04-24T13:16:26.471+0000] {processor.py:753} INFO - DAG(s) dict_keys(['example_weekday_branch_operator']) retrieved from /home/airflow/.local/lib/python3.7/site-packages/airflow/example_dags/example_branch_day_of_week_operator.py
[2023-04-24T13:16:26.483+0000] {logging_mixin.py:137} INFO - [2023-04-24T13:16:26.482+0000] {dag.py:2690} INFO - Sync 1 DAGs
[2023-04-24T13:16:26.501+0000] {logging_mixin.py:137} INFO - [2023-04-24T13:16:26.501+0000] {dag.py:3441} INFO - Setting next_dagrun for example_weekday_branch_operator to 2023-04-23T00:00:00+00:00, run_after=2023-04-24T00:00:00+00:00
[2023-04-24T13:16:26.514+0000] {processor.py:175} INFO - Processing /home/airflow/.local/lib/python3.7/site-packages/airflow/example_dags/example_branch_day_of_week_operator.py took 0.058 seconds
[2023-04-24T13:16:56.931+0000] {processor.py:153} INFO - Started process (PID=2213) to work on /home/airflow/.local/lib/python3.7/site-packages/airflow/example_dags/example_branch_day_of_week_operator.py
[2023-04-24T13:16:56.933+0000] {processor.py:743} INFO - Processing file /home/airflow/.local/lib/python3.7/site-packages/airflow/example_dags/example_branch_day_of_week_operator.py for tasks to queue
[2023-04-24T13:16:56.933+0000] {logging_mixin.py:137} INFO - [2023-04-24T13:16:56.933+0000] {dagbag.py:538} INFO - Filling up the DagBag from /home/airflow/.local/lib/python3.7/site-packages/airflow/example_dags/example_branch_day_of_week_operator.py
[2023-04-24T13:16:56.944+0000] {processor.py:753} INFO - DAG(s) dict_keys(['example_weekday_branch_operator']) retrieved from /home/airflow/.local/lib/python3.7/site-packages/airflow/example_dags/example_branch_day_of_week_operator.py
[2023-04-24T13:16:56.964+0000] {logging_mixin.py:137} INFO - [2023-04-24T13:16:56.964+0000] {dag.py:2690} INFO - Sync 1 DAGs
[2023-04-24T13:16:56.980+0000] {logging_mixin.py:137} INFO - [2023-04-24T13:16:56.980+0000] {dag.py:3441} INFO - Setting next_dagrun for example_weekday_branch_operator to 2023-04-23T00:00:00+00:00, run_after=2023-04-24T00:00:00+00:00
[2023-04-24T13:16:56.994+0000] {processor.py:175} INFO - Processing /home/airflow/.local/lib/python3.7/site-packages/airflow/example_dags/example_branch_day_of_week_operator.py took 0.066 seconds
[2023-04-24T13:17:27.354+0000] {processor.py:153} INFO - Started process (PID=2289) to work on /home/airflow/.local/lib/python3.7/site-packages/airflow/example_dags/example_branch_day_of_week_operator.py
[2023-04-24T13:17:27.355+0000] {processor.py:743} INFO - Processing file /home/airflow/.local/lib/python3.7/site-packages/airflow/example_dags/example_branch_day_of_week_operator.py for tasks to queue
[2023-04-24T13:17:27.356+0000] {logging_mixin.py:137} INFO - [2023-04-24T13:17:27.356+0000] {dagbag.py:538} INFO - Filling up the DagBag from /home/airflow/.local/lib/python3.7/site-packages/airflow/example_dags/example_branch_day_of_week_operator.py
[2023-04-24T13:17:27.366+0000] {processor.py:753} INFO - DAG(s) dict_keys(['example_weekday_branch_operator']) retrieved from /home/airflow/.local/lib/python3.7/site-packages/airflow/example_dags/example_branch_day_of_week_operator.py
[2023-04-24T13:17:27.386+0000] {logging_mixin.py:137} INFO - [2023-04-24T13:17:27.386+0000] {dag.py:2690} INFO - Sync 1 DAGs
[2023-04-24T13:17:27.402+0000] {logging_mixin.py:137} INFO - [2023-04-24T13:17:27.402+0000] {dag.py:3441} INFO - Setting next_dagrun for example_weekday_branch_operator to 2023-04-23T00:00:00+00:00, run_after=2023-04-24T00:00:00+00:00
[2023-04-24T13:17:27.414+0000] {processor.py:175} INFO - Processing /home/airflow/.local/lib/python3.7/site-packages/airflow/example_dags/example_branch_day_of_week_operator.py took 0.063 seconds
[2023-04-24T13:17:57.715+0000] {processor.py:153} INFO - Started process (PID=2365) to work on /home/airflow/.local/lib/python3.7/site-packages/airflow/example_dags/example_branch_day_of_week_operator.py
[2023-04-24T13:17:57.716+0000] {processor.py:743} INFO - Processing file /home/airflow/.local/lib/python3.7/site-packages/airflow/example_dags/example_branch_day_of_week_operator.py for tasks to queue
[2023-04-24T13:17:57.716+0000] {logging_mixin.py:137} INFO - [2023-04-24T13:17:57.716+0000] {dagbag.py:538} INFO - Filling up the DagBag from /home/airflow/.local/lib/python3.7/site-packages/airflow/example_dags/example_branch_day_of_week_operator.py
[2023-04-24T13:17:57.727+0000] {processor.py:753} INFO - DAG(s) dict_keys(['example_weekday_branch_operator']) retrieved from /home/airflow/.local/lib/python3.7/site-packages/airflow/example_dags/example_branch_day_of_week_operator.py
[2023-04-24T13:17:57.747+0000] {logging_mixin.py:137} INFO - [2023-04-24T13:17:57.747+0000] {dag.py:2690} INFO - Sync 1 DAGs
[2023-04-24T13:17:57.762+0000] {logging_mixin.py:137} INFO - [2023-04-24T13:17:57.762+0000] {dag.py:3441} INFO - Setting next_dagrun for example_weekday_branch_operator to 2023-04-23T00:00:00+00:00, run_after=2023-04-24T00:00:00+00:00
[2023-04-24T13:17:57.773+0000] {processor.py:175} INFO - Processing /home/airflow/.local/lib/python3.7/site-packages/airflow/example_dags/example_branch_day_of_week_operator.py took 0.061 seconds
[2023-04-24T13:18:27.868+0000] {processor.py:153} INFO - Started process (PID=2429) to work on /home/airflow/.local/lib/python3.7/site-packages/airflow/example_dags/example_branch_day_of_week_operator.py
[2023-04-24T13:18:27.869+0000] {processor.py:743} INFO - Processing file /home/airflow/.local/lib/python3.7/site-packages/airflow/example_dags/example_branch_day_of_week_operator.py for tasks to queue
[2023-04-24T13:18:27.870+0000] {logging_mixin.py:137} INFO - [2023-04-24T13:18:27.870+0000] {dagbag.py:538} INFO - Filling up the DagBag from /home/airflow/.local/lib/python3.7/site-packages/airflow/example_dags/example_branch_day_of_week_operator.py
[2023-04-24T13:18:27.881+0000] {processor.py:753} INFO - DAG(s) dict_keys(['example_weekday_branch_operator']) retrieved from /home/airflow/.local/lib/python3.7/site-packages/airflow/example_dags/example_branch_day_of_week_operator.py
[2023-04-24T13:18:27.902+0000] {logging_mixin.py:137} INFO - [2023-04-24T13:18:27.901+0000] {dag.py:2690} INFO - Sync 1 DAGs
[2023-04-24T13:18:27.918+0000] {logging_mixin.py:137} INFO - [2023-04-24T13:18:27.918+0000] {dag.py:3441} INFO - Setting next_dagrun for example_weekday_branch_operator to 2023-04-23T00:00:00+00:00, run_after=2023-04-24T00:00:00+00:00
[2023-04-24T13:18:27.929+0000] {processor.py:175} INFO - Processing /home/airflow/.local/lib/python3.7/site-packages/airflow/example_dags/example_branch_day_of_week_operator.py took 0.064 seconds
[2023-04-24T13:18:58.185+0000] {processor.py:153} INFO - Started process (PID=2505) to work on /home/airflow/.local/lib/python3.7/site-packages/airflow/example_dags/example_branch_day_of_week_operator.py
[2023-04-24T13:18:58.186+0000] {processor.py:743} INFO - Processing file /home/airflow/.local/lib/python3.7/site-packages/airflow/example_dags/example_branch_day_of_week_operator.py for tasks to queue
[2023-04-24T13:18:58.187+0000] {logging_mixin.py:137} INFO - [2023-04-24T13:18:58.186+0000] {dagbag.py:538} INFO - Filling up the DagBag from /home/airflow/.local/lib/python3.7/site-packages/airflow/example_dags/example_branch_day_of_week_operator.py
[2023-04-24T13:18:58.199+0000] {processor.py:753} INFO - DAG(s) dict_keys(['example_weekday_branch_operator']) retrieved from /home/airflow/.local/lib/python3.7/site-packages/airflow/example_dags/example_branch_day_of_week_operator.py
[2023-04-24T13:18:58.225+0000] {logging_mixin.py:137} INFO - [2023-04-24T13:18:58.225+0000] {dag.py:2690} INFO - Sync 1 DAGs
[2023-04-24T13:18:58.242+0000] {logging_mixin.py:137} INFO - [2023-04-24T13:18:58.242+0000] {dag.py:3441} INFO - Setting next_dagrun for example_weekday_branch_operator to 2023-04-23T00:00:00+00:00, run_after=2023-04-24T00:00:00+00:00
[2023-04-24T13:18:58.257+0000] {processor.py:175} INFO - Processing /home/airflow/.local/lib/python3.7/site-packages/airflow/example_dags/example_branch_day_of_week_operator.py took 0.075 seconds
[2023-04-24T13:19:28.472+0000] {processor.py:153} INFO - Started process (PID=2581) to work on /home/airflow/.local/lib/python3.7/site-packages/airflow/example_dags/example_branch_day_of_week_operator.py
[2023-04-24T13:19:28.473+0000] {processor.py:743} INFO - Processing file /home/airflow/.local/lib/python3.7/site-packages/airflow/example_dags/example_branch_day_of_week_operator.py for tasks to queue
[2023-04-24T13:19:28.474+0000] {logging_mixin.py:137} INFO - [2023-04-24T13:19:28.474+0000] {dagbag.py:538} INFO - Filling up the DagBag from /home/airflow/.local/lib/python3.7/site-packages/airflow/example_dags/example_branch_day_of_week_operator.py
[2023-04-24T13:19:28.496+0000] {processor.py:753} INFO - DAG(s) dict_keys(['example_weekday_branch_operator']) retrieved from /home/airflow/.local/lib/python3.7/site-packages/airflow/example_dags/example_branch_day_of_week_operator.py
[2023-04-24T13:19:28.519+0000] {logging_mixin.py:137} INFO - [2023-04-24T13:19:28.519+0000] {dag.py:2690} INFO - Sync 1 DAGs
[2023-04-24T13:19:28.536+0000] {logging_mixin.py:137} INFO - [2023-04-24T13:19:28.536+0000] {dag.py:3441} INFO - Setting next_dagrun for example_weekday_branch_operator to 2023-04-23T00:00:00+00:00, run_after=2023-04-24T00:00:00+00:00
[2023-04-24T13:19:28.548+0000] {processor.py:175} INFO - Processing /home/airflow/.local/lib/python3.7/site-packages/airflow/example_dags/example_branch_day_of_week_operator.py took 0.079 seconds
[2023-04-24T13:19:58.983+0000] {processor.py:153} INFO - Started process (PID=2654) to work on /home/airflow/.local/lib/python3.7/site-packages/airflow/example_dags/example_branch_day_of_week_operator.py
[2023-04-24T13:19:58.984+0000] {processor.py:743} INFO - Processing file /home/airflow/.local/lib/python3.7/site-packages/airflow/example_dags/example_branch_day_of_week_operator.py for tasks to queue
[2023-04-24T13:19:58.985+0000] {logging_mixin.py:137} INFO - [2023-04-24T13:19:58.985+0000] {dagbag.py:538} INFO - Filling up the DagBag from /home/airflow/.local/lib/python3.7/site-packages/airflow/example_dags/example_branch_day_of_week_operator.py
[2023-04-24T13:19:58.997+0000] {processor.py:753} INFO - DAG(s) dict_keys(['example_weekday_branch_operator']) retrieved from /home/airflow/.local/lib/python3.7/site-packages/airflow/example_dags/example_branch_day_of_week_operator.py
[2023-04-24T13:19:59.023+0000] {logging_mixin.py:137} INFO - [2023-04-24T13:19:59.023+0000] {dag.py:2690} INFO - Sync 1 DAGs
[2023-04-24T13:19:59.039+0000] {logging_mixin.py:137} INFO - [2023-04-24T13:19:59.039+0000] {dag.py:3441} INFO - Setting next_dagrun for example_weekday_branch_operator to 2023-04-23T00:00:00+00:00, run_after=2023-04-24T00:00:00+00:00
[2023-04-24T13:19:59.051+0000] {processor.py:175} INFO - Processing /home/airflow/.local/lib/python3.7/site-packages/airflow/example_dags/example_branch_day_of_week_operator.py took 0.071 seconds
[2023-04-24T13:20:29.436+0000] {processor.py:153} INFO - Started process (PID=2728) to work on /home/airflow/.local/lib/python3.7/site-packages/airflow/example_dags/example_branch_day_of_week_operator.py
[2023-04-24T13:20:29.444+0000] {processor.py:743} INFO - Processing file /home/airflow/.local/lib/python3.7/site-packages/airflow/example_dags/example_branch_day_of_week_operator.py for tasks to queue
[2023-04-24T13:20:29.445+0000] {logging_mixin.py:137} INFO - [2023-04-24T13:20:29.445+0000] {dagbag.py:538} INFO - Filling up the DagBag from /home/airflow/.local/lib/python3.7/site-packages/airflow/example_dags/example_branch_day_of_week_operator.py
[2023-04-24T13:20:29.457+0000] {processor.py:753} INFO - DAG(s) dict_keys(['example_weekday_branch_operator']) retrieved from /home/airflow/.local/lib/python3.7/site-packages/airflow/example_dags/example_branch_day_of_week_operator.py
[2023-04-24T13:20:29.486+0000] {logging_mixin.py:137} INFO - [2023-04-24T13:20:29.486+0000] {dag.py:2690} INFO - Sync 1 DAGs
[2023-04-24T13:20:29.514+0000] {logging_mixin.py:137} INFO - [2023-04-24T13:20:29.514+0000] {dag.py:3441} INFO - Setting next_dagrun for example_weekday_branch_operator to 2023-04-23T00:00:00+00:00, run_after=2023-04-24T00:00:00+00:00
[2023-04-24T13:20:29.530+0000] {processor.py:175} INFO - Processing /home/airflow/.local/lib/python3.7/site-packages/airflow/example_dags/example_branch_day_of_week_operator.py took 0.102 seconds
[2023-04-24T13:20:59.743+0000] {processor.py:153} INFO - Started process (PID=2804) to work on /home/airflow/.local/lib/python3.7/site-packages/airflow/example_dags/example_branch_day_of_week_operator.py
[2023-04-24T13:20:59.745+0000] {processor.py:743} INFO - Processing file /home/airflow/.local/lib/python3.7/site-packages/airflow/example_dags/example_branch_day_of_week_operator.py for tasks to queue
[2023-04-24T13:20:59.745+0000] {logging_mixin.py:137} INFO - [2023-04-24T13:20:59.745+0000] {dagbag.py:538} INFO - Filling up the DagBag from /home/airflow/.local/lib/python3.7/site-packages/airflow/example_dags/example_branch_day_of_week_operator.py
[2023-04-24T13:20:59.757+0000] {processor.py:753} INFO - DAG(s) dict_keys(['example_weekday_branch_operator']) retrieved from /home/airflow/.local/lib/python3.7/site-packages/airflow/example_dags/example_branch_day_of_week_operator.py
[2023-04-24T13:20:59.779+0000] {logging_mixin.py:137} INFO - [2023-04-24T13:20:59.779+0000] {dag.py:2690} INFO - Sync 1 DAGs
[2023-04-24T13:20:59.797+0000] {logging_mixin.py:137} INFO - [2023-04-24T13:20:59.797+0000] {dag.py:3441} INFO - Setting next_dagrun for example_weekday_branch_operator to 2023-04-23T00:00:00+00:00, run_after=2023-04-24T00:00:00+00:00
[2023-04-24T13:20:59.809+0000] {processor.py:175} INFO - Processing /home/airflow/.local/lib/python3.7/site-packages/airflow/example_dags/example_branch_day_of_week_operator.py took 0.069 seconds
[2023-04-24T13:21:30.071+0000] {processor.py:153} INFO - Started process (PID=2881) to work on /home/airflow/.local/lib/python3.7/site-packages/airflow/example_dags/example_branch_day_of_week_operator.py
[2023-04-24T13:21:30.072+0000] {processor.py:743} INFO - Processing file /home/airflow/.local/lib/python3.7/site-packages/airflow/example_dags/example_branch_day_of_week_operator.py for tasks to queue
[2023-04-24T13:21:30.074+0000] {logging_mixin.py:137} INFO - [2023-04-24T13:21:30.073+0000] {dagbag.py:538} INFO - Filling up the DagBag from /home/airflow/.local/lib/python3.7/site-packages/airflow/example_dags/example_branch_day_of_week_operator.py
[2023-04-24T13:21:30.086+0000] {processor.py:753} INFO - DAG(s) dict_keys(['example_weekday_branch_operator']) retrieved from /home/airflow/.local/lib/python3.7/site-packages/airflow/example_dags/example_branch_day_of_week_operator.py
[2023-04-24T13:21:30.111+0000] {logging_mixin.py:137} INFO - [2023-04-24T13:21:30.111+0000] {dag.py:2690} INFO - Sync 1 DAGs
[2023-04-24T13:21:30.130+0000] {logging_mixin.py:137} INFO - [2023-04-24T13:21:30.130+0000] {dag.py:3441} INFO - Setting next_dagrun for example_weekday_branch_operator to 2023-04-23T00:00:00+00:00, run_after=2023-04-24T00:00:00+00:00
[2023-04-24T13:21:30.142+0000] {processor.py:175} INFO - Processing /home/airflow/.local/lib/python3.7/site-packages/airflow/example_dags/example_branch_day_of_week_operator.py took 0.075 seconds
[2023-04-24T13:22:00.256+0000] {processor.py:153} INFO - Started process (PID=2945) to work on /home/airflow/.local/lib/python3.7/site-packages/airflow/example_dags/example_branch_day_of_week_operator.py
[2023-04-24T13:22:00.257+0000] {processor.py:743} INFO - Processing file /home/airflow/.local/lib/python3.7/site-packages/airflow/example_dags/example_branch_day_of_week_operator.py for tasks to queue
[2023-04-24T13:22:00.257+0000] {logging_mixin.py:137} INFO - [2023-04-24T13:22:00.257+0000] {dagbag.py:538} INFO - Filling up the DagBag from /home/airflow/.local/lib/python3.7/site-packages/airflow/example_dags/example_branch_day_of_week_operator.py
[2023-04-24T13:22:00.268+0000] {processor.py:753} INFO - DAG(s) dict_keys(['example_weekday_branch_operator']) retrieved from /home/airflow/.local/lib/python3.7/site-packages/airflow/example_dags/example_branch_day_of_week_operator.py
[2023-04-24T13:22:00.289+0000] {logging_mixin.py:137} INFO - [2023-04-24T13:22:00.289+0000] {dag.py:2690} INFO - Sync 1 DAGs
[2023-04-24T13:22:00.305+0000] {logging_mixin.py:137} INFO - [2023-04-24T13:22:00.305+0000] {dag.py:3441} INFO - Setting next_dagrun for example_weekday_branch_operator to 2023-04-23T00:00:00+00:00, run_after=2023-04-24T00:00:00+00:00
[2023-04-24T13:22:00.317+0000] {processor.py:175} INFO - Processing /home/airflow/.local/lib/python3.7/site-packages/airflow/example_dags/example_branch_day_of_week_operator.py took 0.064 seconds
[2023-04-24T13:22:30.655+0000] {processor.py:153} INFO - Started process (PID=3021) to work on /home/airflow/.local/lib/python3.7/site-packages/airflow/example_dags/example_branch_day_of_week_operator.py
[2023-04-24T13:22:30.656+0000] {processor.py:743} INFO - Processing file /home/airflow/.local/lib/python3.7/site-packages/airflow/example_dags/example_branch_day_of_week_operator.py for tasks to queue
[2023-04-24T13:22:30.656+0000] {logging_mixin.py:137} INFO - [2023-04-24T13:22:30.656+0000] {dagbag.py:538} INFO - Filling up the DagBag from /home/airflow/.local/lib/python3.7/site-packages/airflow/example_dags/example_branch_day_of_week_operator.py
[2023-04-24T13:22:30.667+0000] {processor.py:753} INFO - DAG(s) dict_keys(['example_weekday_branch_operator']) retrieved from /home/airflow/.local/lib/python3.7/site-packages/airflow/example_dags/example_branch_day_of_week_operator.py
[2023-04-24T13:22:30.686+0000] {logging_mixin.py:137} INFO - [2023-04-24T13:22:30.686+0000] {dag.py:2690} INFO - Sync 1 DAGs
[2023-04-24T13:22:30.701+0000] {logging_mixin.py:137} INFO - [2023-04-24T13:22:30.701+0000] {dag.py:3441} INFO - Setting next_dagrun for example_weekday_branch_operator to 2023-04-23T00:00:00+00:00, run_after=2023-04-24T00:00:00+00:00
[2023-04-24T13:22:30.712+0000] {processor.py:175} INFO - Processing /home/airflow/.local/lib/python3.7/site-packages/airflow/example_dags/example_branch_day_of_week_operator.py took 0.061 seconds
[2023-04-24T13:23:00.870+0000] {processor.py:153} INFO - Started process (PID=3099) to work on /home/airflow/.local/lib/python3.7/site-packages/airflow/example_dags/example_branch_day_of_week_operator.py
[2023-04-24T13:23:00.871+0000] {processor.py:743} INFO - Processing file /home/airflow/.local/lib/python3.7/site-packages/airflow/example_dags/example_branch_day_of_week_operator.py for tasks to queue
[2023-04-24T13:23:00.872+0000] {logging_mixin.py:137} INFO - [2023-04-24T13:23:00.872+0000] {dagbag.py:538} INFO - Filling up the DagBag from /home/airflow/.local/lib/python3.7/site-packages/airflow/example_dags/example_branch_day_of_week_operator.py
[2023-04-24T13:23:00.883+0000] {processor.py:753} INFO - DAG(s) dict_keys(['example_weekday_branch_operator']) retrieved from /home/airflow/.local/lib/python3.7/site-packages/airflow/example_dags/example_branch_day_of_week_operator.py
[2023-04-24T13:23:00.904+0000] {logging_mixin.py:137} INFO - [2023-04-24T13:23:00.904+0000] {dag.py:2690} INFO - Sync 1 DAGs
[2023-04-24T13:23:00.921+0000] {logging_mixin.py:137} INFO - [2023-04-24T13:23:00.920+0000] {dag.py:3441} INFO - Setting next_dagrun for example_weekday_branch_operator to 2023-04-23T00:00:00+00:00, run_after=2023-04-24T00:00:00+00:00
[2023-04-24T13:23:00.932+0000] {processor.py:175} INFO - Processing /home/airflow/.local/lib/python3.7/site-packages/airflow/example_dags/example_branch_day_of_week_operator.py took 0.065 seconds
[2023-04-24T13:23:31.394+0000] {processor.py:153} INFO - Started process (PID=3170) to work on /home/airflow/.local/lib/python3.7/site-packages/airflow/example_dags/example_branch_day_of_week_operator.py
[2023-04-24T13:23:31.396+0000] {processor.py:743} INFO - Processing file /home/airflow/.local/lib/python3.7/site-packages/airflow/example_dags/example_branch_day_of_week_operator.py for tasks to queue
[2023-04-24T13:23:31.397+0000] {logging_mixin.py:137} INFO - [2023-04-24T13:23:31.397+0000] {dagbag.py:538} INFO - Filling up the DagBag from /home/airflow/.local/lib/python3.7/site-packages/airflow/example_dags/example_branch_day_of_week_operator.py
[2023-04-24T13:23:31.409+0000] {processor.py:753} INFO - DAG(s) dict_keys(['example_weekday_branch_operator']) retrieved from /home/airflow/.local/lib/python3.7/site-packages/airflow/example_dags/example_branch_day_of_week_operator.py
[2023-04-24T13:23:31.435+0000] {logging_mixin.py:137} INFO - [2023-04-24T13:23:31.435+0000] {dag.py:2690} INFO - Sync 1 DAGs
[2023-04-24T13:23:31.451+0000] {logging_mixin.py:137} INFO - [2023-04-24T13:23:31.451+0000] {dag.py:3441} INFO - Setting next_dagrun for example_weekday_branch_operator to 2023-04-23T00:00:00+00:00, run_after=2023-04-24T00:00:00+00:00
[2023-04-24T13:23:31.465+0000] {processor.py:175} INFO - Processing /home/airflow/.local/lib/python3.7/site-packages/airflow/example_dags/example_branch_day_of_week_operator.py took 0.075 seconds
[2023-04-24T13:24:01.703+0000] {processor.py:153} INFO - Started process (PID=3248) to work on /home/airflow/.local/lib/python3.7/site-packages/airflow/example_dags/example_branch_day_of_week_operator.py
[2023-04-24T13:24:01.705+0000] {processor.py:743} INFO - Processing file /home/airflow/.local/lib/python3.7/site-packages/airflow/example_dags/example_branch_day_of_week_operator.py for tasks to queue
[2023-04-24T13:24:01.705+0000] {logging_mixin.py:137} INFO - [2023-04-24T13:24:01.705+0000] {dagbag.py:538} INFO - Filling up the DagBag from /home/airflow/.local/lib/python3.7/site-packages/airflow/example_dags/example_branch_day_of_week_operator.py
[2023-04-24T13:24:01.717+0000] {processor.py:753} INFO - DAG(s) dict_keys(['example_weekday_branch_operator']) retrieved from /home/airflow/.local/lib/python3.7/site-packages/airflow/example_dags/example_branch_day_of_week_operator.py
[2023-04-24T13:24:01.737+0000] {logging_mixin.py:137} INFO - [2023-04-24T13:24:01.737+0000] {dag.py:2690} INFO - Sync 1 DAGs
[2023-04-24T13:24:01.756+0000] {logging_mixin.py:137} INFO - [2023-04-24T13:24:01.756+0000] {dag.py:3441} INFO - Setting next_dagrun for example_weekday_branch_operator to 2023-04-23T00:00:00+00:00, run_after=2023-04-24T00:00:00+00:00
[2023-04-24T13:24:01.769+0000] {processor.py:175} INFO - Processing /home/airflow/.local/lib/python3.7/site-packages/airflow/example_dags/example_branch_day_of_week_operator.py took 0.068 seconds
[2023-04-24T13:24:32.178+0000] {processor.py:153} INFO - Started process (PID=3324) to work on /home/airflow/.local/lib/python3.7/site-packages/airflow/example_dags/example_branch_day_of_week_operator.py
[2023-04-24T13:24:32.180+0000] {processor.py:743} INFO - Processing file /home/airflow/.local/lib/python3.7/site-packages/airflow/example_dags/example_branch_day_of_week_operator.py for tasks to queue
[2023-04-24T13:24:32.181+0000] {logging_mixin.py:137} INFO - [2023-04-24T13:24:32.181+0000] {dagbag.py:538} INFO - Filling up the DagBag from /home/airflow/.local/lib/python3.7/site-packages/airflow/example_dags/example_branch_day_of_week_operator.py
[2023-04-24T13:24:32.192+0000] {processor.py:753} INFO - DAG(s) dict_keys(['example_weekday_branch_operator']) retrieved from /home/airflow/.local/lib/python3.7/site-packages/airflow/example_dags/example_branch_day_of_week_operator.py
[2023-04-24T13:24:32.212+0000] {logging_mixin.py:137} INFO - [2023-04-24T13:24:32.212+0000] {dag.py:2690} INFO - Sync 1 DAGs
[2023-04-24T13:24:32.227+0000] {logging_mixin.py:137} INFO - [2023-04-24T13:24:32.227+0000] {dag.py:3441} INFO - Setting next_dagrun for example_weekday_branch_operator to 2023-04-23T00:00:00+00:00, run_after=2023-04-24T00:00:00+00:00
[2023-04-24T13:24:32.240+0000] {processor.py:175} INFO - Processing /home/airflow/.local/lib/python3.7/site-packages/airflow/example_dags/example_branch_day_of_week_operator.py took 0.064 seconds
[2023-04-24T13:25:02.421+0000] {processor.py:153} INFO - Started process (PID=3388) to work on /home/airflow/.local/lib/python3.7/site-packages/airflow/example_dags/example_branch_day_of_week_operator.py
[2023-04-24T13:25:02.422+0000] {processor.py:743} INFO - Processing file /home/airflow/.local/lib/python3.7/site-packages/airflow/example_dags/example_branch_day_of_week_operator.py for tasks to queue
[2023-04-24T13:25:02.423+0000] {logging_mixin.py:137} INFO - [2023-04-24T13:25:02.422+0000] {dagbag.py:538} INFO - Filling up the DagBag from /home/airflow/.local/lib/python3.7/site-packages/airflow/example_dags/example_branch_day_of_week_operator.py
[2023-04-24T13:25:02.436+0000] {processor.py:753} INFO - DAG(s) dict_keys(['example_weekday_branch_operator']) retrieved from /home/airflow/.local/lib/python3.7/site-packages/airflow/example_dags/example_branch_day_of_week_operator.py
[2023-04-24T13:25:02.459+0000] {logging_mixin.py:137} INFO - [2023-04-24T13:25:02.459+0000] {dag.py:2690} INFO - Sync 1 DAGs
[2023-04-24T13:25:02.475+0000] {logging_mixin.py:137} INFO - [2023-04-24T13:25:02.475+0000] {dag.py:3441} INFO - Setting next_dagrun for example_weekday_branch_operator to 2023-04-23T00:00:00+00:00, run_after=2023-04-24T00:00:00+00:00
[2023-04-24T13:25:02.487+0000] {processor.py:175} INFO - Processing /home/airflow/.local/lib/python3.7/site-packages/airflow/example_dags/example_branch_day_of_week_operator.py took 0.069 seconds
[2023-04-24T13:25:32.588+0000] {processor.py:153} INFO - Started process (PID=3464) to work on /home/airflow/.local/lib/python3.7/site-packages/airflow/example_dags/example_branch_day_of_week_operator.py
[2023-04-24T13:25:32.589+0000] {processor.py:743} INFO - Processing file /home/airflow/.local/lib/python3.7/site-packages/airflow/example_dags/example_branch_day_of_week_operator.py for tasks to queue
[2023-04-24T13:25:32.590+0000] {logging_mixin.py:137} INFO - [2023-04-24T13:25:32.590+0000] {dagbag.py:538} INFO - Filling up the DagBag from /home/airflow/.local/lib/python3.7/site-packages/airflow/example_dags/example_branch_day_of_week_operator.py
[2023-04-24T13:25:32.601+0000] {processor.py:753} INFO - DAG(s) dict_keys(['example_weekday_branch_operator']) retrieved from /home/airflow/.local/lib/python3.7/site-packages/airflow/example_dags/example_branch_day_of_week_operator.py
[2023-04-24T13:25:32.622+0000] {logging_mixin.py:137} INFO - [2023-04-24T13:25:32.621+0000] {dag.py:2690} INFO - Sync 1 DAGs
[2023-04-24T13:25:32.638+0000] {logging_mixin.py:137} INFO - [2023-04-24T13:25:32.638+0000] {dag.py:3441} INFO - Setting next_dagrun for example_weekday_branch_operator to 2023-04-23T00:00:00+00:00, run_after=2023-04-24T00:00:00+00:00
[2023-04-24T13:25:32.649+0000] {processor.py:175} INFO - Processing /home/airflow/.local/lib/python3.7/site-packages/airflow/example_dags/example_branch_day_of_week_operator.py took 0.064 seconds
[2023-04-24T13:26:02.804+0000] {processor.py:153} INFO - Started process (PID=3540) to work on /home/airflow/.local/lib/python3.7/site-packages/airflow/example_dags/example_branch_day_of_week_operator.py
[2023-04-24T13:26:02.806+0000] {processor.py:743} INFO - Processing file /home/airflow/.local/lib/python3.7/site-packages/airflow/example_dags/example_branch_day_of_week_operator.py for tasks to queue
[2023-04-24T13:26:02.806+0000] {logging_mixin.py:137} INFO - [2023-04-24T13:26:02.806+0000] {dagbag.py:538} INFO - Filling up the DagBag from /home/airflow/.local/lib/python3.7/site-packages/airflow/example_dags/example_branch_day_of_week_operator.py
[2023-04-24T13:26:02.817+0000] {processor.py:753} INFO - DAG(s) dict_keys(['example_weekday_branch_operator']) retrieved from /home/airflow/.local/lib/python3.7/site-packages/airflow/example_dags/example_branch_day_of_week_operator.py
[2023-04-24T13:26:02.838+0000] {logging_mixin.py:137} INFO - [2023-04-24T13:26:02.838+0000] {dag.py:2690} INFO - Sync 1 DAGs
[2023-04-24T13:26:02.858+0000] {logging_mixin.py:137} INFO - [2023-04-24T13:26:02.858+0000] {dag.py:3441} INFO - Setting next_dagrun for example_weekday_branch_operator to 2023-04-23T00:00:00+00:00, run_after=2023-04-24T00:00:00+00:00
[2023-04-24T13:26:02.869+0000] {processor.py:175} INFO - Processing /home/airflow/.local/lib/python3.7/site-packages/airflow/example_dags/example_branch_day_of_week_operator.py took 0.068 seconds
[2023-04-24T13:26:33.260+0000] {processor.py:153} INFO - Started process (PID=3613) to work on /home/airflow/.local/lib/python3.7/site-packages/airflow/example_dags/example_branch_day_of_week_operator.py
[2023-04-24T13:26:33.261+0000] {processor.py:743} INFO - Processing file /home/airflow/.local/lib/python3.7/site-packages/airflow/example_dags/example_branch_day_of_week_operator.py for tasks to queue
[2023-04-24T13:26:33.262+0000] {logging_mixin.py:137} INFO - [2023-04-24T13:26:33.262+0000] {dagbag.py:538} INFO - Filling up the DagBag from /home/airflow/.local/lib/python3.7/site-packages/airflow/example_dags/example_branch_day_of_week_operator.py
[2023-04-24T13:26:33.273+0000] {processor.py:753} INFO - DAG(s) dict_keys(['example_weekday_branch_operator']) retrieved from /home/airflow/.local/lib/python3.7/site-packages/airflow/example_dags/example_branch_day_of_week_operator.py
[2023-04-24T13:26:33.294+0000] {logging_mixin.py:137} INFO - [2023-04-24T13:26:33.294+0000] {dag.py:2690} INFO - Sync 1 DAGs
[2023-04-24T13:26:33.311+0000] {logging_mixin.py:137} INFO - [2023-04-24T13:26:33.311+0000] {dag.py:3441} INFO - Setting next_dagrun for example_weekday_branch_operator to 2023-04-23T00:00:00+00:00, run_after=2023-04-24T00:00:00+00:00
[2023-04-24T13:26:33.323+0000] {processor.py:175} INFO - Processing /home/airflow/.local/lib/python3.7/site-packages/airflow/example_dags/example_branch_day_of_week_operator.py took 0.067 seconds
[2023-04-24T13:27:03.456+0000] {processor.py:153} INFO - Started process (PID=3681) to work on /home/airflow/.local/lib/python3.7/site-packages/airflow/example_dags/example_branch_day_of_week_operator.py
[2023-04-24T13:27:03.457+0000] {processor.py:743} INFO - Processing file /home/airflow/.local/lib/python3.7/site-packages/airflow/example_dags/example_branch_day_of_week_operator.py for tasks to queue
[2023-04-24T13:27:03.459+0000] {logging_mixin.py:137} INFO - [2023-04-24T13:27:03.458+0000] {dagbag.py:538} INFO - Filling up the DagBag from /home/airflow/.local/lib/python3.7/site-packages/airflow/example_dags/example_branch_day_of_week_operator.py
[2023-04-24T13:27:03.471+0000] {processor.py:753} INFO - DAG(s) dict_keys(['example_weekday_branch_operator']) retrieved from /home/airflow/.local/lib/python3.7/site-packages/airflow/example_dags/example_branch_day_of_week_operator.py
[2023-04-24T13:27:03.499+0000] {logging_mixin.py:137} INFO - [2023-04-24T13:27:03.498+0000] {dag.py:2690} INFO - Sync 1 DAGs
[2023-04-24T13:27:03.518+0000] {logging_mixin.py:137} INFO - [2023-04-24T13:27:03.518+0000] {dag.py:3441} INFO - Setting next_dagrun for example_weekday_branch_operator to 2023-04-23T00:00:00+00:00, run_after=2023-04-24T00:00:00+00:00
[2023-04-24T13:27:03.535+0000] {processor.py:175} INFO - Processing /home/airflow/.local/lib/python3.7/site-packages/airflow/example_dags/example_branch_day_of_week_operator.py took 0.082 seconds
[2023-04-24T13:27:33.935+0000] {processor.py:153} INFO - Started process (PID=3757) to work on /home/airflow/.local/lib/python3.7/site-packages/airflow/example_dags/example_branch_day_of_week_operator.py
[2023-04-24T13:27:33.936+0000] {processor.py:743} INFO - Processing file /home/airflow/.local/lib/python3.7/site-packages/airflow/example_dags/example_branch_day_of_week_operator.py for tasks to queue
[2023-04-24T13:27:33.937+0000] {logging_mixin.py:137} INFO - [2023-04-24T13:27:33.937+0000] {dagbag.py:538} INFO - Filling up the DagBag from /home/airflow/.local/lib/python3.7/site-packages/airflow/example_dags/example_branch_day_of_week_operator.py
[2023-04-24T13:27:33.947+0000] {processor.py:753} INFO - DAG(s) dict_keys(['example_weekday_branch_operator']) retrieved from /home/airflow/.local/lib/python3.7/site-packages/airflow/example_dags/example_branch_day_of_week_operator.py
[2023-04-24T13:27:33.967+0000] {logging_mixin.py:137} INFO - [2023-04-24T13:27:33.967+0000] {dag.py:2690} INFO - Sync 1 DAGs
[2023-04-24T13:27:33.982+0000] {logging_mixin.py:137} INFO - [2023-04-24T13:27:33.982+0000] {dag.py:3441} INFO - Setting next_dagrun for example_weekday_branch_operator to 2023-04-23T00:00:00+00:00, run_after=2023-04-24T00:00:00+00:00
[2023-04-24T13:27:33.992+0000] {processor.py:175} INFO - Processing /home/airflow/.local/lib/python3.7/site-packages/airflow/example_dags/example_branch_day_of_week_operator.py took 0.060 seconds
[2023-04-24T13:28:04.248+0000] {processor.py:153} INFO - Started process (PID=3830) to work on /home/airflow/.local/lib/python3.7/site-packages/airflow/example_dags/example_branch_day_of_week_operator.py
[2023-04-24T13:28:04.249+0000] {processor.py:743} INFO - Processing file /home/airflow/.local/lib/python3.7/site-packages/airflow/example_dags/example_branch_day_of_week_operator.py for tasks to queue
[2023-04-24T13:28:04.250+0000] {logging_mixin.py:137} INFO - [2023-04-24T13:28:04.250+0000] {dagbag.py:538} INFO - Filling up the DagBag from /home/airflow/.local/lib/python3.7/site-packages/airflow/example_dags/example_branch_day_of_week_operator.py
[2023-04-24T13:28:04.260+0000] {processor.py:753} INFO - DAG(s) dict_keys(['example_weekday_branch_operator']) retrieved from /home/airflow/.local/lib/python3.7/site-packages/airflow/example_dags/example_branch_day_of_week_operator.py
[2023-04-24T13:28:04.280+0000] {logging_mixin.py:137} INFO - [2023-04-24T13:28:04.280+0000] {dag.py:2690} INFO - Sync 1 DAGs
[2023-04-24T13:28:04.311+0000] {logging_mixin.py:137} INFO - [2023-04-24T13:28:04.311+0000] {dag.py:3441} INFO - Setting next_dagrun for example_weekday_branch_operator to 2023-04-23T00:00:00+00:00, run_after=2023-04-24T00:00:00+00:00
[2023-04-24T13:28:04.330+0000] {processor.py:175} INFO - Processing /home/airflow/.local/lib/python3.7/site-packages/airflow/example_dags/example_branch_day_of_week_operator.py took 0.085 seconds
[2023-04-24T13:28:34.398+0000] {processor.py:153} INFO - Started process (PID=3897) to work on /home/airflow/.local/lib/python3.7/site-packages/airflow/example_dags/example_branch_day_of_week_operator.py
[2023-04-24T13:28:34.399+0000] {processor.py:743} INFO - Processing file /home/airflow/.local/lib/python3.7/site-packages/airflow/example_dags/example_branch_day_of_week_operator.py for tasks to queue
[2023-04-24T13:28:34.400+0000] {logging_mixin.py:137} INFO - [2023-04-24T13:28:34.400+0000] {dagbag.py:538} INFO - Filling up the DagBag from /home/airflow/.local/lib/python3.7/site-packages/airflow/example_dags/example_branch_day_of_week_operator.py
[2023-04-24T13:28:34.411+0000] {processor.py:753} INFO - DAG(s) dict_keys(['example_weekday_branch_operator']) retrieved from /home/airflow/.local/lib/python3.7/site-packages/airflow/example_dags/example_branch_day_of_week_operator.py
[2023-04-24T13:28:34.438+0000] {logging_mixin.py:137} INFO - [2023-04-24T13:28:34.438+0000] {dag.py:2690} INFO - Sync 1 DAGs
[2023-04-24T13:28:34.455+0000] {logging_mixin.py:137} INFO - [2023-04-24T13:28:34.455+0000] {dag.py:3441} INFO - Setting next_dagrun for example_weekday_branch_operator to 2023-04-23T00:00:00+00:00, run_after=2023-04-24T00:00:00+00:00
[2023-04-24T13:28:34.465+0000] {processor.py:175} INFO - Processing /home/airflow/.local/lib/python3.7/site-packages/airflow/example_dags/example_branch_day_of_week_operator.py took 0.070 seconds
[2023-04-24T13:29:04.709+0000] {processor.py:153} INFO - Started process (PID=3973) to work on /home/airflow/.local/lib/python3.7/site-packages/airflow/example_dags/example_branch_day_of_week_operator.py
[2023-04-24T13:29:04.710+0000] {processor.py:743} INFO - Processing file /home/airflow/.local/lib/python3.7/site-packages/airflow/example_dags/example_branch_day_of_week_operator.py for tasks to queue
[2023-04-24T13:29:04.711+0000] {logging_mixin.py:137} INFO - [2023-04-24T13:29:04.711+0000] {dagbag.py:538} INFO - Filling up the DagBag from /home/airflow/.local/lib/python3.7/site-packages/airflow/example_dags/example_branch_day_of_week_operator.py
[2023-04-24T13:29:04.722+0000] {processor.py:753} INFO - DAG(s) dict_keys(['example_weekday_branch_operator']) retrieved from /home/airflow/.local/lib/python3.7/site-packages/airflow/example_dags/example_branch_day_of_week_operator.py
[2023-04-24T13:29:04.743+0000] {logging_mixin.py:137} INFO - [2023-04-24T13:29:04.742+0000] {dag.py:2690} INFO - Sync 1 DAGs
[2023-04-24T13:29:04.758+0000] {logging_mixin.py:137} INFO - [2023-04-24T13:29:04.758+0000] {dag.py:3441} INFO - Setting next_dagrun for example_weekday_branch_operator to 2023-04-23T00:00:00+00:00, run_after=2023-04-24T00:00:00+00:00
[2023-04-24T13:29:04.771+0000] {processor.py:175} INFO - Processing /home/airflow/.local/lib/python3.7/site-packages/airflow/example_dags/example_branch_day_of_week_operator.py took 0.065 seconds
[2023-04-24T13:29:35.144+0000] {processor.py:153} INFO - Started process (PID=4049) to work on /home/airflow/.local/lib/python3.7/site-packages/airflow/example_dags/example_branch_day_of_week_operator.py
[2023-04-24T13:29:35.145+0000] {processor.py:743} INFO - Processing file /home/airflow/.local/lib/python3.7/site-packages/airflow/example_dags/example_branch_day_of_week_operator.py for tasks to queue
[2023-04-24T13:29:35.146+0000] {logging_mixin.py:137} INFO - [2023-04-24T13:29:35.146+0000] {dagbag.py:538} INFO - Filling up the DagBag from /home/airflow/.local/lib/python3.7/site-packages/airflow/example_dags/example_branch_day_of_week_operator.py
[2023-04-24T13:29:35.159+0000] {processor.py:753} INFO - DAG(s) dict_keys(['example_weekday_branch_operator']) retrieved from /home/airflow/.local/lib/python3.7/site-packages/airflow/example_dags/example_branch_day_of_week_operator.py
[2023-04-24T13:29:35.182+0000] {logging_mixin.py:137} INFO - [2023-04-24T13:29:35.182+0000] {dag.py:2690} INFO - Sync 1 DAGs
[2023-04-24T13:29:35.200+0000] {logging_mixin.py:137} INFO - [2023-04-24T13:29:35.199+0000] {dag.py:3441} INFO - Setting next_dagrun for example_weekday_branch_operator to 2023-04-23T00:00:00+00:00, run_after=2023-04-24T00:00:00+00:00
[2023-04-24T13:29:35.216+0000] {processor.py:175} INFO - Processing /home/airflow/.local/lib/python3.7/site-packages/airflow/example_dags/example_branch_day_of_week_operator.py took 0.075 seconds
[2023-04-24T13:30:05.530+0000] {processor.py:153} INFO - Started process (PID=4113) to work on /home/airflow/.local/lib/python3.7/site-packages/airflow/example_dags/example_branch_day_of_week_operator.py
[2023-04-24T13:30:05.531+0000] {processor.py:743} INFO - Processing file /home/airflow/.local/lib/python3.7/site-packages/airflow/example_dags/example_branch_day_of_week_operator.py for tasks to queue
[2023-04-24T13:30:05.532+0000] {logging_mixin.py:137} INFO - [2023-04-24T13:30:05.532+0000] {dagbag.py:538} INFO - Filling up the DagBag from /home/airflow/.local/lib/python3.7/site-packages/airflow/example_dags/example_branch_day_of_week_operator.py
[2023-04-24T13:30:05.543+0000] {processor.py:753} INFO - DAG(s) dict_keys(['example_weekday_branch_operator']) retrieved from /home/airflow/.local/lib/python3.7/site-packages/airflow/example_dags/example_branch_day_of_week_operator.py
[2023-04-24T13:30:05.562+0000] {logging_mixin.py:137} INFO - [2023-04-24T13:30:05.562+0000] {dag.py:2690} INFO - Sync 1 DAGs
[2023-04-24T13:30:05.578+0000] {logging_mixin.py:137} INFO - [2023-04-24T13:30:05.578+0000] {dag.py:3441} INFO - Setting next_dagrun for example_weekday_branch_operator to 2023-04-23T00:00:00+00:00, run_after=2023-04-24T00:00:00+00:00
[2023-04-24T13:30:05.591+0000] {processor.py:175} INFO - Processing /home/airflow/.local/lib/python3.7/site-packages/airflow/example_dags/example_branch_day_of_week_operator.py took 0.063 seconds
[2023-04-24T13:30:35.914+0000] {processor.py:153} INFO - Started process (PID=4190) to work on /home/airflow/.local/lib/python3.7/site-packages/airflow/example_dags/example_branch_day_of_week_operator.py
[2023-04-24T13:30:35.915+0000] {processor.py:743} INFO - Processing file /home/airflow/.local/lib/python3.7/site-packages/airflow/example_dags/example_branch_day_of_week_operator.py for tasks to queue
[2023-04-24T13:30:35.916+0000] {logging_mixin.py:137} INFO - [2023-04-24T13:30:35.916+0000] {dagbag.py:538} INFO - Filling up the DagBag from /home/airflow/.local/lib/python3.7/site-packages/airflow/example_dags/example_branch_day_of_week_operator.py
[2023-04-24T13:30:35.926+0000] {processor.py:753} INFO - DAG(s) dict_keys(['example_weekday_branch_operator']) retrieved from /home/airflow/.local/lib/python3.7/site-packages/airflow/example_dags/example_branch_day_of_week_operator.py
[2023-04-24T13:30:35.945+0000] {logging_mixin.py:137} INFO - [2023-04-24T13:30:35.945+0000] {dag.py:2690} INFO - Sync 1 DAGs
[2023-04-24T13:30:35.961+0000] {logging_mixin.py:137} INFO - [2023-04-24T13:30:35.961+0000] {dag.py:3441} INFO - Setting next_dagrun for example_weekday_branch_operator to 2023-04-23T00:00:00+00:00, run_after=2023-04-24T00:00:00+00:00
[2023-04-24T13:30:35.971+0000] {processor.py:175} INFO - Processing /home/airflow/.local/lib/python3.7/site-packages/airflow/example_dags/example_branch_day_of_week_operator.py took 0.060 seconds
[2023-04-24T13:31:06.065+0000] {processor.py:153} INFO - Started process (PID=4266) to work on /home/airflow/.local/lib/python3.7/site-packages/airflow/example_dags/example_branch_day_of_week_operator.py
[2023-04-24T13:31:06.066+0000] {processor.py:743} INFO - Processing file /home/airflow/.local/lib/python3.7/site-packages/airflow/example_dags/example_branch_day_of_week_operator.py for tasks to queue
[2023-04-24T13:31:06.067+0000] {logging_mixin.py:137} INFO - [2023-04-24T13:31:06.067+0000] {dagbag.py:538} INFO - Filling up the DagBag from /home/airflow/.local/lib/python3.7/site-packages/airflow/example_dags/example_branch_day_of_week_operator.py
[2023-04-24T13:31:06.078+0000] {processor.py:753} INFO - DAG(s) dict_keys(['example_weekday_branch_operator']) retrieved from /home/airflow/.local/lib/python3.7/site-packages/airflow/example_dags/example_branch_day_of_week_operator.py
[2023-04-24T13:31:06.097+0000] {logging_mixin.py:137} INFO - [2023-04-24T13:31:06.097+0000] {dag.py:2690} INFO - Sync 1 DAGs
[2023-04-24T13:31:06.112+0000] {logging_mixin.py:137} INFO - [2023-04-24T13:31:06.112+0000] {dag.py:3441} INFO - Setting next_dagrun for example_weekday_branch_operator to 2023-04-23T00:00:00+00:00, run_after=2023-04-24T00:00:00+00:00
[2023-04-24T13:31:06.123+0000] {processor.py:175} INFO - Processing /home/airflow/.local/lib/python3.7/site-packages/airflow/example_dags/example_branch_day_of_week_operator.py took 0.061 seconds
[2023-04-24T13:31:36.406+0000] {processor.py:153} INFO - Started process (PID=4330) to work on /home/airflow/.local/lib/python3.7/site-packages/airflow/example_dags/example_branch_day_of_week_operator.py
[2023-04-24T13:31:36.407+0000] {processor.py:743} INFO - Processing file /home/airflow/.local/lib/python3.7/site-packages/airflow/example_dags/example_branch_day_of_week_operator.py for tasks to queue
[2023-04-24T13:31:36.408+0000] {logging_mixin.py:137} INFO - [2023-04-24T13:31:36.408+0000] {dagbag.py:538} INFO - Filling up the DagBag from /home/airflow/.local/lib/python3.7/site-packages/airflow/example_dags/example_branch_day_of_week_operator.py
[2023-04-24T13:31:36.419+0000] {processor.py:753} INFO - DAG(s) dict_keys(['example_weekday_branch_operator']) retrieved from /home/airflow/.local/lib/python3.7/site-packages/airflow/example_dags/example_branch_day_of_week_operator.py
[2023-04-24T13:31:36.437+0000] {logging_mixin.py:137} INFO - [2023-04-24T13:31:36.437+0000] {dag.py:2690} INFO - Sync 1 DAGs
[2023-04-24T13:31:36.452+0000] {logging_mixin.py:137} INFO - [2023-04-24T13:31:36.452+0000] {dag.py:3441} INFO - Setting next_dagrun for example_weekday_branch_operator to 2023-04-23T00:00:00+00:00, run_after=2023-04-24T00:00:00+00:00
[2023-04-24T13:31:36.462+0000] {processor.py:175} INFO - Processing /home/airflow/.local/lib/python3.7/site-packages/airflow/example_dags/example_branch_day_of_week_operator.py took 0.059 seconds
[2023-04-24T13:32:06.615+0000] {processor.py:153} INFO - Started process (PID=4406) to work on /home/airflow/.local/lib/python3.7/site-packages/airflow/example_dags/example_branch_day_of_week_operator.py
[2023-04-24T13:32:06.617+0000] {processor.py:743} INFO - Processing file /home/airflow/.local/lib/python3.7/site-packages/airflow/example_dags/example_branch_day_of_week_operator.py for tasks to queue
[2023-04-24T13:32:06.619+0000] {logging_mixin.py:137} INFO - [2023-04-24T13:32:06.618+0000] {dagbag.py:538} INFO - Filling up the DagBag from /home/airflow/.local/lib/python3.7/site-packages/airflow/example_dags/example_branch_day_of_week_operator.py
[2023-04-24T13:32:06.631+0000] {processor.py:753} INFO - DAG(s) dict_keys(['example_weekday_branch_operator']) retrieved from /home/airflow/.local/lib/python3.7/site-packages/airflow/example_dags/example_branch_day_of_week_operator.py
[2023-04-24T13:32:06.653+0000] {logging_mixin.py:137} INFO - [2023-04-24T13:32:06.652+0000] {dag.py:2690} INFO - Sync 1 DAGs
[2023-04-24T13:32:06.671+0000] {logging_mixin.py:137} INFO - [2023-04-24T13:32:06.671+0000] {dag.py:3441} INFO - Setting next_dagrun for example_weekday_branch_operator to 2023-04-23T00:00:00+00:00, run_after=2023-04-24T00:00:00+00:00
[2023-04-24T13:32:06.684+0000] {processor.py:175} INFO - Processing /home/airflow/.local/lib/python3.7/site-packages/airflow/example_dags/example_branch_day_of_week_operator.py took 0.072 seconds
[2023-04-24T13:32:36.876+0000] {processor.py:153} INFO - Started process (PID=4482) to work on /home/airflow/.local/lib/python3.7/site-packages/airflow/example_dags/example_branch_day_of_week_operator.py
[2023-04-24T13:32:36.877+0000] {processor.py:743} INFO - Processing file /home/airflow/.local/lib/python3.7/site-packages/airflow/example_dags/example_branch_day_of_week_operator.py for tasks to queue
[2023-04-24T13:32:36.878+0000] {logging_mixin.py:137} INFO - [2023-04-24T13:32:36.878+0000] {dagbag.py:538} INFO - Filling up the DagBag from /home/airflow/.local/lib/python3.7/site-packages/airflow/example_dags/example_branch_day_of_week_operator.py
[2023-04-24T13:32:36.889+0000] {processor.py:753} INFO - DAG(s) dict_keys(['example_weekday_branch_operator']) retrieved from /home/airflow/.local/lib/python3.7/site-packages/airflow/example_dags/example_branch_day_of_week_operator.py
[2023-04-24T13:32:36.909+0000] {logging_mixin.py:137} INFO - [2023-04-24T13:32:36.909+0000] {dag.py:2690} INFO - Sync 1 DAGs
[2023-04-24T13:32:36.925+0000] {logging_mixin.py:137} INFO - [2023-04-24T13:32:36.925+0000] {dag.py:3441} INFO - Setting next_dagrun for example_weekday_branch_operator to 2023-04-23T00:00:00+00:00, run_after=2023-04-24T00:00:00+00:00
[2023-04-24T13:32:36.937+0000] {processor.py:175} INFO - Processing /home/airflow/.local/lib/python3.7/site-packages/airflow/example_dags/example_branch_day_of_week_operator.py took 0.064 seconds
[2023-04-24T13:33:07.303+0000] {processor.py:153} INFO - Started process (PID=4546) to work on /home/airflow/.local/lib/python3.7/site-packages/airflow/example_dags/example_branch_day_of_week_operator.py
[2023-04-24T13:33:07.304+0000] {processor.py:743} INFO - Processing file /home/airflow/.local/lib/python3.7/site-packages/airflow/example_dags/example_branch_day_of_week_operator.py for tasks to queue
[2023-04-24T13:33:07.305+0000] {logging_mixin.py:137} INFO - [2023-04-24T13:33:07.305+0000] {dagbag.py:538} INFO - Filling up the DagBag from /home/airflow/.local/lib/python3.7/site-packages/airflow/example_dags/example_branch_day_of_week_operator.py
[2023-04-24T13:33:07.316+0000] {processor.py:753} INFO - DAG(s) dict_keys(['example_weekday_branch_operator']) retrieved from /home/airflow/.local/lib/python3.7/site-packages/airflow/example_dags/example_branch_day_of_week_operator.py
[2023-04-24T13:33:07.339+0000] {logging_mixin.py:137} INFO - [2023-04-24T13:33:07.339+0000] {dag.py:2690} INFO - Sync 1 DAGs
[2023-04-24T13:33:07.358+0000] {logging_mixin.py:137} INFO - [2023-04-24T13:33:07.358+0000] {dag.py:3441} INFO - Setting next_dagrun for example_weekday_branch_operator to 2023-04-23T00:00:00+00:00, run_after=2023-04-24T00:00:00+00:00
[2023-04-24T13:33:07.370+0000] {processor.py:175} INFO - Processing /home/airflow/.local/lib/python3.7/site-packages/airflow/example_dags/example_branch_day_of_week_operator.py took 0.070 seconds
[2023-04-24T13:33:50.254+0000] {processor.py:153} INFO - Started process (PID=4594) to work on /home/airflow/.local/lib/python3.7/site-packages/airflow/example_dags/example_branch_day_of_week_operator.py
[2023-04-24T13:33:50.255+0000] {processor.py:743} INFO - Processing file /home/airflow/.local/lib/python3.7/site-packages/airflow/example_dags/example_branch_day_of_week_operator.py for tasks to queue
[2023-04-24T13:33:50.256+0000] {logging_mixin.py:137} INFO - [2023-04-24T13:33:50.256+0000] {dagbag.py:538} INFO - Filling up the DagBag from /home/airflow/.local/lib/python3.7/site-packages/airflow/example_dags/example_branch_day_of_week_operator.py
[2023-04-24T13:33:50.268+0000] {processor.py:753} INFO - DAG(s) dict_keys(['example_weekday_branch_operator']) retrieved from /home/airflow/.local/lib/python3.7/site-packages/airflow/example_dags/example_branch_day_of_week_operator.py
[2023-04-24T13:33:50.290+0000] {logging_mixin.py:137} INFO - [2023-04-24T13:33:50.290+0000] {dag.py:2690} INFO - Sync 1 DAGs
[2023-04-24T13:33:50.307+0000] {logging_mixin.py:137} INFO - [2023-04-24T13:33:50.307+0000] {dag.py:3441} INFO - Setting next_dagrun for example_weekday_branch_operator to 2023-04-23T00:00:00+00:00, run_after=2023-04-24T00:00:00+00:00
[2023-04-24T13:33:50.318+0000] {processor.py:175} INFO - Processing /home/airflow/.local/lib/python3.7/site-packages/airflow/example_dags/example_branch_day_of_week_operator.py took 0.067 seconds
[2023-04-24T13:34:20.554+0000] {processor.py:153} INFO - Started process (PID=4670) to work on /home/airflow/.local/lib/python3.7/site-packages/airflow/example_dags/example_branch_day_of_week_operator.py
[2023-04-24T13:34:20.555+0000] {processor.py:743} INFO - Processing file /home/airflow/.local/lib/python3.7/site-packages/airflow/example_dags/example_branch_day_of_week_operator.py for tasks to queue
[2023-04-24T13:34:20.556+0000] {logging_mixin.py:137} INFO - [2023-04-24T13:34:20.556+0000] {dagbag.py:538} INFO - Filling up the DagBag from /home/airflow/.local/lib/python3.7/site-packages/airflow/example_dags/example_branch_day_of_week_operator.py
[2023-04-24T13:34:20.568+0000] {processor.py:753} INFO - DAG(s) dict_keys(['example_weekday_branch_operator']) retrieved from /home/airflow/.local/lib/python3.7/site-packages/airflow/example_dags/example_branch_day_of_week_operator.py
[2023-04-24T13:34:20.589+0000] {logging_mixin.py:137} INFO - [2023-04-24T13:34:20.589+0000] {dag.py:2690} INFO - Sync 1 DAGs
[2023-04-24T13:34:20.607+0000] {logging_mixin.py:137} INFO - [2023-04-24T13:34:20.607+0000] {dag.py:3441} INFO - Setting next_dagrun for example_weekday_branch_operator to 2023-04-23T00:00:00+00:00, run_after=2023-04-24T00:00:00+00:00
[2023-04-24T13:34:20.618+0000] {processor.py:175} INFO - Processing /home/airflow/.local/lib/python3.7/site-packages/airflow/example_dags/example_branch_day_of_week_operator.py took 0.067 seconds
[2023-04-24T13:34:50.995+0000] {processor.py:153} INFO - Started process (PID=4746) to work on /home/airflow/.local/lib/python3.7/site-packages/airflow/example_dags/example_branch_day_of_week_operator.py
[2023-04-24T13:34:50.997+0000] {processor.py:743} INFO - Processing file /home/airflow/.local/lib/python3.7/site-packages/airflow/example_dags/example_branch_day_of_week_operator.py for tasks to queue
[2023-04-24T13:34:50.998+0000] {logging_mixin.py:137} INFO - [2023-04-24T13:34:50.998+0000] {dagbag.py:538} INFO - Filling up the DagBag from /home/airflow/.local/lib/python3.7/site-packages/airflow/example_dags/example_branch_day_of_week_operator.py
[2023-04-24T13:34:51.009+0000] {processor.py:753} INFO - DAG(s) dict_keys(['example_weekday_branch_operator']) retrieved from /home/airflow/.local/lib/python3.7/site-packages/airflow/example_dags/example_branch_day_of_week_operator.py
[2023-04-24T13:34:51.035+0000] {logging_mixin.py:137} INFO - [2023-04-24T13:34:51.035+0000] {dag.py:2690} INFO - Sync 1 DAGs
[2023-04-24T13:34:51.054+0000] {logging_mixin.py:137} INFO - [2023-04-24T13:34:51.054+0000] {dag.py:3441} INFO - Setting next_dagrun for example_weekday_branch_operator to 2023-04-23T00:00:00+00:00, run_after=2023-04-24T00:00:00+00:00
[2023-04-24T13:34:51.068+0000] {processor.py:175} INFO - Processing /home/airflow/.local/lib/python3.7/site-packages/airflow/example_dags/example_branch_day_of_week_operator.py took 0.077 seconds
[2023-04-24T13:35:21.208+0000] {processor.py:153} INFO - Started process (PID=4810) to work on /home/airflow/.local/lib/python3.7/site-packages/airflow/example_dags/example_branch_day_of_week_operator.py
[2023-04-24T13:35:21.209+0000] {processor.py:743} INFO - Processing file /home/airflow/.local/lib/python3.7/site-packages/airflow/example_dags/example_branch_day_of_week_operator.py for tasks to queue
[2023-04-24T13:35:21.210+0000] {logging_mixin.py:137} INFO - [2023-04-24T13:35:21.210+0000] {dagbag.py:538} INFO - Filling up the DagBag from /home/airflow/.local/lib/python3.7/site-packages/airflow/example_dags/example_branch_day_of_week_operator.py
[2023-04-24T13:35:21.222+0000] {processor.py:753} INFO - DAG(s) dict_keys(['example_weekday_branch_operator']) retrieved from /home/airflow/.local/lib/python3.7/site-packages/airflow/example_dags/example_branch_day_of_week_operator.py
[2023-04-24T13:35:21.242+0000] {logging_mixin.py:137} INFO - [2023-04-24T13:35:21.242+0000] {dag.py:2690} INFO - Sync 1 DAGs
[2023-04-24T13:35:21.258+0000] {logging_mixin.py:137} INFO - [2023-04-24T13:35:21.258+0000] {dag.py:3441} INFO - Setting next_dagrun for example_weekday_branch_operator to 2023-04-23T00:00:00+00:00, run_after=2023-04-24T00:00:00+00:00
[2023-04-24T13:35:21.269+0000] {processor.py:175} INFO - Processing /home/airflow/.local/lib/python3.7/site-packages/airflow/example_dags/example_branch_day_of_week_operator.py took 0.065 seconds
[2023-04-24T13:52:36.838+0000] {processor.py:153} INFO - Started process (PID=4886) to work on /home/airflow/.local/lib/python3.7/site-packages/airflow/example_dags/example_branch_day_of_week_operator.py
[2023-04-24T13:52:36.840+0000] {processor.py:743} INFO - Processing file /home/airflow/.local/lib/python3.7/site-packages/airflow/example_dags/example_branch_day_of_week_operator.py for tasks to queue
[2023-04-24T13:52:36.842+0000] {logging_mixin.py:137} INFO - [2023-04-24T13:52:36.842+0000] {dagbag.py:538} INFO - Filling up the DagBag from /home/airflow/.local/lib/python3.7/site-packages/airflow/example_dags/example_branch_day_of_week_operator.py
[2023-04-24T13:52:36.857+0000] {processor.py:753} INFO - DAG(s) dict_keys(['example_weekday_branch_operator']) retrieved from /home/airflow/.local/lib/python3.7/site-packages/airflow/example_dags/example_branch_day_of_week_operator.py
[2023-04-24T13:52:36.888+0000] {logging_mixin.py:137} INFO - [2023-04-24T13:52:36.887+0000] {dag.py:2690} INFO - Sync 1 DAGs
[2023-04-24T13:52:36.911+0000] {logging_mixin.py:137} INFO - [2023-04-24T13:52:36.911+0000] {dag.py:3441} INFO - Setting next_dagrun for example_weekday_branch_operator to 2023-04-23T00:00:00+00:00, run_after=2023-04-24T00:00:00+00:00
[2023-04-24T13:52:36.927+0000] {processor.py:175} INFO - Processing /home/airflow/.local/lib/python3.7/site-packages/airflow/example_dags/example_branch_day_of_week_operator.py took 0.093 seconds
[2023-04-24T14:31:30.589+0000] {processor.py:153} INFO - Started process (PID=4961) to work on /home/airflow/.local/lib/python3.7/site-packages/airflow/example_dags/example_branch_day_of_week_operator.py
[2023-04-24T14:31:30.590+0000] {processor.py:743} INFO - Processing file /home/airflow/.local/lib/python3.7/site-packages/airflow/example_dags/example_branch_day_of_week_operator.py for tasks to queue
[2023-04-24T14:31:30.590+0000] {logging_mixin.py:137} INFO - [2023-04-24T14:31:30.590+0000] {dagbag.py:538} INFO - Filling up the DagBag from /home/airflow/.local/lib/python3.7/site-packages/airflow/example_dags/example_branch_day_of_week_operator.py
[2023-04-24T14:31:30.602+0000] {processor.py:753} INFO - DAG(s) dict_keys(['example_weekday_branch_operator']) retrieved from /home/airflow/.local/lib/python3.7/site-packages/airflow/example_dags/example_branch_day_of_week_operator.py
[2023-04-24T14:31:30.622+0000] {logging_mixin.py:137} INFO - [2023-04-24T14:31:30.622+0000] {dag.py:2690} INFO - Sync 1 DAGs
[2023-04-24T14:31:30.638+0000] {logging_mixin.py:137} INFO - [2023-04-24T14:31:30.638+0000] {dag.py:3441} INFO - Setting next_dagrun for example_weekday_branch_operator to 2023-04-23T00:00:00+00:00, run_after=2023-04-24T00:00:00+00:00
[2023-04-24T14:31:30.649+0000] {processor.py:175} INFO - Processing /home/airflow/.local/lib/python3.7/site-packages/airflow/example_dags/example_branch_day_of_week_operator.py took 0.064 seconds
[2023-04-24T15:16:29.743+0000] {processor.py:153} INFO - Started process (PID=5025) to work on /home/airflow/.local/lib/python3.7/site-packages/airflow/example_dags/example_branch_day_of_week_operator.py
[2023-04-24T15:16:29.745+0000] {processor.py:743} INFO - Processing file /home/airflow/.local/lib/python3.7/site-packages/airflow/example_dags/example_branch_day_of_week_operator.py for tasks to queue
[2023-04-24T15:16:29.747+0000] {logging_mixin.py:137} INFO - [2023-04-24T15:16:29.746+0000] {dagbag.py:538} INFO - Filling up the DagBag from /home/airflow/.local/lib/python3.7/site-packages/airflow/example_dags/example_branch_day_of_week_operator.py
[2023-04-24T15:16:29.765+0000] {processor.py:753} INFO - DAG(s) dict_keys(['example_weekday_branch_operator']) retrieved from /home/airflow/.local/lib/python3.7/site-packages/airflow/example_dags/example_branch_day_of_week_operator.py
[2023-04-24T15:16:29.788+0000] {logging_mixin.py:137} INFO - [2023-04-24T15:16:29.788+0000] {dag.py:2690} INFO - Sync 1 DAGs
[2023-04-24T15:16:29.806+0000] {logging_mixin.py:137} INFO - [2023-04-24T15:16:29.806+0000] {dag.py:3441} INFO - Setting next_dagrun for example_weekday_branch_operator to 2023-04-23T00:00:00+00:00, run_after=2023-04-24T00:00:00+00:00
[2023-04-24T15:16:29.819+0000] {processor.py:175} INFO - Processing /home/airflow/.local/lib/python3.7/site-packages/airflow/example_dags/example_branch_day_of_week_operator.py took 0.094 seconds
[2023-04-24T16:21:51.365+0000] {processor.py:153} INFO - Started process (PID=5102) to work on /home/airflow/.local/lib/python3.7/site-packages/airflow/example_dags/example_branch_day_of_week_operator.py
[2023-04-24T16:21:51.367+0000] {processor.py:743} INFO - Processing file /home/airflow/.local/lib/python3.7/site-packages/airflow/example_dags/example_branch_day_of_week_operator.py for tasks to queue
[2023-04-24T16:21:51.367+0000] {logging_mixin.py:137} INFO - [2023-04-24T16:21:51.367+0000] {dagbag.py:538} INFO - Filling up the DagBag from /home/airflow/.local/lib/python3.7/site-packages/airflow/example_dags/example_branch_day_of_week_operator.py
[2023-04-24T16:21:51.379+0000] {processor.py:753} INFO - DAG(s) dict_keys(['example_weekday_branch_operator']) retrieved from /home/airflow/.local/lib/python3.7/site-packages/airflow/example_dags/example_branch_day_of_week_operator.py
[2023-04-24T16:21:51.404+0000] {logging_mixin.py:137} INFO - [2023-04-24T16:21:51.404+0000] {dag.py:2690} INFO - Sync 1 DAGs
[2023-04-24T16:21:51.420+0000] {logging_mixin.py:137} INFO - [2023-04-24T16:21:51.420+0000] {dag.py:3441} INFO - Setting next_dagrun for example_weekday_branch_operator to 2023-04-23T00:00:00+00:00, run_after=2023-04-24T00:00:00+00:00
[2023-04-24T16:21:51.432+0000] {processor.py:175} INFO - Processing /home/airflow/.local/lib/python3.7/site-packages/airflow/example_dags/example_branch_day_of_week_operator.py took 0.070 seconds
[2023-04-24T17:38:25.719+0000] {processor.py:153} INFO - Started process (PID=5174) to work on /home/airflow/.local/lib/python3.7/site-packages/airflow/example_dags/example_branch_day_of_week_operator.py
[2023-04-24T17:38:25.720+0000] {processor.py:743} INFO - Processing file /home/airflow/.local/lib/python3.7/site-packages/airflow/example_dags/example_branch_day_of_week_operator.py for tasks to queue
[2023-04-24T17:38:25.721+0000] {logging_mixin.py:137} INFO - [2023-04-24T17:38:25.721+0000] {dagbag.py:538} INFO - Filling up the DagBag from /home/airflow/.local/lib/python3.7/site-packages/airflow/example_dags/example_branch_day_of_week_operator.py
[2023-04-24T17:38:25.734+0000] {processor.py:753} INFO - DAG(s) dict_keys(['example_weekday_branch_operator']) retrieved from /home/airflow/.local/lib/python3.7/site-packages/airflow/example_dags/example_branch_day_of_week_operator.py
[2023-04-24T17:38:25.758+0000] {logging_mixin.py:137} INFO - [2023-04-24T17:38:25.758+0000] {dag.py:2690} INFO - Sync 1 DAGs
[2023-04-24T17:38:25.793+0000] {logging_mixin.py:137} INFO - [2023-04-24T17:38:25.793+0000] {dag.py:3441} INFO - Setting next_dagrun for example_weekday_branch_operator to 2023-04-23T00:00:00+00:00, run_after=2023-04-24T00:00:00+00:00
[2023-04-24T17:38:25.811+0000] {processor.py:175} INFO - Processing /home/airflow/.local/lib/python3.7/site-packages/airflow/example_dags/example_branch_day_of_week_operator.py took 0.094 seconds
[2023-04-24T18:45:22.383+0000] {processor.py:153} INFO - Started process (PID=5241) to work on /home/airflow/.local/lib/python3.7/site-packages/airflow/example_dags/example_branch_day_of_week_operator.py
[2023-04-24T18:45:22.384+0000] {processor.py:743} INFO - Processing file /home/airflow/.local/lib/python3.7/site-packages/airflow/example_dags/example_branch_day_of_week_operator.py for tasks to queue
[2023-04-24T18:45:22.385+0000] {logging_mixin.py:137} INFO - [2023-04-24T18:45:22.385+0000] {dagbag.py:538} INFO - Filling up the DagBag from /home/airflow/.local/lib/python3.7/site-packages/airflow/example_dags/example_branch_day_of_week_operator.py
[2023-04-24T18:45:22.397+0000] {processor.py:753} INFO - DAG(s) dict_keys(['example_weekday_branch_operator']) retrieved from /home/airflow/.local/lib/python3.7/site-packages/airflow/example_dags/example_branch_day_of_week_operator.py
[2023-04-24T18:45:22.419+0000] {logging_mixin.py:137} INFO - [2023-04-24T18:45:22.419+0000] {dag.py:2690} INFO - Sync 1 DAGs
[2023-04-24T18:45:22.436+0000] {logging_mixin.py:137} INFO - [2023-04-24T18:45:22.435+0000] {dag.py:3441} INFO - Setting next_dagrun for example_weekday_branch_operator to 2023-04-23T00:00:00+00:00, run_after=2023-04-24T00:00:00+00:00
[2023-04-24T18:45:22.447+0000] {processor.py:175} INFO - Processing /home/airflow/.local/lib/python3.7/site-packages/airflow/example_dags/example_branch_day_of_week_operator.py took 0.066 seconds
[2023-04-24T19:49:27.314+0000] {processor.py:153} INFO - Started process (PID=5317) to work on /home/airflow/.local/lib/python3.7/site-packages/airflow/example_dags/example_branch_day_of_week_operator.py
[2023-04-24T19:49:27.315+0000] {processor.py:743} INFO - Processing file /home/airflow/.local/lib/python3.7/site-packages/airflow/example_dags/example_branch_day_of_week_operator.py for tasks to queue
[2023-04-24T19:49:27.316+0000] {logging_mixin.py:137} INFO - [2023-04-24T19:49:27.316+0000] {dagbag.py:538} INFO - Filling up the DagBag from /home/airflow/.local/lib/python3.7/site-packages/airflow/example_dags/example_branch_day_of_week_operator.py
[2023-04-24T19:49:27.329+0000] {processor.py:753} INFO - DAG(s) dict_keys(['example_weekday_branch_operator']) retrieved from /home/airflow/.local/lib/python3.7/site-packages/airflow/example_dags/example_branch_day_of_week_operator.py
[2023-04-24T19:49:27.350+0000] {logging_mixin.py:137} INFO - [2023-04-24T19:49:27.350+0000] {dag.py:2690} INFO - Sync 1 DAGs
[2023-04-24T19:49:27.366+0000] {logging_mixin.py:137} INFO - [2023-04-24T19:49:27.366+0000] {dag.py:3441} INFO - Setting next_dagrun for example_weekday_branch_operator to 2023-04-23T00:00:00+00:00, run_after=2023-04-24T00:00:00+00:00
[2023-04-24T19:49:27.378+0000] {processor.py:175} INFO - Processing /home/airflow/.local/lib/python3.7/site-packages/airflow/example_dags/example_branch_day_of_week_operator.py took 0.068 seconds
[2023-04-24T20:25:35.563+0000] {processor.py:153} INFO - Started process (PID=5393) to work on /home/airflow/.local/lib/python3.7/site-packages/airflow/example_dags/example_branch_day_of_week_operator.py
[2023-04-24T20:25:35.565+0000] {processor.py:743} INFO - Processing file /home/airflow/.local/lib/python3.7/site-packages/airflow/example_dags/example_branch_day_of_week_operator.py for tasks to queue
[2023-04-24T20:25:35.566+0000] {logging_mixin.py:137} INFO - [2023-04-24T20:25:35.566+0000] {dagbag.py:538} INFO - Filling up the DagBag from /home/airflow/.local/lib/python3.7/site-packages/airflow/example_dags/example_branch_day_of_week_operator.py
[2023-04-24T20:25:35.580+0000] {processor.py:753} INFO - DAG(s) dict_keys(['example_weekday_branch_operator']) retrieved from /home/airflow/.local/lib/python3.7/site-packages/airflow/example_dags/example_branch_day_of_week_operator.py
[2023-04-24T20:25:35.601+0000] {logging_mixin.py:137} INFO - [2023-04-24T20:25:35.601+0000] {dag.py:2690} INFO - Sync 1 DAGs
[2023-04-24T20:25:35.619+0000] {logging_mixin.py:137} INFO - [2023-04-24T20:25:35.619+0000] {dag.py:3441} INFO - Setting next_dagrun for example_weekday_branch_operator to 2023-04-23T00:00:00+00:00, run_after=2023-04-24T00:00:00+00:00
[2023-04-24T20:25:35.634+0000] {processor.py:175} INFO - Processing /home/airflow/.local/lib/python3.7/site-packages/airflow/example_dags/example_branch_day_of_week_operator.py took 0.074 seconds
[2023-04-24T21:31:04.727+0000] {processor.py:153} INFO - Started process (PID=5457) to work on /home/airflow/.local/lib/python3.7/site-packages/airflow/example_dags/example_branch_day_of_week_operator.py
[2023-04-24T21:31:04.729+0000] {processor.py:743} INFO - Processing file /home/airflow/.local/lib/python3.7/site-packages/airflow/example_dags/example_branch_day_of_week_operator.py for tasks to queue
[2023-04-24T21:31:04.730+0000] {logging_mixin.py:137} INFO - [2023-04-24T21:31:04.730+0000] {dagbag.py:538} INFO - Filling up the DagBag from /home/airflow/.local/lib/python3.7/site-packages/airflow/example_dags/example_branch_day_of_week_operator.py
[2023-04-24T21:31:04.743+0000] {processor.py:753} INFO - DAG(s) dict_keys(['example_weekday_branch_operator']) retrieved from /home/airflow/.local/lib/python3.7/site-packages/airflow/example_dags/example_branch_day_of_week_operator.py
[2023-04-24T21:31:04.771+0000] {logging_mixin.py:137} INFO - [2023-04-24T21:31:04.771+0000] {dag.py:2690} INFO - Sync 1 DAGs
[2023-04-24T21:31:04.791+0000] {logging_mixin.py:137} INFO - [2023-04-24T21:31:04.791+0000] {dag.py:3441} INFO - Setting next_dagrun for example_weekday_branch_operator to 2023-04-23T00:00:00+00:00, run_after=2023-04-24T00:00:00+00:00
[2023-04-24T21:31:04.804+0000] {processor.py:175} INFO - Processing /home/airflow/.local/lib/python3.7/site-packages/airflow/example_dags/example_branch_day_of_week_operator.py took 0.081 seconds
[2023-04-24T22:36:53.055+0000] {processor.py:153} INFO - Started process (PID=5534) to work on /home/airflow/.local/lib/python3.7/site-packages/airflow/example_dags/example_branch_day_of_week_operator.py
[2023-04-24T22:36:53.056+0000] {processor.py:743} INFO - Processing file /home/airflow/.local/lib/python3.7/site-packages/airflow/example_dags/example_branch_day_of_week_operator.py for tasks to queue
[2023-04-24T22:36:53.057+0000] {logging_mixin.py:137} INFO - [2023-04-24T22:36:53.057+0000] {dagbag.py:538} INFO - Filling up the DagBag from /home/airflow/.local/lib/python3.7/site-packages/airflow/example_dags/example_branch_day_of_week_operator.py
[2023-04-24T22:36:53.070+0000] {processor.py:753} INFO - DAG(s) dict_keys(['example_weekday_branch_operator']) retrieved from /home/airflow/.local/lib/python3.7/site-packages/airflow/example_dags/example_branch_day_of_week_operator.py
[2023-04-24T22:36:53.092+0000] {logging_mixin.py:137} INFO - [2023-04-24T22:36:53.091+0000] {dag.py:2690} INFO - Sync 1 DAGs
[2023-04-24T22:36:53.109+0000] {logging_mixin.py:137} INFO - [2023-04-24T22:36:53.109+0000] {dag.py:3441} INFO - Setting next_dagrun for example_weekday_branch_operator to 2023-04-23T00:00:00+00:00, run_after=2023-04-24T00:00:00+00:00
[2023-04-24T22:36:53.123+0000] {processor.py:175} INFO - Processing /home/airflow/.local/lib/python3.7/site-packages/airflow/example_dags/example_branch_day_of_week_operator.py took 0.070 seconds
