[2023-04-24T12:36:34.143+0000] {processor.py:153} INFO - Started process (PID=201) to work on /home/airflow/.local/lib/python3.7/site-packages/airflow/example_dags/example_sla_dag.py
[2023-04-24T12:36:34.163+0000] {processor.py:743} INFO - Processing file /home/airflow/.local/lib/python3.7/site-packages/airflow/example_dags/example_sla_dag.py for tasks to queue
[2023-04-24T12:36:34.183+0000] {logging_mixin.py:137} INFO - [2023-04-24T12:36:34.183+0000] {dagbag.py:538} INFO - Filling up the DagBag from /home/airflow/.local/lib/python3.7/site-packages/airflow/example_dags/example_sla_dag.py
[2023-04-24T12:36:35.266+0000] {processor.py:753} INFO - DAG(s) dict_keys(['example_sla_dag']) retrieved from /home/airflow/.local/lib/python3.7/site-packages/airflow/example_dags/example_sla_dag.py
[2023-04-24T12:36:35.708+0000] {logging_mixin.py:137} INFO - [2023-04-24T12:36:35.707+0000] {dag.py:2690} INFO - Sync 1 DAGs
[2023-04-24T12:36:36.473+0000] {logging_mixin.py:137} INFO - [2023-04-24T12:36:36.473+0000] {dag.py:2711} INFO - Creating ORM DAG for example_sla_dag
[2023-04-24T12:36:36.802+0000] {logging_mixin.py:137} INFO - [2023-04-24T12:36:36.802+0000] {dag.py:3441} INFO - Setting next_dagrun for example_sla_dag to 2023-04-24T12:34:00+00:00, run_after=2023-04-24T12:36:00+00:00
[2023-04-24T12:36:37.404+0000] {processor.py:175} INFO - Processing /home/airflow/.local/lib/python3.7/site-packages/airflow/example_dags/example_sla_dag.py took 3.341 seconds
[2023-04-24T12:40:12.715+0000] {processor.py:153} INFO - Started process (PID=334) to work on /home/airflow/.local/lib/python3.7/site-packages/airflow/example_dags/example_sla_dag.py
[2023-04-24T12:40:12.748+0000] {processor.py:743} INFO - Processing file /home/airflow/.local/lib/python3.7/site-packages/airflow/example_dags/example_sla_dag.py for tasks to queue
[2023-04-24T12:40:12.763+0000] {logging_mixin.py:137} INFO - [2023-04-24T12:40:12.763+0000] {dagbag.py:538} INFO - Filling up the DagBag from /home/airflow/.local/lib/python3.7/site-packages/airflow/example_dags/example_sla_dag.py
[2023-04-24T12:40:13.201+0000] {processor.py:753} INFO - DAG(s) dict_keys(['example_sla_dag']) retrieved from /home/airflow/.local/lib/python3.7/site-packages/airflow/example_dags/example_sla_dag.py
[2023-04-24T12:40:13.457+0000] {logging_mixin.py:137} INFO - [2023-04-24T12:40:13.457+0000] {dag.py:2690} INFO - Sync 1 DAGs
[2023-04-24T12:40:13.835+0000] {logging_mixin.py:137} INFO - [2023-04-24T12:40:13.835+0000] {dag.py:3441} INFO - Setting next_dagrun for example_sla_dag to 2023-04-24T12:38:00+00:00, run_after=2023-04-24T12:40:00+00:00
[2023-04-24T12:40:14.107+0000] {processor.py:175} INFO - Processing /home/airflow/.local/lib/python3.7/site-packages/airflow/example_dags/example_sla_dag.py took 1.396 seconds
[2023-04-24T12:41:26.941+0000] {processor.py:153} INFO - Started process (PID=403) to work on /home/airflow/.local/lib/python3.7/site-packages/airflow/example_dags/example_sla_dag.py
[2023-04-24T12:41:26.975+0000] {processor.py:743} INFO - Processing file /home/airflow/.local/lib/python3.7/site-packages/airflow/example_dags/example_sla_dag.py for tasks to queue
[2023-04-24T12:41:26.979+0000] {logging_mixin.py:137} INFO - [2023-04-24T12:41:26.979+0000] {dagbag.py:538} INFO - Filling up the DagBag from /home/airflow/.local/lib/python3.7/site-packages/airflow/example_dags/example_sla_dag.py
[2023-04-24T12:41:27.637+0000] {processor.py:753} INFO - DAG(s) dict_keys(['example_sla_dag']) retrieved from /home/airflow/.local/lib/python3.7/site-packages/airflow/example_dags/example_sla_dag.py
[2023-04-24T12:41:28.013+0000] {logging_mixin.py:137} INFO - [2023-04-24T12:41:28.013+0000] {dag.py:2690} INFO - Sync 1 DAGs
[2023-04-24T12:41:28.459+0000] {logging_mixin.py:137} INFO - [2023-04-24T12:41:28.458+0000] {dag.py:3441} INFO - Setting next_dagrun for example_sla_dag to 2023-04-24T12:38:00+00:00, run_after=2023-04-24T12:40:00+00:00
[2023-04-24T12:41:28.943+0000] {processor.py:175} INFO - Processing /home/airflow/.local/lib/python3.7/site-packages/airflow/example_dags/example_sla_dag.py took 2.040 seconds
[2023-04-24T12:42:11.081+0000] {processor.py:153} INFO - Started process (PID=465) to work on /home/airflow/.local/lib/python3.7/site-packages/airflow/example_dags/example_sla_dag.py
[2023-04-24T12:42:11.083+0000] {processor.py:743} INFO - Processing file /home/airflow/.local/lib/python3.7/site-packages/airflow/example_dags/example_sla_dag.py for tasks to queue
[2023-04-24T12:42:11.086+0000] {logging_mixin.py:137} INFO - [2023-04-24T12:42:11.085+0000] {dagbag.py:538} INFO - Filling up the DagBag from /home/airflow/.local/lib/python3.7/site-packages/airflow/example_dags/example_sla_dag.py
[2023-04-24T12:42:13.590+0000] {processor.py:753} INFO - DAG(s) dict_keys(['example_sla_dag']) retrieved from /home/airflow/.local/lib/python3.7/site-packages/airflow/example_dags/example_sla_dag.py
[2023-04-24T12:42:14.200+0000] {logging_mixin.py:137} INFO - [2023-04-24T12:42:14.200+0000] {dag.py:2690} INFO - Sync 1 DAGs
[2023-04-24T12:42:15.010+0000] {logging_mixin.py:137} INFO - [2023-04-24T12:42:15.010+0000] {dag.py:3441} INFO - Setting next_dagrun for example_sla_dag to 2023-04-24T12:40:00+00:00, run_after=2023-04-24T12:42:00+00:00
[2023-04-24T12:42:15.306+0000] {processor.py:175} INFO - Processing /home/airflow/.local/lib/python3.7/site-packages/airflow/example_dags/example_sla_dag.py took 4.230 seconds
[2023-04-24T12:44:15.092+0000] {processor.py:153} INFO - Started process (PID=544) to work on /home/airflow/.local/lib/python3.7/site-packages/airflow/example_dags/example_sla_dag.py
[2023-04-24T12:44:15.124+0000] {processor.py:743} INFO - Processing file /home/airflow/.local/lib/python3.7/site-packages/airflow/example_dags/example_sla_dag.py for tasks to queue
[2023-04-24T12:44:15.143+0000] {logging_mixin.py:137} INFO - [2023-04-24T12:44:15.134+0000] {dagbag.py:538} INFO - Filling up the DagBag from /home/airflow/.local/lib/python3.7/site-packages/airflow/example_dags/example_sla_dag.py
[2023-04-24T12:44:26.968+0000] {processor.py:753} INFO - DAG(s) dict_keys(['example_sla_dag']) retrieved from /home/airflow/.local/lib/python3.7/site-packages/airflow/example_dags/example_sla_dag.py
[2023-04-24T12:44:31.375+0000] {logging_mixin.py:137} INFO - [2023-04-24T12:44:31.375+0000] {dag.py:2690} INFO - Sync 1 DAGs
[2023-04-24T12:44:32.537+0000] {logging_mixin.py:137} INFO - [2023-04-24T12:44:32.537+0000] {dag.py:3441} INFO - Setting next_dagrun for example_sla_dag to 2023-04-24T12:42:00+00:00, run_after=2023-04-24T12:44:00+00:00
[2023-04-24T12:44:33.317+0000] {processor.py:175} INFO - Processing /home/airflow/.local/lib/python3.7/site-packages/airflow/example_dags/example_sla_dag.py took 18.364 seconds
[2023-04-24T12:47:45.442+0000] {processor.py:153} INFO - Started process (PID=636) to work on /home/airflow/.local/lib/python3.7/site-packages/airflow/example_dags/example_sla_dag.py
[2023-04-24T12:47:45.452+0000] {processor.py:743} INFO - Processing file /home/airflow/.local/lib/python3.7/site-packages/airflow/example_dags/example_sla_dag.py for tasks to queue
[2023-04-24T12:47:45.489+0000] {logging_mixin.py:137} INFO - [2023-04-24T12:47:45.489+0000] {dagbag.py:538} INFO - Filling up the DagBag from /home/airflow/.local/lib/python3.7/site-packages/airflow/example_dags/example_sla_dag.py
[2023-04-24T12:47:46.098+0000] {processor.py:753} INFO - DAG(s) dict_keys(['example_sla_dag']) retrieved from /home/airflow/.local/lib/python3.7/site-packages/airflow/example_dags/example_sla_dag.py
[2023-04-24T12:47:46.333+0000] {logging_mixin.py:137} INFO - [2023-04-24T12:47:46.332+0000] {dag.py:2690} INFO - Sync 1 DAGs
[2023-04-24T12:47:46.606+0000] {logging_mixin.py:137} INFO - [2023-04-24T12:47:46.598+0000] {dag.py:3441} INFO - Setting next_dagrun for example_sla_dag to 2023-04-24T12:44:00+00:00, run_after=2023-04-24T12:46:00+00:00
[2023-04-24T12:47:46.848+0000] {processor.py:175} INFO - Processing /home/airflow/.local/lib/python3.7/site-packages/airflow/example_dags/example_sla_dag.py took 1.493 seconds
[2023-04-24T12:49:01.308+0000] {processor.py:153} INFO - Started process (PID=699) to work on /home/airflow/.local/lib/python3.7/site-packages/airflow/example_dags/example_sla_dag.py
[2023-04-24T12:49:01.342+0000] {processor.py:743} INFO - Processing file /home/airflow/.local/lib/python3.7/site-packages/airflow/example_dags/example_sla_dag.py for tasks to queue
[2023-04-24T12:49:01.361+0000] {logging_mixin.py:137} INFO - [2023-04-24T12:49:01.361+0000] {dagbag.py:538} INFO - Filling up the DagBag from /home/airflow/.local/lib/python3.7/site-packages/airflow/example_dags/example_sla_dag.py
[2023-04-24T12:49:06.359+0000] {processor.py:753} INFO - DAG(s) dict_keys(['example_sla_dag']) retrieved from /home/airflow/.local/lib/python3.7/site-packages/airflow/example_dags/example_sla_dag.py
[2023-04-24T12:49:10.219+0000] {logging_mixin.py:137} INFO - [2023-04-24T12:49:10.218+0000] {dag.py:2690} INFO - Sync 1 DAGs
[2023-04-24T12:49:11.151+0000] {logging_mixin.py:137} INFO - [2023-04-24T12:49:11.151+0000] {dag.py:3441} INFO - Setting next_dagrun for example_sla_dag to 2023-04-24T12:46:00+00:00, run_after=2023-04-24T12:48:00+00:00
[2023-04-24T12:49:12.975+0000] {processor.py:175} INFO - Processing /home/airflow/.local/lib/python3.7/site-packages/airflow/example_dags/example_sla_dag.py took 11.690 seconds
[2023-04-24T12:56:34.557+0000] {processor.py:153} INFO - Started process (PID=918) to work on /home/airflow/.local/lib/python3.7/site-packages/airflow/example_dags/example_sla_dag.py
[2023-04-24T12:56:34.568+0000] {processor.py:743} INFO - Processing file /home/airflow/.local/lib/python3.7/site-packages/airflow/example_dags/example_sla_dag.py for tasks to queue
[2023-04-24T12:56:34.577+0000] {logging_mixin.py:137} INFO - [2023-04-24T12:56:34.572+0000] {dagbag.py:538} INFO - Filling up the DagBag from /home/airflow/.local/lib/python3.7/site-packages/airflow/example_dags/example_sla_dag.py
[2023-04-24T12:56:34.891+0000] {processor.py:753} INFO - DAG(s) dict_keys(['example_sla_dag']) retrieved from /home/airflow/.local/lib/python3.7/site-packages/airflow/example_dags/example_sla_dag.py
[2023-04-24T12:56:35.173+0000] {logging_mixin.py:137} INFO - [2023-04-24T12:56:35.172+0000] {dag.py:2690} INFO - Sync 1 DAGs
[2023-04-24T12:56:35.561+0000] {logging_mixin.py:137} INFO - [2023-04-24T12:56:35.561+0000] {dag.py:3441} INFO - Setting next_dagrun for example_sla_dag to 2023-04-24T12:54:00+00:00, run_after=2023-04-24T12:56:00+00:00
[2023-04-24T12:56:35.760+0000] {processor.py:175} INFO - Processing /home/airflow/.local/lib/python3.7/site-packages/airflow/example_dags/example_sla_dag.py took 1.229 seconds
[2023-04-24T12:58:03.641+0000] {processor.py:153} INFO - Started process (PID=981) to work on /home/airflow/.local/lib/python3.7/site-packages/airflow/example_dags/example_sla_dag.py
[2023-04-24T12:58:03.683+0000] {processor.py:743} INFO - Processing file /home/airflow/.local/lib/python3.7/site-packages/airflow/example_dags/example_sla_dag.py for tasks to queue
[2023-04-24T12:58:03.695+0000] {logging_mixin.py:137} INFO - [2023-04-24T12:58:03.695+0000] {dagbag.py:538} INFO - Filling up the DagBag from /home/airflow/.local/lib/python3.7/site-packages/airflow/example_dags/example_sla_dag.py
[2023-04-24T12:58:04.233+0000] {processor.py:753} INFO - DAG(s) dict_keys(['example_sla_dag']) retrieved from /home/airflow/.local/lib/python3.7/site-packages/airflow/example_dags/example_sla_dag.py
[2023-04-24T12:58:04.599+0000] {logging_mixin.py:137} INFO - [2023-04-24T12:58:04.599+0000] {dag.py:2690} INFO - Sync 1 DAGs
[2023-04-24T12:58:04.967+0000] {logging_mixin.py:137} INFO - [2023-04-24T12:58:04.967+0000] {dag.py:3441} INFO - Setting next_dagrun for example_sla_dag to 2023-04-24T12:56:00+00:00, run_after=2023-04-24T12:58:00+00:00
[2023-04-24T12:58:05.254+0000] {processor.py:175} INFO - Processing /home/airflow/.local/lib/python3.7/site-packages/airflow/example_dags/example_sla_dag.py took 1.666 seconds
[2023-04-24T13:00:03.183+0000] {processor.py:153} INFO - Started process (PID=1060) to work on /home/airflow/.local/lib/python3.7/site-packages/airflow/example_dags/example_sla_dag.py
[2023-04-24T13:00:03.185+0000] {processor.py:743} INFO - Processing file /home/airflow/.local/lib/python3.7/site-packages/airflow/example_dags/example_sla_dag.py for tasks to queue
[2023-04-24T13:00:03.200+0000] {logging_mixin.py:137} INFO - [2023-04-24T13:00:03.200+0000] {dagbag.py:538} INFO - Filling up the DagBag from /home/airflow/.local/lib/python3.7/site-packages/airflow/example_dags/example_sla_dag.py
[2023-04-24T13:00:11.785+0000] {processor.py:753} INFO - DAG(s) dict_keys(['example_sla_dag']) retrieved from /home/airflow/.local/lib/python3.7/site-packages/airflow/example_dags/example_sla_dag.py
[2023-04-24T13:00:15.887+0000] {logging_mixin.py:137} INFO - [2023-04-24T13:00:15.886+0000] {dag.py:2690} INFO - Sync 1 DAGs
[2023-04-24T13:00:20.681+0000] {logging_mixin.py:137} INFO - [2023-04-24T13:00:20.681+0000] {dag.py:3441} INFO - Setting next_dagrun for example_sla_dag to 2023-04-24T12:58:00+00:00, run_after=2023-04-24T13:00:00+00:00
[2023-04-24T13:00:24.535+0000] {processor.py:175} INFO - Processing /home/airflow/.local/lib/python3.7/site-packages/airflow/example_dags/example_sla_dag.py took 21.356 seconds
[2023-04-24T13:02:18.870+0000] {processor.py:153} INFO - Started process (PID=1146) to work on /home/airflow/.local/lib/python3.7/site-packages/airflow/example_dags/example_sla_dag.py
[2023-04-24T13:02:18.877+0000] {processor.py:743} INFO - Processing file /home/airflow/.local/lib/python3.7/site-packages/airflow/example_dags/example_sla_dag.py for tasks to queue
[2023-04-24T13:02:18.893+0000] {logging_mixin.py:137} INFO - [2023-04-24T13:02:18.893+0000] {dagbag.py:538} INFO - Filling up the DagBag from /home/airflow/.local/lib/python3.7/site-packages/airflow/example_dags/example_sla_dag.py
[2023-04-24T13:02:26.216+0000] {processor.py:753} INFO - DAG(s) dict_keys(['example_sla_dag']) retrieved from /home/airflow/.local/lib/python3.7/site-packages/airflow/example_dags/example_sla_dag.py
[2023-04-24T13:02:31.482+0000] {logging_mixin.py:137} INFO - [2023-04-24T13:02:31.481+0000] {dag.py:2690} INFO - Sync 1 DAGs
[2023-04-24T13:02:39.237+0000] {logging_mixin.py:137} INFO - [2023-04-24T13:02:39.185+0000] {dag.py:3441} INFO - Setting next_dagrun for example_sla_dag to 2023-04-24T13:00:00+00:00, run_after=2023-04-24T13:02:00+00:00
[2023-04-24T13:02:41.026+0000] {processor.py:175} INFO - Processing /home/airflow/.local/lib/python3.7/site-packages/airflow/example_dags/example_sla_dag.py took 22.330 seconds
[2023-04-24T13:04:27.811+0000] {processor.py:153} INFO - Started process (PID=1222) to work on /home/airflow/.local/lib/python3.7/site-packages/airflow/example_dags/example_sla_dag.py
[2023-04-24T13:04:27.827+0000] {processor.py:743} INFO - Processing file /home/airflow/.local/lib/python3.7/site-packages/airflow/example_dags/example_sla_dag.py for tasks to queue
[2023-04-24T13:04:27.835+0000] {logging_mixin.py:137} INFO - [2023-04-24T13:04:27.831+0000] {dagbag.py:538} INFO - Filling up the DagBag from /home/airflow/.local/lib/python3.7/site-packages/airflow/example_dags/example_sla_dag.py
[2023-04-24T13:04:27.938+0000] {processor.py:753} INFO - DAG(s) dict_keys(['example_sla_dag']) retrieved from /home/airflow/.local/lib/python3.7/site-packages/airflow/example_dags/example_sla_dag.py
[2023-04-24T13:04:28.035+0000] {logging_mixin.py:137} INFO - [2023-04-24T13:04:28.034+0000] {dag.py:2690} INFO - Sync 1 DAGs
[2023-04-24T13:04:28.168+0000] {logging_mixin.py:137} INFO - [2023-04-24T13:04:28.167+0000] {dag.py:3441} INFO - Setting next_dagrun for example_sla_dag to 2023-04-24T13:02:00+00:00, run_after=2023-04-24T13:04:00+00:00
[2023-04-24T13:04:28.271+0000] {processor.py:175} INFO - Processing /home/airflow/.local/lib/python3.7/site-packages/airflow/example_dags/example_sla_dag.py took 0.477 seconds
[2023-04-24T13:06:07.522+0000] {processor.py:153} INFO - Started process (PID=1298) to work on /home/airflow/.local/lib/python3.7/site-packages/airflow/example_dags/example_sla_dag.py
[2023-04-24T13:06:07.621+0000] {processor.py:743} INFO - Processing file /home/airflow/.local/lib/python3.7/site-packages/airflow/example_dags/example_sla_dag.py for tasks to queue
[2023-04-24T13:06:07.623+0000] {logging_mixin.py:137} INFO - [2023-04-24T13:06:07.623+0000] {dagbag.py:538} INFO - Filling up the DagBag from /home/airflow/.local/lib/python3.7/site-packages/airflow/example_dags/example_sla_dag.py
[2023-04-24T13:06:28.640+0000] {processor.py:753} INFO - DAG(s) dict_keys(['example_sla_dag']) retrieved from /home/airflow/.local/lib/python3.7/site-packages/airflow/example_dags/example_sla_dag.py
[2023-04-24T13:06:37.674+0000] {logging_mixin.py:137} INFO - [2023-04-24T13:06:37.367+0000] {dag.py:2690} INFO - Sync 1 DAGs
[2023-04-24T13:06:39.319+0000] {logging_mixin.py:137} INFO - [2023-04-24T13:06:39.319+0000] {dag.py:3441} INFO - Setting next_dagrun for example_sla_dag to 2023-04-24T13:04:00+00:00, run_after=2023-04-24T13:06:00+00:00
[2023-04-24T13:06:44.813+0000] {processor.py:175} INFO - Processing /home/airflow/.local/lib/python3.7/site-packages/airflow/example_dags/example_sla_dag.py took 37.469 seconds
[2023-04-24T13:11:48.830+0000] {processor.py:153} INFO - Started process (PID=1469) to work on /home/airflow/.local/lib/python3.7/site-packages/airflow/example_dags/example_sla_dag.py
[2023-04-24T13:11:48.837+0000] {processor.py:743} INFO - Processing file /home/airflow/.local/lib/python3.7/site-packages/airflow/example_dags/example_sla_dag.py for tasks to queue
[2023-04-24T13:11:48.839+0000] {logging_mixin.py:137} INFO - [2023-04-24T13:11:48.839+0000] {dagbag.py:538} INFO - Filling up the DagBag from /home/airflow/.local/lib/python3.7/site-packages/airflow/example_dags/example_sla_dag.py
[2023-04-24T13:11:48.919+0000] {processor.py:753} INFO - DAG(s) dict_keys(['example_sla_dag']) retrieved from /home/airflow/.local/lib/python3.7/site-packages/airflow/example_dags/example_sla_dag.py
[2023-04-24T13:11:48.997+0000] {logging_mixin.py:137} INFO - [2023-04-24T13:11:48.997+0000] {dag.py:2690} INFO - Sync 1 DAGs
[2023-04-24T13:11:49.050+0000] {logging_mixin.py:137} INFO - [2023-04-24T13:11:49.050+0000] {dag.py:3441} INFO - Setting next_dagrun for example_sla_dag to 2023-04-24T13:08:00+00:00, run_after=2023-04-24T13:10:00+00:00
[2023-04-24T13:11:49.113+0000] {processor.py:175} INFO - Processing /home/airflow/.local/lib/python3.7/site-packages/airflow/example_dags/example_sla_dag.py took 0.301 seconds
[2023-04-24T13:12:20.044+0000] {processor.py:153} INFO - Started process (PID=1536) to work on /home/airflow/.local/lib/python3.7/site-packages/airflow/example_dags/example_sla_dag.py
[2023-04-24T13:12:20.046+0000] {processor.py:743} INFO - Processing file /home/airflow/.local/lib/python3.7/site-packages/airflow/example_dags/example_sla_dag.py for tasks to queue
[2023-04-24T13:12:20.048+0000] {logging_mixin.py:137} INFO - [2023-04-24T13:12:20.048+0000] {dagbag.py:538} INFO - Filling up the DagBag from /home/airflow/.local/lib/python3.7/site-packages/airflow/example_dags/example_sla_dag.py
[2023-04-24T13:12:20.068+0000] {processor.py:753} INFO - DAG(s) dict_keys(['example_sla_dag']) retrieved from /home/airflow/.local/lib/python3.7/site-packages/airflow/example_dags/example_sla_dag.py
[2023-04-24T13:12:20.086+0000] {logging_mixin.py:137} INFO - [2023-04-24T13:12:20.085+0000] {dag.py:2690} INFO - Sync 1 DAGs
[2023-04-24T13:12:20.108+0000] {logging_mixin.py:137} INFO - [2023-04-24T13:12:20.108+0000] {dag.py:3441} INFO - Setting next_dagrun for example_sla_dag to 2023-04-24T13:10:00+00:00, run_after=2023-04-24T13:12:00+00:00
[2023-04-24T13:12:20.128+0000] {processor.py:175} INFO - Processing /home/airflow/.local/lib/python3.7/site-packages/airflow/example_dags/example_sla_dag.py took 0.089 seconds
[2023-04-24T13:12:50.512+0000] {processor.py:153} INFO - Started process (PID=1609) to work on /home/airflow/.local/lib/python3.7/site-packages/airflow/example_dags/example_sla_dag.py
[2023-04-24T13:12:50.513+0000] {processor.py:743} INFO - Processing file /home/airflow/.local/lib/python3.7/site-packages/airflow/example_dags/example_sla_dag.py for tasks to queue
[2023-04-24T13:12:50.514+0000] {logging_mixin.py:137} INFO - [2023-04-24T13:12:50.514+0000] {dagbag.py:538} INFO - Filling up the DagBag from /home/airflow/.local/lib/python3.7/site-packages/airflow/example_dags/example_sla_dag.py
[2023-04-24T13:12:50.534+0000] {processor.py:753} INFO - DAG(s) dict_keys(['example_sla_dag']) retrieved from /home/airflow/.local/lib/python3.7/site-packages/airflow/example_dags/example_sla_dag.py
[2023-04-24T13:12:50.561+0000] {logging_mixin.py:137} INFO - [2023-04-24T13:12:50.561+0000] {dag.py:2690} INFO - Sync 1 DAGs
[2023-04-24T13:12:50.582+0000] {logging_mixin.py:137} INFO - [2023-04-24T13:12:50.582+0000] {dag.py:3441} INFO - Setting next_dagrun for example_sla_dag to 2023-04-24T13:10:00+00:00, run_after=2023-04-24T13:12:00+00:00
[2023-04-24T13:12:50.595+0000] {processor.py:175} INFO - Processing /home/airflow/.local/lib/python3.7/site-packages/airflow/example_dags/example_sla_dag.py took 0.087 seconds
[2023-04-24T13:13:20.637+0000] {processor.py:153} INFO - Started process (PID=1676) to work on /home/airflow/.local/lib/python3.7/site-packages/airflow/example_dags/example_sla_dag.py
[2023-04-24T13:13:20.638+0000] {processor.py:743} INFO - Processing file /home/airflow/.local/lib/python3.7/site-packages/airflow/example_dags/example_sla_dag.py for tasks to queue
[2023-04-24T13:13:20.639+0000] {logging_mixin.py:137} INFO - [2023-04-24T13:13:20.639+0000] {dagbag.py:538} INFO - Filling up the DagBag from /home/airflow/.local/lib/python3.7/site-packages/airflow/example_dags/example_sla_dag.py
[2023-04-24T13:13:20.658+0000] {processor.py:753} INFO - DAG(s) dict_keys(['example_sla_dag']) retrieved from /home/airflow/.local/lib/python3.7/site-packages/airflow/example_dags/example_sla_dag.py
[2023-04-24T13:13:20.683+0000] {logging_mixin.py:137} INFO - [2023-04-24T13:13:20.683+0000] {dag.py:2690} INFO - Sync 1 DAGs
[2023-04-24T13:13:20.702+0000] {logging_mixin.py:137} INFO - [2023-04-24T13:13:20.702+0000] {dag.py:3441} INFO - Setting next_dagrun for example_sla_dag to 2023-04-24T13:10:00+00:00, run_after=2023-04-24T13:12:00+00:00
[2023-04-24T13:13:20.718+0000] {processor.py:175} INFO - Processing /home/airflow/.local/lib/python3.7/site-packages/airflow/example_dags/example_sla_dag.py took 0.084 seconds
[2023-04-24T13:13:51.044+0000] {processor.py:153} INFO - Started process (PID=1751) to work on /home/airflow/.local/lib/python3.7/site-packages/airflow/example_dags/example_sla_dag.py
[2023-04-24T13:13:51.046+0000] {processor.py:743} INFO - Processing file /home/airflow/.local/lib/python3.7/site-packages/airflow/example_dags/example_sla_dag.py for tasks to queue
[2023-04-24T13:13:51.047+0000] {logging_mixin.py:137} INFO - [2023-04-24T13:13:51.047+0000] {dagbag.py:538} INFO - Filling up the DagBag from /home/airflow/.local/lib/python3.7/site-packages/airflow/example_dags/example_sla_dag.py
[2023-04-24T13:13:51.068+0000] {processor.py:753} INFO - DAG(s) dict_keys(['example_sla_dag']) retrieved from /home/airflow/.local/lib/python3.7/site-packages/airflow/example_dags/example_sla_dag.py
[2023-04-24T13:13:51.088+0000] {logging_mixin.py:137} INFO - [2023-04-24T13:13:51.088+0000] {dag.py:2690} INFO - Sync 1 DAGs
[2023-04-24T13:13:51.105+0000] {logging_mixin.py:137} INFO - [2023-04-24T13:13:51.105+0000] {dag.py:3441} INFO - Setting next_dagrun for example_sla_dag to 2023-04-24T13:10:00+00:00, run_after=2023-04-24T13:12:00+00:00
[2023-04-24T13:13:51.116+0000] {processor.py:175} INFO - Processing /home/airflow/.local/lib/python3.7/site-packages/airflow/example_dags/example_sla_dag.py took 0.076 seconds
[2023-04-24T13:14:21.232+0000] {processor.py:153} INFO - Started process (PID=1824) to work on /home/airflow/.local/lib/python3.7/site-packages/airflow/example_dags/example_sla_dag.py
[2023-04-24T13:14:21.234+0000] {processor.py:743} INFO - Processing file /home/airflow/.local/lib/python3.7/site-packages/airflow/example_dags/example_sla_dag.py for tasks to queue
[2023-04-24T13:14:21.235+0000] {logging_mixin.py:137} INFO - [2023-04-24T13:14:21.235+0000] {dagbag.py:538} INFO - Filling up the DagBag from /home/airflow/.local/lib/python3.7/site-packages/airflow/example_dags/example_sla_dag.py
[2023-04-24T13:14:21.257+0000] {processor.py:753} INFO - DAG(s) dict_keys(['example_sla_dag']) retrieved from /home/airflow/.local/lib/python3.7/site-packages/airflow/example_dags/example_sla_dag.py
[2023-04-24T13:14:21.283+0000] {logging_mixin.py:137} INFO - [2023-04-24T13:14:21.283+0000] {dag.py:2690} INFO - Sync 1 DAGs
[2023-04-24T13:14:21.304+0000] {logging_mixin.py:137} INFO - [2023-04-24T13:14:21.303+0000] {dag.py:3441} INFO - Setting next_dagrun for example_sla_dag to 2023-04-24T13:12:00+00:00, run_after=2023-04-24T13:14:00+00:00
[2023-04-24T13:14:21.318+0000] {processor.py:175} INFO - Processing /home/airflow/.local/lib/python3.7/site-packages/airflow/example_dags/example_sla_dag.py took 0.090 seconds
[2023-04-24T13:14:51.517+0000] {processor.py:153} INFO - Started process (PID=1891) to work on /home/airflow/.local/lib/python3.7/site-packages/airflow/example_dags/example_sla_dag.py
[2023-04-24T13:14:51.518+0000] {processor.py:743} INFO - Processing file /home/airflow/.local/lib/python3.7/site-packages/airflow/example_dags/example_sla_dag.py for tasks to queue
[2023-04-24T13:14:51.519+0000] {logging_mixin.py:137} INFO - [2023-04-24T13:14:51.519+0000] {dagbag.py:538} INFO - Filling up the DagBag from /home/airflow/.local/lib/python3.7/site-packages/airflow/example_dags/example_sla_dag.py
[2023-04-24T13:14:51.539+0000] {processor.py:753} INFO - DAG(s) dict_keys(['example_sla_dag']) retrieved from /home/airflow/.local/lib/python3.7/site-packages/airflow/example_dags/example_sla_dag.py
[2023-04-24T13:14:51.559+0000] {logging_mixin.py:137} INFO - [2023-04-24T13:14:51.558+0000] {dag.py:2690} INFO - Sync 1 DAGs
[2023-04-24T13:14:51.575+0000] {logging_mixin.py:137} INFO - [2023-04-24T13:14:51.575+0000] {dag.py:3441} INFO - Setting next_dagrun for example_sla_dag to 2023-04-24T13:12:00+00:00, run_after=2023-04-24T13:14:00+00:00
[2023-04-24T13:14:51.588+0000] {processor.py:175} INFO - Processing /home/airflow/.local/lib/python3.7/site-packages/airflow/example_dags/example_sla_dag.py took 0.074 seconds
[2023-04-24T13:15:21.838+0000] {processor.py:153} INFO - Started process (PID=1967) to work on /home/airflow/.local/lib/python3.7/site-packages/airflow/example_dags/example_sla_dag.py
[2023-04-24T13:15:21.840+0000] {processor.py:743} INFO - Processing file /home/airflow/.local/lib/python3.7/site-packages/airflow/example_dags/example_sla_dag.py for tasks to queue
[2023-04-24T13:15:21.841+0000] {logging_mixin.py:137} INFO - [2023-04-24T13:15:21.841+0000] {dagbag.py:538} INFO - Filling up the DagBag from /home/airflow/.local/lib/python3.7/site-packages/airflow/example_dags/example_sla_dag.py
[2023-04-24T13:15:21.860+0000] {processor.py:753} INFO - DAG(s) dict_keys(['example_sla_dag']) retrieved from /home/airflow/.local/lib/python3.7/site-packages/airflow/example_dags/example_sla_dag.py
[2023-04-24T13:15:21.879+0000] {logging_mixin.py:137} INFO - [2023-04-24T13:15:21.879+0000] {dag.py:2690} INFO - Sync 1 DAGs
[2023-04-24T13:15:21.896+0000] {logging_mixin.py:137} INFO - [2023-04-24T13:15:21.896+0000] {dag.py:3441} INFO - Setting next_dagrun for example_sla_dag to 2023-04-24T13:12:00+00:00, run_after=2023-04-24T13:14:00+00:00
[2023-04-24T13:15:21.907+0000] {processor.py:175} INFO - Processing /home/airflow/.local/lib/python3.7/site-packages/airflow/example_dags/example_sla_dag.py took 0.072 seconds
[2023-04-24T13:15:52.159+0000] {processor.py:153} INFO - Started process (PID=2045) to work on /home/airflow/.local/lib/python3.7/site-packages/airflow/example_dags/example_sla_dag.py
[2023-04-24T13:15:52.161+0000] {processor.py:743} INFO - Processing file /home/airflow/.local/lib/python3.7/site-packages/airflow/example_dags/example_sla_dag.py for tasks to queue
[2023-04-24T13:15:52.161+0000] {logging_mixin.py:137} INFO - [2023-04-24T13:15:52.161+0000] {dagbag.py:538} INFO - Filling up the DagBag from /home/airflow/.local/lib/python3.7/site-packages/airflow/example_dags/example_sla_dag.py
[2023-04-24T13:15:52.180+0000] {processor.py:753} INFO - DAG(s) dict_keys(['example_sla_dag']) retrieved from /home/airflow/.local/lib/python3.7/site-packages/airflow/example_dags/example_sla_dag.py
[2023-04-24T13:15:52.203+0000] {logging_mixin.py:137} INFO - [2023-04-24T13:15:52.203+0000] {dag.py:2690} INFO - Sync 1 DAGs
[2023-04-24T13:15:52.224+0000] {logging_mixin.py:137} INFO - [2023-04-24T13:15:52.223+0000] {dag.py:3441} INFO - Setting next_dagrun for example_sla_dag to 2023-04-24T13:12:00+00:00, run_after=2023-04-24T13:14:00+00:00
[2023-04-24T13:15:52.238+0000] {processor.py:175} INFO - Processing /home/airflow/.local/lib/python3.7/site-packages/airflow/example_dags/example_sla_dag.py took 0.082 seconds
[2023-04-24T13:16:22.572+0000] {processor.py:153} INFO - Started process (PID=2111) to work on /home/airflow/.local/lib/python3.7/site-packages/airflow/example_dags/example_sla_dag.py
[2023-04-24T13:16:22.573+0000] {processor.py:743} INFO - Processing file /home/airflow/.local/lib/python3.7/site-packages/airflow/example_dags/example_sla_dag.py for tasks to queue
[2023-04-24T13:16:22.574+0000] {logging_mixin.py:137} INFO - [2023-04-24T13:16:22.574+0000] {dagbag.py:538} INFO - Filling up the DagBag from /home/airflow/.local/lib/python3.7/site-packages/airflow/example_dags/example_sla_dag.py
[2023-04-24T13:16:22.592+0000] {processor.py:753} INFO - DAG(s) dict_keys(['example_sla_dag']) retrieved from /home/airflow/.local/lib/python3.7/site-packages/airflow/example_dags/example_sla_dag.py
[2023-04-24T13:16:22.610+0000] {logging_mixin.py:137} INFO - [2023-04-24T13:16:22.610+0000] {dag.py:2690} INFO - Sync 1 DAGs
[2023-04-24T13:16:22.632+0000] {logging_mixin.py:137} INFO - [2023-04-24T13:16:22.632+0000] {dag.py:3441} INFO - Setting next_dagrun for example_sla_dag to 2023-04-24T13:14:00+00:00, run_after=2023-04-24T13:16:00+00:00
[2023-04-24T13:16:22.644+0000] {processor.py:175} INFO - Processing /home/airflow/.local/lib/python3.7/site-packages/airflow/example_dags/example_sla_dag.py took 0.074 seconds
[2023-04-24T13:16:53.193+0000] {processor.py:153} INFO - Started process (PID=2186) to work on /home/airflow/.local/lib/python3.7/site-packages/airflow/example_dags/example_sla_dag.py
[2023-04-24T13:16:53.194+0000] {processor.py:743} INFO - Processing file /home/airflow/.local/lib/python3.7/site-packages/airflow/example_dags/example_sla_dag.py for tasks to queue
[2023-04-24T13:16:53.195+0000] {logging_mixin.py:137} INFO - [2023-04-24T13:16:53.195+0000] {dagbag.py:538} INFO - Filling up the DagBag from /home/airflow/.local/lib/python3.7/site-packages/airflow/example_dags/example_sla_dag.py
[2023-04-24T13:16:53.217+0000] {processor.py:753} INFO - DAG(s) dict_keys(['example_sla_dag']) retrieved from /home/airflow/.local/lib/python3.7/site-packages/airflow/example_dags/example_sla_dag.py
[2023-04-24T13:16:53.238+0000] {logging_mixin.py:137} INFO - [2023-04-24T13:16:53.237+0000] {dag.py:2690} INFO - Sync 1 DAGs
[2023-04-24T13:16:53.254+0000] {logging_mixin.py:137} INFO - [2023-04-24T13:16:53.253+0000] {dag.py:3441} INFO - Setting next_dagrun for example_sla_dag to 2023-04-24T13:14:00+00:00, run_after=2023-04-24T13:16:00+00:00
[2023-04-24T13:16:53.265+0000] {processor.py:175} INFO - Processing /home/airflow/.local/lib/python3.7/site-packages/airflow/example_dags/example_sla_dag.py took 0.077 seconds
[2023-04-24T13:17:23.708+0000] {processor.py:153} INFO - Started process (PID=2262) to work on /home/airflow/.local/lib/python3.7/site-packages/airflow/example_dags/example_sla_dag.py
[2023-04-24T13:17:23.710+0000] {processor.py:743} INFO - Processing file /home/airflow/.local/lib/python3.7/site-packages/airflow/example_dags/example_sla_dag.py for tasks to queue
[2023-04-24T13:17:23.711+0000] {logging_mixin.py:137} INFO - [2023-04-24T13:17:23.711+0000] {dagbag.py:538} INFO - Filling up the DagBag from /home/airflow/.local/lib/python3.7/site-packages/airflow/example_dags/example_sla_dag.py
[2023-04-24T13:17:23.733+0000] {processor.py:753} INFO - DAG(s) dict_keys(['example_sla_dag']) retrieved from /home/airflow/.local/lib/python3.7/site-packages/airflow/example_dags/example_sla_dag.py
[2023-04-24T13:17:23.753+0000] {logging_mixin.py:137} INFO - [2023-04-24T13:17:23.753+0000] {dag.py:2690} INFO - Sync 1 DAGs
[2023-04-24T13:17:23.771+0000] {logging_mixin.py:137} INFO - [2023-04-24T13:17:23.770+0000] {dag.py:3441} INFO - Setting next_dagrun for example_sla_dag to 2023-04-24T13:14:00+00:00, run_after=2023-04-24T13:16:00+00:00
[2023-04-24T13:17:23.782+0000] {processor.py:175} INFO - Processing /home/airflow/.local/lib/python3.7/site-packages/airflow/example_dags/example_sla_dag.py took 0.078 seconds
[2023-04-24T13:17:54.126+0000] {processor.py:153} INFO - Started process (PID=2326) to work on /home/airflow/.local/lib/python3.7/site-packages/airflow/example_dags/example_sla_dag.py
[2023-04-24T13:17:54.128+0000] {processor.py:743} INFO - Processing file /home/airflow/.local/lib/python3.7/site-packages/airflow/example_dags/example_sla_dag.py for tasks to queue
[2023-04-24T13:17:54.129+0000] {logging_mixin.py:137} INFO - [2023-04-24T13:17:54.129+0000] {dagbag.py:538} INFO - Filling up the DagBag from /home/airflow/.local/lib/python3.7/site-packages/airflow/example_dags/example_sla_dag.py
[2023-04-24T13:17:54.151+0000] {processor.py:753} INFO - DAG(s) dict_keys(['example_sla_dag']) retrieved from /home/airflow/.local/lib/python3.7/site-packages/airflow/example_dags/example_sla_dag.py
[2023-04-24T13:17:54.172+0000] {logging_mixin.py:137} INFO - [2023-04-24T13:17:54.172+0000] {dag.py:2690} INFO - Sync 1 DAGs
[2023-04-24T13:17:54.189+0000] {logging_mixin.py:137} INFO - [2023-04-24T13:17:54.189+0000] {dag.py:3441} INFO - Setting next_dagrun for example_sla_dag to 2023-04-24T13:14:00+00:00, run_after=2023-04-24T13:16:00+00:00
[2023-04-24T13:17:54.200+0000] {processor.py:175} INFO - Processing /home/airflow/.local/lib/python3.7/site-packages/airflow/example_dags/example_sla_dag.py took 0.079 seconds
[2023-04-24T13:18:24.412+0000] {processor.py:153} INFO - Started process (PID=2402) to work on /home/airflow/.local/lib/python3.7/site-packages/airflow/example_dags/example_sla_dag.py
[2023-04-24T13:18:24.413+0000] {processor.py:743} INFO - Processing file /home/airflow/.local/lib/python3.7/site-packages/airflow/example_dags/example_sla_dag.py for tasks to queue
[2023-04-24T13:18:24.414+0000] {logging_mixin.py:137} INFO - [2023-04-24T13:18:24.414+0000] {dagbag.py:538} INFO - Filling up the DagBag from /home/airflow/.local/lib/python3.7/site-packages/airflow/example_dags/example_sla_dag.py
[2023-04-24T13:18:24.430+0000] {processor.py:753} INFO - DAG(s) dict_keys(['example_sla_dag']) retrieved from /home/airflow/.local/lib/python3.7/site-packages/airflow/example_dags/example_sla_dag.py
[2023-04-24T13:18:24.450+0000] {logging_mixin.py:137} INFO - [2023-04-24T13:18:24.450+0000] {dag.py:2690} INFO - Sync 1 DAGs
[2023-04-24T13:18:24.469+0000] {logging_mixin.py:137} INFO - [2023-04-24T13:18:24.468+0000] {dag.py:3441} INFO - Setting next_dagrun for example_sla_dag to 2023-04-24T13:16:00+00:00, run_after=2023-04-24T13:18:00+00:00
[2023-04-24T13:18:24.486+0000] {processor.py:175} INFO - Processing /home/airflow/.local/lib/python3.7/site-packages/airflow/example_dags/example_sla_dag.py took 0.077 seconds
[2023-04-24T13:18:54.591+0000] {processor.py:153} INFO - Started process (PID=2478) to work on /home/airflow/.local/lib/python3.7/site-packages/airflow/example_dags/example_sla_dag.py
[2023-04-24T13:18:54.593+0000] {processor.py:743} INFO - Processing file /home/airflow/.local/lib/python3.7/site-packages/airflow/example_dags/example_sla_dag.py for tasks to queue
[2023-04-24T13:18:54.594+0000] {logging_mixin.py:137} INFO - [2023-04-24T13:18:54.594+0000] {dagbag.py:538} INFO - Filling up the DagBag from /home/airflow/.local/lib/python3.7/site-packages/airflow/example_dags/example_sla_dag.py
[2023-04-24T13:18:54.615+0000] {processor.py:753} INFO - DAG(s) dict_keys(['example_sla_dag']) retrieved from /home/airflow/.local/lib/python3.7/site-packages/airflow/example_dags/example_sla_dag.py
[2023-04-24T13:18:54.636+0000] {logging_mixin.py:137} INFO - [2023-04-24T13:18:54.636+0000] {dag.py:2690} INFO - Sync 1 DAGs
[2023-04-24T13:18:54.652+0000] {logging_mixin.py:137} INFO - [2023-04-24T13:18:54.652+0000] {dag.py:3441} INFO - Setting next_dagrun for example_sla_dag to 2023-04-24T13:16:00+00:00, run_after=2023-04-24T13:18:00+00:00
[2023-04-24T13:18:54.664+0000] {processor.py:175} INFO - Processing /home/airflow/.local/lib/python3.7/site-packages/airflow/example_dags/example_sla_dag.py took 0.077 seconds
[2023-04-24T13:19:24.874+0000] {processor.py:153} INFO - Started process (PID=2542) to work on /home/airflow/.local/lib/python3.7/site-packages/airflow/example_dags/example_sla_dag.py
[2023-04-24T13:19:24.876+0000] {processor.py:743} INFO - Processing file /home/airflow/.local/lib/python3.7/site-packages/airflow/example_dags/example_sla_dag.py for tasks to queue
[2023-04-24T13:19:24.877+0000] {logging_mixin.py:137} INFO - [2023-04-24T13:19:24.877+0000] {dagbag.py:538} INFO - Filling up the DagBag from /home/airflow/.local/lib/python3.7/site-packages/airflow/example_dags/example_sla_dag.py
[2023-04-24T13:19:24.900+0000] {processor.py:753} INFO - DAG(s) dict_keys(['example_sla_dag']) retrieved from /home/airflow/.local/lib/python3.7/site-packages/airflow/example_dags/example_sla_dag.py
[2023-04-24T13:19:24.921+0000] {logging_mixin.py:137} INFO - [2023-04-24T13:19:24.921+0000] {dag.py:2690} INFO - Sync 1 DAGs
[2023-04-24T13:19:24.939+0000] {logging_mixin.py:137} INFO - [2023-04-24T13:19:24.939+0000] {dag.py:3441} INFO - Setting next_dagrun for example_sla_dag to 2023-04-24T13:16:00+00:00, run_after=2023-04-24T13:18:00+00:00
[2023-04-24T13:19:24.959+0000] {processor.py:175} INFO - Processing /home/airflow/.local/lib/python3.7/site-packages/airflow/example_dags/example_sla_dag.py took 0.091 seconds
[2023-04-24T13:19:55.287+0000] {processor.py:153} INFO - Started process (PID=2620) to work on /home/airflow/.local/lib/python3.7/site-packages/airflow/example_dags/example_sla_dag.py
[2023-04-24T13:19:55.288+0000] {processor.py:743} INFO - Processing file /home/airflow/.local/lib/python3.7/site-packages/airflow/example_dags/example_sla_dag.py for tasks to queue
[2023-04-24T13:19:55.289+0000] {logging_mixin.py:137} INFO - [2023-04-24T13:19:55.289+0000] {dagbag.py:538} INFO - Filling up the DagBag from /home/airflow/.local/lib/python3.7/site-packages/airflow/example_dags/example_sla_dag.py
[2023-04-24T13:19:55.306+0000] {processor.py:753} INFO - DAG(s) dict_keys(['example_sla_dag']) retrieved from /home/airflow/.local/lib/python3.7/site-packages/airflow/example_dags/example_sla_dag.py
[2023-04-24T13:19:55.326+0000] {logging_mixin.py:137} INFO - [2023-04-24T13:19:55.326+0000] {dag.py:2690} INFO - Sync 1 DAGs
[2023-04-24T13:19:55.344+0000] {logging_mixin.py:137} INFO - [2023-04-24T13:19:55.344+0000] {dag.py:3441} INFO - Setting next_dagrun for example_sla_dag to 2023-04-24T13:16:00+00:00, run_after=2023-04-24T13:18:00+00:00
[2023-04-24T13:19:55.358+0000] {processor.py:175} INFO - Processing /home/airflow/.local/lib/python3.7/site-packages/airflow/example_dags/example_sla_dag.py took 0.073 seconds
[2023-04-24T13:20:25.763+0000] {processor.py:153} INFO - Started process (PID=2699) to work on /home/airflow/.local/lib/python3.7/site-packages/airflow/example_dags/example_sla_dag.py
[2023-04-24T13:20:25.765+0000] {processor.py:743} INFO - Processing file /home/airflow/.local/lib/python3.7/site-packages/airflow/example_dags/example_sla_dag.py for tasks to queue
[2023-04-24T13:20:25.765+0000] {logging_mixin.py:137} INFO - [2023-04-24T13:20:25.765+0000] {dagbag.py:538} INFO - Filling up the DagBag from /home/airflow/.local/lib/python3.7/site-packages/airflow/example_dags/example_sla_dag.py
[2023-04-24T13:20:25.781+0000] {processor.py:753} INFO - DAG(s) dict_keys(['example_sla_dag']) retrieved from /home/airflow/.local/lib/python3.7/site-packages/airflow/example_dags/example_sla_dag.py
[2023-04-24T13:20:25.801+0000] {logging_mixin.py:137} INFO - [2023-04-24T13:20:25.801+0000] {dag.py:2690} INFO - Sync 1 DAGs
[2023-04-24T13:20:25.820+0000] {logging_mixin.py:137} INFO - [2023-04-24T13:20:25.820+0000] {dag.py:3441} INFO - Setting next_dagrun for example_sla_dag to 2023-04-24T13:18:00+00:00, run_after=2023-04-24T13:20:00+00:00
[2023-04-24T13:20:25.831+0000] {processor.py:175} INFO - Processing /home/airflow/.local/lib/python3.7/site-packages/airflow/example_dags/example_sla_dag.py took 0.070 seconds
[2023-04-24T13:20:56.235+0000] {processor.py:153} INFO - Started process (PID=2777) to work on /home/airflow/.local/lib/python3.7/site-packages/airflow/example_dags/example_sla_dag.py
[2023-04-24T13:20:56.237+0000] {processor.py:743} INFO - Processing file /home/airflow/.local/lib/python3.7/site-packages/airflow/example_dags/example_sla_dag.py for tasks to queue
[2023-04-24T13:20:56.238+0000] {logging_mixin.py:137} INFO - [2023-04-24T13:20:56.238+0000] {dagbag.py:538} INFO - Filling up the DagBag from /home/airflow/.local/lib/python3.7/site-packages/airflow/example_dags/example_sla_dag.py
[2023-04-24T13:20:56.255+0000] {processor.py:753} INFO - DAG(s) dict_keys(['example_sla_dag']) retrieved from /home/airflow/.local/lib/python3.7/site-packages/airflow/example_dags/example_sla_dag.py
[2023-04-24T13:20:56.277+0000] {logging_mixin.py:137} INFO - [2023-04-24T13:20:56.277+0000] {dag.py:2690} INFO - Sync 1 DAGs
[2023-04-24T13:20:56.298+0000] {logging_mixin.py:137} INFO - [2023-04-24T13:20:56.297+0000] {dag.py:3441} INFO - Setting next_dagrun for example_sla_dag to 2023-04-24T13:18:00+00:00, run_after=2023-04-24T13:20:00+00:00
[2023-04-24T13:20:56.309+0000] {processor.py:175} INFO - Processing /home/airflow/.local/lib/python3.7/site-packages/airflow/example_dags/example_sla_dag.py took 0.078 seconds
[2023-04-24T13:21:26.533+0000] {processor.py:153} INFO - Started process (PID=2842) to work on /home/airflow/.local/lib/python3.7/site-packages/airflow/example_dags/example_sla_dag.py
[2023-04-24T13:21:26.535+0000] {processor.py:743} INFO - Processing file /home/airflow/.local/lib/python3.7/site-packages/airflow/example_dags/example_sla_dag.py for tasks to queue
[2023-04-24T13:21:26.536+0000] {logging_mixin.py:137} INFO - [2023-04-24T13:21:26.536+0000] {dagbag.py:538} INFO - Filling up the DagBag from /home/airflow/.local/lib/python3.7/site-packages/airflow/example_dags/example_sla_dag.py
[2023-04-24T13:21:26.561+0000] {processor.py:753} INFO - DAG(s) dict_keys(['example_sla_dag']) retrieved from /home/airflow/.local/lib/python3.7/site-packages/airflow/example_dags/example_sla_dag.py
[2023-04-24T13:21:26.587+0000] {logging_mixin.py:137} INFO - [2023-04-24T13:21:26.587+0000] {dag.py:2690} INFO - Sync 1 DAGs
[2023-04-24T13:21:26.612+0000] {logging_mixin.py:137} INFO - [2023-04-24T13:21:26.612+0000] {dag.py:3441} INFO - Setting next_dagrun for example_sla_dag to 2023-04-24T13:18:00+00:00, run_after=2023-04-24T13:20:00+00:00
[2023-04-24T13:21:26.632+0000] {processor.py:175} INFO - Processing /home/airflow/.local/lib/python3.7/site-packages/airflow/example_dags/example_sla_dag.py took 0.102 seconds
[2023-04-24T13:21:56.846+0000] {processor.py:153} INFO - Started process (PID=2918) to work on /home/airflow/.local/lib/python3.7/site-packages/airflow/example_dags/example_sla_dag.py
[2023-04-24T13:21:56.848+0000] {processor.py:743} INFO - Processing file /home/airflow/.local/lib/python3.7/site-packages/airflow/example_dags/example_sla_dag.py for tasks to queue
[2023-04-24T13:21:56.849+0000] {logging_mixin.py:137} INFO - [2023-04-24T13:21:56.849+0000] {dagbag.py:538} INFO - Filling up the DagBag from /home/airflow/.local/lib/python3.7/site-packages/airflow/example_dags/example_sla_dag.py
[2023-04-24T13:21:56.869+0000] {processor.py:753} INFO - DAG(s) dict_keys(['example_sla_dag']) retrieved from /home/airflow/.local/lib/python3.7/site-packages/airflow/example_dags/example_sla_dag.py
[2023-04-24T13:21:56.889+0000] {logging_mixin.py:137} INFO - [2023-04-24T13:21:56.889+0000] {dag.py:2690} INFO - Sync 1 DAGs
[2023-04-24T13:21:56.905+0000] {logging_mixin.py:137} INFO - [2023-04-24T13:21:56.905+0000] {dag.py:3441} INFO - Setting next_dagrun for example_sla_dag to 2023-04-24T13:18:00+00:00, run_after=2023-04-24T13:20:00+00:00
[2023-04-24T13:21:56.917+0000] {processor.py:175} INFO - Processing /home/airflow/.local/lib/python3.7/site-packages/airflow/example_dags/example_sla_dag.py took 0.074 seconds
[2023-04-24T13:22:27.022+0000] {processor.py:153} INFO - Started process (PID=2994) to work on /home/airflow/.local/lib/python3.7/site-packages/airflow/example_dags/example_sla_dag.py
[2023-04-24T13:22:27.023+0000] {processor.py:743} INFO - Processing file /home/airflow/.local/lib/python3.7/site-packages/airflow/example_dags/example_sla_dag.py for tasks to queue
[2023-04-24T13:22:27.025+0000] {logging_mixin.py:137} INFO - [2023-04-24T13:22:27.025+0000] {dagbag.py:538} INFO - Filling up the DagBag from /home/airflow/.local/lib/python3.7/site-packages/airflow/example_dags/example_sla_dag.py
[2023-04-24T13:22:27.046+0000] {processor.py:753} INFO - DAG(s) dict_keys(['example_sla_dag']) retrieved from /home/airflow/.local/lib/python3.7/site-packages/airflow/example_dags/example_sla_dag.py
[2023-04-24T13:22:27.066+0000] {logging_mixin.py:137} INFO - [2023-04-24T13:22:27.066+0000] {dag.py:2690} INFO - Sync 1 DAGs
[2023-04-24T13:22:27.082+0000] {logging_mixin.py:137} INFO - [2023-04-24T13:22:27.082+0000] {dag.py:3441} INFO - Setting next_dagrun for example_sla_dag to 2023-04-24T13:20:00+00:00, run_after=2023-04-24T13:22:00+00:00
[2023-04-24T13:22:27.094+0000] {processor.py:175} INFO - Processing /home/airflow/.local/lib/python3.7/site-packages/airflow/example_dags/example_sla_dag.py took 0.076 seconds
[2023-04-24T13:22:57.422+0000] {processor.py:153} INFO - Started process (PID=3060) to work on /home/airflow/.local/lib/python3.7/site-packages/airflow/example_dags/example_sla_dag.py
[2023-04-24T13:22:57.423+0000] {processor.py:743} INFO - Processing file /home/airflow/.local/lib/python3.7/site-packages/airflow/example_dags/example_sla_dag.py for tasks to queue
[2023-04-24T13:22:57.424+0000] {logging_mixin.py:137} INFO - [2023-04-24T13:22:57.424+0000] {dagbag.py:538} INFO - Filling up the DagBag from /home/airflow/.local/lib/python3.7/site-packages/airflow/example_dags/example_sla_dag.py
[2023-04-24T13:22:57.445+0000] {processor.py:753} INFO - DAG(s) dict_keys(['example_sla_dag']) retrieved from /home/airflow/.local/lib/python3.7/site-packages/airflow/example_dags/example_sla_dag.py
[2023-04-24T13:22:57.465+0000] {logging_mixin.py:137} INFO - [2023-04-24T13:22:57.465+0000] {dag.py:2690} INFO - Sync 1 DAGs
[2023-04-24T13:22:57.482+0000] {logging_mixin.py:137} INFO - [2023-04-24T13:22:57.482+0000] {dag.py:3441} INFO - Setting next_dagrun for example_sla_dag to 2023-04-24T13:20:00+00:00, run_after=2023-04-24T13:22:00+00:00
[2023-04-24T13:22:57.493+0000] {processor.py:175} INFO - Processing /home/airflow/.local/lib/python3.7/site-packages/airflow/example_dags/example_sla_dag.py took 0.075 seconds
[2023-04-24T13:23:27.770+0000] {processor.py:153} INFO - Started process (PID=3142) to work on /home/airflow/.local/lib/python3.7/site-packages/airflow/example_dags/example_sla_dag.py
[2023-04-24T13:23:27.771+0000] {processor.py:743} INFO - Processing file /home/airflow/.local/lib/python3.7/site-packages/airflow/example_dags/example_sla_dag.py for tasks to queue
[2023-04-24T13:23:27.772+0000] {logging_mixin.py:137} INFO - [2023-04-24T13:23:27.772+0000] {dagbag.py:538} INFO - Filling up the DagBag from /home/airflow/.local/lib/python3.7/site-packages/airflow/example_dags/example_sla_dag.py
[2023-04-24T13:23:27.791+0000] {processor.py:753} INFO - DAG(s) dict_keys(['example_sla_dag']) retrieved from /home/airflow/.local/lib/python3.7/site-packages/airflow/example_dags/example_sla_dag.py
[2023-04-24T13:23:27.814+0000] {logging_mixin.py:137} INFO - [2023-04-24T13:23:27.814+0000] {dag.py:2690} INFO - Sync 1 DAGs
[2023-04-24T13:23:27.834+0000] {logging_mixin.py:137} INFO - [2023-04-24T13:23:27.834+0000] {dag.py:3441} INFO - Setting next_dagrun for example_sla_dag to 2023-04-24T13:20:00+00:00, run_after=2023-04-24T13:22:00+00:00
[2023-04-24T13:23:27.847+0000] {processor.py:175} INFO - Processing /home/airflow/.local/lib/python3.7/site-packages/airflow/example_dags/example_sla_dag.py took 0.082 seconds
[2023-04-24T13:23:58.323+0000] {processor.py:153} INFO - Started process (PID=3221) to work on /home/airflow/.local/lib/python3.7/site-packages/airflow/example_dags/example_sla_dag.py
[2023-04-24T13:23:58.325+0000] {processor.py:743} INFO - Processing file /home/airflow/.local/lib/python3.7/site-packages/airflow/example_dags/example_sla_dag.py for tasks to queue
[2023-04-24T13:23:58.325+0000] {logging_mixin.py:137} INFO - [2023-04-24T13:23:58.325+0000] {dagbag.py:538} INFO - Filling up the DagBag from /home/airflow/.local/lib/python3.7/site-packages/airflow/example_dags/example_sla_dag.py
[2023-04-24T13:23:58.341+0000] {processor.py:753} INFO - DAG(s) dict_keys(['example_sla_dag']) retrieved from /home/airflow/.local/lib/python3.7/site-packages/airflow/example_dags/example_sla_dag.py
[2023-04-24T13:23:58.361+0000] {logging_mixin.py:137} INFO - [2023-04-24T13:23:58.361+0000] {dag.py:2690} INFO - Sync 1 DAGs
[2023-04-24T13:23:58.378+0000] {logging_mixin.py:137} INFO - [2023-04-24T13:23:58.378+0000] {dag.py:3441} INFO - Setting next_dagrun for example_sla_dag to 2023-04-24T13:20:00+00:00, run_after=2023-04-24T13:22:00+00:00
[2023-04-24T13:23:58.389+0000] {processor.py:175} INFO - Processing /home/airflow/.local/lib/python3.7/site-packages/airflow/example_dags/example_sla_dag.py took 0.068 seconds
[2023-04-24T13:24:28.510+0000] {processor.py:153} INFO - Started process (PID=3285) to work on /home/airflow/.local/lib/python3.7/site-packages/airflow/example_dags/example_sla_dag.py
[2023-04-24T13:24:28.511+0000] {processor.py:743} INFO - Processing file /home/airflow/.local/lib/python3.7/site-packages/airflow/example_dags/example_sla_dag.py for tasks to queue
[2023-04-24T13:24:28.512+0000] {logging_mixin.py:137} INFO - [2023-04-24T13:24:28.512+0000] {dagbag.py:538} INFO - Filling up the DagBag from /home/airflow/.local/lib/python3.7/site-packages/airflow/example_dags/example_sla_dag.py
[2023-04-24T13:24:28.534+0000] {processor.py:753} INFO - DAG(s) dict_keys(['example_sla_dag']) retrieved from /home/airflow/.local/lib/python3.7/site-packages/airflow/example_dags/example_sla_dag.py
[2023-04-24T13:24:28.555+0000] {logging_mixin.py:137} INFO - [2023-04-24T13:24:28.555+0000] {dag.py:2690} INFO - Sync 1 DAGs
[2023-04-24T13:24:28.572+0000] {logging_mixin.py:137} INFO - [2023-04-24T13:24:28.572+0000] {dag.py:3441} INFO - Setting next_dagrun for example_sla_dag to 2023-04-24T13:22:00+00:00, run_after=2023-04-24T13:24:00+00:00
[2023-04-24T13:24:28.584+0000] {processor.py:175} INFO - Processing /home/airflow/.local/lib/python3.7/site-packages/airflow/example_dags/example_sla_dag.py took 0.079 seconds
[2023-04-24T13:24:58.855+0000] {processor.py:153} INFO - Started process (PID=3361) to work on /home/airflow/.local/lib/python3.7/site-packages/airflow/example_dags/example_sla_dag.py
[2023-04-24T13:24:58.856+0000] {processor.py:743} INFO - Processing file /home/airflow/.local/lib/python3.7/site-packages/airflow/example_dags/example_sla_dag.py for tasks to queue
[2023-04-24T13:24:58.857+0000] {logging_mixin.py:137} INFO - [2023-04-24T13:24:58.857+0000] {dagbag.py:538} INFO - Filling up the DagBag from /home/airflow/.local/lib/python3.7/site-packages/airflow/example_dags/example_sla_dag.py
[2023-04-24T13:24:58.879+0000] {processor.py:753} INFO - DAG(s) dict_keys(['example_sla_dag']) retrieved from /home/airflow/.local/lib/python3.7/site-packages/airflow/example_dags/example_sla_dag.py
[2023-04-24T13:24:58.899+0000] {logging_mixin.py:137} INFO - [2023-04-24T13:24:58.899+0000] {dag.py:2690} INFO - Sync 1 DAGs
[2023-04-24T13:24:58.918+0000] {logging_mixin.py:137} INFO - [2023-04-24T13:24:58.918+0000] {dag.py:3441} INFO - Setting next_dagrun for example_sla_dag to 2023-04-24T13:22:00+00:00, run_after=2023-04-24T13:24:00+00:00
[2023-04-24T13:24:58.930+0000] {processor.py:175} INFO - Processing /home/airflow/.local/lib/python3.7/site-packages/airflow/example_dags/example_sla_dag.py took 0.078 seconds
[2023-04-24T13:25:28.997+0000] {processor.py:153} INFO - Started process (PID=3437) to work on /home/airflow/.local/lib/python3.7/site-packages/airflow/example_dags/example_sla_dag.py
[2023-04-24T13:25:28.998+0000] {processor.py:743} INFO - Processing file /home/airflow/.local/lib/python3.7/site-packages/airflow/example_dags/example_sla_dag.py for tasks to queue
[2023-04-24T13:25:28.999+0000] {logging_mixin.py:137} INFO - [2023-04-24T13:25:28.999+0000] {dagbag.py:538} INFO - Filling up the DagBag from /home/airflow/.local/lib/python3.7/site-packages/airflow/example_dags/example_sla_dag.py
[2023-04-24T13:25:29.016+0000] {processor.py:753} INFO - DAG(s) dict_keys(['example_sla_dag']) retrieved from /home/airflow/.local/lib/python3.7/site-packages/airflow/example_dags/example_sla_dag.py
[2023-04-24T13:25:29.036+0000] {logging_mixin.py:137} INFO - [2023-04-24T13:25:29.036+0000] {dag.py:2690} INFO - Sync 1 DAGs
[2023-04-24T13:25:29.054+0000] {logging_mixin.py:137} INFO - [2023-04-24T13:25:29.053+0000] {dag.py:3441} INFO - Setting next_dagrun for example_sla_dag to 2023-04-24T13:22:00+00:00, run_after=2023-04-24T13:24:00+00:00
[2023-04-24T13:25:29.067+0000] {processor.py:175} INFO - Processing /home/airflow/.local/lib/python3.7/site-packages/airflow/example_dags/example_sla_dag.py took 0.072 seconds
[2023-04-24T13:25:59.298+0000] {processor.py:153} INFO - Started process (PID=3510) to work on /home/airflow/.local/lib/python3.7/site-packages/airflow/example_dags/example_sla_dag.py
[2023-04-24T13:25:59.300+0000] {processor.py:743} INFO - Processing file /home/airflow/.local/lib/python3.7/site-packages/airflow/example_dags/example_sla_dag.py for tasks to queue
[2023-04-24T13:25:59.300+0000] {logging_mixin.py:137} INFO - [2023-04-24T13:25:59.300+0000] {dagbag.py:538} INFO - Filling up the DagBag from /home/airflow/.local/lib/python3.7/site-packages/airflow/example_dags/example_sla_dag.py
[2023-04-24T13:25:59.317+0000] {processor.py:753} INFO - DAG(s) dict_keys(['example_sla_dag']) retrieved from /home/airflow/.local/lib/python3.7/site-packages/airflow/example_dags/example_sla_dag.py
[2023-04-24T13:25:59.337+0000] {logging_mixin.py:137} INFO - [2023-04-24T13:25:59.337+0000] {dag.py:2690} INFO - Sync 1 DAGs
[2023-04-24T13:25:59.354+0000] {logging_mixin.py:137} INFO - [2023-04-24T13:25:59.354+0000] {dag.py:3441} INFO - Setting next_dagrun for example_sla_dag to 2023-04-24T13:22:00+00:00, run_after=2023-04-24T13:24:00+00:00
[2023-04-24T13:25:59.365+0000] {processor.py:175} INFO - Processing /home/airflow/.local/lib/python3.7/site-packages/airflow/example_dags/example_sla_dag.py took 0.069 seconds
[2023-04-24T13:26:29.622+0000] {processor.py:153} INFO - Started process (PID=3577) to work on /home/airflow/.local/lib/python3.7/site-packages/airflow/example_dags/example_sla_dag.py
[2023-04-24T13:26:29.623+0000] {processor.py:743} INFO - Processing file /home/airflow/.local/lib/python3.7/site-packages/airflow/example_dags/example_sla_dag.py for tasks to queue
[2023-04-24T13:26:29.624+0000] {logging_mixin.py:137} INFO - [2023-04-24T13:26:29.624+0000] {dagbag.py:538} INFO - Filling up the DagBag from /home/airflow/.local/lib/python3.7/site-packages/airflow/example_dags/example_sla_dag.py
[2023-04-24T13:26:29.647+0000] {processor.py:753} INFO - DAG(s) dict_keys(['example_sla_dag']) retrieved from /home/airflow/.local/lib/python3.7/site-packages/airflow/example_dags/example_sla_dag.py
[2023-04-24T13:26:29.671+0000] {logging_mixin.py:137} INFO - [2023-04-24T13:26:29.671+0000] {dag.py:2690} INFO - Sync 1 DAGs
[2023-04-24T13:26:29.692+0000] {logging_mixin.py:137} INFO - [2023-04-24T13:26:29.692+0000] {dag.py:3441} INFO - Setting next_dagrun for example_sla_dag to 2023-04-24T13:24:00+00:00, run_after=2023-04-24T13:26:00+00:00
[2023-04-24T13:26:29.705+0000] {processor.py:175} INFO - Processing /home/airflow/.local/lib/python3.7/site-packages/airflow/example_dags/example_sla_dag.py took 0.087 seconds
[2023-04-24T13:27:00.002+0000] {processor.py:153} INFO - Started process (PID=3654) to work on /home/airflow/.local/lib/python3.7/site-packages/airflow/example_dags/example_sla_dag.py
[2023-04-24T13:27:00.003+0000] {processor.py:743} INFO - Processing file /home/airflow/.local/lib/python3.7/site-packages/airflow/example_dags/example_sla_dag.py for tasks to queue
[2023-04-24T13:27:00.004+0000] {logging_mixin.py:137} INFO - [2023-04-24T13:27:00.004+0000] {dagbag.py:538} INFO - Filling up the DagBag from /home/airflow/.local/lib/python3.7/site-packages/airflow/example_dags/example_sla_dag.py
[2023-04-24T13:27:00.024+0000] {processor.py:753} INFO - DAG(s) dict_keys(['example_sla_dag']) retrieved from /home/airflow/.local/lib/python3.7/site-packages/airflow/example_dags/example_sla_dag.py
[2023-04-24T13:27:00.044+0000] {logging_mixin.py:137} INFO - [2023-04-24T13:27:00.044+0000] {dag.py:2690} INFO - Sync 1 DAGs
[2023-04-24T13:27:00.061+0000] {logging_mixin.py:137} INFO - [2023-04-24T13:27:00.061+0000] {dag.py:3441} INFO - Setting next_dagrun for example_sla_dag to 2023-04-24T13:24:00+00:00, run_after=2023-04-24T13:26:00+00:00
[2023-04-24T13:27:00.072+0000] {processor.py:175} INFO - Processing /home/airflow/.local/lib/python3.7/site-packages/airflow/example_dags/example_sla_dag.py took 0.074 seconds
[2023-04-24T13:27:30.290+0000] {processor.py:153} INFO - Started process (PID=3730) to work on /home/airflow/.local/lib/python3.7/site-packages/airflow/example_dags/example_sla_dag.py
[2023-04-24T13:27:30.291+0000] {processor.py:743} INFO - Processing file /home/airflow/.local/lib/python3.7/site-packages/airflow/example_dags/example_sla_dag.py for tasks to queue
[2023-04-24T13:27:30.292+0000] {logging_mixin.py:137} INFO - [2023-04-24T13:27:30.292+0000] {dagbag.py:538} INFO - Filling up the DagBag from /home/airflow/.local/lib/python3.7/site-packages/airflow/example_dags/example_sla_dag.py
[2023-04-24T13:27:30.310+0000] {processor.py:753} INFO - DAG(s) dict_keys(['example_sla_dag']) retrieved from /home/airflow/.local/lib/python3.7/site-packages/airflow/example_dags/example_sla_dag.py
[2023-04-24T13:27:30.331+0000] {logging_mixin.py:137} INFO - [2023-04-24T13:27:30.331+0000] {dag.py:2690} INFO - Sync 1 DAGs
[2023-04-24T13:27:30.349+0000] {logging_mixin.py:137} INFO - [2023-04-24T13:27:30.349+0000] {dag.py:3441} INFO - Setting next_dagrun for example_sla_dag to 2023-04-24T13:24:00+00:00, run_after=2023-04-24T13:26:00+00:00
[2023-04-24T13:27:30.362+0000] {processor.py:175} INFO - Processing /home/airflow/.local/lib/python3.7/site-packages/airflow/example_dags/example_sla_dag.py took 0.075 seconds
[2023-04-24T13:28:00.744+0000] {processor.py:153} INFO - Started process (PID=3794) to work on /home/airflow/.local/lib/python3.7/site-packages/airflow/example_dags/example_sla_dag.py
[2023-04-24T13:28:00.745+0000] {processor.py:743} INFO - Processing file /home/airflow/.local/lib/python3.7/site-packages/airflow/example_dags/example_sla_dag.py for tasks to queue
[2023-04-24T13:28:00.745+0000] {logging_mixin.py:137} INFO - [2023-04-24T13:28:00.745+0000] {dagbag.py:538} INFO - Filling up the DagBag from /home/airflow/.local/lib/python3.7/site-packages/airflow/example_dags/example_sla_dag.py
[2023-04-24T13:28:00.760+0000] {processor.py:753} INFO - DAG(s) dict_keys(['example_sla_dag']) retrieved from /home/airflow/.local/lib/python3.7/site-packages/airflow/example_dags/example_sla_dag.py
[2023-04-24T13:28:00.778+0000] {logging_mixin.py:137} INFO - [2023-04-24T13:28:00.778+0000] {dag.py:2690} INFO - Sync 1 DAGs
[2023-04-24T13:28:00.795+0000] {logging_mixin.py:137} INFO - [2023-04-24T13:28:00.795+0000] {dag.py:3441} INFO - Setting next_dagrun for example_sla_dag to 2023-04-24T13:26:00+00:00, run_after=2023-04-24T13:28:00+00:00
[2023-04-24T13:28:00.805+0000] {processor.py:175} INFO - Processing /home/airflow/.local/lib/python3.7/site-packages/airflow/example_dags/example_sla_dag.py took 0.064 seconds
[2023-04-24T13:28:30.990+0000] {processor.py:153} INFO - Started process (PID=3870) to work on /home/airflow/.local/lib/python3.7/site-packages/airflow/example_dags/example_sla_dag.py
[2023-04-24T13:28:30.992+0000] {processor.py:743} INFO - Processing file /home/airflow/.local/lib/python3.7/site-packages/airflow/example_dags/example_sla_dag.py for tasks to queue
[2023-04-24T13:28:30.993+0000] {logging_mixin.py:137} INFO - [2023-04-24T13:28:30.993+0000] {dagbag.py:538} INFO - Filling up the DagBag from /home/airflow/.local/lib/python3.7/site-packages/airflow/example_dags/example_sla_dag.py
[2023-04-24T13:28:31.011+0000] {processor.py:753} INFO - DAG(s) dict_keys(['example_sla_dag']) retrieved from /home/airflow/.local/lib/python3.7/site-packages/airflow/example_dags/example_sla_dag.py
[2023-04-24T13:28:31.031+0000] {logging_mixin.py:137} INFO - [2023-04-24T13:28:31.031+0000] {dag.py:2690} INFO - Sync 1 DAGs
[2023-04-24T13:28:31.048+0000] {logging_mixin.py:137} INFO - [2023-04-24T13:28:31.048+0000] {dag.py:3441} INFO - Setting next_dagrun for example_sla_dag to 2023-04-24T13:26:00+00:00, run_after=2023-04-24T13:28:00+00:00
[2023-04-24T13:28:31.060+0000] {processor.py:175} INFO - Processing /home/airflow/.local/lib/python3.7/site-packages/airflow/example_dags/example_sla_dag.py took 0.073 seconds
[2023-04-24T13:29:01.249+0000] {processor.py:153} INFO - Started process (PID=3946) to work on /home/airflow/.local/lib/python3.7/site-packages/airflow/example_dags/example_sla_dag.py
[2023-04-24T13:29:01.251+0000] {processor.py:743} INFO - Processing file /home/airflow/.local/lib/python3.7/site-packages/airflow/example_dags/example_sla_dag.py for tasks to queue
[2023-04-24T13:29:01.252+0000] {logging_mixin.py:137} INFO - [2023-04-24T13:29:01.252+0000] {dagbag.py:538} INFO - Filling up the DagBag from /home/airflow/.local/lib/python3.7/site-packages/airflow/example_dags/example_sla_dag.py
[2023-04-24T13:29:01.292+0000] {processor.py:753} INFO - DAG(s) dict_keys(['example_sla_dag']) retrieved from /home/airflow/.local/lib/python3.7/site-packages/airflow/example_dags/example_sla_dag.py
[2023-04-24T13:29:01.326+0000] {logging_mixin.py:137} INFO - [2023-04-24T13:29:01.326+0000] {dag.py:2690} INFO - Sync 1 DAGs
[2023-04-24T13:29:01.351+0000] {logging_mixin.py:137} INFO - [2023-04-24T13:29:01.351+0000] {dag.py:3441} INFO - Setting next_dagrun for example_sla_dag to 2023-04-24T13:26:00+00:00, run_after=2023-04-24T13:28:00+00:00
[2023-04-24T13:29:01.370+0000] {processor.py:175} INFO - Processing /home/airflow/.local/lib/python3.7/site-packages/airflow/example_dags/example_sla_dag.py took 0.124 seconds
[2023-04-24T13:29:31.430+0000] {processor.py:153} INFO - Started process (PID=4010) to work on /home/airflow/.local/lib/python3.7/site-packages/airflow/example_dags/example_sla_dag.py
[2023-04-24T13:29:31.432+0000] {processor.py:743} INFO - Processing file /home/airflow/.local/lib/python3.7/site-packages/airflow/example_dags/example_sla_dag.py for tasks to queue
[2023-04-24T13:29:31.433+0000] {logging_mixin.py:137} INFO - [2023-04-24T13:29:31.433+0000] {dagbag.py:538} INFO - Filling up the DagBag from /home/airflow/.local/lib/python3.7/site-packages/airflow/example_dags/example_sla_dag.py
[2023-04-24T13:29:31.452+0000] {processor.py:753} INFO - DAG(s) dict_keys(['example_sla_dag']) retrieved from /home/airflow/.local/lib/python3.7/site-packages/airflow/example_dags/example_sla_dag.py
[2023-04-24T13:29:31.472+0000] {logging_mixin.py:137} INFO - [2023-04-24T13:29:31.472+0000] {dag.py:2690} INFO - Sync 1 DAGs
[2023-04-24T13:29:31.488+0000] {logging_mixin.py:137} INFO - [2023-04-24T13:29:31.488+0000] {dag.py:3441} INFO - Setting next_dagrun for example_sla_dag to 2023-04-24T13:26:00+00:00, run_after=2023-04-24T13:28:00+00:00
[2023-04-24T13:29:31.500+0000] {processor.py:175} INFO - Processing /home/airflow/.local/lib/python3.7/site-packages/airflow/example_dags/example_sla_dag.py took 0.074 seconds
[2023-04-24T13:30:01.940+0000] {processor.py:153} INFO - Started process (PID=4086) to work on /home/airflow/.local/lib/python3.7/site-packages/airflow/example_dags/example_sla_dag.py
[2023-04-24T13:30:01.942+0000] {processor.py:743} INFO - Processing file /home/airflow/.local/lib/python3.7/site-packages/airflow/example_dags/example_sla_dag.py for tasks to queue
[2023-04-24T13:30:01.943+0000] {logging_mixin.py:137} INFO - [2023-04-24T13:30:01.943+0000] {dagbag.py:538} INFO - Filling up the DagBag from /home/airflow/.local/lib/python3.7/site-packages/airflow/example_dags/example_sla_dag.py
[2023-04-24T13:30:01.966+0000] {processor.py:753} INFO - DAG(s) dict_keys(['example_sla_dag']) retrieved from /home/airflow/.local/lib/python3.7/site-packages/airflow/example_dags/example_sla_dag.py
[2023-04-24T13:30:01.987+0000] {logging_mixin.py:137} INFO - [2023-04-24T13:30:01.987+0000] {dag.py:2690} INFO - Sync 1 DAGs
[2023-04-24T13:30:02.005+0000] {logging_mixin.py:137} INFO - [2023-04-24T13:30:02.005+0000] {dag.py:3441} INFO - Setting next_dagrun for example_sla_dag to 2023-04-24T13:28:00+00:00, run_after=2023-04-24T13:30:00+00:00
[2023-04-24T13:30:02.017+0000] {processor.py:175} INFO - Processing /home/airflow/.local/lib/python3.7/site-packages/airflow/example_dags/example_sla_dag.py took 0.082 seconds
[2023-04-24T13:30:32.369+0000] {processor.py:153} INFO - Started process (PID=4163) to work on /home/airflow/.local/lib/python3.7/site-packages/airflow/example_dags/example_sla_dag.py
[2023-04-24T13:30:32.371+0000] {processor.py:743} INFO - Processing file /home/airflow/.local/lib/python3.7/site-packages/airflow/example_dags/example_sla_dag.py for tasks to queue
[2023-04-24T13:30:32.372+0000] {logging_mixin.py:137} INFO - [2023-04-24T13:30:32.372+0000] {dagbag.py:538} INFO - Filling up the DagBag from /home/airflow/.local/lib/python3.7/site-packages/airflow/example_dags/example_sla_dag.py
[2023-04-24T13:30:32.394+0000] {processor.py:753} INFO - DAG(s) dict_keys(['example_sla_dag']) retrieved from /home/airflow/.local/lib/python3.7/site-packages/airflow/example_dags/example_sla_dag.py
[2023-04-24T13:30:32.419+0000] {logging_mixin.py:137} INFO - [2023-04-24T13:30:32.419+0000] {dag.py:2690} INFO - Sync 1 DAGs
[2023-04-24T13:30:32.438+0000] {logging_mixin.py:137} INFO - [2023-04-24T13:30:32.438+0000] {dag.py:3441} INFO - Setting next_dagrun for example_sla_dag to 2023-04-24T13:28:00+00:00, run_after=2023-04-24T13:30:00+00:00
[2023-04-24T13:30:32.450+0000] {processor.py:175} INFO - Processing /home/airflow/.local/lib/python3.7/site-packages/airflow/example_dags/example_sla_dag.py took 0.085 seconds
[2023-04-24T13:31:02.636+0000] {processor.py:153} INFO - Started process (PID=4227) to work on /home/airflow/.local/lib/python3.7/site-packages/airflow/example_dags/example_sla_dag.py
[2023-04-24T13:31:02.638+0000] {processor.py:743} INFO - Processing file /home/airflow/.local/lib/python3.7/site-packages/airflow/example_dags/example_sla_dag.py for tasks to queue
[2023-04-24T13:31:02.639+0000] {logging_mixin.py:137} INFO - [2023-04-24T13:31:02.639+0000] {dagbag.py:538} INFO - Filling up the DagBag from /home/airflow/.local/lib/python3.7/site-packages/airflow/example_dags/example_sla_dag.py
[2023-04-24T13:31:02.660+0000] {processor.py:753} INFO - DAG(s) dict_keys(['example_sla_dag']) retrieved from /home/airflow/.local/lib/python3.7/site-packages/airflow/example_dags/example_sla_dag.py
[2023-04-24T13:31:02.680+0000] {logging_mixin.py:137} INFO - [2023-04-24T13:31:02.680+0000] {dag.py:2690} INFO - Sync 1 DAGs
[2023-04-24T13:31:02.696+0000] {logging_mixin.py:137} INFO - [2023-04-24T13:31:02.696+0000] {dag.py:3441} INFO - Setting next_dagrun for example_sla_dag to 2023-04-24T13:28:00+00:00, run_after=2023-04-24T13:30:00+00:00
[2023-04-24T13:31:02.707+0000] {processor.py:175} INFO - Processing /home/airflow/.local/lib/python3.7/site-packages/airflow/example_dags/example_sla_dag.py took 0.075 seconds
[2023-04-24T13:31:32.833+0000] {processor.py:153} INFO - Started process (PID=4303) to work on /home/airflow/.local/lib/python3.7/site-packages/airflow/example_dags/example_sla_dag.py
[2023-04-24T13:31:32.834+0000] {processor.py:743} INFO - Processing file /home/airflow/.local/lib/python3.7/site-packages/airflow/example_dags/example_sla_dag.py for tasks to queue
[2023-04-24T13:31:32.835+0000] {logging_mixin.py:137} INFO - [2023-04-24T13:31:32.835+0000] {dagbag.py:538} INFO - Filling up the DagBag from /home/airflow/.local/lib/python3.7/site-packages/airflow/example_dags/example_sla_dag.py
[2023-04-24T13:31:32.860+0000] {processor.py:753} INFO - DAG(s) dict_keys(['example_sla_dag']) retrieved from /home/airflow/.local/lib/python3.7/site-packages/airflow/example_dags/example_sla_dag.py
[2023-04-24T13:31:32.882+0000] {logging_mixin.py:137} INFO - [2023-04-24T13:31:32.881+0000] {dag.py:2690} INFO - Sync 1 DAGs
[2023-04-24T13:31:32.899+0000] {logging_mixin.py:137} INFO - [2023-04-24T13:31:32.899+0000] {dag.py:3441} INFO - Setting next_dagrun for example_sla_dag to 2023-04-24T13:28:00+00:00, run_after=2023-04-24T13:30:00+00:00
[2023-04-24T13:31:32.912+0000] {processor.py:175} INFO - Processing /home/airflow/.local/lib/python3.7/site-packages/airflow/example_dags/example_sla_dag.py took 0.084 seconds
[2023-04-24T13:32:03.133+0000] {processor.py:153} INFO - Started process (PID=4379) to work on /home/airflow/.local/lib/python3.7/site-packages/airflow/example_dags/example_sla_dag.py
[2023-04-24T13:32:03.135+0000] {processor.py:743} INFO - Processing file /home/airflow/.local/lib/python3.7/site-packages/airflow/example_dags/example_sla_dag.py for tasks to queue
[2023-04-24T13:32:03.136+0000] {logging_mixin.py:137} INFO - [2023-04-24T13:32:03.136+0000] {dagbag.py:538} INFO - Filling up the DagBag from /home/airflow/.local/lib/python3.7/site-packages/airflow/example_dags/example_sla_dag.py
[2023-04-24T13:32:03.157+0000] {processor.py:753} INFO - DAG(s) dict_keys(['example_sla_dag']) retrieved from /home/airflow/.local/lib/python3.7/site-packages/airflow/example_dags/example_sla_dag.py
[2023-04-24T13:32:03.176+0000] {logging_mixin.py:137} INFO - [2023-04-24T13:32:03.176+0000] {dag.py:2690} INFO - Sync 1 DAGs
[2023-04-24T13:32:03.193+0000] {logging_mixin.py:137} INFO - [2023-04-24T13:32:03.193+0000] {dag.py:3441} INFO - Setting next_dagrun for example_sla_dag to 2023-04-24T13:30:00+00:00, run_after=2023-04-24T13:32:00+00:00
[2023-04-24T13:32:03.204+0000] {processor.py:175} INFO - Processing /home/airflow/.local/lib/python3.7/site-packages/airflow/example_dags/example_sla_dag.py took 0.075 seconds
[2023-04-24T13:32:33.459+0000] {processor.py:153} INFO - Started process (PID=4443) to work on /home/airflow/.local/lib/python3.7/site-packages/airflow/example_dags/example_sla_dag.py
[2023-04-24T13:32:33.460+0000] {processor.py:743} INFO - Processing file /home/airflow/.local/lib/python3.7/site-packages/airflow/example_dags/example_sla_dag.py for tasks to queue
[2023-04-24T13:32:33.461+0000] {logging_mixin.py:137} INFO - [2023-04-24T13:32:33.461+0000] {dagbag.py:538} INFO - Filling up the DagBag from /home/airflow/.local/lib/python3.7/site-packages/airflow/example_dags/example_sla_dag.py
[2023-04-24T13:32:33.476+0000] {processor.py:753} INFO - DAG(s) dict_keys(['example_sla_dag']) retrieved from /home/airflow/.local/lib/python3.7/site-packages/airflow/example_dags/example_sla_dag.py
[2023-04-24T13:32:33.496+0000] {logging_mixin.py:137} INFO - [2023-04-24T13:32:33.496+0000] {dag.py:2690} INFO - Sync 1 DAGs
[2023-04-24T13:32:33.513+0000] {logging_mixin.py:137} INFO - [2023-04-24T13:32:33.512+0000] {dag.py:3441} INFO - Setting next_dagrun for example_sla_dag to 2023-04-24T13:30:00+00:00, run_after=2023-04-24T13:32:00+00:00
[2023-04-24T13:32:33.524+0000] {processor.py:175} INFO - Processing /home/airflow/.local/lib/python3.7/site-packages/airflow/example_dags/example_sla_dag.py took 0.067 seconds
[2023-04-24T13:33:03.649+0000] {processor.py:153} INFO - Started process (PID=4519) to work on /home/airflow/.local/lib/python3.7/site-packages/airflow/example_dags/example_sla_dag.py
[2023-04-24T13:33:03.650+0000] {processor.py:743} INFO - Processing file /home/airflow/.local/lib/python3.7/site-packages/airflow/example_dags/example_sla_dag.py for tasks to queue
[2023-04-24T13:33:03.651+0000] {logging_mixin.py:137} INFO - [2023-04-24T13:33:03.651+0000] {dagbag.py:538} INFO - Filling up the DagBag from /home/airflow/.local/lib/python3.7/site-packages/airflow/example_dags/example_sla_dag.py
[2023-04-24T13:33:03.670+0000] {processor.py:753} INFO - DAG(s) dict_keys(['example_sla_dag']) retrieved from /home/airflow/.local/lib/python3.7/site-packages/airflow/example_dags/example_sla_dag.py
[2023-04-24T13:33:03.693+0000] {logging_mixin.py:137} INFO - [2023-04-24T13:33:03.693+0000] {dag.py:2690} INFO - Sync 1 DAGs
[2023-04-24T13:33:03.716+0000] {logging_mixin.py:137} INFO - [2023-04-24T13:33:03.716+0000] {dag.py:3441} INFO - Setting next_dagrun for example_sla_dag to 2023-04-24T13:30:00+00:00, run_after=2023-04-24T13:32:00+00:00
[2023-04-24T13:33:03.729+0000] {processor.py:175} INFO - Processing /home/airflow/.local/lib/python3.7/site-packages/airflow/example_dags/example_sla_dag.py took 0.084 seconds
[2023-04-24T13:33:48.763+0000] {processor.py:153} INFO - Started process (PID=4567) to work on /home/airflow/.local/lib/python3.7/site-packages/airflow/example_dags/example_sla_dag.py
[2023-04-24T13:33:48.764+0000] {processor.py:743} INFO - Processing file /home/airflow/.local/lib/python3.7/site-packages/airflow/example_dags/example_sla_dag.py for tasks to queue
[2023-04-24T13:33:48.765+0000] {logging_mixin.py:137} INFO - [2023-04-24T13:33:48.765+0000] {dagbag.py:538} INFO - Filling up the DagBag from /home/airflow/.local/lib/python3.7/site-packages/airflow/example_dags/example_sla_dag.py
[2023-04-24T13:33:48.782+0000] {processor.py:753} INFO - DAG(s) dict_keys(['example_sla_dag']) retrieved from /home/airflow/.local/lib/python3.7/site-packages/airflow/example_dags/example_sla_dag.py
[2023-04-24T13:33:48.807+0000] {logging_mixin.py:137} INFO - [2023-04-24T13:33:48.807+0000] {dag.py:2690} INFO - Sync 1 DAGs
[2023-04-24T13:33:48.833+0000] {logging_mixin.py:137} INFO - [2023-04-24T13:33:48.833+0000] {dag.py:3441} INFO - Setting next_dagrun for example_sla_dag to 2023-04-24T13:30:00+00:00, run_after=2023-04-24T13:32:00+00:00
[2023-04-24T13:33:48.848+0000] {processor.py:175} INFO - Processing /home/airflow/.local/lib/python3.7/site-packages/airflow/example_dags/example_sla_dag.py took 0.088 seconds
[2023-04-24T13:34:19.267+0000] {processor.py:153} INFO - Started process (PID=4643) to work on /home/airflow/.local/lib/python3.7/site-packages/airflow/example_dags/example_sla_dag.py
[2023-04-24T13:34:19.269+0000] {processor.py:743} INFO - Processing file /home/airflow/.local/lib/python3.7/site-packages/airflow/example_dags/example_sla_dag.py for tasks to queue
[2023-04-24T13:34:19.269+0000] {logging_mixin.py:137} INFO - [2023-04-24T13:34:19.269+0000] {dagbag.py:538} INFO - Filling up the DagBag from /home/airflow/.local/lib/python3.7/site-packages/airflow/example_dags/example_sla_dag.py
[2023-04-24T13:34:19.286+0000] {processor.py:753} INFO - DAG(s) dict_keys(['example_sla_dag']) retrieved from /home/airflow/.local/lib/python3.7/site-packages/airflow/example_dags/example_sla_dag.py
[2023-04-24T13:34:19.306+0000] {logging_mixin.py:137} INFO - [2023-04-24T13:34:19.305+0000] {dag.py:2690} INFO - Sync 1 DAGs
[2023-04-24T13:34:19.323+0000] {logging_mixin.py:137} INFO - [2023-04-24T13:34:19.323+0000] {dag.py:3441} INFO - Setting next_dagrun for example_sla_dag to 2023-04-24T13:32:00+00:00, run_after=2023-04-24T13:34:00+00:00
[2023-04-24T13:34:19.335+0000] {processor.py:175} INFO - Processing /home/airflow/.local/lib/python3.7/site-packages/airflow/example_dags/example_sla_dag.py took 0.070 seconds
[2023-04-24T13:34:49.459+0000] {processor.py:153} INFO - Started process (PID=4716) to work on /home/airflow/.local/lib/python3.7/site-packages/airflow/example_dags/example_sla_dag.py
[2023-04-24T13:34:49.460+0000] {processor.py:743} INFO - Processing file /home/airflow/.local/lib/python3.7/site-packages/airflow/example_dags/example_sla_dag.py for tasks to queue
[2023-04-24T13:34:49.461+0000] {logging_mixin.py:137} INFO - [2023-04-24T13:34:49.461+0000] {dagbag.py:538} INFO - Filling up the DagBag from /home/airflow/.local/lib/python3.7/site-packages/airflow/example_dags/example_sla_dag.py
[2023-04-24T13:34:49.476+0000] {processor.py:753} INFO - DAG(s) dict_keys(['example_sla_dag']) retrieved from /home/airflow/.local/lib/python3.7/site-packages/airflow/example_dags/example_sla_dag.py
[2023-04-24T13:34:49.496+0000] {logging_mixin.py:137} INFO - [2023-04-24T13:34:49.496+0000] {dag.py:2690} INFO - Sync 1 DAGs
[2023-04-24T13:34:49.514+0000] {logging_mixin.py:137} INFO - [2023-04-24T13:34:49.514+0000] {dag.py:3441} INFO - Setting next_dagrun for example_sla_dag to 2023-04-24T13:32:00+00:00, run_after=2023-04-24T13:34:00+00:00
[2023-04-24T13:34:49.526+0000] {processor.py:175} INFO - Processing /home/airflow/.local/lib/python3.7/site-packages/airflow/example_dags/example_sla_dag.py took 0.069 seconds
[2023-04-24T13:35:19.882+0000] {processor.py:153} INFO - Started process (PID=4783) to work on /home/airflow/.local/lib/python3.7/site-packages/airflow/example_dags/example_sla_dag.py
[2023-04-24T13:35:19.883+0000] {processor.py:743} INFO - Processing file /home/airflow/.local/lib/python3.7/site-packages/airflow/example_dags/example_sla_dag.py for tasks to queue
[2023-04-24T13:35:19.884+0000] {logging_mixin.py:137} INFO - [2023-04-24T13:35:19.884+0000] {dagbag.py:538} INFO - Filling up the DagBag from /home/airflow/.local/lib/python3.7/site-packages/airflow/example_dags/example_sla_dag.py
[2023-04-24T13:35:19.900+0000] {processor.py:753} INFO - DAG(s) dict_keys(['example_sla_dag']) retrieved from /home/airflow/.local/lib/python3.7/site-packages/airflow/example_dags/example_sla_dag.py
[2023-04-24T13:35:19.920+0000] {logging_mixin.py:137} INFO - [2023-04-24T13:35:19.920+0000] {dag.py:2690} INFO - Sync 1 DAGs
[2023-04-24T13:35:19.937+0000] {logging_mixin.py:137} INFO - [2023-04-24T13:35:19.937+0000] {dag.py:3441} INFO - Setting next_dagrun for example_sla_dag to 2023-04-24T13:32:00+00:00, run_after=2023-04-24T13:34:00+00:00
[2023-04-24T13:35:19.949+0000] {processor.py:175} INFO - Processing /home/airflow/.local/lib/python3.7/site-packages/airflow/example_dags/example_sla_dag.py took 0.070 seconds
[2023-04-24T13:52:35.296+0000] {processor.py:153} INFO - Started process (PID=4859) to work on /home/airflow/.local/lib/python3.7/site-packages/airflow/example_dags/example_sla_dag.py
[2023-04-24T13:52:35.297+0000] {processor.py:743} INFO - Processing file /home/airflow/.local/lib/python3.7/site-packages/airflow/example_dags/example_sla_dag.py for tasks to queue
[2023-04-24T13:52:35.298+0000] {logging_mixin.py:137} INFO - [2023-04-24T13:52:35.298+0000] {dagbag.py:538} INFO - Filling up the DagBag from /home/airflow/.local/lib/python3.7/site-packages/airflow/example_dags/example_sla_dag.py
[2023-04-24T13:52:35.313+0000] {processor.py:753} INFO - DAG(s) dict_keys(['example_sla_dag']) retrieved from /home/airflow/.local/lib/python3.7/site-packages/airflow/example_dags/example_sla_dag.py
[2023-04-24T13:52:35.334+0000] {logging_mixin.py:137} INFO - [2023-04-24T13:52:35.334+0000] {dag.py:2690} INFO - Sync 1 DAGs
[2023-04-24T13:52:35.353+0000] {logging_mixin.py:137} INFO - [2023-04-24T13:52:35.352+0000] {dag.py:3441} INFO - Setting next_dagrun for example_sla_dag to 2023-04-24T13:50:00+00:00, run_after=2023-04-24T13:52:00+00:00
[2023-04-24T13:52:35.364+0000] {processor.py:175} INFO - Processing /home/airflow/.local/lib/python3.7/site-packages/airflow/example_dags/example_sla_dag.py took 0.071 seconds
[2023-04-24T14:31:28.866+0000] {processor.py:153} INFO - Started process (PID=4923) to work on /home/airflow/.local/lib/python3.7/site-packages/airflow/example_dags/example_sla_dag.py
[2023-04-24T14:31:28.869+0000] {processor.py:743} INFO - Processing file /home/airflow/.local/lib/python3.7/site-packages/airflow/example_dags/example_sla_dag.py for tasks to queue
[2023-04-24T14:31:28.871+0000] {logging_mixin.py:137} INFO - [2023-04-24T14:31:28.871+0000] {dagbag.py:538} INFO - Filling up the DagBag from /home/airflow/.local/lib/python3.7/site-packages/airflow/example_dags/example_sla_dag.py
[2023-04-24T14:31:28.913+0000] {processor.py:753} INFO - DAG(s) dict_keys(['example_sla_dag']) retrieved from /home/airflow/.local/lib/python3.7/site-packages/airflow/example_dags/example_sla_dag.py
[2023-04-24T14:31:28.944+0000] {logging_mixin.py:137} INFO - [2023-04-24T14:31:28.944+0000] {dag.py:2690} INFO - Sync 1 DAGs
[2023-04-24T14:31:29.000+0000] {logging_mixin.py:137} INFO - [2023-04-24T14:31:29.000+0000] {dag.py:3441} INFO - Setting next_dagrun for example_sla_dag to 2023-04-24T14:28:00+00:00, run_after=2023-04-24T14:30:00+00:00
[2023-04-24T14:31:29.037+0000] {processor.py:175} INFO - Processing /home/airflow/.local/lib/python3.7/site-packages/airflow/example_dags/example_sla_dag.py took 0.177 seconds
[2023-04-24T15:16:27.592+0000] {processor.py:153} INFO - Started process (PID=4998) to work on /home/airflow/.local/lib/python3.7/site-packages/airflow/example_dags/example_sla_dag.py
[2023-04-24T15:16:27.594+0000] {processor.py:743} INFO - Processing file /home/airflow/.local/lib/python3.7/site-packages/airflow/example_dags/example_sla_dag.py for tasks to queue
[2023-04-24T15:16:27.596+0000] {logging_mixin.py:137} INFO - [2023-04-24T15:16:27.595+0000] {dagbag.py:538} INFO - Filling up the DagBag from /home/airflow/.local/lib/python3.7/site-packages/airflow/example_dags/example_sla_dag.py
[2023-04-24T15:16:27.677+0000] {processor.py:753} INFO - DAG(s) dict_keys(['example_sla_dag']) retrieved from /home/airflow/.local/lib/python3.7/site-packages/airflow/example_dags/example_sla_dag.py
[2023-04-24T15:16:27.732+0000] {logging_mixin.py:137} INFO - [2023-04-24T15:16:27.732+0000] {dag.py:2690} INFO - Sync 1 DAGs
[2023-04-24T15:16:27.756+0000] {logging_mixin.py:137} INFO - [2023-04-24T15:16:27.756+0000] {dag.py:3441} INFO - Setting next_dagrun for example_sla_dag to 2023-04-24T15:14:00+00:00, run_after=2023-04-24T15:16:00+00:00
[2023-04-24T15:16:27.772+0000] {processor.py:175} INFO - Processing /home/airflow/.local/lib/python3.7/site-packages/airflow/example_dags/example_sla_dag.py took 0.203 seconds
[2023-04-24T16:21:49.913+0000] {processor.py:153} INFO - Started process (PID=5075) to work on /home/airflow/.local/lib/python3.7/site-packages/airflow/example_dags/example_sla_dag.py
[2023-04-24T16:21:49.915+0000] {processor.py:743} INFO - Processing file /home/airflow/.local/lib/python3.7/site-packages/airflow/example_dags/example_sla_dag.py for tasks to queue
[2023-04-24T16:21:49.916+0000] {logging_mixin.py:137} INFO - [2023-04-24T16:21:49.916+0000] {dagbag.py:538} INFO - Filling up the DagBag from /home/airflow/.local/lib/python3.7/site-packages/airflow/example_dags/example_sla_dag.py
[2023-04-24T16:21:49.935+0000] {processor.py:753} INFO - DAG(s) dict_keys(['example_sla_dag']) retrieved from /home/airflow/.local/lib/python3.7/site-packages/airflow/example_dags/example_sla_dag.py
[2023-04-24T16:21:49.956+0000] {logging_mixin.py:137} INFO - [2023-04-24T16:21:49.955+0000] {dag.py:2690} INFO - Sync 1 DAGs
[2023-04-24T16:21:49.976+0000] {logging_mixin.py:137} INFO - [2023-04-24T16:21:49.976+0000] {dag.py:3441} INFO - Setting next_dagrun for example_sla_dag to 2023-04-24T16:18:00+00:00, run_after=2023-04-24T16:20:00+00:00
[2023-04-24T16:21:49.993+0000] {processor.py:175} INFO - Processing /home/airflow/.local/lib/python3.7/site-packages/airflow/example_dags/example_sla_dag.py took 0.084 seconds
[2023-04-24T17:38:24.386+0000] {processor.py:153} INFO - Started process (PID=5139) to work on /home/airflow/.local/lib/python3.7/site-packages/airflow/example_dags/example_sla_dag.py
[2023-04-24T17:38:24.387+0000] {processor.py:743} INFO - Processing file /home/airflow/.local/lib/python3.7/site-packages/airflow/example_dags/example_sla_dag.py for tasks to queue
[2023-04-24T17:38:24.388+0000] {logging_mixin.py:137} INFO - [2023-04-24T17:38:24.388+0000] {dagbag.py:538} INFO - Filling up the DagBag from /home/airflow/.local/lib/python3.7/site-packages/airflow/example_dags/example_sla_dag.py
[2023-04-24T17:38:24.404+0000] {processor.py:753} INFO - DAG(s) dict_keys(['example_sla_dag']) retrieved from /home/airflow/.local/lib/python3.7/site-packages/airflow/example_dags/example_sla_dag.py
[2023-04-24T17:38:24.425+0000] {logging_mixin.py:137} INFO - [2023-04-24T17:38:24.424+0000] {dag.py:2690} INFO - Sync 1 DAGs
[2023-04-24T17:38:24.441+0000] {logging_mixin.py:137} INFO - [2023-04-24T17:38:24.441+0000] {dag.py:3441} INFO - Setting next_dagrun for example_sla_dag to 2023-04-24T17:36:00+00:00, run_after=2023-04-24T17:38:00+00:00
[2023-04-24T17:38:24.452+0000] {processor.py:175} INFO - Processing /home/airflow/.local/lib/python3.7/site-packages/airflow/example_dags/example_sla_dag.py took 0.068 seconds
[2023-04-24T18:45:20.338+0000] {processor.py:153} INFO - Started process (PID=5214) to work on /home/airflow/.local/lib/python3.7/site-packages/airflow/example_dags/example_sla_dag.py
[2023-04-24T18:45:20.341+0000] {processor.py:743} INFO - Processing file /home/airflow/.local/lib/python3.7/site-packages/airflow/example_dags/example_sla_dag.py for tasks to queue
[2023-04-24T18:45:20.342+0000] {logging_mixin.py:137} INFO - [2023-04-24T18:45:20.342+0000] {dagbag.py:538} INFO - Filling up the DagBag from /home/airflow/.local/lib/python3.7/site-packages/airflow/example_dags/example_sla_dag.py
[2023-04-24T18:45:20.413+0000] {processor.py:753} INFO - DAG(s) dict_keys(['example_sla_dag']) retrieved from /home/airflow/.local/lib/python3.7/site-packages/airflow/example_dags/example_sla_dag.py
[2023-04-24T18:45:20.475+0000] {logging_mixin.py:137} INFO - [2023-04-24T18:45:20.475+0000] {dag.py:2690} INFO - Sync 1 DAGs
[2023-04-24T18:45:20.545+0000] {logging_mixin.py:137} INFO - [2023-04-24T18:45:20.545+0000] {dag.py:3441} INFO - Setting next_dagrun for example_sla_dag to 2023-04-24T18:42:00+00:00, run_after=2023-04-24T18:44:00+00:00
[2023-04-24T18:45:20.587+0000] {processor.py:175} INFO - Processing /home/airflow/.local/lib/python3.7/site-packages/airflow/example_dags/example_sla_dag.py took 0.261 seconds
[2023-04-24T19:49:25.784+0000] {processor.py:153} INFO - Started process (PID=5290) to work on /home/airflow/.local/lib/python3.7/site-packages/airflow/example_dags/example_sla_dag.py
[2023-04-24T19:49:25.785+0000] {processor.py:743} INFO - Processing file /home/airflow/.local/lib/python3.7/site-packages/airflow/example_dags/example_sla_dag.py for tasks to queue
[2023-04-24T19:49:25.786+0000] {logging_mixin.py:137} INFO - [2023-04-24T19:49:25.786+0000] {dagbag.py:538} INFO - Filling up the DagBag from /home/airflow/.local/lib/python3.7/site-packages/airflow/example_dags/example_sla_dag.py
[2023-04-24T19:49:25.802+0000] {processor.py:753} INFO - DAG(s) dict_keys(['example_sla_dag']) retrieved from /home/airflow/.local/lib/python3.7/site-packages/airflow/example_dags/example_sla_dag.py
[2023-04-24T19:49:25.823+0000] {logging_mixin.py:137} INFO - [2023-04-24T19:49:25.823+0000] {dag.py:2690} INFO - Sync 1 DAGs
[2023-04-24T19:49:25.842+0000] {logging_mixin.py:137} INFO - [2023-04-24T19:49:25.842+0000] {dag.py:3441} INFO - Setting next_dagrun for example_sla_dag to 2023-04-24T19:46:00+00:00, run_after=2023-04-24T19:48:00+00:00
[2023-04-24T19:49:25.853+0000] {processor.py:175} INFO - Processing /home/airflow/.local/lib/python3.7/site-packages/airflow/example_dags/example_sla_dag.py took 0.072 seconds
[2023-04-24T20:25:33.710+0000] {processor.py:153} INFO - Started process (PID=5354) to work on /home/airflow/.local/lib/python3.7/site-packages/airflow/example_dags/example_sla_dag.py
[2023-04-24T20:25:33.726+0000] {processor.py:743} INFO - Processing file /home/airflow/.local/lib/python3.7/site-packages/airflow/example_dags/example_sla_dag.py for tasks to queue
[2023-04-24T20:25:33.727+0000] {logging_mixin.py:137} INFO - [2023-04-24T20:25:33.727+0000] {dagbag.py:538} INFO - Filling up the DagBag from /home/airflow/.local/lib/python3.7/site-packages/airflow/example_dags/example_sla_dag.py
[2023-04-24T20:25:33.766+0000] {processor.py:753} INFO - DAG(s) dict_keys(['example_sla_dag']) retrieved from /home/airflow/.local/lib/python3.7/site-packages/airflow/example_dags/example_sla_dag.py
[2023-04-24T20:25:33.811+0000] {logging_mixin.py:137} INFO - [2023-04-24T20:25:33.811+0000] {dag.py:2690} INFO - Sync 1 DAGs
[2023-04-24T20:25:33.848+0000] {logging_mixin.py:137} INFO - [2023-04-24T20:25:33.848+0000] {dag.py:3441} INFO - Setting next_dagrun for example_sla_dag to 2023-04-24T20:22:00+00:00, run_after=2023-04-24T20:24:00+00:00
[2023-04-24T20:25:33.900+0000] {processor.py:175} INFO - Processing /home/airflow/.local/lib/python3.7/site-packages/airflow/example_dags/example_sla_dag.py took 0.195 seconds
[2023-04-24T21:31:02.795+0000] {processor.py:153} INFO - Started process (PID=5430) to work on /home/airflow/.local/lib/python3.7/site-packages/airflow/example_dags/example_sla_dag.py
[2023-04-24T21:31:02.797+0000] {processor.py:743} INFO - Processing file /home/airflow/.local/lib/python3.7/site-packages/airflow/example_dags/example_sla_dag.py for tasks to queue
[2023-04-24T21:31:02.799+0000] {logging_mixin.py:137} INFO - [2023-04-24T21:31:02.799+0000] {dagbag.py:538} INFO - Filling up the DagBag from /home/airflow/.local/lib/python3.7/site-packages/airflow/example_dags/example_sla_dag.py
[2023-04-24T21:31:02.843+0000] {processor.py:753} INFO - DAG(s) dict_keys(['example_sla_dag']) retrieved from /home/airflow/.local/lib/python3.7/site-packages/airflow/example_dags/example_sla_dag.py
[2023-04-24T21:31:02.904+0000] {logging_mixin.py:137} INFO - [2023-04-24T21:31:02.904+0000] {dag.py:2690} INFO - Sync 1 DAGs
[2023-04-24T21:31:02.941+0000] {logging_mixin.py:137} INFO - [2023-04-24T21:31:02.941+0000] {dag.py:3441} INFO - Setting next_dagrun for example_sla_dag to 2023-04-24T21:28:00+00:00, run_after=2023-04-24T21:30:00+00:00
[2023-04-24T21:31:02.975+0000] {processor.py:175} INFO - Processing /home/airflow/.local/lib/python3.7/site-packages/airflow/example_dags/example_sla_dag.py took 0.192 seconds
[2023-04-24T22:36:51.140+0000] {processor.py:153} INFO - Started process (PID=5507) to work on /home/airflow/.local/lib/python3.7/site-packages/airflow/example_dags/example_sla_dag.py
[2023-04-24T22:36:51.141+0000] {processor.py:743} INFO - Processing file /home/airflow/.local/lib/python3.7/site-packages/airflow/example_dags/example_sla_dag.py for tasks to queue
[2023-04-24T22:36:51.142+0000] {logging_mixin.py:137} INFO - [2023-04-24T22:36:51.142+0000] {dagbag.py:538} INFO - Filling up the DagBag from /home/airflow/.local/lib/python3.7/site-packages/airflow/example_dags/example_sla_dag.py
[2023-04-24T22:36:51.159+0000] {processor.py:753} INFO - DAG(s) dict_keys(['example_sla_dag']) retrieved from /home/airflow/.local/lib/python3.7/site-packages/airflow/example_dags/example_sla_dag.py
[2023-04-24T22:36:51.183+0000] {logging_mixin.py:137} INFO - [2023-04-24T22:36:51.183+0000] {dag.py:2690} INFO - Sync 1 DAGs
[2023-04-24T22:36:51.208+0000] {logging_mixin.py:137} INFO - [2023-04-24T22:36:51.207+0000] {dag.py:3441} INFO - Setting next_dagrun for example_sla_dag to 2023-04-24T22:34:00+00:00, run_after=2023-04-24T22:36:00+00:00
[2023-04-24T22:36:51.224+0000] {processor.py:175} INFO - Processing /home/airflow/.local/lib/python3.7/site-packages/airflow/example_dags/example_sla_dag.py took 0.087 seconds
