[2023-04-24T12:38:34.782+0000] {processor.py:153} INFO - Started process (PID=266) to work on /home/airflow/.local/lib/python3.7/site-packages/airflow/example_dags/example_latest_only_with_trigger.py
[2023-04-24T12:38:36.903+0000] {processor.py:743} INFO - Processing file /home/airflow/.local/lib/python3.7/site-packages/airflow/example_dags/example_latest_only_with_trigger.py for tasks to queue
[2023-04-24T12:38:36.979+0000] {logging_mixin.py:137} INFO - [2023-04-24T12:38:36.978+0000] {dagbag.py:538} INFO - Filling up the DagBag from /home/airflow/.local/lib/python3.7/site-packages/airflow/example_dags/example_latest_only_with_trigger.py
[2023-04-24T12:38:41.197+0000] {processor.py:753} INFO - DAG(s) dict_keys(['latest_only_with_trigger']) retrieved from /home/airflow/.local/lib/python3.7/site-packages/airflow/example_dags/example_latest_only_with_trigger.py
[2023-04-24T12:38:54.506+0000] {logging_mixin.py:137} INFO - [2023-04-24T12:38:54.427+0000] {dag.py:2690} INFO - Sync 1 DAGs
[2023-04-24T12:38:56.530+0000] {logging_mixin.py:137} INFO - [2023-04-24T12:38:56.530+0000] {dag.py:2711} INFO - Creating ORM DAG for latest_only_with_trigger
[2023-04-24T12:38:57.452+0000] {logging_mixin.py:137} INFO - [2023-04-24T12:38:57.451+0000] {dag.py:3441} INFO - Setting next_dagrun for latest_only_with_trigger to 2023-04-24T08:38:57.349240+00:00, run_after=2023-04-24T12:38:57.349240+00:00
[2023-04-24T12:38:58.299+0000] {processor.py:175} INFO - Processing /home/airflow/.local/lib/python3.7/site-packages/airflow/example_dags/example_latest_only_with_trigger.py took 23.456 seconds
[2023-04-24T12:40:24.180+0000] {processor.py:153} INFO - Started process (PID=354) to work on /home/airflow/.local/lib/python3.7/site-packages/airflow/example_dags/example_latest_only_with_trigger.py
[2023-04-24T12:40:24.186+0000] {processor.py:743} INFO - Processing file /home/airflow/.local/lib/python3.7/site-packages/airflow/example_dags/example_latest_only_with_trigger.py for tasks to queue
[2023-04-24T12:40:24.196+0000] {logging_mixin.py:137} INFO - [2023-04-24T12:40:24.196+0000] {dagbag.py:538} INFO - Filling up the DagBag from /home/airflow/.local/lib/python3.7/site-packages/airflow/example_dags/example_latest_only_with_trigger.py
[2023-04-24T12:40:24.359+0000] {processor.py:753} INFO - DAG(s) dict_keys(['latest_only_with_trigger']) retrieved from /home/airflow/.local/lib/python3.7/site-packages/airflow/example_dags/example_latest_only_with_trigger.py
[2023-04-24T12:40:24.663+0000] {logging_mixin.py:137} INFO - [2023-04-24T12:40:24.663+0000] {dag.py:2690} INFO - Sync 1 DAGs
[2023-04-24T12:40:24.943+0000] {logging_mixin.py:137} INFO - [2023-04-24T12:40:24.943+0000] {dag.py:3441} INFO - Setting next_dagrun for latest_only_with_trigger to 2023-04-24T08:40:24.943070+00:00, run_after=2023-04-24T12:40:24.943070+00:00
[2023-04-24T12:40:25.194+0000] {processor.py:175} INFO - Processing /home/airflow/.local/lib/python3.7/site-packages/airflow/example_dags/example_latest_only_with_trigger.py took 1.040 seconds
[2023-04-24T12:41:37.665+0000] {processor.py:153} INFO - Started process (PID=420) to work on /home/airflow/.local/lib/python3.7/site-packages/airflow/example_dags/example_latest_only_with_trigger.py
[2023-04-24T12:41:37.672+0000] {processor.py:743} INFO - Processing file /home/airflow/.local/lib/python3.7/site-packages/airflow/example_dags/example_latest_only_with_trigger.py for tasks to queue
[2023-04-24T12:41:37.674+0000] {logging_mixin.py:137} INFO - [2023-04-24T12:41:37.674+0000] {dagbag.py:538} INFO - Filling up the DagBag from /home/airflow/.local/lib/python3.7/site-packages/airflow/example_dags/example_latest_only_with_trigger.py
[2023-04-24T12:41:37.770+0000] {processor.py:753} INFO - DAG(s) dict_keys(['latest_only_with_trigger']) retrieved from /home/airflow/.local/lib/python3.7/site-packages/airflow/example_dags/example_latest_only_with_trigger.py
[2023-04-24T12:41:37.886+0000] {logging_mixin.py:137} INFO - [2023-04-24T12:41:37.883+0000] {dag.py:2690} INFO - Sync 1 DAGs
[2023-04-24T12:41:38.008+0000] {logging_mixin.py:137} INFO - [2023-04-24T12:41:38.007+0000] {dag.py:3441} INFO - Setting next_dagrun for latest_only_with_trigger to 2023-04-24T08:41:38.007617+00:00, run_after=2023-04-24T12:41:38.007617+00:00
[2023-04-24T12:41:38.131+0000] {processor.py:175} INFO - Processing /home/airflow/.local/lib/python3.7/site-packages/airflow/example_dags/example_latest_only_with_trigger.py took 0.488 seconds
[2023-04-24T12:43:00.500+0000] {processor.py:153} INFO - Started process (PID=500) to work on /home/airflow/.local/lib/python3.7/site-packages/airflow/example_dags/example_latest_only_with_trigger.py
[2023-04-24T12:43:00.546+0000] {processor.py:743} INFO - Processing file /home/airflow/.local/lib/python3.7/site-packages/airflow/example_dags/example_latest_only_with_trigger.py for tasks to queue
[2023-04-24T12:43:00.556+0000] {logging_mixin.py:137} INFO - [2023-04-24T12:43:00.555+0000] {dagbag.py:538} INFO - Filling up the DagBag from /home/airflow/.local/lib/python3.7/site-packages/airflow/example_dags/example_latest_only_with_trigger.py
[2023-04-24T12:43:01.241+0000] {processor.py:753} INFO - DAG(s) dict_keys(['latest_only_with_trigger']) retrieved from /home/airflow/.local/lib/python3.7/site-packages/airflow/example_dags/example_latest_only_with_trigger.py
[2023-04-24T12:43:03.134+0000] {logging_mixin.py:137} INFO - [2023-04-24T12:43:03.134+0000] {dag.py:2690} INFO - Sync 1 DAGs
[2023-04-24T12:43:05.661+0000] {logging_mixin.py:137} INFO - [2023-04-24T12:43:05.661+0000] {dag.py:3441} INFO - Setting next_dagrun for latest_only_with_trigger to 2023-04-24T08:43:05.645197+00:00, run_after=2023-04-24T12:43:05.645197+00:00
[2023-04-24T12:43:06.047+0000] {processor.py:175} INFO - Processing /home/airflow/.local/lib/python3.7/site-packages/airflow/example_dags/example_latest_only_with_trigger.py took 5.553 seconds
[2023-04-24T12:47:56.546+0000] {processor.py:153} INFO - Started process (PID=646) to work on /home/airflow/.local/lib/python3.7/site-packages/airflow/example_dags/example_latest_only_with_trigger.py
[2023-04-24T12:47:56.552+0000] {processor.py:743} INFO - Processing file /home/airflow/.local/lib/python3.7/site-packages/airflow/example_dags/example_latest_only_with_trigger.py for tasks to queue
[2023-04-24T12:47:56.564+0000] {logging_mixin.py:137} INFO - [2023-04-24T12:47:56.563+0000] {dagbag.py:538} INFO - Filling up the DagBag from /home/airflow/.local/lib/python3.7/site-packages/airflow/example_dags/example_latest_only_with_trigger.py
[2023-04-24T12:47:56.756+0000] {processor.py:753} INFO - DAG(s) dict_keys(['latest_only_with_trigger']) retrieved from /home/airflow/.local/lib/python3.7/site-packages/airflow/example_dags/example_latest_only_with_trigger.py
[2023-04-24T12:47:56.977+0000] {logging_mixin.py:137} INFO - [2023-04-24T12:47:56.976+0000] {dag.py:2690} INFO - Sync 1 DAGs
[2023-04-24T12:47:57.122+0000] {logging_mixin.py:137} INFO - [2023-04-24T12:47:57.122+0000] {dag.py:3441} INFO - Setting next_dagrun for latest_only_with_trigger to 2023-04-24T08:47:57.121768+00:00, run_after=2023-04-24T12:47:57.121768+00:00
[2023-04-24T12:47:57.292+0000] {processor.py:175} INFO - Processing /home/airflow/.local/lib/python3.7/site-packages/airflow/example_dags/example_latest_only_with_trigger.py took 0.793 seconds
[2023-04-24T12:54:51.703+0000] {processor.py:153} INFO - Started process (PID=855) to work on /home/airflow/.local/lib/python3.7/site-packages/airflow/example_dags/example_latest_only_with_trigger.py
[2023-04-24T12:54:52.148+0000] {processor.py:743} INFO - Processing file /home/airflow/.local/lib/python3.7/site-packages/airflow/example_dags/example_latest_only_with_trigger.py for tasks to queue
[2023-04-24T12:54:52.163+0000] {logging_mixin.py:137} INFO - [2023-04-24T12:54:52.151+0000] {dagbag.py:538} INFO - Filling up the DagBag from /home/airflow/.local/lib/python3.7/site-packages/airflow/example_dags/example_latest_only_with_trigger.py
[2023-04-24T12:55:08.180+0000] {processor.py:753} INFO - DAG(s) dict_keys(['latest_only_with_trigger']) retrieved from /home/airflow/.local/lib/python3.7/site-packages/airflow/example_dags/example_latest_only_with_trigger.py
[2023-04-24T12:55:10.663+0000] {logging_mixin.py:137} INFO - [2023-04-24T12:55:10.661+0000] {dag.py:2690} INFO - Sync 1 DAGs
[2023-04-24T12:55:11.364+0000] {logging_mixin.py:137} INFO - [2023-04-24T12:55:11.364+0000] {dag.py:3441} INFO - Setting next_dagrun for latest_only_with_trigger to 2023-04-24T08:55:11.294304+00:00, run_after=2023-04-24T12:55:11.294304+00:00
[2023-04-24T12:55:14.247+0000] {processor.py:175} INFO - Processing /home/airflow/.local/lib/python3.7/site-packages/airflow/example_dags/example_latest_only_with_trigger.py took 22.488 seconds
[2023-04-24T12:57:19.664+0000] {processor.py:153} INFO - Started process (PID=949) to work on /home/airflow/.local/lib/python3.7/site-packages/airflow/example_dags/example_latest_only_with_trigger.py
[2023-04-24T12:57:19.694+0000] {processor.py:743} INFO - Processing file /home/airflow/.local/lib/python3.7/site-packages/airflow/example_dags/example_latest_only_with_trigger.py for tasks to queue
[2023-04-24T12:57:19.716+0000] {logging_mixin.py:137} INFO - [2023-04-24T12:57:19.716+0000] {dagbag.py:538} INFO - Filling up the DagBag from /home/airflow/.local/lib/python3.7/site-packages/airflow/example_dags/example_latest_only_with_trigger.py
[2023-04-24T12:57:25.462+0000] {processor.py:753} INFO - DAG(s) dict_keys(['latest_only_with_trigger']) retrieved from /home/airflow/.local/lib/python3.7/site-packages/airflow/example_dags/example_latest_only_with_trigger.py
[2023-04-24T12:57:31.768+0000] {logging_mixin.py:137} INFO - [2023-04-24T12:57:31.761+0000] {dag.py:2690} INFO - Sync 1 DAGs
[2023-04-24T12:57:32.406+0000] {logging_mixin.py:137} INFO - [2023-04-24T12:57:32.406+0000] {dag.py:3441} INFO - Setting next_dagrun for latest_only_with_trigger to 2023-04-24T08:57:32.384523+00:00, run_after=2023-04-24T12:57:32.384523+00:00
[2023-04-24T12:57:32.739+0000] {processor.py:175} INFO - Processing /home/airflow/.local/lib/python3.7/site-packages/airflow/example_dags/example_latest_only_with_trigger.py took 13.348 seconds
[2023-04-24T12:58:18.012+0000] {processor.py:153} INFO - Started process (PID=1020) to work on /home/airflow/.local/lib/python3.7/site-packages/airflow/example_dags/example_latest_only_with_trigger.py
[2023-04-24T12:58:18.030+0000] {processor.py:743} INFO - Processing file /home/airflow/.local/lib/python3.7/site-packages/airflow/example_dags/example_latest_only_with_trigger.py for tasks to queue
[2023-04-24T12:58:18.035+0000] {logging_mixin.py:137} INFO - [2023-04-24T12:58:18.034+0000] {dagbag.py:538} INFO - Filling up the DagBag from /home/airflow/.local/lib/python3.7/site-packages/airflow/example_dags/example_latest_only_with_trigger.py
[2023-04-24T12:58:18.202+0000] {processor.py:753} INFO - DAG(s) dict_keys(['latest_only_with_trigger']) retrieved from /home/airflow/.local/lib/python3.7/site-packages/airflow/example_dags/example_latest_only_with_trigger.py
[2023-04-24T12:58:18.377+0000] {logging_mixin.py:137} INFO - [2023-04-24T12:58:18.376+0000] {dag.py:2690} INFO - Sync 1 DAGs
[2023-04-24T12:58:18.489+0000] {logging_mixin.py:137} INFO - [2023-04-24T12:58:18.489+0000] {dag.py:3441} INFO - Setting next_dagrun for latest_only_with_trigger to 2023-04-24T08:58:18.482972+00:00, run_after=2023-04-24T12:58:18.482972+00:00
[2023-04-24T12:58:18.640+0000] {processor.py:175} INFO - Processing /home/airflow/.local/lib/python3.7/site-packages/airflow/example_dags/example_latest_only_with_trigger.py took 0.660 seconds
[2023-04-24T13:03:16.212+0000] {processor.py:153} INFO - Started process (PID=1171) to work on /home/airflow/.local/lib/python3.7/site-packages/airflow/example_dags/example_latest_only_with_trigger.py
[2023-04-24T13:03:16.215+0000] {processor.py:743} INFO - Processing file /home/airflow/.local/lib/python3.7/site-packages/airflow/example_dags/example_latest_only_with_trigger.py for tasks to queue
[2023-04-24T13:03:16.216+0000] {logging_mixin.py:137} INFO - [2023-04-24T13:03:16.216+0000] {dagbag.py:538} INFO - Filling up the DagBag from /home/airflow/.local/lib/python3.7/site-packages/airflow/example_dags/example_latest_only_with_trigger.py
[2023-04-24T13:03:26.293+0000] {processor.py:753} INFO - DAG(s) dict_keys(['latest_only_with_trigger']) retrieved from /home/airflow/.local/lib/python3.7/site-packages/airflow/example_dags/example_latest_only_with_trigger.py
[2023-04-24T13:03:32.825+0000] {logging_mixin.py:137} INFO - [2023-04-24T13:03:32.789+0000] {dag.py:2690} INFO - Sync 1 DAGs
[2023-04-24T13:03:35.655+0000] {logging_mixin.py:137} INFO - [2023-04-24T13:03:35.528+0000] {dag.py:3441} INFO - Setting next_dagrun for latest_only_with_trigger to 2023-04-24T09:03:35.527775+00:00, run_after=2023-04-24T13:03:35.527775+00:00
[2023-04-24T13:03:41.212+0000] {processor.py:175} INFO - Processing /home/airflow/.local/lib/python3.7/site-packages/airflow/example_dags/example_latest_only_with_trigger.py took 25.271 seconds
[2023-04-24T13:04:34.706+0000] {processor.py:153} INFO - Started process (PID=1244) to work on /home/airflow/.local/lib/python3.7/site-packages/airflow/example_dags/example_latest_only_with_trigger.py
[2023-04-24T13:04:34.711+0000] {processor.py:743} INFO - Processing file /home/airflow/.local/lib/python3.7/site-packages/airflow/example_dags/example_latest_only_with_trigger.py for tasks to queue
[2023-04-24T13:04:34.713+0000] {logging_mixin.py:137} INFO - [2023-04-24T13:04:34.713+0000] {dagbag.py:538} INFO - Filling up the DagBag from /home/airflow/.local/lib/python3.7/site-packages/airflow/example_dags/example_latest_only_with_trigger.py
[2023-04-24T13:04:34.812+0000] {processor.py:753} INFO - DAG(s) dict_keys(['latest_only_with_trigger']) retrieved from /home/airflow/.local/lib/python3.7/site-packages/airflow/example_dags/example_latest_only_with_trigger.py
[2023-04-24T13:04:34.999+0000] {logging_mixin.py:137} INFO - [2023-04-24T13:04:34.999+0000] {dag.py:2690} INFO - Sync 1 DAGs
[2023-04-24T13:04:35.173+0000] {logging_mixin.py:137} INFO - [2023-04-24T13:04:35.173+0000] {dag.py:3441} INFO - Setting next_dagrun for latest_only_with_trigger to 2023-04-24T09:04:35.173254+00:00, run_after=2023-04-24T13:04:35.173254+00:00
[2023-04-24T13:04:35.368+0000] {processor.py:175} INFO - Processing /home/airflow/.local/lib/python3.7/site-packages/airflow/example_dags/example_latest_only_with_trigger.py took 0.681 seconds
[2023-04-24T13:11:51.771+0000] {processor.py:153} INFO - Started process (PID=1487) to work on /home/airflow/.local/lib/python3.7/site-packages/airflow/example_dags/example_latest_only_with_trigger.py
[2023-04-24T13:11:51.775+0000] {processor.py:743} INFO - Processing file /home/airflow/.local/lib/python3.7/site-packages/airflow/example_dags/example_latest_only_with_trigger.py for tasks to queue
[2023-04-24T13:11:51.778+0000] {logging_mixin.py:137} INFO - [2023-04-24T13:11:51.778+0000] {dagbag.py:538} INFO - Filling up the DagBag from /home/airflow/.local/lib/python3.7/site-packages/airflow/example_dags/example_latest_only_with_trigger.py
[2023-04-24T13:11:51.811+0000] {processor.py:753} INFO - DAG(s) dict_keys(['latest_only_with_trigger']) retrieved from /home/airflow/.local/lib/python3.7/site-packages/airflow/example_dags/example_latest_only_with_trigger.py
[2023-04-24T13:11:51.860+0000] {logging_mixin.py:137} INFO - [2023-04-24T13:11:51.859+0000] {dag.py:2690} INFO - Sync 1 DAGs
[2023-04-24T13:11:51.907+0000] {logging_mixin.py:137} INFO - [2023-04-24T13:11:51.907+0000] {dag.py:3441} INFO - Setting next_dagrun for latest_only_with_trigger to 2023-04-24T09:11:51.907006+00:00, run_after=2023-04-24T13:11:51.907006+00:00
[2023-04-24T13:11:51.955+0000] {processor.py:175} INFO - Processing /home/airflow/.local/lib/python3.7/site-packages/airflow/example_dags/example_latest_only_with_trigger.py took 0.191 seconds
[2023-04-24T13:12:22.916+0000] {processor.py:153} INFO - Started process (PID=1551) to work on /home/airflow/.local/lib/python3.7/site-packages/airflow/example_dags/example_latest_only_with_trigger.py
[2023-04-24T13:12:22.919+0000] {processor.py:743} INFO - Processing file /home/airflow/.local/lib/python3.7/site-packages/airflow/example_dags/example_latest_only_with_trigger.py for tasks to queue
[2023-04-24T13:12:22.922+0000] {logging_mixin.py:137} INFO - [2023-04-24T13:12:22.921+0000] {dagbag.py:538} INFO - Filling up the DagBag from /home/airflow/.local/lib/python3.7/site-packages/airflow/example_dags/example_latest_only_with_trigger.py
[2023-04-24T13:12:22.944+0000] {processor.py:753} INFO - DAG(s) dict_keys(['latest_only_with_trigger']) retrieved from /home/airflow/.local/lib/python3.7/site-packages/airflow/example_dags/example_latest_only_with_trigger.py
[2023-04-24T13:12:22.968+0000] {logging_mixin.py:137} INFO - [2023-04-24T13:12:22.968+0000] {dag.py:2690} INFO - Sync 1 DAGs
[2023-04-24T13:12:22.995+0000] {logging_mixin.py:137} INFO - [2023-04-24T13:12:22.995+0000] {dag.py:3441} INFO - Setting next_dagrun for latest_only_with_trigger to 2023-04-24T09:12:22.995592+00:00, run_after=2023-04-24T13:12:22.995592+00:00
[2023-04-24T13:12:23.019+0000] {processor.py:175} INFO - Processing /home/airflow/.local/lib/python3.7/site-packages/airflow/example_dags/example_latest_only_with_trigger.py took 0.112 seconds
[2023-04-24T13:12:53.377+0000] {processor.py:153} INFO - Started process (PID=1627) to work on /home/airflow/.local/lib/python3.7/site-packages/airflow/example_dags/example_latest_only_with_trigger.py
[2023-04-24T13:12:53.378+0000] {processor.py:743} INFO - Processing file /home/airflow/.local/lib/python3.7/site-packages/airflow/example_dags/example_latest_only_with_trigger.py for tasks to queue
[2023-04-24T13:12:53.380+0000] {logging_mixin.py:137} INFO - [2023-04-24T13:12:53.380+0000] {dagbag.py:538} INFO - Filling up the DagBag from /home/airflow/.local/lib/python3.7/site-packages/airflow/example_dags/example_latest_only_with_trigger.py
[2023-04-24T13:12:53.397+0000] {processor.py:753} INFO - DAG(s) dict_keys(['latest_only_with_trigger']) retrieved from /home/airflow/.local/lib/python3.7/site-packages/airflow/example_dags/example_latest_only_with_trigger.py
[2023-04-24T13:12:53.420+0000] {logging_mixin.py:137} INFO - [2023-04-24T13:12:53.420+0000] {dag.py:2690} INFO - Sync 1 DAGs
[2023-04-24T13:12:53.436+0000] {logging_mixin.py:137} INFO - [2023-04-24T13:12:53.436+0000] {dag.py:3441} INFO - Setting next_dagrun for latest_only_with_trigger to 2023-04-24T09:12:53.435806+00:00, run_after=2023-04-24T13:12:53.435806+00:00
[2023-04-24T13:12:53.447+0000] {processor.py:175} INFO - Processing /home/airflow/.local/lib/python3.7/site-packages/airflow/example_dags/example_latest_only_with_trigger.py took 0.076 seconds
[2023-04-24T13:13:23.531+0000] {processor.py:153} INFO - Started process (PID=1691) to work on /home/airflow/.local/lib/python3.7/site-packages/airflow/example_dags/example_latest_only_with_trigger.py
[2023-04-24T13:13:23.532+0000] {processor.py:743} INFO - Processing file /home/airflow/.local/lib/python3.7/site-packages/airflow/example_dags/example_latest_only_with_trigger.py for tasks to queue
[2023-04-24T13:13:23.533+0000] {logging_mixin.py:137} INFO - [2023-04-24T13:13:23.533+0000] {dagbag.py:538} INFO - Filling up the DagBag from /home/airflow/.local/lib/python3.7/site-packages/airflow/example_dags/example_latest_only_with_trigger.py
[2023-04-24T13:13:23.544+0000] {processor.py:753} INFO - DAG(s) dict_keys(['latest_only_with_trigger']) retrieved from /home/airflow/.local/lib/python3.7/site-packages/airflow/example_dags/example_latest_only_with_trigger.py
[2023-04-24T13:13:23.564+0000] {logging_mixin.py:137} INFO - [2023-04-24T13:13:23.564+0000] {dag.py:2690} INFO - Sync 1 DAGs
[2023-04-24T13:13:23.586+0000] {logging_mixin.py:137} INFO - [2023-04-24T13:13:23.586+0000] {dag.py:3441} INFO - Setting next_dagrun for latest_only_with_trigger to 2023-04-24T09:13:23.586222+00:00, run_after=2023-04-24T13:13:23.586222+00:00
[2023-04-24T13:13:23.605+0000] {processor.py:175} INFO - Processing /home/airflow/.local/lib/python3.7/site-packages/airflow/example_dags/example_latest_only_with_trigger.py took 0.076 seconds
[2023-04-24T13:13:53.824+0000] {processor.py:153} INFO - Started process (PID=1766) to work on /home/airflow/.local/lib/python3.7/site-packages/airflow/example_dags/example_latest_only_with_trigger.py
[2023-04-24T13:13:53.825+0000] {processor.py:743} INFO - Processing file /home/airflow/.local/lib/python3.7/site-packages/airflow/example_dags/example_latest_only_with_trigger.py for tasks to queue
[2023-04-24T13:13:53.830+0000] {logging_mixin.py:137} INFO - [2023-04-24T13:13:53.830+0000] {dagbag.py:538} INFO - Filling up the DagBag from /home/airflow/.local/lib/python3.7/site-packages/airflow/example_dags/example_latest_only_with_trigger.py
[2023-04-24T13:13:53.841+0000] {processor.py:753} INFO - DAG(s) dict_keys(['latest_only_with_trigger']) retrieved from /home/airflow/.local/lib/python3.7/site-packages/airflow/example_dags/example_latest_only_with_trigger.py
[2023-04-24T13:13:53.861+0000] {logging_mixin.py:137} INFO - [2023-04-24T13:13:53.860+0000] {dag.py:2690} INFO - Sync 1 DAGs
[2023-04-24T13:13:53.877+0000] {logging_mixin.py:137} INFO - [2023-04-24T13:13:53.877+0000] {dag.py:3441} INFO - Setting next_dagrun for latest_only_with_trigger to 2023-04-24T09:13:53.877437+00:00, run_after=2023-04-24T13:13:53.877437+00:00
[2023-04-24T13:13:53.889+0000] {processor.py:175} INFO - Processing /home/airflow/.local/lib/python3.7/site-packages/airflow/example_dags/example_latest_only_with_trigger.py took 0.069 seconds
[2023-04-24T13:14:24.155+0000] {processor.py:153} INFO - Started process (PID=1842) to work on /home/airflow/.local/lib/python3.7/site-packages/airflow/example_dags/example_latest_only_with_trigger.py
[2023-04-24T13:14:24.157+0000] {processor.py:743} INFO - Processing file /home/airflow/.local/lib/python3.7/site-packages/airflow/example_dags/example_latest_only_with_trigger.py for tasks to queue
[2023-04-24T13:14:24.159+0000] {logging_mixin.py:137} INFO - [2023-04-24T13:14:24.159+0000] {dagbag.py:538} INFO - Filling up the DagBag from /home/airflow/.local/lib/python3.7/site-packages/airflow/example_dags/example_latest_only_with_trigger.py
[2023-04-24T13:14:24.177+0000] {processor.py:753} INFO - DAG(s) dict_keys(['latest_only_with_trigger']) retrieved from /home/airflow/.local/lib/python3.7/site-packages/airflow/example_dags/example_latest_only_with_trigger.py
[2023-04-24T13:14:24.202+0000] {logging_mixin.py:137} INFO - [2023-04-24T13:14:24.202+0000] {dag.py:2690} INFO - Sync 1 DAGs
[2023-04-24T13:14:24.218+0000] {logging_mixin.py:137} INFO - [2023-04-24T13:14:24.218+0000] {dag.py:3441} INFO - Setting next_dagrun for latest_only_with_trigger to 2023-04-24T09:14:24.218512+00:00, run_after=2023-04-24T13:14:24.218512+00:00
[2023-04-24T13:14:24.230+0000] {processor.py:175} INFO - Processing /home/airflow/.local/lib/python3.7/site-packages/airflow/example_dags/example_latest_only_with_trigger.py took 0.082 seconds
[2023-04-24T13:14:54.335+0000] {processor.py:153} INFO - Started process (PID=1906) to work on /home/airflow/.local/lib/python3.7/site-packages/airflow/example_dags/example_latest_only_with_trigger.py
[2023-04-24T13:14:54.336+0000] {processor.py:743} INFO - Processing file /home/airflow/.local/lib/python3.7/site-packages/airflow/example_dags/example_latest_only_with_trigger.py for tasks to queue
[2023-04-24T13:14:54.337+0000] {logging_mixin.py:137} INFO - [2023-04-24T13:14:54.337+0000] {dagbag.py:538} INFO - Filling up the DagBag from /home/airflow/.local/lib/python3.7/site-packages/airflow/example_dags/example_latest_only_with_trigger.py
[2023-04-24T13:14:54.349+0000] {processor.py:753} INFO - DAG(s) dict_keys(['latest_only_with_trigger']) retrieved from /home/airflow/.local/lib/python3.7/site-packages/airflow/example_dags/example_latest_only_with_trigger.py
[2023-04-24T13:14:54.370+0000] {logging_mixin.py:137} INFO - [2023-04-24T13:14:54.370+0000] {dag.py:2690} INFO - Sync 1 DAGs
[2023-04-24T13:14:54.386+0000] {logging_mixin.py:137} INFO - [2023-04-24T13:14:54.386+0000] {dag.py:3441} INFO - Setting next_dagrun for latest_only_with_trigger to 2023-04-24T09:14:54.386502+00:00, run_after=2023-04-24T13:14:54.386502+00:00
[2023-04-24T13:14:54.400+0000] {processor.py:175} INFO - Processing /home/airflow/.local/lib/python3.7/site-packages/airflow/example_dags/example_latest_only_with_trigger.py took 0.069 seconds
[2023-04-24T13:15:24.665+0000] {processor.py:153} INFO - Started process (PID=1982) to work on /home/airflow/.local/lib/python3.7/site-packages/airflow/example_dags/example_latest_only_with_trigger.py
[2023-04-24T13:15:24.668+0000] {processor.py:743} INFO - Processing file /home/airflow/.local/lib/python3.7/site-packages/airflow/example_dags/example_latest_only_with_trigger.py for tasks to queue
[2023-04-24T13:15:24.669+0000] {logging_mixin.py:137} INFO - [2023-04-24T13:15:24.669+0000] {dagbag.py:538} INFO - Filling up the DagBag from /home/airflow/.local/lib/python3.7/site-packages/airflow/example_dags/example_latest_only_with_trigger.py
[2023-04-24T13:15:24.681+0000] {processor.py:753} INFO - DAG(s) dict_keys(['latest_only_with_trigger']) retrieved from /home/airflow/.local/lib/python3.7/site-packages/airflow/example_dags/example_latest_only_with_trigger.py
[2023-04-24T13:15:24.704+0000] {logging_mixin.py:137} INFO - [2023-04-24T13:15:24.703+0000] {dag.py:2690} INFO - Sync 1 DAGs
[2023-04-24T13:15:24.723+0000] {logging_mixin.py:137} INFO - [2023-04-24T13:15:24.723+0000] {dag.py:3441} INFO - Setting next_dagrun for latest_only_with_trigger to 2023-04-24T09:15:24.723285+00:00, run_after=2023-04-24T13:15:24.723285+00:00
[2023-04-24T13:15:24.739+0000] {processor.py:175} INFO - Processing /home/airflow/.local/lib/python3.7/site-packages/airflow/example_dags/example_latest_only_with_trigger.py took 0.079 seconds
[2023-04-24T13:15:54.993+0000] {processor.py:153} INFO - Started process (PID=2060) to work on /home/airflow/.local/lib/python3.7/site-packages/airflow/example_dags/example_latest_only_with_trigger.py
[2023-04-24T13:15:54.995+0000] {processor.py:743} INFO - Processing file /home/airflow/.local/lib/python3.7/site-packages/airflow/example_dags/example_latest_only_with_trigger.py for tasks to queue
[2023-04-24T13:15:54.997+0000] {logging_mixin.py:137} INFO - [2023-04-24T13:15:54.997+0000] {dagbag.py:538} INFO - Filling up the DagBag from /home/airflow/.local/lib/python3.7/site-packages/airflow/example_dags/example_latest_only_with_trigger.py
[2023-04-24T13:15:55.015+0000] {processor.py:753} INFO - DAG(s) dict_keys(['latest_only_with_trigger']) retrieved from /home/airflow/.local/lib/python3.7/site-packages/airflow/example_dags/example_latest_only_with_trigger.py
[2023-04-24T13:15:55.040+0000] {logging_mixin.py:137} INFO - [2023-04-24T13:15:55.040+0000] {dag.py:2690} INFO - Sync 1 DAGs
[2023-04-24T13:15:55.057+0000] {logging_mixin.py:137} INFO - [2023-04-24T13:15:55.057+0000] {dag.py:3441} INFO - Setting next_dagrun for latest_only_with_trigger to 2023-04-24T09:15:55.057302+00:00, run_after=2023-04-24T13:15:55.057302+00:00
[2023-04-24T13:15:55.069+0000] {processor.py:175} INFO - Processing /home/airflow/.local/lib/python3.7/site-packages/airflow/example_dags/example_latest_only_with_trigger.py took 0.082 seconds
[2023-04-24T13:16:25.733+0000] {processor.py:153} INFO - Started process (PID=2137) to work on /home/airflow/.local/lib/python3.7/site-packages/airflow/example_dags/example_latest_only_with_trigger.py
[2023-04-24T13:16:25.735+0000] {processor.py:743} INFO - Processing file /home/airflow/.local/lib/python3.7/site-packages/airflow/example_dags/example_latest_only_with_trigger.py for tasks to queue
[2023-04-24T13:16:25.736+0000] {logging_mixin.py:137} INFO - [2023-04-24T13:16:25.736+0000] {dagbag.py:538} INFO - Filling up the DagBag from /home/airflow/.local/lib/python3.7/site-packages/airflow/example_dags/example_latest_only_with_trigger.py
[2023-04-24T13:16:25.751+0000] {processor.py:753} INFO - DAG(s) dict_keys(['latest_only_with_trigger']) retrieved from /home/airflow/.local/lib/python3.7/site-packages/airflow/example_dags/example_latest_only_with_trigger.py
[2023-04-24T13:16:25.766+0000] {logging_mixin.py:137} INFO - [2023-04-24T13:16:25.766+0000] {dag.py:2690} INFO - Sync 1 DAGs
[2023-04-24T13:16:25.784+0000] {logging_mixin.py:137} INFO - [2023-04-24T13:16:25.784+0000] {dag.py:3441} INFO - Setting next_dagrun for latest_only_with_trigger to 2023-04-24T09:16:25.784491+00:00, run_after=2023-04-24T13:16:25.784491+00:00
[2023-04-24T13:16:25.800+0000] {processor.py:175} INFO - Processing /home/airflow/.local/lib/python3.7/site-packages/airflow/example_dags/example_latest_only_with_trigger.py took 0.070 seconds
[2023-04-24T13:16:56.145+0000] {processor.py:153} INFO - Started process (PID=2201) to work on /home/airflow/.local/lib/python3.7/site-packages/airflow/example_dags/example_latest_only_with_trigger.py
[2023-04-24T13:16:56.147+0000] {processor.py:743} INFO - Processing file /home/airflow/.local/lib/python3.7/site-packages/airflow/example_dags/example_latest_only_with_trigger.py for tasks to queue
[2023-04-24T13:16:56.148+0000] {logging_mixin.py:137} INFO - [2023-04-24T13:16:56.148+0000] {dagbag.py:538} INFO - Filling up the DagBag from /home/airflow/.local/lib/python3.7/site-packages/airflow/example_dags/example_latest_only_with_trigger.py
[2023-04-24T13:16:56.166+0000] {processor.py:753} INFO - DAG(s) dict_keys(['latest_only_with_trigger']) retrieved from /home/airflow/.local/lib/python3.7/site-packages/airflow/example_dags/example_latest_only_with_trigger.py
[2023-04-24T13:16:56.190+0000] {logging_mixin.py:137} INFO - [2023-04-24T13:16:56.190+0000] {dag.py:2690} INFO - Sync 1 DAGs
[2023-04-24T13:16:56.206+0000] {logging_mixin.py:137} INFO - [2023-04-24T13:16:56.206+0000] {dag.py:3441} INFO - Setting next_dagrun for latest_only_with_trigger to 2023-04-24T09:16:56.206650+00:00, run_after=2023-04-24T13:16:56.206650+00:00
[2023-04-24T13:16:56.218+0000] {processor.py:175} INFO - Processing /home/airflow/.local/lib/python3.7/site-packages/airflow/example_dags/example_latest_only_with_trigger.py took 0.079 seconds
[2023-04-24T13:17:26.594+0000] {processor.py:153} INFO - Started process (PID=2277) to work on /home/airflow/.local/lib/python3.7/site-packages/airflow/example_dags/example_latest_only_with_trigger.py
[2023-04-24T13:17:26.597+0000] {processor.py:743} INFO - Processing file /home/airflow/.local/lib/python3.7/site-packages/airflow/example_dags/example_latest_only_with_trigger.py for tasks to queue
[2023-04-24T13:17:26.598+0000] {logging_mixin.py:137} INFO - [2023-04-24T13:17:26.598+0000] {dagbag.py:538} INFO - Filling up the DagBag from /home/airflow/.local/lib/python3.7/site-packages/airflow/example_dags/example_latest_only_with_trigger.py
[2023-04-24T13:17:26.614+0000] {processor.py:753} INFO - DAG(s) dict_keys(['latest_only_with_trigger']) retrieved from /home/airflow/.local/lib/python3.7/site-packages/airflow/example_dags/example_latest_only_with_trigger.py
[2023-04-24T13:17:26.637+0000] {logging_mixin.py:137} INFO - [2023-04-24T13:17:26.636+0000] {dag.py:2690} INFO - Sync 1 DAGs
[2023-04-24T13:17:26.653+0000] {logging_mixin.py:137} INFO - [2023-04-24T13:17:26.652+0000] {dag.py:3441} INFO - Setting next_dagrun for latest_only_with_trigger to 2023-04-24T09:17:26.652751+00:00, run_after=2023-04-24T13:17:26.652751+00:00
[2023-04-24T13:17:26.664+0000] {processor.py:175} INFO - Processing /home/airflow/.local/lib/python3.7/site-packages/airflow/example_dags/example_latest_only_with_trigger.py took 0.074 seconds
[2023-04-24T13:17:56.997+0000] {processor.py:153} INFO - Started process (PID=2353) to work on /home/airflow/.local/lib/python3.7/site-packages/airflow/example_dags/example_latest_only_with_trigger.py
[2023-04-24T13:17:56.999+0000] {processor.py:743} INFO - Processing file /home/airflow/.local/lib/python3.7/site-packages/airflow/example_dags/example_latest_only_with_trigger.py for tasks to queue
[2023-04-24T13:17:57.000+0000] {logging_mixin.py:137} INFO - [2023-04-24T13:17:57.000+0000] {dagbag.py:538} INFO - Filling up the DagBag from /home/airflow/.local/lib/python3.7/site-packages/airflow/example_dags/example_latest_only_with_trigger.py
[2023-04-24T13:17:57.016+0000] {processor.py:753} INFO - DAG(s) dict_keys(['latest_only_with_trigger']) retrieved from /home/airflow/.local/lib/python3.7/site-packages/airflow/example_dags/example_latest_only_with_trigger.py
[2023-04-24T13:17:57.039+0000] {logging_mixin.py:137} INFO - [2023-04-24T13:17:57.039+0000] {dag.py:2690} INFO - Sync 1 DAGs
[2023-04-24T13:17:57.056+0000] {logging_mixin.py:137} INFO - [2023-04-24T13:17:57.056+0000] {dag.py:3441} INFO - Setting next_dagrun for latest_only_with_trigger to 2023-04-24T09:17:57.055981+00:00, run_after=2023-04-24T13:17:57.055981+00:00
[2023-04-24T13:17:57.069+0000] {processor.py:175} INFO - Processing /home/airflow/.local/lib/python3.7/site-packages/airflow/example_dags/example_latest_only_with_trigger.py took 0.077 seconds
[2023-04-24T13:18:27.292+0000] {processor.py:153} INFO - Started process (PID=2417) to work on /home/airflow/.local/lib/python3.7/site-packages/airflow/example_dags/example_latest_only_with_trigger.py
[2023-04-24T13:18:27.294+0000] {processor.py:743} INFO - Processing file /home/airflow/.local/lib/python3.7/site-packages/airflow/example_dags/example_latest_only_with_trigger.py for tasks to queue
[2023-04-24T13:18:27.296+0000] {logging_mixin.py:137} INFO - [2023-04-24T13:18:27.296+0000] {dagbag.py:538} INFO - Filling up the DagBag from /home/airflow/.local/lib/python3.7/site-packages/airflow/example_dags/example_latest_only_with_trigger.py
[2023-04-24T13:18:27.312+0000] {processor.py:753} INFO - DAG(s) dict_keys(['latest_only_with_trigger']) retrieved from /home/airflow/.local/lib/python3.7/site-packages/airflow/example_dags/example_latest_only_with_trigger.py
[2023-04-24T13:18:27.336+0000] {logging_mixin.py:137} INFO - [2023-04-24T13:18:27.336+0000] {dag.py:2690} INFO - Sync 1 DAGs
[2023-04-24T13:18:27.351+0000] {logging_mixin.py:137} INFO - [2023-04-24T13:18:27.351+0000] {dag.py:3441} INFO - Setting next_dagrun for latest_only_with_trigger to 2023-04-24T09:18:27.351272+00:00, run_after=2023-04-24T13:18:27.351272+00:00
[2023-04-24T13:18:27.362+0000] {processor.py:175} INFO - Processing /home/airflow/.local/lib/python3.7/site-packages/airflow/example_dags/example_latest_only_with_trigger.py took 0.076 seconds
[2023-04-24T13:18:57.395+0000] {processor.py:153} INFO - Started process (PID=2493) to work on /home/airflow/.local/lib/python3.7/site-packages/airflow/example_dags/example_latest_only_with_trigger.py
[2023-04-24T13:18:57.396+0000] {processor.py:743} INFO - Processing file /home/airflow/.local/lib/python3.7/site-packages/airflow/example_dags/example_latest_only_with_trigger.py for tasks to queue
[2023-04-24T13:18:57.397+0000] {logging_mixin.py:137} INFO - [2023-04-24T13:18:57.397+0000] {dagbag.py:538} INFO - Filling up the DagBag from /home/airflow/.local/lib/python3.7/site-packages/airflow/example_dags/example_latest_only_with_trigger.py
[2023-04-24T13:18:57.409+0000] {processor.py:753} INFO - DAG(s) dict_keys(['latest_only_with_trigger']) retrieved from /home/airflow/.local/lib/python3.7/site-packages/airflow/example_dags/example_latest_only_with_trigger.py
[2023-04-24T13:18:57.430+0000] {logging_mixin.py:137} INFO - [2023-04-24T13:18:57.430+0000] {dag.py:2690} INFO - Sync 1 DAGs
[2023-04-24T13:18:57.446+0000] {logging_mixin.py:137} INFO - [2023-04-24T13:18:57.446+0000] {dag.py:3441} INFO - Setting next_dagrun for latest_only_with_trigger to 2023-04-24T09:18:57.446294+00:00, run_after=2023-04-24T13:18:57.446294+00:00
[2023-04-24T13:18:57.460+0000] {processor.py:175} INFO - Processing /home/airflow/.local/lib/python3.7/site-packages/airflow/example_dags/example_latest_only_with_trigger.py took 0.069 seconds
[2023-04-24T13:19:27.721+0000] {processor.py:153} INFO - Started process (PID=2569) to work on /home/airflow/.local/lib/python3.7/site-packages/airflow/example_dags/example_latest_only_with_trigger.py
[2023-04-24T13:19:27.724+0000] {processor.py:743} INFO - Processing file /home/airflow/.local/lib/python3.7/site-packages/airflow/example_dags/example_latest_only_with_trigger.py for tasks to queue
[2023-04-24T13:19:27.728+0000] {logging_mixin.py:137} INFO - [2023-04-24T13:19:27.728+0000] {dagbag.py:538} INFO - Filling up the DagBag from /home/airflow/.local/lib/python3.7/site-packages/airflow/example_dags/example_latest_only_with_trigger.py
[2023-04-24T13:19:27.742+0000] {processor.py:753} INFO - DAG(s) dict_keys(['latest_only_with_trigger']) retrieved from /home/airflow/.local/lib/python3.7/site-packages/airflow/example_dags/example_latest_only_with_trigger.py
[2023-04-24T13:19:27.765+0000] {logging_mixin.py:137} INFO - [2023-04-24T13:19:27.765+0000] {dag.py:2690} INFO - Sync 1 DAGs
[2023-04-24T13:19:27.787+0000] {logging_mixin.py:137} INFO - [2023-04-24T13:19:27.787+0000] {dag.py:3441} INFO - Setting next_dagrun for latest_only_with_trigger to 2023-04-24T09:19:27.787404+00:00, run_after=2023-04-24T13:19:27.787404+00:00
[2023-04-24T13:19:27.798+0000] {processor.py:175} INFO - Processing /home/airflow/.local/lib/python3.7/site-packages/airflow/example_dags/example_latest_only_with_trigger.py took 0.082 seconds
[2023-04-24T13:19:58.159+0000] {processor.py:153} INFO - Started process (PID=2635) to work on /home/airflow/.local/lib/python3.7/site-packages/airflow/example_dags/example_latest_only_with_trigger.py
[2023-04-24T13:19:58.162+0000] {processor.py:743} INFO - Processing file /home/airflow/.local/lib/python3.7/site-packages/airflow/example_dags/example_latest_only_with_trigger.py for tasks to queue
[2023-04-24T13:19:58.164+0000] {logging_mixin.py:137} INFO - [2023-04-24T13:19:58.164+0000] {dagbag.py:538} INFO - Filling up the DagBag from /home/airflow/.local/lib/python3.7/site-packages/airflow/example_dags/example_latest_only_with_trigger.py
[2023-04-24T13:19:58.183+0000] {processor.py:753} INFO - DAG(s) dict_keys(['latest_only_with_trigger']) retrieved from /home/airflow/.local/lib/python3.7/site-packages/airflow/example_dags/example_latest_only_with_trigger.py
[2023-04-24T13:19:58.214+0000] {logging_mixin.py:137} INFO - [2023-04-24T13:19:58.214+0000] {dag.py:2690} INFO - Sync 1 DAGs
[2023-04-24T13:19:58.233+0000] {logging_mixin.py:137} INFO - [2023-04-24T13:19:58.233+0000] {dag.py:3441} INFO - Setting next_dagrun for latest_only_with_trigger to 2023-04-24T09:19:58.232993+00:00, run_after=2023-04-24T13:19:58.232993+00:00
[2023-04-24T13:19:58.245+0000] {processor.py:175} INFO - Processing /home/airflow/.local/lib/python3.7/site-packages/airflow/example_dags/example_latest_only_with_trigger.py took 0.092 seconds
[2023-04-24T13:20:28.599+0000] {processor.py:153} INFO - Started process (PID=2715) to work on /home/airflow/.local/lib/python3.7/site-packages/airflow/example_dags/example_latest_only_with_trigger.py
[2023-04-24T13:20:28.601+0000] {processor.py:743} INFO - Processing file /home/airflow/.local/lib/python3.7/site-packages/airflow/example_dags/example_latest_only_with_trigger.py for tasks to queue
[2023-04-24T13:20:28.602+0000] {logging_mixin.py:137} INFO - [2023-04-24T13:20:28.602+0000] {dagbag.py:538} INFO - Filling up the DagBag from /home/airflow/.local/lib/python3.7/site-packages/airflow/example_dags/example_latest_only_with_trigger.py
[2023-04-24T13:20:28.616+0000] {processor.py:753} INFO - DAG(s) dict_keys(['latest_only_with_trigger']) retrieved from /home/airflow/.local/lib/python3.7/site-packages/airflow/example_dags/example_latest_only_with_trigger.py
[2023-04-24T13:20:28.645+0000] {logging_mixin.py:137} INFO - [2023-04-24T13:20:28.645+0000] {dag.py:2690} INFO - Sync 1 DAGs
[2023-04-24T13:20:28.666+0000] {logging_mixin.py:137} INFO - [2023-04-24T13:20:28.666+0000] {dag.py:3441} INFO - Setting next_dagrun for latest_only_with_trigger to 2023-04-24T09:20:28.666352+00:00, run_after=2023-04-24T13:20:28.666352+00:00
[2023-04-24T13:20:28.678+0000] {processor.py:175} INFO - Processing /home/airflow/.local/lib/python3.7/site-packages/airflow/example_dags/example_latest_only_with_trigger.py took 0.089 seconds
[2023-04-24T13:20:59.078+0000] {processor.py:153} INFO - Started process (PID=2792) to work on /home/airflow/.local/lib/python3.7/site-packages/airflow/example_dags/example_latest_only_with_trigger.py
[2023-04-24T13:20:59.081+0000] {processor.py:743} INFO - Processing file /home/airflow/.local/lib/python3.7/site-packages/airflow/example_dags/example_latest_only_with_trigger.py for tasks to queue
[2023-04-24T13:20:59.084+0000] {logging_mixin.py:137} INFO - [2023-04-24T13:20:59.084+0000] {dagbag.py:538} INFO - Filling up the DagBag from /home/airflow/.local/lib/python3.7/site-packages/airflow/example_dags/example_latest_only_with_trigger.py
[2023-04-24T13:20:59.105+0000] {processor.py:753} INFO - DAG(s) dict_keys(['latest_only_with_trigger']) retrieved from /home/airflow/.local/lib/python3.7/site-packages/airflow/example_dags/example_latest_only_with_trigger.py
[2023-04-24T13:20:59.131+0000] {logging_mixin.py:137} INFO - [2023-04-24T13:20:59.130+0000] {dag.py:2690} INFO - Sync 1 DAGs
[2023-04-24T13:20:59.149+0000] {logging_mixin.py:137} INFO - [2023-04-24T13:20:59.149+0000] {dag.py:3441} INFO - Setting next_dagrun for latest_only_with_trigger to 2023-04-24T09:20:59.149109+00:00, run_after=2023-04-24T13:20:59.149109+00:00
[2023-04-24T13:20:59.161+0000] {processor.py:175} INFO - Processing /home/airflow/.local/lib/python3.7/site-packages/airflow/example_dags/example_latest_only_with_trigger.py took 0.096 seconds
[2023-04-24T13:21:29.410+0000] {processor.py:153} INFO - Started process (PID=2869) to work on /home/airflow/.local/lib/python3.7/site-packages/airflow/example_dags/example_latest_only_with_trigger.py
[2023-04-24T13:21:29.413+0000] {processor.py:743} INFO - Processing file /home/airflow/.local/lib/python3.7/site-packages/airflow/example_dags/example_latest_only_with_trigger.py for tasks to queue
[2023-04-24T13:21:29.416+0000] {logging_mixin.py:137} INFO - [2023-04-24T13:21:29.416+0000] {dagbag.py:538} INFO - Filling up the DagBag from /home/airflow/.local/lib/python3.7/site-packages/airflow/example_dags/example_latest_only_with_trigger.py
[2023-04-24T13:21:29.428+0000] {processor.py:753} INFO - DAG(s) dict_keys(['latest_only_with_trigger']) retrieved from /home/airflow/.local/lib/python3.7/site-packages/airflow/example_dags/example_latest_only_with_trigger.py
[2023-04-24T13:21:29.453+0000] {logging_mixin.py:137} INFO - [2023-04-24T13:21:29.453+0000] {dag.py:2690} INFO - Sync 1 DAGs
[2023-04-24T13:21:29.470+0000] {logging_mixin.py:137} INFO - [2023-04-24T13:21:29.470+0000] {dag.py:3441} INFO - Setting next_dagrun for latest_only_with_trigger to 2023-04-24T09:21:29.470170+00:00, run_after=2023-04-24T13:21:29.470170+00:00
[2023-04-24T13:21:29.482+0000] {processor.py:175} INFO - Processing /home/airflow/.local/lib/python3.7/site-packages/airflow/example_dags/example_latest_only_with_trigger.py took 0.075 seconds
[2023-04-24T13:21:59.623+0000] {processor.py:153} INFO - Started process (PID=2933) to work on /home/airflow/.local/lib/python3.7/site-packages/airflow/example_dags/example_latest_only_with_trigger.py
[2023-04-24T13:21:59.625+0000] {processor.py:743} INFO - Processing file /home/airflow/.local/lib/python3.7/site-packages/airflow/example_dags/example_latest_only_with_trigger.py for tasks to queue
[2023-04-24T13:21:59.626+0000] {logging_mixin.py:137} INFO - [2023-04-24T13:21:59.625+0000] {dagbag.py:538} INFO - Filling up the DagBag from /home/airflow/.local/lib/python3.7/site-packages/airflow/example_dags/example_latest_only_with_trigger.py
[2023-04-24T13:21:59.637+0000] {processor.py:753} INFO - DAG(s) dict_keys(['latest_only_with_trigger']) retrieved from /home/airflow/.local/lib/python3.7/site-packages/airflow/example_dags/example_latest_only_with_trigger.py
[2023-04-24T13:21:59.657+0000] {logging_mixin.py:137} INFO - [2023-04-24T13:21:59.657+0000] {dag.py:2690} INFO - Sync 1 DAGs
[2023-04-24T13:21:59.673+0000] {logging_mixin.py:137} INFO - [2023-04-24T13:21:59.673+0000] {dag.py:3441} INFO - Setting next_dagrun for latest_only_with_trigger to 2023-04-24T09:21:59.673603+00:00, run_after=2023-04-24T13:21:59.673603+00:00
[2023-04-24T13:21:59.685+0000] {processor.py:175} INFO - Processing /home/airflow/.local/lib/python3.7/site-packages/airflow/example_dags/example_latest_only_with_trigger.py took 0.064 seconds
[2023-04-24T13:22:29.900+0000] {processor.py:153} INFO - Started process (PID=3009) to work on /home/airflow/.local/lib/python3.7/site-packages/airflow/example_dags/example_latest_only_with_trigger.py
[2023-04-24T13:22:29.902+0000] {processor.py:743} INFO - Processing file /home/airflow/.local/lib/python3.7/site-packages/airflow/example_dags/example_latest_only_with_trigger.py for tasks to queue
[2023-04-24T13:22:29.903+0000] {logging_mixin.py:137} INFO - [2023-04-24T13:22:29.903+0000] {dagbag.py:538} INFO - Filling up the DagBag from /home/airflow/.local/lib/python3.7/site-packages/airflow/example_dags/example_latest_only_with_trigger.py
[2023-04-24T13:22:29.922+0000] {processor.py:753} INFO - DAG(s) dict_keys(['latest_only_with_trigger']) retrieved from /home/airflow/.local/lib/python3.7/site-packages/airflow/example_dags/example_latest_only_with_trigger.py
[2023-04-24T13:22:29.946+0000] {logging_mixin.py:137} INFO - [2023-04-24T13:22:29.945+0000] {dag.py:2690} INFO - Sync 1 DAGs
[2023-04-24T13:22:29.961+0000] {logging_mixin.py:137} INFO - [2023-04-24T13:22:29.961+0000] {dag.py:3441} INFO - Setting next_dagrun for latest_only_with_trigger to 2023-04-24T09:22:29.961631+00:00, run_after=2023-04-24T13:22:29.961631+00:00
[2023-04-24T13:22:29.974+0000] {processor.py:175} INFO - Processing /home/airflow/.local/lib/python3.7/site-packages/airflow/example_dags/example_latest_only_with_trigger.py took 0.080 seconds
[2023-04-24T13:23:00.288+0000] {processor.py:153} INFO - Started process (PID=3087) to work on /home/airflow/.local/lib/python3.7/site-packages/airflow/example_dags/example_latest_only_with_trigger.py
[2023-04-24T13:23:00.290+0000] {processor.py:743} INFO - Processing file /home/airflow/.local/lib/python3.7/site-packages/airflow/example_dags/example_latest_only_with_trigger.py for tasks to queue
[2023-04-24T13:23:00.291+0000] {logging_mixin.py:137} INFO - [2023-04-24T13:23:00.291+0000] {dagbag.py:538} INFO - Filling up the DagBag from /home/airflow/.local/lib/python3.7/site-packages/airflow/example_dags/example_latest_only_with_trigger.py
[2023-04-24T13:23:00.308+0000] {processor.py:753} INFO - DAG(s) dict_keys(['latest_only_with_trigger']) retrieved from /home/airflow/.local/lib/python3.7/site-packages/airflow/example_dags/example_latest_only_with_trigger.py
[2023-04-24T13:23:00.332+0000] {logging_mixin.py:137} INFO - [2023-04-24T13:23:00.331+0000] {dag.py:2690} INFO - Sync 1 DAGs
[2023-04-24T13:23:00.348+0000] {logging_mixin.py:137} INFO - [2023-04-24T13:23:00.348+0000] {dag.py:3441} INFO - Setting next_dagrun for latest_only_with_trigger to 2023-04-24T09:23:00.348085+00:00, run_after=2023-04-24T13:23:00.348085+00:00
[2023-04-24T13:23:00.361+0000] {processor.py:175} INFO - Processing /home/airflow/.local/lib/python3.7/site-packages/airflow/example_dags/example_latest_only_with_trigger.py took 0.079 seconds
[2023-04-24T13:23:30.821+0000] {processor.py:153} INFO - Started process (PID=3158) to work on /home/airflow/.local/lib/python3.7/site-packages/airflow/example_dags/example_latest_only_with_trigger.py
[2023-04-24T13:23:30.823+0000] {processor.py:743} INFO - Processing file /home/airflow/.local/lib/python3.7/site-packages/airflow/example_dags/example_latest_only_with_trigger.py for tasks to queue
[2023-04-24T13:23:30.825+0000] {logging_mixin.py:137} INFO - [2023-04-24T13:23:30.825+0000] {dagbag.py:538} INFO - Filling up the DagBag from /home/airflow/.local/lib/python3.7/site-packages/airflow/example_dags/example_latest_only_with_trigger.py
[2023-04-24T13:23:30.842+0000] {processor.py:753} INFO - DAG(s) dict_keys(['latest_only_with_trigger']) retrieved from /home/airflow/.local/lib/python3.7/site-packages/airflow/example_dags/example_latest_only_with_trigger.py
[2023-04-24T13:23:30.866+0000] {logging_mixin.py:137} INFO - [2023-04-24T13:23:30.866+0000] {dag.py:2690} INFO - Sync 1 DAGs
[2023-04-24T13:23:30.882+0000] {logging_mixin.py:137} INFO - [2023-04-24T13:23:30.882+0000] {dag.py:3441} INFO - Setting next_dagrun for latest_only_with_trigger to 2023-04-24T09:23:30.882009+00:00, run_after=2023-04-24T13:23:30.882009+00:00
[2023-04-24T13:23:30.894+0000] {processor.py:175} INFO - Processing /home/airflow/.local/lib/python3.7/site-packages/airflow/example_dags/example_latest_only_with_trigger.py took 0.078 seconds
[2023-04-24T13:24:01.123+0000] {processor.py:153} INFO - Started process (PID=3236) to work on /home/airflow/.local/lib/python3.7/site-packages/airflow/example_dags/example_latest_only_with_trigger.py
[2023-04-24T13:24:01.124+0000] {processor.py:743} INFO - Processing file /home/airflow/.local/lib/python3.7/site-packages/airflow/example_dags/example_latest_only_with_trigger.py for tasks to queue
[2023-04-24T13:24:01.125+0000] {logging_mixin.py:137} INFO - [2023-04-24T13:24:01.125+0000] {dagbag.py:538} INFO - Filling up the DagBag from /home/airflow/.local/lib/python3.7/site-packages/airflow/example_dags/example_latest_only_with_trigger.py
[2023-04-24T13:24:01.139+0000] {processor.py:753} INFO - DAG(s) dict_keys(['latest_only_with_trigger']) retrieved from /home/airflow/.local/lib/python3.7/site-packages/airflow/example_dags/example_latest_only_with_trigger.py
[2023-04-24T13:24:01.162+0000] {logging_mixin.py:137} INFO - [2023-04-24T13:24:01.162+0000] {dag.py:2690} INFO - Sync 1 DAGs
[2023-04-24T13:24:01.181+0000] {logging_mixin.py:137} INFO - [2023-04-24T13:24:01.181+0000] {dag.py:3441} INFO - Setting next_dagrun for latest_only_with_trigger to 2023-04-24T09:24:01.181187+00:00, run_after=2023-04-24T13:24:01.181187+00:00
[2023-04-24T13:24:01.193+0000] {processor.py:175} INFO - Processing /home/airflow/.local/lib/python3.7/site-packages/airflow/example_dags/example_latest_only_with_trigger.py took 0.076 seconds
[2023-04-24T13:24:31.420+0000] {processor.py:153} INFO - Started process (PID=3312) to work on /home/airflow/.local/lib/python3.7/site-packages/airflow/example_dags/example_latest_only_with_trigger.py
[2023-04-24T13:24:31.421+0000] {processor.py:743} INFO - Processing file /home/airflow/.local/lib/python3.7/site-packages/airflow/example_dags/example_latest_only_with_trigger.py for tasks to queue
[2023-04-24T13:24:31.422+0000] {logging_mixin.py:137} INFO - [2023-04-24T13:24:31.422+0000] {dagbag.py:538} INFO - Filling up the DagBag from /home/airflow/.local/lib/python3.7/site-packages/airflow/example_dags/example_latest_only_with_trigger.py
[2023-04-24T13:24:31.432+0000] {processor.py:753} INFO - DAG(s) dict_keys(['latest_only_with_trigger']) retrieved from /home/airflow/.local/lib/python3.7/site-packages/airflow/example_dags/example_latest_only_with_trigger.py
[2023-04-24T13:24:31.453+0000] {logging_mixin.py:137} INFO - [2023-04-24T13:24:31.453+0000] {dag.py:2690} INFO - Sync 1 DAGs
[2023-04-24T13:24:31.472+0000] {logging_mixin.py:137} INFO - [2023-04-24T13:24:31.472+0000] {dag.py:3441} INFO - Setting next_dagrun for latest_only_with_trigger to 2023-04-24T09:24:31.472160+00:00, run_after=2023-04-24T13:24:31.472160+00:00
[2023-04-24T13:24:31.487+0000] {processor.py:175} INFO - Processing /home/airflow/.local/lib/python3.7/site-packages/airflow/example_dags/example_latest_only_with_trigger.py took 0.072 seconds
[2023-04-24T13:25:01.689+0000] {processor.py:153} INFO - Started process (PID=3376) to work on /home/airflow/.local/lib/python3.7/site-packages/airflow/example_dags/example_latest_only_with_trigger.py
[2023-04-24T13:25:01.692+0000] {processor.py:743} INFO - Processing file /home/airflow/.local/lib/python3.7/site-packages/airflow/example_dags/example_latest_only_with_trigger.py for tasks to queue
[2023-04-24T13:25:01.693+0000] {logging_mixin.py:137} INFO - [2023-04-24T13:25:01.693+0000] {dagbag.py:538} INFO - Filling up the DagBag from /home/airflow/.local/lib/python3.7/site-packages/airflow/example_dags/example_latest_only_with_trigger.py
[2023-04-24T13:25:01.710+0000] {processor.py:753} INFO - DAG(s) dict_keys(['latest_only_with_trigger']) retrieved from /home/airflow/.local/lib/python3.7/site-packages/airflow/example_dags/example_latest_only_with_trigger.py
[2023-04-24T13:25:01.733+0000] {logging_mixin.py:137} INFO - [2023-04-24T13:25:01.733+0000] {dag.py:2690} INFO - Sync 1 DAGs
[2023-04-24T13:25:01.749+0000] {logging_mixin.py:137} INFO - [2023-04-24T13:25:01.749+0000] {dag.py:3441} INFO - Setting next_dagrun for latest_only_with_trigger to 2023-04-24T09:25:01.749083+00:00, run_after=2023-04-24T13:25:01.749083+00:00
[2023-04-24T13:25:01.761+0000] {processor.py:175} INFO - Processing /home/airflow/.local/lib/python3.7/site-packages/airflow/example_dags/example_latest_only_with_trigger.py took 0.077 seconds
[2023-04-24T13:25:31.834+0000] {processor.py:153} INFO - Started process (PID=3452) to work on /home/airflow/.local/lib/python3.7/site-packages/airflow/example_dags/example_latest_only_with_trigger.py
[2023-04-24T13:25:31.837+0000] {processor.py:743} INFO - Processing file /home/airflow/.local/lib/python3.7/site-packages/airflow/example_dags/example_latest_only_with_trigger.py for tasks to queue
[2023-04-24T13:25:31.841+0000] {logging_mixin.py:137} INFO - [2023-04-24T13:25:31.841+0000] {dagbag.py:538} INFO - Filling up the DagBag from /home/airflow/.local/lib/python3.7/site-packages/airflow/example_dags/example_latest_only_with_trigger.py
[2023-04-24T13:25:31.857+0000] {processor.py:753} INFO - DAG(s) dict_keys(['latest_only_with_trigger']) retrieved from /home/airflow/.local/lib/python3.7/site-packages/airflow/example_dags/example_latest_only_with_trigger.py
[2023-04-24T13:25:31.881+0000] {logging_mixin.py:137} INFO - [2023-04-24T13:25:31.881+0000] {dag.py:2690} INFO - Sync 1 DAGs
[2023-04-24T13:25:31.897+0000] {logging_mixin.py:137} INFO - [2023-04-24T13:25:31.897+0000] {dag.py:3441} INFO - Setting next_dagrun for latest_only_with_trigger to 2023-04-24T09:25:31.896963+00:00, run_after=2023-04-24T13:25:31.896963+00:00
[2023-04-24T13:25:31.908+0000] {processor.py:175} INFO - Processing /home/airflow/.local/lib/python3.7/site-packages/airflow/example_dags/example_latest_only_with_trigger.py took 0.080 seconds
[2023-04-24T13:26:02.113+0000] {processor.py:153} INFO - Started process (PID=3528) to work on /home/airflow/.local/lib/python3.7/site-packages/airflow/example_dags/example_latest_only_with_trigger.py
[2023-04-24T13:26:02.115+0000] {processor.py:743} INFO - Processing file /home/airflow/.local/lib/python3.7/site-packages/airflow/example_dags/example_latest_only_with_trigger.py for tasks to queue
[2023-04-24T13:26:02.117+0000] {logging_mixin.py:137} INFO - [2023-04-24T13:26:02.117+0000] {dagbag.py:538} INFO - Filling up the DagBag from /home/airflow/.local/lib/python3.7/site-packages/airflow/example_dags/example_latest_only_with_trigger.py
[2023-04-24T13:26:02.134+0000] {processor.py:753} INFO - DAG(s) dict_keys(['latest_only_with_trigger']) retrieved from /home/airflow/.local/lib/python3.7/site-packages/airflow/example_dags/example_latest_only_with_trigger.py
[2023-04-24T13:26:02.161+0000] {logging_mixin.py:137} INFO - [2023-04-24T13:26:02.161+0000] {dag.py:2690} INFO - Sync 1 DAGs
[2023-04-24T13:26:02.179+0000] {logging_mixin.py:137} INFO - [2023-04-24T13:26:02.178+0000] {dag.py:3441} INFO - Setting next_dagrun for latest_only_with_trigger to 2023-04-24T09:26:02.178828+00:00, run_after=2023-04-24T13:26:02.178828+00:00
[2023-04-24T13:26:02.190+0000] {processor.py:175} INFO - Processing /home/airflow/.local/lib/python3.7/site-packages/airflow/example_dags/example_latest_only_with_trigger.py took 0.082 seconds
[2023-04-24T13:26:32.479+0000] {processor.py:153} INFO - Started process (PID=3592) to work on /home/airflow/.local/lib/python3.7/site-packages/airflow/example_dags/example_latest_only_with_trigger.py
[2023-04-24T13:26:32.481+0000] {processor.py:743} INFO - Processing file /home/airflow/.local/lib/python3.7/site-packages/airflow/example_dags/example_latest_only_with_trigger.py for tasks to queue
[2023-04-24T13:26:32.482+0000] {logging_mixin.py:137} INFO - [2023-04-24T13:26:32.482+0000] {dagbag.py:538} INFO - Filling up the DagBag from /home/airflow/.local/lib/python3.7/site-packages/airflow/example_dags/example_latest_only_with_trigger.py
[2023-04-24T13:26:32.501+0000] {processor.py:753} INFO - DAG(s) dict_keys(['latest_only_with_trigger']) retrieved from /home/airflow/.local/lib/python3.7/site-packages/airflow/example_dags/example_latest_only_with_trigger.py
[2023-04-24T13:26:32.525+0000] {logging_mixin.py:137} INFO - [2023-04-24T13:26:32.525+0000] {dag.py:2690} INFO - Sync 1 DAGs
[2023-04-24T13:26:32.542+0000] {logging_mixin.py:137} INFO - [2023-04-24T13:26:32.542+0000] {dag.py:3441} INFO - Setting next_dagrun for latest_only_with_trigger to 2023-04-24T09:26:32.542307+00:00, run_after=2023-04-24T13:26:32.542307+00:00
[2023-04-24T13:26:32.555+0000] {processor.py:175} INFO - Processing /home/airflow/.local/lib/python3.7/site-packages/airflow/example_dags/example_latest_only_with_trigger.py took 0.083 seconds
[2023-04-24T13:27:02.793+0000] {processor.py:153} INFO - Started process (PID=3669) to work on /home/airflow/.local/lib/python3.7/site-packages/airflow/example_dags/example_latest_only_with_trigger.py
[2023-04-24T13:27:02.798+0000] {processor.py:743} INFO - Processing file /home/airflow/.local/lib/python3.7/site-packages/airflow/example_dags/example_latest_only_with_trigger.py for tasks to queue
[2023-04-24T13:27:02.804+0000] {logging_mixin.py:137} INFO - [2023-04-24T13:27:02.804+0000] {dagbag.py:538} INFO - Filling up the DagBag from /home/airflow/.local/lib/python3.7/site-packages/airflow/example_dags/example_latest_only_with_trigger.py
[2023-04-24T13:27:02.818+0000] {processor.py:753} INFO - DAG(s) dict_keys(['latest_only_with_trigger']) retrieved from /home/airflow/.local/lib/python3.7/site-packages/airflow/example_dags/example_latest_only_with_trigger.py
[2023-04-24T13:27:02.844+0000] {logging_mixin.py:137} INFO - [2023-04-24T13:27:02.844+0000] {dag.py:2690} INFO - Sync 1 DAGs
[2023-04-24T13:27:02.862+0000] {logging_mixin.py:137} INFO - [2023-04-24T13:27:02.862+0000] {dag.py:3441} INFO - Setting next_dagrun for latest_only_with_trigger to 2023-04-24T09:27:02.862120+00:00, run_after=2023-04-24T13:27:02.862120+00:00
[2023-04-24T13:27:02.874+0000] {processor.py:175} INFO - Processing /home/airflow/.local/lib/python3.7/site-packages/airflow/example_dags/example_latest_only_with_trigger.py took 0.084 seconds
[2023-04-24T13:27:33.216+0000] {processor.py:153} INFO - Started process (PID=3745) to work on /home/airflow/.local/lib/python3.7/site-packages/airflow/example_dags/example_latest_only_with_trigger.py
[2023-04-24T13:27:33.218+0000] {processor.py:743} INFO - Processing file /home/airflow/.local/lib/python3.7/site-packages/airflow/example_dags/example_latest_only_with_trigger.py for tasks to queue
[2023-04-24T13:27:33.220+0000] {logging_mixin.py:137} INFO - [2023-04-24T13:27:33.219+0000] {dagbag.py:538} INFO - Filling up the DagBag from /home/airflow/.local/lib/python3.7/site-packages/airflow/example_dags/example_latest_only_with_trigger.py
[2023-04-24T13:27:33.237+0000] {processor.py:753} INFO - DAG(s) dict_keys(['latest_only_with_trigger']) retrieved from /home/airflow/.local/lib/python3.7/site-packages/airflow/example_dags/example_latest_only_with_trigger.py
[2023-04-24T13:27:33.260+0000] {logging_mixin.py:137} INFO - [2023-04-24T13:27:33.260+0000] {dag.py:2690} INFO - Sync 1 DAGs
[2023-04-24T13:27:33.275+0000] {logging_mixin.py:137} INFO - [2023-04-24T13:27:33.275+0000] {dag.py:3441} INFO - Setting next_dagrun for latest_only_with_trigger to 2023-04-24T09:27:33.275364+00:00, run_after=2023-04-24T13:27:33.275364+00:00
[2023-04-24T13:27:33.286+0000] {processor.py:175} INFO - Processing /home/airflow/.local/lib/python3.7/site-packages/airflow/example_dags/example_latest_only_with_trigger.py took 0.076 seconds
[2023-04-24T13:28:03.533+0000] {processor.py:153} INFO - Started process (PID=3809) to work on /home/airflow/.local/lib/python3.7/site-packages/airflow/example_dags/example_latest_only_with_trigger.py
[2023-04-24T13:28:03.535+0000] {processor.py:743} INFO - Processing file /home/airflow/.local/lib/python3.7/site-packages/airflow/example_dags/example_latest_only_with_trigger.py for tasks to queue
[2023-04-24T13:28:03.543+0000] {logging_mixin.py:137} INFO - [2023-04-24T13:28:03.543+0000] {dagbag.py:538} INFO - Filling up the DagBag from /home/airflow/.local/lib/python3.7/site-packages/airflow/example_dags/example_latest_only_with_trigger.py
[2023-04-24T13:28:03.557+0000] {processor.py:753} INFO - DAG(s) dict_keys(['latest_only_with_trigger']) retrieved from /home/airflow/.local/lib/python3.7/site-packages/airflow/example_dags/example_latest_only_with_trigger.py
[2023-04-24T13:28:03.584+0000] {logging_mixin.py:137} INFO - [2023-04-24T13:28:03.583+0000] {dag.py:2690} INFO - Sync 1 DAGs
[2023-04-24T13:28:03.612+0000] {logging_mixin.py:137} INFO - [2023-04-24T13:28:03.612+0000] {dag.py:3441} INFO - Setting next_dagrun for latest_only_with_trigger to 2023-04-24T09:28:03.612344+00:00, run_after=2023-04-24T13:28:03.612344+00:00
[2023-04-24T13:28:03.629+0000] {processor.py:175} INFO - Processing /home/airflow/.local/lib/python3.7/site-packages/airflow/example_dags/example_latest_only_with_trigger.py took 0.098 seconds
[2023-04-24T13:28:33.844+0000] {processor.py:153} INFO - Started process (PID=3885) to work on /home/airflow/.local/lib/python3.7/site-packages/airflow/example_dags/example_latest_only_with_trigger.py
[2023-04-24T13:28:33.847+0000] {processor.py:743} INFO - Processing file /home/airflow/.local/lib/python3.7/site-packages/airflow/example_dags/example_latest_only_with_trigger.py for tasks to queue
[2023-04-24T13:28:33.849+0000] {logging_mixin.py:137} INFO - [2023-04-24T13:28:33.849+0000] {dagbag.py:538} INFO - Filling up the DagBag from /home/airflow/.local/lib/python3.7/site-packages/airflow/example_dags/example_latest_only_with_trigger.py
[2023-04-24T13:28:33.863+0000] {processor.py:753} INFO - DAG(s) dict_keys(['latest_only_with_trigger']) retrieved from /home/airflow/.local/lib/python3.7/site-packages/airflow/example_dags/example_latest_only_with_trigger.py
[2023-04-24T13:28:33.883+0000] {logging_mixin.py:137} INFO - [2023-04-24T13:28:33.883+0000] {dag.py:2690} INFO - Sync 1 DAGs
[2023-04-24T13:28:33.899+0000] {logging_mixin.py:137} INFO - [2023-04-24T13:28:33.899+0000] {dag.py:3441} INFO - Setting next_dagrun for latest_only_with_trigger to 2023-04-24T09:28:33.899215+00:00, run_after=2023-04-24T13:28:33.899215+00:00
[2023-04-24T13:28:33.910+0000] {processor.py:175} INFO - Processing /home/airflow/.local/lib/python3.7/site-packages/airflow/example_dags/example_latest_only_with_trigger.py took 0.070 seconds
[2023-04-24T13:29:04.141+0000] {processor.py:153} INFO - Started process (PID=3961) to work on /home/airflow/.local/lib/python3.7/site-packages/airflow/example_dags/example_latest_only_with_trigger.py
[2023-04-24T13:29:04.143+0000] {processor.py:743} INFO - Processing file /home/airflow/.local/lib/python3.7/site-packages/airflow/example_dags/example_latest_only_with_trigger.py for tasks to queue
[2023-04-24T13:29:04.147+0000] {logging_mixin.py:137} INFO - [2023-04-24T13:29:04.147+0000] {dagbag.py:538} INFO - Filling up the DagBag from /home/airflow/.local/lib/python3.7/site-packages/airflow/example_dags/example_latest_only_with_trigger.py
[2023-04-24T13:29:04.165+0000] {processor.py:753} INFO - DAG(s) dict_keys(['latest_only_with_trigger']) retrieved from /home/airflow/.local/lib/python3.7/site-packages/airflow/example_dags/example_latest_only_with_trigger.py
[2023-04-24T13:29:04.189+0000] {logging_mixin.py:137} INFO - [2023-04-24T13:29:04.189+0000] {dag.py:2690} INFO - Sync 1 DAGs
[2023-04-24T13:29:04.205+0000] {logging_mixin.py:137} INFO - [2023-04-24T13:29:04.205+0000] {dag.py:3441} INFO - Setting next_dagrun for latest_only_with_trigger to 2023-04-24T09:29:04.204799+00:00, run_after=2023-04-24T13:29:04.204799+00:00
[2023-04-24T13:29:04.216+0000] {processor.py:175} INFO - Processing /home/airflow/.local/lib/python3.7/site-packages/airflow/example_dags/example_latest_only_with_trigger.py took 0.079 seconds
[2023-04-24T13:29:34.312+0000] {processor.py:153} INFO - Started process (PID=4032) to work on /home/airflow/.local/lib/python3.7/site-packages/airflow/example_dags/example_latest_only_with_trigger.py
[2023-04-24T13:29:34.314+0000] {processor.py:743} INFO - Processing file /home/airflow/.local/lib/python3.7/site-packages/airflow/example_dags/example_latest_only_with_trigger.py for tasks to queue
[2023-04-24T13:29:34.315+0000] {logging_mixin.py:137} INFO - [2023-04-24T13:29:34.315+0000] {dagbag.py:538} INFO - Filling up the DagBag from /home/airflow/.local/lib/python3.7/site-packages/airflow/example_dags/example_latest_only_with_trigger.py
[2023-04-24T13:29:34.331+0000] {processor.py:753} INFO - DAG(s) dict_keys(['latest_only_with_trigger']) retrieved from /home/airflow/.local/lib/python3.7/site-packages/airflow/example_dags/example_latest_only_with_trigger.py
[2023-04-24T13:29:34.365+0000] {logging_mixin.py:137} INFO - [2023-04-24T13:29:34.364+0000] {dag.py:2690} INFO - Sync 1 DAGs
[2023-04-24T13:29:34.390+0000] {logging_mixin.py:137} INFO - [2023-04-24T13:29:34.390+0000] {dag.py:3441} INFO - Setting next_dagrun for latest_only_with_trigger to 2023-04-24T09:29:34.389820+00:00, run_after=2023-04-24T13:29:34.389820+00:00
[2023-04-24T13:29:34.403+0000] {processor.py:175} INFO - Processing /home/airflow/.local/lib/python3.7/site-packages/airflow/example_dags/example_latest_only_with_trigger.py took 0.094 seconds
[2023-04-24T13:30:04.863+0000] {processor.py:153} INFO - Started process (PID=4101) to work on /home/airflow/.local/lib/python3.7/site-packages/airflow/example_dags/example_latest_only_with_trigger.py
[2023-04-24T13:30:04.866+0000] {processor.py:743} INFO - Processing file /home/airflow/.local/lib/python3.7/site-packages/airflow/example_dags/example_latest_only_with_trigger.py for tasks to queue
[2023-04-24T13:30:04.870+0000] {logging_mixin.py:137} INFO - [2023-04-24T13:30:04.870+0000] {dagbag.py:538} INFO - Filling up the DagBag from /home/airflow/.local/lib/python3.7/site-packages/airflow/example_dags/example_latest_only_with_trigger.py
[2023-04-24T13:30:04.886+0000] {processor.py:753} INFO - DAG(s) dict_keys(['latest_only_with_trigger']) retrieved from /home/airflow/.local/lib/python3.7/site-packages/airflow/example_dags/example_latest_only_with_trigger.py
[2023-04-24T13:30:04.912+0000] {logging_mixin.py:137} INFO - [2023-04-24T13:30:04.912+0000] {dag.py:2690} INFO - Sync 1 DAGs
[2023-04-24T13:30:04.926+0000] {logging_mixin.py:137} INFO - [2023-04-24T13:30:04.926+0000] {dag.py:3441} INFO - Setting next_dagrun for latest_only_with_trigger to 2023-04-24T09:30:04.925979+00:00, run_after=2023-04-24T13:30:04.925979+00:00
[2023-04-24T13:30:04.936+0000] {processor.py:175} INFO - Processing /home/airflow/.local/lib/python3.7/site-packages/airflow/example_dags/example_latest_only_with_trigger.py took 0.079 seconds
[2023-04-24T13:30:35.257+0000] {processor.py:153} INFO - Started process (PID=4178) to work on /home/airflow/.local/lib/python3.7/site-packages/airflow/example_dags/example_latest_only_with_trigger.py
[2023-04-24T13:30:35.260+0000] {processor.py:743} INFO - Processing file /home/airflow/.local/lib/python3.7/site-packages/airflow/example_dags/example_latest_only_with_trigger.py for tasks to queue
[2023-04-24T13:30:35.261+0000] {logging_mixin.py:137} INFO - [2023-04-24T13:30:35.261+0000] {dagbag.py:538} INFO - Filling up the DagBag from /home/airflow/.local/lib/python3.7/site-packages/airflow/example_dags/example_latest_only_with_trigger.py
[2023-04-24T13:30:35.282+0000] {processor.py:753} INFO - DAG(s) dict_keys(['latest_only_with_trigger']) retrieved from /home/airflow/.local/lib/python3.7/site-packages/airflow/example_dags/example_latest_only_with_trigger.py
[2023-04-24T13:30:35.309+0000] {logging_mixin.py:137} INFO - [2023-04-24T13:30:35.309+0000] {dag.py:2690} INFO - Sync 1 DAGs
[2023-04-24T13:30:35.326+0000] {logging_mixin.py:137} INFO - [2023-04-24T13:30:35.326+0000] {dag.py:3441} INFO - Setting next_dagrun for latest_only_with_trigger to 2023-04-24T09:30:35.326652+00:00, run_after=2023-04-24T13:30:35.326652+00:00
[2023-04-24T13:30:35.341+0000] {processor.py:175} INFO - Processing /home/airflow/.local/lib/python3.7/site-packages/airflow/example_dags/example_latest_only_with_trigger.py took 0.091 seconds
[2023-04-24T13:31:05.472+0000] {processor.py:153} INFO - Started process (PID=4254) to work on /home/airflow/.local/lib/python3.7/site-packages/airflow/example_dags/example_latest_only_with_trigger.py
[2023-04-24T13:31:05.474+0000] {processor.py:743} INFO - Processing file /home/airflow/.local/lib/python3.7/site-packages/airflow/example_dags/example_latest_only_with_trigger.py for tasks to queue
[2023-04-24T13:31:05.475+0000] {logging_mixin.py:137} INFO - [2023-04-24T13:31:05.475+0000] {dagbag.py:538} INFO - Filling up the DagBag from /home/airflow/.local/lib/python3.7/site-packages/airflow/example_dags/example_latest_only_with_trigger.py
[2023-04-24T13:31:05.486+0000] {processor.py:753} INFO - DAG(s) dict_keys(['latest_only_with_trigger']) retrieved from /home/airflow/.local/lib/python3.7/site-packages/airflow/example_dags/example_latest_only_with_trigger.py
[2023-04-24T13:31:05.507+0000] {logging_mixin.py:137} INFO - [2023-04-24T13:31:05.507+0000] {dag.py:2690} INFO - Sync 1 DAGs
[2023-04-24T13:31:05.524+0000] {logging_mixin.py:137} INFO - [2023-04-24T13:31:05.524+0000] {dag.py:3441} INFO - Setting next_dagrun for latest_only_with_trigger to 2023-04-24T09:31:05.523865+00:00, run_after=2023-04-24T13:31:05.523865+00:00
[2023-04-24T13:31:05.538+0000] {processor.py:175} INFO - Processing /home/airflow/.local/lib/python3.7/site-packages/airflow/example_dags/example_latest_only_with_trigger.py took 0.071 seconds
[2023-04-24T13:31:35.681+0000] {processor.py:153} INFO - Started process (PID=4318) to work on /home/airflow/.local/lib/python3.7/site-packages/airflow/example_dags/example_latest_only_with_trigger.py
[2023-04-24T13:31:35.683+0000] {processor.py:743} INFO - Processing file /home/airflow/.local/lib/python3.7/site-packages/airflow/example_dags/example_latest_only_with_trigger.py for tasks to queue
[2023-04-24T13:31:35.686+0000] {logging_mixin.py:137} INFO - [2023-04-24T13:31:35.686+0000] {dagbag.py:538} INFO - Filling up the DagBag from /home/airflow/.local/lib/python3.7/site-packages/airflow/example_dags/example_latest_only_with_trigger.py
[2023-04-24T13:31:35.701+0000] {processor.py:753} INFO - DAG(s) dict_keys(['latest_only_with_trigger']) retrieved from /home/airflow/.local/lib/python3.7/site-packages/airflow/example_dags/example_latest_only_with_trigger.py
[2023-04-24T13:31:35.724+0000] {logging_mixin.py:137} INFO - [2023-04-24T13:31:35.724+0000] {dag.py:2690} INFO - Sync 1 DAGs
[2023-04-24T13:31:35.739+0000] {logging_mixin.py:137} INFO - [2023-04-24T13:31:35.739+0000] {dag.py:3441} INFO - Setting next_dagrun for latest_only_with_trigger to 2023-04-24T09:31:35.739366+00:00, run_after=2023-04-24T13:31:35.739366+00:00
[2023-04-24T13:31:35.752+0000] {processor.py:175} INFO - Processing /home/airflow/.local/lib/python3.7/site-packages/airflow/example_dags/example_latest_only_with_trigger.py took 0.076 seconds
[2023-04-24T13:32:06.030+0000] {processor.py:153} INFO - Started process (PID=4394) to work on /home/airflow/.local/lib/python3.7/site-packages/airflow/example_dags/example_latest_only_with_trigger.py
[2023-04-24T13:32:06.032+0000] {processor.py:743} INFO - Processing file /home/airflow/.local/lib/python3.7/site-packages/airflow/example_dags/example_latest_only_with_trigger.py for tasks to queue
[2023-04-24T13:32:06.034+0000] {logging_mixin.py:137} INFO - [2023-04-24T13:32:06.034+0000] {dagbag.py:538} INFO - Filling up the DagBag from /home/airflow/.local/lib/python3.7/site-packages/airflow/example_dags/example_latest_only_with_trigger.py
[2023-04-24T13:32:06.052+0000] {processor.py:753} INFO - DAG(s) dict_keys(['latest_only_with_trigger']) retrieved from /home/airflow/.local/lib/python3.7/site-packages/airflow/example_dags/example_latest_only_with_trigger.py
[2023-04-24T13:32:06.076+0000] {logging_mixin.py:137} INFO - [2023-04-24T13:32:06.076+0000] {dag.py:2690} INFO - Sync 1 DAGs
[2023-04-24T13:32:06.093+0000] {logging_mixin.py:137} INFO - [2023-04-24T13:32:06.092+0000] {dag.py:3441} INFO - Setting next_dagrun for latest_only_with_trigger to 2023-04-24T09:32:06.092740+00:00, run_after=2023-04-24T13:32:06.092740+00:00
[2023-04-24T13:32:06.104+0000] {processor.py:175} INFO - Processing /home/airflow/.local/lib/python3.7/site-packages/airflow/example_dags/example_latest_only_with_trigger.py took 0.079 seconds
[2023-04-24T13:32:36.306+0000] {processor.py:153} INFO - Started process (PID=4470) to work on /home/airflow/.local/lib/python3.7/site-packages/airflow/example_dags/example_latest_only_with_trigger.py
[2023-04-24T13:32:36.307+0000] {processor.py:743} INFO - Processing file /home/airflow/.local/lib/python3.7/site-packages/airflow/example_dags/example_latest_only_with_trigger.py for tasks to queue
[2023-04-24T13:32:36.309+0000] {logging_mixin.py:137} INFO - [2023-04-24T13:32:36.309+0000] {dagbag.py:538} INFO - Filling up the DagBag from /home/airflow/.local/lib/python3.7/site-packages/airflow/example_dags/example_latest_only_with_trigger.py
[2023-04-24T13:32:36.327+0000] {processor.py:753} INFO - DAG(s) dict_keys(['latest_only_with_trigger']) retrieved from /home/airflow/.local/lib/python3.7/site-packages/airflow/example_dags/example_latest_only_with_trigger.py
[2023-04-24T13:32:36.350+0000] {logging_mixin.py:137} INFO - [2023-04-24T13:32:36.350+0000] {dag.py:2690} INFO - Sync 1 DAGs
[2023-04-24T13:32:36.366+0000] {logging_mixin.py:137} INFO - [2023-04-24T13:32:36.366+0000] {dag.py:3441} INFO - Setting next_dagrun for latest_only_with_trigger to 2023-04-24T09:32:36.365946+00:00, run_after=2023-04-24T13:32:36.365946+00:00
[2023-04-24T13:32:36.377+0000] {processor.py:175} INFO - Processing /home/airflow/.local/lib/python3.7/site-packages/airflow/example_dags/example_latest_only_with_trigger.py took 0.077 seconds
[2023-04-24T13:33:06.523+0000] {processor.py:153} INFO - Started process (PID=4534) to work on /home/airflow/.local/lib/python3.7/site-packages/airflow/example_dags/example_latest_only_with_trigger.py
[2023-04-24T13:33:06.525+0000] {processor.py:743} INFO - Processing file /home/airflow/.local/lib/python3.7/site-packages/airflow/example_dags/example_latest_only_with_trigger.py for tasks to queue
[2023-04-24T13:33:06.526+0000] {logging_mixin.py:137} INFO - [2023-04-24T13:33:06.526+0000] {dagbag.py:538} INFO - Filling up the DagBag from /home/airflow/.local/lib/python3.7/site-packages/airflow/example_dags/example_latest_only_with_trigger.py
[2023-04-24T13:33:06.538+0000] {processor.py:753} INFO - DAG(s) dict_keys(['latest_only_with_trigger']) retrieved from /home/airflow/.local/lib/python3.7/site-packages/airflow/example_dags/example_latest_only_with_trigger.py
[2023-04-24T13:33:06.561+0000] {logging_mixin.py:137} INFO - [2023-04-24T13:33:06.561+0000] {dag.py:2690} INFO - Sync 1 DAGs
[2023-04-24T13:33:06.579+0000] {logging_mixin.py:137} INFO - [2023-04-24T13:33:06.579+0000] {dag.py:3441} INFO - Setting next_dagrun for latest_only_with_trigger to 2023-04-24T09:33:06.579417+00:00, run_after=2023-04-24T13:33:06.579417+00:00
[2023-04-24T13:33:06.595+0000] {processor.py:175} INFO - Processing /home/airflow/.local/lib/python3.7/site-packages/airflow/example_dags/example_latest_only_with_trigger.py took 0.076 seconds
[2023-04-24T13:33:49.557+0000] {processor.py:153} INFO - Started process (PID=4582) to work on /home/airflow/.local/lib/python3.7/site-packages/airflow/example_dags/example_latest_only_with_trigger.py
[2023-04-24T13:33:49.558+0000] {processor.py:743} INFO - Processing file /home/airflow/.local/lib/python3.7/site-packages/airflow/example_dags/example_latest_only_with_trigger.py for tasks to queue
[2023-04-24T13:33:49.559+0000] {logging_mixin.py:137} INFO - [2023-04-24T13:33:49.559+0000] {dagbag.py:538} INFO - Filling up the DagBag from /home/airflow/.local/lib/python3.7/site-packages/airflow/example_dags/example_latest_only_with_trigger.py
[2023-04-24T13:33:49.569+0000] {processor.py:753} INFO - DAG(s) dict_keys(['latest_only_with_trigger']) retrieved from /home/airflow/.local/lib/python3.7/site-packages/airflow/example_dags/example_latest_only_with_trigger.py
[2023-04-24T13:33:49.589+0000] {logging_mixin.py:137} INFO - [2023-04-24T13:33:49.589+0000] {dag.py:2690} INFO - Sync 1 DAGs
[2023-04-24T13:33:49.606+0000] {logging_mixin.py:137} INFO - [2023-04-24T13:33:49.606+0000] {dag.py:3441} INFO - Setting next_dagrun for latest_only_with_trigger to 2023-04-24T09:33:49.605881+00:00, run_after=2023-04-24T13:33:49.605881+00:00
[2023-04-24T13:33:49.617+0000] {processor.py:175} INFO - Processing /home/airflow/.local/lib/python3.7/site-packages/airflow/example_dags/example_latest_only_with_trigger.py took 0.064 seconds
[2023-04-24T13:34:19.984+0000] {processor.py:153} INFO - Started process (PID=4658) to work on /home/airflow/.local/lib/python3.7/site-packages/airflow/example_dags/example_latest_only_with_trigger.py
[2023-04-24T13:34:19.985+0000] {processor.py:743} INFO - Processing file /home/airflow/.local/lib/python3.7/site-packages/airflow/example_dags/example_latest_only_with_trigger.py for tasks to queue
[2023-04-24T13:34:19.987+0000] {logging_mixin.py:137} INFO - [2023-04-24T13:34:19.987+0000] {dagbag.py:538} INFO - Filling up the DagBag from /home/airflow/.local/lib/python3.7/site-packages/airflow/example_dags/example_latest_only_with_trigger.py
[2023-04-24T13:34:19.997+0000] {processor.py:753} INFO - DAG(s) dict_keys(['latest_only_with_trigger']) retrieved from /home/airflow/.local/lib/python3.7/site-packages/airflow/example_dags/example_latest_only_with_trigger.py
[2023-04-24T13:34:20.017+0000] {logging_mixin.py:137} INFO - [2023-04-24T13:34:20.017+0000] {dag.py:2690} INFO - Sync 1 DAGs
[2023-04-24T13:34:20.035+0000] {logging_mixin.py:137} INFO - [2023-04-24T13:34:20.035+0000] {dag.py:3441} INFO - Setting next_dagrun for latest_only_with_trigger to 2023-04-24T09:34:20.035646+00:00, run_after=2023-04-24T13:34:20.035646+00:00
[2023-04-24T13:34:20.048+0000] {processor.py:175} INFO - Processing /home/airflow/.local/lib/python3.7/site-packages/airflow/example_dags/example_latest_only_with_trigger.py took 0.066 seconds
[2023-04-24T13:34:50.350+0000] {processor.py:153} INFO - Started process (PID=4734) to work on /home/airflow/.local/lib/python3.7/site-packages/airflow/example_dags/example_latest_only_with_trigger.py
[2023-04-24T13:34:50.352+0000] {processor.py:743} INFO - Processing file /home/airflow/.local/lib/python3.7/site-packages/airflow/example_dags/example_latest_only_with_trigger.py for tasks to queue
[2023-04-24T13:34:50.353+0000] {logging_mixin.py:137} INFO - [2023-04-24T13:34:50.353+0000] {dagbag.py:538} INFO - Filling up the DagBag from /home/airflow/.local/lib/python3.7/site-packages/airflow/example_dags/example_latest_only_with_trigger.py
[2023-04-24T13:34:50.365+0000] {processor.py:753} INFO - DAG(s) dict_keys(['latest_only_with_trigger']) retrieved from /home/airflow/.local/lib/python3.7/site-packages/airflow/example_dags/example_latest_only_with_trigger.py
[2023-04-24T13:34:50.389+0000] {logging_mixin.py:137} INFO - [2023-04-24T13:34:50.388+0000] {dag.py:2690} INFO - Sync 1 DAGs
[2023-04-24T13:34:50.413+0000] {logging_mixin.py:137} INFO - [2023-04-24T13:34:50.413+0000] {dag.py:3441} INFO - Setting next_dagrun for latest_only_with_trigger to 2023-04-24T09:34:50.412835+00:00, run_after=2023-04-24T13:34:50.412835+00:00
[2023-04-24T13:34:50.427+0000] {processor.py:175} INFO - Processing /home/airflow/.local/lib/python3.7/site-packages/airflow/example_dags/example_latest_only_with_trigger.py took 0.080 seconds
[2023-04-24T13:35:20.637+0000] {processor.py:153} INFO - Started process (PID=4798) to work on /home/airflow/.local/lib/python3.7/site-packages/airflow/example_dags/example_latest_only_with_trigger.py
[2023-04-24T13:35:20.639+0000] {processor.py:743} INFO - Processing file /home/airflow/.local/lib/python3.7/site-packages/airflow/example_dags/example_latest_only_with_trigger.py for tasks to queue
[2023-04-24T13:35:20.639+0000] {logging_mixin.py:137} INFO - [2023-04-24T13:35:20.639+0000] {dagbag.py:538} INFO - Filling up the DagBag from /home/airflow/.local/lib/python3.7/site-packages/airflow/example_dags/example_latest_only_with_trigger.py
[2023-04-24T13:35:20.651+0000] {processor.py:753} INFO - DAG(s) dict_keys(['latest_only_with_trigger']) retrieved from /home/airflow/.local/lib/python3.7/site-packages/airflow/example_dags/example_latest_only_with_trigger.py
[2023-04-24T13:35:20.671+0000] {logging_mixin.py:137} INFO - [2023-04-24T13:35:20.671+0000] {dag.py:2690} INFO - Sync 1 DAGs
[2023-04-24T13:35:20.686+0000] {logging_mixin.py:137} INFO - [2023-04-24T13:35:20.686+0000] {dag.py:3441} INFO - Setting next_dagrun for latest_only_with_trigger to 2023-04-24T09:35:20.686659+00:00, run_after=2023-04-24T13:35:20.686659+00:00
[2023-04-24T13:35:20.697+0000] {processor.py:175} INFO - Processing /home/airflow/.local/lib/python3.7/site-packages/airflow/example_dags/example_latest_only_with_trigger.py took 0.063 seconds
[2023-04-24T13:52:36.126+0000] {processor.py:153} INFO - Started process (PID=4874) to work on /home/airflow/.local/lib/python3.7/site-packages/airflow/example_dags/example_latest_only_with_trigger.py
[2023-04-24T13:52:36.128+0000] {processor.py:743} INFO - Processing file /home/airflow/.local/lib/python3.7/site-packages/airflow/example_dags/example_latest_only_with_trigger.py for tasks to queue
[2023-04-24T13:52:36.129+0000] {logging_mixin.py:137} INFO - [2023-04-24T13:52:36.129+0000] {dagbag.py:538} INFO - Filling up the DagBag from /home/airflow/.local/lib/python3.7/site-packages/airflow/example_dags/example_latest_only_with_trigger.py
[2023-04-24T13:52:36.139+0000] {processor.py:753} INFO - DAG(s) dict_keys(['latest_only_with_trigger']) retrieved from /home/airflow/.local/lib/python3.7/site-packages/airflow/example_dags/example_latest_only_with_trigger.py
[2023-04-24T13:52:36.162+0000] {logging_mixin.py:137} INFO - [2023-04-24T13:52:36.162+0000] {dag.py:2690} INFO - Sync 1 DAGs
[2023-04-24T13:52:36.179+0000] {logging_mixin.py:137} INFO - [2023-04-24T13:52:36.179+0000] {dag.py:3441} INFO - Setting next_dagrun for latest_only_with_trigger to 2023-04-24T09:52:36.178985+00:00, run_after=2023-04-24T13:52:36.178985+00:00
[2023-04-24T13:52:36.192+0000] {processor.py:175} INFO - Processing /home/airflow/.local/lib/python3.7/site-packages/airflow/example_dags/example_latest_only_with_trigger.py took 0.070 seconds
[2023-04-24T14:31:29.974+0000] {processor.py:153} INFO - Started process (PID=4949) to work on /home/airflow/.local/lib/python3.7/site-packages/airflow/example_dags/example_latest_only_with_trigger.py
[2023-04-24T14:31:29.976+0000] {processor.py:743} INFO - Processing file /home/airflow/.local/lib/python3.7/site-packages/airflow/example_dags/example_latest_only_with_trigger.py for tasks to queue
[2023-04-24T14:31:29.976+0000] {logging_mixin.py:137} INFO - [2023-04-24T14:31:29.976+0000] {dagbag.py:538} INFO - Filling up the DagBag from /home/airflow/.local/lib/python3.7/site-packages/airflow/example_dags/example_latest_only_with_trigger.py
[2023-04-24T14:31:29.988+0000] {processor.py:753} INFO - DAG(s) dict_keys(['latest_only_with_trigger']) retrieved from /home/airflow/.local/lib/python3.7/site-packages/airflow/example_dags/example_latest_only_with_trigger.py
[2023-04-24T14:31:30.010+0000] {logging_mixin.py:137} INFO - [2023-04-24T14:31:30.010+0000] {dag.py:2690} INFO - Sync 1 DAGs
[2023-04-24T14:31:30.027+0000] {logging_mixin.py:137} INFO - [2023-04-24T14:31:30.027+0000] {dag.py:3441} INFO - Setting next_dagrun for latest_only_with_trigger to 2023-04-24T10:31:30.027224+00:00, run_after=2023-04-24T14:31:30.027224+00:00
[2023-04-24T14:31:30.038+0000] {processor.py:175} INFO - Processing /home/airflow/.local/lib/python3.7/site-packages/airflow/example_dags/example_latest_only_with_trigger.py took 0.067 seconds
[2023-04-24T15:16:29.141+0000] {processor.py:153} INFO - Started process (PID=5013) to work on /home/airflow/.local/lib/python3.7/site-packages/airflow/example_dags/example_latest_only_with_trigger.py
[2023-04-24T15:16:29.142+0000] {processor.py:743} INFO - Processing file /home/airflow/.local/lib/python3.7/site-packages/airflow/example_dags/example_latest_only_with_trigger.py for tasks to queue
[2023-04-24T15:16:29.143+0000] {logging_mixin.py:137} INFO - [2023-04-24T15:16:29.143+0000] {dagbag.py:538} INFO - Filling up the DagBag from /home/airflow/.local/lib/python3.7/site-packages/airflow/example_dags/example_latest_only_with_trigger.py
[2023-04-24T15:16:29.154+0000] {processor.py:753} INFO - DAG(s) dict_keys(['latest_only_with_trigger']) retrieved from /home/airflow/.local/lib/python3.7/site-packages/airflow/example_dags/example_latest_only_with_trigger.py
[2023-04-24T15:16:29.174+0000] {logging_mixin.py:137} INFO - [2023-04-24T15:16:29.174+0000] {dag.py:2690} INFO - Sync 1 DAGs
[2023-04-24T15:16:29.190+0000] {logging_mixin.py:137} INFO - [2023-04-24T15:16:29.190+0000] {dag.py:3441} INFO - Setting next_dagrun for latest_only_with_trigger to 2023-04-24T11:16:29.190218+00:00, run_after=2023-04-24T15:16:29.190218+00:00
[2023-04-24T15:16:29.204+0000] {processor.py:175} INFO - Processing /home/airflow/.local/lib/python3.7/site-packages/airflow/example_dags/example_latest_only_with_trigger.py took 0.067 seconds
[2023-04-24T16:21:50.733+0000] {processor.py:153} INFO - Started process (PID=5090) to work on /home/airflow/.local/lib/python3.7/site-packages/airflow/example_dags/example_latest_only_with_trigger.py
[2023-04-24T16:21:50.735+0000] {processor.py:743} INFO - Processing file /home/airflow/.local/lib/python3.7/site-packages/airflow/example_dags/example_latest_only_with_trigger.py for tasks to queue
[2023-04-24T16:21:50.736+0000] {logging_mixin.py:137} INFO - [2023-04-24T16:21:50.736+0000] {dagbag.py:538} INFO - Filling up the DagBag from /home/airflow/.local/lib/python3.7/site-packages/airflow/example_dags/example_latest_only_with_trigger.py
[2023-04-24T16:21:50.746+0000] {processor.py:753} INFO - DAG(s) dict_keys(['latest_only_with_trigger']) retrieved from /home/airflow/.local/lib/python3.7/site-packages/airflow/example_dags/example_latest_only_with_trigger.py
[2023-04-24T16:21:50.768+0000] {logging_mixin.py:137} INFO - [2023-04-24T16:21:50.768+0000] {dag.py:2690} INFO - Sync 1 DAGs
[2023-04-24T16:21:50.786+0000] {logging_mixin.py:137} INFO - [2023-04-24T16:21:50.786+0000] {dag.py:3441} INFO - Setting next_dagrun for latest_only_with_trigger to 2023-04-24T12:21:50.785969+00:00, run_after=2023-04-24T16:21:50.785969+00:00
[2023-04-24T16:21:50.800+0000] {processor.py:175} INFO - Processing /home/airflow/.local/lib/python3.7/site-packages/airflow/example_dags/example_latest_only_with_trigger.py took 0.071 seconds
[2023-04-24T17:38:25.102+0000] {processor.py:153} INFO - Started process (PID=5154) to work on /home/airflow/.local/lib/python3.7/site-packages/airflow/example_dags/example_latest_only_with_trigger.py
[2023-04-24T17:38:25.103+0000] {processor.py:743} INFO - Processing file /home/airflow/.local/lib/python3.7/site-packages/airflow/example_dags/example_latest_only_with_trigger.py for tasks to queue
[2023-04-24T17:38:25.104+0000] {logging_mixin.py:137} INFO - [2023-04-24T17:38:25.104+0000] {dagbag.py:538} INFO - Filling up the DagBag from /home/airflow/.local/lib/python3.7/site-packages/airflow/example_dags/example_latest_only_with_trigger.py
[2023-04-24T17:38:25.114+0000] {processor.py:753} INFO - DAG(s) dict_keys(['latest_only_with_trigger']) retrieved from /home/airflow/.local/lib/python3.7/site-packages/airflow/example_dags/example_latest_only_with_trigger.py
[2023-04-24T17:38:25.138+0000] {logging_mixin.py:137} INFO - [2023-04-24T17:38:25.138+0000] {dag.py:2690} INFO - Sync 1 DAGs
[2023-04-24T17:38:25.157+0000] {logging_mixin.py:137} INFO - [2023-04-24T17:38:25.157+0000] {dag.py:3441} INFO - Setting next_dagrun for latest_only_with_trigger to 2023-04-24T13:38:25.157062+00:00, run_after=2023-04-24T17:38:25.157062+00:00
[2023-04-24T17:38:25.173+0000] {processor.py:175} INFO - Processing /home/airflow/.local/lib/python3.7/site-packages/airflow/example_dags/example_latest_only_with_trigger.py took 0.075 seconds
[2023-04-24T18:45:21.731+0000] {processor.py:153} INFO - Started process (PID=5229) to work on /home/airflow/.local/lib/python3.7/site-packages/airflow/example_dags/example_latest_only_with_trigger.py
[2023-04-24T18:45:21.732+0000] {processor.py:743} INFO - Processing file /home/airflow/.local/lib/python3.7/site-packages/airflow/example_dags/example_latest_only_with_trigger.py for tasks to queue
[2023-04-24T18:45:21.733+0000] {logging_mixin.py:137} INFO - [2023-04-24T18:45:21.733+0000] {dagbag.py:538} INFO - Filling up the DagBag from /home/airflow/.local/lib/python3.7/site-packages/airflow/example_dags/example_latest_only_with_trigger.py
[2023-04-24T18:45:21.751+0000] {processor.py:753} INFO - DAG(s) dict_keys(['latest_only_with_trigger']) retrieved from /home/airflow/.local/lib/python3.7/site-packages/airflow/example_dags/example_latest_only_with_trigger.py
[2023-04-24T18:45:21.783+0000] {logging_mixin.py:137} INFO - [2023-04-24T18:45:21.783+0000] {dag.py:2690} INFO - Sync 1 DAGs
[2023-04-24T18:45:21.801+0000] {logging_mixin.py:137} INFO - [2023-04-24T18:45:21.801+0000] {dag.py:3441} INFO - Setting next_dagrun for latest_only_with_trigger to 2023-04-24T14:45:21.801500+00:00, run_after=2023-04-24T18:45:21.801500+00:00
[2023-04-24T18:45:21.815+0000] {processor.py:175} INFO - Processing /home/airflow/.local/lib/python3.7/site-packages/airflow/example_dags/example_latest_only_with_trigger.py took 0.088 seconds
[2023-04-24T19:49:26.712+0000] {processor.py:153} INFO - Started process (PID=5305) to work on /home/airflow/.local/lib/python3.7/site-packages/airflow/example_dags/example_latest_only_with_trigger.py
[2023-04-24T19:49:26.713+0000] {processor.py:743} INFO - Processing file /home/airflow/.local/lib/python3.7/site-packages/airflow/example_dags/example_latest_only_with_trigger.py for tasks to queue
[2023-04-24T19:49:26.715+0000] {logging_mixin.py:137} INFO - [2023-04-24T19:49:26.715+0000] {dagbag.py:538} INFO - Filling up the DagBag from /home/airflow/.local/lib/python3.7/site-packages/airflow/example_dags/example_latest_only_with_trigger.py
[2023-04-24T19:49:26.725+0000] {processor.py:753} INFO - DAG(s) dict_keys(['latest_only_with_trigger']) retrieved from /home/airflow/.local/lib/python3.7/site-packages/airflow/example_dags/example_latest_only_with_trigger.py
[2023-04-24T19:49:26.745+0000] {logging_mixin.py:137} INFO - [2023-04-24T19:49:26.745+0000] {dag.py:2690} INFO - Sync 1 DAGs
[2023-04-24T19:49:26.762+0000] {logging_mixin.py:137} INFO - [2023-04-24T19:49:26.762+0000] {dag.py:3441} INFO - Setting next_dagrun for latest_only_with_trigger to 2023-04-24T15:49:26.761942+00:00, run_after=2023-04-24T19:49:26.761942+00:00
[2023-04-24T19:49:26.774+0000] {processor.py:175} INFO - Processing /home/airflow/.local/lib/python3.7/site-packages/airflow/example_dags/example_latest_only_with_trigger.py took 0.065 seconds
[2023-04-24T20:25:34.840+0000] {processor.py:153} INFO - Started process (PID=5378) to work on /home/airflow/.local/lib/python3.7/site-packages/airflow/example_dags/example_latest_only_with_trigger.py
[2023-04-24T20:25:34.842+0000] {processor.py:743} INFO - Processing file /home/airflow/.local/lib/python3.7/site-packages/airflow/example_dags/example_latest_only_with_trigger.py for tasks to queue
[2023-04-24T20:25:34.844+0000] {logging_mixin.py:137} INFO - [2023-04-24T20:25:34.844+0000] {dagbag.py:538} INFO - Filling up the DagBag from /home/airflow/.local/lib/python3.7/site-packages/airflow/example_dags/example_latest_only_with_trigger.py
[2023-04-24T20:25:34.857+0000] {processor.py:753} INFO - DAG(s) dict_keys(['latest_only_with_trigger']) retrieved from /home/airflow/.local/lib/python3.7/site-packages/airflow/example_dags/example_latest_only_with_trigger.py
[2023-04-24T20:25:34.890+0000] {logging_mixin.py:137} INFO - [2023-04-24T20:25:34.890+0000] {dag.py:2690} INFO - Sync 1 DAGs
[2023-04-24T20:25:34.909+0000] {logging_mixin.py:137} INFO - [2023-04-24T20:25:34.908+0000] {dag.py:3441} INFO - Setting next_dagrun for latest_only_with_trigger to 2023-04-24T16:25:34.908662+00:00, run_after=2023-04-24T20:25:34.908662+00:00
[2023-04-24T20:25:34.924+0000] {processor.py:175} INFO - Processing /home/airflow/.local/lib/python3.7/site-packages/airflow/example_dags/example_latest_only_with_trigger.py took 0.088 seconds
[2023-04-24T21:31:03.917+0000] {processor.py:153} INFO - Started process (PID=5445) to work on /home/airflow/.local/lib/python3.7/site-packages/airflow/example_dags/example_latest_only_with_trigger.py
[2023-04-24T21:31:03.919+0000] {processor.py:743} INFO - Processing file /home/airflow/.local/lib/python3.7/site-packages/airflow/example_dags/example_latest_only_with_trigger.py for tasks to queue
[2023-04-24T21:31:03.920+0000] {logging_mixin.py:137} INFO - [2023-04-24T21:31:03.920+0000] {dagbag.py:538} INFO - Filling up the DagBag from /home/airflow/.local/lib/python3.7/site-packages/airflow/example_dags/example_latest_only_with_trigger.py
[2023-04-24T21:31:03.933+0000] {processor.py:753} INFO - DAG(s) dict_keys(['latest_only_with_trigger']) retrieved from /home/airflow/.local/lib/python3.7/site-packages/airflow/example_dags/example_latest_only_with_trigger.py
[2023-04-24T21:31:03.960+0000] {logging_mixin.py:137} INFO - [2023-04-24T21:31:03.960+0000] {dag.py:2690} INFO - Sync 1 DAGs
[2023-04-24T21:31:03.991+0000] {logging_mixin.py:137} INFO - [2023-04-24T21:31:03.991+0000] {dag.py:3441} INFO - Setting next_dagrun for latest_only_with_trigger to 2023-04-24T17:31:03.991337+00:00, run_after=2023-04-24T21:31:03.991337+00:00
[2023-04-24T21:31:04.028+0000] {processor.py:175} INFO - Processing /home/airflow/.local/lib/python3.7/site-packages/airflow/example_dags/example_latest_only_with_trigger.py took 0.122 seconds
[2023-04-24T22:36:52.269+0000] {processor.py:153} INFO - Started process (PID=5522) to work on /home/airflow/.local/lib/python3.7/site-packages/airflow/example_dags/example_latest_only_with_trigger.py
[2023-04-24T22:36:52.270+0000] {processor.py:743} INFO - Processing file /home/airflow/.local/lib/python3.7/site-packages/airflow/example_dags/example_latest_only_with_trigger.py for tasks to queue
[2023-04-24T22:36:52.271+0000] {logging_mixin.py:137} INFO - [2023-04-24T22:36:52.271+0000] {dagbag.py:538} INFO - Filling up the DagBag from /home/airflow/.local/lib/python3.7/site-packages/airflow/example_dags/example_latest_only_with_trigger.py
[2023-04-24T22:36:52.282+0000] {processor.py:753} INFO - DAG(s) dict_keys(['latest_only_with_trigger']) retrieved from /home/airflow/.local/lib/python3.7/site-packages/airflow/example_dags/example_latest_only_with_trigger.py
[2023-04-24T22:36:52.304+0000] {logging_mixin.py:137} INFO - [2023-04-24T22:36:52.304+0000] {dag.py:2690} INFO - Sync 1 DAGs
[2023-04-24T22:36:52.325+0000] {logging_mixin.py:137} INFO - [2023-04-24T22:36:52.325+0000] {dag.py:3441} INFO - Setting next_dagrun for latest_only_with_trigger to 2023-04-24T18:36:52.325615+00:00, run_after=2023-04-24T22:36:52.325615+00:00
[2023-04-24T22:36:52.339+0000] {processor.py:175} INFO - Processing /home/airflow/.local/lib/python3.7/site-packages/airflow/example_dags/example_latest_only_with_trigger.py took 0.074 seconds
