[2023-04-24T12:37:13.022+0000] {processor.py:153} INFO - Started process (PID=224) to work on /home/airflow/.local/lib/python3.7/site-packages/airflow/example_dags/example_skip_dag.py
[2023-04-24T12:37:13.424+0000] {processor.py:743} INFO - Processing file /home/airflow/.local/lib/python3.7/site-packages/airflow/example_dags/example_skip_dag.py for tasks to queue
[2023-04-24T12:37:13.444+0000] {logging_mixin.py:137} INFO - [2023-04-24T12:37:13.444+0000] {dagbag.py:538} INFO - Filling up the DagBag from /home/airflow/.local/lib/python3.7/site-packages/airflow/example_dags/example_skip_dag.py
[2023-04-24T12:37:14.850+0000] {processor.py:753} INFO - DAG(s) dict_keys(['example_skip_dag']) retrieved from /home/airflow/.local/lib/python3.7/site-packages/airflow/example_dags/example_skip_dag.py
[2023-04-24T12:37:18.458+0000] {logging_mixin.py:137} INFO - [2023-04-24T12:37:18.334+0000] {dag.py:2690} INFO - Sync 1 DAGs
[2023-04-24T12:37:19.018+0000] {logging_mixin.py:137} INFO - [2023-04-24T12:37:19.017+0000] {dag.py:2711} INFO - Creating ORM DAG for example_skip_dag
[2023-04-24T12:37:19.949+0000] {logging_mixin.py:137} INFO - [2023-04-24T12:37:19.949+0000] {dag.py:3441} INFO - Setting next_dagrun for example_skip_dag to 2023-04-23T12:37:19.946929+00:00, run_after=2023-04-24T12:37:19.946929+00:00
[2023-04-24T12:37:20.345+0000] {processor.py:175} INFO - Processing /home/airflow/.local/lib/python3.7/site-packages/airflow/example_dags/example_skip_dag.py took 7.458 seconds
[2023-04-24T12:40:18.888+0000] {processor.py:153} INFO - Started process (PID=343) to work on /home/airflow/.local/lib/python3.7/site-packages/airflow/example_dags/example_skip_dag.py
[2023-04-24T12:40:18.902+0000] {processor.py:743} INFO - Processing file /home/airflow/.local/lib/python3.7/site-packages/airflow/example_dags/example_skip_dag.py for tasks to queue
[2023-04-24T12:40:18.910+0000] {logging_mixin.py:137} INFO - [2023-04-24T12:40:18.904+0000] {dagbag.py:538} INFO - Filling up the DagBag from /home/airflow/.local/lib/python3.7/site-packages/airflow/example_dags/example_skip_dag.py
[2023-04-24T12:40:19.119+0000] {processor.py:753} INFO - DAG(s) dict_keys(['example_skip_dag']) retrieved from /home/airflow/.local/lib/python3.7/site-packages/airflow/example_dags/example_skip_dag.py
[2023-04-24T12:40:19.441+0000] {logging_mixin.py:137} INFO - [2023-04-24T12:40:19.440+0000] {dag.py:2690} INFO - Sync 1 DAGs
[2023-04-24T12:40:19.726+0000] {logging_mixin.py:137} INFO - [2023-04-24T12:40:19.726+0000] {dag.py:3441} INFO - Setting next_dagrun for example_skip_dag to 2023-04-23T12:40:19.726342+00:00, run_after=2023-04-24T12:40:19.726342+00:00
[2023-04-24T12:40:19.920+0000] {processor.py:175} INFO - Processing /home/airflow/.local/lib/python3.7/site-packages/airflow/example_dags/example_skip_dag.py took 1.061 seconds
[2023-04-24T12:41:33.278+0000] {processor.py:153} INFO - Started process (PID=412) to work on /home/airflow/.local/lib/python3.7/site-packages/airflow/example_dags/example_skip_dag.py
[2023-04-24T12:41:33.320+0000] {processor.py:743} INFO - Processing file /home/airflow/.local/lib/python3.7/site-packages/airflow/example_dags/example_skip_dag.py for tasks to queue
[2023-04-24T12:41:33.331+0000] {logging_mixin.py:137} INFO - [2023-04-24T12:41:33.331+0000] {dagbag.py:538} INFO - Filling up the DagBag from /home/airflow/.local/lib/python3.7/site-packages/airflow/example_dags/example_skip_dag.py
[2023-04-24T12:41:33.555+0000] {processor.py:753} INFO - DAG(s) dict_keys(['example_skip_dag']) retrieved from /home/airflow/.local/lib/python3.7/site-packages/airflow/example_dags/example_skip_dag.py
[2023-04-24T12:41:33.766+0000] {logging_mixin.py:137} INFO - [2023-04-24T12:41:33.766+0000] {dag.py:2690} INFO - Sync 1 DAGs
[2023-04-24T12:41:34.124+0000] {logging_mixin.py:137} INFO - [2023-04-24T12:41:34.124+0000] {dag.py:3441} INFO - Setting next_dagrun for example_skip_dag to 2023-04-23T12:41:34.124316+00:00, run_after=2023-04-24T12:41:34.124316+00:00
[2023-04-24T12:41:34.262+0000] {processor.py:175} INFO - Processing /home/airflow/.local/lib/python3.7/site-packages/airflow/example_dags/example_skip_dag.py took 1.010 seconds
[2023-04-24T12:42:44.649+0000] {processor.py:153} INFO - Started process (PID=490) to work on /home/airflow/.local/lib/python3.7/site-packages/airflow/example_dags/example_skip_dag.py
[2023-04-24T12:42:44.695+0000] {processor.py:743} INFO - Processing file /home/airflow/.local/lib/python3.7/site-packages/airflow/example_dags/example_skip_dag.py for tasks to queue
[2023-04-24T12:42:44.731+0000] {logging_mixin.py:137} INFO - [2023-04-24T12:42:44.731+0000] {dagbag.py:538} INFO - Filling up the DagBag from /home/airflow/.local/lib/python3.7/site-packages/airflow/example_dags/example_skip_dag.py
[2023-04-24T12:42:45.068+0000] {processor.py:753} INFO - DAG(s) dict_keys(['example_skip_dag']) retrieved from /home/airflow/.local/lib/python3.7/site-packages/airflow/example_dags/example_skip_dag.py
[2023-04-24T12:42:45.440+0000] {logging_mixin.py:137} INFO - [2023-04-24T12:42:45.434+0000] {dag.py:2690} INFO - Sync 1 DAGs
[2023-04-24T12:42:45.847+0000] {logging_mixin.py:137} INFO - [2023-04-24T12:42:45.847+0000] {dag.py:3441} INFO - Setting next_dagrun for example_skip_dag to 2023-04-23T12:42:45.847400+00:00, run_after=2023-04-24T12:42:45.847400+00:00
[2023-04-24T12:42:46.020+0000] {processor.py:175} INFO - Processing /home/airflow/.local/lib/python3.7/site-packages/airflow/example_dags/example_skip_dag.py took 1.433 seconds
[2023-04-24T12:46:52.948+0000] {processor.py:153} INFO - Started process (PID=604) to work on /home/airflow/.local/lib/python3.7/site-packages/airflow/example_dags/example_skip_dag.py
[2023-04-24T12:46:52.964+0000] {processor.py:743} INFO - Processing file /home/airflow/.local/lib/python3.7/site-packages/airflow/example_dags/example_skip_dag.py for tasks to queue
[2023-04-24T12:46:52.975+0000] {logging_mixin.py:137} INFO - [2023-04-24T12:46:52.975+0000] {dagbag.py:538} INFO - Filling up the DagBag from /home/airflow/.local/lib/python3.7/site-packages/airflow/example_dags/example_skip_dag.py
[2023-04-24T12:46:54.124+0000] {processor.py:753} INFO - DAG(s) dict_keys(['example_skip_dag']) retrieved from /home/airflow/.local/lib/python3.7/site-packages/airflow/example_dags/example_skip_dag.py
[2023-04-24T12:47:02.047+0000] {logging_mixin.py:137} INFO - [2023-04-24T12:47:01.689+0000] {dag.py:2690} INFO - Sync 1 DAGs
[2023-04-24T12:47:09.717+0000] {logging_mixin.py:137} INFO - [2023-04-24T12:47:08.050+0000] {dag.py:3441} INFO - Setting next_dagrun for example_skip_dag to 2023-04-23T12:47:07.715616+00:00, run_after=2023-04-24T12:47:07.715616+00:00
[2023-04-24T12:47:12.341+0000] {processor.py:175} INFO - Processing /home/airflow/.local/lib/python3.7/site-packages/airflow/example_dags/example_skip_dag.py took 19.191 seconds
[2023-04-24T12:48:00.458+0000] {processor.py:153} INFO - Started process (PID=653) to work on /home/airflow/.local/lib/python3.7/site-packages/airflow/example_dags/example_skip_dag.py
[2023-04-24T12:48:00.471+0000] {processor.py:743} INFO - Processing file /home/airflow/.local/lib/python3.7/site-packages/airflow/example_dags/example_skip_dag.py for tasks to queue
[2023-04-24T12:48:00.473+0000] {logging_mixin.py:137} INFO - [2023-04-24T12:48:00.473+0000] {dagbag.py:538} INFO - Filling up the DagBag from /home/airflow/.local/lib/python3.7/site-packages/airflow/example_dags/example_skip_dag.py
[2023-04-24T12:48:00.543+0000] {processor.py:753} INFO - DAG(s) dict_keys(['example_skip_dag']) retrieved from /home/airflow/.local/lib/python3.7/site-packages/airflow/example_dags/example_skip_dag.py
[2023-04-24T12:48:00.777+0000] {logging_mixin.py:137} INFO - [2023-04-24T12:48:00.752+0000] {dag.py:2690} INFO - Sync 1 DAGs
[2023-04-24T12:48:01.065+0000] {logging_mixin.py:137} INFO - [2023-04-24T12:48:01.065+0000] {dag.py:3441} INFO - Setting next_dagrun for example_skip_dag to 2023-04-23T12:48:01.065321+00:00, run_after=2023-04-24T12:48:01.065321+00:00
[2023-04-24T12:48:01.284+0000] {processor.py:175} INFO - Processing /home/airflow/.local/lib/python3.7/site-packages/airflow/example_dags/example_skip_dag.py took 0.831 seconds
[2023-04-24T12:52:33.524+0000] {processor.py:153} INFO - Started process (PID=781) to work on /home/airflow/.local/lib/python3.7/site-packages/airflow/example_dags/example_skip_dag.py
[2023-04-24T12:52:33.726+0000] {processor.py:743} INFO - Processing file /home/airflow/.local/lib/python3.7/site-packages/airflow/example_dags/example_skip_dag.py for tasks to queue
[2023-04-24T12:52:33.834+0000] {logging_mixin.py:137} INFO - [2023-04-24T12:52:33.833+0000] {dagbag.py:538} INFO - Filling up the DagBag from /home/airflow/.local/lib/python3.7/site-packages/airflow/example_dags/example_skip_dag.py
[2023-04-24T12:52:41.004+0000] {processor.py:753} INFO - DAG(s) dict_keys(['example_skip_dag']) retrieved from /home/airflow/.local/lib/python3.7/site-packages/airflow/example_dags/example_skip_dag.py
[2023-04-24T12:52:52.888+0000] {logging_mixin.py:137} INFO - [2023-04-24T12:52:52.887+0000] {dag.py:2690} INFO - Sync 1 DAGs
[2023-04-24T12:53:02.248+0000] {logging_mixin.py:137} INFO - [2023-04-24T12:53:02.247+0000] {dag.py:3441} INFO - Setting next_dagrun for example_skip_dag to 2023-04-23T12:53:01.704707+00:00, run_after=2023-04-24T12:53:01.704707+00:00
[2023-04-24T12:53:03.012+0000] {processor.py:175} INFO - Processing /home/airflow/.local/lib/python3.7/site-packages/airflow/example_dags/example_skip_dag.py took 30.146 seconds
[2023-04-24T12:56:43.179+0000] {processor.py:153} INFO - Started process (PID=925) to work on /home/airflow/.local/lib/python3.7/site-packages/airflow/example_dags/example_skip_dag.py
[2023-04-24T12:56:43.187+0000] {processor.py:743} INFO - Processing file /home/airflow/.local/lib/python3.7/site-packages/airflow/example_dags/example_skip_dag.py for tasks to queue
[2023-04-24T12:56:43.192+0000] {logging_mixin.py:137} INFO - [2023-04-24T12:56:43.191+0000] {dagbag.py:538} INFO - Filling up the DagBag from /home/airflow/.local/lib/python3.7/site-packages/airflow/example_dags/example_skip_dag.py
[2023-04-24T12:56:43.277+0000] {processor.py:753} INFO - DAG(s) dict_keys(['example_skip_dag']) retrieved from /home/airflow/.local/lib/python3.7/site-packages/airflow/example_dags/example_skip_dag.py
[2023-04-24T12:56:43.388+0000] {logging_mixin.py:137} INFO - [2023-04-24T12:56:43.384+0000] {dag.py:2690} INFO - Sync 1 DAGs
[2023-04-24T12:56:43.563+0000] {logging_mixin.py:137} INFO - [2023-04-24T12:56:43.563+0000] {dag.py:3441} INFO - Setting next_dagrun for example_skip_dag to 2023-04-23T12:56:43.557020+00:00, run_after=2023-04-24T12:56:43.557020+00:00
[2023-04-24T12:56:43.750+0000] {processor.py:175} INFO - Processing /home/airflow/.local/lib/python3.7/site-packages/airflow/example_dags/example_skip_dag.py took 0.599 seconds
[2023-04-24T12:58:08.374+0000] {processor.py:153} INFO - Started process (PID=988) to work on /home/airflow/.local/lib/python3.7/site-packages/airflow/example_dags/example_skip_dag.py
[2023-04-24T12:58:08.390+0000] {processor.py:743} INFO - Processing file /home/airflow/.local/lib/python3.7/site-packages/airflow/example_dags/example_skip_dag.py for tasks to queue
[2023-04-24T12:58:08.402+0000] {logging_mixin.py:137} INFO - [2023-04-24T12:58:08.402+0000] {dagbag.py:538} INFO - Filling up the DagBag from /home/airflow/.local/lib/python3.7/site-packages/airflow/example_dags/example_skip_dag.py
[2023-04-24T12:58:08.550+0000] {processor.py:753} INFO - DAG(s) dict_keys(['example_skip_dag']) retrieved from /home/airflow/.local/lib/python3.7/site-packages/airflow/example_dags/example_skip_dag.py
[2023-04-24T12:58:08.764+0000] {logging_mixin.py:137} INFO - [2023-04-24T12:58:08.763+0000] {dag.py:2690} INFO - Sync 1 DAGs
[2023-04-24T12:58:08.901+0000] {logging_mixin.py:137} INFO - [2023-04-24T12:58:08.901+0000] {dag.py:3441} INFO - Setting next_dagrun for example_skip_dag to 2023-04-23T12:58:08.900692+00:00, run_after=2023-04-24T12:58:08.900692+00:00
[2023-04-24T12:58:09.026+0000] {processor.py:175} INFO - Processing /home/airflow/.local/lib/python3.7/site-packages/airflow/example_dags/example_skip_dag.py took 0.671 seconds
[2023-04-24T13:01:39.902+0000] {processor.py:153} INFO - Started process (PID=1111) to work on /home/airflow/.local/lib/python3.7/site-packages/airflow/example_dags/example_skip_dag.py
[2023-04-24T13:01:39.952+0000] {processor.py:743} INFO - Processing file /home/airflow/.local/lib/python3.7/site-packages/airflow/example_dags/example_skip_dag.py for tasks to queue
[2023-04-24T13:01:40.020+0000] {logging_mixin.py:137} INFO - [2023-04-24T13:01:40.013+0000] {dagbag.py:538} INFO - Filling up the DagBag from /home/airflow/.local/lib/python3.7/site-packages/airflow/example_dags/example_skip_dag.py
[2023-04-24T13:01:40.867+0000] {processor.py:753} INFO - DAG(s) dict_keys(['example_skip_dag']) retrieved from /home/airflow/.local/lib/python3.7/site-packages/airflow/example_dags/example_skip_dag.py
[2023-04-24T13:01:41.772+0000] {logging_mixin.py:137} INFO - [2023-04-24T13:01:41.771+0000] {dag.py:2690} INFO - Sync 1 DAGs
[2023-04-24T13:01:42.482+0000] {logging_mixin.py:137} INFO - [2023-04-24T13:01:42.482+0000] {dag.py:3441} INFO - Setting next_dagrun for example_skip_dag to 2023-04-23T13:01:42.481794+00:00, run_after=2023-04-24T13:01:42.481794+00:00
[2023-04-24T13:01:42.933+0000] {processor.py:175} INFO - Processing /home/airflow/.local/lib/python3.7/site-packages/airflow/example_dags/example_skip_dag.py took 3.143 seconds
[2023-04-24T13:04:30.824+0000] {processor.py:153} INFO - Started process (PID=1229) to work on /home/airflow/.local/lib/python3.7/site-packages/airflow/example_dags/example_skip_dag.py
[2023-04-24T13:04:30.846+0000] {processor.py:743} INFO - Processing file /home/airflow/.local/lib/python3.7/site-packages/airflow/example_dags/example_skip_dag.py for tasks to queue
[2023-04-24T13:04:30.849+0000] {logging_mixin.py:137} INFO - [2023-04-24T13:04:30.849+0000] {dagbag.py:538} INFO - Filling up the DagBag from /home/airflow/.local/lib/python3.7/site-packages/airflow/example_dags/example_skip_dag.py
[2023-04-24T13:04:31.086+0000] {processor.py:753} INFO - DAG(s) dict_keys(['example_skip_dag']) retrieved from /home/airflow/.local/lib/python3.7/site-packages/airflow/example_dags/example_skip_dag.py
[2023-04-24T13:04:31.263+0000] {logging_mixin.py:137} INFO - [2023-04-24T13:04:31.263+0000] {dag.py:2690} INFO - Sync 1 DAGs
[2023-04-24T13:04:31.436+0000] {logging_mixin.py:137} INFO - [2023-04-24T13:04:31.436+0000] {dag.py:3441} INFO - Setting next_dagrun for example_skip_dag to 2023-04-23T13:04:31.436326+00:00, run_after=2023-04-24T13:04:31.436326+00:00
[2023-04-24T13:04:31.523+0000] {processor.py:175} INFO - Processing /home/airflow/.local/lib/python3.7/site-packages/airflow/example_dags/example_skip_dag.py took 0.743 seconds
[2023-04-24T13:08:39.590+0000] {processor.py:153} INFO - Started process (PID=1362) to work on /home/airflow/.local/lib/python3.7/site-packages/airflow/example_dags/example_skip_dag.py
[2023-04-24T13:08:39.708+0000] {processor.py:743} INFO - Processing file /home/airflow/.local/lib/python3.7/site-packages/airflow/example_dags/example_skip_dag.py for tasks to queue
[2023-04-24T13:08:39.714+0000] {logging_mixin.py:137} INFO - [2023-04-24T13:08:39.714+0000] {dagbag.py:538} INFO - Filling up the DagBag from /home/airflow/.local/lib/python3.7/site-packages/airflow/example_dags/example_skip_dag.py
[2023-04-24T13:08:55.342+0000] {processor.py:753} INFO - DAG(s) dict_keys(['example_skip_dag']) retrieved from /home/airflow/.local/lib/python3.7/site-packages/airflow/example_dags/example_skip_dag.py
[2023-04-24T13:09:04.910+0000] {logging_mixin.py:137} INFO - [2023-04-24T13:09:04.867+0000] {dag.py:2690} INFO - Sync 1 DAGs
[2023-04-24T13:09:12.790+0000] {logging_mixin.py:137} INFO - [2023-04-24T13:09:12.789+0000] {dag.py:3441} INFO - Setting next_dagrun for example_skip_dag to 2023-04-23T13:09:12.787206+00:00, run_after=2023-04-24T13:09:12.787206+00:00
[2023-04-24T13:09:17.612+0000] {processor.py:175} INFO - Processing /home/airflow/.local/lib/python3.7/site-packages/airflow/example_dags/example_skip_dag.py took 38.355 seconds
[2023-04-24T13:11:50.353+0000] {processor.py:153} INFO - Started process (PID=1476) to work on /home/airflow/.local/lib/python3.7/site-packages/airflow/example_dags/example_skip_dag.py
[2023-04-24T13:11:50.356+0000] {processor.py:743} INFO - Processing file /home/airflow/.local/lib/python3.7/site-packages/airflow/example_dags/example_skip_dag.py for tasks to queue
[2023-04-24T13:11:50.359+0000] {logging_mixin.py:137} INFO - [2023-04-24T13:11:50.359+0000] {dagbag.py:538} INFO - Filling up the DagBag from /home/airflow/.local/lib/python3.7/site-packages/airflow/example_dags/example_skip_dag.py
[2023-04-24T13:11:50.384+0000] {processor.py:753} INFO - DAG(s) dict_keys(['example_skip_dag']) retrieved from /home/airflow/.local/lib/python3.7/site-packages/airflow/example_dags/example_skip_dag.py
[2023-04-24T13:11:50.444+0000] {logging_mixin.py:137} INFO - [2023-04-24T13:11:50.444+0000] {dag.py:2690} INFO - Sync 1 DAGs
[2023-04-24T13:11:50.520+0000] {logging_mixin.py:137} INFO - [2023-04-24T13:11:50.519+0000] {dag.py:3441} INFO - Setting next_dagrun for example_skip_dag to 2023-04-23T13:11:50.519473+00:00, run_after=2023-04-24T13:11:50.519473+00:00
[2023-04-24T13:11:50.559+0000] {processor.py:175} INFO - Processing /home/airflow/.local/lib/python3.7/site-packages/airflow/example_dags/example_skip_dag.py took 0.214 seconds
[2023-04-24T13:12:21.470+0000] {processor.py:153} INFO - Started process (PID=1543) to work on /home/airflow/.local/lib/python3.7/site-packages/airflow/example_dags/example_skip_dag.py
[2023-04-24T13:12:21.473+0000] {processor.py:743} INFO - Processing file /home/airflow/.local/lib/python3.7/site-packages/airflow/example_dags/example_skip_dag.py for tasks to queue
[2023-04-24T13:12:21.475+0000] {logging_mixin.py:137} INFO - [2023-04-24T13:12:21.474+0000] {dagbag.py:538} INFO - Filling up the DagBag from /home/airflow/.local/lib/python3.7/site-packages/airflow/example_dags/example_skip_dag.py
[2023-04-24T13:12:21.490+0000] {processor.py:753} INFO - DAG(s) dict_keys(['example_skip_dag']) retrieved from /home/airflow/.local/lib/python3.7/site-packages/airflow/example_dags/example_skip_dag.py
[2023-04-24T13:12:21.503+0000] {logging_mixin.py:137} INFO - [2023-04-24T13:12:21.503+0000] {dag.py:2690} INFO - Sync 1 DAGs
[2023-04-24T13:12:21.521+0000] {logging_mixin.py:137} INFO - [2023-04-24T13:12:21.521+0000] {dag.py:3441} INFO - Setting next_dagrun for example_skip_dag to 2023-04-23T13:12:21.521049+00:00, run_after=2023-04-24T13:12:21.521049+00:00
[2023-04-24T13:12:21.533+0000] {processor.py:175} INFO - Processing /home/airflow/.local/lib/python3.7/site-packages/airflow/example_dags/example_skip_dag.py took 0.068 seconds
[2023-04-24T13:12:51.844+0000] {processor.py:153} INFO - Started process (PID=1619) to work on /home/airflow/.local/lib/python3.7/site-packages/airflow/example_dags/example_skip_dag.py
[2023-04-24T13:12:51.845+0000] {processor.py:743} INFO - Processing file /home/airflow/.local/lib/python3.7/site-packages/airflow/example_dags/example_skip_dag.py for tasks to queue
[2023-04-24T13:12:51.846+0000] {logging_mixin.py:137} INFO - [2023-04-24T13:12:51.846+0000] {dagbag.py:538} INFO - Filling up the DagBag from /home/airflow/.local/lib/python3.7/site-packages/airflow/example_dags/example_skip_dag.py
[2023-04-24T13:12:51.858+0000] {processor.py:753} INFO - DAG(s) dict_keys(['example_skip_dag']) retrieved from /home/airflow/.local/lib/python3.7/site-packages/airflow/example_dags/example_skip_dag.py
[2023-04-24T13:12:51.881+0000] {logging_mixin.py:137} INFO - [2023-04-24T13:12:51.881+0000] {dag.py:2690} INFO - Sync 1 DAGs
[2023-04-24T13:12:51.899+0000] {logging_mixin.py:137} INFO - [2023-04-24T13:12:51.899+0000] {dag.py:3441} INFO - Setting next_dagrun for example_skip_dag to 2023-04-23T13:12:51.899365+00:00, run_after=2023-04-24T13:12:51.899365+00:00
[2023-04-24T13:12:51.913+0000] {processor.py:175} INFO - Processing /home/airflow/.local/lib/python3.7/site-packages/airflow/example_dags/example_skip_dag.py took 0.073 seconds
[2023-04-24T13:13:22.078+0000] {processor.py:153} INFO - Started process (PID=1683) to work on /home/airflow/.local/lib/python3.7/site-packages/airflow/example_dags/example_skip_dag.py
[2023-04-24T13:13:22.080+0000] {processor.py:743} INFO - Processing file /home/airflow/.local/lib/python3.7/site-packages/airflow/example_dags/example_skip_dag.py for tasks to queue
[2023-04-24T13:13:22.081+0000] {logging_mixin.py:137} INFO - [2023-04-24T13:13:22.081+0000] {dagbag.py:538} INFO - Filling up the DagBag from /home/airflow/.local/lib/python3.7/site-packages/airflow/example_dags/example_skip_dag.py
[2023-04-24T13:13:22.092+0000] {processor.py:753} INFO - DAG(s) dict_keys(['example_skip_dag']) retrieved from /home/airflow/.local/lib/python3.7/site-packages/airflow/example_dags/example_skip_dag.py
[2023-04-24T13:13:22.112+0000] {logging_mixin.py:137} INFO - [2023-04-24T13:13:22.112+0000] {dag.py:2690} INFO - Sync 1 DAGs
[2023-04-24T13:13:22.127+0000] {logging_mixin.py:137} INFO - [2023-04-24T13:13:22.127+0000] {dag.py:3441} INFO - Setting next_dagrun for example_skip_dag to 2023-04-23T13:13:22.127328+00:00, run_after=2023-04-24T13:13:22.127328+00:00
[2023-04-24T13:13:22.138+0000] {processor.py:175} INFO - Processing /home/airflow/.local/lib/python3.7/site-packages/airflow/example_dags/example_skip_dag.py took 0.063 seconds
[2023-04-24T13:13:52.426+0000] {processor.py:153} INFO - Started process (PID=1758) to work on /home/airflow/.local/lib/python3.7/site-packages/airflow/example_dags/example_skip_dag.py
[2023-04-24T13:13:52.427+0000] {processor.py:743} INFO - Processing file /home/airflow/.local/lib/python3.7/site-packages/airflow/example_dags/example_skip_dag.py for tasks to queue
[2023-04-24T13:13:52.428+0000] {logging_mixin.py:137} INFO - [2023-04-24T13:13:52.428+0000] {dagbag.py:538} INFO - Filling up the DagBag from /home/airflow/.local/lib/python3.7/site-packages/airflow/example_dags/example_skip_dag.py
[2023-04-24T13:13:52.439+0000] {processor.py:753} INFO - DAG(s) dict_keys(['example_skip_dag']) retrieved from /home/airflow/.local/lib/python3.7/site-packages/airflow/example_dags/example_skip_dag.py
[2023-04-24T13:13:52.459+0000] {logging_mixin.py:137} INFO - [2023-04-24T13:13:52.459+0000] {dag.py:2690} INFO - Sync 1 DAGs
[2023-04-24T13:13:52.475+0000] {logging_mixin.py:137} INFO - [2023-04-24T13:13:52.475+0000] {dag.py:3441} INFO - Setting next_dagrun for example_skip_dag to 2023-04-23T13:13:52.475251+00:00, run_after=2023-04-24T13:13:52.475251+00:00
[2023-04-24T13:13:52.486+0000] {processor.py:175} INFO - Processing /home/airflow/.local/lib/python3.7/site-packages/airflow/example_dags/example_skip_dag.py took 0.064 seconds
[2023-04-24T13:14:22.723+0000] {processor.py:153} INFO - Started process (PID=1834) to work on /home/airflow/.local/lib/python3.7/site-packages/airflow/example_dags/example_skip_dag.py
[2023-04-24T13:14:22.725+0000] {processor.py:743} INFO - Processing file /home/airflow/.local/lib/python3.7/site-packages/airflow/example_dags/example_skip_dag.py for tasks to queue
[2023-04-24T13:14:22.726+0000] {logging_mixin.py:137} INFO - [2023-04-24T13:14:22.726+0000] {dagbag.py:538} INFO - Filling up the DagBag from /home/airflow/.local/lib/python3.7/site-packages/airflow/example_dags/example_skip_dag.py
[2023-04-24T13:14:22.737+0000] {processor.py:753} INFO - DAG(s) dict_keys(['example_skip_dag']) retrieved from /home/airflow/.local/lib/python3.7/site-packages/airflow/example_dags/example_skip_dag.py
[2023-04-24T13:14:22.757+0000] {logging_mixin.py:137} INFO - [2023-04-24T13:14:22.756+0000] {dag.py:2690} INFO - Sync 1 DAGs
[2023-04-24T13:14:22.774+0000] {logging_mixin.py:137} INFO - [2023-04-24T13:14:22.774+0000] {dag.py:3441} INFO - Setting next_dagrun for example_skip_dag to 2023-04-23T13:14:22.774640+00:00, run_after=2023-04-24T13:14:22.774640+00:00
[2023-04-24T13:14:22.788+0000] {processor.py:175} INFO - Processing /home/airflow/.local/lib/python3.7/site-packages/airflow/example_dags/example_skip_dag.py took 0.068 seconds
[2023-04-24T13:14:52.891+0000] {processor.py:153} INFO - Started process (PID=1898) to work on /home/airflow/.local/lib/python3.7/site-packages/airflow/example_dags/example_skip_dag.py
[2023-04-24T13:14:52.893+0000] {processor.py:743} INFO - Processing file /home/airflow/.local/lib/python3.7/site-packages/airflow/example_dags/example_skip_dag.py for tasks to queue
[2023-04-24T13:14:52.894+0000] {logging_mixin.py:137} INFO - [2023-04-24T13:14:52.894+0000] {dagbag.py:538} INFO - Filling up the DagBag from /home/airflow/.local/lib/python3.7/site-packages/airflow/example_dags/example_skip_dag.py
[2023-04-24T13:14:52.906+0000] {processor.py:753} INFO - DAG(s) dict_keys(['example_skip_dag']) retrieved from /home/airflow/.local/lib/python3.7/site-packages/airflow/example_dags/example_skip_dag.py
[2023-04-24T13:14:52.927+0000] {logging_mixin.py:137} INFO - [2023-04-24T13:14:52.927+0000] {dag.py:2690} INFO - Sync 1 DAGs
[2023-04-24T13:14:52.944+0000] {logging_mixin.py:137} INFO - [2023-04-24T13:14:52.943+0000] {dag.py:3441} INFO - Setting next_dagrun for example_skip_dag to 2023-04-23T13:14:52.943736+00:00, run_after=2023-04-24T13:14:52.943736+00:00
[2023-04-24T13:14:52.955+0000] {processor.py:175} INFO - Processing /home/airflow/.local/lib/python3.7/site-packages/airflow/example_dags/example_skip_dag.py took 0.067 seconds
[2023-04-24T13:15:23.255+0000] {processor.py:153} INFO - Started process (PID=1974) to work on /home/airflow/.local/lib/python3.7/site-packages/airflow/example_dags/example_skip_dag.py
[2023-04-24T13:15:23.256+0000] {processor.py:743} INFO - Processing file /home/airflow/.local/lib/python3.7/site-packages/airflow/example_dags/example_skip_dag.py for tasks to queue
[2023-04-24T13:15:23.257+0000] {logging_mixin.py:137} INFO - [2023-04-24T13:15:23.257+0000] {dagbag.py:538} INFO - Filling up the DagBag from /home/airflow/.local/lib/python3.7/site-packages/airflow/example_dags/example_skip_dag.py
[2023-04-24T13:15:23.269+0000] {processor.py:753} INFO - DAG(s) dict_keys(['example_skip_dag']) retrieved from /home/airflow/.local/lib/python3.7/site-packages/airflow/example_dags/example_skip_dag.py
[2023-04-24T13:15:23.289+0000] {logging_mixin.py:137} INFO - [2023-04-24T13:15:23.289+0000] {dag.py:2690} INFO - Sync 1 DAGs
[2023-04-24T13:15:23.304+0000] {logging_mixin.py:137} INFO - [2023-04-24T13:15:23.304+0000] {dag.py:3441} INFO - Setting next_dagrun for example_skip_dag to 2023-04-23T13:15:23.304021+00:00, run_after=2023-04-24T13:15:23.304021+00:00
[2023-04-24T13:15:23.316+0000] {processor.py:175} INFO - Processing /home/airflow/.local/lib/python3.7/site-packages/airflow/example_dags/example_skip_dag.py took 0.064 seconds
[2023-04-24T13:15:53.583+0000] {processor.py:153} INFO - Started process (PID=2052) to work on /home/airflow/.local/lib/python3.7/site-packages/airflow/example_dags/example_skip_dag.py
[2023-04-24T13:15:53.584+0000] {processor.py:743} INFO - Processing file /home/airflow/.local/lib/python3.7/site-packages/airflow/example_dags/example_skip_dag.py for tasks to queue
[2023-04-24T13:15:53.585+0000] {logging_mixin.py:137} INFO - [2023-04-24T13:15:53.585+0000] {dagbag.py:538} INFO - Filling up the DagBag from /home/airflow/.local/lib/python3.7/site-packages/airflow/example_dags/example_skip_dag.py
[2023-04-24T13:15:53.596+0000] {processor.py:753} INFO - DAG(s) dict_keys(['example_skip_dag']) retrieved from /home/airflow/.local/lib/python3.7/site-packages/airflow/example_dags/example_skip_dag.py
[2023-04-24T13:15:53.616+0000] {logging_mixin.py:137} INFO - [2023-04-24T13:15:53.616+0000] {dag.py:2690} INFO - Sync 1 DAGs
[2023-04-24T13:15:53.631+0000] {logging_mixin.py:137} INFO - [2023-04-24T13:15:53.631+0000] {dag.py:3441} INFO - Setting next_dagrun for example_skip_dag to 2023-04-23T13:15:53.631478+00:00, run_after=2023-04-24T13:15:53.631478+00:00
[2023-04-24T13:15:53.642+0000] {processor.py:175} INFO - Processing /home/airflow/.local/lib/python3.7/site-packages/airflow/example_dags/example_skip_dag.py took 0.063 seconds
[2023-04-24T13:16:24.033+0000] {processor.py:153} INFO - Started process (PID=2118) to work on /home/airflow/.local/lib/python3.7/site-packages/airflow/example_dags/example_skip_dag.py
[2023-04-24T13:16:24.035+0000] {processor.py:743} INFO - Processing file /home/airflow/.local/lib/python3.7/site-packages/airflow/example_dags/example_skip_dag.py for tasks to queue
[2023-04-24T13:16:24.036+0000] {logging_mixin.py:137} INFO - [2023-04-24T13:16:24.036+0000] {dagbag.py:538} INFO - Filling up the DagBag from /home/airflow/.local/lib/python3.7/site-packages/airflow/example_dags/example_skip_dag.py
[2023-04-24T13:16:24.060+0000] {processor.py:753} INFO - DAG(s) dict_keys(['example_skip_dag']) retrieved from /home/airflow/.local/lib/python3.7/site-packages/airflow/example_dags/example_skip_dag.py
[2023-04-24T13:16:24.078+0000] {logging_mixin.py:137} INFO - [2023-04-24T13:16:24.078+0000] {dag.py:2690} INFO - Sync 1 DAGs
[2023-04-24T13:16:24.113+0000] {logging_mixin.py:137} INFO - [2023-04-24T13:16:24.112+0000] {dag.py:3441} INFO - Setting next_dagrun for example_skip_dag to 2023-04-23T13:16:24.112608+00:00, run_after=2023-04-24T13:16:24.112608+00:00
[2023-04-24T13:16:24.136+0000] {processor.py:175} INFO - Processing /home/airflow/.local/lib/python3.7/site-packages/airflow/example_dags/example_skip_dag.py took 0.112 seconds
[2023-04-24T13:16:54.602+0000] {processor.py:153} INFO - Started process (PID=2193) to work on /home/airflow/.local/lib/python3.7/site-packages/airflow/example_dags/example_skip_dag.py
[2023-04-24T13:16:54.603+0000] {processor.py:743} INFO - Processing file /home/airflow/.local/lib/python3.7/site-packages/airflow/example_dags/example_skip_dag.py for tasks to queue
[2023-04-24T13:16:54.604+0000] {logging_mixin.py:137} INFO - [2023-04-24T13:16:54.604+0000] {dagbag.py:538} INFO - Filling up the DagBag from /home/airflow/.local/lib/python3.7/site-packages/airflow/example_dags/example_skip_dag.py
[2023-04-24T13:16:54.617+0000] {processor.py:753} INFO - DAG(s) dict_keys(['example_skip_dag']) retrieved from /home/airflow/.local/lib/python3.7/site-packages/airflow/example_dags/example_skip_dag.py
[2023-04-24T13:16:54.645+0000] {logging_mixin.py:137} INFO - [2023-04-24T13:16:54.645+0000] {dag.py:2690} INFO - Sync 1 DAGs
[2023-04-24T13:16:54.664+0000] {logging_mixin.py:137} INFO - [2023-04-24T13:16:54.664+0000] {dag.py:3441} INFO - Setting next_dagrun for example_skip_dag to 2023-04-23T13:16:54.664530+00:00, run_after=2023-04-24T13:16:54.664530+00:00
[2023-04-24T13:16:54.678+0000] {processor.py:175} INFO - Processing /home/airflow/.local/lib/python3.7/site-packages/airflow/example_dags/example_skip_dag.py took 0.080 seconds
[2023-04-24T13:17:25.108+0000] {processor.py:153} INFO - Started process (PID=2269) to work on /home/airflow/.local/lib/python3.7/site-packages/airflow/example_dags/example_skip_dag.py
[2023-04-24T13:17:25.110+0000] {processor.py:743} INFO - Processing file /home/airflow/.local/lib/python3.7/site-packages/airflow/example_dags/example_skip_dag.py for tasks to queue
[2023-04-24T13:17:25.111+0000] {logging_mixin.py:137} INFO - [2023-04-24T13:17:25.111+0000] {dagbag.py:538} INFO - Filling up the DagBag from /home/airflow/.local/lib/python3.7/site-packages/airflow/example_dags/example_skip_dag.py
[2023-04-24T13:17:25.124+0000] {processor.py:753} INFO - DAG(s) dict_keys(['example_skip_dag']) retrieved from /home/airflow/.local/lib/python3.7/site-packages/airflow/example_dags/example_skip_dag.py
[2023-04-24T13:17:25.148+0000] {logging_mixin.py:137} INFO - [2023-04-24T13:17:25.148+0000] {dag.py:2690} INFO - Sync 1 DAGs
[2023-04-24T13:17:25.186+0000] {logging_mixin.py:137} INFO - [2023-04-24T13:17:25.186+0000] {dag.py:3441} INFO - Setting next_dagrun for example_skip_dag to 2023-04-23T13:17:25.186123+00:00, run_after=2023-04-24T13:17:25.186123+00:00
[2023-04-24T13:17:25.205+0000] {processor.py:175} INFO - Processing /home/airflow/.local/lib/python3.7/site-packages/airflow/example_dags/example_skip_dag.py took 0.104 seconds
[2023-04-24T13:17:55.512+0000] {processor.py:153} INFO - Started process (PID=2342) to work on /home/airflow/.local/lib/python3.7/site-packages/airflow/example_dags/example_skip_dag.py
[2023-04-24T13:17:55.513+0000] {processor.py:743} INFO - Processing file /home/airflow/.local/lib/python3.7/site-packages/airflow/example_dags/example_skip_dag.py for tasks to queue
[2023-04-24T13:17:55.514+0000] {logging_mixin.py:137} INFO - [2023-04-24T13:17:55.514+0000] {dagbag.py:538} INFO - Filling up the DagBag from /home/airflow/.local/lib/python3.7/site-packages/airflow/example_dags/example_skip_dag.py
[2023-04-24T13:17:55.529+0000] {processor.py:753} INFO - DAG(s) dict_keys(['example_skip_dag']) retrieved from /home/airflow/.local/lib/python3.7/site-packages/airflow/example_dags/example_skip_dag.py
[2023-04-24T13:17:55.550+0000] {logging_mixin.py:137} INFO - [2023-04-24T13:17:55.550+0000] {dag.py:2690} INFO - Sync 1 DAGs
[2023-04-24T13:17:55.567+0000] {logging_mixin.py:137} INFO - [2023-04-24T13:17:55.567+0000] {dag.py:3441} INFO - Setting next_dagrun for example_skip_dag to 2023-04-23T13:17:55.567593+00:00, run_after=2023-04-24T13:17:55.567593+00:00
[2023-04-24T13:17:55.580+0000] {processor.py:175} INFO - Processing /home/airflow/.local/lib/python3.7/site-packages/airflow/example_dags/example_skip_dag.py took 0.072 seconds
[2023-04-24T13:18:25.853+0000] {processor.py:153} INFO - Started process (PID=2409) to work on /home/airflow/.local/lib/python3.7/site-packages/airflow/example_dags/example_skip_dag.py
[2023-04-24T13:18:25.855+0000] {processor.py:743} INFO - Processing file /home/airflow/.local/lib/python3.7/site-packages/airflow/example_dags/example_skip_dag.py for tasks to queue
[2023-04-24T13:18:25.856+0000] {logging_mixin.py:137} INFO - [2023-04-24T13:18:25.855+0000] {dagbag.py:538} INFO - Filling up the DagBag from /home/airflow/.local/lib/python3.7/site-packages/airflow/example_dags/example_skip_dag.py
[2023-04-24T13:18:25.868+0000] {processor.py:753} INFO - DAG(s) dict_keys(['example_skip_dag']) retrieved from /home/airflow/.local/lib/python3.7/site-packages/airflow/example_dags/example_skip_dag.py
[2023-04-24T13:18:25.889+0000] {logging_mixin.py:137} INFO - [2023-04-24T13:18:25.889+0000] {dag.py:2690} INFO - Sync 1 DAGs
[2023-04-24T13:18:25.906+0000] {logging_mixin.py:137} INFO - [2023-04-24T13:18:25.906+0000] {dag.py:3441} INFO - Setting next_dagrun for example_skip_dag to 2023-04-23T13:18:25.906078+00:00, run_after=2023-04-24T13:18:25.906078+00:00
[2023-04-24T13:18:25.918+0000] {processor.py:175} INFO - Processing /home/airflow/.local/lib/python3.7/site-packages/airflow/example_dags/example_skip_dag.py took 0.068 seconds
[2023-04-24T13:18:56.009+0000] {processor.py:153} INFO - Started process (PID=2485) to work on /home/airflow/.local/lib/python3.7/site-packages/airflow/example_dags/example_skip_dag.py
[2023-04-24T13:18:56.011+0000] {processor.py:743} INFO - Processing file /home/airflow/.local/lib/python3.7/site-packages/airflow/example_dags/example_skip_dag.py for tasks to queue
[2023-04-24T13:18:56.012+0000] {logging_mixin.py:137} INFO - [2023-04-24T13:18:56.011+0000] {dagbag.py:538} INFO - Filling up the DagBag from /home/airflow/.local/lib/python3.7/site-packages/airflow/example_dags/example_skip_dag.py
[2023-04-24T13:18:56.023+0000] {processor.py:753} INFO - DAG(s) dict_keys(['example_skip_dag']) retrieved from /home/airflow/.local/lib/python3.7/site-packages/airflow/example_dags/example_skip_dag.py
[2023-04-24T13:18:56.043+0000] {logging_mixin.py:137} INFO - [2023-04-24T13:18:56.043+0000] {dag.py:2690} INFO - Sync 1 DAGs
[2023-04-24T13:18:56.059+0000] {logging_mixin.py:137} INFO - [2023-04-24T13:18:56.059+0000] {dag.py:3441} INFO - Setting next_dagrun for example_skip_dag to 2023-04-23T13:18:56.059067+00:00, run_after=2023-04-24T13:18:56.059067+00:00
[2023-04-24T13:18:56.070+0000] {processor.py:175} INFO - Processing /home/airflow/.local/lib/python3.7/site-packages/airflow/example_dags/example_skip_dag.py took 0.064 seconds
[2023-04-24T13:19:26.324+0000] {processor.py:153} INFO - Started process (PID=2561) to work on /home/airflow/.local/lib/python3.7/site-packages/airflow/example_dags/example_skip_dag.py
[2023-04-24T13:19:26.326+0000] {processor.py:743} INFO - Processing file /home/airflow/.local/lib/python3.7/site-packages/airflow/example_dags/example_skip_dag.py for tasks to queue
[2023-04-24T13:19:26.327+0000] {logging_mixin.py:137} INFO - [2023-04-24T13:19:26.326+0000] {dagbag.py:538} INFO - Filling up the DagBag from /home/airflow/.local/lib/python3.7/site-packages/airflow/example_dags/example_skip_dag.py
[2023-04-24T13:19:26.337+0000] {processor.py:753} INFO - DAG(s) dict_keys(['example_skip_dag']) retrieved from /home/airflow/.local/lib/python3.7/site-packages/airflow/example_dags/example_skip_dag.py
[2023-04-24T13:19:26.357+0000] {logging_mixin.py:137} INFO - [2023-04-24T13:19:26.357+0000] {dag.py:2690} INFO - Sync 1 DAGs
[2023-04-24T13:19:26.373+0000] {logging_mixin.py:137} INFO - [2023-04-24T13:19:26.373+0000] {dag.py:3441} INFO - Setting next_dagrun for example_skip_dag to 2023-04-23T13:19:26.373567+00:00, run_after=2023-04-24T13:19:26.373567+00:00
[2023-04-24T13:19:26.385+0000] {processor.py:175} INFO - Processing /home/airflow/.local/lib/python3.7/site-packages/airflow/example_dags/example_skip_dag.py took 0.064 seconds
[2023-04-24T13:19:56.750+0000] {processor.py:153} INFO - Started process (PID=2627) to work on /home/airflow/.local/lib/python3.7/site-packages/airflow/example_dags/example_skip_dag.py
[2023-04-24T13:19:56.752+0000] {processor.py:743} INFO - Processing file /home/airflow/.local/lib/python3.7/site-packages/airflow/example_dags/example_skip_dag.py for tasks to queue
[2023-04-24T13:19:56.753+0000] {logging_mixin.py:137} INFO - [2023-04-24T13:19:56.753+0000] {dagbag.py:538} INFO - Filling up the DagBag from /home/airflow/.local/lib/python3.7/site-packages/airflow/example_dags/example_skip_dag.py
[2023-04-24T13:19:56.764+0000] {processor.py:753} INFO - DAG(s) dict_keys(['example_skip_dag']) retrieved from /home/airflow/.local/lib/python3.7/site-packages/airflow/example_dags/example_skip_dag.py
[2023-04-24T13:19:56.783+0000] {logging_mixin.py:137} INFO - [2023-04-24T13:19:56.783+0000] {dag.py:2690} INFO - Sync 1 DAGs
[2023-04-24T13:19:56.799+0000] {logging_mixin.py:137} INFO - [2023-04-24T13:19:56.799+0000] {dag.py:3441} INFO - Setting next_dagrun for example_skip_dag to 2023-04-23T13:19:56.799144+00:00, run_after=2023-04-24T13:19:56.799144+00:00
[2023-04-24T13:19:56.810+0000] {processor.py:175} INFO - Processing /home/airflow/.local/lib/python3.7/site-packages/airflow/example_dags/example_skip_dag.py took 0.063 seconds
[2023-04-24T13:20:27.139+0000] {processor.py:153} INFO - Started process (PID=2707) to work on /home/airflow/.local/lib/python3.7/site-packages/airflow/example_dags/example_skip_dag.py
[2023-04-24T13:20:27.140+0000] {processor.py:743} INFO - Processing file /home/airflow/.local/lib/python3.7/site-packages/airflow/example_dags/example_skip_dag.py for tasks to queue
[2023-04-24T13:20:27.141+0000] {logging_mixin.py:137} INFO - [2023-04-24T13:20:27.141+0000] {dagbag.py:538} INFO - Filling up the DagBag from /home/airflow/.local/lib/python3.7/site-packages/airflow/example_dags/example_skip_dag.py
[2023-04-24T13:20:27.152+0000] {processor.py:753} INFO - DAG(s) dict_keys(['example_skip_dag']) retrieved from /home/airflow/.local/lib/python3.7/site-packages/airflow/example_dags/example_skip_dag.py
[2023-04-24T13:20:27.172+0000] {logging_mixin.py:137} INFO - [2023-04-24T13:20:27.172+0000] {dag.py:2690} INFO - Sync 1 DAGs
[2023-04-24T13:20:27.189+0000] {logging_mixin.py:137} INFO - [2023-04-24T13:20:27.189+0000] {dag.py:3441} INFO - Setting next_dagrun for example_skip_dag to 2023-04-23T13:20:27.189244+00:00, run_after=2023-04-24T13:20:27.189244+00:00
[2023-04-24T13:20:27.200+0000] {processor.py:175} INFO - Processing /home/airflow/.local/lib/python3.7/site-packages/airflow/example_dags/example_skip_dag.py took 0.065 seconds
[2023-04-24T13:20:57.655+0000] {processor.py:153} INFO - Started process (PID=2784) to work on /home/airflow/.local/lib/python3.7/site-packages/airflow/example_dags/example_skip_dag.py
[2023-04-24T13:20:57.656+0000] {processor.py:743} INFO - Processing file /home/airflow/.local/lib/python3.7/site-packages/airflow/example_dags/example_skip_dag.py for tasks to queue
[2023-04-24T13:20:57.657+0000] {logging_mixin.py:137} INFO - [2023-04-24T13:20:57.657+0000] {dagbag.py:538} INFO - Filling up the DagBag from /home/airflow/.local/lib/python3.7/site-packages/airflow/example_dags/example_skip_dag.py
[2023-04-24T13:20:57.668+0000] {processor.py:753} INFO - DAG(s) dict_keys(['example_skip_dag']) retrieved from /home/airflow/.local/lib/python3.7/site-packages/airflow/example_dags/example_skip_dag.py
[2023-04-24T13:20:57.688+0000] {logging_mixin.py:137} INFO - [2023-04-24T13:20:57.688+0000] {dag.py:2690} INFO - Sync 1 DAGs
[2023-04-24T13:20:57.704+0000] {logging_mixin.py:137} INFO - [2023-04-24T13:20:57.704+0000] {dag.py:3441} INFO - Setting next_dagrun for example_skip_dag to 2023-04-23T13:20:57.704623+00:00, run_after=2023-04-24T13:20:57.704623+00:00
[2023-04-24T13:20:57.717+0000] {processor.py:175} INFO - Processing /home/airflow/.local/lib/python3.7/site-packages/airflow/example_dags/example_skip_dag.py took 0.066 seconds
[2023-04-24T13:21:28.019+0000] {processor.py:153} INFO - Started process (PID=2849) to work on /home/airflow/.local/lib/python3.7/site-packages/airflow/example_dags/example_skip_dag.py
[2023-04-24T13:21:28.020+0000] {processor.py:743} INFO - Processing file /home/airflow/.local/lib/python3.7/site-packages/airflow/example_dags/example_skip_dag.py for tasks to queue
[2023-04-24T13:21:28.021+0000] {logging_mixin.py:137} INFO - [2023-04-24T13:21:28.021+0000] {dagbag.py:538} INFO - Filling up the DagBag from /home/airflow/.local/lib/python3.7/site-packages/airflow/example_dags/example_skip_dag.py
[2023-04-24T13:21:28.032+0000] {processor.py:753} INFO - DAG(s) dict_keys(['example_skip_dag']) retrieved from /home/airflow/.local/lib/python3.7/site-packages/airflow/example_dags/example_skip_dag.py
[2023-04-24T13:21:28.052+0000] {logging_mixin.py:137} INFO - [2023-04-24T13:21:28.052+0000] {dag.py:2690} INFO - Sync 1 DAGs
[2023-04-24T13:21:28.068+0000] {logging_mixin.py:137} INFO - [2023-04-24T13:21:28.068+0000] {dag.py:3441} INFO - Setting next_dagrun for example_skip_dag to 2023-04-23T13:21:28.067918+00:00, run_after=2023-04-24T13:21:28.067918+00:00
[2023-04-24T13:21:28.079+0000] {processor.py:175} INFO - Processing /home/airflow/.local/lib/python3.7/site-packages/airflow/example_dags/example_skip_dag.py took 0.064 seconds
[2023-04-24T13:21:58.214+0000] {processor.py:153} INFO - Started process (PID=2925) to work on /home/airflow/.local/lib/python3.7/site-packages/airflow/example_dags/example_skip_dag.py
[2023-04-24T13:21:58.215+0000] {processor.py:743} INFO - Processing file /home/airflow/.local/lib/python3.7/site-packages/airflow/example_dags/example_skip_dag.py for tasks to queue
[2023-04-24T13:21:58.216+0000] {logging_mixin.py:137} INFO - [2023-04-24T13:21:58.216+0000] {dagbag.py:538} INFO - Filling up the DagBag from /home/airflow/.local/lib/python3.7/site-packages/airflow/example_dags/example_skip_dag.py
[2023-04-24T13:21:58.228+0000] {processor.py:753} INFO - DAG(s) dict_keys(['example_skip_dag']) retrieved from /home/airflow/.local/lib/python3.7/site-packages/airflow/example_dags/example_skip_dag.py
[2023-04-24T13:21:58.249+0000] {logging_mixin.py:137} INFO - [2023-04-24T13:21:58.249+0000] {dag.py:2690} INFO - Sync 1 DAGs
[2023-04-24T13:21:58.268+0000] {logging_mixin.py:137} INFO - [2023-04-24T13:21:58.268+0000] {dag.py:3441} INFO - Setting next_dagrun for example_skip_dag to 2023-04-23T13:21:58.268507+00:00, run_after=2023-04-24T13:21:58.268507+00:00
[2023-04-24T13:21:58.280+0000] {processor.py:175} INFO - Processing /home/airflow/.local/lib/python3.7/site-packages/airflow/example_dags/example_skip_dag.py took 0.070 seconds
[2023-04-24T13:22:28.447+0000] {processor.py:153} INFO - Started process (PID=3001) to work on /home/airflow/.local/lib/python3.7/site-packages/airflow/example_dags/example_skip_dag.py
[2023-04-24T13:22:28.448+0000] {processor.py:743} INFO - Processing file /home/airflow/.local/lib/python3.7/site-packages/airflow/example_dags/example_skip_dag.py for tasks to queue
[2023-04-24T13:22:28.449+0000] {logging_mixin.py:137} INFO - [2023-04-24T13:22:28.449+0000] {dagbag.py:538} INFO - Filling up the DagBag from /home/airflow/.local/lib/python3.7/site-packages/airflow/example_dags/example_skip_dag.py
[2023-04-24T13:22:28.463+0000] {processor.py:753} INFO - DAG(s) dict_keys(['example_skip_dag']) retrieved from /home/airflow/.local/lib/python3.7/site-packages/airflow/example_dags/example_skip_dag.py
[2023-04-24T13:22:28.484+0000] {logging_mixin.py:137} INFO - [2023-04-24T13:22:28.484+0000] {dag.py:2690} INFO - Sync 1 DAGs
[2023-04-24T13:22:28.502+0000] {logging_mixin.py:137} INFO - [2023-04-24T13:22:28.502+0000] {dag.py:3441} INFO - Setting next_dagrun for example_skip_dag to 2023-04-23T13:22:28.502138+00:00, run_after=2023-04-24T13:22:28.502138+00:00
[2023-04-24T13:22:28.515+0000] {processor.py:175} INFO - Processing /home/airflow/.local/lib/python3.7/site-packages/airflow/example_dags/example_skip_dag.py took 0.071 seconds
[2023-04-24T13:22:58.844+0000] {processor.py:153} INFO - Started process (PID=3074) to work on /home/airflow/.local/lib/python3.7/site-packages/airflow/example_dags/example_skip_dag.py
[2023-04-24T13:22:58.846+0000] {processor.py:743} INFO - Processing file /home/airflow/.local/lib/python3.7/site-packages/airflow/example_dags/example_skip_dag.py for tasks to queue
[2023-04-24T13:22:58.847+0000] {logging_mixin.py:137} INFO - [2023-04-24T13:22:58.846+0000] {dagbag.py:538} INFO - Filling up the DagBag from /home/airflow/.local/lib/python3.7/site-packages/airflow/example_dags/example_skip_dag.py
[2023-04-24T13:22:58.858+0000] {processor.py:753} INFO - DAG(s) dict_keys(['example_skip_dag']) retrieved from /home/airflow/.local/lib/python3.7/site-packages/airflow/example_dags/example_skip_dag.py
[2023-04-24T13:22:58.879+0000] {logging_mixin.py:137} INFO - [2023-04-24T13:22:58.879+0000] {dag.py:2690} INFO - Sync 1 DAGs
[2023-04-24T13:22:58.895+0000] {logging_mixin.py:137} INFO - [2023-04-24T13:22:58.895+0000] {dag.py:3441} INFO - Setting next_dagrun for example_skip_dag to 2023-04-23T13:22:58.895537+00:00, run_after=2023-04-24T13:22:58.895537+00:00
[2023-04-24T13:22:58.908+0000] {processor.py:175} INFO - Processing /home/airflow/.local/lib/python3.7/site-packages/airflow/example_dags/example_skip_dag.py took 0.066 seconds
[2023-04-24T13:23:29.302+0000] {processor.py:153} INFO - Started process (PID=3150) to work on /home/airflow/.local/lib/python3.7/site-packages/airflow/example_dags/example_skip_dag.py
[2023-04-24T13:23:29.303+0000] {processor.py:743} INFO - Processing file /home/airflow/.local/lib/python3.7/site-packages/airflow/example_dags/example_skip_dag.py for tasks to queue
[2023-04-24T13:23:29.304+0000] {logging_mixin.py:137} INFO - [2023-04-24T13:23:29.303+0000] {dagbag.py:538} INFO - Filling up the DagBag from /home/airflow/.local/lib/python3.7/site-packages/airflow/example_dags/example_skip_dag.py
[2023-04-24T13:23:29.314+0000] {processor.py:753} INFO - DAG(s) dict_keys(['example_skip_dag']) retrieved from /home/airflow/.local/lib/python3.7/site-packages/airflow/example_dags/example_skip_dag.py
[2023-04-24T13:23:29.334+0000] {logging_mixin.py:137} INFO - [2023-04-24T13:23:29.334+0000] {dag.py:2690} INFO - Sync 1 DAGs
[2023-04-24T13:23:29.353+0000] {logging_mixin.py:137} INFO - [2023-04-24T13:23:29.353+0000] {dag.py:3441} INFO - Setting next_dagrun for example_skip_dag to 2023-04-23T13:23:29.353201+00:00, run_after=2023-04-24T13:23:29.353201+00:00
[2023-04-24T13:23:29.367+0000] {processor.py:175} INFO - Processing /home/airflow/.local/lib/python3.7/site-packages/airflow/example_dags/example_skip_dag.py took 0.069 seconds
[2023-04-24T13:23:59.732+0000] {processor.py:153} INFO - Started process (PID=3228) to work on /home/airflow/.local/lib/python3.7/site-packages/airflow/example_dags/example_skip_dag.py
[2023-04-24T13:23:59.734+0000] {processor.py:743} INFO - Processing file /home/airflow/.local/lib/python3.7/site-packages/airflow/example_dags/example_skip_dag.py for tasks to queue
[2023-04-24T13:23:59.735+0000] {logging_mixin.py:137} INFO - [2023-04-24T13:23:59.735+0000] {dagbag.py:538} INFO - Filling up the DagBag from /home/airflow/.local/lib/python3.7/site-packages/airflow/example_dags/example_skip_dag.py
[2023-04-24T13:23:59.746+0000] {processor.py:753} INFO - DAG(s) dict_keys(['example_skip_dag']) retrieved from /home/airflow/.local/lib/python3.7/site-packages/airflow/example_dags/example_skip_dag.py
[2023-04-24T13:23:59.765+0000] {logging_mixin.py:137} INFO - [2023-04-24T13:23:59.765+0000] {dag.py:2690} INFO - Sync 1 DAGs
[2023-04-24T13:23:59.781+0000] {logging_mixin.py:137} INFO - [2023-04-24T13:23:59.780+0000] {dag.py:3441} INFO - Setting next_dagrun for example_skip_dag to 2023-04-23T13:23:59.780776+00:00, run_after=2023-04-24T13:23:59.780776+00:00
[2023-04-24T13:23:59.792+0000] {processor.py:175} INFO - Processing /home/airflow/.local/lib/python3.7/site-packages/airflow/example_dags/example_skip_dag.py took 0.062 seconds
[2023-04-24T13:24:29.896+0000] {processor.py:153} INFO - Started process (PID=3304) to work on /home/airflow/.local/lib/python3.7/site-packages/airflow/example_dags/example_skip_dag.py
[2023-04-24T13:24:29.897+0000] {processor.py:743} INFO - Processing file /home/airflow/.local/lib/python3.7/site-packages/airflow/example_dags/example_skip_dag.py for tasks to queue
[2023-04-24T13:24:29.898+0000] {logging_mixin.py:137} INFO - [2023-04-24T13:24:29.898+0000] {dagbag.py:538} INFO - Filling up the DagBag from /home/airflow/.local/lib/python3.7/site-packages/airflow/example_dags/example_skip_dag.py
[2023-04-24T13:24:29.909+0000] {processor.py:753} INFO - DAG(s) dict_keys(['example_skip_dag']) retrieved from /home/airflow/.local/lib/python3.7/site-packages/airflow/example_dags/example_skip_dag.py
[2023-04-24T13:24:29.933+0000] {logging_mixin.py:137} INFO - [2023-04-24T13:24:29.933+0000] {dag.py:2690} INFO - Sync 1 DAGs
[2023-04-24T13:24:29.951+0000] {logging_mixin.py:137} INFO - [2023-04-24T13:24:29.951+0000] {dag.py:3441} INFO - Setting next_dagrun for example_skip_dag to 2023-04-23T13:24:29.951131+00:00, run_after=2023-04-24T13:24:29.951131+00:00
[2023-04-24T13:24:29.966+0000] {processor.py:175} INFO - Processing /home/airflow/.local/lib/python3.7/site-packages/airflow/example_dags/example_skip_dag.py took 0.072 seconds
[2023-04-24T13:25:00.269+0000] {processor.py:153} INFO - Started process (PID=3368) to work on /home/airflow/.local/lib/python3.7/site-packages/airflow/example_dags/example_skip_dag.py
[2023-04-24T13:25:00.271+0000] {processor.py:743} INFO - Processing file /home/airflow/.local/lib/python3.7/site-packages/airflow/example_dags/example_skip_dag.py for tasks to queue
[2023-04-24T13:25:00.272+0000] {logging_mixin.py:137} INFO - [2023-04-24T13:25:00.272+0000] {dagbag.py:538} INFO - Filling up the DagBag from /home/airflow/.local/lib/python3.7/site-packages/airflow/example_dags/example_skip_dag.py
[2023-04-24T13:25:00.282+0000] {processor.py:753} INFO - DAG(s) dict_keys(['example_skip_dag']) retrieved from /home/airflow/.local/lib/python3.7/site-packages/airflow/example_dags/example_skip_dag.py
[2023-04-24T13:25:00.302+0000] {logging_mixin.py:137} INFO - [2023-04-24T13:25:00.302+0000] {dag.py:2690} INFO - Sync 1 DAGs
[2023-04-24T13:25:00.318+0000] {logging_mixin.py:137} INFO - [2023-04-24T13:25:00.318+0000] {dag.py:3441} INFO - Setting next_dagrun for example_skip_dag to 2023-04-23T13:25:00.318544+00:00, run_after=2023-04-24T13:25:00.318544+00:00
[2023-04-24T13:25:00.329+0000] {processor.py:175} INFO - Processing /home/airflow/.local/lib/python3.7/site-packages/airflow/example_dags/example_skip_dag.py took 0.063 seconds
[2023-04-24T13:25:30.405+0000] {processor.py:153} INFO - Started process (PID=3444) to work on /home/airflow/.local/lib/python3.7/site-packages/airflow/example_dags/example_skip_dag.py
[2023-04-24T13:25:30.407+0000] {processor.py:743} INFO - Processing file /home/airflow/.local/lib/python3.7/site-packages/airflow/example_dags/example_skip_dag.py for tasks to queue
[2023-04-24T13:25:30.407+0000] {logging_mixin.py:137} INFO - [2023-04-24T13:25:30.407+0000] {dagbag.py:538} INFO - Filling up the DagBag from /home/airflow/.local/lib/python3.7/site-packages/airflow/example_dags/example_skip_dag.py
[2023-04-24T13:25:30.418+0000] {processor.py:753} INFO - DAG(s) dict_keys(['example_skip_dag']) retrieved from /home/airflow/.local/lib/python3.7/site-packages/airflow/example_dags/example_skip_dag.py
[2023-04-24T13:25:30.439+0000] {logging_mixin.py:137} INFO - [2023-04-24T13:25:30.439+0000] {dag.py:2690} INFO - Sync 1 DAGs
[2023-04-24T13:25:30.454+0000] {logging_mixin.py:137} INFO - [2023-04-24T13:25:30.454+0000] {dag.py:3441} INFO - Setting next_dagrun for example_skip_dag to 2023-04-23T13:25:30.454338+00:00, run_after=2023-04-24T13:25:30.454338+00:00
[2023-04-24T13:25:30.466+0000] {processor.py:175} INFO - Processing /home/airflow/.local/lib/python3.7/site-packages/airflow/example_dags/example_skip_dag.py took 0.064 seconds
[2023-04-24T13:26:00.699+0000] {processor.py:153} INFO - Started process (PID=3520) to work on /home/airflow/.local/lib/python3.7/site-packages/airflow/example_dags/example_skip_dag.py
[2023-04-24T13:26:00.701+0000] {processor.py:743} INFO - Processing file /home/airflow/.local/lib/python3.7/site-packages/airflow/example_dags/example_skip_dag.py for tasks to queue
[2023-04-24T13:26:00.701+0000] {logging_mixin.py:137} INFO - [2023-04-24T13:26:00.701+0000] {dagbag.py:538} INFO - Filling up the DagBag from /home/airflow/.local/lib/python3.7/site-packages/airflow/example_dags/example_skip_dag.py
[2023-04-24T13:26:00.713+0000] {processor.py:753} INFO - DAG(s) dict_keys(['example_skip_dag']) retrieved from /home/airflow/.local/lib/python3.7/site-packages/airflow/example_dags/example_skip_dag.py
[2023-04-24T13:26:00.732+0000] {logging_mixin.py:137} INFO - [2023-04-24T13:26:00.732+0000] {dag.py:2690} INFO - Sync 1 DAGs
[2023-04-24T13:26:00.748+0000] {logging_mixin.py:137} INFO - [2023-04-24T13:26:00.747+0000] {dag.py:3441} INFO - Setting next_dagrun for example_skip_dag to 2023-04-23T13:26:00.747722+00:00, run_after=2023-04-24T13:26:00.747722+00:00
[2023-04-24T13:26:00.759+0000] {processor.py:175} INFO - Processing /home/airflow/.local/lib/python3.7/site-packages/airflow/example_dags/example_skip_dag.py took 0.063 seconds
[2023-04-24T13:26:31.069+0000] {processor.py:153} INFO - Started process (PID=3584) to work on /home/airflow/.local/lib/python3.7/site-packages/airflow/example_dags/example_skip_dag.py
[2023-04-24T13:26:31.070+0000] {processor.py:743} INFO - Processing file /home/airflow/.local/lib/python3.7/site-packages/airflow/example_dags/example_skip_dag.py for tasks to queue
[2023-04-24T13:26:31.071+0000] {logging_mixin.py:137} INFO - [2023-04-24T13:26:31.071+0000] {dagbag.py:538} INFO - Filling up the DagBag from /home/airflow/.local/lib/python3.7/site-packages/airflow/example_dags/example_skip_dag.py
[2023-04-24T13:26:31.082+0000] {processor.py:753} INFO - DAG(s) dict_keys(['example_skip_dag']) retrieved from /home/airflow/.local/lib/python3.7/site-packages/airflow/example_dags/example_skip_dag.py
[2023-04-24T13:26:31.102+0000] {logging_mixin.py:137} INFO - [2023-04-24T13:26:31.102+0000] {dag.py:2690} INFO - Sync 1 DAGs
[2023-04-24T13:26:31.118+0000] {logging_mixin.py:137} INFO - [2023-04-24T13:26:31.118+0000] {dag.py:3441} INFO - Setting next_dagrun for example_skip_dag to 2023-04-23T13:26:31.118033+00:00, run_after=2023-04-24T13:26:31.118033+00:00
[2023-04-24T13:26:31.130+0000] {processor.py:175} INFO - Processing /home/airflow/.local/lib/python3.7/site-packages/airflow/example_dags/example_skip_dag.py took 0.064 seconds
[2023-04-24T13:27:01.408+0000] {processor.py:153} INFO - Started process (PID=3661) to work on /home/airflow/.local/lib/python3.7/site-packages/airflow/example_dags/example_skip_dag.py
[2023-04-24T13:27:01.410+0000] {processor.py:743} INFO - Processing file /home/airflow/.local/lib/python3.7/site-packages/airflow/example_dags/example_skip_dag.py for tasks to queue
[2023-04-24T13:27:01.410+0000] {logging_mixin.py:137} INFO - [2023-04-24T13:27:01.410+0000] {dagbag.py:538} INFO - Filling up the DagBag from /home/airflow/.local/lib/python3.7/site-packages/airflow/example_dags/example_skip_dag.py
[2023-04-24T13:27:01.421+0000] {processor.py:753} INFO - DAG(s) dict_keys(['example_skip_dag']) retrieved from /home/airflow/.local/lib/python3.7/site-packages/airflow/example_dags/example_skip_dag.py
[2023-04-24T13:27:01.440+0000] {logging_mixin.py:137} INFO - [2023-04-24T13:27:01.440+0000] {dag.py:2690} INFO - Sync 1 DAGs
[2023-04-24T13:27:01.456+0000] {logging_mixin.py:137} INFO - [2023-04-24T13:27:01.456+0000] {dag.py:3441} INFO - Setting next_dagrun for example_skip_dag to 2023-04-23T13:27:01.456174+00:00, run_after=2023-04-24T13:27:01.456174+00:00
[2023-04-24T13:27:01.468+0000] {processor.py:175} INFO - Processing /home/airflow/.local/lib/python3.7/site-packages/airflow/example_dags/example_skip_dag.py took 0.062 seconds
[2023-04-24T13:27:31.717+0000] {processor.py:153} INFO - Started process (PID=3737) to work on /home/airflow/.local/lib/python3.7/site-packages/airflow/example_dags/example_skip_dag.py
[2023-04-24T13:27:31.718+0000] {processor.py:743} INFO - Processing file /home/airflow/.local/lib/python3.7/site-packages/airflow/example_dags/example_skip_dag.py for tasks to queue
[2023-04-24T13:27:31.719+0000] {logging_mixin.py:137} INFO - [2023-04-24T13:27:31.719+0000] {dagbag.py:538} INFO - Filling up the DagBag from /home/airflow/.local/lib/python3.7/site-packages/airflow/example_dags/example_skip_dag.py
[2023-04-24T13:27:31.731+0000] {processor.py:753} INFO - DAG(s) dict_keys(['example_skip_dag']) retrieved from /home/airflow/.local/lib/python3.7/site-packages/airflow/example_dags/example_skip_dag.py
[2023-04-24T13:27:31.754+0000] {logging_mixin.py:137} INFO - [2023-04-24T13:27:31.754+0000] {dag.py:2690} INFO - Sync 1 DAGs
[2023-04-24T13:27:31.770+0000] {logging_mixin.py:137} INFO - [2023-04-24T13:27:31.770+0000] {dag.py:3441} INFO - Setting next_dagrun for example_skip_dag to 2023-04-23T13:27:31.770167+00:00, run_after=2023-04-24T13:27:31.770167+00:00
[2023-04-24T13:27:31.782+0000] {processor.py:175} INFO - Processing /home/airflow/.local/lib/python3.7/site-packages/airflow/example_dags/example_skip_dag.py took 0.068 seconds
[2023-04-24T13:28:02.160+0000] {processor.py:153} INFO - Started process (PID=3801) to work on /home/airflow/.local/lib/python3.7/site-packages/airflow/example_dags/example_skip_dag.py
[2023-04-24T13:28:02.161+0000] {processor.py:743} INFO - Processing file /home/airflow/.local/lib/python3.7/site-packages/airflow/example_dags/example_skip_dag.py for tasks to queue
[2023-04-24T13:28:02.162+0000] {logging_mixin.py:137} INFO - [2023-04-24T13:28:02.162+0000] {dagbag.py:538} INFO - Filling up the DagBag from /home/airflow/.local/lib/python3.7/site-packages/airflow/example_dags/example_skip_dag.py
[2023-04-24T13:28:02.173+0000] {processor.py:753} INFO - DAG(s) dict_keys(['example_skip_dag']) retrieved from /home/airflow/.local/lib/python3.7/site-packages/airflow/example_dags/example_skip_dag.py
[2023-04-24T13:28:02.192+0000] {logging_mixin.py:137} INFO - [2023-04-24T13:28:02.192+0000] {dag.py:2690} INFO - Sync 1 DAGs
[2023-04-24T13:28:02.207+0000] {logging_mixin.py:137} INFO - [2023-04-24T13:28:02.207+0000] {dag.py:3441} INFO - Setting next_dagrun for example_skip_dag to 2023-04-23T13:28:02.207097+00:00, run_after=2023-04-24T13:28:02.207097+00:00
[2023-04-24T13:28:02.217+0000] {processor.py:175} INFO - Processing /home/airflow/.local/lib/python3.7/site-packages/airflow/example_dags/example_skip_dag.py took 0.061 seconds
[2023-04-24T13:28:32.429+0000] {processor.py:153} INFO - Started process (PID=3877) to work on /home/airflow/.local/lib/python3.7/site-packages/airflow/example_dags/example_skip_dag.py
[2023-04-24T13:28:32.431+0000] {processor.py:743} INFO - Processing file /home/airflow/.local/lib/python3.7/site-packages/airflow/example_dags/example_skip_dag.py for tasks to queue
[2023-04-24T13:28:32.432+0000] {logging_mixin.py:137} INFO - [2023-04-24T13:28:32.432+0000] {dagbag.py:538} INFO - Filling up the DagBag from /home/airflow/.local/lib/python3.7/site-packages/airflow/example_dags/example_skip_dag.py
[2023-04-24T13:28:32.445+0000] {processor.py:753} INFO - DAG(s) dict_keys(['example_skip_dag']) retrieved from /home/airflow/.local/lib/python3.7/site-packages/airflow/example_dags/example_skip_dag.py
[2023-04-24T13:28:32.465+0000] {logging_mixin.py:137} INFO - [2023-04-24T13:28:32.465+0000] {dag.py:2690} INFO - Sync 1 DAGs
[2023-04-24T13:28:32.481+0000] {logging_mixin.py:137} INFO - [2023-04-24T13:28:32.481+0000] {dag.py:3441} INFO - Setting next_dagrun for example_skip_dag to 2023-04-23T13:28:32.481556+00:00, run_after=2023-04-24T13:28:32.481556+00:00
[2023-04-24T13:28:32.493+0000] {processor.py:175} INFO - Processing /home/airflow/.local/lib/python3.7/site-packages/airflow/example_dags/example_skip_dag.py took 0.067 seconds
[2023-04-24T13:29:02.750+0000] {processor.py:153} INFO - Started process (PID=3953) to work on /home/airflow/.local/lib/python3.7/site-packages/airflow/example_dags/example_skip_dag.py
[2023-04-24T13:29:02.751+0000] {processor.py:743} INFO - Processing file /home/airflow/.local/lib/python3.7/site-packages/airflow/example_dags/example_skip_dag.py for tasks to queue
[2023-04-24T13:29:02.752+0000] {logging_mixin.py:137} INFO - [2023-04-24T13:29:02.752+0000] {dagbag.py:538} INFO - Filling up the DagBag from /home/airflow/.local/lib/python3.7/site-packages/airflow/example_dags/example_skip_dag.py
[2023-04-24T13:29:02.762+0000] {processor.py:753} INFO - DAG(s) dict_keys(['example_skip_dag']) retrieved from /home/airflow/.local/lib/python3.7/site-packages/airflow/example_dags/example_skip_dag.py
[2023-04-24T13:29:02.782+0000] {logging_mixin.py:137} INFO - [2023-04-24T13:29:02.782+0000] {dag.py:2690} INFO - Sync 1 DAGs
[2023-04-24T13:29:02.797+0000] {logging_mixin.py:137} INFO - [2023-04-24T13:29:02.797+0000] {dag.py:3441} INFO - Setting next_dagrun for example_skip_dag to 2023-04-23T13:29:02.797282+00:00, run_after=2023-04-24T13:29:02.797282+00:00
[2023-04-24T13:29:02.808+0000] {processor.py:175} INFO - Processing /home/airflow/.local/lib/python3.7/site-packages/airflow/example_dags/example_skip_dag.py took 0.062 seconds
[2023-04-24T13:29:32.919+0000] {processor.py:153} INFO - Started process (PID=4017) to work on /home/airflow/.local/lib/python3.7/site-packages/airflow/example_dags/example_skip_dag.py
[2023-04-24T13:29:32.921+0000] {processor.py:743} INFO - Processing file /home/airflow/.local/lib/python3.7/site-packages/airflow/example_dags/example_skip_dag.py for tasks to queue
[2023-04-24T13:29:32.922+0000] {logging_mixin.py:137} INFO - [2023-04-24T13:29:32.921+0000] {dagbag.py:538} INFO - Filling up the DagBag from /home/airflow/.local/lib/python3.7/site-packages/airflow/example_dags/example_skip_dag.py
[2023-04-24T13:29:32.934+0000] {processor.py:753} INFO - DAG(s) dict_keys(['example_skip_dag']) retrieved from /home/airflow/.local/lib/python3.7/site-packages/airflow/example_dags/example_skip_dag.py
[2023-04-24T13:29:32.957+0000] {logging_mixin.py:137} INFO - [2023-04-24T13:29:32.957+0000] {dag.py:2690} INFO - Sync 1 DAGs
[2023-04-24T13:29:32.973+0000] {logging_mixin.py:137} INFO - [2023-04-24T13:29:32.973+0000] {dag.py:3441} INFO - Setting next_dagrun for example_skip_dag to 2023-04-23T13:29:32.973478+00:00, run_after=2023-04-24T13:29:32.973478+00:00
[2023-04-24T13:29:32.985+0000] {processor.py:175} INFO - Processing /home/airflow/.local/lib/python3.7/site-packages/airflow/example_dags/example_skip_dag.py took 0.069 seconds
[2023-04-24T13:30:03.370+0000] {processor.py:153} INFO - Started process (PID=4093) to work on /home/airflow/.local/lib/python3.7/site-packages/airflow/example_dags/example_skip_dag.py
[2023-04-24T13:30:03.372+0000] {processor.py:743} INFO - Processing file /home/airflow/.local/lib/python3.7/site-packages/airflow/example_dags/example_skip_dag.py for tasks to queue
[2023-04-24T13:30:03.373+0000] {logging_mixin.py:137} INFO - [2023-04-24T13:30:03.373+0000] {dagbag.py:538} INFO - Filling up the DagBag from /home/airflow/.local/lib/python3.7/site-packages/airflow/example_dags/example_skip_dag.py
[2023-04-24T13:30:03.387+0000] {processor.py:753} INFO - DAG(s) dict_keys(['example_skip_dag']) retrieved from /home/airflow/.local/lib/python3.7/site-packages/airflow/example_dags/example_skip_dag.py
[2023-04-24T13:30:03.411+0000] {logging_mixin.py:137} INFO - [2023-04-24T13:30:03.411+0000] {dag.py:2690} INFO - Sync 1 DAGs
[2023-04-24T13:30:03.429+0000] {logging_mixin.py:137} INFO - [2023-04-24T13:30:03.428+0000] {dag.py:3441} INFO - Setting next_dagrun for example_skip_dag to 2023-04-23T13:30:03.428705+00:00, run_after=2023-04-24T13:30:03.428705+00:00
[2023-04-24T13:30:03.442+0000] {processor.py:175} INFO - Processing /home/airflow/.local/lib/python3.7/site-packages/airflow/example_dags/example_skip_dag.py took 0.075 seconds
[2023-04-24T13:30:33.807+0000] {processor.py:153} INFO - Started process (PID=4170) to work on /home/airflow/.local/lib/python3.7/site-packages/airflow/example_dags/example_skip_dag.py
[2023-04-24T13:30:33.808+0000] {processor.py:743} INFO - Processing file /home/airflow/.local/lib/python3.7/site-packages/airflow/example_dags/example_skip_dag.py for tasks to queue
[2023-04-24T13:30:33.809+0000] {logging_mixin.py:137} INFO - [2023-04-24T13:30:33.809+0000] {dagbag.py:538} INFO - Filling up the DagBag from /home/airflow/.local/lib/python3.7/site-packages/airflow/example_dags/example_skip_dag.py
[2023-04-24T13:30:33.822+0000] {processor.py:753} INFO - DAG(s) dict_keys(['example_skip_dag']) retrieved from /home/airflow/.local/lib/python3.7/site-packages/airflow/example_dags/example_skip_dag.py
[2023-04-24T13:30:33.845+0000] {logging_mixin.py:137} INFO - [2023-04-24T13:30:33.845+0000] {dag.py:2690} INFO - Sync 1 DAGs
[2023-04-24T13:30:33.861+0000] {logging_mixin.py:137} INFO - [2023-04-24T13:30:33.861+0000] {dag.py:3441} INFO - Setting next_dagrun for example_skip_dag to 2023-04-23T13:30:33.861687+00:00, run_after=2023-04-24T13:30:33.861687+00:00
[2023-04-24T13:30:33.875+0000] {processor.py:175} INFO - Processing /home/airflow/.local/lib/python3.7/site-packages/airflow/example_dags/example_skip_dag.py took 0.071 seconds
[2023-04-24T13:31:04.014+0000] {processor.py:153} INFO - Started process (PID=4234) to work on /home/airflow/.local/lib/python3.7/site-packages/airflow/example_dags/example_skip_dag.py
[2023-04-24T13:31:04.016+0000] {processor.py:743} INFO - Processing file /home/airflow/.local/lib/python3.7/site-packages/airflow/example_dags/example_skip_dag.py for tasks to queue
[2023-04-24T13:31:04.017+0000] {logging_mixin.py:137} INFO - [2023-04-24T13:31:04.017+0000] {dagbag.py:538} INFO - Filling up the DagBag from /home/airflow/.local/lib/python3.7/site-packages/airflow/example_dags/example_skip_dag.py
[2023-04-24T13:31:04.028+0000] {processor.py:753} INFO - DAG(s) dict_keys(['example_skip_dag']) retrieved from /home/airflow/.local/lib/python3.7/site-packages/airflow/example_dags/example_skip_dag.py
[2023-04-24T13:31:04.071+0000] {logging_mixin.py:137} INFO - [2023-04-24T13:31:04.071+0000] {dag.py:2690} INFO - Sync 1 DAGs
[2023-04-24T13:31:04.088+0000] {logging_mixin.py:137} INFO - [2023-04-24T13:31:04.088+0000] {dag.py:3441} INFO - Setting next_dagrun for example_skip_dag to 2023-04-23T13:31:04.088059+00:00, run_after=2023-04-24T13:31:04.088059+00:00
[2023-04-24T13:31:04.102+0000] {processor.py:175} INFO - Processing /home/airflow/.local/lib/python3.7/site-packages/airflow/example_dags/example_skip_dag.py took 0.094 seconds
[2023-04-24T13:31:34.232+0000] {processor.py:153} INFO - Started process (PID=4310) to work on /home/airflow/.local/lib/python3.7/site-packages/airflow/example_dags/example_skip_dag.py
[2023-04-24T13:31:34.234+0000] {processor.py:743} INFO - Processing file /home/airflow/.local/lib/python3.7/site-packages/airflow/example_dags/example_skip_dag.py for tasks to queue
[2023-04-24T13:31:34.234+0000] {logging_mixin.py:137} INFO - [2023-04-24T13:31:34.234+0000] {dagbag.py:538} INFO - Filling up the DagBag from /home/airflow/.local/lib/python3.7/site-packages/airflow/example_dags/example_skip_dag.py
[2023-04-24T13:31:34.245+0000] {processor.py:753} INFO - DAG(s) dict_keys(['example_skip_dag']) retrieved from /home/airflow/.local/lib/python3.7/site-packages/airflow/example_dags/example_skip_dag.py
[2023-04-24T13:31:34.265+0000] {logging_mixin.py:137} INFO - [2023-04-24T13:31:34.264+0000] {dag.py:2690} INFO - Sync 1 DAGs
[2023-04-24T13:31:34.282+0000] {logging_mixin.py:137} INFO - [2023-04-24T13:31:34.282+0000] {dag.py:3441} INFO - Setting next_dagrun for example_skip_dag to 2023-04-23T13:31:34.282231+00:00, run_after=2023-04-24T13:31:34.282231+00:00
[2023-04-24T13:31:34.299+0000] {processor.py:175} INFO - Processing /home/airflow/.local/lib/python3.7/site-packages/airflow/example_dags/example_skip_dag.py took 0.070 seconds
[2023-04-24T13:32:04.604+0000] {processor.py:153} INFO - Started process (PID=4386) to work on /home/airflow/.local/lib/python3.7/site-packages/airflow/example_dags/example_skip_dag.py
[2023-04-24T13:32:04.606+0000] {processor.py:743} INFO - Processing file /home/airflow/.local/lib/python3.7/site-packages/airflow/example_dags/example_skip_dag.py for tasks to queue
[2023-04-24T13:32:04.606+0000] {logging_mixin.py:137} INFO - [2023-04-24T13:32:04.606+0000] {dagbag.py:538} INFO - Filling up the DagBag from /home/airflow/.local/lib/python3.7/site-packages/airflow/example_dags/example_skip_dag.py
[2023-04-24T13:32:04.618+0000] {processor.py:753} INFO - DAG(s) dict_keys(['example_skip_dag']) retrieved from /home/airflow/.local/lib/python3.7/site-packages/airflow/example_dags/example_skip_dag.py
[2023-04-24T13:32:04.638+0000] {logging_mixin.py:137} INFO - [2023-04-24T13:32:04.638+0000] {dag.py:2690} INFO - Sync 1 DAGs
[2023-04-24T13:32:04.653+0000] {logging_mixin.py:137} INFO - [2023-04-24T13:32:04.653+0000] {dag.py:3441} INFO - Setting next_dagrun for example_skip_dag to 2023-04-23T13:32:04.653009+00:00, run_after=2023-04-24T13:32:04.653009+00:00
[2023-04-24T13:32:04.665+0000] {processor.py:175} INFO - Processing /home/airflow/.local/lib/python3.7/site-packages/airflow/example_dags/example_skip_dag.py took 0.064 seconds
[2023-04-24T13:32:34.833+0000] {processor.py:153} INFO - Started process (PID=4459) to work on /home/airflow/.local/lib/python3.7/site-packages/airflow/example_dags/example_skip_dag.py
[2023-04-24T13:32:34.834+0000] {processor.py:743} INFO - Processing file /home/airflow/.local/lib/python3.7/site-packages/airflow/example_dags/example_skip_dag.py for tasks to queue
[2023-04-24T13:32:34.835+0000] {logging_mixin.py:137} INFO - [2023-04-24T13:32:34.835+0000] {dagbag.py:538} INFO - Filling up the DagBag from /home/airflow/.local/lib/python3.7/site-packages/airflow/example_dags/example_skip_dag.py
[2023-04-24T13:32:34.846+0000] {processor.py:753} INFO - DAG(s) dict_keys(['example_skip_dag']) retrieved from /home/airflow/.local/lib/python3.7/site-packages/airflow/example_dags/example_skip_dag.py
[2023-04-24T13:32:34.867+0000] {logging_mixin.py:137} INFO - [2023-04-24T13:32:34.867+0000] {dag.py:2690} INFO - Sync 1 DAGs
[2023-04-24T13:32:34.883+0000] {logging_mixin.py:137} INFO - [2023-04-24T13:32:34.883+0000] {dag.py:3441} INFO - Setting next_dagrun for example_skip_dag to 2023-04-23T13:32:34.883519+00:00, run_after=2023-04-24T13:32:34.883519+00:00
[2023-04-24T13:32:34.895+0000] {processor.py:175} INFO - Processing /home/airflow/.local/lib/python3.7/site-packages/airflow/example_dags/example_skip_dag.py took 0.065 seconds
[2023-04-24T13:33:05.111+0000] {processor.py:153} INFO - Started process (PID=4526) to work on /home/airflow/.local/lib/python3.7/site-packages/airflow/example_dags/example_skip_dag.py
[2023-04-24T13:33:05.113+0000] {processor.py:743} INFO - Processing file /home/airflow/.local/lib/python3.7/site-packages/airflow/example_dags/example_skip_dag.py for tasks to queue
[2023-04-24T13:33:05.114+0000] {logging_mixin.py:137} INFO - [2023-04-24T13:33:05.114+0000] {dagbag.py:538} INFO - Filling up the DagBag from /home/airflow/.local/lib/python3.7/site-packages/airflow/example_dags/example_skip_dag.py
[2023-04-24T13:33:05.125+0000] {processor.py:753} INFO - DAG(s) dict_keys(['example_skip_dag']) retrieved from /home/airflow/.local/lib/python3.7/site-packages/airflow/example_dags/example_skip_dag.py
[2023-04-24T13:33:05.145+0000] {logging_mixin.py:137} INFO - [2023-04-24T13:33:05.145+0000] {dag.py:2690} INFO - Sync 1 DAGs
[2023-04-24T13:33:05.162+0000] {logging_mixin.py:137} INFO - [2023-04-24T13:33:05.162+0000] {dag.py:3441} INFO - Setting next_dagrun for example_skip_dag to 2023-04-23T13:33:05.162390+00:00, run_after=2023-04-24T13:33:05.162390+00:00
[2023-04-24T13:33:05.177+0000] {processor.py:175} INFO - Processing /home/airflow/.local/lib/python3.7/site-packages/airflow/example_dags/example_skip_dag.py took 0.068 seconds
[2023-04-24T13:33:49.168+0000] {processor.py:153} INFO - Started process (PID=4574) to work on /home/airflow/.local/lib/python3.7/site-packages/airflow/example_dags/example_skip_dag.py
[2023-04-24T13:33:49.169+0000] {processor.py:743} INFO - Processing file /home/airflow/.local/lib/python3.7/site-packages/airflow/example_dags/example_skip_dag.py for tasks to queue
[2023-04-24T13:33:49.170+0000] {logging_mixin.py:137} INFO - [2023-04-24T13:33:49.170+0000] {dagbag.py:538} INFO - Filling up the DagBag from /home/airflow/.local/lib/python3.7/site-packages/airflow/example_dags/example_skip_dag.py
[2023-04-24T13:33:49.181+0000] {processor.py:753} INFO - DAG(s) dict_keys(['example_skip_dag']) retrieved from /home/airflow/.local/lib/python3.7/site-packages/airflow/example_dags/example_skip_dag.py
[2023-04-24T13:33:49.200+0000] {logging_mixin.py:137} INFO - [2023-04-24T13:33:49.200+0000] {dag.py:2690} INFO - Sync 1 DAGs
[2023-04-24T13:33:49.216+0000] {logging_mixin.py:137} INFO - [2023-04-24T13:33:49.216+0000] {dag.py:3441} INFO - Setting next_dagrun for example_skip_dag to 2023-04-23T13:33:49.216248+00:00, run_after=2023-04-24T13:33:49.216248+00:00
[2023-04-24T13:33:49.227+0000] {processor.py:175} INFO - Processing /home/airflow/.local/lib/python3.7/site-packages/airflow/example_dags/example_skip_dag.py took 0.062 seconds
[2023-04-24T13:34:19.597+0000] {processor.py:153} INFO - Started process (PID=4650) to work on /home/airflow/.local/lib/python3.7/site-packages/airflow/example_dags/example_skip_dag.py
[2023-04-24T13:34:19.599+0000] {processor.py:743} INFO - Processing file /home/airflow/.local/lib/python3.7/site-packages/airflow/example_dags/example_skip_dag.py for tasks to queue
[2023-04-24T13:34:19.599+0000] {logging_mixin.py:137} INFO - [2023-04-24T13:34:19.599+0000] {dagbag.py:538} INFO - Filling up the DagBag from /home/airflow/.local/lib/python3.7/site-packages/airflow/example_dags/example_skip_dag.py
[2023-04-24T13:34:19.610+0000] {processor.py:753} INFO - DAG(s) dict_keys(['example_skip_dag']) retrieved from /home/airflow/.local/lib/python3.7/site-packages/airflow/example_dags/example_skip_dag.py
[2023-04-24T13:34:19.630+0000] {logging_mixin.py:137} INFO - [2023-04-24T13:34:19.630+0000] {dag.py:2690} INFO - Sync 1 DAGs
[2023-04-24T13:34:19.647+0000] {logging_mixin.py:137} INFO - [2023-04-24T13:34:19.647+0000] {dag.py:3441} INFO - Setting next_dagrun for example_skip_dag to 2023-04-23T13:34:19.646988+00:00, run_after=2023-04-24T13:34:19.646988+00:00
[2023-04-24T13:34:19.659+0000] {processor.py:175} INFO - Processing /home/airflow/.local/lib/python3.7/site-packages/airflow/example_dags/example_skip_dag.py took 0.064 seconds
[2023-04-24T13:34:49.932+0000] {processor.py:153} INFO - Started process (PID=4726) to work on /home/airflow/.local/lib/python3.7/site-packages/airflow/example_dags/example_skip_dag.py
[2023-04-24T13:34:49.934+0000] {processor.py:743} INFO - Processing file /home/airflow/.local/lib/python3.7/site-packages/airflow/example_dags/example_skip_dag.py for tasks to queue
[2023-04-24T13:34:49.934+0000] {logging_mixin.py:137} INFO - [2023-04-24T13:34:49.934+0000] {dagbag.py:538} INFO - Filling up the DagBag from /home/airflow/.local/lib/python3.7/site-packages/airflow/example_dags/example_skip_dag.py
[2023-04-24T13:34:49.945+0000] {processor.py:753} INFO - DAG(s) dict_keys(['example_skip_dag']) retrieved from /home/airflow/.local/lib/python3.7/site-packages/airflow/example_dags/example_skip_dag.py
[2023-04-24T13:34:49.965+0000] {logging_mixin.py:137} INFO - [2023-04-24T13:34:49.965+0000] {dag.py:2690} INFO - Sync 1 DAGs
[2023-04-24T13:34:49.983+0000] {logging_mixin.py:137} INFO - [2023-04-24T13:34:49.983+0000] {dag.py:3441} INFO - Setting next_dagrun for example_skip_dag to 2023-04-23T13:34:49.983021+00:00, run_after=2023-04-24T13:34:49.983021+00:00
[2023-04-24T13:34:49.996+0000] {processor.py:175} INFO - Processing /home/airflow/.local/lib/python3.7/site-packages/airflow/example_dags/example_skip_dag.py took 0.066 seconds
[2023-04-24T13:35:20.253+0000] {processor.py:153} INFO - Started process (PID=4790) to work on /home/airflow/.local/lib/python3.7/site-packages/airflow/example_dags/example_skip_dag.py
[2023-04-24T13:35:20.254+0000] {processor.py:743} INFO - Processing file /home/airflow/.local/lib/python3.7/site-packages/airflow/example_dags/example_skip_dag.py for tasks to queue
[2023-04-24T13:35:20.255+0000] {logging_mixin.py:137} INFO - [2023-04-24T13:35:20.255+0000] {dagbag.py:538} INFO - Filling up the DagBag from /home/airflow/.local/lib/python3.7/site-packages/airflow/example_dags/example_skip_dag.py
[2023-04-24T13:35:20.266+0000] {processor.py:753} INFO - DAG(s) dict_keys(['example_skip_dag']) retrieved from /home/airflow/.local/lib/python3.7/site-packages/airflow/example_dags/example_skip_dag.py
[2023-04-24T13:35:20.285+0000] {logging_mixin.py:137} INFO - [2023-04-24T13:35:20.285+0000] {dag.py:2690} INFO - Sync 1 DAGs
[2023-04-24T13:35:20.300+0000] {logging_mixin.py:137} INFO - [2023-04-24T13:35:20.300+0000] {dag.py:3441} INFO - Setting next_dagrun for example_skip_dag to 2023-04-23T13:35:20.300628+00:00, run_after=2023-04-24T13:35:20.300628+00:00
[2023-04-24T13:35:20.311+0000] {processor.py:175} INFO - Processing /home/airflow/.local/lib/python3.7/site-packages/airflow/example_dags/example_skip_dag.py took 0.061 seconds
[2023-04-24T13:52:35.706+0000] {processor.py:153} INFO - Started process (PID=4866) to work on /home/airflow/.local/lib/python3.7/site-packages/airflow/example_dags/example_skip_dag.py
[2023-04-24T13:52:35.707+0000] {processor.py:743} INFO - Processing file /home/airflow/.local/lib/python3.7/site-packages/airflow/example_dags/example_skip_dag.py for tasks to queue
[2023-04-24T13:52:35.708+0000] {logging_mixin.py:137} INFO - [2023-04-24T13:52:35.708+0000] {dagbag.py:538} INFO - Filling up the DagBag from /home/airflow/.local/lib/python3.7/site-packages/airflow/example_dags/example_skip_dag.py
[2023-04-24T13:52:35.719+0000] {processor.py:753} INFO - DAG(s) dict_keys(['example_skip_dag']) retrieved from /home/airflow/.local/lib/python3.7/site-packages/airflow/example_dags/example_skip_dag.py
[2023-04-24T13:52:35.738+0000] {logging_mixin.py:137} INFO - [2023-04-24T13:52:35.738+0000] {dag.py:2690} INFO - Sync 1 DAGs
[2023-04-24T13:52:35.753+0000] {logging_mixin.py:137} INFO - [2023-04-24T13:52:35.753+0000] {dag.py:3441} INFO - Setting next_dagrun for example_skip_dag to 2023-04-23T13:52:35.752856+00:00, run_after=2023-04-24T13:52:35.752856+00:00
[2023-04-24T13:52:35.764+0000] {processor.py:175} INFO - Processing /home/airflow/.local/lib/python3.7/site-packages/airflow/example_dags/example_skip_dag.py took 0.060 seconds
[2023-04-24T14:31:29.517+0000] {processor.py:153} INFO - Started process (PID=4938) to work on /home/airflow/.local/lib/python3.7/site-packages/airflow/example_dags/example_skip_dag.py
[2023-04-24T14:31:29.519+0000] {processor.py:743} INFO - Processing file /home/airflow/.local/lib/python3.7/site-packages/airflow/example_dags/example_skip_dag.py for tasks to queue
[2023-04-24T14:31:29.520+0000] {logging_mixin.py:137} INFO - [2023-04-24T14:31:29.519+0000] {dagbag.py:538} INFO - Filling up the DagBag from /home/airflow/.local/lib/python3.7/site-packages/airflow/example_dags/example_skip_dag.py
[2023-04-24T14:31:29.531+0000] {processor.py:753} INFO - DAG(s) dict_keys(['example_skip_dag']) retrieved from /home/airflow/.local/lib/python3.7/site-packages/airflow/example_dags/example_skip_dag.py
[2023-04-24T14:31:29.559+0000] {logging_mixin.py:137} INFO - [2023-04-24T14:31:29.559+0000] {dag.py:2690} INFO - Sync 1 DAGs
[2023-04-24T14:31:29.583+0000] {logging_mixin.py:137} INFO - [2023-04-24T14:31:29.583+0000] {dag.py:3441} INFO - Setting next_dagrun for example_skip_dag to 2023-04-23T14:31:29.583427+00:00, run_after=2023-04-24T14:31:29.583427+00:00
[2023-04-24T14:31:29.600+0000] {processor.py:175} INFO - Processing /home/airflow/.local/lib/python3.7/site-packages/airflow/example_dags/example_skip_dag.py took 0.086 seconds
[2023-04-24T15:16:28.641+0000] {processor.py:153} INFO - Started process (PID=5005) to work on /home/airflow/.local/lib/python3.7/site-packages/airflow/example_dags/example_skip_dag.py
[2023-04-24T15:16:28.642+0000] {processor.py:743} INFO - Processing file /home/airflow/.local/lib/python3.7/site-packages/airflow/example_dags/example_skip_dag.py for tasks to queue
[2023-04-24T15:16:28.643+0000] {logging_mixin.py:137} INFO - [2023-04-24T15:16:28.643+0000] {dagbag.py:538} INFO - Filling up the DagBag from /home/airflow/.local/lib/python3.7/site-packages/airflow/example_dags/example_skip_dag.py
[2023-04-24T15:16:28.655+0000] {processor.py:753} INFO - DAG(s) dict_keys(['example_skip_dag']) retrieved from /home/airflow/.local/lib/python3.7/site-packages/airflow/example_dags/example_skip_dag.py
[2023-04-24T15:16:28.679+0000] {logging_mixin.py:137} INFO - [2023-04-24T15:16:28.679+0000] {dag.py:2690} INFO - Sync 1 DAGs
[2023-04-24T15:16:28.700+0000] {logging_mixin.py:137} INFO - [2023-04-24T15:16:28.700+0000] {dag.py:3441} INFO - Setting next_dagrun for example_skip_dag to 2023-04-23T15:16:28.700247+00:00, run_after=2023-04-24T15:16:28.700247+00:00
[2023-04-24T15:16:28.715+0000] {processor.py:175} INFO - Processing /home/airflow/.local/lib/python3.7/site-packages/airflow/example_dags/example_skip_dag.py took 0.077 seconds
[2023-04-24T16:21:50.289+0000] {processor.py:153} INFO - Started process (PID=5082) to work on /home/airflow/.local/lib/python3.7/site-packages/airflow/example_dags/example_skip_dag.py
[2023-04-24T16:21:50.290+0000] {processor.py:743} INFO - Processing file /home/airflow/.local/lib/python3.7/site-packages/airflow/example_dags/example_skip_dag.py for tasks to queue
[2023-04-24T16:21:50.291+0000] {logging_mixin.py:137} INFO - [2023-04-24T16:21:50.291+0000] {dagbag.py:538} INFO - Filling up the DagBag from /home/airflow/.local/lib/python3.7/site-packages/airflow/example_dags/example_skip_dag.py
[2023-04-24T16:21:50.302+0000] {processor.py:753} INFO - DAG(s) dict_keys(['example_skip_dag']) retrieved from /home/airflow/.local/lib/python3.7/site-packages/airflow/example_dags/example_skip_dag.py
[2023-04-24T16:21:50.323+0000] {logging_mixin.py:137} INFO - [2023-04-24T16:21:50.323+0000] {dag.py:2690} INFO - Sync 1 DAGs
[2023-04-24T16:21:50.342+0000] {logging_mixin.py:137} INFO - [2023-04-24T16:21:50.342+0000] {dag.py:3441} INFO - Setting next_dagrun for example_skip_dag to 2023-04-23T16:21:50.342482+00:00, run_after=2023-04-24T16:21:50.342482+00:00
[2023-04-24T16:21:50.358+0000] {processor.py:175} INFO - Processing /home/airflow/.local/lib/python3.7/site-packages/airflow/example_dags/example_skip_dag.py took 0.072 seconds
[2023-04-24T17:38:24.708+0000] {processor.py:153} INFO - Started process (PID=5146) to work on /home/airflow/.local/lib/python3.7/site-packages/airflow/example_dags/example_skip_dag.py
[2023-04-24T17:38:24.710+0000] {processor.py:743} INFO - Processing file /home/airflow/.local/lib/python3.7/site-packages/airflow/example_dags/example_skip_dag.py for tasks to queue
[2023-04-24T17:38:24.710+0000] {logging_mixin.py:137} INFO - [2023-04-24T17:38:24.710+0000] {dagbag.py:538} INFO - Filling up the DagBag from /home/airflow/.local/lib/python3.7/site-packages/airflow/example_dags/example_skip_dag.py
[2023-04-24T17:38:24.721+0000] {processor.py:753} INFO - DAG(s) dict_keys(['example_skip_dag']) retrieved from /home/airflow/.local/lib/python3.7/site-packages/airflow/example_dags/example_skip_dag.py
[2023-04-24T17:38:24.741+0000] {logging_mixin.py:137} INFO - [2023-04-24T17:38:24.741+0000] {dag.py:2690} INFO - Sync 1 DAGs
[2023-04-24T17:38:24.758+0000] {logging_mixin.py:137} INFO - [2023-04-24T17:38:24.758+0000] {dag.py:3441} INFO - Setting next_dagrun for example_skip_dag to 2023-04-23T17:38:24.758281+00:00, run_after=2023-04-24T17:38:24.758281+00:00
[2023-04-24T17:38:24.769+0000] {processor.py:175} INFO - Processing /home/airflow/.local/lib/python3.7/site-packages/airflow/example_dags/example_skip_dag.py took 0.064 seconds
[2023-04-24T18:45:21.201+0000] {processor.py:153} INFO - Started process (PID=5221) to work on /home/airflow/.local/lib/python3.7/site-packages/airflow/example_dags/example_skip_dag.py
[2023-04-24T18:45:21.203+0000] {processor.py:743} INFO - Processing file /home/airflow/.local/lib/python3.7/site-packages/airflow/example_dags/example_skip_dag.py for tasks to queue
[2023-04-24T18:45:21.204+0000] {logging_mixin.py:137} INFO - [2023-04-24T18:45:21.204+0000] {dagbag.py:538} INFO - Filling up the DagBag from /home/airflow/.local/lib/python3.7/site-packages/airflow/example_dags/example_skip_dag.py
[2023-04-24T18:45:21.239+0000] {processor.py:753} INFO - DAG(s) dict_keys(['example_skip_dag']) retrieved from /home/airflow/.local/lib/python3.7/site-packages/airflow/example_dags/example_skip_dag.py
[2023-04-24T18:45:21.288+0000] {logging_mixin.py:137} INFO - [2023-04-24T18:45:21.287+0000] {dag.py:2690} INFO - Sync 1 DAGs
[2023-04-24T18:45:21.308+0000] {logging_mixin.py:137} INFO - [2023-04-24T18:45:21.308+0000] {dag.py:3441} INFO - Setting next_dagrun for example_skip_dag to 2023-04-23T18:45:21.308633+00:00, run_after=2023-04-24T18:45:21.308633+00:00
[2023-04-24T18:45:21.322+0000] {processor.py:175} INFO - Processing /home/airflow/.local/lib/python3.7/site-packages/airflow/example_dags/example_skip_dag.py took 0.136 seconds
[2023-04-24T19:49:26.271+0000] {processor.py:153} INFO - Started process (PID=5297) to work on /home/airflow/.local/lib/python3.7/site-packages/airflow/example_dags/example_skip_dag.py
[2023-04-24T19:49:26.273+0000] {processor.py:743} INFO - Processing file /home/airflow/.local/lib/python3.7/site-packages/airflow/example_dags/example_skip_dag.py for tasks to queue
[2023-04-24T19:49:26.274+0000] {logging_mixin.py:137} INFO - [2023-04-24T19:49:26.274+0000] {dagbag.py:538} INFO - Filling up the DagBag from /home/airflow/.local/lib/python3.7/site-packages/airflow/example_dags/example_skip_dag.py
[2023-04-24T19:49:26.288+0000] {processor.py:753} INFO - DAG(s) dict_keys(['example_skip_dag']) retrieved from /home/airflow/.local/lib/python3.7/site-packages/airflow/example_dags/example_skip_dag.py
[2023-04-24T19:49:26.310+0000] {logging_mixin.py:137} INFO - [2023-04-24T19:49:26.310+0000] {dag.py:2690} INFO - Sync 1 DAGs
[2023-04-24T19:49:26.328+0000] {logging_mixin.py:137} INFO - [2023-04-24T19:49:26.328+0000] {dag.py:3441} INFO - Setting next_dagrun for example_skip_dag to 2023-04-23T19:49:26.327906+00:00, run_after=2023-04-24T19:49:26.327906+00:00
[2023-04-24T19:49:26.343+0000] {processor.py:175} INFO - Processing /home/airflow/.local/lib/python3.7/site-packages/airflow/example_dags/example_skip_dag.py took 0.075 seconds
[2023-04-24T20:25:34.259+0000] {processor.py:153} INFO - Started process (PID=5361) to work on /home/airflow/.local/lib/python3.7/site-packages/airflow/example_dags/example_skip_dag.py
[2023-04-24T20:25:34.260+0000] {processor.py:743} INFO - Processing file /home/airflow/.local/lib/python3.7/site-packages/airflow/example_dags/example_skip_dag.py for tasks to queue
[2023-04-24T20:25:34.261+0000] {logging_mixin.py:137} INFO - [2023-04-24T20:25:34.261+0000] {dagbag.py:538} INFO - Filling up the DagBag from /home/airflow/.local/lib/python3.7/site-packages/airflow/example_dags/example_skip_dag.py
[2023-04-24T20:25:34.270+0000] {processor.py:753} INFO - DAG(s) dict_keys(['example_skip_dag']) retrieved from /home/airflow/.local/lib/python3.7/site-packages/airflow/example_dags/example_skip_dag.py
[2023-04-24T20:25:34.289+0000] {logging_mixin.py:137} INFO - [2023-04-24T20:25:34.289+0000] {dag.py:2690} INFO - Sync 1 DAGs
[2023-04-24T20:25:34.308+0000] {logging_mixin.py:137} INFO - [2023-04-24T20:25:34.307+0000] {dag.py:3441} INFO - Setting next_dagrun for example_skip_dag to 2023-04-23T20:25:34.307776+00:00, run_after=2023-04-24T20:25:34.307776+00:00
[2023-04-24T20:25:34.320+0000] {processor.py:175} INFO - Processing /home/airflow/.local/lib/python3.7/site-packages/airflow/example_dags/example_skip_dag.py took 0.064 seconds
[2023-04-24T21:31:03.428+0000] {processor.py:153} INFO - Started process (PID=5437) to work on /home/airflow/.local/lib/python3.7/site-packages/airflow/example_dags/example_skip_dag.py
[2023-04-24T21:31:03.429+0000] {processor.py:743} INFO - Processing file /home/airflow/.local/lib/python3.7/site-packages/airflow/example_dags/example_skip_dag.py for tasks to queue
[2023-04-24T21:31:03.430+0000] {logging_mixin.py:137} INFO - [2023-04-24T21:31:03.430+0000] {dagbag.py:538} INFO - Filling up the DagBag from /home/airflow/.local/lib/python3.7/site-packages/airflow/example_dags/example_skip_dag.py
[2023-04-24T21:31:03.442+0000] {processor.py:753} INFO - DAG(s) dict_keys(['example_skip_dag']) retrieved from /home/airflow/.local/lib/python3.7/site-packages/airflow/example_dags/example_skip_dag.py
[2023-04-24T21:31:03.466+0000] {logging_mixin.py:137} INFO - [2023-04-24T21:31:03.466+0000] {dag.py:2690} INFO - Sync 1 DAGs
[2023-04-24T21:31:03.483+0000] {logging_mixin.py:137} INFO - [2023-04-24T21:31:03.483+0000] {dag.py:3441} INFO - Setting next_dagrun for example_skip_dag to 2023-04-23T21:31:03.483480+00:00, run_after=2023-04-24T21:31:03.483480+00:00
[2023-04-24T21:31:03.503+0000] {processor.py:175} INFO - Processing /home/airflow/.local/lib/python3.7/site-packages/airflow/example_dags/example_skip_dag.py took 0.079 seconds
[2023-04-24T22:36:51.846+0000] {processor.py:153} INFO - Started process (PID=5514) to work on /home/airflow/.local/lib/python3.7/site-packages/airflow/example_dags/example_skip_dag.py
[2023-04-24T22:36:51.847+0000] {processor.py:743} INFO - Processing file /home/airflow/.local/lib/python3.7/site-packages/airflow/example_dags/example_skip_dag.py for tasks to queue
[2023-04-24T22:36:51.848+0000] {logging_mixin.py:137} INFO - [2023-04-24T22:36:51.848+0000] {dagbag.py:538} INFO - Filling up the DagBag from /home/airflow/.local/lib/python3.7/site-packages/airflow/example_dags/example_skip_dag.py
[2023-04-24T22:36:51.859+0000] {processor.py:753} INFO - DAG(s) dict_keys(['example_skip_dag']) retrieved from /home/airflow/.local/lib/python3.7/site-packages/airflow/example_dags/example_skip_dag.py
[2023-04-24T22:36:51.878+0000] {logging_mixin.py:137} INFO - [2023-04-24T22:36:51.878+0000] {dag.py:2690} INFO - Sync 1 DAGs
[2023-04-24T22:36:51.896+0000] {logging_mixin.py:137} INFO - [2023-04-24T22:36:51.896+0000] {dag.py:3441} INFO - Setting next_dagrun for example_skip_dag to 2023-04-23T22:36:51.896690+00:00, run_after=2023-04-24T22:36:51.896690+00:00
[2023-04-24T22:36:51.909+0000] {processor.py:175} INFO - Processing /home/airflow/.local/lib/python3.7/site-packages/airflow/example_dags/example_skip_dag.py took 0.066 seconds
