[2023-04-24T12:39:31.406+0000] {processor.py:153} INFO - Started process (PID=305) to work on /home/airflow/.local/lib/python3.7/site-packages/airflow/example_dags/example_branch_operator.py
[2023-04-24T12:39:31.445+0000] {processor.py:743} INFO - Processing file /home/airflow/.local/lib/python3.7/site-packages/airflow/example_dags/example_branch_operator.py for tasks to queue
[2023-04-24T12:39:31.464+0000] {logging_mixin.py:137} INFO - [2023-04-24T12:39:31.463+0000] {dagbag.py:538} INFO - Filling up the DagBag from /home/airflow/.local/lib/python3.7/site-packages/airflow/example_dags/example_branch_operator.py
[2023-04-24T12:39:32.056+0000] {processor.py:753} INFO - DAG(s) dict_keys(['example_branch_operator']) retrieved from /home/airflow/.local/lib/python3.7/site-packages/airflow/example_dags/example_branch_operator.py
[2023-04-24T12:39:32.596+0000] {logging_mixin.py:137} INFO - [2023-04-24T12:39:32.590+0000] {dag.py:2690} INFO - Sync 1 DAGs
[2023-04-24T12:39:33.246+0000] {logging_mixin.py:137} INFO - [2023-04-24T12:39:33.124+0000] {dag.py:2711} INFO - Creating ORM DAG for example_branch_operator
[2023-04-24T12:39:39.539+0000] {logging_mixin.py:137} INFO - [2023-04-24T12:39:39.515+0000] {dag.py:3441} INFO - Setting next_dagrun for example_branch_operator to 2023-04-23T00:00:00+00:00, run_after=2023-04-24T00:00:00+00:00
[2023-04-24T12:39:40.444+0000] {processor.py:175} INFO - Processing /home/airflow/.local/lib/python3.7/site-packages/airflow/example_dags/example_branch_operator.py took 9.131 seconds
[2023-04-24T12:40:32.313+0000] {processor.py:153} INFO - Started process (PID=372) to work on /home/airflow/.local/lib/python3.7/site-packages/airflow/example_dags/example_branch_operator.py
[2023-04-24T12:40:32.332+0000] {processor.py:743} INFO - Processing file /home/airflow/.local/lib/python3.7/site-packages/airflow/example_dags/example_branch_operator.py for tasks to queue
[2023-04-24T12:40:32.342+0000] {logging_mixin.py:137} INFO - [2023-04-24T12:40:32.342+0000] {dagbag.py:538} INFO - Filling up the DagBag from /home/airflow/.local/lib/python3.7/site-packages/airflow/example_dags/example_branch_operator.py
[2023-04-24T12:40:32.610+0000] {processor.py:753} INFO - DAG(s) dict_keys(['example_branch_operator']) retrieved from /home/airflow/.local/lib/python3.7/site-packages/airflow/example_dags/example_branch_operator.py
[2023-04-24T12:40:33.060+0000] {logging_mixin.py:137} INFO - [2023-04-24T12:40:33.059+0000] {dag.py:2690} INFO - Sync 1 DAGs
[2023-04-24T12:40:33.715+0000] {logging_mixin.py:137} INFO - [2023-04-24T12:40:33.715+0000] {dag.py:3441} INFO - Setting next_dagrun for example_branch_operator to 2023-04-23T00:00:00+00:00, run_after=2023-04-24T00:00:00+00:00
[2023-04-24T12:40:33.965+0000] {processor.py:175} INFO - Processing /home/airflow/.local/lib/python3.7/site-packages/airflow/example_dags/example_branch_operator.py took 1.696 seconds
[2023-04-24T12:41:43.422+0000] {processor.py:153} INFO - Started process (PID=444) to work on /home/airflow/.local/lib/python3.7/site-packages/airflow/example_dags/example_branch_operator.py
[2023-04-24T12:41:43.434+0000] {processor.py:743} INFO - Processing file /home/airflow/.local/lib/python3.7/site-packages/airflow/example_dags/example_branch_operator.py for tasks to queue
[2023-04-24T12:41:43.435+0000] {logging_mixin.py:137} INFO - [2023-04-24T12:41:43.435+0000] {dagbag.py:538} INFO - Filling up the DagBag from /home/airflow/.local/lib/python3.7/site-packages/airflow/example_dags/example_branch_operator.py
[2023-04-24T12:41:43.499+0000] {processor.py:753} INFO - DAG(s) dict_keys(['example_branch_operator']) retrieved from /home/airflow/.local/lib/python3.7/site-packages/airflow/example_dags/example_branch_operator.py
[2023-04-24T12:41:43.589+0000] {logging_mixin.py:137} INFO - [2023-04-24T12:41:43.589+0000] {dag.py:2690} INFO - Sync 1 DAGs
[2023-04-24T12:41:43.748+0000] {logging_mixin.py:137} INFO - [2023-04-24T12:41:43.748+0000] {dag.py:3441} INFO - Setting next_dagrun for example_branch_operator to 2023-04-23T00:00:00+00:00, run_after=2023-04-24T00:00:00+00:00
[2023-04-24T12:41:43.947+0000] {processor.py:175} INFO - Processing /home/airflow/.local/lib/python3.7/site-packages/airflow/example_dags/example_branch_operator.py took 0.529 seconds
[2023-04-24T12:47:27.151+0000] {processor.py:153} INFO - Started process (PID=619) to work on /home/airflow/.local/lib/python3.7/site-packages/airflow/example_dags/example_branch_operator.py
[2023-04-24T12:47:27.217+0000] {processor.py:743} INFO - Processing file /home/airflow/.local/lib/python3.7/site-packages/airflow/example_dags/example_branch_operator.py for tasks to queue
[2023-04-24T12:47:27.222+0000] {logging_mixin.py:137} INFO - [2023-04-24T12:47:27.222+0000] {dagbag.py:538} INFO - Filling up the DagBag from /home/airflow/.local/lib/python3.7/site-packages/airflow/example_dags/example_branch_operator.py
[2023-04-24T12:47:27.564+0000] {processor.py:753} INFO - DAG(s) dict_keys(['example_branch_operator']) retrieved from /home/airflow/.local/lib/python3.7/site-packages/airflow/example_dags/example_branch_operator.py
[2023-04-24T12:47:27.757+0000] {logging_mixin.py:137} INFO - [2023-04-24T12:47:27.757+0000] {dag.py:2690} INFO - Sync 1 DAGs
[2023-04-24T12:47:27.829+0000] {logging_mixin.py:137} INFO - [2023-04-24T12:47:27.829+0000] {dag.py:3441} INFO - Setting next_dagrun for example_branch_operator to 2023-04-23T00:00:00+00:00, run_after=2023-04-24T00:00:00+00:00
[2023-04-24T12:47:27.861+0000] {processor.py:175} INFO - Processing /home/airflow/.local/lib/python3.7/site-packages/airflow/example_dags/example_branch_operator.py took 0.744 seconds
[2023-04-24T12:48:04.257+0000] {processor.py:153} INFO - Started process (PID=662) to work on /home/airflow/.local/lib/python3.7/site-packages/airflow/example_dags/example_branch_operator.py
[2023-04-24T12:48:04.275+0000] {processor.py:743} INFO - Processing file /home/airflow/.local/lib/python3.7/site-packages/airflow/example_dags/example_branch_operator.py for tasks to queue
[2023-04-24T12:48:04.283+0000] {logging_mixin.py:137} INFO - [2023-04-24T12:48:04.283+0000] {dagbag.py:538} INFO - Filling up the DagBag from /home/airflow/.local/lib/python3.7/site-packages/airflow/example_dags/example_branch_operator.py
[2023-04-24T12:48:04.399+0000] {processor.py:753} INFO - DAG(s) dict_keys(['example_branch_operator']) retrieved from /home/airflow/.local/lib/python3.7/site-packages/airflow/example_dags/example_branch_operator.py
[2023-04-24T12:48:04.645+0000] {logging_mixin.py:137} INFO - [2023-04-24T12:48:04.644+0000] {dag.py:2690} INFO - Sync 1 DAGs
[2023-04-24T12:48:04.823+0000] {logging_mixin.py:137} INFO - [2023-04-24T12:48:04.823+0000] {dag.py:3441} INFO - Setting next_dagrun for example_branch_operator to 2023-04-23T00:00:00+00:00, run_after=2023-04-24T00:00:00+00:00
[2023-04-24T12:48:04.960+0000] {processor.py:175} INFO - Processing /home/airflow/.local/lib/python3.7/site-packages/airflow/example_dags/example_branch_operator.py took 0.722 seconds
[2023-04-24T12:56:19.200+0000] {processor.py:153} INFO - Started process (PID=896) to work on /home/airflow/.local/lib/python3.7/site-packages/airflow/example_dags/example_branch_operator.py
[2023-04-24T12:56:19.251+0000] {processor.py:743} INFO - Processing file /home/airflow/.local/lib/python3.7/site-packages/airflow/example_dags/example_branch_operator.py for tasks to queue
[2023-04-24T12:56:19.264+0000] {logging_mixin.py:137} INFO - [2023-04-24T12:56:19.264+0000] {dagbag.py:538} INFO - Filling up the DagBag from /home/airflow/.local/lib/python3.7/site-packages/airflow/example_dags/example_branch_operator.py
[2023-04-24T12:56:19.595+0000] {processor.py:753} INFO - DAG(s) dict_keys(['example_branch_operator']) retrieved from /home/airflow/.local/lib/python3.7/site-packages/airflow/example_dags/example_branch_operator.py
[2023-04-24T12:56:20.121+0000] {logging_mixin.py:137} INFO - [2023-04-24T12:56:20.120+0000] {dag.py:2690} INFO - Sync 1 DAGs
[2023-04-24T12:56:20.812+0000] {logging_mixin.py:137} INFO - [2023-04-24T12:56:20.767+0000] {dag.py:3441} INFO - Setting next_dagrun for example_branch_operator to 2023-04-23T00:00:00+00:00, run_after=2023-04-24T00:00:00+00:00
[2023-04-24T12:56:21.540+0000] {processor.py:175} INFO - Processing /home/airflow/.local/lib/python3.7/site-packages/airflow/example_dags/example_branch_operator.py took 2.404 seconds
[2023-04-24T12:58:14.584+0000] {processor.py:153} INFO - Started process (PID=1011) to work on /home/airflow/.local/lib/python3.7/site-packages/airflow/example_dags/example_branch_operator.py
[2023-04-24T12:58:14.595+0000] {processor.py:743} INFO - Processing file /home/airflow/.local/lib/python3.7/site-packages/airflow/example_dags/example_branch_operator.py for tasks to queue
[2023-04-24T12:58:14.598+0000] {logging_mixin.py:137} INFO - [2023-04-24T12:58:14.598+0000] {dagbag.py:538} INFO - Filling up the DagBag from /home/airflow/.local/lib/python3.7/site-packages/airflow/example_dags/example_branch_operator.py
[2023-04-24T12:58:14.699+0000] {processor.py:753} INFO - DAG(s) dict_keys(['example_branch_operator']) retrieved from /home/airflow/.local/lib/python3.7/site-packages/airflow/example_dags/example_branch_operator.py
[2023-04-24T12:58:14.853+0000] {logging_mixin.py:137} INFO - [2023-04-24T12:58:14.853+0000] {dag.py:2690} INFO - Sync 1 DAGs
[2023-04-24T12:58:14.997+0000] {logging_mixin.py:137} INFO - [2023-04-24T12:58:14.986+0000] {dag.py:3441} INFO - Setting next_dagrun for example_branch_operator to 2023-04-23T00:00:00+00:00, run_after=2023-04-24T00:00:00+00:00
[2023-04-24T12:58:15.112+0000] {processor.py:175} INFO - Processing /home/airflow/.local/lib/python3.7/site-packages/airflow/example_dags/example_branch_operator.py took 0.540 seconds
[2023-04-24T13:04:16.114+0000] {processor.py:153} INFO - Started process (PID=1206) to work on /home/airflow/.local/lib/python3.7/site-packages/airflow/example_dags/example_branch_operator.py
[2023-04-24T13:04:16.132+0000] {processor.py:743} INFO - Processing file /home/airflow/.local/lib/python3.7/site-packages/airflow/example_dags/example_branch_operator.py for tasks to queue
[2023-04-24T13:04:16.152+0000] {logging_mixin.py:137} INFO - [2023-04-24T13:04:16.142+0000] {dagbag.py:538} INFO - Filling up the DagBag from /home/airflow/.local/lib/python3.7/site-packages/airflow/example_dags/example_branch_operator.py
[2023-04-24T13:04:16.658+0000] {processor.py:753} INFO - DAG(s) dict_keys(['example_branch_operator']) retrieved from /home/airflow/.local/lib/python3.7/site-packages/airflow/example_dags/example_branch_operator.py
[2023-04-24T13:04:17.143+0000] {logging_mixin.py:137} INFO - [2023-04-24T13:04:17.143+0000] {dag.py:2690} INFO - Sync 1 DAGs
[2023-04-24T13:04:18.226+0000] {logging_mixin.py:137} INFO - [2023-04-24T13:04:18.207+0000] {dag.py:3441} INFO - Setting next_dagrun for example_branch_operator to 2023-04-23T00:00:00+00:00, run_after=2023-04-24T00:00:00+00:00
[2023-04-24T13:04:18.778+0000] {processor.py:175} INFO - Processing /home/airflow/.local/lib/python3.7/site-packages/airflow/example_dags/example_branch_operator.py took 2.723 seconds
[2023-04-24T13:10:08.567+0000] {processor.py:153} INFO - Started process (PID=1407) to work on /home/airflow/.local/lib/python3.7/site-packages/airflow/example_dags/example_branch_operator.py
[2023-04-24T13:10:08.637+0000] {processor.py:743} INFO - Processing file /home/airflow/.local/lib/python3.7/site-packages/airflow/example_dags/example_branch_operator.py for tasks to queue
[2023-04-24T13:10:08.700+0000] {logging_mixin.py:137} INFO - [2023-04-24T13:10:08.699+0000] {dagbag.py:538} INFO - Filling up the DagBag from /home/airflow/.local/lib/python3.7/site-packages/airflow/example_dags/example_branch_operator.py
[2023-04-24T13:10:17.393+0000] {processor.py:753} INFO - DAG(s) dict_keys(['example_branch_operator']) retrieved from /home/airflow/.local/lib/python3.7/site-packages/airflow/example_dags/example_branch_operator.py
[2023-04-24T13:10:28.820+0000] {logging_mixin.py:137} INFO - [2023-04-24T13:10:28.818+0000] {dag.py:2690} INFO - Sync 1 DAGs
[2023-04-24T13:10:32.532+0000] {logging_mixin.py:137} INFO - [2023-04-24T13:10:32.532+0000] {dag.py:3441} INFO - Setting next_dagrun for example_branch_operator to 2023-04-23T00:00:00+00:00, run_after=2023-04-24T00:00:00+00:00
[2023-04-24T13:10:36.399+0000] {processor.py:175} INFO - Processing /home/airflow/.local/lib/python3.7/site-packages/airflow/example_dags/example_branch_operator.py took 28.070 seconds
[2023-04-24T13:11:53.300+0000] {processor.py:153} INFO - Started process (PID=1498) to work on /home/airflow/.local/lib/python3.7/site-packages/airflow/example_dags/example_branch_operator.py
[2023-04-24T13:11:53.303+0000] {processor.py:743} INFO - Processing file /home/airflow/.local/lib/python3.7/site-packages/airflow/example_dags/example_branch_operator.py for tasks to queue
[2023-04-24T13:11:53.306+0000] {logging_mixin.py:137} INFO - [2023-04-24T13:11:53.305+0000] {dagbag.py:538} INFO - Filling up the DagBag from /home/airflow/.local/lib/python3.7/site-packages/airflow/example_dags/example_branch_operator.py
[2023-04-24T13:11:53.326+0000] {processor.py:753} INFO - DAG(s) dict_keys(['example_branch_operator']) retrieved from /home/airflow/.local/lib/python3.7/site-packages/airflow/example_dags/example_branch_operator.py
[2023-04-24T13:11:53.372+0000] {logging_mixin.py:137} INFO - [2023-04-24T13:11:53.372+0000] {dag.py:2690} INFO - Sync 1 DAGs
[2023-04-24T13:11:53.400+0000] {logging_mixin.py:137} INFO - [2023-04-24T13:11:53.400+0000] {dag.py:3441} INFO - Setting next_dagrun for example_branch_operator to 2023-04-23T00:00:00+00:00, run_after=2023-04-24T00:00:00+00:00
[2023-04-24T13:11:53.426+0000] {processor.py:175} INFO - Processing /home/airflow/.local/lib/python3.7/site-packages/airflow/example_dags/example_branch_operator.py took 0.129 seconds
[2023-04-24T13:12:23.723+0000] {processor.py:153} INFO - Started process (PID=1562) to work on /home/airflow/.local/lib/python3.7/site-packages/airflow/example_dags/example_branch_operator.py
[2023-04-24T13:12:23.725+0000] {processor.py:743} INFO - Processing file /home/airflow/.local/lib/python3.7/site-packages/airflow/example_dags/example_branch_operator.py for tasks to queue
[2023-04-24T13:12:23.726+0000] {logging_mixin.py:137} INFO - [2023-04-24T13:12:23.726+0000] {dagbag.py:538} INFO - Filling up the DagBag from /home/airflow/.local/lib/python3.7/site-packages/airflow/example_dags/example_branch_operator.py
[2023-04-24T13:12:23.741+0000] {processor.py:753} INFO - DAG(s) dict_keys(['example_branch_operator']) retrieved from /home/airflow/.local/lib/python3.7/site-packages/airflow/example_dags/example_branch_operator.py
[2023-04-24T13:12:23.755+0000] {logging_mixin.py:137} INFO - [2023-04-24T13:12:23.755+0000] {dag.py:2690} INFO - Sync 1 DAGs
[2023-04-24T13:12:23.780+0000] {logging_mixin.py:137} INFO - [2023-04-24T13:12:23.780+0000] {dag.py:3441} INFO - Setting next_dagrun for example_branch_operator to 2023-04-23T00:00:00+00:00, run_after=2023-04-24T00:00:00+00:00
[2023-04-24T13:12:23.796+0000] {processor.py:175} INFO - Processing /home/airflow/.local/lib/python3.7/site-packages/airflow/example_dags/example_branch_operator.py took 0.077 seconds
[2023-04-24T13:12:53.962+0000] {processor.py:153} INFO - Started process (PID=1638) to work on /home/airflow/.local/lib/python3.7/site-packages/airflow/example_dags/example_branch_operator.py
[2023-04-24T13:12:53.963+0000] {processor.py:743} INFO - Processing file /home/airflow/.local/lib/python3.7/site-packages/airflow/example_dags/example_branch_operator.py for tasks to queue
[2023-04-24T13:12:53.964+0000] {logging_mixin.py:137} INFO - [2023-04-24T13:12:53.964+0000] {dagbag.py:538} INFO - Filling up the DagBag from /home/airflow/.local/lib/python3.7/site-packages/airflow/example_dags/example_branch_operator.py
[2023-04-24T13:12:53.976+0000] {processor.py:753} INFO - DAG(s) dict_keys(['example_branch_operator']) retrieved from /home/airflow/.local/lib/python3.7/site-packages/airflow/example_dags/example_branch_operator.py
[2023-04-24T13:12:53.997+0000] {logging_mixin.py:137} INFO - [2023-04-24T13:12:53.997+0000] {dag.py:2690} INFO - Sync 1 DAGs
[2023-04-24T13:12:54.014+0000] {logging_mixin.py:137} INFO - [2023-04-24T13:12:54.013+0000] {dag.py:3441} INFO - Setting next_dagrun for example_branch_operator to 2023-04-23T00:00:00+00:00, run_after=2023-04-24T00:00:00+00:00
[2023-04-24T13:12:54.026+0000] {processor.py:175} INFO - Processing /home/airflow/.local/lib/python3.7/site-packages/airflow/example_dags/example_branch_operator.py took 0.066 seconds
[2023-04-24T13:13:24.223+0000] {processor.py:153} INFO - Started process (PID=1702) to work on /home/airflow/.local/lib/python3.7/site-packages/airflow/example_dags/example_branch_operator.py
[2023-04-24T13:13:24.224+0000] {processor.py:743} INFO - Processing file /home/airflow/.local/lib/python3.7/site-packages/airflow/example_dags/example_branch_operator.py for tasks to queue
[2023-04-24T13:13:24.225+0000] {logging_mixin.py:137} INFO - [2023-04-24T13:13:24.225+0000] {dagbag.py:538} INFO - Filling up the DagBag from /home/airflow/.local/lib/python3.7/site-packages/airflow/example_dags/example_branch_operator.py
[2023-04-24T13:13:24.236+0000] {processor.py:753} INFO - DAG(s) dict_keys(['example_branch_operator']) retrieved from /home/airflow/.local/lib/python3.7/site-packages/airflow/example_dags/example_branch_operator.py
[2023-04-24T13:13:24.257+0000] {logging_mixin.py:137} INFO - [2023-04-24T13:13:24.257+0000] {dag.py:2690} INFO - Sync 1 DAGs
[2023-04-24T13:13:24.274+0000] {logging_mixin.py:137} INFO - [2023-04-24T13:13:24.274+0000] {dag.py:3441} INFO - Setting next_dagrun for example_branch_operator to 2023-04-23T00:00:00+00:00, run_after=2023-04-24T00:00:00+00:00
[2023-04-24T13:13:24.291+0000] {processor.py:175} INFO - Processing /home/airflow/.local/lib/python3.7/site-packages/airflow/example_dags/example_branch_operator.py took 0.071 seconds
[2023-04-24T13:13:54.436+0000] {processor.py:153} INFO - Started process (PID=1777) to work on /home/airflow/.local/lib/python3.7/site-packages/airflow/example_dags/example_branch_operator.py
[2023-04-24T13:13:54.438+0000] {processor.py:743} INFO - Processing file /home/airflow/.local/lib/python3.7/site-packages/airflow/example_dags/example_branch_operator.py for tasks to queue
[2023-04-24T13:13:54.439+0000] {logging_mixin.py:137} INFO - [2023-04-24T13:13:54.439+0000] {dagbag.py:538} INFO - Filling up the DagBag from /home/airflow/.local/lib/python3.7/site-packages/airflow/example_dags/example_branch_operator.py
[2023-04-24T13:13:54.454+0000] {processor.py:753} INFO - DAG(s) dict_keys(['example_branch_operator']) retrieved from /home/airflow/.local/lib/python3.7/site-packages/airflow/example_dags/example_branch_operator.py
[2023-04-24T13:13:54.475+0000] {logging_mixin.py:137} INFO - [2023-04-24T13:13:54.475+0000] {dag.py:2690} INFO - Sync 1 DAGs
[2023-04-24T13:13:54.492+0000] {logging_mixin.py:137} INFO - [2023-04-24T13:13:54.492+0000] {dag.py:3441} INFO - Setting next_dagrun for example_branch_operator to 2023-04-23T00:00:00+00:00, run_after=2023-04-24T00:00:00+00:00
[2023-04-24T13:13:54.504+0000] {processor.py:175} INFO - Processing /home/airflow/.local/lib/python3.7/site-packages/airflow/example_dags/example_branch_operator.py took 0.071 seconds
[2023-04-24T13:14:24.739+0000] {processor.py:153} INFO - Started process (PID=1853) to work on /home/airflow/.local/lib/python3.7/site-packages/airflow/example_dags/example_branch_operator.py
[2023-04-24T13:14:24.741+0000] {processor.py:743} INFO - Processing file /home/airflow/.local/lib/python3.7/site-packages/airflow/example_dags/example_branch_operator.py for tasks to queue
[2023-04-24T13:14:24.742+0000] {logging_mixin.py:137} INFO - [2023-04-24T13:14:24.742+0000] {dagbag.py:538} INFO - Filling up the DagBag from /home/airflow/.local/lib/python3.7/site-packages/airflow/example_dags/example_branch_operator.py
[2023-04-24T13:14:24.755+0000] {processor.py:753} INFO - DAG(s) dict_keys(['example_branch_operator']) retrieved from /home/airflow/.local/lib/python3.7/site-packages/airflow/example_dags/example_branch_operator.py
[2023-04-24T13:14:24.776+0000] {logging_mixin.py:137} INFO - [2023-04-24T13:14:24.776+0000] {dag.py:2690} INFO - Sync 1 DAGs
[2023-04-24T13:14:24.792+0000] {logging_mixin.py:137} INFO - [2023-04-24T13:14:24.792+0000] {dag.py:3441} INFO - Setting next_dagrun for example_branch_operator to 2023-04-23T00:00:00+00:00, run_after=2023-04-24T00:00:00+00:00
[2023-04-24T13:14:24.805+0000] {processor.py:175} INFO - Processing /home/airflow/.local/lib/python3.7/site-packages/airflow/example_dags/example_branch_operator.py took 0.068 seconds
[2023-04-24T13:14:55.056+0000] {processor.py:153} INFO - Started process (PID=1925) to work on /home/airflow/.local/lib/python3.7/site-packages/airflow/example_dags/example_branch_operator.py
[2023-04-24T13:14:55.058+0000] {processor.py:743} INFO - Processing file /home/airflow/.local/lib/python3.7/site-packages/airflow/example_dags/example_branch_operator.py for tasks to queue
[2023-04-24T13:14:55.059+0000] {logging_mixin.py:137} INFO - [2023-04-24T13:14:55.059+0000] {dagbag.py:538} INFO - Filling up the DagBag from /home/airflow/.local/lib/python3.7/site-packages/airflow/example_dags/example_branch_operator.py
[2023-04-24T13:14:55.072+0000] {processor.py:753} INFO - DAG(s) dict_keys(['example_branch_operator']) retrieved from /home/airflow/.local/lib/python3.7/site-packages/airflow/example_dags/example_branch_operator.py
[2023-04-24T13:14:55.101+0000] {logging_mixin.py:137} INFO - [2023-04-24T13:14:55.101+0000] {dag.py:2690} INFO - Sync 1 DAGs
[2023-04-24T13:14:55.127+0000] {logging_mixin.py:137} INFO - [2023-04-24T13:14:55.127+0000] {dag.py:3441} INFO - Setting next_dagrun for example_branch_operator to 2023-04-23T00:00:00+00:00, run_after=2023-04-24T00:00:00+00:00
[2023-04-24T13:14:55.146+0000] {processor.py:175} INFO - Processing /home/airflow/.local/lib/python3.7/site-packages/airflow/example_dags/example_branch_operator.py took 0.092 seconds
[2023-04-24T13:15:25.273+0000] {processor.py:153} INFO - Started process (PID=1993) to work on /home/airflow/.local/lib/python3.7/site-packages/airflow/example_dags/example_branch_operator.py
[2023-04-24T13:15:25.274+0000] {processor.py:743} INFO - Processing file /home/airflow/.local/lib/python3.7/site-packages/airflow/example_dags/example_branch_operator.py for tasks to queue
[2023-04-24T13:15:25.275+0000] {logging_mixin.py:137} INFO - [2023-04-24T13:15:25.275+0000] {dagbag.py:538} INFO - Filling up the DagBag from /home/airflow/.local/lib/python3.7/site-packages/airflow/example_dags/example_branch_operator.py
[2023-04-24T13:15:25.288+0000] {processor.py:753} INFO - DAG(s) dict_keys(['example_branch_operator']) retrieved from /home/airflow/.local/lib/python3.7/site-packages/airflow/example_dags/example_branch_operator.py
[2023-04-24T13:15:25.307+0000] {logging_mixin.py:137} INFO - [2023-04-24T13:15:25.307+0000] {dag.py:2690} INFO - Sync 1 DAGs
[2023-04-24T13:15:25.323+0000] {logging_mixin.py:137} INFO - [2023-04-24T13:15:25.323+0000] {dag.py:3441} INFO - Setting next_dagrun for example_branch_operator to 2023-04-23T00:00:00+00:00, run_after=2023-04-24T00:00:00+00:00
[2023-04-24T13:15:25.335+0000] {processor.py:175} INFO - Processing /home/airflow/.local/lib/python3.7/site-packages/airflow/example_dags/example_branch_operator.py took 0.064 seconds
[2023-04-24T13:15:55.558+0000] {processor.py:153} INFO - Started process (PID=2071) to work on /home/airflow/.local/lib/python3.7/site-packages/airflow/example_dags/example_branch_operator.py
[2023-04-24T13:15:55.559+0000] {processor.py:743} INFO - Processing file /home/airflow/.local/lib/python3.7/site-packages/airflow/example_dags/example_branch_operator.py for tasks to queue
[2023-04-24T13:15:55.560+0000] {logging_mixin.py:137} INFO - [2023-04-24T13:15:55.560+0000] {dagbag.py:538} INFO - Filling up the DagBag from /home/airflow/.local/lib/python3.7/site-packages/airflow/example_dags/example_branch_operator.py
[2023-04-24T13:15:55.571+0000] {processor.py:753} INFO - DAG(s) dict_keys(['example_branch_operator']) retrieved from /home/airflow/.local/lib/python3.7/site-packages/airflow/example_dags/example_branch_operator.py
[2023-04-24T13:15:55.591+0000] {logging_mixin.py:137} INFO - [2023-04-24T13:15:55.591+0000] {dag.py:2690} INFO - Sync 1 DAGs
[2023-04-24T13:15:55.607+0000] {logging_mixin.py:137} INFO - [2023-04-24T13:15:55.607+0000] {dag.py:3441} INFO - Setting next_dagrun for example_branch_operator to 2023-04-23T00:00:00+00:00, run_after=2023-04-24T00:00:00+00:00
[2023-04-24T13:15:55.618+0000] {processor.py:175} INFO - Processing /home/airflow/.local/lib/python3.7/site-packages/airflow/example_dags/example_branch_operator.py took 0.062 seconds
[2023-04-24T13:16:26.365+0000] {processor.py:153} INFO - Started process (PID=2148) to work on /home/airflow/.local/lib/python3.7/site-packages/airflow/example_dags/example_branch_operator.py
[2023-04-24T13:16:26.366+0000] {processor.py:743} INFO - Processing file /home/airflow/.local/lib/python3.7/site-packages/airflow/example_dags/example_branch_operator.py for tasks to queue
[2023-04-24T13:16:26.367+0000] {logging_mixin.py:137} INFO - [2023-04-24T13:16:26.367+0000] {dagbag.py:538} INFO - Filling up the DagBag from /home/airflow/.local/lib/python3.7/site-packages/airflow/example_dags/example_branch_operator.py
[2023-04-24T13:16:26.379+0000] {processor.py:753} INFO - DAG(s) dict_keys(['example_branch_operator']) retrieved from /home/airflow/.local/lib/python3.7/site-packages/airflow/example_dags/example_branch_operator.py
[2023-04-24T13:16:26.397+0000] {logging_mixin.py:137} INFO - [2023-04-24T13:16:26.397+0000] {dag.py:2690} INFO - Sync 1 DAGs
[2023-04-24T13:16:26.414+0000] {logging_mixin.py:137} INFO - [2023-04-24T13:16:26.414+0000] {dag.py:3441} INFO - Setting next_dagrun for example_branch_operator to 2023-04-23T00:00:00+00:00, run_after=2023-04-24T00:00:00+00:00
[2023-04-24T13:16:26.432+0000] {processor.py:175} INFO - Processing /home/airflow/.local/lib/python3.7/site-packages/airflow/example_dags/example_branch_operator.py took 0.070 seconds
[2023-04-24T13:16:56.845+0000] {processor.py:153} INFO - Started process (PID=2212) to work on /home/airflow/.local/lib/python3.7/site-packages/airflow/example_dags/example_branch_operator.py
[2023-04-24T13:16:56.846+0000] {processor.py:743} INFO - Processing file /home/airflow/.local/lib/python3.7/site-packages/airflow/example_dags/example_branch_operator.py for tasks to queue
[2023-04-24T13:16:56.847+0000] {logging_mixin.py:137} INFO - [2023-04-24T13:16:56.847+0000] {dagbag.py:538} INFO - Filling up the DagBag from /home/airflow/.local/lib/python3.7/site-packages/airflow/example_dags/example_branch_operator.py
[2023-04-24T13:16:56.859+0000] {processor.py:753} INFO - DAG(s) dict_keys(['example_branch_operator']) retrieved from /home/airflow/.local/lib/python3.7/site-packages/airflow/example_dags/example_branch_operator.py
[2023-04-24T13:16:56.879+0000] {logging_mixin.py:137} INFO - [2023-04-24T13:16:56.879+0000] {dag.py:2690} INFO - Sync 1 DAGs
[2023-04-24T13:16:56.895+0000] {logging_mixin.py:137} INFO - [2023-04-24T13:16:56.895+0000] {dag.py:3441} INFO - Setting next_dagrun for example_branch_operator to 2023-04-23T00:00:00+00:00, run_after=2023-04-24T00:00:00+00:00
[2023-04-24T13:16:56.906+0000] {processor.py:175} INFO - Processing /home/airflow/.local/lib/python3.7/site-packages/airflow/example_dags/example_branch_operator.py took 0.064 seconds
[2023-04-24T13:17:27.261+0000] {processor.py:153} INFO - Started process (PID=2288) to work on /home/airflow/.local/lib/python3.7/site-packages/airflow/example_dags/example_branch_operator.py
[2023-04-24T13:17:27.262+0000] {processor.py:743} INFO - Processing file /home/airflow/.local/lib/python3.7/site-packages/airflow/example_dags/example_branch_operator.py for tasks to queue
[2023-04-24T13:17:27.263+0000] {logging_mixin.py:137} INFO - [2023-04-24T13:17:27.263+0000] {dagbag.py:538} INFO - Filling up the DagBag from /home/airflow/.local/lib/python3.7/site-packages/airflow/example_dags/example_branch_operator.py
[2023-04-24T13:17:27.276+0000] {processor.py:753} INFO - DAG(s) dict_keys(['example_branch_operator']) retrieved from /home/airflow/.local/lib/python3.7/site-packages/airflow/example_dags/example_branch_operator.py
[2023-04-24T13:17:27.297+0000] {logging_mixin.py:137} INFO - [2023-04-24T13:17:27.297+0000] {dag.py:2690} INFO - Sync 1 DAGs
[2023-04-24T13:17:27.317+0000] {logging_mixin.py:137} INFO - [2023-04-24T13:17:27.317+0000] {dag.py:3441} INFO - Setting next_dagrun for example_branch_operator to 2023-04-23T00:00:00+00:00, run_after=2023-04-24T00:00:00+00:00
[2023-04-24T13:17:27.328+0000] {processor.py:175} INFO - Processing /home/airflow/.local/lib/python3.7/site-packages/airflow/example_dags/example_branch_operator.py took 0.070 seconds
[2023-04-24T13:17:57.631+0000] {processor.py:153} INFO - Started process (PID=2364) to work on /home/airflow/.local/lib/python3.7/site-packages/airflow/example_dags/example_branch_operator.py
[2023-04-24T13:17:57.632+0000] {processor.py:743} INFO - Processing file /home/airflow/.local/lib/python3.7/site-packages/airflow/example_dags/example_branch_operator.py for tasks to queue
[2023-04-24T13:17:57.632+0000] {logging_mixin.py:137} INFO - [2023-04-24T13:17:57.632+0000] {dagbag.py:538} INFO - Filling up the DagBag from /home/airflow/.local/lib/python3.7/site-packages/airflow/example_dags/example_branch_operator.py
[2023-04-24T13:17:57.644+0000] {processor.py:753} INFO - DAG(s) dict_keys(['example_branch_operator']) retrieved from /home/airflow/.local/lib/python3.7/site-packages/airflow/example_dags/example_branch_operator.py
[2023-04-24T13:17:57.664+0000] {logging_mixin.py:137} INFO - [2023-04-24T13:17:57.664+0000] {dag.py:2690} INFO - Sync 1 DAGs
[2023-04-24T13:17:57.679+0000] {logging_mixin.py:137} INFO - [2023-04-24T13:17:57.679+0000] {dag.py:3441} INFO - Setting next_dagrun for example_branch_operator to 2023-04-23T00:00:00+00:00, run_after=2023-04-24T00:00:00+00:00
[2023-04-24T13:17:57.690+0000] {processor.py:175} INFO - Processing /home/airflow/.local/lib/python3.7/site-packages/airflow/example_dags/example_branch_operator.py took 0.062 seconds
[2023-04-24T13:18:27.846+0000] {processor.py:153} INFO - Started process (PID=2428) to work on /home/airflow/.local/lib/python3.7/site-packages/airflow/example_dags/example_branch_operator.py
[2023-04-24T13:18:27.848+0000] {processor.py:743} INFO - Processing file /home/airflow/.local/lib/python3.7/site-packages/airflow/example_dags/example_branch_operator.py for tasks to queue
[2023-04-24T13:18:27.848+0000] {logging_mixin.py:137} INFO - [2023-04-24T13:18:27.848+0000] {dagbag.py:538} INFO - Filling up the DagBag from /home/airflow/.local/lib/python3.7/site-packages/airflow/example_dags/example_branch_operator.py
[2023-04-24T13:18:27.861+0000] {processor.py:753} INFO - DAG(s) dict_keys(['example_branch_operator']) retrieved from /home/airflow/.local/lib/python3.7/site-packages/airflow/example_dags/example_branch_operator.py
[2023-04-24T13:18:27.882+0000] {logging_mixin.py:137} INFO - [2023-04-24T13:18:27.882+0000] {dag.py:2690} INFO - Sync 1 DAGs
[2023-04-24T13:18:27.897+0000] {logging_mixin.py:137} INFO - [2023-04-24T13:18:27.897+0000] {dag.py:3441} INFO - Setting next_dagrun for example_branch_operator to 2023-04-23T00:00:00+00:00, run_after=2023-04-24T00:00:00+00:00
[2023-04-24T13:18:27.909+0000] {processor.py:175} INFO - Processing /home/airflow/.local/lib/python3.7/site-packages/airflow/example_dags/example_branch_operator.py took 0.066 seconds
[2023-04-24T13:18:58.057+0000] {processor.py:153} INFO - Started process (PID=2504) to work on /home/airflow/.local/lib/python3.7/site-packages/airflow/example_dags/example_branch_operator.py
[2023-04-24T13:18:58.058+0000] {processor.py:743} INFO - Processing file /home/airflow/.local/lib/python3.7/site-packages/airflow/example_dags/example_branch_operator.py for tasks to queue
[2023-04-24T13:18:58.059+0000] {logging_mixin.py:137} INFO - [2023-04-24T13:18:58.059+0000] {dagbag.py:538} INFO - Filling up the DagBag from /home/airflow/.local/lib/python3.7/site-packages/airflow/example_dags/example_branch_operator.py
[2023-04-24T13:18:58.070+0000] {processor.py:753} INFO - DAG(s) dict_keys(['example_branch_operator']) retrieved from /home/airflow/.local/lib/python3.7/site-packages/airflow/example_dags/example_branch_operator.py
[2023-04-24T13:18:58.104+0000] {logging_mixin.py:137} INFO - [2023-04-24T13:18:58.104+0000] {dag.py:2690} INFO - Sync 1 DAGs
[2023-04-24T13:18:58.132+0000] {logging_mixin.py:137} INFO - [2023-04-24T13:18:58.132+0000] {dag.py:3441} INFO - Setting next_dagrun for example_branch_operator to 2023-04-23T00:00:00+00:00, run_after=2023-04-24T00:00:00+00:00
[2023-04-24T13:18:58.151+0000] {processor.py:175} INFO - Processing /home/airflow/.local/lib/python3.7/site-packages/airflow/example_dags/example_branch_operator.py took 0.098 seconds
[2023-04-24T13:19:28.382+0000] {processor.py:153} INFO - Started process (PID=2580) to work on /home/airflow/.local/lib/python3.7/site-packages/airflow/example_dags/example_branch_operator.py
[2023-04-24T13:19:28.383+0000] {processor.py:743} INFO - Processing file /home/airflow/.local/lib/python3.7/site-packages/airflow/example_dags/example_branch_operator.py for tasks to queue
[2023-04-24T13:19:28.384+0000] {logging_mixin.py:137} INFO - [2023-04-24T13:19:28.384+0000] {dagbag.py:538} INFO - Filling up the DagBag from /home/airflow/.local/lib/python3.7/site-packages/airflow/example_dags/example_branch_operator.py
[2023-04-24T13:19:28.396+0000] {processor.py:753} INFO - DAG(s) dict_keys(['example_branch_operator']) retrieved from /home/airflow/.local/lib/python3.7/site-packages/airflow/example_dags/example_branch_operator.py
[2023-04-24T13:19:28.417+0000] {logging_mixin.py:137} INFO - [2023-04-24T13:19:28.417+0000] {dag.py:2690} INFO - Sync 1 DAGs
[2023-04-24T13:19:28.434+0000] {logging_mixin.py:137} INFO - [2023-04-24T13:19:28.434+0000] {dag.py:3441} INFO - Setting next_dagrun for example_branch_operator to 2023-04-23T00:00:00+00:00, run_after=2023-04-24T00:00:00+00:00
[2023-04-24T13:19:28.446+0000] {processor.py:175} INFO - Processing /home/airflow/.local/lib/python3.7/site-packages/airflow/example_dags/example_branch_operator.py took 0.067 seconds
[2023-04-24T13:19:58.885+0000] {processor.py:153} INFO - Started process (PID=2646) to work on /home/airflow/.local/lib/python3.7/site-packages/airflow/example_dags/example_branch_operator.py
[2023-04-24T13:19:58.886+0000] {processor.py:743} INFO - Processing file /home/airflow/.local/lib/python3.7/site-packages/airflow/example_dags/example_branch_operator.py for tasks to queue
[2023-04-24T13:19:58.887+0000] {logging_mixin.py:137} INFO - [2023-04-24T13:19:58.887+0000] {dagbag.py:538} INFO - Filling up the DagBag from /home/airflow/.local/lib/python3.7/site-packages/airflow/example_dags/example_branch_operator.py
[2023-04-24T13:19:58.901+0000] {processor.py:753} INFO - DAG(s) dict_keys(['example_branch_operator']) retrieved from /home/airflow/.local/lib/python3.7/site-packages/airflow/example_dags/example_branch_operator.py
[2023-04-24T13:19:58.924+0000] {logging_mixin.py:137} INFO - [2023-04-24T13:19:58.924+0000] {dag.py:2690} INFO - Sync 1 DAGs
[2023-04-24T13:19:58.941+0000] {logging_mixin.py:137} INFO - [2023-04-24T13:19:58.941+0000] {dag.py:3441} INFO - Setting next_dagrun for example_branch_operator to 2023-04-23T00:00:00+00:00, run_after=2023-04-24T00:00:00+00:00
[2023-04-24T13:19:58.952+0000] {processor.py:175} INFO - Processing /home/airflow/.local/lib/python3.7/site-packages/airflow/example_dags/example_branch_operator.py took 0.070 seconds
[2023-04-24T13:20:29.347+0000] {processor.py:153} INFO - Started process (PID=2727) to work on /home/airflow/.local/lib/python3.7/site-packages/airflow/example_dags/example_branch_operator.py
[2023-04-24T13:20:29.348+0000] {processor.py:743} INFO - Processing file /home/airflow/.local/lib/python3.7/site-packages/airflow/example_dags/example_branch_operator.py for tasks to queue
[2023-04-24T13:20:29.349+0000] {logging_mixin.py:137} INFO - [2023-04-24T13:20:29.349+0000] {dagbag.py:538} INFO - Filling up the DagBag from /home/airflow/.local/lib/python3.7/site-packages/airflow/example_dags/example_branch_operator.py
[2023-04-24T13:20:29.363+0000] {processor.py:753} INFO - DAG(s) dict_keys(['example_branch_operator']) retrieved from /home/airflow/.local/lib/python3.7/site-packages/airflow/example_dags/example_branch_operator.py
[2023-04-24T13:20:29.386+0000] {logging_mixin.py:137} INFO - [2023-04-24T13:20:29.385+0000] {dag.py:2690} INFO - Sync 1 DAGs
[2023-04-24T13:20:29.404+0000] {logging_mixin.py:137} INFO - [2023-04-24T13:20:29.404+0000] {dag.py:3441} INFO - Setting next_dagrun for example_branch_operator to 2023-04-23T00:00:00+00:00, run_after=2023-04-24T00:00:00+00:00
[2023-04-24T13:20:29.428+0000] {processor.py:175} INFO - Processing /home/airflow/.local/lib/python3.7/site-packages/airflow/example_dags/example_branch_operator.py took 0.085 seconds
[2023-04-24T13:20:59.708+0000] {processor.py:153} INFO - Started process (PID=2803) to work on /home/airflow/.local/lib/python3.7/site-packages/airflow/example_dags/example_branch_operator.py
[2023-04-24T13:20:59.709+0000] {processor.py:743} INFO - Processing file /home/airflow/.local/lib/python3.7/site-packages/airflow/example_dags/example_branch_operator.py for tasks to queue
[2023-04-24T13:20:59.710+0000] {logging_mixin.py:137} INFO - [2023-04-24T13:20:59.710+0000] {dagbag.py:538} INFO - Filling up the DagBag from /home/airflow/.local/lib/python3.7/site-packages/airflow/example_dags/example_branch_operator.py
[2023-04-24T13:20:59.725+0000] {processor.py:753} INFO - DAG(s) dict_keys(['example_branch_operator']) retrieved from /home/airflow/.local/lib/python3.7/site-packages/airflow/example_dags/example_branch_operator.py
[2023-04-24T13:20:59.748+0000] {logging_mixin.py:137} INFO - [2023-04-24T13:20:59.748+0000] {dag.py:2690} INFO - Sync 1 DAGs
[2023-04-24T13:20:59.766+0000] {logging_mixin.py:137} INFO - [2023-04-24T13:20:59.766+0000] {dag.py:3441} INFO - Setting next_dagrun for example_branch_operator to 2023-04-23T00:00:00+00:00, run_after=2023-04-24T00:00:00+00:00
[2023-04-24T13:20:59.780+0000] {processor.py:175} INFO - Processing /home/airflow/.local/lib/python3.7/site-packages/airflow/example_dags/example_branch_operator.py took 0.075 seconds
[2023-04-24T13:21:30.028+0000] {processor.py:153} INFO - Started process (PID=2880) to work on /home/airflow/.local/lib/python3.7/site-packages/airflow/example_dags/example_branch_operator.py
[2023-04-24T13:21:30.029+0000] {processor.py:743} INFO - Processing file /home/airflow/.local/lib/python3.7/site-packages/airflow/example_dags/example_branch_operator.py for tasks to queue
[2023-04-24T13:21:30.030+0000] {logging_mixin.py:137} INFO - [2023-04-24T13:21:30.030+0000] {dagbag.py:538} INFO - Filling up the DagBag from /home/airflow/.local/lib/python3.7/site-packages/airflow/example_dags/example_branch_operator.py
[2023-04-24T13:21:30.045+0000] {processor.py:753} INFO - DAG(s) dict_keys(['example_branch_operator']) retrieved from /home/airflow/.local/lib/python3.7/site-packages/airflow/example_dags/example_branch_operator.py
[2023-04-24T13:21:30.073+0000] {logging_mixin.py:137} INFO - [2023-04-24T13:21:30.072+0000] {dag.py:2690} INFO - Sync 1 DAGs
[2023-04-24T13:21:30.092+0000] {logging_mixin.py:137} INFO - [2023-04-24T13:21:30.092+0000] {dag.py:3441} INFO - Setting next_dagrun for example_branch_operator to 2023-04-23T00:00:00+00:00, run_after=2023-04-24T00:00:00+00:00
[2023-04-24T13:21:30.105+0000] {processor.py:175} INFO - Processing /home/airflow/.local/lib/python3.7/site-packages/airflow/example_dags/example_branch_operator.py took 0.081 seconds
[2023-04-24T13:22:00.244+0000] {processor.py:153} INFO - Started process (PID=2944) to work on /home/airflow/.local/lib/python3.7/site-packages/airflow/example_dags/example_branch_operator.py
[2023-04-24T13:22:00.245+0000] {processor.py:743} INFO - Processing file /home/airflow/.local/lib/python3.7/site-packages/airflow/example_dags/example_branch_operator.py for tasks to queue
[2023-04-24T13:22:00.246+0000] {logging_mixin.py:137} INFO - [2023-04-24T13:22:00.246+0000] {dagbag.py:538} INFO - Filling up the DagBag from /home/airflow/.local/lib/python3.7/site-packages/airflow/example_dags/example_branch_operator.py
[2023-04-24T13:22:00.258+0000] {processor.py:753} INFO - DAG(s) dict_keys(['example_branch_operator']) retrieved from /home/airflow/.local/lib/python3.7/site-packages/airflow/example_dags/example_branch_operator.py
[2023-04-24T13:22:00.278+0000] {logging_mixin.py:137} INFO - [2023-04-24T13:22:00.278+0000] {dag.py:2690} INFO - Sync 1 DAGs
[2023-04-24T13:22:00.294+0000] {logging_mixin.py:137} INFO - [2023-04-24T13:22:00.294+0000] {dag.py:3441} INFO - Setting next_dagrun for example_branch_operator to 2023-04-23T00:00:00+00:00, run_after=2023-04-24T00:00:00+00:00
[2023-04-24T13:22:00.306+0000] {processor.py:175} INFO - Processing /home/airflow/.local/lib/python3.7/site-packages/airflow/example_dags/example_branch_operator.py took 0.064 seconds
[2023-04-24T13:22:30.550+0000] {processor.py:153} INFO - Started process (PID=3020) to work on /home/airflow/.local/lib/python3.7/site-packages/airflow/example_dags/example_branch_operator.py
[2023-04-24T13:22:30.551+0000] {processor.py:743} INFO - Processing file /home/airflow/.local/lib/python3.7/site-packages/airflow/example_dags/example_branch_operator.py for tasks to queue
[2023-04-24T13:22:30.552+0000] {logging_mixin.py:137} INFO - [2023-04-24T13:22:30.552+0000] {dagbag.py:538} INFO - Filling up the DagBag from /home/airflow/.local/lib/python3.7/site-packages/airflow/example_dags/example_branch_operator.py
[2023-04-24T13:22:30.564+0000] {processor.py:753} INFO - DAG(s) dict_keys(['example_branch_operator']) retrieved from /home/airflow/.local/lib/python3.7/site-packages/airflow/example_dags/example_branch_operator.py
[2023-04-24T13:22:30.587+0000] {logging_mixin.py:137} INFO - [2023-04-24T13:22:30.587+0000] {dag.py:2690} INFO - Sync 1 DAGs
[2023-04-24T13:22:30.613+0000] {logging_mixin.py:137} INFO - [2023-04-24T13:22:30.613+0000] {dag.py:3441} INFO - Setting next_dagrun for example_branch_operator to 2023-04-23T00:00:00+00:00, run_after=2023-04-24T00:00:00+00:00
[2023-04-24T13:22:30.632+0000] {processor.py:175} INFO - Processing /home/airflow/.local/lib/python3.7/site-packages/airflow/example_dags/example_branch_operator.py took 0.086 seconds
[2023-04-24T13:23:00.849+0000] {processor.py:153} INFO - Started process (PID=3098) to work on /home/airflow/.local/lib/python3.7/site-packages/airflow/example_dags/example_branch_operator.py
[2023-04-24T13:23:00.851+0000] {processor.py:743} INFO - Processing file /home/airflow/.local/lib/python3.7/site-packages/airflow/example_dags/example_branch_operator.py for tasks to queue
[2023-04-24T13:23:00.852+0000] {logging_mixin.py:137} INFO - [2023-04-24T13:23:00.852+0000] {dagbag.py:538} INFO - Filling up the DagBag from /home/airflow/.local/lib/python3.7/site-packages/airflow/example_dags/example_branch_operator.py
[2023-04-24T13:23:00.865+0000] {processor.py:753} INFO - DAG(s) dict_keys(['example_branch_operator']) retrieved from /home/airflow/.local/lib/python3.7/site-packages/airflow/example_dags/example_branch_operator.py
[2023-04-24T13:23:00.886+0000] {logging_mixin.py:137} INFO - [2023-04-24T13:23:00.886+0000] {dag.py:2690} INFO - Sync 1 DAGs
[2023-04-24T13:23:00.902+0000] {logging_mixin.py:137} INFO - [2023-04-24T13:23:00.902+0000] {dag.py:3441} INFO - Setting next_dagrun for example_branch_operator to 2023-04-23T00:00:00+00:00, run_after=2023-04-24T00:00:00+00:00
[2023-04-24T13:23:00.913+0000] {processor.py:175} INFO - Processing /home/airflow/.local/lib/python3.7/site-packages/airflow/example_dags/example_branch_operator.py took 0.067 seconds
[2023-04-24T13:23:31.372+0000] {processor.py:153} INFO - Started process (PID=3169) to work on /home/airflow/.local/lib/python3.7/site-packages/airflow/example_dags/example_branch_operator.py
[2023-04-24T13:23:31.373+0000] {processor.py:743} INFO - Processing file /home/airflow/.local/lib/python3.7/site-packages/airflow/example_dags/example_branch_operator.py for tasks to queue
[2023-04-24T13:23:31.374+0000] {logging_mixin.py:137} INFO - [2023-04-24T13:23:31.374+0000] {dagbag.py:538} INFO - Filling up the DagBag from /home/airflow/.local/lib/python3.7/site-packages/airflow/example_dags/example_branch_operator.py
[2023-04-24T13:23:31.387+0000] {processor.py:753} INFO - DAG(s) dict_keys(['example_branch_operator']) retrieved from /home/airflow/.local/lib/python3.7/site-packages/airflow/example_dags/example_branch_operator.py
[2023-04-24T13:23:31.411+0000] {logging_mixin.py:137} INFO - [2023-04-24T13:23:31.411+0000] {dag.py:2690} INFO - Sync 1 DAGs
[2023-04-24T13:23:31.436+0000] {logging_mixin.py:137} INFO - [2023-04-24T13:23:31.436+0000] {dag.py:3441} INFO - Setting next_dagrun for example_branch_operator to 2023-04-23T00:00:00+00:00, run_after=2023-04-24T00:00:00+00:00
[2023-04-24T13:23:31.447+0000] {processor.py:175} INFO - Processing /home/airflow/.local/lib/python3.7/site-packages/airflow/example_dags/example_branch_operator.py took 0.078 seconds
[2023-04-24T13:24:01.683+0000] {processor.py:153} INFO - Started process (PID=3247) to work on /home/airflow/.local/lib/python3.7/site-packages/airflow/example_dags/example_branch_operator.py
[2023-04-24T13:24:01.684+0000] {processor.py:743} INFO - Processing file /home/airflow/.local/lib/python3.7/site-packages/airflow/example_dags/example_branch_operator.py for tasks to queue
[2023-04-24T13:24:01.685+0000] {logging_mixin.py:137} INFO - [2023-04-24T13:24:01.685+0000] {dagbag.py:538} INFO - Filling up the DagBag from /home/airflow/.local/lib/python3.7/site-packages/airflow/example_dags/example_branch_operator.py
[2023-04-24T13:24:01.698+0000] {processor.py:753} INFO - DAG(s) dict_keys(['example_branch_operator']) retrieved from /home/airflow/.local/lib/python3.7/site-packages/airflow/example_dags/example_branch_operator.py
[2023-04-24T13:24:01.719+0000] {logging_mixin.py:137} INFO - [2023-04-24T13:24:01.719+0000] {dag.py:2690} INFO - Sync 1 DAGs
[2023-04-24T13:24:01.735+0000] {logging_mixin.py:137} INFO - [2023-04-24T13:24:01.735+0000] {dag.py:3441} INFO - Setting next_dagrun for example_branch_operator to 2023-04-23T00:00:00+00:00, run_after=2023-04-24T00:00:00+00:00
[2023-04-24T13:24:01.748+0000] {processor.py:175} INFO - Processing /home/airflow/.local/lib/python3.7/site-packages/airflow/example_dags/example_branch_operator.py took 0.069 seconds
[2023-04-24T13:24:32.079+0000] {processor.py:153} INFO - Started process (PID=3323) to work on /home/airflow/.local/lib/python3.7/site-packages/airflow/example_dags/example_branch_operator.py
[2023-04-24T13:24:32.080+0000] {processor.py:743} INFO - Processing file /home/airflow/.local/lib/python3.7/site-packages/airflow/example_dags/example_branch_operator.py for tasks to queue
[2023-04-24T13:24:32.081+0000] {logging_mixin.py:137} INFO - [2023-04-24T13:24:32.081+0000] {dagbag.py:538} INFO - Filling up the DagBag from /home/airflow/.local/lib/python3.7/site-packages/airflow/example_dags/example_branch_operator.py
[2023-04-24T13:24:32.092+0000] {processor.py:753} INFO - DAG(s) dict_keys(['example_branch_operator']) retrieved from /home/airflow/.local/lib/python3.7/site-packages/airflow/example_dags/example_branch_operator.py
[2023-04-24T13:24:32.116+0000] {logging_mixin.py:137} INFO - [2023-04-24T13:24:32.116+0000] {dag.py:2690} INFO - Sync 1 DAGs
[2023-04-24T13:24:32.135+0000] {logging_mixin.py:137} INFO - [2023-04-24T13:24:32.135+0000] {dag.py:3441} INFO - Setting next_dagrun for example_branch_operator to 2023-04-23T00:00:00+00:00, run_after=2023-04-24T00:00:00+00:00
[2023-04-24T13:24:32.152+0000] {processor.py:175} INFO - Processing /home/airflow/.local/lib/python3.7/site-packages/airflow/example_dags/example_branch_operator.py took 0.076 seconds
[2023-04-24T13:25:02.335+0000] {processor.py:153} INFO - Started process (PID=3387) to work on /home/airflow/.local/lib/python3.7/site-packages/airflow/example_dags/example_branch_operator.py
[2023-04-24T13:25:02.337+0000] {processor.py:743} INFO - Processing file /home/airflow/.local/lib/python3.7/site-packages/airflow/example_dags/example_branch_operator.py for tasks to queue
[2023-04-24T13:25:02.337+0000] {logging_mixin.py:137} INFO - [2023-04-24T13:25:02.337+0000] {dagbag.py:538} INFO - Filling up the DagBag from /home/airflow/.local/lib/python3.7/site-packages/airflow/example_dags/example_branch_operator.py
[2023-04-24T13:25:02.349+0000] {processor.py:753} INFO - DAG(s) dict_keys(['example_branch_operator']) retrieved from /home/airflow/.local/lib/python3.7/site-packages/airflow/example_dags/example_branch_operator.py
[2023-04-24T13:25:02.369+0000] {logging_mixin.py:137} INFO - [2023-04-24T13:25:02.369+0000] {dag.py:2690} INFO - Sync 1 DAGs
[2023-04-24T13:25:02.384+0000] {logging_mixin.py:137} INFO - [2023-04-24T13:25:02.384+0000] {dag.py:3441} INFO - Setting next_dagrun for example_branch_operator to 2023-04-23T00:00:00+00:00, run_after=2023-04-24T00:00:00+00:00
[2023-04-24T13:25:02.396+0000] {processor.py:175} INFO - Processing /home/airflow/.local/lib/python3.7/site-packages/airflow/example_dags/example_branch_operator.py took 0.063 seconds
[2023-04-24T13:25:32.497+0000] {processor.py:153} INFO - Started process (PID=3463) to work on /home/airflow/.local/lib/python3.7/site-packages/airflow/example_dags/example_branch_operator.py
[2023-04-24T13:25:32.498+0000] {processor.py:743} INFO - Processing file /home/airflow/.local/lib/python3.7/site-packages/airflow/example_dags/example_branch_operator.py for tasks to queue
[2023-04-24T13:25:32.499+0000] {logging_mixin.py:137} INFO - [2023-04-24T13:25:32.499+0000] {dagbag.py:538} INFO - Filling up the DagBag from /home/airflow/.local/lib/python3.7/site-packages/airflow/example_dags/example_branch_operator.py
[2023-04-24T13:25:32.511+0000] {processor.py:753} INFO - DAG(s) dict_keys(['example_branch_operator']) retrieved from /home/airflow/.local/lib/python3.7/site-packages/airflow/example_dags/example_branch_operator.py
[2023-04-24T13:25:32.532+0000] {logging_mixin.py:137} INFO - [2023-04-24T13:25:32.531+0000] {dag.py:2690} INFO - Sync 1 DAGs
[2023-04-24T13:25:32.548+0000] {logging_mixin.py:137} INFO - [2023-04-24T13:25:32.547+0000] {dag.py:3441} INFO - Setting next_dagrun for example_branch_operator to 2023-04-23T00:00:00+00:00, run_after=2023-04-24T00:00:00+00:00
[2023-04-24T13:25:32.562+0000] {processor.py:175} INFO - Processing /home/airflow/.local/lib/python3.7/site-packages/airflow/example_dags/example_branch_operator.py took 0.068 seconds
[2023-04-24T13:26:02.784+0000] {processor.py:153} INFO - Started process (PID=3539) to work on /home/airflow/.local/lib/python3.7/site-packages/airflow/example_dags/example_branch_operator.py
[2023-04-24T13:26:02.785+0000] {processor.py:743} INFO - Processing file /home/airflow/.local/lib/python3.7/site-packages/airflow/example_dags/example_branch_operator.py for tasks to queue
[2023-04-24T13:26:02.786+0000] {logging_mixin.py:137} INFO - [2023-04-24T13:26:02.786+0000] {dagbag.py:538} INFO - Filling up the DagBag from /home/airflow/.local/lib/python3.7/site-packages/airflow/example_dags/example_branch_operator.py
[2023-04-24T13:26:02.801+0000] {processor.py:753} INFO - DAG(s) dict_keys(['example_branch_operator']) retrieved from /home/airflow/.local/lib/python3.7/site-packages/airflow/example_dags/example_branch_operator.py
[2023-04-24T13:26:02.822+0000] {logging_mixin.py:137} INFO - [2023-04-24T13:26:02.822+0000] {dag.py:2690} INFO - Sync 1 DAGs
[2023-04-24T13:26:02.838+0000] {logging_mixin.py:137} INFO - [2023-04-24T13:26:02.838+0000] {dag.py:3441} INFO - Setting next_dagrun for example_branch_operator to 2023-04-23T00:00:00+00:00, run_after=2023-04-24T00:00:00+00:00
[2023-04-24T13:26:02.850+0000] {processor.py:175} INFO - Processing /home/airflow/.local/lib/python3.7/site-packages/airflow/example_dags/example_branch_operator.py took 0.069 seconds
[2023-04-24T13:26:33.153+0000] {processor.py:153} INFO - Started process (PID=3610) to work on /home/airflow/.local/lib/python3.7/site-packages/airflow/example_dags/example_branch_operator.py
[2023-04-24T13:26:33.155+0000] {processor.py:743} INFO - Processing file /home/airflow/.local/lib/python3.7/site-packages/airflow/example_dags/example_branch_operator.py for tasks to queue
[2023-04-24T13:26:33.156+0000] {logging_mixin.py:137} INFO - [2023-04-24T13:26:33.156+0000] {dagbag.py:538} INFO - Filling up the DagBag from /home/airflow/.local/lib/python3.7/site-packages/airflow/example_dags/example_branch_operator.py
[2023-04-24T13:26:33.169+0000] {processor.py:753} INFO - DAG(s) dict_keys(['example_branch_operator']) retrieved from /home/airflow/.local/lib/python3.7/site-packages/airflow/example_dags/example_branch_operator.py
[2023-04-24T13:26:33.194+0000] {logging_mixin.py:137} INFO - [2023-04-24T13:26:33.194+0000] {dag.py:2690} INFO - Sync 1 DAGs
[2023-04-24T13:26:33.221+0000] {logging_mixin.py:137} INFO - [2023-04-24T13:26:33.221+0000] {dag.py:3441} INFO - Setting next_dagrun for example_branch_operator to 2023-04-23T00:00:00+00:00, run_after=2023-04-24T00:00:00+00:00
[2023-04-24T13:26:33.245+0000] {processor.py:175} INFO - Processing /home/airflow/.local/lib/python3.7/site-packages/airflow/example_dags/example_branch_operator.py took 0.095 seconds
[2023-04-24T13:27:03.442+0000] {processor.py:153} INFO - Started process (PID=3680) to work on /home/airflow/.local/lib/python3.7/site-packages/airflow/example_dags/example_branch_operator.py
[2023-04-24T13:27:03.443+0000] {processor.py:743} INFO - Processing file /home/airflow/.local/lib/python3.7/site-packages/airflow/example_dags/example_branch_operator.py for tasks to queue
[2023-04-24T13:27:03.444+0000] {logging_mixin.py:137} INFO - [2023-04-24T13:27:03.444+0000] {dagbag.py:538} INFO - Filling up the DagBag from /home/airflow/.local/lib/python3.7/site-packages/airflow/example_dags/example_branch_operator.py
[2023-04-24T13:27:03.458+0000] {processor.py:753} INFO - DAG(s) dict_keys(['example_branch_operator']) retrieved from /home/airflow/.local/lib/python3.7/site-packages/airflow/example_dags/example_branch_operator.py
[2023-04-24T13:27:03.482+0000] {logging_mixin.py:137} INFO - [2023-04-24T13:27:03.482+0000] {dag.py:2690} INFO - Sync 1 DAGs
[2023-04-24T13:27:03.503+0000] {logging_mixin.py:137} INFO - [2023-04-24T13:27:03.502+0000] {dag.py:3441} INFO - Setting next_dagrun for example_branch_operator to 2023-04-23T00:00:00+00:00, run_after=2023-04-24T00:00:00+00:00
[2023-04-24T13:27:03.517+0000] {processor.py:175} INFO - Processing /home/airflow/.local/lib/python3.7/site-packages/airflow/example_dags/example_branch_operator.py took 0.079 seconds
[2023-04-24T13:27:33.853+0000] {processor.py:153} INFO - Started process (PID=3756) to work on /home/airflow/.local/lib/python3.7/site-packages/airflow/example_dags/example_branch_operator.py
[2023-04-24T13:27:33.854+0000] {processor.py:743} INFO - Processing file /home/airflow/.local/lib/python3.7/site-packages/airflow/example_dags/example_branch_operator.py for tasks to queue
[2023-04-24T13:27:33.855+0000] {logging_mixin.py:137} INFO - [2023-04-24T13:27:33.855+0000] {dagbag.py:538} INFO - Filling up the DagBag from /home/airflow/.local/lib/python3.7/site-packages/airflow/example_dags/example_branch_operator.py
[2023-04-24T13:27:33.866+0000] {processor.py:753} INFO - DAG(s) dict_keys(['example_branch_operator']) retrieved from /home/airflow/.local/lib/python3.7/site-packages/airflow/example_dags/example_branch_operator.py
[2023-04-24T13:27:33.886+0000] {logging_mixin.py:137} INFO - [2023-04-24T13:27:33.886+0000] {dag.py:2690} INFO - Sync 1 DAGs
[2023-04-24T13:27:33.901+0000] {logging_mixin.py:137} INFO - [2023-04-24T13:27:33.901+0000] {dag.py:3441} INFO - Setting next_dagrun for example_branch_operator to 2023-04-23T00:00:00+00:00, run_after=2023-04-24T00:00:00+00:00
[2023-04-24T13:27:33.911+0000] {processor.py:175} INFO - Processing /home/airflow/.local/lib/python3.7/site-packages/airflow/example_dags/example_branch_operator.py took 0.061 seconds
[2023-04-24T13:28:04.164+0000] {processor.py:153} INFO - Started process (PID=3829) to work on /home/airflow/.local/lib/python3.7/site-packages/airflow/example_dags/example_branch_operator.py
[2023-04-24T13:28:04.165+0000] {processor.py:743} INFO - Processing file /home/airflow/.local/lib/python3.7/site-packages/airflow/example_dags/example_branch_operator.py for tasks to queue
[2023-04-24T13:28:04.166+0000] {logging_mixin.py:137} INFO - [2023-04-24T13:28:04.166+0000] {dagbag.py:538} INFO - Filling up the DagBag from /home/airflow/.local/lib/python3.7/site-packages/airflow/example_dags/example_branch_operator.py
[2023-04-24T13:28:04.178+0000] {processor.py:753} INFO - DAG(s) dict_keys(['example_branch_operator']) retrieved from /home/airflow/.local/lib/python3.7/site-packages/airflow/example_dags/example_branch_operator.py
[2023-04-24T13:28:04.200+0000] {logging_mixin.py:137} INFO - [2023-04-24T13:28:04.200+0000] {dag.py:2690} INFO - Sync 1 DAGs
[2023-04-24T13:28:04.217+0000] {logging_mixin.py:137} INFO - [2023-04-24T13:28:04.216+0000] {dag.py:3441} INFO - Setting next_dagrun for example_branch_operator to 2023-04-23T00:00:00+00:00, run_after=2023-04-24T00:00:00+00:00
[2023-04-24T13:28:04.233+0000] {processor.py:175} INFO - Processing /home/airflow/.local/lib/python3.7/site-packages/airflow/example_dags/example_branch_operator.py took 0.071 seconds
[2023-04-24T13:28:34.378+0000] {processor.py:153} INFO - Started process (PID=3896) to work on /home/airflow/.local/lib/python3.7/site-packages/airflow/example_dags/example_branch_operator.py
[2023-04-24T13:28:34.379+0000] {processor.py:743} INFO - Processing file /home/airflow/.local/lib/python3.7/site-packages/airflow/example_dags/example_branch_operator.py for tasks to queue
[2023-04-24T13:28:34.380+0000] {logging_mixin.py:137} INFO - [2023-04-24T13:28:34.380+0000] {dagbag.py:538} INFO - Filling up the DagBag from /home/airflow/.local/lib/python3.7/site-packages/airflow/example_dags/example_branch_operator.py
[2023-04-24T13:28:34.393+0000] {processor.py:753} INFO - DAG(s) dict_keys(['example_branch_operator']) retrieved from /home/airflow/.local/lib/python3.7/site-packages/airflow/example_dags/example_branch_operator.py
[2023-04-24T13:28:34.414+0000] {logging_mixin.py:137} INFO - [2023-04-24T13:28:34.414+0000] {dag.py:2690} INFO - Sync 1 DAGs
[2023-04-24T13:28:34.430+0000] {logging_mixin.py:137} INFO - [2023-04-24T13:28:34.430+0000] {dag.py:3441} INFO - Setting next_dagrun for example_branch_operator to 2023-04-23T00:00:00+00:00, run_after=2023-04-24T00:00:00+00:00
[2023-04-24T13:28:34.441+0000] {processor.py:175} INFO - Processing /home/airflow/.local/lib/python3.7/site-packages/airflow/example_dags/example_branch_operator.py took 0.066 seconds
[2023-04-24T13:29:04.697+0000] {processor.py:153} INFO - Started process (PID=3972) to work on /home/airflow/.local/lib/python3.7/site-packages/airflow/example_dags/example_branch_operator.py
[2023-04-24T13:29:04.698+0000] {processor.py:743} INFO - Processing file /home/airflow/.local/lib/python3.7/site-packages/airflow/example_dags/example_branch_operator.py for tasks to queue
[2023-04-24T13:29:04.698+0000] {logging_mixin.py:137} INFO - [2023-04-24T13:29:04.698+0000] {dagbag.py:538} INFO - Filling up the DagBag from /home/airflow/.local/lib/python3.7/site-packages/airflow/example_dags/example_branch_operator.py
[2023-04-24T13:29:04.712+0000] {processor.py:753} INFO - DAG(s) dict_keys(['example_branch_operator']) retrieved from /home/airflow/.local/lib/python3.7/site-packages/airflow/example_dags/example_branch_operator.py
[2023-04-24T13:29:04.732+0000] {logging_mixin.py:137} INFO - [2023-04-24T13:29:04.732+0000] {dag.py:2690} INFO - Sync 1 DAGs
[2023-04-24T13:29:04.748+0000] {logging_mixin.py:137} INFO - [2023-04-24T13:29:04.748+0000] {dag.py:3441} INFO - Setting next_dagrun for example_branch_operator to 2023-04-23T00:00:00+00:00, run_after=2023-04-24T00:00:00+00:00
[2023-04-24T13:29:04.759+0000] {processor.py:175} INFO - Processing /home/airflow/.local/lib/python3.7/site-packages/airflow/example_dags/example_branch_operator.py took 0.065 seconds
[2023-04-24T13:29:35.081+0000] {processor.py:153} INFO - Started process (PID=4048) to work on /home/airflow/.local/lib/python3.7/site-packages/airflow/example_dags/example_branch_operator.py
[2023-04-24T13:29:35.082+0000] {processor.py:743} INFO - Processing file /home/airflow/.local/lib/python3.7/site-packages/airflow/example_dags/example_branch_operator.py for tasks to queue
[2023-04-24T13:29:35.083+0000] {logging_mixin.py:137} INFO - [2023-04-24T13:29:35.083+0000] {dagbag.py:538} INFO - Filling up the DagBag from /home/airflow/.local/lib/python3.7/site-packages/airflow/example_dags/example_branch_operator.py
[2023-04-24T13:29:35.100+0000] {processor.py:753} INFO - DAG(s) dict_keys(['example_branch_operator']) retrieved from /home/airflow/.local/lib/python3.7/site-packages/airflow/example_dags/example_branch_operator.py
[2023-04-24T13:29:35.129+0000] {logging_mixin.py:137} INFO - [2023-04-24T13:29:35.129+0000] {dag.py:2690} INFO - Sync 1 DAGs
[2023-04-24T13:29:35.148+0000] {logging_mixin.py:137} INFO - [2023-04-24T13:29:35.148+0000] {dag.py:3441} INFO - Setting next_dagrun for example_branch_operator to 2023-04-23T00:00:00+00:00, run_after=2023-04-24T00:00:00+00:00
[2023-04-24T13:29:35.164+0000] {processor.py:175} INFO - Processing /home/airflow/.local/lib/python3.7/site-packages/airflow/example_dags/example_branch_operator.py took 0.087 seconds
[2023-04-24T13:30:05.444+0000] {processor.py:153} INFO - Started process (PID=4112) to work on /home/airflow/.local/lib/python3.7/site-packages/airflow/example_dags/example_branch_operator.py
[2023-04-24T13:30:05.445+0000] {processor.py:743} INFO - Processing file /home/airflow/.local/lib/python3.7/site-packages/airflow/example_dags/example_branch_operator.py for tasks to queue
[2023-04-24T13:30:05.446+0000] {logging_mixin.py:137} INFO - [2023-04-24T13:30:05.446+0000] {dagbag.py:538} INFO - Filling up the DagBag from /home/airflow/.local/lib/python3.7/site-packages/airflow/example_dags/example_branch_operator.py
[2023-04-24T13:30:05.458+0000] {processor.py:753} INFO - DAG(s) dict_keys(['example_branch_operator']) retrieved from /home/airflow/.local/lib/python3.7/site-packages/airflow/example_dags/example_branch_operator.py
[2023-04-24T13:30:05.480+0000] {logging_mixin.py:137} INFO - [2023-04-24T13:30:05.480+0000] {dag.py:2690} INFO - Sync 1 DAGs
[2023-04-24T13:30:05.496+0000] {logging_mixin.py:137} INFO - [2023-04-24T13:30:05.496+0000] {dag.py:3441} INFO - Setting next_dagrun for example_branch_operator to 2023-04-23T00:00:00+00:00, run_after=2023-04-24T00:00:00+00:00
[2023-04-24T13:30:05.512+0000] {processor.py:175} INFO - Processing /home/airflow/.local/lib/python3.7/site-packages/airflow/example_dags/example_branch_operator.py took 0.071 seconds
[2023-04-24T13:30:35.831+0000] {processor.py:153} INFO - Started process (PID=4189) to work on /home/airflow/.local/lib/python3.7/site-packages/airflow/example_dags/example_branch_operator.py
[2023-04-24T13:30:35.832+0000] {processor.py:743} INFO - Processing file /home/airflow/.local/lib/python3.7/site-packages/airflow/example_dags/example_branch_operator.py for tasks to queue
[2023-04-24T13:30:35.833+0000] {logging_mixin.py:137} INFO - [2023-04-24T13:30:35.833+0000] {dagbag.py:538} INFO - Filling up the DagBag from /home/airflow/.local/lib/python3.7/site-packages/airflow/example_dags/example_branch_operator.py
[2023-04-24T13:30:35.845+0000] {processor.py:753} INFO - DAG(s) dict_keys(['example_branch_operator']) retrieved from /home/airflow/.local/lib/python3.7/site-packages/airflow/example_dags/example_branch_operator.py
[2023-04-24T13:30:35.866+0000] {logging_mixin.py:137} INFO - [2023-04-24T13:30:35.866+0000] {dag.py:2690} INFO - Sync 1 DAGs
[2023-04-24T13:30:35.883+0000] {logging_mixin.py:137} INFO - [2023-04-24T13:30:35.883+0000] {dag.py:3441} INFO - Setting next_dagrun for example_branch_operator to 2023-04-23T00:00:00+00:00, run_after=2023-04-24T00:00:00+00:00
[2023-04-24T13:30:35.894+0000] {processor.py:175} INFO - Processing /home/airflow/.local/lib/python3.7/site-packages/airflow/example_dags/example_branch_operator.py took 0.066 seconds
[2023-04-24T13:31:05.996+0000] {processor.py:153} INFO - Started process (PID=4265) to work on /home/airflow/.local/lib/python3.7/site-packages/airflow/example_dags/example_branch_operator.py
[2023-04-24T13:31:05.997+0000] {processor.py:743} INFO - Processing file /home/airflow/.local/lib/python3.7/site-packages/airflow/example_dags/example_branch_operator.py for tasks to queue
[2023-04-24T13:31:05.998+0000] {logging_mixin.py:137} INFO - [2023-04-24T13:31:05.998+0000] {dagbag.py:538} INFO - Filling up the DagBag from /home/airflow/.local/lib/python3.7/site-packages/airflow/example_dags/example_branch_operator.py
[2023-04-24T13:31:06.010+0000] {processor.py:753} INFO - DAG(s) dict_keys(['example_branch_operator']) retrieved from /home/airflow/.local/lib/python3.7/site-packages/airflow/example_dags/example_branch_operator.py
[2023-04-24T13:31:06.031+0000] {logging_mixin.py:137} INFO - [2023-04-24T13:31:06.031+0000] {dag.py:2690} INFO - Sync 1 DAGs
[2023-04-24T13:31:06.048+0000] {logging_mixin.py:137} INFO - [2023-04-24T13:31:06.048+0000] {dag.py:3441} INFO - Setting next_dagrun for example_branch_operator to 2023-04-23T00:00:00+00:00, run_after=2023-04-24T00:00:00+00:00
[2023-04-24T13:31:06.060+0000] {processor.py:175} INFO - Processing /home/airflow/.local/lib/python3.7/site-packages/airflow/example_dags/example_branch_operator.py took 0.066 seconds
[2023-04-24T13:31:36.325+0000] {processor.py:153} INFO - Started process (PID=4329) to work on /home/airflow/.local/lib/python3.7/site-packages/airflow/example_dags/example_branch_operator.py
[2023-04-24T13:31:36.326+0000] {processor.py:743} INFO - Processing file /home/airflow/.local/lib/python3.7/site-packages/airflow/example_dags/example_branch_operator.py for tasks to queue
[2023-04-24T13:31:36.327+0000] {logging_mixin.py:137} INFO - [2023-04-24T13:31:36.327+0000] {dagbag.py:538} INFO - Filling up the DagBag from /home/airflow/.local/lib/python3.7/site-packages/airflow/example_dags/example_branch_operator.py
[2023-04-24T13:31:36.339+0000] {processor.py:753} INFO - DAG(s) dict_keys(['example_branch_operator']) retrieved from /home/airflow/.local/lib/python3.7/site-packages/airflow/example_dags/example_branch_operator.py
[2023-04-24T13:31:36.360+0000] {logging_mixin.py:137} INFO - [2023-04-24T13:31:36.360+0000] {dag.py:2690} INFO - Sync 1 DAGs
[2023-04-24T13:31:36.376+0000] {logging_mixin.py:137} INFO - [2023-04-24T13:31:36.376+0000] {dag.py:3441} INFO - Setting next_dagrun for example_branch_operator to 2023-04-23T00:00:00+00:00, run_after=2023-04-24T00:00:00+00:00
[2023-04-24T13:31:36.392+0000] {processor.py:175} INFO - Processing /home/airflow/.local/lib/python3.7/site-packages/airflow/example_dags/example_branch_operator.py took 0.070 seconds
[2023-04-24T13:32:06.587+0000] {processor.py:153} INFO - Started process (PID=4405) to work on /home/airflow/.local/lib/python3.7/site-packages/airflow/example_dags/example_branch_operator.py
[2023-04-24T13:32:06.588+0000] {processor.py:743} INFO - Processing file /home/airflow/.local/lib/python3.7/site-packages/airflow/example_dags/example_branch_operator.py for tasks to queue
[2023-04-24T13:32:06.589+0000] {logging_mixin.py:137} INFO - [2023-04-24T13:32:06.589+0000] {dagbag.py:538} INFO - Filling up the DagBag from /home/airflow/.local/lib/python3.7/site-packages/airflow/example_dags/example_branch_operator.py
[2023-04-24T13:32:06.602+0000] {processor.py:753} INFO - DAG(s) dict_keys(['example_branch_operator']) retrieved from /home/airflow/.local/lib/python3.7/site-packages/airflow/example_dags/example_branch_operator.py
[2023-04-24T13:32:06.625+0000] {logging_mixin.py:137} INFO - [2023-04-24T13:32:06.625+0000] {dag.py:2690} INFO - Sync 1 DAGs
[2023-04-24T13:32:06.644+0000] {logging_mixin.py:137} INFO - [2023-04-24T13:32:06.644+0000] {dag.py:3441} INFO - Setting next_dagrun for example_branch_operator to 2023-04-23T00:00:00+00:00, run_after=2023-04-24T00:00:00+00:00
[2023-04-24T13:32:06.663+0000] {processor.py:175} INFO - Processing /home/airflow/.local/lib/python3.7/site-packages/airflow/example_dags/example_branch_operator.py took 0.080 seconds
[2023-04-24T13:32:36.856+0000] {processor.py:153} INFO - Started process (PID=4481) to work on /home/airflow/.local/lib/python3.7/site-packages/airflow/example_dags/example_branch_operator.py
[2023-04-24T13:32:36.858+0000] {processor.py:743} INFO - Processing file /home/airflow/.local/lib/python3.7/site-packages/airflow/example_dags/example_branch_operator.py for tasks to queue
[2023-04-24T13:32:36.858+0000] {logging_mixin.py:137} INFO - [2023-04-24T13:32:36.858+0000] {dagbag.py:538} INFO - Filling up the DagBag from /home/airflow/.local/lib/python3.7/site-packages/airflow/example_dags/example_branch_operator.py
[2023-04-24T13:32:36.871+0000] {processor.py:753} INFO - DAG(s) dict_keys(['example_branch_operator']) retrieved from /home/airflow/.local/lib/python3.7/site-packages/airflow/example_dags/example_branch_operator.py
[2023-04-24T13:32:36.892+0000] {logging_mixin.py:137} INFO - [2023-04-24T13:32:36.892+0000] {dag.py:2690} INFO - Sync 1 DAGs
[2023-04-24T13:32:36.908+0000] {logging_mixin.py:137} INFO - [2023-04-24T13:32:36.908+0000] {dag.py:3441} INFO - Setting next_dagrun for example_branch_operator to 2023-04-23T00:00:00+00:00, run_after=2023-04-24T00:00:00+00:00
[2023-04-24T13:32:36.919+0000] {processor.py:175} INFO - Processing /home/airflow/.local/lib/python3.7/site-packages/airflow/example_dags/example_branch_operator.py took 0.065 seconds
[2023-04-24T13:33:07.215+0000] {processor.py:153} INFO - Started process (PID=4545) to work on /home/airflow/.local/lib/python3.7/site-packages/airflow/example_dags/example_branch_operator.py
[2023-04-24T13:33:07.217+0000] {processor.py:743} INFO - Processing file /home/airflow/.local/lib/python3.7/site-packages/airflow/example_dags/example_branch_operator.py for tasks to queue
[2023-04-24T13:33:07.217+0000] {logging_mixin.py:137} INFO - [2023-04-24T13:33:07.217+0000] {dagbag.py:538} INFO - Filling up the DagBag from /home/airflow/.local/lib/python3.7/site-packages/airflow/example_dags/example_branch_operator.py
[2023-04-24T13:33:07.229+0000] {processor.py:753} INFO - DAG(s) dict_keys(['example_branch_operator']) retrieved from /home/airflow/.local/lib/python3.7/site-packages/airflow/example_dags/example_branch_operator.py
[2023-04-24T13:33:07.249+0000] {logging_mixin.py:137} INFO - [2023-04-24T13:33:07.249+0000] {dag.py:2690} INFO - Sync 1 DAGs
[2023-04-24T13:33:07.266+0000] {logging_mixin.py:137} INFO - [2023-04-24T13:33:07.266+0000] {dag.py:3441} INFO - Setting next_dagrun for example_branch_operator to 2023-04-23T00:00:00+00:00, run_after=2023-04-24T00:00:00+00:00
[2023-04-24T13:33:07.277+0000] {processor.py:175} INFO - Processing /home/airflow/.local/lib/python3.7/site-packages/airflow/example_dags/example_branch_operator.py took 0.064 seconds
[2023-04-24T13:33:50.161+0000] {processor.py:153} INFO - Started process (PID=4593) to work on /home/airflow/.local/lib/python3.7/site-packages/airflow/example_dags/example_branch_operator.py
[2023-04-24T13:33:50.162+0000] {processor.py:743} INFO - Processing file /home/airflow/.local/lib/python3.7/site-packages/airflow/example_dags/example_branch_operator.py for tasks to queue
[2023-04-24T13:33:50.163+0000] {logging_mixin.py:137} INFO - [2023-04-24T13:33:50.163+0000] {dagbag.py:538} INFO - Filling up the DagBag from /home/airflow/.local/lib/python3.7/site-packages/airflow/example_dags/example_branch_operator.py
[2023-04-24T13:33:50.176+0000] {processor.py:753} INFO - DAG(s) dict_keys(['example_branch_operator']) retrieved from /home/airflow/.local/lib/python3.7/site-packages/airflow/example_dags/example_branch_operator.py
[2023-04-24T13:33:50.197+0000] {logging_mixin.py:137} INFO - [2023-04-24T13:33:50.197+0000] {dag.py:2690} INFO - Sync 1 DAGs
[2023-04-24T13:33:50.214+0000] {logging_mixin.py:137} INFO - [2023-04-24T13:33:50.214+0000] {dag.py:3441} INFO - Setting next_dagrun for example_branch_operator to 2023-04-23T00:00:00+00:00, run_after=2023-04-24T00:00:00+00:00
[2023-04-24T13:33:50.226+0000] {processor.py:175} INFO - Processing /home/airflow/.local/lib/python3.7/site-packages/airflow/example_dags/example_branch_operator.py took 0.068 seconds
[2023-04-24T13:34:20.506+0000] {processor.py:153} INFO - Started process (PID=4669) to work on /home/airflow/.local/lib/python3.7/site-packages/airflow/example_dags/example_branch_operator.py
[2023-04-24T13:34:20.507+0000] {processor.py:743} INFO - Processing file /home/airflow/.local/lib/python3.7/site-packages/airflow/example_dags/example_branch_operator.py for tasks to queue
[2023-04-24T13:34:20.508+0000] {logging_mixin.py:137} INFO - [2023-04-24T13:34:20.508+0000] {dagbag.py:538} INFO - Filling up the DagBag from /home/airflow/.local/lib/python3.7/site-packages/airflow/example_dags/example_branch_operator.py
[2023-04-24T13:34:20.520+0000] {processor.py:753} INFO - DAG(s) dict_keys(['example_branch_operator']) retrieved from /home/airflow/.local/lib/python3.7/site-packages/airflow/example_dags/example_branch_operator.py
[2023-04-24T13:34:20.541+0000] {logging_mixin.py:137} INFO - [2023-04-24T13:34:20.541+0000] {dag.py:2690} INFO - Sync 1 DAGs
[2023-04-24T13:34:20.560+0000] {logging_mixin.py:137} INFO - [2023-04-24T13:34:20.560+0000] {dag.py:3441} INFO - Setting next_dagrun for example_branch_operator to 2023-04-23T00:00:00+00:00, run_after=2023-04-24T00:00:00+00:00
[2023-04-24T13:34:20.571+0000] {processor.py:175} INFO - Processing /home/airflow/.local/lib/python3.7/site-packages/airflow/example_dags/example_branch_operator.py took 0.067 seconds
[2023-04-24T13:34:50.943+0000] {processor.py:153} INFO - Started process (PID=4745) to work on /home/airflow/.local/lib/python3.7/site-packages/airflow/example_dags/example_branch_operator.py
[2023-04-24T13:34:50.944+0000] {processor.py:743} INFO - Processing file /home/airflow/.local/lib/python3.7/site-packages/airflow/example_dags/example_branch_operator.py for tasks to queue
[2023-04-24T13:34:50.945+0000] {logging_mixin.py:137} INFO - [2023-04-24T13:34:50.945+0000] {dagbag.py:538} INFO - Filling up the DagBag from /home/airflow/.local/lib/python3.7/site-packages/airflow/example_dags/example_branch_operator.py
[2023-04-24T13:34:50.957+0000] {processor.py:753} INFO - DAG(s) dict_keys(['example_branch_operator']) retrieved from /home/airflow/.local/lib/python3.7/site-packages/airflow/example_dags/example_branch_operator.py
[2023-04-24T13:34:50.979+0000] {logging_mixin.py:137} INFO - [2023-04-24T13:34:50.979+0000] {dag.py:2690} INFO - Sync 1 DAGs
[2023-04-24T13:34:50.998+0000] {logging_mixin.py:137} INFO - [2023-04-24T13:34:50.998+0000] {dag.py:3441} INFO - Setting next_dagrun for example_branch_operator to 2023-04-23T00:00:00+00:00, run_after=2023-04-24T00:00:00+00:00
[2023-04-24T13:34:51.010+0000] {processor.py:175} INFO - Processing /home/airflow/.local/lib/python3.7/site-packages/airflow/example_dags/example_branch_operator.py took 0.070 seconds
[2023-04-24T13:35:21.140+0000] {processor.py:153} INFO - Started process (PID=4809) to work on /home/airflow/.local/lib/python3.7/site-packages/airflow/example_dags/example_branch_operator.py
[2023-04-24T13:35:21.141+0000] {processor.py:743} INFO - Processing file /home/airflow/.local/lib/python3.7/site-packages/airflow/example_dags/example_branch_operator.py for tasks to queue
[2023-04-24T13:35:21.142+0000] {logging_mixin.py:137} INFO - [2023-04-24T13:35:21.142+0000] {dagbag.py:538} INFO - Filling up the DagBag from /home/airflow/.local/lib/python3.7/site-packages/airflow/example_dags/example_branch_operator.py
[2023-04-24T13:35:21.154+0000] {processor.py:753} INFO - DAG(s) dict_keys(['example_branch_operator']) retrieved from /home/airflow/.local/lib/python3.7/site-packages/airflow/example_dags/example_branch_operator.py
[2023-04-24T13:35:21.175+0000] {logging_mixin.py:137} INFO - [2023-04-24T13:35:21.175+0000] {dag.py:2690} INFO - Sync 1 DAGs
[2023-04-24T13:35:21.192+0000] {logging_mixin.py:137} INFO - [2023-04-24T13:35:21.192+0000] {dag.py:3441} INFO - Setting next_dagrun for example_branch_operator to 2023-04-23T00:00:00+00:00, run_after=2023-04-24T00:00:00+00:00
[2023-04-24T13:35:21.204+0000] {processor.py:175} INFO - Processing /home/airflow/.local/lib/python3.7/site-packages/airflow/example_dags/example_branch_operator.py took 0.067 seconds
[2023-04-24T13:52:36.774+0000] {processor.py:153} INFO - Started process (PID=4885) to work on /home/airflow/.local/lib/python3.7/site-packages/airflow/example_dags/example_branch_operator.py
[2023-04-24T13:52:36.777+0000] {processor.py:743} INFO - Processing file /home/airflow/.local/lib/python3.7/site-packages/airflow/example_dags/example_branch_operator.py for tasks to queue
[2023-04-24T13:52:36.779+0000] {logging_mixin.py:137} INFO - [2023-04-24T13:52:36.778+0000] {dagbag.py:538} INFO - Filling up the DagBag from /home/airflow/.local/lib/python3.7/site-packages/airflow/example_dags/example_branch_operator.py
[2023-04-24T13:52:36.793+0000] {processor.py:753} INFO - DAG(s) dict_keys(['example_branch_operator']) retrieved from /home/airflow/.local/lib/python3.7/site-packages/airflow/example_dags/example_branch_operator.py
[2023-04-24T13:52:36.818+0000] {logging_mixin.py:137} INFO - [2023-04-24T13:52:36.818+0000] {dag.py:2690} INFO - Sync 1 DAGs
[2023-04-24T13:52:36.841+0000] {logging_mixin.py:137} INFO - [2023-04-24T13:52:36.841+0000] {dag.py:3441} INFO - Setting next_dagrun for example_branch_operator to 2023-04-23T00:00:00+00:00, run_after=2023-04-24T00:00:00+00:00
[2023-04-24T13:52:36.874+0000] {processor.py:175} INFO - Processing /home/airflow/.local/lib/python3.7/site-packages/airflow/example_dags/example_branch_operator.py took 0.104 seconds
[2023-04-24T14:31:30.524+0000] {processor.py:153} INFO - Started process (PID=4960) to work on /home/airflow/.local/lib/python3.7/site-packages/airflow/example_dags/example_branch_operator.py
[2023-04-24T14:31:30.525+0000] {processor.py:743} INFO - Processing file /home/airflow/.local/lib/python3.7/site-packages/airflow/example_dags/example_branch_operator.py for tasks to queue
[2023-04-24T14:31:30.526+0000] {logging_mixin.py:137} INFO - [2023-04-24T14:31:30.526+0000] {dagbag.py:538} INFO - Filling up the DagBag from /home/airflow/.local/lib/python3.7/site-packages/airflow/example_dags/example_branch_operator.py
[2023-04-24T14:31:30.538+0000] {processor.py:753} INFO - DAG(s) dict_keys(['example_branch_operator']) retrieved from /home/airflow/.local/lib/python3.7/site-packages/airflow/example_dags/example_branch_operator.py
[2023-04-24T14:31:30.559+0000] {logging_mixin.py:137} INFO - [2023-04-24T14:31:30.559+0000] {dag.py:2690} INFO - Sync 1 DAGs
[2023-04-24T14:31:30.577+0000] {logging_mixin.py:137} INFO - [2023-04-24T14:31:30.577+0000] {dag.py:3441} INFO - Setting next_dagrun for example_branch_operator to 2023-04-23T00:00:00+00:00, run_after=2023-04-24T00:00:00+00:00
[2023-04-24T14:31:30.588+0000] {processor.py:175} INFO - Processing /home/airflow/.local/lib/python3.7/site-packages/airflow/example_dags/example_branch_operator.py took 0.067 seconds
[2023-04-24T15:16:29.633+0000] {processor.py:153} INFO - Started process (PID=5024) to work on /home/airflow/.local/lib/python3.7/site-packages/airflow/example_dags/example_branch_operator.py
[2023-04-24T15:16:29.634+0000] {processor.py:743} INFO - Processing file /home/airflow/.local/lib/python3.7/site-packages/airflow/example_dags/example_branch_operator.py for tasks to queue
[2023-04-24T15:16:29.635+0000] {logging_mixin.py:137} INFO - [2023-04-24T15:16:29.635+0000] {dagbag.py:538} INFO - Filling up the DagBag from /home/airflow/.local/lib/python3.7/site-packages/airflow/example_dags/example_branch_operator.py
[2023-04-24T15:16:29.647+0000] {processor.py:753} INFO - DAG(s) dict_keys(['example_branch_operator']) retrieved from /home/airflow/.local/lib/python3.7/site-packages/airflow/example_dags/example_branch_operator.py
[2023-04-24T15:16:29.670+0000] {logging_mixin.py:137} INFO - [2023-04-24T15:16:29.670+0000] {dag.py:2690} INFO - Sync 1 DAGs
[2023-04-24T15:16:29.686+0000] {logging_mixin.py:137} INFO - [2023-04-24T15:16:29.686+0000] {dag.py:3441} INFO - Setting next_dagrun for example_branch_operator to 2023-04-23T00:00:00+00:00, run_after=2023-04-24T00:00:00+00:00
[2023-04-24T15:16:29.698+0000] {processor.py:175} INFO - Processing /home/airflow/.local/lib/python3.7/site-packages/airflow/example_dags/example_branch_operator.py took 0.069 seconds
[2023-04-24T16:21:51.314+0000] {processor.py:153} INFO - Started process (PID=5101) to work on /home/airflow/.local/lib/python3.7/site-packages/airflow/example_dags/example_branch_operator.py
[2023-04-24T16:21:51.316+0000] {processor.py:743} INFO - Processing file /home/airflow/.local/lib/python3.7/site-packages/airflow/example_dags/example_branch_operator.py for tasks to queue
[2023-04-24T16:21:51.316+0000] {logging_mixin.py:137} INFO - [2023-04-24T16:21:51.316+0000] {dagbag.py:538} INFO - Filling up the DagBag from /home/airflow/.local/lib/python3.7/site-packages/airflow/example_dags/example_branch_operator.py
[2023-04-24T16:21:51.328+0000] {processor.py:753} INFO - DAG(s) dict_keys(['example_branch_operator']) retrieved from /home/airflow/.local/lib/python3.7/site-packages/airflow/example_dags/example_branch_operator.py
[2023-04-24T16:21:51.350+0000] {logging_mixin.py:137} INFO - [2023-04-24T16:21:51.350+0000] {dag.py:2690} INFO - Sync 1 DAGs
[2023-04-24T16:21:51.368+0000] {logging_mixin.py:137} INFO - [2023-04-24T16:21:51.368+0000] {dag.py:3441} INFO - Setting next_dagrun for example_branch_operator to 2023-04-23T00:00:00+00:00, run_after=2023-04-24T00:00:00+00:00
[2023-04-24T16:21:51.379+0000] {processor.py:175} INFO - Processing /home/airflow/.local/lib/python3.7/site-packages/airflow/example_dags/example_branch_operator.py took 0.068 seconds
[2023-04-24T17:38:25.662+0000] {processor.py:153} INFO - Started process (PID=5173) to work on /home/airflow/.local/lib/python3.7/site-packages/airflow/example_dags/example_branch_operator.py
[2023-04-24T17:38:25.663+0000] {processor.py:743} INFO - Processing file /home/airflow/.local/lib/python3.7/site-packages/airflow/example_dags/example_branch_operator.py for tasks to queue
[2023-04-24T17:38:25.664+0000] {logging_mixin.py:137} INFO - [2023-04-24T17:38:25.664+0000] {dagbag.py:538} INFO - Filling up the DagBag from /home/airflow/.local/lib/python3.7/site-packages/airflow/example_dags/example_branch_operator.py
[2023-04-24T17:38:25.676+0000] {processor.py:753} INFO - DAG(s) dict_keys(['example_branch_operator']) retrieved from /home/airflow/.local/lib/python3.7/site-packages/airflow/example_dags/example_branch_operator.py
[2023-04-24T17:38:25.698+0000] {logging_mixin.py:137} INFO - [2023-04-24T17:38:25.698+0000] {dag.py:2690} INFO - Sync 1 DAGs
[2023-04-24T17:38:25.717+0000] {logging_mixin.py:137} INFO - [2023-04-24T17:38:25.717+0000] {dag.py:3441} INFO - Setting next_dagrun for example_branch_operator to 2023-04-23T00:00:00+00:00, run_after=2023-04-24T00:00:00+00:00
[2023-04-24T17:38:25.731+0000] {processor.py:175} INFO - Processing /home/airflow/.local/lib/python3.7/site-packages/airflow/example_dags/example_branch_operator.py took 0.073 seconds
[2023-04-24T18:45:22.330+0000] {processor.py:153} INFO - Started process (PID=5240) to work on /home/airflow/.local/lib/python3.7/site-packages/airflow/example_dags/example_branch_operator.py
[2023-04-24T18:45:22.331+0000] {processor.py:743} INFO - Processing file /home/airflow/.local/lib/python3.7/site-packages/airflow/example_dags/example_branch_operator.py for tasks to queue
[2023-04-24T18:45:22.332+0000] {logging_mixin.py:137} INFO - [2023-04-24T18:45:22.332+0000] {dagbag.py:538} INFO - Filling up the DagBag from /home/airflow/.local/lib/python3.7/site-packages/airflow/example_dags/example_branch_operator.py
[2023-04-24T18:45:22.344+0000] {processor.py:753} INFO - DAG(s) dict_keys(['example_branch_operator']) retrieved from /home/airflow/.local/lib/python3.7/site-packages/airflow/example_dags/example_branch_operator.py
[2023-04-24T18:45:22.366+0000] {logging_mixin.py:137} INFO - [2023-04-24T18:45:22.365+0000] {dag.py:2690} INFO - Sync 1 DAGs
[2023-04-24T18:45:22.383+0000] {logging_mixin.py:137} INFO - [2023-04-24T18:45:22.383+0000] {dag.py:3441} INFO - Setting next_dagrun for example_branch_operator to 2023-04-23T00:00:00+00:00, run_after=2023-04-24T00:00:00+00:00
[2023-04-24T18:45:22.394+0000] {processor.py:175} INFO - Processing /home/airflow/.local/lib/python3.7/site-packages/airflow/example_dags/example_branch_operator.py took 0.067 seconds
[2023-04-24T19:49:27.259+0000] {processor.py:153} INFO - Started process (PID=5316) to work on /home/airflow/.local/lib/python3.7/site-packages/airflow/example_dags/example_branch_operator.py
[2023-04-24T19:49:27.260+0000] {processor.py:743} INFO - Processing file /home/airflow/.local/lib/python3.7/site-packages/airflow/example_dags/example_branch_operator.py for tasks to queue
[2023-04-24T19:49:27.261+0000] {logging_mixin.py:137} INFO - [2023-04-24T19:49:27.261+0000] {dagbag.py:538} INFO - Filling up the DagBag from /home/airflow/.local/lib/python3.7/site-packages/airflow/example_dags/example_branch_operator.py
[2023-04-24T19:49:27.272+0000] {processor.py:753} INFO - DAG(s) dict_keys(['example_branch_operator']) retrieved from /home/airflow/.local/lib/python3.7/site-packages/airflow/example_dags/example_branch_operator.py
[2023-04-24T19:49:27.294+0000] {logging_mixin.py:137} INFO - [2023-04-24T19:49:27.294+0000] {dag.py:2690} INFO - Sync 1 DAGs
[2023-04-24T19:49:27.312+0000] {logging_mixin.py:137} INFO - [2023-04-24T19:49:27.312+0000] {dag.py:3441} INFO - Setting next_dagrun for example_branch_operator to 2023-04-23T00:00:00+00:00, run_after=2023-04-24T00:00:00+00:00
[2023-04-24T19:49:27.324+0000] {processor.py:175} INFO - Processing /home/airflow/.local/lib/python3.7/site-packages/airflow/example_dags/example_branch_operator.py took 0.068 seconds
[2023-04-24T20:25:35.547+0000] {processor.py:153} INFO - Started process (PID=5392) to work on /home/airflow/.local/lib/python3.7/site-packages/airflow/example_dags/example_branch_operator.py
[2023-04-24T20:25:35.548+0000] {processor.py:743} INFO - Processing file /home/airflow/.local/lib/python3.7/site-packages/airflow/example_dags/example_branch_operator.py for tasks to queue
[2023-04-24T20:25:35.549+0000] {logging_mixin.py:137} INFO - [2023-04-24T20:25:35.549+0000] {dagbag.py:538} INFO - Filling up the DagBag from /home/airflow/.local/lib/python3.7/site-packages/airflow/example_dags/example_branch_operator.py
[2023-04-24T20:25:35.564+0000] {processor.py:753} INFO - DAG(s) dict_keys(['example_branch_operator']) retrieved from /home/airflow/.local/lib/python3.7/site-packages/airflow/example_dags/example_branch_operator.py
[2023-04-24T20:25:35.588+0000] {logging_mixin.py:137} INFO - [2023-04-24T20:25:35.587+0000] {dag.py:2690} INFO - Sync 1 DAGs
[2023-04-24T20:25:35.605+0000] {logging_mixin.py:137} INFO - [2023-04-24T20:25:35.605+0000] {dag.py:3441} INFO - Setting next_dagrun for example_branch_operator to 2023-04-23T00:00:00+00:00, run_after=2023-04-24T00:00:00+00:00
[2023-04-24T20:25:35.617+0000] {processor.py:175} INFO - Processing /home/airflow/.local/lib/python3.7/site-packages/airflow/example_dags/example_branch_operator.py took 0.073 seconds
[2023-04-24T21:31:04.674+0000] {processor.py:153} INFO - Started process (PID=5456) to work on /home/airflow/.local/lib/python3.7/site-packages/airflow/example_dags/example_branch_operator.py
[2023-04-24T21:31:04.676+0000] {processor.py:743} INFO - Processing file /home/airflow/.local/lib/python3.7/site-packages/airflow/example_dags/example_branch_operator.py for tasks to queue
[2023-04-24T21:31:04.677+0000] {logging_mixin.py:137} INFO - [2023-04-24T21:31:04.677+0000] {dagbag.py:538} INFO - Filling up the DagBag from /home/airflow/.local/lib/python3.7/site-packages/airflow/example_dags/example_branch_operator.py
[2023-04-24T21:31:04.694+0000] {processor.py:753} INFO - DAG(s) dict_keys(['example_branch_operator']) retrieved from /home/airflow/.local/lib/python3.7/site-packages/airflow/example_dags/example_branch_operator.py
[2023-04-24T21:31:04.723+0000] {logging_mixin.py:137} INFO - [2023-04-24T21:31:04.723+0000] {dag.py:2690} INFO - Sync 1 DAGs
[2023-04-24T21:31:04.743+0000] {logging_mixin.py:137} INFO - [2023-04-24T21:31:04.743+0000] {dag.py:3441} INFO - Setting next_dagrun for example_branch_operator to 2023-04-23T00:00:00+00:00, run_after=2023-04-24T00:00:00+00:00
[2023-04-24T21:31:04.755+0000] {processor.py:175} INFO - Processing /home/airflow/.local/lib/python3.7/site-packages/airflow/example_dags/example_branch_operator.py took 0.086 seconds
[2023-04-24T22:36:52.971+0000] {processor.py:153} INFO - Started process (PID=5533) to work on /home/airflow/.local/lib/python3.7/site-packages/airflow/example_dags/example_branch_operator.py
[2023-04-24T22:36:52.973+0000] {processor.py:743} INFO - Processing file /home/airflow/.local/lib/python3.7/site-packages/airflow/example_dags/example_branch_operator.py for tasks to queue
[2023-04-24T22:36:52.974+0000] {logging_mixin.py:137} INFO - [2023-04-24T22:36:52.974+0000] {dagbag.py:538} INFO - Filling up the DagBag from /home/airflow/.local/lib/python3.7/site-packages/airflow/example_dags/example_branch_operator.py
[2023-04-24T22:36:52.986+0000] {processor.py:753} INFO - DAG(s) dict_keys(['example_branch_operator']) retrieved from /home/airflow/.local/lib/python3.7/site-packages/airflow/example_dags/example_branch_operator.py
[2023-04-24T22:36:53.018+0000] {logging_mixin.py:137} INFO - [2023-04-24T22:36:53.018+0000] {dag.py:2690} INFO - Sync 1 DAGs
[2023-04-24T22:36:53.043+0000] {logging_mixin.py:137} INFO - [2023-04-24T22:36:53.043+0000] {dag.py:3441} INFO - Setting next_dagrun for example_branch_operator to 2023-04-23T00:00:00+00:00, run_after=2023-04-24T00:00:00+00:00
[2023-04-24T22:36:53.056+0000] {processor.py:175} INFO - Processing /home/airflow/.local/lib/python3.7/site-packages/airflow/example_dags/example_branch_operator.py took 0.087 seconds
