[2023-04-24T12:36:39.735+0000] {processor.py:153} INFO - Started process (PID=212) to work on /home/airflow/.local/lib/python3.7/site-packages/airflow/example_dags/example_branch_python_dop_operator_3.py
[2023-04-24T12:36:39.779+0000] {processor.py:743} INFO - Processing file /home/airflow/.local/lib/python3.7/site-packages/airflow/example_dags/example_branch_python_dop_operator_3.py for tasks to queue
[2023-04-24T12:36:39.821+0000] {logging_mixin.py:137} INFO - [2023-04-24T12:36:39.800+0000] {dagbag.py:538} INFO - Filling up the DagBag from /home/airflow/.local/lib/python3.7/site-packages/airflow/example_dags/example_branch_python_dop_operator_3.py
[2023-04-24T12:36:41.456+0000] {processor.py:753} INFO - DAG(s) dict_keys(['example_branch_dop_operator_v3']) retrieved from /home/airflow/.local/lib/python3.7/site-packages/airflow/example_dags/example_branch_python_dop_operator_3.py
[2023-04-24T12:36:44.356+0000] {logging_mixin.py:137} INFO - [2023-04-24T12:36:44.354+0000] {dag.py:2690} INFO - Sync 1 DAGs
[2023-04-24T12:36:45.489+0000] {logging_mixin.py:137} INFO - [2023-04-24T12:36:45.478+0000] {dag.py:2711} INFO - Creating ORM DAG for example_branch_dop_operator_v3
[2023-04-24T12:36:49.257+0000] {logging_mixin.py:137} INFO - [2023-04-24T12:36:49.231+0000] {dag.py:3441} INFO - Setting next_dagrun for example_branch_dop_operator_v3 to 2023-04-24T12:35:00+00:00, run_after=2023-04-24T12:36:00+00:00
[2023-04-24T12:36:52.668+0000] {processor.py:175} INFO - Processing /home/airflow/.local/lib/python3.7/site-packages/airflow/example_dags/example_branch_python_dop_operator_3.py took 12.947 seconds
[2023-04-24T12:40:16.440+0000] {processor.py:153} INFO - Started process (PID=340) to work on /home/airflow/.local/lib/python3.7/site-packages/airflow/example_dags/example_branch_python_dop_operator_3.py
[2023-04-24T12:40:16.468+0000] {processor.py:743} INFO - Processing file /home/airflow/.local/lib/python3.7/site-packages/airflow/example_dags/example_branch_python_dop_operator_3.py for tasks to queue
[2023-04-24T12:40:16.480+0000] {logging_mixin.py:137} INFO - [2023-04-24T12:40:16.480+0000] {dagbag.py:538} INFO - Filling up the DagBag from /home/airflow/.local/lib/python3.7/site-packages/airflow/example_dags/example_branch_python_dop_operator_3.py
[2023-04-24T12:40:16.900+0000] {processor.py:753} INFO - DAG(s) dict_keys(['example_branch_dop_operator_v3']) retrieved from /home/airflow/.local/lib/python3.7/site-packages/airflow/example_dags/example_branch_python_dop_operator_3.py
[2023-04-24T12:40:17.261+0000] {logging_mixin.py:137} INFO - [2023-04-24T12:40:17.261+0000] {dag.py:2690} INFO - Sync 1 DAGs
[2023-04-24T12:40:17.481+0000] {logging_mixin.py:137} INFO - [2023-04-24T12:40:17.481+0000] {dag.py:3441} INFO - Setting next_dagrun for example_branch_dop_operator_v3 to 2023-04-24T12:39:00+00:00, run_after=2023-04-24T12:40:00+00:00
[2023-04-24T12:40:17.709+0000] {processor.py:175} INFO - Processing /home/airflow/.local/lib/python3.7/site-packages/airflow/example_dags/example_branch_python_dop_operator_3.py took 1.382 seconds
[2023-04-24T12:41:31.364+0000] {processor.py:153} INFO - Started process (PID=409) to work on /home/airflow/.local/lib/python3.7/site-packages/airflow/example_dags/example_branch_python_dop_operator_3.py
[2023-04-24T12:41:31.393+0000] {processor.py:743} INFO - Processing file /home/airflow/.local/lib/python3.7/site-packages/airflow/example_dags/example_branch_python_dop_operator_3.py for tasks to queue
[2023-04-24T12:41:31.403+0000] {logging_mixin.py:137} INFO - [2023-04-24T12:41:31.403+0000] {dagbag.py:538} INFO - Filling up the DagBag from /home/airflow/.local/lib/python3.7/site-packages/airflow/example_dags/example_branch_python_dop_operator_3.py
[2023-04-24T12:41:31.711+0000] {processor.py:753} INFO - DAG(s) dict_keys(['example_branch_dop_operator_v3']) retrieved from /home/airflow/.local/lib/python3.7/site-packages/airflow/example_dags/example_branch_python_dop_operator_3.py
[2023-04-24T12:41:32.008+0000] {logging_mixin.py:137} INFO - [2023-04-24T12:41:32.008+0000] {dag.py:2690} INFO - Sync 1 DAGs
[2023-04-24T12:41:32.538+0000] {logging_mixin.py:137} INFO - [2023-04-24T12:41:32.538+0000] {dag.py:3441} INFO - Setting next_dagrun for example_branch_dop_operator_v3 to 2023-04-24T12:40:00+00:00, run_after=2023-04-24T12:41:00+00:00
[2023-04-24T12:41:32.808+0000] {processor.py:175} INFO - Processing /home/airflow/.local/lib/python3.7/site-packages/airflow/example_dags/example_branch_python_dop_operator_3.py took 1.518 seconds
[2023-04-24T12:42:24.837+0000] {processor.py:153} INFO - Started process (PID=478) to work on /home/airflow/.local/lib/python3.7/site-packages/airflow/example_dags/example_branch_python_dop_operator_3.py
[2023-04-24T12:42:24.844+0000] {processor.py:743} INFO - Processing file /home/airflow/.local/lib/python3.7/site-packages/airflow/example_dags/example_branch_python_dop_operator_3.py for tasks to queue
[2023-04-24T12:42:24.857+0000] {logging_mixin.py:137} INFO - [2023-04-24T12:42:24.857+0000] {dagbag.py:538} INFO - Filling up the DagBag from /home/airflow/.local/lib/python3.7/site-packages/airflow/example_dags/example_branch_python_dop_operator_3.py
[2023-04-24T12:42:30.394+0000] {processor.py:753} INFO - DAG(s) dict_keys(['example_branch_dop_operator_v3']) retrieved from /home/airflow/.local/lib/python3.7/site-packages/airflow/example_dags/example_branch_python_dop_operator_3.py
[2023-04-24T12:42:32.204+0000] {logging_mixin.py:137} INFO - [2023-04-24T12:42:32.204+0000] {dag.py:2690} INFO - Sync 1 DAGs
[2023-04-24T12:42:33.568+0000] {logging_mixin.py:137} INFO - [2023-04-24T12:42:33.528+0000] {dag.py:3441} INFO - Setting next_dagrun for example_branch_dop_operator_v3 to 2023-04-24T12:41:00+00:00, run_after=2023-04-24T12:42:00+00:00
[2023-04-24T12:42:33.735+0000] {processor.py:175} INFO - Processing /home/airflow/.local/lib/python3.7/site-packages/airflow/example_dags/example_branch_python_dop_operator_3.py took 9.166 seconds
[2023-04-24T12:45:24.953+0000] {processor.py:153} INFO - Started process (PID=575) to work on /home/airflow/.local/lib/python3.7/site-packages/airflow/example_dags/example_branch_python_dop_operator_3.py
[2023-04-24T12:45:24.977+0000] {processor.py:743} INFO - Processing file /home/airflow/.local/lib/python3.7/site-packages/airflow/example_dags/example_branch_python_dop_operator_3.py for tasks to queue
[2023-04-24T12:45:24.979+0000] {logging_mixin.py:137} INFO - [2023-04-24T12:45:24.979+0000] {dagbag.py:538} INFO - Filling up the DagBag from /home/airflow/.local/lib/python3.7/site-packages/airflow/example_dags/example_branch_python_dop_operator_3.py
[2023-04-24T12:45:44.389+0000] {processor.py:753} INFO - DAG(s) dict_keys(['example_branch_dop_operator_v3']) retrieved from /home/airflow/.local/lib/python3.7/site-packages/airflow/example_dags/example_branch_python_dop_operator_3.py
[2023-04-24T12:46:08.355+0000] {logging_mixin.py:137} INFO - [2023-04-24T12:46:08.267+0000] {dag.py:2690} INFO - Sync 1 DAGs
[2023-04-24T12:47:48.968+0000] {processor.py:153} INFO - Started process (PID=640) to work on /home/airflow/.local/lib/python3.7/site-packages/airflow/example_dags/example_branch_python_dop_operator_3.py
[2023-04-24T12:47:48.982+0000] {processor.py:743} INFO - Processing file /home/airflow/.local/lib/python3.7/site-packages/airflow/example_dags/example_branch_python_dop_operator_3.py for tasks to queue
[2023-04-24T12:47:48.984+0000] {logging_mixin.py:137} INFO - [2023-04-24T12:47:48.984+0000] {dagbag.py:538} INFO - Filling up the DagBag from /home/airflow/.local/lib/python3.7/site-packages/airflow/example_dags/example_branch_python_dop_operator_3.py
[2023-04-24T12:47:49.158+0000] {processor.py:753} INFO - DAG(s) dict_keys(['example_branch_dop_operator_v3']) retrieved from /home/airflow/.local/lib/python3.7/site-packages/airflow/example_dags/example_branch_python_dop_operator_3.py
[2023-04-24T12:47:50.105+0000] {logging_mixin.py:137} INFO - [2023-04-24T12:47:50.105+0000] {dag.py:2690} INFO - Sync 1 DAGs
[2023-04-24T12:47:50.480+0000] {logging_mixin.py:137} INFO - [2023-04-24T12:47:50.479+0000] {dag.py:3441} INFO - Setting next_dagrun for example_branch_dop_operator_v3 to 2023-04-24T12:46:00+00:00, run_after=2023-04-24T12:47:00+00:00
[2023-04-24T12:47:51.094+0000] {processor.py:175} INFO - Processing /home/airflow/.local/lib/python3.7/site-packages/airflow/example_dags/example_branch_python_dop_operator_3.py took 2.143 seconds
[2023-04-24T12:49:24.764+0000] {processor.py:153} INFO - Started process (PID=714) to work on /home/airflow/.local/lib/python3.7/site-packages/airflow/example_dags/example_branch_python_dop_operator_3.py
[2023-04-24T12:49:24.829+0000] {processor.py:743} INFO - Processing file /home/airflow/.local/lib/python3.7/site-packages/airflow/example_dags/example_branch_python_dop_operator_3.py for tasks to queue
[2023-04-24T12:49:24.839+0000] {logging_mixin.py:137} INFO - [2023-04-24T12:49:24.838+0000] {dagbag.py:538} INFO - Filling up the DagBag from /home/airflow/.local/lib/python3.7/site-packages/airflow/example_dags/example_branch_python_dop_operator_3.py
[2023-04-24T12:49:35.165+0000] {processor.py:753} INFO - DAG(s) dict_keys(['example_branch_dop_operator_v3']) retrieved from /home/airflow/.local/lib/python3.7/site-packages/airflow/example_dags/example_branch_python_dop_operator_3.py
[2023-04-24T12:49:41.590+0000] {logging_mixin.py:137} INFO - [2023-04-24T12:49:41.508+0000] {dag.py:2690} INFO - Sync 1 DAGs
[2023-04-24T12:49:45.413+0000] {logging_mixin.py:137} INFO - [2023-04-24T12:49:45.400+0000] {dag.py:3441} INFO - Setting next_dagrun for example_branch_dop_operator_v3 to 2023-04-24T12:48:00+00:00, run_after=2023-04-24T12:49:00+00:00
[2023-04-24T12:49:55.475+0000] {processor.py:175} INFO - Processing /home/airflow/.local/lib/python3.7/site-packages/airflow/example_dags/example_branch_python_dop_operator_3.py took 30.767 seconds
[2023-04-24T12:56:36.690+0000] {processor.py:153} INFO - Started process (PID=922) to work on /home/airflow/.local/lib/python3.7/site-packages/airflow/example_dags/example_branch_python_dop_operator_3.py
[2023-04-24T12:56:36.718+0000] {processor.py:743} INFO - Processing file /home/airflow/.local/lib/python3.7/site-packages/airflow/example_dags/example_branch_python_dop_operator_3.py for tasks to queue
[2023-04-24T12:56:36.721+0000] {logging_mixin.py:137} INFO - [2023-04-24T12:56:36.721+0000] {dagbag.py:538} INFO - Filling up the DagBag from /home/airflow/.local/lib/python3.7/site-packages/airflow/example_dags/example_branch_python_dop_operator_3.py
[2023-04-24T12:56:36.898+0000] {processor.py:753} INFO - DAG(s) dict_keys(['example_branch_dop_operator_v3']) retrieved from /home/airflow/.local/lib/python3.7/site-packages/airflow/example_dags/example_branch_python_dop_operator_3.py
[2023-04-24T12:56:37.107+0000] {logging_mixin.py:137} INFO - [2023-04-24T12:56:37.106+0000] {dag.py:2690} INFO - Sync 1 DAGs
[2023-04-24T12:56:37.354+0000] {logging_mixin.py:137} INFO - [2023-04-24T12:56:37.354+0000] {dag.py:3441} INFO - Setting next_dagrun for example_branch_dop_operator_v3 to 2023-04-24T12:55:00+00:00, run_after=2023-04-24T12:56:00+00:00
[2023-04-24T12:56:37.482+0000] {processor.py:175} INFO - Processing /home/airflow/.local/lib/python3.7/site-packages/airflow/example_dags/example_branch_python_dop_operator_3.py took 0.799 seconds
[2023-04-24T12:58:06.786+0000] {processor.py:153} INFO - Started process (PID=985) to work on /home/airflow/.local/lib/python3.7/site-packages/airflow/example_dags/example_branch_python_dop_operator_3.py
[2023-04-24T12:58:06.813+0000] {processor.py:743} INFO - Processing file /home/airflow/.local/lib/python3.7/site-packages/airflow/example_dags/example_branch_python_dop_operator_3.py for tasks to queue
[2023-04-24T12:58:06.820+0000] {logging_mixin.py:137} INFO - [2023-04-24T12:58:06.820+0000] {dagbag.py:538} INFO - Filling up the DagBag from /home/airflow/.local/lib/python3.7/site-packages/airflow/example_dags/example_branch_python_dop_operator_3.py
[2023-04-24T12:58:07.103+0000] {processor.py:753} INFO - DAG(s) dict_keys(['example_branch_dop_operator_v3']) retrieved from /home/airflow/.local/lib/python3.7/site-packages/airflow/example_dags/example_branch_python_dop_operator_3.py
[2023-04-24T12:58:07.278+0000] {logging_mixin.py:137} INFO - [2023-04-24T12:58:07.269+0000] {dag.py:2690} INFO - Sync 1 DAGs
[2023-04-24T12:58:07.453+0000] {logging_mixin.py:137} INFO - [2023-04-24T12:58:07.452+0000] {dag.py:3441} INFO - Setting next_dagrun for example_branch_dop_operator_v3 to 2023-04-24T12:57:00+00:00, run_after=2023-04-24T12:58:00+00:00
[2023-04-24T12:58:07.676+0000] {processor.py:175} INFO - Processing /home/airflow/.local/lib/python3.7/site-packages/airflow/example_dags/example_branch_python_dop_operator_3.py took 0.935 seconds
[2023-04-24T13:00:57.919+0000] {processor.py:153} INFO - Started process (PID=1089) to work on /home/airflow/.local/lib/python3.7/site-packages/airflow/example_dags/example_branch_python_dop_operator_3.py
[2023-04-24T13:00:59.676+0000] {processor.py:743} INFO - Processing file /home/airflow/.local/lib/python3.7/site-packages/airflow/example_dags/example_branch_python_dop_operator_3.py for tasks to queue
[2023-04-24T13:00:59.822+0000] {logging_mixin.py:137} INFO - [2023-04-24T13:00:59.777+0000] {dagbag.py:538} INFO - Filling up the DagBag from /home/airflow/.local/lib/python3.7/site-packages/airflow/example_dags/example_branch_python_dop_operator_3.py
[2023-04-24T13:01:11.928+0000] {processor.py:753} INFO - DAG(s) dict_keys(['example_branch_dop_operator_v3']) retrieved from /home/airflow/.local/lib/python3.7/site-packages/airflow/example_dags/example_branch_python_dop_operator_3.py
[2023-04-24T13:01:17.930+0000] {logging_mixin.py:137} INFO - [2023-04-24T13:01:17.929+0000] {dag.py:2690} INFO - Sync 1 DAGs
[2023-04-24T13:01:19.112+0000] {logging_mixin.py:137} INFO - [2023-04-24T13:01:19.112+0000] {dag.py:3441} INFO - Setting next_dagrun for example_branch_dop_operator_v3 to 2023-04-24T13:00:00+00:00, run_after=2023-04-24T13:01:00+00:00
[2023-04-24T13:01:31.186+0000] {processor.py:175} INFO - Processing /home/airflow/.local/lib/python3.7/site-packages/airflow/example_dags/example_branch_python_dop_operator_3.py took 35.236 seconds
[2023-04-24T13:04:29.182+0000] {processor.py:153} INFO - Started process (PID=1226) to work on /home/airflow/.local/lib/python3.7/site-packages/airflow/example_dags/example_branch_python_dop_operator_3.py
[2023-04-24T13:04:29.185+0000] {processor.py:743} INFO - Processing file /home/airflow/.local/lib/python3.7/site-packages/airflow/example_dags/example_branch_python_dop_operator_3.py for tasks to queue
[2023-04-24T13:04:29.186+0000] {logging_mixin.py:137} INFO - [2023-04-24T13:04:29.186+0000] {dagbag.py:538} INFO - Filling up the DagBag from /home/airflow/.local/lib/python3.7/site-packages/airflow/example_dags/example_branch_python_dop_operator_3.py
[2023-04-24T13:04:29.270+0000] {processor.py:753} INFO - DAG(s) dict_keys(['example_branch_dop_operator_v3']) retrieved from /home/airflow/.local/lib/python3.7/site-packages/airflow/example_dags/example_branch_python_dop_operator_3.py
[2023-04-24T13:04:29.347+0000] {logging_mixin.py:137} INFO - [2023-04-24T13:04:29.347+0000] {dag.py:2690} INFO - Sync 1 DAGs
[2023-04-24T13:04:29.515+0000] {logging_mixin.py:137} INFO - [2023-04-24T13:04:29.515+0000] {dag.py:3441} INFO - Setting next_dagrun for example_branch_dop_operator_v3 to 2023-04-24T13:03:00+00:00, run_after=2023-04-24T13:04:00+00:00
[2023-04-24T13:04:29.732+0000] {processor.py:175} INFO - Processing /home/airflow/.local/lib/python3.7/site-packages/airflow/example_dags/example_branch_python_dop_operator_3.py took 0.556 seconds
[2023-04-24T13:07:19.793+0000] {processor.py:153} INFO - Started process (PID=1329) to work on /home/airflow/.local/lib/python3.7/site-packages/airflow/example_dags/example_branch_python_dop_operator_3.py
[2023-04-24T13:07:19.899+0000] {processor.py:743} INFO - Processing file /home/airflow/.local/lib/python3.7/site-packages/airflow/example_dags/example_branch_python_dop_operator_3.py for tasks to queue
[2023-04-24T13:07:19.963+0000] {logging_mixin.py:137} INFO - [2023-04-24T13:07:19.963+0000] {dagbag.py:538} INFO - Filling up the DagBag from /home/airflow/.local/lib/python3.7/site-packages/airflow/example_dags/example_branch_python_dop_operator_3.py
[2023-04-24T13:07:35.378+0000] {processor.py:753} INFO - DAG(s) dict_keys(['example_branch_dop_operator_v3']) retrieved from /home/airflow/.local/lib/python3.7/site-packages/airflow/example_dags/example_branch_python_dop_operator_3.py
[2023-04-24T13:07:46.931+0000] {logging_mixin.py:137} INFO - [2023-04-24T13:07:46.834+0000] {dag.py:2690} INFO - Sync 1 DAGs
[2023-04-24T13:07:52.141+0000] {logging_mixin.py:137} INFO - [2023-04-24T13:07:52.096+0000] {dag.py:3441} INFO - Setting next_dagrun for example_branch_dop_operator_v3 to 2023-04-24T13:06:00+00:00, run_after=2023-04-24T13:07:00+00:00
[2023-04-24T13:07:53.401+0000] {processor.py:175} INFO - Processing /home/airflow/.local/lib/python3.7/site-packages/airflow/example_dags/example_branch_python_dop_operator_3.py took 32.699 seconds
[2023-04-24T13:11:49.796+0000] {processor.py:153} INFO - Started process (PID=1473) to work on /home/airflow/.local/lib/python3.7/site-packages/airflow/example_dags/example_branch_python_dop_operator_3.py
[2023-04-24T13:11:49.798+0000] {processor.py:743} INFO - Processing file /home/airflow/.local/lib/python3.7/site-packages/airflow/example_dags/example_branch_python_dop_operator_3.py for tasks to queue
[2023-04-24T13:11:49.799+0000] {logging_mixin.py:137} INFO - [2023-04-24T13:11:49.799+0000] {dagbag.py:538} INFO - Filling up the DagBag from /home/airflow/.local/lib/python3.7/site-packages/airflow/example_dags/example_branch_python_dop_operator_3.py
[2023-04-24T13:11:49.846+0000] {processor.py:753} INFO - DAG(s) dict_keys(['example_branch_dop_operator_v3']) retrieved from /home/airflow/.local/lib/python3.7/site-packages/airflow/example_dags/example_branch_python_dop_operator_3.py
[2023-04-24T13:11:49.905+0000] {logging_mixin.py:137} INFO - [2023-04-24T13:11:49.904+0000] {dag.py:2690} INFO - Sync 1 DAGs
[2023-04-24T13:11:49.950+0000] {logging_mixin.py:137} INFO - [2023-04-24T13:11:49.950+0000] {dag.py:3441} INFO - Setting next_dagrun for example_branch_dop_operator_v3 to 2023-04-24T13:10:00+00:00, run_after=2023-04-24T13:11:00+00:00
[2023-04-24T13:11:50.008+0000] {processor.py:175} INFO - Processing /home/airflow/.local/lib/python3.7/site-packages/airflow/example_dags/example_branch_python_dop_operator_3.py took 0.220 seconds
[2023-04-24T13:12:20.301+0000] {processor.py:153} INFO - Started process (PID=1540) to work on /home/airflow/.local/lib/python3.7/site-packages/airflow/example_dags/example_branch_python_dop_operator_3.py
[2023-04-24T13:12:20.302+0000] {processor.py:743} INFO - Processing file /home/airflow/.local/lib/python3.7/site-packages/airflow/example_dags/example_branch_python_dop_operator_3.py for tasks to queue
[2023-04-24T13:12:20.303+0000] {logging_mixin.py:137} INFO - [2023-04-24T13:12:20.303+0000] {dagbag.py:538} INFO - Filling up the DagBag from /home/airflow/.local/lib/python3.7/site-packages/airflow/example_dags/example_branch_python_dop_operator_3.py
[2023-04-24T13:12:20.324+0000] {processor.py:753} INFO - DAG(s) dict_keys(['example_branch_dop_operator_v3']) retrieved from /home/airflow/.local/lib/python3.7/site-packages/airflow/example_dags/example_branch_python_dop_operator_3.py
[2023-04-24T13:12:20.339+0000] {logging_mixin.py:137} INFO - [2023-04-24T13:12:20.339+0000] {dag.py:2690} INFO - Sync 1 DAGs
[2023-04-24T13:12:20.368+0000] {logging_mixin.py:137} INFO - [2023-04-24T13:12:20.368+0000] {dag.py:3441} INFO - Setting next_dagrun for example_branch_dop_operator_v3 to 2023-04-24T13:11:00+00:00, run_after=2023-04-24T13:12:00+00:00
[2023-04-24T13:12:20.385+0000] {processor.py:175} INFO - Processing /home/airflow/.local/lib/python3.7/site-packages/airflow/example_dags/example_branch_python_dop_operator_3.py took 0.090 seconds
[2023-04-24T13:12:50.725+0000] {processor.py:153} INFO - Started process (PID=1613) to work on /home/airflow/.local/lib/python3.7/site-packages/airflow/example_dags/example_branch_python_dop_operator_3.py
[2023-04-24T13:12:50.726+0000] {processor.py:743} INFO - Processing file /home/airflow/.local/lib/python3.7/site-packages/airflow/example_dags/example_branch_python_dop_operator_3.py for tasks to queue
[2023-04-24T13:12:50.727+0000] {logging_mixin.py:137} INFO - [2023-04-24T13:12:50.727+0000] {dagbag.py:538} INFO - Filling up the DagBag from /home/airflow/.local/lib/python3.7/site-packages/airflow/example_dags/example_branch_python_dop_operator_3.py
[2023-04-24T13:12:50.744+0000] {processor.py:753} INFO - DAG(s) dict_keys(['example_branch_dop_operator_v3']) retrieved from /home/airflow/.local/lib/python3.7/site-packages/airflow/example_dags/example_branch_python_dop_operator_3.py
[2023-04-24T13:12:50.765+0000] {logging_mixin.py:137} INFO - [2023-04-24T13:12:50.765+0000] {dag.py:2690} INFO - Sync 1 DAGs
[2023-04-24T13:12:50.784+0000] {logging_mixin.py:137} INFO - [2023-04-24T13:12:50.784+0000] {dag.py:3441} INFO - Setting next_dagrun for example_branch_dop_operator_v3 to 2023-04-24T13:11:00+00:00, run_after=2023-04-24T13:12:00+00:00
[2023-04-24T13:12:50.799+0000] {processor.py:175} INFO - Processing /home/airflow/.local/lib/python3.7/site-packages/airflow/example_dags/example_branch_python_dop_operator_3.py took 0.077 seconds
[2023-04-24T13:13:20.866+0000] {processor.py:153} INFO - Started process (PID=1680) to work on /home/airflow/.local/lib/python3.7/site-packages/airflow/example_dags/example_branch_python_dop_operator_3.py
[2023-04-24T13:13:20.868+0000] {processor.py:743} INFO - Processing file /home/airflow/.local/lib/python3.7/site-packages/airflow/example_dags/example_branch_python_dop_operator_3.py for tasks to queue
[2023-04-24T13:13:20.868+0000] {logging_mixin.py:137} INFO - [2023-04-24T13:13:20.868+0000] {dagbag.py:538} INFO - Filling up the DagBag from /home/airflow/.local/lib/python3.7/site-packages/airflow/example_dags/example_branch_python_dop_operator_3.py
[2023-04-24T13:13:20.885+0000] {processor.py:753} INFO - DAG(s) dict_keys(['example_branch_dop_operator_v3']) retrieved from /home/airflow/.local/lib/python3.7/site-packages/airflow/example_dags/example_branch_python_dop_operator_3.py
[2023-04-24T13:13:20.904+0000] {logging_mixin.py:137} INFO - [2023-04-24T13:13:20.904+0000] {dag.py:2690} INFO - Sync 1 DAGs
[2023-04-24T13:13:20.923+0000] {logging_mixin.py:137} INFO - [2023-04-24T13:13:20.923+0000] {dag.py:3441} INFO - Setting next_dagrun for example_branch_dop_operator_v3 to 2023-04-24T13:12:00+00:00, run_after=2023-04-24T13:13:00+00:00
[2023-04-24T13:13:20.934+0000] {processor.py:175} INFO - Processing /home/airflow/.local/lib/python3.7/site-packages/airflow/example_dags/example_branch_python_dop_operator_3.py took 0.070 seconds
[2023-04-24T13:13:51.316+0000] {processor.py:153} INFO - Started process (PID=1755) to work on /home/airflow/.local/lib/python3.7/site-packages/airflow/example_dags/example_branch_python_dop_operator_3.py
[2023-04-24T13:13:51.318+0000] {processor.py:743} INFO - Processing file /home/airflow/.local/lib/python3.7/site-packages/airflow/example_dags/example_branch_python_dop_operator_3.py for tasks to queue
[2023-04-24T13:13:51.318+0000] {logging_mixin.py:137} INFO - [2023-04-24T13:13:51.318+0000] {dagbag.py:538} INFO - Filling up the DagBag from /home/airflow/.local/lib/python3.7/site-packages/airflow/example_dags/example_branch_python_dop_operator_3.py
[2023-04-24T13:13:51.333+0000] {processor.py:753} INFO - DAG(s) dict_keys(['example_branch_dop_operator_v3']) retrieved from /home/airflow/.local/lib/python3.7/site-packages/airflow/example_dags/example_branch_python_dop_operator_3.py
[2023-04-24T13:13:51.353+0000] {logging_mixin.py:137} INFO - [2023-04-24T13:13:51.353+0000] {dag.py:2690} INFO - Sync 1 DAGs
[2023-04-24T13:13:51.369+0000] {logging_mixin.py:137} INFO - [2023-04-24T13:13:51.369+0000] {dag.py:3441} INFO - Setting next_dagrun for example_branch_dop_operator_v3 to 2023-04-24T13:12:00+00:00, run_after=2023-04-24T13:13:00+00:00
[2023-04-24T13:13:51.380+0000] {processor.py:175} INFO - Processing /home/airflow/.local/lib/python3.7/site-packages/airflow/example_dags/example_branch_python_dop_operator_3.py took 0.066 seconds
[2023-04-24T13:14:21.589+0000] {processor.py:153} INFO - Started process (PID=1828) to work on /home/airflow/.local/lib/python3.7/site-packages/airflow/example_dags/example_branch_python_dop_operator_3.py
[2023-04-24T13:14:21.590+0000] {processor.py:743} INFO - Processing file /home/airflow/.local/lib/python3.7/site-packages/airflow/example_dags/example_branch_python_dop_operator_3.py for tasks to queue
[2023-04-24T13:14:21.591+0000] {logging_mixin.py:137} INFO - [2023-04-24T13:14:21.591+0000] {dagbag.py:538} INFO - Filling up the DagBag from /home/airflow/.local/lib/python3.7/site-packages/airflow/example_dags/example_branch_python_dop_operator_3.py
[2023-04-24T13:14:21.607+0000] {processor.py:753} INFO - DAG(s) dict_keys(['example_branch_dop_operator_v3']) retrieved from /home/airflow/.local/lib/python3.7/site-packages/airflow/example_dags/example_branch_python_dop_operator_3.py
[2023-04-24T13:14:21.628+0000] {logging_mixin.py:137} INFO - [2023-04-24T13:14:21.628+0000] {dag.py:2690} INFO - Sync 1 DAGs
[2023-04-24T13:14:21.647+0000] {logging_mixin.py:137} INFO - [2023-04-24T13:14:21.646+0000] {dag.py:3441} INFO - Setting next_dagrun for example_branch_dop_operator_v3 to 2023-04-24T13:13:00+00:00, run_after=2023-04-24T13:14:00+00:00
[2023-04-24T13:14:21.660+0000] {processor.py:175} INFO - Processing /home/airflow/.local/lib/python3.7/site-packages/airflow/example_dags/example_branch_python_dop_operator_3.py took 0.074 seconds
[2023-04-24T13:14:51.711+0000] {processor.py:153} INFO - Started process (PID=1895) to work on /home/airflow/.local/lib/python3.7/site-packages/airflow/example_dags/example_branch_python_dop_operator_3.py
[2023-04-24T13:14:51.712+0000] {processor.py:743} INFO - Processing file /home/airflow/.local/lib/python3.7/site-packages/airflow/example_dags/example_branch_python_dop_operator_3.py for tasks to queue
[2023-04-24T13:14:51.713+0000] {logging_mixin.py:137} INFO - [2023-04-24T13:14:51.713+0000] {dagbag.py:538} INFO - Filling up the DagBag from /home/airflow/.local/lib/python3.7/site-packages/airflow/example_dags/example_branch_python_dop_operator_3.py
[2023-04-24T13:14:51.729+0000] {processor.py:753} INFO - DAG(s) dict_keys(['example_branch_dop_operator_v3']) retrieved from /home/airflow/.local/lib/python3.7/site-packages/airflow/example_dags/example_branch_python_dop_operator_3.py
[2023-04-24T13:14:51.748+0000] {logging_mixin.py:137} INFO - [2023-04-24T13:14:51.748+0000] {dag.py:2690} INFO - Sync 1 DAGs
[2023-04-24T13:14:51.766+0000] {logging_mixin.py:137} INFO - [2023-04-24T13:14:51.766+0000] {dag.py:3441} INFO - Setting next_dagrun for example_branch_dop_operator_v3 to 2023-04-24T13:13:00+00:00, run_after=2023-04-24T13:14:00+00:00
[2023-04-24T13:14:51.778+0000] {processor.py:175} INFO - Processing /home/airflow/.local/lib/python3.7/site-packages/airflow/example_dags/example_branch_python_dop_operator_3.py took 0.070 seconds
[2023-04-24T13:15:22.106+0000] {processor.py:153} INFO - Started process (PID=1971) to work on /home/airflow/.local/lib/python3.7/site-packages/airflow/example_dags/example_branch_python_dop_operator_3.py
[2023-04-24T13:15:22.107+0000] {processor.py:743} INFO - Processing file /home/airflow/.local/lib/python3.7/site-packages/airflow/example_dags/example_branch_python_dop_operator_3.py for tasks to queue
[2023-04-24T13:15:22.108+0000] {logging_mixin.py:137} INFO - [2023-04-24T13:15:22.107+0000] {dagbag.py:538} INFO - Filling up the DagBag from /home/airflow/.local/lib/python3.7/site-packages/airflow/example_dags/example_branch_python_dop_operator_3.py
[2023-04-24T13:15:22.122+0000] {processor.py:753} INFO - DAG(s) dict_keys(['example_branch_dop_operator_v3']) retrieved from /home/airflow/.local/lib/python3.7/site-packages/airflow/example_dags/example_branch_python_dop_operator_3.py
[2023-04-24T13:15:22.141+0000] {logging_mixin.py:137} INFO - [2023-04-24T13:15:22.141+0000] {dag.py:2690} INFO - Sync 1 DAGs
[2023-04-24T13:15:22.159+0000] {logging_mixin.py:137} INFO - [2023-04-24T13:15:22.158+0000] {dag.py:3441} INFO - Setting next_dagrun for example_branch_dop_operator_v3 to 2023-04-24T13:14:00+00:00, run_after=2023-04-24T13:15:00+00:00
[2023-04-24T13:15:22.169+0000] {processor.py:175} INFO - Processing /home/airflow/.local/lib/python3.7/site-packages/airflow/example_dags/example_branch_python_dop_operator_3.py took 0.067 seconds
[2023-04-24T13:15:52.366+0000] {processor.py:153} INFO - Started process (PID=2049) to work on /home/airflow/.local/lib/python3.7/site-packages/airflow/example_dags/example_branch_python_dop_operator_3.py
[2023-04-24T13:15:52.367+0000] {processor.py:743} INFO - Processing file /home/airflow/.local/lib/python3.7/site-packages/airflow/example_dags/example_branch_python_dop_operator_3.py for tasks to queue
[2023-04-24T13:15:52.368+0000] {logging_mixin.py:137} INFO - [2023-04-24T13:15:52.368+0000] {dagbag.py:538} INFO - Filling up the DagBag from /home/airflow/.local/lib/python3.7/site-packages/airflow/example_dags/example_branch_python_dop_operator_3.py
[2023-04-24T13:15:52.384+0000] {processor.py:753} INFO - DAG(s) dict_keys(['example_branch_dop_operator_v3']) retrieved from /home/airflow/.local/lib/python3.7/site-packages/airflow/example_dags/example_branch_python_dop_operator_3.py
[2023-04-24T13:15:52.403+0000] {logging_mixin.py:137} INFO - [2023-04-24T13:15:52.403+0000] {dag.py:2690} INFO - Sync 1 DAGs
[2023-04-24T13:15:52.421+0000] {logging_mixin.py:137} INFO - [2023-04-24T13:15:52.421+0000] {dag.py:3441} INFO - Setting next_dagrun for example_branch_dop_operator_v3 to 2023-04-24T13:14:00+00:00, run_after=2023-04-24T13:15:00+00:00
[2023-04-24T13:15:52.432+0000] {processor.py:175} INFO - Processing /home/airflow/.local/lib/python3.7/site-packages/airflow/example_dags/example_branch_python_dop_operator_3.py took 0.069 seconds
[2023-04-24T13:16:22.877+0000] {processor.py:153} INFO - Started process (PID=2115) to work on /home/airflow/.local/lib/python3.7/site-packages/airflow/example_dags/example_branch_python_dop_operator_3.py
[2023-04-24T13:16:22.878+0000] {processor.py:743} INFO - Processing file /home/airflow/.local/lib/python3.7/site-packages/airflow/example_dags/example_branch_python_dop_operator_3.py for tasks to queue
[2023-04-24T13:16:22.879+0000] {logging_mixin.py:137} INFO - [2023-04-24T13:16:22.879+0000] {dagbag.py:538} INFO - Filling up the DagBag from /home/airflow/.local/lib/python3.7/site-packages/airflow/example_dags/example_branch_python_dop_operator_3.py
[2023-04-24T13:16:22.897+0000] {processor.py:753} INFO - DAG(s) dict_keys(['example_branch_dop_operator_v3']) retrieved from /home/airflow/.local/lib/python3.7/site-packages/airflow/example_dags/example_branch_python_dop_operator_3.py
[2023-04-24T13:16:22.911+0000] {logging_mixin.py:137} INFO - [2023-04-24T13:16:22.911+0000] {dag.py:2690} INFO - Sync 1 DAGs
[2023-04-24T13:16:22.933+0000] {logging_mixin.py:137} INFO - [2023-04-24T13:16:22.933+0000] {dag.py:3441} INFO - Setting next_dagrun for example_branch_dop_operator_v3 to 2023-04-24T13:15:00+00:00, run_after=2023-04-24T13:16:00+00:00
[2023-04-24T13:16:22.948+0000] {processor.py:175} INFO - Processing /home/airflow/.local/lib/python3.7/site-packages/airflow/example_dags/example_branch_python_dop_operator_3.py took 0.075 seconds
[2023-04-24T13:16:53.386+0000] {processor.py:153} INFO - Started process (PID=2190) to work on /home/airflow/.local/lib/python3.7/site-packages/airflow/example_dags/example_branch_python_dop_operator_3.py
[2023-04-24T13:16:53.387+0000] {processor.py:743} INFO - Processing file /home/airflow/.local/lib/python3.7/site-packages/airflow/example_dags/example_branch_python_dop_operator_3.py for tasks to queue
[2023-04-24T13:16:53.388+0000] {logging_mixin.py:137} INFO - [2023-04-24T13:16:53.388+0000] {dagbag.py:538} INFO - Filling up the DagBag from /home/airflow/.local/lib/python3.7/site-packages/airflow/example_dags/example_branch_python_dop_operator_3.py
[2023-04-24T13:16:53.403+0000] {processor.py:753} INFO - DAG(s) dict_keys(['example_branch_dop_operator_v3']) retrieved from /home/airflow/.local/lib/python3.7/site-packages/airflow/example_dags/example_branch_python_dop_operator_3.py
[2023-04-24T13:16:53.423+0000] {logging_mixin.py:137} INFO - [2023-04-24T13:16:53.423+0000] {dag.py:2690} INFO - Sync 1 DAGs
[2023-04-24T13:16:53.440+0000] {logging_mixin.py:137} INFO - [2023-04-24T13:16:53.440+0000] {dag.py:3441} INFO - Setting next_dagrun for example_branch_dop_operator_v3 to 2023-04-24T13:15:00+00:00, run_after=2023-04-24T13:16:00+00:00
[2023-04-24T13:16:53.454+0000] {processor.py:175} INFO - Processing /home/airflow/.local/lib/python3.7/site-packages/airflow/example_dags/example_branch_python_dop_operator_3.py took 0.070 seconds
[2023-04-24T13:17:23.904+0000] {processor.py:153} INFO - Started process (PID=2266) to work on /home/airflow/.local/lib/python3.7/site-packages/airflow/example_dags/example_branch_python_dop_operator_3.py
[2023-04-24T13:17:23.905+0000] {processor.py:743} INFO - Processing file /home/airflow/.local/lib/python3.7/site-packages/airflow/example_dags/example_branch_python_dop_operator_3.py for tasks to queue
[2023-04-24T13:17:23.906+0000] {logging_mixin.py:137} INFO - [2023-04-24T13:17:23.906+0000] {dagbag.py:538} INFO - Filling up the DagBag from /home/airflow/.local/lib/python3.7/site-packages/airflow/example_dags/example_branch_python_dop_operator_3.py
[2023-04-24T13:17:23.922+0000] {processor.py:753} INFO - DAG(s) dict_keys(['example_branch_dop_operator_v3']) retrieved from /home/airflow/.local/lib/python3.7/site-packages/airflow/example_dags/example_branch_python_dop_operator_3.py
[2023-04-24T13:17:23.942+0000] {logging_mixin.py:137} INFO - [2023-04-24T13:17:23.941+0000] {dag.py:2690} INFO - Sync 1 DAGs
[2023-04-24T13:17:23.959+0000] {logging_mixin.py:137} INFO - [2023-04-24T13:17:23.959+0000] {dag.py:3441} INFO - Setting next_dagrun for example_branch_dop_operator_v3 to 2023-04-24T13:16:00+00:00, run_after=2023-04-24T13:17:00+00:00
[2023-04-24T13:17:23.972+0000] {processor.py:175} INFO - Processing /home/airflow/.local/lib/python3.7/site-packages/airflow/example_dags/example_branch_python_dop_operator_3.py took 0.071 seconds
[2023-04-24T13:17:54.404+0000] {processor.py:153} INFO - Started process (PID=2330) to work on /home/airflow/.local/lib/python3.7/site-packages/airflow/example_dags/example_branch_python_dop_operator_3.py
[2023-04-24T13:17:54.405+0000] {processor.py:743} INFO - Processing file /home/airflow/.local/lib/python3.7/site-packages/airflow/example_dags/example_branch_python_dop_operator_3.py for tasks to queue
[2023-04-24T13:17:54.406+0000] {logging_mixin.py:137} INFO - [2023-04-24T13:17:54.406+0000] {dagbag.py:538} INFO - Filling up the DagBag from /home/airflow/.local/lib/python3.7/site-packages/airflow/example_dags/example_branch_python_dop_operator_3.py
[2023-04-24T13:17:54.421+0000] {processor.py:753} INFO - DAG(s) dict_keys(['example_branch_dop_operator_v3']) retrieved from /home/airflow/.local/lib/python3.7/site-packages/airflow/example_dags/example_branch_python_dop_operator_3.py
[2023-04-24T13:17:54.441+0000] {logging_mixin.py:137} INFO - [2023-04-24T13:17:54.441+0000] {dag.py:2690} INFO - Sync 1 DAGs
[2023-04-24T13:17:54.458+0000] {logging_mixin.py:137} INFO - [2023-04-24T13:17:54.458+0000] {dag.py:3441} INFO - Setting next_dagrun for example_branch_dop_operator_v3 to 2023-04-24T13:16:00+00:00, run_after=2023-04-24T13:17:00+00:00
[2023-04-24T13:17:54.468+0000] {processor.py:175} INFO - Processing /home/airflow/.local/lib/python3.7/site-packages/airflow/example_dags/example_branch_python_dop_operator_3.py took 0.067 seconds
[2023-04-24T13:18:24.644+0000] {processor.py:153} INFO - Started process (PID=2406) to work on /home/airflow/.local/lib/python3.7/site-packages/airflow/example_dags/example_branch_python_dop_operator_3.py
[2023-04-24T13:18:24.645+0000] {processor.py:743} INFO - Processing file /home/airflow/.local/lib/python3.7/site-packages/airflow/example_dags/example_branch_python_dop_operator_3.py for tasks to queue
[2023-04-24T13:18:24.646+0000] {logging_mixin.py:137} INFO - [2023-04-24T13:18:24.646+0000] {dagbag.py:538} INFO - Filling up the DagBag from /home/airflow/.local/lib/python3.7/site-packages/airflow/example_dags/example_branch_python_dop_operator_3.py
[2023-04-24T13:18:24.662+0000] {processor.py:753} INFO - DAG(s) dict_keys(['example_branch_dop_operator_v3']) retrieved from /home/airflow/.local/lib/python3.7/site-packages/airflow/example_dags/example_branch_python_dop_operator_3.py
[2023-04-24T13:18:24.687+0000] {logging_mixin.py:137} INFO - [2023-04-24T13:18:24.687+0000] {dag.py:2690} INFO - Sync 1 DAGs
[2023-04-24T13:18:24.713+0000] {logging_mixin.py:137} INFO - [2023-04-24T13:18:24.712+0000] {dag.py:3441} INFO - Setting next_dagrun for example_branch_dop_operator_v3 to 2023-04-24T13:17:00+00:00, run_after=2023-04-24T13:18:00+00:00
[2023-04-24T13:18:24.737+0000] {processor.py:175} INFO - Processing /home/airflow/.local/lib/python3.7/site-packages/airflow/example_dags/example_branch_python_dop_operator_3.py took 0.096 seconds
[2023-04-24T13:18:54.788+0000] {processor.py:153} INFO - Started process (PID=2482) to work on /home/airflow/.local/lib/python3.7/site-packages/airflow/example_dags/example_branch_python_dop_operator_3.py
[2023-04-24T13:18:54.789+0000] {processor.py:743} INFO - Processing file /home/airflow/.local/lib/python3.7/site-packages/airflow/example_dags/example_branch_python_dop_operator_3.py for tasks to queue
[2023-04-24T13:18:54.790+0000] {logging_mixin.py:137} INFO - [2023-04-24T13:18:54.790+0000] {dagbag.py:538} INFO - Filling up the DagBag from /home/airflow/.local/lib/python3.7/site-packages/airflow/example_dags/example_branch_python_dop_operator_3.py
[2023-04-24T13:18:54.806+0000] {processor.py:753} INFO - DAG(s) dict_keys(['example_branch_dop_operator_v3']) retrieved from /home/airflow/.local/lib/python3.7/site-packages/airflow/example_dags/example_branch_python_dop_operator_3.py
[2023-04-24T13:18:54.826+0000] {logging_mixin.py:137} INFO - [2023-04-24T13:18:54.826+0000] {dag.py:2690} INFO - Sync 1 DAGs
[2023-04-24T13:18:54.843+0000] {logging_mixin.py:137} INFO - [2023-04-24T13:18:54.843+0000] {dag.py:3441} INFO - Setting next_dagrun for example_branch_dop_operator_v3 to 2023-04-24T13:17:00+00:00, run_after=2023-04-24T13:18:00+00:00
[2023-04-24T13:18:54.857+0000] {processor.py:175} INFO - Processing /home/airflow/.local/lib/python3.7/site-packages/airflow/example_dags/example_branch_python_dop_operator_3.py took 0.071 seconds
[2023-04-24T13:19:25.120+0000] {processor.py:153} INFO - Started process (PID=2553) to work on /home/airflow/.local/lib/python3.7/site-packages/airflow/example_dags/example_branch_python_dop_operator_3.py
[2023-04-24T13:19:25.121+0000] {processor.py:743} INFO - Processing file /home/airflow/.local/lib/python3.7/site-packages/airflow/example_dags/example_branch_python_dop_operator_3.py for tasks to queue
[2023-04-24T13:19:25.122+0000] {logging_mixin.py:137} INFO - [2023-04-24T13:19:25.122+0000] {dagbag.py:538} INFO - Filling up the DagBag from /home/airflow/.local/lib/python3.7/site-packages/airflow/example_dags/example_branch_python_dop_operator_3.py
[2023-04-24T13:19:25.140+0000] {processor.py:753} INFO - DAG(s) dict_keys(['example_branch_dop_operator_v3']) retrieved from /home/airflow/.local/lib/python3.7/site-packages/airflow/example_dags/example_branch_python_dop_operator_3.py
[2023-04-24T13:19:25.163+0000] {logging_mixin.py:137} INFO - [2023-04-24T13:19:25.163+0000] {dag.py:2690} INFO - Sync 1 DAGs
[2023-04-24T13:19:25.201+0000] {logging_mixin.py:137} INFO - [2023-04-24T13:19:25.201+0000] {dag.py:3441} INFO - Setting next_dagrun for example_branch_dop_operator_v3 to 2023-04-24T13:18:00+00:00, run_after=2023-04-24T13:19:00+00:00
[2023-04-24T13:19:25.218+0000] {processor.py:175} INFO - Processing /home/airflow/.local/lib/python3.7/site-packages/airflow/example_dags/example_branch_python_dop_operator_3.py took 0.101 seconds
[2023-04-24T13:19:55.613+0000] {processor.py:153} INFO - Started process (PID=2624) to work on /home/airflow/.local/lib/python3.7/site-packages/airflow/example_dags/example_branch_python_dop_operator_3.py
[2023-04-24T13:19:55.615+0000] {processor.py:743} INFO - Processing file /home/airflow/.local/lib/python3.7/site-packages/airflow/example_dags/example_branch_python_dop_operator_3.py for tasks to queue
[2023-04-24T13:19:55.616+0000] {logging_mixin.py:137} INFO - [2023-04-24T13:19:55.616+0000] {dagbag.py:538} INFO - Filling up the DagBag from /home/airflow/.local/lib/python3.7/site-packages/airflow/example_dags/example_branch_python_dop_operator_3.py
[2023-04-24T13:19:55.640+0000] {processor.py:753} INFO - DAG(s) dict_keys(['example_branch_dop_operator_v3']) retrieved from /home/airflow/.local/lib/python3.7/site-packages/airflow/example_dags/example_branch_python_dop_operator_3.py
[2023-04-24T13:19:55.662+0000] {logging_mixin.py:137} INFO - [2023-04-24T13:19:55.662+0000] {dag.py:2690} INFO - Sync 1 DAGs
[2023-04-24T13:19:55.680+0000] {logging_mixin.py:137} INFO - [2023-04-24T13:19:55.680+0000] {dag.py:3441} INFO - Setting next_dagrun for example_branch_dop_operator_v3 to 2023-04-24T13:18:00+00:00, run_after=2023-04-24T13:19:00+00:00
[2023-04-24T13:19:55.695+0000] {processor.py:175} INFO - Processing /home/airflow/.local/lib/python3.7/site-packages/airflow/example_dags/example_branch_python_dop_operator_3.py took 0.086 seconds
[2023-04-24T13:20:25.952+0000] {processor.py:153} INFO - Started process (PID=2703) to work on /home/airflow/.local/lib/python3.7/site-packages/airflow/example_dags/example_branch_python_dop_operator_3.py
[2023-04-24T13:20:25.953+0000] {processor.py:743} INFO - Processing file /home/airflow/.local/lib/python3.7/site-packages/airflow/example_dags/example_branch_python_dop_operator_3.py for tasks to queue
[2023-04-24T13:20:25.954+0000] {logging_mixin.py:137} INFO - [2023-04-24T13:20:25.954+0000] {dagbag.py:538} INFO - Filling up the DagBag from /home/airflow/.local/lib/python3.7/site-packages/airflow/example_dags/example_branch_python_dop_operator_3.py
[2023-04-24T13:20:25.970+0000] {processor.py:753} INFO - DAG(s) dict_keys(['example_branch_dop_operator_v3']) retrieved from /home/airflow/.local/lib/python3.7/site-packages/airflow/example_dags/example_branch_python_dop_operator_3.py
[2023-04-24T13:20:25.991+0000] {logging_mixin.py:137} INFO - [2023-04-24T13:20:25.990+0000] {dag.py:2690} INFO - Sync 1 DAGs
[2023-04-24T13:20:26.007+0000] {logging_mixin.py:137} INFO - [2023-04-24T13:20:26.007+0000] {dag.py:3441} INFO - Setting next_dagrun for example_branch_dop_operator_v3 to 2023-04-24T13:19:00+00:00, run_after=2023-04-24T13:20:00+00:00
[2023-04-24T13:20:26.017+0000] {processor.py:175} INFO - Processing /home/airflow/.local/lib/python3.7/site-packages/airflow/example_dags/example_branch_python_dop_operator_3.py took 0.068 seconds
[2023-04-24T13:20:56.430+0000] {processor.py:153} INFO - Started process (PID=2781) to work on /home/airflow/.local/lib/python3.7/site-packages/airflow/example_dags/example_branch_python_dop_operator_3.py
[2023-04-24T13:20:56.431+0000] {processor.py:743} INFO - Processing file /home/airflow/.local/lib/python3.7/site-packages/airflow/example_dags/example_branch_python_dop_operator_3.py for tasks to queue
[2023-04-24T13:20:56.432+0000] {logging_mixin.py:137} INFO - [2023-04-24T13:20:56.432+0000] {dagbag.py:538} INFO - Filling up the DagBag from /home/airflow/.local/lib/python3.7/site-packages/airflow/example_dags/example_branch_python_dop_operator_3.py
[2023-04-24T13:20:56.448+0000] {processor.py:753} INFO - DAG(s) dict_keys(['example_branch_dop_operator_v3']) retrieved from /home/airflow/.local/lib/python3.7/site-packages/airflow/example_dags/example_branch_python_dop_operator_3.py
[2023-04-24T13:20:56.467+0000] {logging_mixin.py:137} INFO - [2023-04-24T13:20:56.467+0000] {dag.py:2690} INFO - Sync 1 DAGs
[2023-04-24T13:20:56.486+0000] {logging_mixin.py:137} INFO - [2023-04-24T13:20:56.486+0000] {dag.py:3441} INFO - Setting next_dagrun for example_branch_dop_operator_v3 to 2023-04-24T13:19:00+00:00, run_after=2023-04-24T13:20:00+00:00
[2023-04-24T13:20:56.497+0000] {processor.py:175} INFO - Processing /home/airflow/.local/lib/python3.7/site-packages/airflow/example_dags/example_branch_python_dop_operator_3.py took 0.070 seconds
[2023-04-24T13:21:26.869+0000] {processor.py:153} INFO - Started process (PID=2846) to work on /home/airflow/.local/lib/python3.7/site-packages/airflow/example_dags/example_branch_python_dop_operator_3.py
[2023-04-24T13:21:26.870+0000] {processor.py:743} INFO - Processing file /home/airflow/.local/lib/python3.7/site-packages/airflow/example_dags/example_branch_python_dop_operator_3.py for tasks to queue
[2023-04-24T13:21:26.871+0000] {logging_mixin.py:137} INFO - [2023-04-24T13:21:26.871+0000] {dagbag.py:538} INFO - Filling up the DagBag from /home/airflow/.local/lib/python3.7/site-packages/airflow/example_dags/example_branch_python_dop_operator_3.py
[2023-04-24T13:21:26.888+0000] {processor.py:753} INFO - DAG(s) dict_keys(['example_branch_dop_operator_v3']) retrieved from /home/airflow/.local/lib/python3.7/site-packages/airflow/example_dags/example_branch_python_dop_operator_3.py
[2023-04-24T13:21:26.908+0000] {logging_mixin.py:137} INFO - [2023-04-24T13:21:26.908+0000] {dag.py:2690} INFO - Sync 1 DAGs
[2023-04-24T13:21:26.926+0000] {logging_mixin.py:137} INFO - [2023-04-24T13:21:26.925+0000] {dag.py:3441} INFO - Setting next_dagrun for example_branch_dop_operator_v3 to 2023-04-24T13:20:00+00:00, run_after=2023-04-24T13:21:00+00:00
[2023-04-24T13:21:26.937+0000] {processor.py:175} INFO - Processing /home/airflow/.local/lib/python3.7/site-packages/airflow/example_dags/example_branch_python_dop_operator_3.py took 0.072 seconds
[2023-04-24T13:21:57.044+0000] {processor.py:153} INFO - Started process (PID=2922) to work on /home/airflow/.local/lib/python3.7/site-packages/airflow/example_dags/example_branch_python_dop_operator_3.py
[2023-04-24T13:21:57.045+0000] {processor.py:743} INFO - Processing file /home/airflow/.local/lib/python3.7/site-packages/airflow/example_dags/example_branch_python_dop_operator_3.py for tasks to queue
[2023-04-24T13:21:57.046+0000] {logging_mixin.py:137} INFO - [2023-04-24T13:21:57.046+0000] {dagbag.py:538} INFO - Filling up the DagBag from /home/airflow/.local/lib/python3.7/site-packages/airflow/example_dags/example_branch_python_dop_operator_3.py
[2023-04-24T13:21:57.061+0000] {processor.py:753} INFO - DAG(s) dict_keys(['example_branch_dop_operator_v3']) retrieved from /home/airflow/.local/lib/python3.7/site-packages/airflow/example_dags/example_branch_python_dop_operator_3.py
[2023-04-24T13:21:57.082+0000] {logging_mixin.py:137} INFO - [2023-04-24T13:21:57.082+0000] {dag.py:2690} INFO - Sync 1 DAGs
[2023-04-24T13:21:57.100+0000] {logging_mixin.py:137} INFO - [2023-04-24T13:21:57.100+0000] {dag.py:3441} INFO - Setting next_dagrun for example_branch_dop_operator_v3 to 2023-04-24T13:20:00+00:00, run_after=2023-04-24T13:21:00+00:00
[2023-04-24T13:21:57.110+0000] {processor.py:175} INFO - Processing /home/airflow/.local/lib/python3.7/site-packages/airflow/example_dags/example_branch_python_dop_operator_3.py took 0.070 seconds
[2023-04-24T13:22:27.218+0000] {processor.py:153} INFO - Started process (PID=2998) to work on /home/airflow/.local/lib/python3.7/site-packages/airflow/example_dags/example_branch_python_dop_operator_3.py
[2023-04-24T13:22:27.219+0000] {processor.py:743} INFO - Processing file /home/airflow/.local/lib/python3.7/site-packages/airflow/example_dags/example_branch_python_dop_operator_3.py for tasks to queue
[2023-04-24T13:22:27.220+0000] {logging_mixin.py:137} INFO - [2023-04-24T13:22:27.220+0000] {dagbag.py:538} INFO - Filling up the DagBag from /home/airflow/.local/lib/python3.7/site-packages/airflow/example_dags/example_branch_python_dop_operator_3.py
[2023-04-24T13:22:27.236+0000] {processor.py:753} INFO - DAG(s) dict_keys(['example_branch_dop_operator_v3']) retrieved from /home/airflow/.local/lib/python3.7/site-packages/airflow/example_dags/example_branch_python_dop_operator_3.py
[2023-04-24T13:22:27.255+0000] {logging_mixin.py:137} INFO - [2023-04-24T13:22:27.255+0000] {dag.py:2690} INFO - Sync 1 DAGs
[2023-04-24T13:22:27.273+0000] {logging_mixin.py:137} INFO - [2023-04-24T13:22:27.273+0000] {dag.py:3441} INFO - Setting next_dagrun for example_branch_dop_operator_v3 to 2023-04-24T13:21:00+00:00, run_after=2023-04-24T13:22:00+00:00
[2023-04-24T13:22:27.286+0000] {processor.py:175} INFO - Processing /home/airflow/.local/lib/python3.7/site-packages/airflow/example_dags/example_branch_python_dop_operator_3.py took 0.071 seconds
[2023-04-24T13:22:57.616+0000] {processor.py:153} INFO - Started process (PID=3064) to work on /home/airflow/.local/lib/python3.7/site-packages/airflow/example_dags/example_branch_python_dop_operator_3.py
[2023-04-24T13:22:57.618+0000] {processor.py:743} INFO - Processing file /home/airflow/.local/lib/python3.7/site-packages/airflow/example_dags/example_branch_python_dop_operator_3.py for tasks to queue
[2023-04-24T13:22:57.619+0000] {logging_mixin.py:137} INFO - [2023-04-24T13:22:57.619+0000] {dagbag.py:538} INFO - Filling up the DagBag from /home/airflow/.local/lib/python3.7/site-packages/airflow/example_dags/example_branch_python_dop_operator_3.py
[2023-04-24T13:22:57.635+0000] {processor.py:753} INFO - DAG(s) dict_keys(['example_branch_dop_operator_v3']) retrieved from /home/airflow/.local/lib/python3.7/site-packages/airflow/example_dags/example_branch_python_dop_operator_3.py
[2023-04-24T13:22:57.655+0000] {logging_mixin.py:137} INFO - [2023-04-24T13:22:57.654+0000] {dag.py:2690} INFO - Sync 1 DAGs
[2023-04-24T13:22:57.672+0000] {logging_mixin.py:137} INFO - [2023-04-24T13:22:57.672+0000] {dag.py:3441} INFO - Setting next_dagrun for example_branch_dop_operator_v3 to 2023-04-24T13:21:00+00:00, run_after=2023-04-24T13:22:00+00:00
[2023-04-24T13:22:57.685+0000] {processor.py:175} INFO - Processing /home/airflow/.local/lib/python3.7/site-packages/airflow/example_dags/example_branch_python_dop_operator_3.py took 0.072 seconds
[2023-04-24T13:23:27.977+0000] {processor.py:153} INFO - Started process (PID=3146) to work on /home/airflow/.local/lib/python3.7/site-packages/airflow/example_dags/example_branch_python_dop_operator_3.py
[2023-04-24T13:23:27.978+0000] {processor.py:743} INFO - Processing file /home/airflow/.local/lib/python3.7/site-packages/airflow/example_dags/example_branch_python_dop_operator_3.py for tasks to queue
[2023-04-24T13:23:27.979+0000] {logging_mixin.py:137} INFO - [2023-04-24T13:23:27.979+0000] {dagbag.py:538} INFO - Filling up the DagBag from /home/airflow/.local/lib/python3.7/site-packages/airflow/example_dags/example_branch_python_dop_operator_3.py
[2023-04-24T13:23:27.995+0000] {processor.py:753} INFO - DAG(s) dict_keys(['example_branch_dop_operator_v3']) retrieved from /home/airflow/.local/lib/python3.7/site-packages/airflow/example_dags/example_branch_python_dop_operator_3.py
[2023-04-24T13:23:28.019+0000] {logging_mixin.py:137} INFO - [2023-04-24T13:23:28.019+0000] {dag.py:2690} INFO - Sync 1 DAGs
[2023-04-24T13:23:28.048+0000] {logging_mixin.py:137} INFO - [2023-04-24T13:23:28.048+0000] {dag.py:3441} INFO - Setting next_dagrun for example_branch_dop_operator_v3 to 2023-04-24T13:22:00+00:00, run_after=2023-04-24T13:23:00+00:00
[2023-04-24T13:23:28.061+0000] {processor.py:175} INFO - Processing /home/airflow/.local/lib/python3.7/site-packages/airflow/example_dags/example_branch_python_dop_operator_3.py took 0.087 seconds
[2023-04-24T13:23:58.512+0000] {processor.py:153} INFO - Started process (PID=3225) to work on /home/airflow/.local/lib/python3.7/site-packages/airflow/example_dags/example_branch_python_dop_operator_3.py
[2023-04-24T13:23:58.513+0000] {processor.py:743} INFO - Processing file /home/airflow/.local/lib/python3.7/site-packages/airflow/example_dags/example_branch_python_dop_operator_3.py for tasks to queue
[2023-04-24T13:23:58.514+0000] {logging_mixin.py:137} INFO - [2023-04-24T13:23:58.514+0000] {dagbag.py:538} INFO - Filling up the DagBag from /home/airflow/.local/lib/python3.7/site-packages/airflow/example_dags/example_branch_python_dop_operator_3.py
[2023-04-24T13:23:58.530+0000] {processor.py:753} INFO - DAG(s) dict_keys(['example_branch_dop_operator_v3']) retrieved from /home/airflow/.local/lib/python3.7/site-packages/airflow/example_dags/example_branch_python_dop_operator_3.py
[2023-04-24T13:23:58.550+0000] {logging_mixin.py:137} INFO - [2023-04-24T13:23:58.550+0000] {dag.py:2690} INFO - Sync 1 DAGs
[2023-04-24T13:23:58.568+0000] {logging_mixin.py:137} INFO - [2023-04-24T13:23:58.568+0000] {dag.py:3441} INFO - Setting next_dagrun for example_branch_dop_operator_v3 to 2023-04-24T13:22:00+00:00, run_after=2023-04-24T13:23:00+00:00
[2023-04-24T13:23:58.580+0000] {processor.py:175} INFO - Processing /home/airflow/.local/lib/python3.7/site-packages/airflow/example_dags/example_branch_python_dop_operator_3.py took 0.071 seconds
[2023-04-24T13:24:28.709+0000] {processor.py:153} INFO - Started process (PID=3289) to work on /home/airflow/.local/lib/python3.7/site-packages/airflow/example_dags/example_branch_python_dop_operator_3.py
[2023-04-24T13:24:28.711+0000] {processor.py:743} INFO - Processing file /home/airflow/.local/lib/python3.7/site-packages/airflow/example_dags/example_branch_python_dop_operator_3.py for tasks to queue
[2023-04-24T13:24:28.711+0000] {logging_mixin.py:137} INFO - [2023-04-24T13:24:28.711+0000] {dagbag.py:538} INFO - Filling up the DagBag from /home/airflow/.local/lib/python3.7/site-packages/airflow/example_dags/example_branch_python_dop_operator_3.py
[2023-04-24T13:24:28.728+0000] {processor.py:753} INFO - DAG(s) dict_keys(['example_branch_dop_operator_v3']) retrieved from /home/airflow/.local/lib/python3.7/site-packages/airflow/example_dags/example_branch_python_dop_operator_3.py
[2023-04-24T13:24:28.747+0000] {logging_mixin.py:137} INFO - [2023-04-24T13:24:28.747+0000] {dag.py:2690} INFO - Sync 1 DAGs
[2023-04-24T13:24:28.766+0000] {logging_mixin.py:137} INFO - [2023-04-24T13:24:28.766+0000] {dag.py:3441} INFO - Setting next_dagrun for example_branch_dop_operator_v3 to 2023-04-24T13:23:00+00:00, run_after=2023-04-24T13:24:00+00:00
[2023-04-24T13:24:28.777+0000] {processor.py:175} INFO - Processing /home/airflow/.local/lib/python3.7/site-packages/airflow/example_dags/example_branch_python_dop_operator_3.py took 0.071 seconds
[2023-04-24T13:24:59.066+0000] {processor.py:153} INFO - Started process (PID=3365) to work on /home/airflow/.local/lib/python3.7/site-packages/airflow/example_dags/example_branch_python_dop_operator_3.py
[2023-04-24T13:24:59.069+0000] {processor.py:743} INFO - Processing file /home/airflow/.local/lib/python3.7/site-packages/airflow/example_dags/example_branch_python_dop_operator_3.py for tasks to queue
[2023-04-24T13:24:59.071+0000] {logging_mixin.py:137} INFO - [2023-04-24T13:24:59.070+0000] {dagbag.py:538} INFO - Filling up the DagBag from /home/airflow/.local/lib/python3.7/site-packages/airflow/example_dags/example_branch_python_dop_operator_3.py
[2023-04-24T13:24:59.087+0000] {processor.py:753} INFO - DAG(s) dict_keys(['example_branch_dop_operator_v3']) retrieved from /home/airflow/.local/lib/python3.7/site-packages/airflow/example_dags/example_branch_python_dop_operator_3.py
[2023-04-24T13:24:59.108+0000] {logging_mixin.py:137} INFO - [2023-04-24T13:24:59.108+0000] {dag.py:2690} INFO - Sync 1 DAGs
[2023-04-24T13:24:59.130+0000] {logging_mixin.py:137} INFO - [2023-04-24T13:24:59.130+0000] {dag.py:3441} INFO - Setting next_dagrun for example_branch_dop_operator_v3 to 2023-04-24T13:23:00+00:00, run_after=2023-04-24T13:24:00+00:00
[2023-04-24T13:24:59.142+0000] {processor.py:175} INFO - Processing /home/airflow/.local/lib/python3.7/site-packages/airflow/example_dags/example_branch_python_dop_operator_3.py took 0.079 seconds
[2023-04-24T13:25:29.199+0000] {processor.py:153} INFO - Started process (PID=3441) to work on /home/airflow/.local/lib/python3.7/site-packages/airflow/example_dags/example_branch_python_dop_operator_3.py
[2023-04-24T13:25:29.201+0000] {processor.py:743} INFO - Processing file /home/airflow/.local/lib/python3.7/site-packages/airflow/example_dags/example_branch_python_dop_operator_3.py for tasks to queue
[2023-04-24T13:25:29.201+0000] {logging_mixin.py:137} INFO - [2023-04-24T13:25:29.201+0000] {dagbag.py:538} INFO - Filling up the DagBag from /home/airflow/.local/lib/python3.7/site-packages/airflow/example_dags/example_branch_python_dop_operator_3.py
[2023-04-24T13:25:29.218+0000] {processor.py:753} INFO - DAG(s) dict_keys(['example_branch_dop_operator_v3']) retrieved from /home/airflow/.local/lib/python3.7/site-packages/airflow/example_dags/example_branch_python_dop_operator_3.py
[2023-04-24T13:25:29.239+0000] {logging_mixin.py:137} INFO - [2023-04-24T13:25:29.239+0000] {dag.py:2690} INFO - Sync 1 DAGs
[2023-04-24T13:25:29.259+0000] {logging_mixin.py:137} INFO - [2023-04-24T13:25:29.259+0000] {dag.py:3441} INFO - Setting next_dagrun for example_branch_dop_operator_v3 to 2023-04-24T13:24:00+00:00, run_after=2023-04-24T13:25:00+00:00
[2023-04-24T13:25:29.272+0000] {processor.py:175} INFO - Processing /home/airflow/.local/lib/python3.7/site-packages/airflow/example_dags/example_branch_python_dop_operator_3.py took 0.075 seconds
[2023-04-24T13:25:59.588+0000] {processor.py:153} INFO - Started process (PID=3514) to work on /home/airflow/.local/lib/python3.7/site-packages/airflow/example_dags/example_branch_python_dop_operator_3.py
[2023-04-24T13:25:59.589+0000] {processor.py:743} INFO - Processing file /home/airflow/.local/lib/python3.7/site-packages/airflow/example_dags/example_branch_python_dop_operator_3.py for tasks to queue
[2023-04-24T13:25:59.590+0000] {logging_mixin.py:137} INFO - [2023-04-24T13:25:59.590+0000] {dagbag.py:538} INFO - Filling up the DagBag from /home/airflow/.local/lib/python3.7/site-packages/airflow/example_dags/example_branch_python_dop_operator_3.py
[2023-04-24T13:25:59.606+0000] {processor.py:753} INFO - DAG(s) dict_keys(['example_branch_dop_operator_v3']) retrieved from /home/airflow/.local/lib/python3.7/site-packages/airflow/example_dags/example_branch_python_dop_operator_3.py
[2023-04-24T13:25:59.626+0000] {logging_mixin.py:137} INFO - [2023-04-24T13:25:59.626+0000] {dag.py:2690} INFO - Sync 1 DAGs
[2023-04-24T13:25:59.644+0000] {logging_mixin.py:137} INFO - [2023-04-24T13:25:59.644+0000] {dag.py:3441} INFO - Setting next_dagrun for example_branch_dop_operator_v3 to 2023-04-24T13:24:00+00:00, run_after=2023-04-24T13:25:00+00:00
[2023-04-24T13:25:59.656+0000] {processor.py:175} INFO - Processing /home/airflow/.local/lib/python3.7/site-packages/airflow/example_dags/example_branch_python_dop_operator_3.py took 0.072 seconds
[2023-04-24T13:26:29.922+0000] {processor.py:153} INFO - Started process (PID=3581) to work on /home/airflow/.local/lib/python3.7/site-packages/airflow/example_dags/example_branch_python_dop_operator_3.py
[2023-04-24T13:26:29.923+0000] {processor.py:743} INFO - Processing file /home/airflow/.local/lib/python3.7/site-packages/airflow/example_dags/example_branch_python_dop_operator_3.py for tasks to queue
[2023-04-24T13:26:29.923+0000] {logging_mixin.py:137} INFO - [2023-04-24T13:26:29.923+0000] {dagbag.py:538} INFO - Filling up the DagBag from /home/airflow/.local/lib/python3.7/site-packages/airflow/example_dags/example_branch_python_dop_operator_3.py
[2023-04-24T13:26:29.938+0000] {processor.py:753} INFO - DAG(s) dict_keys(['example_branch_dop_operator_v3']) retrieved from /home/airflow/.local/lib/python3.7/site-packages/airflow/example_dags/example_branch_python_dop_operator_3.py
[2023-04-24T13:26:29.957+0000] {logging_mixin.py:137} INFO - [2023-04-24T13:26:29.957+0000] {dag.py:2690} INFO - Sync 1 DAGs
[2023-04-24T13:26:29.974+0000] {logging_mixin.py:137} INFO - [2023-04-24T13:26:29.974+0000] {dag.py:3441} INFO - Setting next_dagrun for example_branch_dop_operator_v3 to 2023-04-24T13:25:00+00:00, run_after=2023-04-24T13:26:00+00:00
[2023-04-24T13:26:29.985+0000] {processor.py:175} INFO - Processing /home/airflow/.local/lib/python3.7/site-packages/airflow/example_dags/example_branch_python_dop_operator_3.py took 0.067 seconds
[2023-04-24T13:27:00.193+0000] {processor.py:153} INFO - Started process (PID=3658) to work on /home/airflow/.local/lib/python3.7/site-packages/airflow/example_dags/example_branch_python_dop_operator_3.py
[2023-04-24T13:27:00.194+0000] {processor.py:743} INFO - Processing file /home/airflow/.local/lib/python3.7/site-packages/airflow/example_dags/example_branch_python_dop_operator_3.py for tasks to queue
[2023-04-24T13:27:00.195+0000] {logging_mixin.py:137} INFO - [2023-04-24T13:27:00.195+0000] {dagbag.py:538} INFO - Filling up the DagBag from /home/airflow/.local/lib/python3.7/site-packages/airflow/example_dags/example_branch_python_dop_operator_3.py
[2023-04-24T13:27:00.210+0000] {processor.py:753} INFO - DAG(s) dict_keys(['example_branch_dop_operator_v3']) retrieved from /home/airflow/.local/lib/python3.7/site-packages/airflow/example_dags/example_branch_python_dop_operator_3.py
[2023-04-24T13:27:00.231+0000] {logging_mixin.py:137} INFO - [2023-04-24T13:27:00.231+0000] {dag.py:2690} INFO - Sync 1 DAGs
[2023-04-24T13:27:00.248+0000] {logging_mixin.py:137} INFO - [2023-04-24T13:27:00.248+0000] {dag.py:3441} INFO - Setting next_dagrun for example_branch_dop_operator_v3 to 2023-04-24T13:26:00+00:00, run_after=2023-04-24T13:27:00+00:00
[2023-04-24T13:27:00.260+0000] {processor.py:175} INFO - Processing /home/airflow/.local/lib/python3.7/site-packages/airflow/example_dags/example_branch_python_dop_operator_3.py took 0.070 seconds
[2023-04-24T13:27:30.593+0000] {processor.py:153} INFO - Started process (PID=3734) to work on /home/airflow/.local/lib/python3.7/site-packages/airflow/example_dags/example_branch_python_dop_operator_3.py
[2023-04-24T13:27:30.594+0000] {processor.py:743} INFO - Processing file /home/airflow/.local/lib/python3.7/site-packages/airflow/example_dags/example_branch_python_dop_operator_3.py for tasks to queue
[2023-04-24T13:27:30.595+0000] {logging_mixin.py:137} INFO - [2023-04-24T13:27:30.595+0000] {dagbag.py:538} INFO - Filling up the DagBag from /home/airflow/.local/lib/python3.7/site-packages/airflow/example_dags/example_branch_python_dop_operator_3.py
[2023-04-24T13:27:30.611+0000] {processor.py:753} INFO - DAG(s) dict_keys(['example_branch_dop_operator_v3']) retrieved from /home/airflow/.local/lib/python3.7/site-packages/airflow/example_dags/example_branch_python_dop_operator_3.py
[2023-04-24T13:27:30.632+0000] {logging_mixin.py:137} INFO - [2023-04-24T13:27:30.632+0000] {dag.py:2690} INFO - Sync 1 DAGs
[2023-04-24T13:27:30.650+0000] {logging_mixin.py:137} INFO - [2023-04-24T13:27:30.650+0000] {dag.py:3441} INFO - Setting next_dagrun for example_branch_dop_operator_v3 to 2023-04-24T13:26:00+00:00, run_after=2023-04-24T13:27:00+00:00
[2023-04-24T13:27:30.665+0000] {processor.py:175} INFO - Processing /home/airflow/.local/lib/python3.7/site-packages/airflow/example_dags/example_branch_python_dop_operator_3.py took 0.075 seconds
[2023-04-24T13:28:01.007+0000] {processor.py:153} INFO - Started process (PID=3798) to work on /home/airflow/.local/lib/python3.7/site-packages/airflow/example_dags/example_branch_python_dop_operator_3.py
[2023-04-24T13:28:01.008+0000] {processor.py:743} INFO - Processing file /home/airflow/.local/lib/python3.7/site-packages/airflow/example_dags/example_branch_python_dop_operator_3.py for tasks to queue
[2023-04-24T13:28:01.009+0000] {logging_mixin.py:137} INFO - [2023-04-24T13:28:01.009+0000] {dagbag.py:538} INFO - Filling up the DagBag from /home/airflow/.local/lib/python3.7/site-packages/airflow/example_dags/example_branch_python_dop_operator_3.py
[2023-04-24T13:28:01.024+0000] {processor.py:753} INFO - DAG(s) dict_keys(['example_branch_dop_operator_v3']) retrieved from /home/airflow/.local/lib/python3.7/site-packages/airflow/example_dags/example_branch_python_dop_operator_3.py
[2023-04-24T13:28:01.043+0000] {logging_mixin.py:137} INFO - [2023-04-24T13:28:01.043+0000] {dag.py:2690} INFO - Sync 1 DAGs
[2023-04-24T13:28:01.059+0000] {logging_mixin.py:137} INFO - [2023-04-24T13:28:01.059+0000] {dag.py:3441} INFO - Setting next_dagrun for example_branch_dop_operator_v3 to 2023-04-24T13:27:00+00:00, run_after=2023-04-24T13:28:00+00:00
[2023-04-24T13:28:01.070+0000] {processor.py:175} INFO - Processing /home/airflow/.local/lib/python3.7/site-packages/airflow/example_dags/example_branch_python_dop_operator_3.py took 0.066 seconds
[2023-04-24T13:28:31.269+0000] {processor.py:153} INFO - Started process (PID=3874) to work on /home/airflow/.local/lib/python3.7/site-packages/airflow/example_dags/example_branch_python_dop_operator_3.py
[2023-04-24T13:28:31.270+0000] {processor.py:743} INFO - Processing file /home/airflow/.local/lib/python3.7/site-packages/airflow/example_dags/example_branch_python_dop_operator_3.py for tasks to queue
[2023-04-24T13:28:31.270+0000] {logging_mixin.py:137} INFO - [2023-04-24T13:28:31.270+0000] {dagbag.py:538} INFO - Filling up the DagBag from /home/airflow/.local/lib/python3.7/site-packages/airflow/example_dags/example_branch_python_dop_operator_3.py
[2023-04-24T13:28:31.285+0000] {processor.py:753} INFO - DAG(s) dict_keys(['example_branch_dop_operator_v3']) retrieved from /home/airflow/.local/lib/python3.7/site-packages/airflow/example_dags/example_branch_python_dop_operator_3.py
[2023-04-24T13:28:31.305+0000] {logging_mixin.py:137} INFO - [2023-04-24T13:28:31.304+0000] {dag.py:2690} INFO - Sync 1 DAGs
[2023-04-24T13:28:31.321+0000] {logging_mixin.py:137} INFO - [2023-04-24T13:28:31.321+0000] {dag.py:3441} INFO - Setting next_dagrun for example_branch_dop_operator_v3 to 2023-04-24T13:27:00+00:00, run_after=2023-04-24T13:28:00+00:00
[2023-04-24T13:28:31.332+0000] {processor.py:175} INFO - Processing /home/airflow/.local/lib/python3.7/site-packages/airflow/example_dags/example_branch_python_dop_operator_3.py took 0.066 seconds
[2023-04-24T13:29:01.516+0000] {processor.py:153} INFO - Started process (PID=3950) to work on /home/airflow/.local/lib/python3.7/site-packages/airflow/example_dags/example_branch_python_dop_operator_3.py
[2023-04-24T13:29:01.517+0000] {processor.py:743} INFO - Processing file /home/airflow/.local/lib/python3.7/site-packages/airflow/example_dags/example_branch_python_dop_operator_3.py for tasks to queue
[2023-04-24T13:29:01.518+0000] {logging_mixin.py:137} INFO - [2023-04-24T13:29:01.518+0000] {dagbag.py:538} INFO - Filling up the DagBag from /home/airflow/.local/lib/python3.7/site-packages/airflow/example_dags/example_branch_python_dop_operator_3.py
[2023-04-24T13:29:01.538+0000] {processor.py:753} INFO - DAG(s) dict_keys(['example_branch_dop_operator_v3']) retrieved from /home/airflow/.local/lib/python3.7/site-packages/airflow/example_dags/example_branch_python_dop_operator_3.py
[2023-04-24T13:29:01.562+0000] {logging_mixin.py:137} INFO - [2023-04-24T13:29:01.562+0000] {dag.py:2690} INFO - Sync 1 DAGs
[2023-04-24T13:29:01.584+0000] {logging_mixin.py:137} INFO - [2023-04-24T13:29:01.584+0000] {dag.py:3441} INFO - Setting next_dagrun for example_branch_dop_operator_v3 to 2023-04-24T13:28:00+00:00, run_after=2023-04-24T13:29:00+00:00
[2023-04-24T13:29:01.600+0000] {processor.py:175} INFO - Processing /home/airflow/.local/lib/python3.7/site-packages/airflow/example_dags/example_branch_python_dop_operator_3.py took 0.088 seconds
[2023-04-24T13:29:31.693+0000] {processor.py:153} INFO - Started process (PID=4014) to work on /home/airflow/.local/lib/python3.7/site-packages/airflow/example_dags/example_branch_python_dop_operator_3.py
[2023-04-24T13:29:31.696+0000] {processor.py:743} INFO - Processing file /home/airflow/.local/lib/python3.7/site-packages/airflow/example_dags/example_branch_python_dop_operator_3.py for tasks to queue
[2023-04-24T13:29:31.697+0000] {logging_mixin.py:137} INFO - [2023-04-24T13:29:31.697+0000] {dagbag.py:538} INFO - Filling up the DagBag from /home/airflow/.local/lib/python3.7/site-packages/airflow/example_dags/example_branch_python_dop_operator_3.py
[2023-04-24T13:29:31.712+0000] {processor.py:753} INFO - DAG(s) dict_keys(['example_branch_dop_operator_v3']) retrieved from /home/airflow/.local/lib/python3.7/site-packages/airflow/example_dags/example_branch_python_dop_operator_3.py
[2023-04-24T13:29:31.735+0000] {logging_mixin.py:137} INFO - [2023-04-24T13:29:31.735+0000] {dag.py:2690} INFO - Sync 1 DAGs
[2023-04-24T13:29:31.753+0000] {logging_mixin.py:137} INFO - [2023-04-24T13:29:31.753+0000] {dag.py:3441} INFO - Setting next_dagrun for example_branch_dop_operator_v3 to 2023-04-24T13:28:00+00:00, run_after=2023-04-24T13:29:00+00:00
[2023-04-24T13:29:31.764+0000] {processor.py:175} INFO - Processing /home/airflow/.local/lib/python3.7/site-packages/airflow/example_dags/example_branch_python_dop_operator_3.py took 0.075 seconds
[2023-04-24T13:30:02.221+0000] {processor.py:153} INFO - Started process (PID=4090) to work on /home/airflow/.local/lib/python3.7/site-packages/airflow/example_dags/example_branch_python_dop_operator_3.py
[2023-04-24T13:30:02.222+0000] {processor.py:743} INFO - Processing file /home/airflow/.local/lib/python3.7/site-packages/airflow/example_dags/example_branch_python_dop_operator_3.py for tasks to queue
[2023-04-24T13:30:02.223+0000] {logging_mixin.py:137} INFO - [2023-04-24T13:30:02.223+0000] {dagbag.py:538} INFO - Filling up the DagBag from /home/airflow/.local/lib/python3.7/site-packages/airflow/example_dags/example_branch_python_dop_operator_3.py
[2023-04-24T13:30:02.239+0000] {processor.py:753} INFO - DAG(s) dict_keys(['example_branch_dop_operator_v3']) retrieved from /home/airflow/.local/lib/python3.7/site-packages/airflow/example_dags/example_branch_python_dop_operator_3.py
[2023-04-24T13:30:02.258+0000] {logging_mixin.py:137} INFO - [2023-04-24T13:30:02.258+0000] {dag.py:2690} INFO - Sync 1 DAGs
[2023-04-24T13:30:02.275+0000] {logging_mixin.py:137} INFO - [2023-04-24T13:30:02.275+0000] {dag.py:3441} INFO - Setting next_dagrun for example_branch_dop_operator_v3 to 2023-04-24T13:29:00+00:00, run_after=2023-04-24T13:30:00+00:00
[2023-04-24T13:30:02.287+0000] {processor.py:175} INFO - Processing /home/airflow/.local/lib/python3.7/site-packages/airflow/example_dags/example_branch_python_dop_operator_3.py took 0.068 seconds
[2023-04-24T13:30:32.579+0000] {processor.py:153} INFO - Started process (PID=4167) to work on /home/airflow/.local/lib/python3.7/site-packages/airflow/example_dags/example_branch_python_dop_operator_3.py
[2023-04-24T13:30:32.580+0000] {processor.py:743} INFO - Processing file /home/airflow/.local/lib/python3.7/site-packages/airflow/example_dags/example_branch_python_dop_operator_3.py for tasks to queue
[2023-04-24T13:30:32.581+0000] {logging_mixin.py:137} INFO - [2023-04-24T13:30:32.581+0000] {dagbag.py:538} INFO - Filling up the DagBag from /home/airflow/.local/lib/python3.7/site-packages/airflow/example_dags/example_branch_python_dop_operator_3.py
[2023-04-24T13:30:32.598+0000] {processor.py:753} INFO - DAG(s) dict_keys(['example_branch_dop_operator_v3']) retrieved from /home/airflow/.local/lib/python3.7/site-packages/airflow/example_dags/example_branch_python_dop_operator_3.py
[2023-04-24T13:30:32.618+0000] {logging_mixin.py:137} INFO - [2023-04-24T13:30:32.618+0000] {dag.py:2690} INFO - Sync 1 DAGs
[2023-04-24T13:30:32.636+0000] {logging_mixin.py:137} INFO - [2023-04-24T13:30:32.636+0000] {dag.py:3441} INFO - Setting next_dagrun for example_branch_dop_operator_v3 to 2023-04-24T13:29:00+00:00, run_after=2023-04-24T13:30:00+00:00
[2023-04-24T13:30:32.649+0000] {processor.py:175} INFO - Processing /home/airflow/.local/lib/python3.7/site-packages/airflow/example_dags/example_branch_python_dop_operator_3.py took 0.073 seconds
[2023-04-24T13:31:02.828+0000] {processor.py:153} INFO - Started process (PID=4231) to work on /home/airflow/.local/lib/python3.7/site-packages/airflow/example_dags/example_branch_python_dop_operator_3.py
[2023-04-24T13:31:02.829+0000] {processor.py:743} INFO - Processing file /home/airflow/.local/lib/python3.7/site-packages/airflow/example_dags/example_branch_python_dop_operator_3.py for tasks to queue
[2023-04-24T13:31:02.829+0000] {logging_mixin.py:137} INFO - [2023-04-24T13:31:02.829+0000] {dagbag.py:538} INFO - Filling up the DagBag from /home/airflow/.local/lib/python3.7/site-packages/airflow/example_dags/example_branch_python_dop_operator_3.py
[2023-04-24T13:31:02.845+0000] {processor.py:753} INFO - DAG(s) dict_keys(['example_branch_dop_operator_v3']) retrieved from /home/airflow/.local/lib/python3.7/site-packages/airflow/example_dags/example_branch_python_dop_operator_3.py
[2023-04-24T13:31:02.865+0000] {logging_mixin.py:137} INFO - [2023-04-24T13:31:02.865+0000] {dag.py:2690} INFO - Sync 1 DAGs
[2023-04-24T13:31:02.883+0000] {logging_mixin.py:137} INFO - [2023-04-24T13:31:02.883+0000] {dag.py:3441} INFO - Setting next_dagrun for example_branch_dop_operator_v3 to 2023-04-24T13:30:00+00:00, run_after=2023-04-24T13:31:00+00:00
[2023-04-24T13:31:02.895+0000] {processor.py:175} INFO - Processing /home/airflow/.local/lib/python3.7/site-packages/airflow/example_dags/example_branch_python_dop_operator_3.py took 0.070 seconds
[2023-04-24T13:31:33.045+0000] {processor.py:153} INFO - Started process (PID=4307) to work on /home/airflow/.local/lib/python3.7/site-packages/airflow/example_dags/example_branch_python_dop_operator_3.py
[2023-04-24T13:31:33.047+0000] {processor.py:743} INFO - Processing file /home/airflow/.local/lib/python3.7/site-packages/airflow/example_dags/example_branch_python_dop_operator_3.py for tasks to queue
[2023-04-24T13:31:33.048+0000] {logging_mixin.py:137} INFO - [2023-04-24T13:31:33.048+0000] {dagbag.py:538} INFO - Filling up the DagBag from /home/airflow/.local/lib/python3.7/site-packages/airflow/example_dags/example_branch_python_dop_operator_3.py
[2023-04-24T13:31:33.064+0000] {processor.py:753} INFO - DAG(s) dict_keys(['example_branch_dop_operator_v3']) retrieved from /home/airflow/.local/lib/python3.7/site-packages/airflow/example_dags/example_branch_python_dop_operator_3.py
[2023-04-24T13:31:33.085+0000] {logging_mixin.py:137} INFO - [2023-04-24T13:31:33.085+0000] {dag.py:2690} INFO - Sync 1 DAGs
[2023-04-24T13:31:33.106+0000] {logging_mixin.py:137} INFO - [2023-04-24T13:31:33.106+0000] {dag.py:3441} INFO - Setting next_dagrun for example_branch_dop_operator_v3 to 2023-04-24T13:30:00+00:00, run_after=2023-04-24T13:31:00+00:00
[2023-04-24T13:31:33.120+0000] {processor.py:175} INFO - Processing /home/airflow/.local/lib/python3.7/site-packages/airflow/example_dags/example_branch_python_dop_operator_3.py took 0.077 seconds
[2023-04-24T13:32:03.403+0000] {processor.py:153} INFO - Started process (PID=4383) to work on /home/airflow/.local/lib/python3.7/site-packages/airflow/example_dags/example_branch_python_dop_operator_3.py
[2023-04-24T13:32:03.404+0000] {processor.py:743} INFO - Processing file /home/airflow/.local/lib/python3.7/site-packages/airflow/example_dags/example_branch_python_dop_operator_3.py for tasks to queue
[2023-04-24T13:32:03.405+0000] {logging_mixin.py:137} INFO - [2023-04-24T13:32:03.405+0000] {dagbag.py:538} INFO - Filling up the DagBag from /home/airflow/.local/lib/python3.7/site-packages/airflow/example_dags/example_branch_python_dop_operator_3.py
[2023-04-24T13:32:03.420+0000] {processor.py:753} INFO - DAG(s) dict_keys(['example_branch_dop_operator_v3']) retrieved from /home/airflow/.local/lib/python3.7/site-packages/airflow/example_dags/example_branch_python_dop_operator_3.py
[2023-04-24T13:32:03.439+0000] {logging_mixin.py:137} INFO - [2023-04-24T13:32:03.439+0000] {dag.py:2690} INFO - Sync 1 DAGs
[2023-04-24T13:32:03.456+0000] {logging_mixin.py:137} INFO - [2023-04-24T13:32:03.456+0000] {dag.py:3441} INFO - Setting next_dagrun for example_branch_dop_operator_v3 to 2023-04-24T13:31:00+00:00, run_after=2023-04-24T13:32:00+00:00
[2023-04-24T13:32:03.468+0000] {processor.py:175} INFO - Processing /home/airflow/.local/lib/python3.7/site-packages/airflow/example_dags/example_branch_python_dop_operator_3.py took 0.068 seconds
[2023-04-24T13:32:33.645+0000] {processor.py:153} INFO - Started process (PID=4447) to work on /home/airflow/.local/lib/python3.7/site-packages/airflow/example_dags/example_branch_python_dop_operator_3.py
[2023-04-24T13:32:33.646+0000] {processor.py:743} INFO - Processing file /home/airflow/.local/lib/python3.7/site-packages/airflow/example_dags/example_branch_python_dop_operator_3.py for tasks to queue
[2023-04-24T13:32:33.647+0000] {logging_mixin.py:137} INFO - [2023-04-24T13:32:33.647+0000] {dagbag.py:538} INFO - Filling up the DagBag from /home/airflow/.local/lib/python3.7/site-packages/airflow/example_dags/example_branch_python_dop_operator_3.py
[2023-04-24T13:32:33.663+0000] {processor.py:753} INFO - DAG(s) dict_keys(['example_branch_dop_operator_v3']) retrieved from /home/airflow/.local/lib/python3.7/site-packages/airflow/example_dags/example_branch_python_dop_operator_3.py
[2023-04-24T13:32:33.683+0000] {logging_mixin.py:137} INFO - [2023-04-24T13:32:33.683+0000] {dag.py:2690} INFO - Sync 1 DAGs
[2023-04-24T13:32:33.702+0000] {logging_mixin.py:137} INFO - [2023-04-24T13:32:33.701+0000] {dag.py:3441} INFO - Setting next_dagrun for example_branch_dop_operator_v3 to 2023-04-24T13:31:00+00:00, run_after=2023-04-24T13:32:00+00:00
[2023-04-24T13:32:33.714+0000] {processor.py:175} INFO - Processing /home/airflow/.local/lib/python3.7/site-packages/airflow/example_dags/example_branch_python_dop_operator_3.py took 0.071 seconds
[2023-04-24T13:33:03.907+0000] {processor.py:153} INFO - Started process (PID=4523) to work on /home/airflow/.local/lib/python3.7/site-packages/airflow/example_dags/example_branch_python_dop_operator_3.py
[2023-04-24T13:33:03.908+0000] {processor.py:743} INFO - Processing file /home/airflow/.local/lib/python3.7/site-packages/airflow/example_dags/example_branch_python_dop_operator_3.py for tasks to queue
[2023-04-24T13:33:03.910+0000] {logging_mixin.py:137} INFO - [2023-04-24T13:33:03.909+0000] {dagbag.py:538} INFO - Filling up the DagBag from /home/airflow/.local/lib/python3.7/site-packages/airflow/example_dags/example_branch_python_dop_operator_3.py
[2023-04-24T13:33:03.930+0000] {processor.py:753} INFO - DAG(s) dict_keys(['example_branch_dop_operator_v3']) retrieved from /home/airflow/.local/lib/python3.7/site-packages/airflow/example_dags/example_branch_python_dop_operator_3.py
[2023-04-24T13:33:03.961+0000] {logging_mixin.py:137} INFO - [2023-04-24T13:33:03.961+0000] {dag.py:2690} INFO - Sync 1 DAGs
[2023-04-24T13:33:03.980+0000] {logging_mixin.py:137} INFO - [2023-04-24T13:33:03.980+0000] {dag.py:3441} INFO - Setting next_dagrun for example_branch_dop_operator_v3 to 2023-04-24T13:32:00+00:00, run_after=2023-04-24T13:33:00+00:00
[2023-04-24T13:33:03.993+0000] {processor.py:175} INFO - Processing /home/airflow/.local/lib/python3.7/site-packages/airflow/example_dags/example_branch_python_dop_operator_3.py took 0.089 seconds
[2023-04-24T13:33:48.983+0000] {processor.py:153} INFO - Started process (PID=4571) to work on /home/airflow/.local/lib/python3.7/site-packages/airflow/example_dags/example_branch_python_dop_operator_3.py
[2023-04-24T13:33:48.985+0000] {processor.py:743} INFO - Processing file /home/airflow/.local/lib/python3.7/site-packages/airflow/example_dags/example_branch_python_dop_operator_3.py for tasks to queue
[2023-04-24T13:33:48.985+0000] {logging_mixin.py:137} INFO - [2023-04-24T13:33:48.985+0000] {dagbag.py:538} INFO - Filling up the DagBag from /home/airflow/.local/lib/python3.7/site-packages/airflow/example_dags/example_branch_python_dop_operator_3.py
[2023-04-24T13:33:49.002+0000] {processor.py:753} INFO - DAG(s) dict_keys(['example_branch_dop_operator_v3']) retrieved from /home/airflow/.local/lib/python3.7/site-packages/airflow/example_dags/example_branch_python_dop_operator_3.py
[2023-04-24T13:33:49.022+0000] {logging_mixin.py:137} INFO - [2023-04-24T13:33:49.022+0000] {dag.py:2690} INFO - Sync 1 DAGs
[2023-04-24T13:33:49.041+0000] {logging_mixin.py:137} INFO - [2023-04-24T13:33:49.041+0000] {dag.py:3441} INFO - Setting next_dagrun for example_branch_dop_operator_v3 to 2023-04-24T13:32:00+00:00, run_after=2023-04-24T13:33:00+00:00
[2023-04-24T13:33:49.055+0000] {processor.py:175} INFO - Processing /home/airflow/.local/lib/python3.7/site-packages/airflow/example_dags/example_branch_python_dop_operator_3.py took 0.075 seconds
[2023-04-24T13:34:19.469+0000] {processor.py:153} INFO - Started process (PID=4647) to work on /home/airflow/.local/lib/python3.7/site-packages/airflow/example_dags/example_branch_python_dop_operator_3.py
[2023-04-24T13:34:19.471+0000] {processor.py:743} INFO - Processing file /home/airflow/.local/lib/python3.7/site-packages/airflow/example_dags/example_branch_python_dop_operator_3.py for tasks to queue
[2023-04-24T13:34:19.471+0000] {logging_mixin.py:137} INFO - [2023-04-24T13:34:19.471+0000] {dagbag.py:538} INFO - Filling up the DagBag from /home/airflow/.local/lib/python3.7/site-packages/airflow/example_dags/example_branch_python_dop_operator_3.py
[2023-04-24T13:34:19.489+0000] {processor.py:753} INFO - DAG(s) dict_keys(['example_branch_dop_operator_v3']) retrieved from /home/airflow/.local/lib/python3.7/site-packages/airflow/example_dags/example_branch_python_dop_operator_3.py
[2023-04-24T13:34:19.509+0000] {logging_mixin.py:137} INFO - [2023-04-24T13:34:19.509+0000] {dag.py:2690} INFO - Sync 1 DAGs
[2023-04-24T13:34:19.528+0000] {logging_mixin.py:137} INFO - [2023-04-24T13:34:19.528+0000] {dag.py:3441} INFO - Setting next_dagrun for example_branch_dop_operator_v3 to 2023-04-24T13:33:00+00:00, run_after=2023-04-24T13:34:00+00:00
[2023-04-24T13:34:19.539+0000] {processor.py:175} INFO - Processing /home/airflow/.local/lib/python3.7/site-packages/airflow/example_dags/example_branch_python_dop_operator_3.py took 0.072 seconds
[2023-04-24T13:34:49.780+0000] {processor.py:153} INFO - Started process (PID=4723) to work on /home/airflow/.local/lib/python3.7/site-packages/airflow/example_dags/example_branch_python_dop_operator_3.py
[2023-04-24T13:34:49.781+0000] {processor.py:743} INFO - Processing file /home/airflow/.local/lib/python3.7/site-packages/airflow/example_dags/example_branch_python_dop_operator_3.py for tasks to queue
[2023-04-24T13:34:49.782+0000] {logging_mixin.py:137} INFO - [2023-04-24T13:34:49.782+0000] {dagbag.py:538} INFO - Filling up the DagBag from /home/airflow/.local/lib/python3.7/site-packages/airflow/example_dags/example_branch_python_dop_operator_3.py
[2023-04-24T13:34:49.799+0000] {processor.py:753} INFO - DAG(s) dict_keys(['example_branch_dop_operator_v3']) retrieved from /home/airflow/.local/lib/python3.7/site-packages/airflow/example_dags/example_branch_python_dop_operator_3.py
[2023-04-24T13:34:49.820+0000] {logging_mixin.py:137} INFO - [2023-04-24T13:34:49.820+0000] {dag.py:2690} INFO - Sync 1 DAGs
[2023-04-24T13:34:49.840+0000] {logging_mixin.py:137} INFO - [2023-04-24T13:34:49.840+0000] {dag.py:3441} INFO - Setting next_dagrun for example_branch_dop_operator_v3 to 2023-04-24T13:33:00+00:00, run_after=2023-04-24T13:34:00+00:00
[2023-04-24T13:34:49.852+0000] {processor.py:175} INFO - Processing /home/airflow/.local/lib/python3.7/site-packages/airflow/example_dags/example_branch_python_dop_operator_3.py took 0.075 seconds
[2023-04-24T13:35:20.068+0000] {processor.py:153} INFO - Started process (PID=4787) to work on /home/airflow/.local/lib/python3.7/site-packages/airflow/example_dags/example_branch_python_dop_operator_3.py
[2023-04-24T13:35:20.069+0000] {processor.py:743} INFO - Processing file /home/airflow/.local/lib/python3.7/site-packages/airflow/example_dags/example_branch_python_dop_operator_3.py for tasks to queue
[2023-04-24T13:35:20.070+0000] {logging_mixin.py:137} INFO - [2023-04-24T13:35:20.070+0000] {dagbag.py:538} INFO - Filling up the DagBag from /home/airflow/.local/lib/python3.7/site-packages/airflow/example_dags/example_branch_python_dop_operator_3.py
[2023-04-24T13:35:20.086+0000] {processor.py:753} INFO - DAG(s) dict_keys(['example_branch_dop_operator_v3']) retrieved from /home/airflow/.local/lib/python3.7/site-packages/airflow/example_dags/example_branch_python_dop_operator_3.py
[2023-04-24T13:35:20.105+0000] {logging_mixin.py:137} INFO - [2023-04-24T13:35:20.105+0000] {dag.py:2690} INFO - Sync 1 DAGs
[2023-04-24T13:35:20.122+0000] {logging_mixin.py:137} INFO - [2023-04-24T13:35:20.122+0000] {dag.py:3441} INFO - Setting next_dagrun for example_branch_dop_operator_v3 to 2023-04-24T13:34:00+00:00, run_after=2023-04-24T13:35:00+00:00
[2023-04-24T13:35:20.134+0000] {processor.py:175} INFO - Processing /home/airflow/.local/lib/python3.7/site-packages/airflow/example_dags/example_branch_python_dop_operator_3.py took 0.069 seconds
[2023-04-24T13:52:35.488+0000] {processor.py:153} INFO - Started process (PID=4863) to work on /home/airflow/.local/lib/python3.7/site-packages/airflow/example_dags/example_branch_python_dop_operator_3.py
[2023-04-24T13:52:35.489+0000] {processor.py:743} INFO - Processing file /home/airflow/.local/lib/python3.7/site-packages/airflow/example_dags/example_branch_python_dop_operator_3.py for tasks to queue
[2023-04-24T13:52:35.490+0000] {logging_mixin.py:137} INFO - [2023-04-24T13:52:35.489+0000] {dagbag.py:538} INFO - Filling up the DagBag from /home/airflow/.local/lib/python3.7/site-packages/airflow/example_dags/example_branch_python_dop_operator_3.py
[2023-04-24T13:52:35.506+0000] {processor.py:753} INFO - DAG(s) dict_keys(['example_branch_dop_operator_v3']) retrieved from /home/airflow/.local/lib/python3.7/site-packages/airflow/example_dags/example_branch_python_dop_operator_3.py
[2023-04-24T13:52:35.528+0000] {logging_mixin.py:137} INFO - [2023-04-24T13:52:35.527+0000] {dag.py:2690} INFO - Sync 1 DAGs
[2023-04-24T13:52:35.547+0000] {logging_mixin.py:137} INFO - [2023-04-24T13:52:35.547+0000] {dag.py:3441} INFO - Setting next_dagrun for example_branch_dop_operator_v3 to 2023-04-24T13:51:00+00:00, run_after=2023-04-24T13:52:00+00:00
[2023-04-24T13:52:35.566+0000] {processor.py:175} INFO - Processing /home/airflow/.local/lib/python3.7/site-packages/airflow/example_dags/example_branch_python_dop_operator_3.py took 0.081 seconds
[2023-04-24T14:31:29.322+0000] {processor.py:153} INFO - Started process (PID=4935) to work on /home/airflow/.local/lib/python3.7/site-packages/airflow/example_dags/example_branch_python_dop_operator_3.py
[2023-04-24T14:31:29.323+0000] {processor.py:743} INFO - Processing file /home/airflow/.local/lib/python3.7/site-packages/airflow/example_dags/example_branch_python_dop_operator_3.py for tasks to queue
[2023-04-24T14:31:29.324+0000] {logging_mixin.py:137} INFO - [2023-04-24T14:31:29.324+0000] {dagbag.py:538} INFO - Filling up the DagBag from /home/airflow/.local/lib/python3.7/site-packages/airflow/example_dags/example_branch_python_dop_operator_3.py
[2023-04-24T14:31:29.340+0000] {processor.py:753} INFO - DAG(s) dict_keys(['example_branch_dop_operator_v3']) retrieved from /home/airflow/.local/lib/python3.7/site-packages/airflow/example_dags/example_branch_python_dop_operator_3.py
[2023-04-24T14:31:29.361+0000] {logging_mixin.py:137} INFO - [2023-04-24T14:31:29.361+0000] {dag.py:2690} INFO - Sync 1 DAGs
[2023-04-24T14:31:29.378+0000] {logging_mixin.py:137} INFO - [2023-04-24T14:31:29.378+0000] {dag.py:3441} INFO - Setting next_dagrun for example_branch_dop_operator_v3 to 2023-04-24T14:30:00+00:00, run_after=2023-04-24T14:31:00+00:00
[2023-04-24T14:31:29.390+0000] {processor.py:175} INFO - Processing /home/airflow/.local/lib/python3.7/site-packages/airflow/example_dags/example_branch_python_dop_operator_3.py took 0.070 seconds
[2023-04-24T15:16:28.049+0000] {processor.py:153} INFO - Started process (PID=5002) to work on /home/airflow/.local/lib/python3.7/site-packages/airflow/example_dags/example_branch_python_dop_operator_3.py
[2023-04-24T15:16:28.055+0000] {processor.py:743} INFO - Processing file /home/airflow/.local/lib/python3.7/site-packages/airflow/example_dags/example_branch_python_dop_operator_3.py for tasks to queue
[2023-04-24T15:16:28.057+0000] {logging_mixin.py:137} INFO - [2023-04-24T15:16:28.057+0000] {dagbag.py:538} INFO - Filling up the DagBag from /home/airflow/.local/lib/python3.7/site-packages/airflow/example_dags/example_branch_python_dop_operator_3.py
[2023-04-24T15:16:28.093+0000] {processor.py:753} INFO - DAG(s) dict_keys(['example_branch_dop_operator_v3']) retrieved from /home/airflow/.local/lib/python3.7/site-packages/airflow/example_dags/example_branch_python_dop_operator_3.py
[2023-04-24T15:16:28.150+0000] {logging_mixin.py:137} INFO - [2023-04-24T15:16:28.150+0000] {dag.py:2690} INFO - Sync 1 DAGs
[2023-04-24T15:16:28.178+0000] {logging_mixin.py:137} INFO - [2023-04-24T15:16:28.178+0000] {dag.py:3441} INFO - Setting next_dagrun for example_branch_dop_operator_v3 to 2023-04-24T15:15:00+00:00, run_after=2023-04-24T15:16:00+00:00
[2023-04-24T15:16:28.480+0000] {processor.py:175} INFO - Processing /home/airflow/.local/lib/python3.7/site-packages/airflow/example_dags/example_branch_python_dop_operator_3.py took 0.436 seconds
[2023-04-24T16:21:50.147+0000] {processor.py:153} INFO - Started process (PID=5079) to work on /home/airflow/.local/lib/python3.7/site-packages/airflow/example_dags/example_branch_python_dop_operator_3.py
[2023-04-24T16:21:50.148+0000] {processor.py:743} INFO - Processing file /home/airflow/.local/lib/python3.7/site-packages/airflow/example_dags/example_branch_python_dop_operator_3.py for tasks to queue
[2023-04-24T16:21:50.149+0000] {logging_mixin.py:137} INFO - [2023-04-24T16:21:50.149+0000] {dagbag.py:538} INFO - Filling up the DagBag from /home/airflow/.local/lib/python3.7/site-packages/airflow/example_dags/example_branch_python_dop_operator_3.py
[2023-04-24T16:21:50.166+0000] {processor.py:753} INFO - DAG(s) dict_keys(['example_branch_dop_operator_v3']) retrieved from /home/airflow/.local/lib/python3.7/site-packages/airflow/example_dags/example_branch_python_dop_operator_3.py
[2023-04-24T16:21:50.188+0000] {logging_mixin.py:137} INFO - [2023-04-24T16:21:50.188+0000] {dag.py:2690} INFO - Sync 1 DAGs
[2023-04-24T16:21:50.207+0000] {logging_mixin.py:137} INFO - [2023-04-24T16:21:50.207+0000] {dag.py:3441} INFO - Setting next_dagrun for example_branch_dop_operator_v3 to 2023-04-24T16:20:00+00:00, run_after=2023-04-24T16:21:00+00:00
[2023-04-24T16:21:50.220+0000] {processor.py:175} INFO - Processing /home/airflow/.local/lib/python3.7/site-packages/airflow/example_dags/example_branch_python_dop_operator_3.py took 0.076 seconds
[2023-04-24T17:38:24.576+0000] {processor.py:153} INFO - Started process (PID=5143) to work on /home/airflow/.local/lib/python3.7/site-packages/airflow/example_dags/example_branch_python_dop_operator_3.py
[2023-04-24T17:38:24.577+0000] {processor.py:743} INFO - Processing file /home/airflow/.local/lib/python3.7/site-packages/airflow/example_dags/example_branch_python_dop_operator_3.py for tasks to queue
[2023-04-24T17:38:24.578+0000] {logging_mixin.py:137} INFO - [2023-04-24T17:38:24.578+0000] {dagbag.py:538} INFO - Filling up the DagBag from /home/airflow/.local/lib/python3.7/site-packages/airflow/example_dags/example_branch_python_dop_operator_3.py
[2023-04-24T17:38:24.595+0000] {processor.py:753} INFO - DAG(s) dict_keys(['example_branch_dop_operator_v3']) retrieved from /home/airflow/.local/lib/python3.7/site-packages/airflow/example_dags/example_branch_python_dop_operator_3.py
[2023-04-24T17:38:24.615+0000] {logging_mixin.py:137} INFO - [2023-04-24T17:38:24.614+0000] {dag.py:2690} INFO - Sync 1 DAGs
[2023-04-24T17:38:24.632+0000] {logging_mixin.py:137} INFO - [2023-04-24T17:38:24.632+0000] {dag.py:3441} INFO - Setting next_dagrun for example_branch_dop_operator_v3 to 2023-04-24T17:37:00+00:00, run_after=2023-04-24T17:38:00+00:00
[2023-04-24T17:38:24.643+0000] {processor.py:175} INFO - Processing /home/airflow/.local/lib/python3.7/site-packages/airflow/example_dags/example_branch_python_dop_operator_3.py took 0.070 seconds
[2023-04-24T18:45:20.911+0000] {processor.py:153} INFO - Started process (PID=5218) to work on /home/airflow/.local/lib/python3.7/site-packages/airflow/example_dags/example_branch_python_dop_operator_3.py
[2023-04-24T18:45:20.916+0000] {processor.py:743} INFO - Processing file /home/airflow/.local/lib/python3.7/site-packages/airflow/example_dags/example_branch_python_dop_operator_3.py for tasks to queue
[2023-04-24T18:45:20.918+0000] {logging_mixin.py:137} INFO - [2023-04-24T18:45:20.918+0000] {dagbag.py:538} INFO - Filling up the DagBag from /home/airflow/.local/lib/python3.7/site-packages/airflow/example_dags/example_branch_python_dop_operator_3.py
[2023-04-24T18:45:20.954+0000] {processor.py:753} INFO - DAG(s) dict_keys(['example_branch_dop_operator_v3']) retrieved from /home/airflow/.local/lib/python3.7/site-packages/airflow/example_dags/example_branch_python_dop_operator_3.py
[2023-04-24T18:45:21.016+0000] {logging_mixin.py:137} INFO - [2023-04-24T18:45:21.015+0000] {dag.py:2690} INFO - Sync 1 DAGs
[2023-04-24T18:45:21.044+0000] {logging_mixin.py:137} INFO - [2023-04-24T18:45:21.044+0000] {dag.py:3441} INFO - Setting next_dagrun for example_branch_dop_operator_v3 to 2023-04-24T18:44:00+00:00, run_after=2023-04-24T18:45:00+00:00
[2023-04-24T18:45:21.066+0000] {processor.py:175} INFO - Processing /home/airflow/.local/lib/python3.7/site-packages/airflow/example_dags/example_branch_python_dop_operator_3.py took 0.158 seconds
[2023-04-24T19:49:26.073+0000] {processor.py:153} INFO - Started process (PID=5294) to work on /home/airflow/.local/lib/python3.7/site-packages/airflow/example_dags/example_branch_python_dop_operator_3.py
[2023-04-24T19:49:26.074+0000] {processor.py:743} INFO - Processing file /home/airflow/.local/lib/python3.7/site-packages/airflow/example_dags/example_branch_python_dop_operator_3.py for tasks to queue
[2023-04-24T19:49:26.075+0000] {logging_mixin.py:137} INFO - [2023-04-24T19:49:26.075+0000] {dagbag.py:538} INFO - Filling up the DagBag from /home/airflow/.local/lib/python3.7/site-packages/airflow/example_dags/example_branch_python_dop_operator_3.py
[2023-04-24T19:49:26.094+0000] {processor.py:753} INFO - DAG(s) dict_keys(['example_branch_dop_operator_v3']) retrieved from /home/airflow/.local/lib/python3.7/site-packages/airflow/example_dags/example_branch_python_dop_operator_3.py
[2023-04-24T19:49:26.116+0000] {logging_mixin.py:137} INFO - [2023-04-24T19:49:26.116+0000] {dag.py:2690} INFO - Sync 1 DAGs
[2023-04-24T19:49:26.150+0000] {logging_mixin.py:137} INFO - [2023-04-24T19:49:26.150+0000] {dag.py:3441} INFO - Setting next_dagrun for example_branch_dop_operator_v3 to 2023-04-24T19:48:00+00:00, run_after=2023-04-24T19:49:00+00:00
[2023-04-24T19:49:26.173+0000] {processor.py:175} INFO - Processing /home/airflow/.local/lib/python3.7/site-packages/airflow/example_dags/example_branch_python_dop_operator_3.py took 0.103 seconds
[2023-04-24T20:25:34.063+0000] {processor.py:153} INFO - Started process (PID=5358) to work on /home/airflow/.local/lib/python3.7/site-packages/airflow/example_dags/example_branch_python_dop_operator_3.py
[2023-04-24T20:25:34.065+0000] {processor.py:743} INFO - Processing file /home/airflow/.local/lib/python3.7/site-packages/airflow/example_dags/example_branch_python_dop_operator_3.py for tasks to queue
[2023-04-24T20:25:34.065+0000] {logging_mixin.py:137} INFO - [2023-04-24T20:25:34.065+0000] {dagbag.py:538} INFO - Filling up the DagBag from /home/airflow/.local/lib/python3.7/site-packages/airflow/example_dags/example_branch_python_dop_operator_3.py
[2023-04-24T20:25:34.083+0000] {processor.py:753} INFO - DAG(s) dict_keys(['example_branch_dop_operator_v3']) retrieved from /home/airflow/.local/lib/python3.7/site-packages/airflow/example_dags/example_branch_python_dop_operator_3.py
[2023-04-24T20:25:34.110+0000] {logging_mixin.py:137} INFO - [2023-04-24T20:25:34.109+0000] {dag.py:2690} INFO - Sync 1 DAGs
[2023-04-24T20:25:34.128+0000] {logging_mixin.py:137} INFO - [2023-04-24T20:25:34.128+0000] {dag.py:3441} INFO - Setting next_dagrun for example_branch_dop_operator_v3 to 2023-04-24T20:24:00+00:00, run_after=2023-04-24T20:25:00+00:00
[2023-04-24T20:25:34.140+0000] {processor.py:175} INFO - Processing /home/airflow/.local/lib/python3.7/site-packages/airflow/example_dags/example_branch_python_dop_operator_3.py took 0.080 seconds
[2023-04-24T21:31:03.215+0000] {processor.py:153} INFO - Started process (PID=5434) to work on /home/airflow/.local/lib/python3.7/site-packages/airflow/example_dags/example_branch_python_dop_operator_3.py
[2023-04-24T21:31:03.217+0000] {processor.py:743} INFO - Processing file /home/airflow/.local/lib/python3.7/site-packages/airflow/example_dags/example_branch_python_dop_operator_3.py for tasks to queue
[2023-04-24T21:31:03.218+0000] {logging_mixin.py:137} INFO - [2023-04-24T21:31:03.218+0000] {dagbag.py:538} INFO - Filling up the DagBag from /home/airflow/.local/lib/python3.7/site-packages/airflow/example_dags/example_branch_python_dop_operator_3.py
[2023-04-24T21:31:03.240+0000] {processor.py:753} INFO - DAG(s) dict_keys(['example_branch_dop_operator_v3']) retrieved from /home/airflow/.local/lib/python3.7/site-packages/airflow/example_dags/example_branch_python_dop_operator_3.py
[2023-04-24T21:31:03.274+0000] {logging_mixin.py:137} INFO - [2023-04-24T21:31:03.274+0000] {dag.py:2690} INFO - Sync 1 DAGs
[2023-04-24T21:31:03.302+0000] {logging_mixin.py:137} INFO - [2023-04-24T21:31:03.301+0000] {dag.py:3441} INFO - Setting next_dagrun for example_branch_dop_operator_v3 to 2023-04-24T21:30:00+00:00, run_after=2023-04-24T21:31:00+00:00
[2023-04-24T21:31:03.322+0000] {processor.py:175} INFO - Processing /home/airflow/.local/lib/python3.7/site-packages/airflow/example_dags/example_branch_python_dop_operator_3.py took 0.112 seconds
[2023-04-24T22:36:51.724+0000] {processor.py:153} INFO - Started process (PID=5511) to work on /home/airflow/.local/lib/python3.7/site-packages/airflow/example_dags/example_branch_python_dop_operator_3.py
[2023-04-24T22:36:51.726+0000] {processor.py:743} INFO - Processing file /home/airflow/.local/lib/python3.7/site-packages/airflow/example_dags/example_branch_python_dop_operator_3.py for tasks to queue
[2023-04-24T22:36:51.726+0000] {logging_mixin.py:137} INFO - [2023-04-24T22:36:51.726+0000] {dagbag.py:538} INFO - Filling up the DagBag from /home/airflow/.local/lib/python3.7/site-packages/airflow/example_dags/example_branch_python_dop_operator_3.py
[2023-04-24T22:36:51.744+0000] {processor.py:753} INFO - DAG(s) dict_keys(['example_branch_dop_operator_v3']) retrieved from /home/airflow/.local/lib/python3.7/site-packages/airflow/example_dags/example_branch_python_dop_operator_3.py
[2023-04-24T22:36:51.765+0000] {logging_mixin.py:137} INFO - [2023-04-24T22:36:51.765+0000] {dag.py:2690} INFO - Sync 1 DAGs
[2023-04-24T22:36:51.786+0000] {logging_mixin.py:137} INFO - [2023-04-24T22:36:51.786+0000] {dag.py:3441} INFO - Setting next_dagrun for example_branch_dop_operator_v3 to 2023-04-24T22:35:00+00:00, run_after=2023-04-24T22:36:00+00:00
[2023-04-24T22:36:51.798+0000] {processor.py:175} INFO - Processing /home/airflow/.local/lib/python3.7/site-packages/airflow/example_dags/example_branch_python_dop_operator_3.py took 0.077 seconds
