[2023-04-24T12:36:22.139+0000] {processor.py:153} INFO - Started process (PID=195) to work on /home/airflow/.local/lib/python3.7/site-packages/airflow/example_dags/example_sensor_decorator.py
[2023-04-24T12:36:22.308+0000] {processor.py:743} INFO - Processing file /home/airflow/.local/lib/python3.7/site-packages/airflow/example_dags/example_sensor_decorator.py for tasks to queue
[2023-04-24T12:36:22.311+0000] {logging_mixin.py:137} INFO - [2023-04-24T12:36:22.311+0000] {dagbag.py:538} INFO - Filling up the DagBag from /home/airflow/.local/lib/python3.7/site-packages/airflow/example_dags/example_sensor_decorator.py
[2023-04-24T12:36:23.654+0000] {processor.py:753} INFO - DAG(s) dict_keys(['example_sensor_decorator']) retrieved from /home/airflow/.local/lib/python3.7/site-packages/airflow/example_dags/example_sensor_decorator.py
[2023-04-24T12:36:24.180+0000] {logging_mixin.py:137} INFO - [2023-04-24T12:36:24.180+0000] {dag.py:2690} INFO - Sync 1 DAGs
[2023-04-24T12:36:25.188+0000] {logging_mixin.py:137} INFO - [2023-04-24T12:36:25.187+0000] {dag.py:2711} INFO - Creating ORM DAG for example_sensor_decorator
[2023-04-24T12:36:26.039+0000] {logging_mixin.py:137} INFO - [2023-04-24T12:36:26.039+0000] {dag.py:3441} INFO - Setting next_dagrun for example_sensor_decorator to None, run_after=None
[2023-04-24T12:36:27.059+0000] {processor.py:175} INFO - Processing /home/airflow/.local/lib/python3.7/site-packages/airflow/example_dags/example_sensor_decorator.py took 5.000 seconds
[2023-04-24T12:40:08.525+0000] {processor.py:153} INFO - Started process (PID=324) to work on /home/airflow/.local/lib/python3.7/site-packages/airflow/example_dags/example_sensor_decorator.py
[2023-04-24T12:40:08.528+0000] {processor.py:743} INFO - Processing file /home/airflow/.local/lib/python3.7/site-packages/airflow/example_dags/example_sensor_decorator.py for tasks to queue
[2023-04-24T12:40:08.531+0000] {logging_mixin.py:137} INFO - [2023-04-24T12:40:08.531+0000] {dagbag.py:538} INFO - Filling up the DagBag from /home/airflow/.local/lib/python3.7/site-packages/airflow/example_dags/example_sensor_decorator.py
[2023-04-24T12:40:08.956+0000] {processor.py:753} INFO - DAG(s) dict_keys(['example_sensor_decorator']) retrieved from /home/airflow/.local/lib/python3.7/site-packages/airflow/example_dags/example_sensor_decorator.py
[2023-04-24T12:40:09.505+0000] {logging_mixin.py:137} INFO - [2023-04-24T12:40:09.505+0000] {dag.py:2690} INFO - Sync 1 DAGs
[2023-04-24T12:40:09.924+0000] {logging_mixin.py:137} INFO - [2023-04-24T12:40:09.924+0000] {dag.py:3441} INFO - Setting next_dagrun for example_sensor_decorator to None, run_after=None
[2023-04-24T12:40:10.135+0000] {processor.py:175} INFO - Processing /home/airflow/.local/lib/python3.7/site-packages/airflow/example_dags/example_sensor_decorator.py took 1.672 seconds
[2023-04-24T12:40:57.579+0000] {processor.py:153} INFO - Started process (PID=383) to work on /home/airflow/.local/lib/python3.7/site-packages/airflow/example_dags/example_sensor_decorator.py
[2023-04-24T12:40:57.582+0000] {processor.py:743} INFO - Processing file /home/airflow/.local/lib/python3.7/site-packages/airflow/example_dags/example_sensor_decorator.py for tasks to queue
[2023-04-24T12:40:57.589+0000] {logging_mixin.py:137} INFO - [2023-04-24T12:40:57.589+0000] {dagbag.py:538} INFO - Filling up the DagBag from /home/airflow/.local/lib/python3.7/site-packages/airflow/example_dags/example_sensor_decorator.py
[2023-04-24T12:41:02.113+0000] {processor.py:753} INFO - DAG(s) dict_keys(['example_sensor_decorator']) retrieved from /home/airflow/.local/lib/python3.7/site-packages/airflow/example_dags/example_sensor_decorator.py
[2023-04-24T12:41:06.137+0000] {logging_mixin.py:137} INFO - [2023-04-24T12:41:06.136+0000] {dag.py:2690} INFO - Sync 1 DAGs
[2023-04-24T12:41:07.847+0000] {logging_mixin.py:137} INFO - [2023-04-24T12:41:07.846+0000] {dag.py:3441} INFO - Setting next_dagrun for example_sensor_decorator to None, run_after=None
[2023-04-24T12:41:09.407+0000] {processor.py:175} INFO - Processing /home/airflow/.local/lib/python3.7/site-packages/airflow/example_dags/example_sensor_decorator.py took 11.871 seconds
[2023-04-24T12:41:43.023+0000] {processor.py:153} INFO - Started process (PID=443) to work on /home/airflow/.local/lib/python3.7/site-packages/airflow/example_dags/example_sensor_decorator.py
[2023-04-24T12:41:43.036+0000] {processor.py:743} INFO - Processing file /home/airflow/.local/lib/python3.7/site-packages/airflow/example_dags/example_sensor_decorator.py for tasks to queue
[2023-04-24T12:41:43.038+0000] {logging_mixin.py:137} INFO - [2023-04-24T12:41:43.037+0000] {dagbag.py:538} INFO - Filling up the DagBag from /home/airflow/.local/lib/python3.7/site-packages/airflow/example_dags/example_sensor_decorator.py
[2023-04-24T12:41:43.136+0000] {processor.py:753} INFO - DAG(s) dict_keys(['example_sensor_decorator']) retrieved from /home/airflow/.local/lib/python3.7/site-packages/airflow/example_dags/example_sensor_decorator.py
[2023-04-24T12:41:43.205+0000] {logging_mixin.py:137} INFO - [2023-04-24T12:41:43.205+0000] {dag.py:2690} INFO - Sync 1 DAGs
[2023-04-24T12:41:43.245+0000] {logging_mixin.py:137} INFO - [2023-04-24T12:41:43.245+0000] {dag.py:3441} INFO - Setting next_dagrun for example_sensor_decorator to None, run_after=None
[2023-04-24T12:41:43.331+0000] {processor.py:175} INFO - Processing /home/airflow/.local/lib/python3.7/site-packages/airflow/example_dags/example_sensor_decorator.py took 0.313 seconds
[2023-04-24T12:43:35.590+0000] {processor.py:153} INFO - Started process (PID=525) to work on /home/airflow/.local/lib/python3.7/site-packages/airflow/example_dags/example_sensor_decorator.py
[2023-04-24T12:43:35.613+0000] {processor.py:743} INFO - Processing file /home/airflow/.local/lib/python3.7/site-packages/airflow/example_dags/example_sensor_decorator.py for tasks to queue
[2023-04-24T12:43:35.614+0000] {logging_mixin.py:137} INFO - [2023-04-24T12:43:35.614+0000] {dagbag.py:538} INFO - Filling up the DagBag from /home/airflow/.local/lib/python3.7/site-packages/airflow/example_dags/example_sensor_decorator.py
[2023-04-24T12:43:39.471+0000] {processor.py:753} INFO - DAG(s) dict_keys(['example_sensor_decorator']) retrieved from /home/airflow/.local/lib/python3.7/site-packages/airflow/example_dags/example_sensor_decorator.py
[2023-04-24T12:43:44.639+0000] {logging_mixin.py:137} INFO - [2023-04-24T12:43:44.624+0000] {dag.py:2690} INFO - Sync 1 DAGs
[2023-04-24T12:43:45.412+0000] {logging_mixin.py:137} INFO - [2023-04-24T12:43:45.405+0000] {dag.py:3441} INFO - Setting next_dagrun for example_sensor_decorator to None, run_after=None
[2023-04-24T12:43:49.358+0000] {processor.py:175} INFO - Processing /home/airflow/.local/lib/python3.7/site-packages/airflow/example_dags/example_sensor_decorator.py took 13.777 seconds
[2023-04-24T12:47:41.915+0000] {processor.py:153} INFO - Started process (PID=632) to work on /home/airflow/.local/lib/python3.7/site-packages/airflow/example_dags/example_sensor_decorator.py
[2023-04-24T12:47:41.935+0000] {processor.py:743} INFO - Processing file /home/airflow/.local/lib/python3.7/site-packages/airflow/example_dags/example_sensor_decorator.py for tasks to queue
[2023-04-24T12:47:41.940+0000] {logging_mixin.py:137} INFO - [2023-04-24T12:47:41.940+0000] {dagbag.py:538} INFO - Filling up the DagBag from /home/airflow/.local/lib/python3.7/site-packages/airflow/example_dags/example_sensor_decorator.py
[2023-04-24T12:47:42.556+0000] {processor.py:753} INFO - DAG(s) dict_keys(['example_sensor_decorator']) retrieved from /home/airflow/.local/lib/python3.7/site-packages/airflow/example_dags/example_sensor_decorator.py
[2023-04-24T12:47:42.809+0000] {logging_mixin.py:137} INFO - [2023-04-24T12:47:42.809+0000] {dag.py:2690} INFO - Sync 1 DAGs
[2023-04-24T12:47:43.151+0000] {logging_mixin.py:137} INFO - [2023-04-24T12:47:43.140+0000] {dag.py:3441} INFO - Setting next_dagrun for example_sensor_decorator to None, run_after=None
[2023-04-24T12:47:43.473+0000] {processor.py:175} INFO - Processing /home/airflow/.local/lib/python3.7/site-packages/airflow/example_dags/example_sensor_decorator.py took 1.576 seconds
[2023-04-24T12:48:27.848+0000] {processor.py:153} INFO - Started process (PID=681) to work on /home/airflow/.local/lib/python3.7/site-packages/airflow/example_dags/example_sensor_decorator.py
[2023-04-24T12:48:27.896+0000] {processor.py:743} INFO - Processing file /home/airflow/.local/lib/python3.7/site-packages/airflow/example_dags/example_sensor_decorator.py for tasks to queue
[2023-04-24T12:48:27.948+0000] {logging_mixin.py:137} INFO - [2023-04-24T12:48:27.948+0000] {dagbag.py:538} INFO - Filling up the DagBag from /home/airflow/.local/lib/python3.7/site-packages/airflow/example_dags/example_sensor_decorator.py
[2023-04-24T12:48:33.809+0000] {processor.py:753} INFO - DAG(s) dict_keys(['example_sensor_decorator']) retrieved from /home/airflow/.local/lib/python3.7/site-packages/airflow/example_dags/example_sensor_decorator.py
[2023-04-24T12:48:41.709+0000] {logging_mixin.py:137} INFO - [2023-04-24T12:48:41.709+0000] {dag.py:2690} INFO - Sync 1 DAGs
[2023-04-24T12:48:42.458+0000] {logging_mixin.py:137} INFO - [2023-04-24T12:48:42.390+0000] {dag.py:3441} INFO - Setting next_dagrun for example_sensor_decorator to None, run_after=None
[2023-04-24T12:48:44.489+0000] {processor.py:175} INFO - Processing /home/airflow/.local/lib/python3.7/site-packages/airflow/example_dags/example_sensor_decorator.py took 16.770 seconds
[2023-04-24T12:50:38.778+0000] {processor.py:153} INFO - Started process (PID=743) to work on /home/airflow/.local/lib/python3.7/site-packages/airflow/example_dags/example_sensor_decorator.py
[2023-04-24T12:50:38.836+0000] {processor.py:743} INFO - Processing file /home/airflow/.local/lib/python3.7/site-packages/airflow/example_dags/example_sensor_decorator.py for tasks to queue
[2023-04-24T12:50:38.890+0000] {logging_mixin.py:137} INFO - [2023-04-24T12:50:38.890+0000] {dagbag.py:538} INFO - Filling up the DagBag from /home/airflow/.local/lib/python3.7/site-packages/airflow/example_dags/example_sensor_decorator.py
[2023-04-24T12:50:50.673+0000] {processor.py:753} INFO - DAG(s) dict_keys(['example_sensor_decorator']) retrieved from /home/airflow/.local/lib/python3.7/site-packages/airflow/example_dags/example_sensor_decorator.py
[2023-04-24T12:50:59.825+0000] {logging_mixin.py:137} INFO - [2023-04-24T12:50:59.811+0000] {dag.py:2690} INFO - Sync 1 DAGs
[2023-04-24T12:51:08.290+0000] {logging_mixin.py:137} INFO - [2023-04-24T12:51:08.289+0000] {dag.py:3441} INFO - Setting next_dagrun for example_sensor_decorator to None, run_after=None
[2023-04-24T12:51:19.744+0000] {processor.py:175} INFO - Processing /home/airflow/.local/lib/python3.7/site-packages/airflow/example_dags/example_sensor_decorator.py took 41.175 seconds
[2023-04-24T12:56:31.783+0000] {processor.py:153} INFO - Started process (PID=912) to work on /home/airflow/.local/lib/python3.7/site-packages/airflow/example_dags/example_sensor_decorator.py
[2023-04-24T12:56:31.785+0000] {processor.py:743} INFO - Processing file /home/airflow/.local/lib/python3.7/site-packages/airflow/example_dags/example_sensor_decorator.py for tasks to queue
[2023-04-24T12:56:31.787+0000] {logging_mixin.py:137} INFO - [2023-04-24T12:56:31.787+0000] {dagbag.py:538} INFO - Filling up the DagBag from /home/airflow/.local/lib/python3.7/site-packages/airflow/example_dags/example_sensor_decorator.py
[2023-04-24T12:56:32.278+0000] {processor.py:753} INFO - DAG(s) dict_keys(['example_sensor_decorator']) retrieved from /home/airflow/.local/lib/python3.7/site-packages/airflow/example_dags/example_sensor_decorator.py
[2023-04-24T12:56:32.543+0000] {logging_mixin.py:137} INFO - [2023-04-24T12:56:32.543+0000] {dag.py:2690} INFO - Sync 1 DAGs
[2023-04-24T12:56:32.850+0000] {logging_mixin.py:137} INFO - [2023-04-24T12:56:32.850+0000] {dag.py:3441} INFO - Setting next_dagrun for example_sensor_decorator to None, run_after=None
[2023-04-24T12:56:32.969+0000] {processor.py:175} INFO - Processing /home/airflow/.local/lib/python3.7/site-packages/airflow/example_dags/example_sensor_decorator.py took 1.263 seconds
[2023-04-24T12:57:57.340+0000] {processor.py:153} INFO - Started process (PID=975) to work on /home/airflow/.local/lib/python3.7/site-packages/airflow/example_dags/example_sensor_decorator.py
[2023-04-24T12:57:57.365+0000] {processor.py:743} INFO - Processing file /home/airflow/.local/lib/python3.7/site-packages/airflow/example_dags/example_sensor_decorator.py for tasks to queue
[2023-04-24T12:57:57.380+0000] {logging_mixin.py:137} INFO - [2023-04-24T12:57:57.379+0000] {dagbag.py:538} INFO - Filling up the DagBag from /home/airflow/.local/lib/python3.7/site-packages/airflow/example_dags/example_sensor_decorator.py
[2023-04-24T12:57:58.064+0000] {processor.py:753} INFO - DAG(s) dict_keys(['example_sensor_decorator']) retrieved from /home/airflow/.local/lib/python3.7/site-packages/airflow/example_dags/example_sensor_decorator.py
[2023-04-24T12:57:58.708+0000] {logging_mixin.py:137} INFO - [2023-04-24T12:57:58.707+0000] {dag.py:2690} INFO - Sync 1 DAGs
[2023-04-24T12:57:59.222+0000] {logging_mixin.py:137} INFO - [2023-04-24T12:57:59.222+0000] {dag.py:3441} INFO - Setting next_dagrun for example_sensor_decorator to None, run_after=None
[2023-04-24T12:58:00.163+0000] {processor.py:175} INFO - Processing /home/airflow/.local/lib/python3.7/site-packages/airflow/example_dags/example_sensor_decorator.py took 2.877 seconds
[2023-04-24T12:58:52.798+0000] {processor.py:153} INFO - Started process (PID=1037) to work on /home/airflow/.local/lib/python3.7/site-packages/airflow/example_dags/example_sensor_decorator.py
[2023-04-24T12:58:53.004+0000] {processor.py:743} INFO - Processing file /home/airflow/.local/lib/python3.7/site-packages/airflow/example_dags/example_sensor_decorator.py for tasks to queue
[2023-04-24T12:58:54.186+0000] {logging_mixin.py:137} INFO - [2023-04-24T12:58:54.185+0000] {dagbag.py:538} INFO - Filling up the DagBag from /home/airflow/.local/lib/python3.7/site-packages/airflow/example_dags/example_sensor_decorator.py
[2023-04-24T12:59:01.318+0000] {processor.py:753} INFO - DAG(s) dict_keys(['example_sensor_decorator']) retrieved from /home/airflow/.local/lib/python3.7/site-packages/airflow/example_dags/example_sensor_decorator.py
[2023-04-24T12:59:06.915+0000] {logging_mixin.py:137} INFO - [2023-04-24T12:59:06.915+0000] {dag.py:2690} INFO - Sync 1 DAGs
[2023-04-24T12:59:07.206+0000] {logging_mixin.py:137} INFO - [2023-04-24T12:59:07.206+0000] {dag.py:3441} INFO - Setting next_dagrun for example_sensor_decorator to None, run_after=None
[2023-04-24T12:59:07.634+0000] {processor.py:175} INFO - Processing /home/airflow/.local/lib/python3.7/site-packages/airflow/example_dags/example_sensor_decorator.py took 15.016 seconds
[2023-04-24T13:02:14.364+0000] {processor.py:153} INFO - Started process (PID=1135) to work on /home/airflow/.local/lib/python3.7/site-packages/airflow/example_dags/example_sensor_decorator.py
[2023-04-24T13:02:14.373+0000] {processor.py:743} INFO - Processing file /home/airflow/.local/lib/python3.7/site-packages/airflow/example_dags/example_sensor_decorator.py for tasks to queue
[2023-04-24T13:02:14.376+0000] {logging_mixin.py:137} INFO - [2023-04-24T13:02:14.376+0000] {dagbag.py:538} INFO - Filling up the DagBag from /home/airflow/.local/lib/python3.7/site-packages/airflow/example_dags/example_sensor_decorator.py
[2023-04-24T13:02:14.520+0000] {processor.py:753} INFO - DAG(s) dict_keys(['example_sensor_decorator']) retrieved from /home/airflow/.local/lib/python3.7/site-packages/airflow/example_dags/example_sensor_decorator.py
[2023-04-24T13:02:14.724+0000] {logging_mixin.py:137} INFO - [2023-04-24T13:02:14.724+0000] {dag.py:2690} INFO - Sync 1 DAGs
[2023-04-24T13:02:14.877+0000] {logging_mixin.py:137} INFO - [2023-04-24T13:02:14.876+0000] {dag.py:3441} INFO - Setting next_dagrun for example_sensor_decorator to None, run_after=None
[2023-04-24T13:02:14.967+0000] {processor.py:175} INFO - Processing /home/airflow/.local/lib/python3.7/site-packages/airflow/example_dags/example_sensor_decorator.py took 0.634 seconds
[2023-04-24T13:04:25.793+0000] {processor.py:153} INFO - Started process (PID=1218) to work on /home/airflow/.local/lib/python3.7/site-packages/airflow/example_dags/example_sensor_decorator.py
[2023-04-24T13:04:25.799+0000] {processor.py:743} INFO - Processing file /home/airflow/.local/lib/python3.7/site-packages/airflow/example_dags/example_sensor_decorator.py for tasks to queue
[2023-04-24T13:04:25.816+0000] {logging_mixin.py:137} INFO - [2023-04-24T13:04:25.816+0000] {dagbag.py:538} INFO - Filling up the DagBag from /home/airflow/.local/lib/python3.7/site-packages/airflow/example_dags/example_sensor_decorator.py
[2023-04-24T13:04:26.109+0000] {processor.py:753} INFO - DAG(s) dict_keys(['example_sensor_decorator']) retrieved from /home/airflow/.local/lib/python3.7/site-packages/airflow/example_dags/example_sensor_decorator.py
[2023-04-24T13:04:26.263+0000] {logging_mixin.py:137} INFO - [2023-04-24T13:04:26.263+0000] {dag.py:2690} INFO - Sync 1 DAGs
[2023-04-24T13:04:26.488+0000] {logging_mixin.py:137} INFO - [2023-04-24T13:04:26.487+0000] {dag.py:3441} INFO - Setting next_dagrun for example_sensor_decorator to None, run_after=None
[2023-04-24T13:04:26.645+0000] {processor.py:175} INFO - Processing /home/airflow/.local/lib/python3.7/site-packages/airflow/example_dags/example_sensor_decorator.py took 0.887 seconds
[2023-04-24T13:05:30.987+0000] {processor.py:153} INFO - Started process (PID=1277) to work on /home/airflow/.local/lib/python3.7/site-packages/airflow/example_dags/example_sensor_decorator.py
[2023-04-24T13:05:30.995+0000] {processor.py:743} INFO - Processing file /home/airflow/.local/lib/python3.7/site-packages/airflow/example_dags/example_sensor_decorator.py for tasks to queue
[2023-04-24T13:05:30.997+0000] {logging_mixin.py:137} INFO - [2023-04-24T13:05:30.997+0000] {dagbag.py:538} INFO - Filling up the DagBag from /home/airflow/.local/lib/python3.7/site-packages/airflow/example_dags/example_sensor_decorator.py
[2023-04-24T13:05:33.388+0000] {processor.py:753} INFO - DAG(s) dict_keys(['example_sensor_decorator']) retrieved from /home/airflow/.local/lib/python3.7/site-packages/airflow/example_dags/example_sensor_decorator.py
[2023-04-24T13:05:35.954+0000] {logging_mixin.py:137} INFO - [2023-04-24T13:05:35.954+0000] {dag.py:2690} INFO - Sync 1 DAGs
[2023-04-24T13:05:36.272+0000] {logging_mixin.py:137} INFO - [2023-04-24T13:05:36.271+0000] {dag.py:3441} INFO - Setting next_dagrun for example_sensor_decorator to None, run_after=None
[2023-04-24T13:05:36.604+0000] {processor.py:175} INFO - Processing /home/airflow/.local/lib/python3.7/site-packages/airflow/example_dags/example_sensor_decorator.py took 6.807 seconds
[2023-04-24T13:11:47.431+0000] {processor.py:153} INFO - Started process (PID=1463) to work on /home/airflow/.local/lib/python3.7/site-packages/airflow/example_dags/example_sensor_decorator.py
[2023-04-24T13:11:47.475+0000] {processor.py:743} INFO - Processing file /home/airflow/.local/lib/python3.7/site-packages/airflow/example_dags/example_sensor_decorator.py for tasks to queue
[2023-04-24T13:11:47.477+0000] {logging_mixin.py:137} INFO - [2023-04-24T13:11:47.477+0000] {dagbag.py:538} INFO - Filling up the DagBag from /home/airflow/.local/lib/python3.7/site-packages/airflow/example_dags/example_sensor_decorator.py
[2023-04-24T13:11:47.723+0000] {processor.py:753} INFO - DAG(s) dict_keys(['example_sensor_decorator']) retrieved from /home/airflow/.local/lib/python3.7/site-packages/airflow/example_dags/example_sensor_decorator.py
[2023-04-24T13:11:47.815+0000] {logging_mixin.py:137} INFO - [2023-04-24T13:11:47.813+0000] {dag.py:2690} INFO - Sync 1 DAGs
[2023-04-24T13:11:47.859+0000] {logging_mixin.py:137} INFO - [2023-04-24T13:11:47.859+0000] {dag.py:3441} INFO - Setting next_dagrun for example_sensor_decorator to None, run_after=None
[2023-04-24T13:11:47.887+0000] {processor.py:175} INFO - Processing /home/airflow/.local/lib/python3.7/site-packages/airflow/example_dags/example_sensor_decorator.py took 0.562 seconds
[2023-04-24T13:12:17.978+0000] {processor.py:153} INFO - Started process (PID=1532) to work on /home/airflow/.local/lib/python3.7/site-packages/airflow/example_dags/example_sensor_decorator.py
[2023-04-24T13:12:17.982+0000] {processor.py:743} INFO - Processing file /home/airflow/.local/lib/python3.7/site-packages/airflow/example_dags/example_sensor_decorator.py for tasks to queue
[2023-04-24T13:12:17.985+0000] {logging_mixin.py:137} INFO - [2023-04-24T13:12:17.985+0000] {dagbag.py:538} INFO - Filling up the DagBag from /home/airflow/.local/lib/python3.7/site-packages/airflow/example_dags/example_sensor_decorator.py
[2023-04-24T13:12:18.026+0000] {processor.py:753} INFO - DAG(s) dict_keys(['example_sensor_decorator']) retrieved from /home/airflow/.local/lib/python3.7/site-packages/airflow/example_dags/example_sensor_decorator.py
[2023-04-24T13:12:18.041+0000] {logging_mixin.py:137} INFO - [2023-04-24T13:12:18.040+0000] {dag.py:2690} INFO - Sync 1 DAGs
[2023-04-24T13:12:18.063+0000] {logging_mixin.py:137} INFO - [2023-04-24T13:12:18.062+0000] {dag.py:3441} INFO - Setting next_dagrun for example_sensor_decorator to None, run_after=None
[2023-04-24T13:12:18.082+0000] {processor.py:175} INFO - Processing /home/airflow/.local/lib/python3.7/site-packages/airflow/example_dags/example_sensor_decorator.py took 0.107 seconds
[2023-04-24T13:12:48.338+0000] {processor.py:153} INFO - Started process (PID=1596) to work on /home/airflow/.local/lib/python3.7/site-packages/airflow/example_dags/example_sensor_decorator.py
[2023-04-24T13:12:48.339+0000] {processor.py:743} INFO - Processing file /home/airflow/.local/lib/python3.7/site-packages/airflow/example_dags/example_sensor_decorator.py for tasks to queue
[2023-04-24T13:12:48.340+0000] {logging_mixin.py:137} INFO - [2023-04-24T13:12:48.340+0000] {dagbag.py:538} INFO - Filling up the DagBag from /home/airflow/.local/lib/python3.7/site-packages/airflow/example_dags/example_sensor_decorator.py
[2023-04-24T13:12:48.354+0000] {processor.py:753} INFO - DAG(s) dict_keys(['example_sensor_decorator']) retrieved from /home/airflow/.local/lib/python3.7/site-packages/airflow/example_dags/example_sensor_decorator.py
[2023-04-24T13:12:48.373+0000] {logging_mixin.py:137} INFO - [2023-04-24T13:12:48.373+0000] {dag.py:2690} INFO - Sync 1 DAGs
[2023-04-24T13:12:48.387+0000] {logging_mixin.py:137} INFO - [2023-04-24T13:12:48.387+0000] {dag.py:3441} INFO - Setting next_dagrun for example_sensor_decorator to None, run_after=None
[2023-04-24T13:12:48.398+0000] {processor.py:175} INFO - Processing /home/airflow/.local/lib/python3.7/site-packages/airflow/example_dags/example_sensor_decorator.py took 0.063 seconds
[2023-04-24T13:13:18.500+0000] {processor.py:153} INFO - Started process (PID=1672) to work on /home/airflow/.local/lib/python3.7/site-packages/airflow/example_dags/example_sensor_decorator.py
[2023-04-24T13:13:18.501+0000] {processor.py:743} INFO - Processing file /home/airflow/.local/lib/python3.7/site-packages/airflow/example_dags/example_sensor_decorator.py for tasks to queue
[2023-04-24T13:13:18.502+0000] {logging_mixin.py:137} INFO - [2023-04-24T13:13:18.502+0000] {dagbag.py:538} INFO - Filling up the DagBag from /home/airflow/.local/lib/python3.7/site-packages/airflow/example_dags/example_sensor_decorator.py
[2023-04-24T13:13:18.516+0000] {processor.py:753} INFO - DAG(s) dict_keys(['example_sensor_decorator']) retrieved from /home/airflow/.local/lib/python3.7/site-packages/airflow/example_dags/example_sensor_decorator.py
[2023-04-24T13:13:18.534+0000] {logging_mixin.py:137} INFO - [2023-04-24T13:13:18.534+0000] {dag.py:2690} INFO - Sync 1 DAGs
[2023-04-24T13:13:18.549+0000] {logging_mixin.py:137} INFO - [2023-04-24T13:13:18.549+0000] {dag.py:3441} INFO - Setting next_dagrun for example_sensor_decorator to None, run_after=None
[2023-04-24T13:13:18.559+0000] {processor.py:175} INFO - Processing /home/airflow/.local/lib/python3.7/site-packages/airflow/example_dags/example_sensor_decorator.py took 0.062 seconds
[2023-04-24T13:13:48.917+0000] {processor.py:153} INFO - Started process (PID=1747) to work on /home/airflow/.local/lib/python3.7/site-packages/airflow/example_dags/example_sensor_decorator.py
[2023-04-24T13:13:48.918+0000] {processor.py:743} INFO - Processing file /home/airflow/.local/lib/python3.7/site-packages/airflow/example_dags/example_sensor_decorator.py for tasks to queue
[2023-04-24T13:13:48.919+0000] {logging_mixin.py:137} INFO - [2023-04-24T13:13:48.919+0000] {dagbag.py:538} INFO - Filling up the DagBag from /home/airflow/.local/lib/python3.7/site-packages/airflow/example_dags/example_sensor_decorator.py
[2023-04-24T13:13:48.933+0000] {processor.py:753} INFO - DAG(s) dict_keys(['example_sensor_decorator']) retrieved from /home/airflow/.local/lib/python3.7/site-packages/airflow/example_dags/example_sensor_decorator.py
[2023-04-24T13:13:48.951+0000] {logging_mixin.py:137} INFO - [2023-04-24T13:13:48.951+0000] {dag.py:2690} INFO - Sync 1 DAGs
[2023-04-24T13:13:48.966+0000] {logging_mixin.py:137} INFO - [2023-04-24T13:13:48.966+0000] {dag.py:3441} INFO - Setting next_dagrun for example_sensor_decorator to None, run_after=None
[2023-04-24T13:13:48.977+0000] {processor.py:175} INFO - Processing /home/airflow/.local/lib/python3.7/site-packages/airflow/example_dags/example_sensor_decorator.py took 0.063 seconds
[2023-04-24T13:14:19.019+0000] {processor.py:153} INFO - Started process (PID=1811) to work on /home/airflow/.local/lib/python3.7/site-packages/airflow/example_dags/example_sensor_decorator.py
[2023-04-24T13:14:19.021+0000] {processor.py:743} INFO - Processing file /home/airflow/.local/lib/python3.7/site-packages/airflow/example_dags/example_sensor_decorator.py for tasks to queue
[2023-04-24T13:14:19.021+0000] {logging_mixin.py:137} INFO - [2023-04-24T13:14:19.021+0000] {dagbag.py:538} INFO - Filling up the DagBag from /home/airflow/.local/lib/python3.7/site-packages/airflow/example_dags/example_sensor_decorator.py
[2023-04-24T13:14:19.036+0000] {processor.py:753} INFO - DAG(s) dict_keys(['example_sensor_decorator']) retrieved from /home/airflow/.local/lib/python3.7/site-packages/airflow/example_dags/example_sensor_decorator.py
[2023-04-24T13:14:19.055+0000] {logging_mixin.py:137} INFO - [2023-04-24T13:14:19.055+0000] {dag.py:2690} INFO - Sync 1 DAGs
[2023-04-24T13:14:19.070+0000] {logging_mixin.py:137} INFO - [2023-04-24T13:14:19.070+0000] {dag.py:3441} INFO - Setting next_dagrun for example_sensor_decorator to None, run_after=None
[2023-04-24T13:14:19.082+0000] {processor.py:175} INFO - Processing /home/airflow/.local/lib/python3.7/site-packages/airflow/example_dags/example_sensor_decorator.py took 0.066 seconds
[2023-04-24T13:14:49.355+0000] {processor.py:153} INFO - Started process (PID=1887) to work on /home/airflow/.local/lib/python3.7/site-packages/airflow/example_dags/example_sensor_decorator.py
[2023-04-24T13:14:49.356+0000] {processor.py:743} INFO - Processing file /home/airflow/.local/lib/python3.7/site-packages/airflow/example_dags/example_sensor_decorator.py for tasks to queue
[2023-04-24T13:14:49.357+0000] {logging_mixin.py:137} INFO - [2023-04-24T13:14:49.357+0000] {dagbag.py:538} INFO - Filling up the DagBag from /home/airflow/.local/lib/python3.7/site-packages/airflow/example_dags/example_sensor_decorator.py
[2023-04-24T13:14:49.371+0000] {processor.py:753} INFO - DAG(s) dict_keys(['example_sensor_decorator']) retrieved from /home/airflow/.local/lib/python3.7/site-packages/airflow/example_dags/example_sensor_decorator.py
[2023-04-24T13:14:49.390+0000] {logging_mixin.py:137} INFO - [2023-04-24T13:14:49.390+0000] {dag.py:2690} INFO - Sync 1 DAGs
[2023-04-24T13:14:49.404+0000] {logging_mixin.py:137} INFO - [2023-04-24T13:14:49.404+0000] {dag.py:3441} INFO - Setting next_dagrun for example_sensor_decorator to None, run_after=None
[2023-04-24T13:14:49.414+0000] {processor.py:175} INFO - Processing /home/airflow/.local/lib/python3.7/site-packages/airflow/example_dags/example_sensor_decorator.py took 0.062 seconds
[2023-04-24T13:15:19.650+0000] {processor.py:153} INFO - Started process (PID=1963) to work on /home/airflow/.local/lib/python3.7/site-packages/airflow/example_dags/example_sensor_decorator.py
[2023-04-24T13:15:19.651+0000] {processor.py:743} INFO - Processing file /home/airflow/.local/lib/python3.7/site-packages/airflow/example_dags/example_sensor_decorator.py for tasks to queue
[2023-04-24T13:15:19.652+0000] {logging_mixin.py:137} INFO - [2023-04-24T13:15:19.652+0000] {dagbag.py:538} INFO - Filling up the DagBag from /home/airflow/.local/lib/python3.7/site-packages/airflow/example_dags/example_sensor_decorator.py
[2023-04-24T13:15:19.667+0000] {processor.py:753} INFO - DAG(s) dict_keys(['example_sensor_decorator']) retrieved from /home/airflow/.local/lib/python3.7/site-packages/airflow/example_dags/example_sensor_decorator.py
[2023-04-24T13:15:19.685+0000] {logging_mixin.py:137} INFO - [2023-04-24T13:15:19.685+0000] {dag.py:2690} INFO - Sync 1 DAGs
[2023-04-24T13:15:19.700+0000] {logging_mixin.py:137} INFO - [2023-04-24T13:15:19.700+0000] {dag.py:3441} INFO - Setting next_dagrun for example_sensor_decorator to None, run_after=None
[2023-04-24T13:15:19.711+0000] {processor.py:175} INFO - Processing /home/airflow/.local/lib/python3.7/site-packages/airflow/example_dags/example_sensor_decorator.py took 0.064 seconds
[2023-04-24T13:15:50.008+0000] {processor.py:153} INFO - Started process (PID=2029) to work on /home/airflow/.local/lib/python3.7/site-packages/airflow/example_dags/example_sensor_decorator.py
[2023-04-24T13:15:50.009+0000] {processor.py:743} INFO - Processing file /home/airflow/.local/lib/python3.7/site-packages/airflow/example_dags/example_sensor_decorator.py for tasks to queue
[2023-04-24T13:15:50.010+0000] {logging_mixin.py:137} INFO - [2023-04-24T13:15:50.010+0000] {dagbag.py:538} INFO - Filling up the DagBag from /home/airflow/.local/lib/python3.7/site-packages/airflow/example_dags/example_sensor_decorator.py
[2023-04-24T13:15:50.024+0000] {processor.py:753} INFO - DAG(s) dict_keys(['example_sensor_decorator']) retrieved from /home/airflow/.local/lib/python3.7/site-packages/airflow/example_dags/example_sensor_decorator.py
[2023-04-24T13:15:50.042+0000] {logging_mixin.py:137} INFO - [2023-04-24T13:15:50.042+0000] {dag.py:2690} INFO - Sync 1 DAGs
[2023-04-24T13:15:50.058+0000] {logging_mixin.py:137} INFO - [2023-04-24T13:15:50.058+0000] {dag.py:3441} INFO - Setting next_dagrun for example_sensor_decorator to None, run_after=None
[2023-04-24T13:15:50.069+0000] {processor.py:175} INFO - Processing /home/airflow/.local/lib/python3.7/site-packages/airflow/example_dags/example_sensor_decorator.py took 0.063 seconds
[2023-04-24T13:16:20.389+0000] {processor.py:153} INFO - Started process (PID=2107) to work on /home/airflow/.local/lib/python3.7/site-packages/airflow/example_dags/example_sensor_decorator.py
[2023-04-24T13:16:20.390+0000] {processor.py:743} INFO - Processing file /home/airflow/.local/lib/python3.7/site-packages/airflow/example_dags/example_sensor_decorator.py for tasks to queue
[2023-04-24T13:16:20.391+0000] {logging_mixin.py:137} INFO - [2023-04-24T13:16:20.391+0000] {dagbag.py:538} INFO - Filling up the DagBag from /home/airflow/.local/lib/python3.7/site-packages/airflow/example_dags/example_sensor_decorator.py
[2023-04-24T13:16:20.407+0000] {processor.py:753} INFO - DAG(s) dict_keys(['example_sensor_decorator']) retrieved from /home/airflow/.local/lib/python3.7/site-packages/airflow/example_dags/example_sensor_decorator.py
[2023-04-24T13:16:20.420+0000] {logging_mixin.py:137} INFO - [2023-04-24T13:16:20.419+0000] {dag.py:2690} INFO - Sync 1 DAGs
[2023-04-24T13:16:20.448+0000] {logging_mixin.py:137} INFO - [2023-04-24T13:16:20.448+0000] {dag.py:3441} INFO - Setting next_dagrun for example_sensor_decorator to None, run_after=None
[2023-04-24T13:16:20.464+0000] {processor.py:175} INFO - Processing /home/airflow/.local/lib/python3.7/site-packages/airflow/example_dags/example_sensor_decorator.py took 0.077 seconds
[2023-04-24T13:16:50.998+0000] {processor.py:153} INFO - Started process (PID=2182) to work on /home/airflow/.local/lib/python3.7/site-packages/airflow/example_dags/example_sensor_decorator.py
[2023-04-24T13:16:51.000+0000] {processor.py:743} INFO - Processing file /home/airflow/.local/lib/python3.7/site-packages/airflow/example_dags/example_sensor_decorator.py for tasks to queue
[2023-04-24T13:16:51.000+0000] {logging_mixin.py:137} INFO - [2023-04-24T13:16:51.000+0000] {dagbag.py:538} INFO - Filling up the DagBag from /home/airflow/.local/lib/python3.7/site-packages/airflow/example_dags/example_sensor_decorator.py
[2023-04-24T13:16:51.015+0000] {processor.py:753} INFO - DAG(s) dict_keys(['example_sensor_decorator']) retrieved from /home/airflow/.local/lib/python3.7/site-packages/airflow/example_dags/example_sensor_decorator.py
[2023-04-24T13:16:51.034+0000] {logging_mixin.py:137} INFO - [2023-04-24T13:16:51.033+0000] {dag.py:2690} INFO - Sync 1 DAGs
[2023-04-24T13:16:51.048+0000] {logging_mixin.py:137} INFO - [2023-04-24T13:16:51.048+0000] {dag.py:3441} INFO - Setting next_dagrun for example_sensor_decorator to None, run_after=None
[2023-04-24T13:16:51.058+0000] {processor.py:175} INFO - Processing /home/airflow/.local/lib/python3.7/site-packages/airflow/example_dags/example_sensor_decorator.py took 0.062 seconds
[2023-04-24T13:17:21.522+0000] {processor.py:153} INFO - Started process (PID=2253) to work on /home/airflow/.local/lib/python3.7/site-packages/airflow/example_dags/example_sensor_decorator.py
[2023-04-24T13:17:21.524+0000] {processor.py:743} INFO - Processing file /home/airflow/.local/lib/python3.7/site-packages/airflow/example_dags/example_sensor_decorator.py for tasks to queue
[2023-04-24T13:17:21.525+0000] {logging_mixin.py:137} INFO - [2023-04-24T13:17:21.525+0000] {dagbag.py:538} INFO - Filling up the DagBag from /home/airflow/.local/lib/python3.7/site-packages/airflow/example_dags/example_sensor_decorator.py
[2023-04-24T13:17:21.541+0000] {processor.py:753} INFO - DAG(s) dict_keys(['example_sensor_decorator']) retrieved from /home/airflow/.local/lib/python3.7/site-packages/airflow/example_dags/example_sensor_decorator.py
[2023-04-24T13:17:21.560+0000] {logging_mixin.py:137} INFO - [2023-04-24T13:17:21.560+0000] {dag.py:2690} INFO - Sync 1 DAGs
[2023-04-24T13:17:21.576+0000] {logging_mixin.py:137} INFO - [2023-04-24T13:17:21.576+0000] {dag.py:3441} INFO - Setting next_dagrun for example_sensor_decorator to None, run_after=None
[2023-04-24T13:17:21.587+0000] {processor.py:175} INFO - Processing /home/airflow/.local/lib/python3.7/site-packages/airflow/example_dags/example_sensor_decorator.py took 0.067 seconds
[2023-04-24T13:17:51.968+0000] {processor.py:153} INFO - Started process (PID=2322) to work on /home/airflow/.local/lib/python3.7/site-packages/airflow/example_dags/example_sensor_decorator.py
[2023-04-24T13:17:51.969+0000] {processor.py:743} INFO - Processing file /home/airflow/.local/lib/python3.7/site-packages/airflow/example_dags/example_sensor_decorator.py for tasks to queue
[2023-04-24T13:17:51.970+0000] {logging_mixin.py:137} INFO - [2023-04-24T13:17:51.970+0000] {dagbag.py:538} INFO - Filling up the DagBag from /home/airflow/.local/lib/python3.7/site-packages/airflow/example_dags/example_sensor_decorator.py
[2023-04-24T13:17:51.984+0000] {processor.py:753} INFO - DAG(s) dict_keys(['example_sensor_decorator']) retrieved from /home/airflow/.local/lib/python3.7/site-packages/airflow/example_dags/example_sensor_decorator.py
[2023-04-24T13:17:52.002+0000] {logging_mixin.py:137} INFO - [2023-04-24T13:17:52.002+0000] {dag.py:2690} INFO - Sync 1 DAGs
[2023-04-24T13:17:52.017+0000] {logging_mixin.py:137} INFO - [2023-04-24T13:17:52.016+0000] {dag.py:3441} INFO - Setting next_dagrun for example_sensor_decorator to None, run_after=None
[2023-04-24T13:17:52.028+0000] {processor.py:175} INFO - Processing /home/airflow/.local/lib/python3.7/site-packages/airflow/example_dags/example_sensor_decorator.py took 0.062 seconds
[2023-04-24T13:18:22.310+0000] {processor.py:153} INFO - Started process (PID=2398) to work on /home/airflow/.local/lib/python3.7/site-packages/airflow/example_dags/example_sensor_decorator.py
[2023-04-24T13:18:22.311+0000] {processor.py:743} INFO - Processing file /home/airflow/.local/lib/python3.7/site-packages/airflow/example_dags/example_sensor_decorator.py for tasks to queue
[2023-04-24T13:18:22.312+0000] {logging_mixin.py:137} INFO - [2023-04-24T13:18:22.312+0000] {dagbag.py:538} INFO - Filling up the DagBag from /home/airflow/.local/lib/python3.7/site-packages/airflow/example_dags/example_sensor_decorator.py
[2023-04-24T13:18:22.326+0000] {processor.py:753} INFO - DAG(s) dict_keys(['example_sensor_decorator']) retrieved from /home/airflow/.local/lib/python3.7/site-packages/airflow/example_dags/example_sensor_decorator.py
[2023-04-24T13:18:22.345+0000] {logging_mixin.py:137} INFO - [2023-04-24T13:18:22.345+0000] {dag.py:2690} INFO - Sync 1 DAGs
[2023-04-24T13:18:22.359+0000] {logging_mixin.py:137} INFO - [2023-04-24T13:18:22.359+0000] {dag.py:3441} INFO - Setting next_dagrun for example_sensor_decorator to None, run_after=None
[2023-04-24T13:18:22.370+0000] {processor.py:175} INFO - Processing /home/airflow/.local/lib/python3.7/site-packages/airflow/example_dags/example_sensor_decorator.py took 0.063 seconds
[2023-04-24T13:18:52.446+0000] {processor.py:153} INFO - Started process (PID=2474) to work on /home/airflow/.local/lib/python3.7/site-packages/airflow/example_dags/example_sensor_decorator.py
[2023-04-24T13:18:52.447+0000] {processor.py:743} INFO - Processing file /home/airflow/.local/lib/python3.7/site-packages/airflow/example_dags/example_sensor_decorator.py for tasks to queue
[2023-04-24T13:18:52.448+0000] {logging_mixin.py:137} INFO - [2023-04-24T13:18:52.448+0000] {dagbag.py:538} INFO - Filling up the DagBag from /home/airflow/.local/lib/python3.7/site-packages/airflow/example_dags/example_sensor_decorator.py
[2023-04-24T13:18:52.465+0000] {processor.py:753} INFO - DAG(s) dict_keys(['example_sensor_decorator']) retrieved from /home/airflow/.local/lib/python3.7/site-packages/airflow/example_dags/example_sensor_decorator.py
[2023-04-24T13:18:52.485+0000] {logging_mixin.py:137} INFO - [2023-04-24T13:18:52.485+0000] {dag.py:2690} INFO - Sync 1 DAGs
[2023-04-24T13:18:52.500+0000] {logging_mixin.py:137} INFO - [2023-04-24T13:18:52.500+0000] {dag.py:3441} INFO - Setting next_dagrun for example_sensor_decorator to None, run_after=None
[2023-04-24T13:18:52.511+0000] {processor.py:175} INFO - Processing /home/airflow/.local/lib/python3.7/site-packages/airflow/example_dags/example_sensor_decorator.py took 0.071 seconds
[2023-04-24T13:19:22.735+0000] {processor.py:153} INFO - Started process (PID=2538) to work on /home/airflow/.local/lib/python3.7/site-packages/airflow/example_dags/example_sensor_decorator.py
[2023-04-24T13:19:22.736+0000] {processor.py:743} INFO - Processing file /home/airflow/.local/lib/python3.7/site-packages/airflow/example_dags/example_sensor_decorator.py for tasks to queue
[2023-04-24T13:19:22.736+0000] {logging_mixin.py:137} INFO - [2023-04-24T13:19:22.736+0000] {dagbag.py:538} INFO - Filling up the DagBag from /home/airflow/.local/lib/python3.7/site-packages/airflow/example_dags/example_sensor_decorator.py
[2023-04-24T13:19:22.751+0000] {processor.py:753} INFO - DAG(s) dict_keys(['example_sensor_decorator']) retrieved from /home/airflow/.local/lib/python3.7/site-packages/airflow/example_dags/example_sensor_decorator.py
[2023-04-24T13:19:22.769+0000] {logging_mixin.py:137} INFO - [2023-04-24T13:19:22.769+0000] {dag.py:2690} INFO - Sync 1 DAGs
[2023-04-24T13:19:22.784+0000] {logging_mixin.py:137} INFO - [2023-04-24T13:19:22.784+0000] {dag.py:3441} INFO - Setting next_dagrun for example_sensor_decorator to None, run_after=None
[2023-04-24T13:19:22.794+0000] {processor.py:175} INFO - Processing /home/airflow/.local/lib/python3.7/site-packages/airflow/example_dags/example_sensor_decorator.py took 0.062 seconds
[2023-04-24T13:19:53.177+0000] {processor.py:153} INFO - Started process (PID=2616) to work on /home/airflow/.local/lib/python3.7/site-packages/airflow/example_dags/example_sensor_decorator.py
[2023-04-24T13:19:53.178+0000] {processor.py:743} INFO - Processing file /home/airflow/.local/lib/python3.7/site-packages/airflow/example_dags/example_sensor_decorator.py for tasks to queue
[2023-04-24T13:19:53.179+0000] {logging_mixin.py:137} INFO - [2023-04-24T13:19:53.179+0000] {dagbag.py:538} INFO - Filling up the DagBag from /home/airflow/.local/lib/python3.7/site-packages/airflow/example_dags/example_sensor_decorator.py
[2023-04-24T13:19:53.194+0000] {processor.py:753} INFO - DAG(s) dict_keys(['example_sensor_decorator']) retrieved from /home/airflow/.local/lib/python3.7/site-packages/airflow/example_dags/example_sensor_decorator.py
[2023-04-24T13:19:53.214+0000] {logging_mixin.py:137} INFO - [2023-04-24T13:19:53.214+0000] {dag.py:2690} INFO - Sync 1 DAGs
[2023-04-24T13:19:53.230+0000] {logging_mixin.py:137} INFO - [2023-04-24T13:19:53.230+0000] {dag.py:3441} INFO - Setting next_dagrun for example_sensor_decorator to None, run_after=None
[2023-04-24T13:19:53.241+0000] {processor.py:175} INFO - Processing /home/airflow/.local/lib/python3.7/site-packages/airflow/example_dags/example_sensor_decorator.py took 0.067 seconds
[2023-04-24T13:20:23.573+0000] {processor.py:153} INFO - Started process (PID=2694) to work on /home/airflow/.local/lib/python3.7/site-packages/airflow/example_dags/example_sensor_decorator.py
[2023-04-24T13:20:23.574+0000] {processor.py:743} INFO - Processing file /home/airflow/.local/lib/python3.7/site-packages/airflow/example_dags/example_sensor_decorator.py for tasks to queue
[2023-04-24T13:20:23.575+0000] {logging_mixin.py:137} INFO - [2023-04-24T13:20:23.575+0000] {dagbag.py:538} INFO - Filling up the DagBag from /home/airflow/.local/lib/python3.7/site-packages/airflow/example_dags/example_sensor_decorator.py
[2023-04-24T13:20:23.594+0000] {processor.py:753} INFO - DAG(s) dict_keys(['example_sensor_decorator']) retrieved from /home/airflow/.local/lib/python3.7/site-packages/airflow/example_dags/example_sensor_decorator.py
[2023-04-24T13:20:23.612+0000] {logging_mixin.py:137} INFO - [2023-04-24T13:20:23.612+0000] {dag.py:2690} INFO - Sync 1 DAGs
[2023-04-24T13:20:23.626+0000] {logging_mixin.py:137} INFO - [2023-04-24T13:20:23.626+0000] {dag.py:3441} INFO - Setting next_dagrun for example_sensor_decorator to None, run_after=None
[2023-04-24T13:20:23.636+0000] {processor.py:175} INFO - Processing /home/airflow/.local/lib/python3.7/site-packages/airflow/example_dags/example_sensor_decorator.py took 0.066 seconds
[2023-04-24T13:20:54.076+0000] {processor.py:153} INFO - Started process (PID=2761) to work on /home/airflow/.local/lib/python3.7/site-packages/airflow/example_dags/example_sensor_decorator.py
[2023-04-24T13:20:54.077+0000] {processor.py:743} INFO - Processing file /home/airflow/.local/lib/python3.7/site-packages/airflow/example_dags/example_sensor_decorator.py for tasks to queue
[2023-04-24T13:20:54.078+0000] {logging_mixin.py:137} INFO - [2023-04-24T13:20:54.078+0000] {dagbag.py:538} INFO - Filling up the DagBag from /home/airflow/.local/lib/python3.7/site-packages/airflow/example_dags/example_sensor_decorator.py
[2023-04-24T13:20:54.093+0000] {processor.py:753} INFO - DAG(s) dict_keys(['example_sensor_decorator']) retrieved from /home/airflow/.local/lib/python3.7/site-packages/airflow/example_dags/example_sensor_decorator.py
[2023-04-24T13:20:54.111+0000] {logging_mixin.py:137} INFO - [2023-04-24T13:20:54.111+0000] {dag.py:2690} INFO - Sync 1 DAGs
[2023-04-24T13:20:54.126+0000] {logging_mixin.py:137} INFO - [2023-04-24T13:20:54.126+0000] {dag.py:3441} INFO - Setting next_dagrun for example_sensor_decorator to None, run_after=None
[2023-04-24T13:20:54.137+0000] {processor.py:175} INFO - Processing /home/airflow/.local/lib/python3.7/site-packages/airflow/example_dags/example_sensor_decorator.py took 0.064 seconds
[2023-04-24T13:21:24.389+0000] {processor.py:153} INFO - Started process (PID=2838) to work on /home/airflow/.local/lib/python3.7/site-packages/airflow/example_dags/example_sensor_decorator.py
[2023-04-24T13:21:24.390+0000] {processor.py:743} INFO - Processing file /home/airflow/.local/lib/python3.7/site-packages/airflow/example_dags/example_sensor_decorator.py for tasks to queue
[2023-04-24T13:21:24.391+0000] {logging_mixin.py:137} INFO - [2023-04-24T13:21:24.391+0000] {dagbag.py:538} INFO - Filling up the DagBag from /home/airflow/.local/lib/python3.7/site-packages/airflow/example_dags/example_sensor_decorator.py
[2023-04-24T13:21:24.405+0000] {processor.py:753} INFO - DAG(s) dict_keys(['example_sensor_decorator']) retrieved from /home/airflow/.local/lib/python3.7/site-packages/airflow/example_dags/example_sensor_decorator.py
[2023-04-24T13:21:24.424+0000] {logging_mixin.py:137} INFO - [2023-04-24T13:21:24.424+0000] {dag.py:2690} INFO - Sync 1 DAGs
[2023-04-24T13:21:24.439+0000] {logging_mixin.py:137} INFO - [2023-04-24T13:21:24.439+0000] {dag.py:3441} INFO - Setting next_dagrun for example_sensor_decorator to None, run_after=None
[2023-04-24T13:21:24.450+0000] {processor.py:175} INFO - Processing /home/airflow/.local/lib/python3.7/site-packages/airflow/example_dags/example_sensor_decorator.py took 0.064 seconds
[2023-04-24T13:21:54.685+0000] {processor.py:153} INFO - Started process (PID=2914) to work on /home/airflow/.local/lib/python3.7/site-packages/airflow/example_dags/example_sensor_decorator.py
[2023-04-24T13:21:54.686+0000] {processor.py:743} INFO - Processing file /home/airflow/.local/lib/python3.7/site-packages/airflow/example_dags/example_sensor_decorator.py for tasks to queue
[2023-04-24T13:21:54.687+0000] {logging_mixin.py:137} INFO - [2023-04-24T13:21:54.687+0000] {dagbag.py:538} INFO - Filling up the DagBag from /home/airflow/.local/lib/python3.7/site-packages/airflow/example_dags/example_sensor_decorator.py
[2023-04-24T13:21:54.701+0000] {processor.py:753} INFO - DAG(s) dict_keys(['example_sensor_decorator']) retrieved from /home/airflow/.local/lib/python3.7/site-packages/airflow/example_dags/example_sensor_decorator.py
[2023-04-24T13:21:54.719+0000] {logging_mixin.py:137} INFO - [2023-04-24T13:21:54.719+0000] {dag.py:2690} INFO - Sync 1 DAGs
[2023-04-24T13:21:54.733+0000] {logging_mixin.py:137} INFO - [2023-04-24T13:21:54.733+0000] {dag.py:3441} INFO - Setting next_dagrun for example_sensor_decorator to None, run_after=None
[2023-04-24T13:21:54.744+0000] {processor.py:175} INFO - Processing /home/airflow/.local/lib/python3.7/site-packages/airflow/example_dags/example_sensor_decorator.py took 0.061 seconds
[2023-04-24T13:22:24.866+0000] {processor.py:153} INFO - Started process (PID=2978) to work on /home/airflow/.local/lib/python3.7/site-packages/airflow/example_dags/example_sensor_decorator.py
[2023-04-24T13:22:24.867+0000] {processor.py:743} INFO - Processing file /home/airflow/.local/lib/python3.7/site-packages/airflow/example_dags/example_sensor_decorator.py for tasks to queue
[2023-04-24T13:22:24.868+0000] {logging_mixin.py:137} INFO - [2023-04-24T13:22:24.868+0000] {dagbag.py:538} INFO - Filling up the DagBag from /home/airflow/.local/lib/python3.7/site-packages/airflow/example_dags/example_sensor_decorator.py
[2023-04-24T13:22:24.883+0000] {processor.py:753} INFO - DAG(s) dict_keys(['example_sensor_decorator']) retrieved from /home/airflow/.local/lib/python3.7/site-packages/airflow/example_dags/example_sensor_decorator.py
[2023-04-24T13:22:24.901+0000] {logging_mixin.py:137} INFO - [2023-04-24T13:22:24.901+0000] {dag.py:2690} INFO - Sync 1 DAGs
[2023-04-24T13:22:24.915+0000] {logging_mixin.py:137} INFO - [2023-04-24T13:22:24.915+0000] {dag.py:3441} INFO - Setting next_dagrun for example_sensor_decorator to None, run_after=None
[2023-04-24T13:22:24.926+0000] {processor.py:175} INFO - Processing /home/airflow/.local/lib/python3.7/site-packages/airflow/example_dags/example_sensor_decorator.py took 0.062 seconds
[2023-04-24T13:22:55.250+0000] {processor.py:153} INFO - Started process (PID=3056) to work on /home/airflow/.local/lib/python3.7/site-packages/airflow/example_dags/example_sensor_decorator.py
[2023-04-24T13:22:55.251+0000] {processor.py:743} INFO - Processing file /home/airflow/.local/lib/python3.7/site-packages/airflow/example_dags/example_sensor_decorator.py for tasks to queue
[2023-04-24T13:22:55.252+0000] {logging_mixin.py:137} INFO - [2023-04-24T13:22:55.252+0000] {dagbag.py:538} INFO - Filling up the DagBag from /home/airflow/.local/lib/python3.7/site-packages/airflow/example_dags/example_sensor_decorator.py
[2023-04-24T13:22:55.267+0000] {processor.py:753} INFO - DAG(s) dict_keys(['example_sensor_decorator']) retrieved from /home/airflow/.local/lib/python3.7/site-packages/airflow/example_dags/example_sensor_decorator.py
[2023-04-24T13:22:55.286+0000] {logging_mixin.py:137} INFO - [2023-04-24T13:22:55.286+0000] {dag.py:2690} INFO - Sync 1 DAGs
[2023-04-24T13:22:55.302+0000] {logging_mixin.py:137} INFO - [2023-04-24T13:22:55.302+0000] {dag.py:3441} INFO - Setting next_dagrun for example_sensor_decorator to None, run_after=None
[2023-04-24T13:22:55.314+0000] {processor.py:175} INFO - Processing /home/airflow/.local/lib/python3.7/site-packages/airflow/example_dags/example_sensor_decorator.py took 0.067 seconds
[2023-04-24T13:23:25.664+0000] {processor.py:153} INFO - Started process (PID=3138) to work on /home/airflow/.local/lib/python3.7/site-packages/airflow/example_dags/example_sensor_decorator.py
[2023-04-24T13:23:25.665+0000] {processor.py:743} INFO - Processing file /home/airflow/.local/lib/python3.7/site-packages/airflow/example_dags/example_sensor_decorator.py for tasks to queue
[2023-04-24T13:23:25.666+0000] {logging_mixin.py:137} INFO - [2023-04-24T13:23:25.666+0000] {dagbag.py:538} INFO - Filling up the DagBag from /home/airflow/.local/lib/python3.7/site-packages/airflow/example_dags/example_sensor_decorator.py
[2023-04-24T13:23:25.680+0000] {processor.py:753} INFO - DAG(s) dict_keys(['example_sensor_decorator']) retrieved from /home/airflow/.local/lib/python3.7/site-packages/airflow/example_dags/example_sensor_decorator.py
[2023-04-24T13:23:25.698+0000] {logging_mixin.py:137} INFO - [2023-04-24T13:23:25.698+0000] {dag.py:2690} INFO - Sync 1 DAGs
[2023-04-24T13:23:25.712+0000] {logging_mixin.py:137} INFO - [2023-04-24T13:23:25.712+0000] {dag.py:3441} INFO - Setting next_dagrun for example_sensor_decorator to None, run_after=None
[2023-04-24T13:23:25.723+0000] {processor.py:175} INFO - Processing /home/airflow/.local/lib/python3.7/site-packages/airflow/example_dags/example_sensor_decorator.py took 0.061 seconds
[2023-04-24T13:23:56.152+0000] {processor.py:153} INFO - Started process (PID=3217) to work on /home/airflow/.local/lib/python3.7/site-packages/airflow/example_dags/example_sensor_decorator.py
[2023-04-24T13:23:56.153+0000] {processor.py:743} INFO - Processing file /home/airflow/.local/lib/python3.7/site-packages/airflow/example_dags/example_sensor_decorator.py for tasks to queue
[2023-04-24T13:23:56.154+0000] {logging_mixin.py:137} INFO - [2023-04-24T13:23:56.154+0000] {dagbag.py:538} INFO - Filling up the DagBag from /home/airflow/.local/lib/python3.7/site-packages/airflow/example_dags/example_sensor_decorator.py
[2023-04-24T13:23:56.173+0000] {processor.py:753} INFO - DAG(s) dict_keys(['example_sensor_decorator']) retrieved from /home/airflow/.local/lib/python3.7/site-packages/airflow/example_dags/example_sensor_decorator.py
[2023-04-24T13:23:56.211+0000] {logging_mixin.py:137} INFO - [2023-04-24T13:23:56.211+0000] {dag.py:2690} INFO - Sync 1 DAGs
[2023-04-24T13:23:56.233+0000] {logging_mixin.py:137} INFO - [2023-04-24T13:23:56.233+0000] {dag.py:3441} INFO - Setting next_dagrun for example_sensor_decorator to None, run_after=None
[2023-04-24T13:23:56.247+0000] {processor.py:175} INFO - Processing /home/airflow/.local/lib/python3.7/site-packages/airflow/example_dags/example_sensor_decorator.py took 0.099 seconds
[2023-04-24T13:24:26.270+0000] {processor.py:153} INFO - Started process (PID=3281) to work on /home/airflow/.local/lib/python3.7/site-packages/airflow/example_dags/example_sensor_decorator.py
[2023-04-24T13:24:26.271+0000] {processor.py:743} INFO - Processing file /home/airflow/.local/lib/python3.7/site-packages/airflow/example_dags/example_sensor_decorator.py for tasks to queue
[2023-04-24T13:24:26.272+0000] {logging_mixin.py:137} INFO - [2023-04-24T13:24:26.272+0000] {dagbag.py:538} INFO - Filling up the DagBag from /home/airflow/.local/lib/python3.7/site-packages/airflow/example_dags/example_sensor_decorator.py
[2023-04-24T13:24:26.287+0000] {processor.py:753} INFO - DAG(s) dict_keys(['example_sensor_decorator']) retrieved from /home/airflow/.local/lib/python3.7/site-packages/airflow/example_dags/example_sensor_decorator.py
[2023-04-24T13:24:26.305+0000] {logging_mixin.py:137} INFO - [2023-04-24T13:24:26.304+0000] {dag.py:2690} INFO - Sync 1 DAGs
[2023-04-24T13:24:26.319+0000] {logging_mixin.py:137} INFO - [2023-04-24T13:24:26.319+0000] {dag.py:3441} INFO - Setting next_dagrun for example_sensor_decorator to None, run_after=None
[2023-04-24T13:24:26.331+0000] {processor.py:175} INFO - Processing /home/airflow/.local/lib/python3.7/site-packages/airflow/example_dags/example_sensor_decorator.py took 0.063 seconds
[2023-04-24T13:24:56.737+0000] {processor.py:153} INFO - Started process (PID=3357) to work on /home/airflow/.local/lib/python3.7/site-packages/airflow/example_dags/example_sensor_decorator.py
[2023-04-24T13:24:56.738+0000] {processor.py:743} INFO - Processing file /home/airflow/.local/lib/python3.7/site-packages/airflow/example_dags/example_sensor_decorator.py for tasks to queue
[2023-04-24T13:24:56.739+0000] {logging_mixin.py:137} INFO - [2023-04-24T13:24:56.739+0000] {dagbag.py:538} INFO - Filling up the DagBag from /home/airflow/.local/lib/python3.7/site-packages/airflow/example_dags/example_sensor_decorator.py
[2023-04-24T13:24:56.754+0000] {processor.py:753} INFO - DAG(s) dict_keys(['example_sensor_decorator']) retrieved from /home/airflow/.local/lib/python3.7/site-packages/airflow/example_dags/example_sensor_decorator.py
[2023-04-24T13:24:56.772+0000] {logging_mixin.py:137} INFO - [2023-04-24T13:24:56.772+0000] {dag.py:2690} INFO - Sync 1 DAGs
[2023-04-24T13:24:56.787+0000] {logging_mixin.py:137} INFO - [2023-04-24T13:24:56.787+0000] {dag.py:3441} INFO - Setting next_dagrun for example_sensor_decorator to None, run_after=None
[2023-04-24T13:24:56.798+0000] {processor.py:175} INFO - Processing /home/airflow/.local/lib/python3.7/site-packages/airflow/example_dags/example_sensor_decorator.py took 0.064 seconds
[2023-04-24T13:25:26.869+0000] {processor.py:153} INFO - Started process (PID=3433) to work on /home/airflow/.local/lib/python3.7/site-packages/airflow/example_dags/example_sensor_decorator.py
[2023-04-24T13:25:26.870+0000] {processor.py:743} INFO - Processing file /home/airflow/.local/lib/python3.7/site-packages/airflow/example_dags/example_sensor_decorator.py for tasks to queue
[2023-04-24T13:25:26.871+0000] {logging_mixin.py:137} INFO - [2023-04-24T13:25:26.871+0000] {dagbag.py:538} INFO - Filling up the DagBag from /home/airflow/.local/lib/python3.7/site-packages/airflow/example_dags/example_sensor_decorator.py
[2023-04-24T13:25:26.885+0000] {processor.py:753} INFO - DAG(s) dict_keys(['example_sensor_decorator']) retrieved from /home/airflow/.local/lib/python3.7/site-packages/airflow/example_dags/example_sensor_decorator.py
[2023-04-24T13:25:26.906+0000] {logging_mixin.py:137} INFO - [2023-04-24T13:25:26.906+0000] {dag.py:2690} INFO - Sync 1 DAGs
[2023-04-24T13:25:26.923+0000] {logging_mixin.py:137} INFO - [2023-04-24T13:25:26.923+0000] {dag.py:3441} INFO - Setting next_dagrun for example_sensor_decorator to None, run_after=None
[2023-04-24T13:25:26.937+0000] {processor.py:175} INFO - Processing /home/airflow/.local/lib/python3.7/site-packages/airflow/example_dags/example_sensor_decorator.py took 0.071 seconds
[2023-04-24T13:25:57.202+0000] {processor.py:153} INFO - Started process (PID=3497) to work on /home/airflow/.local/lib/python3.7/site-packages/airflow/example_dags/example_sensor_decorator.py
[2023-04-24T13:25:57.203+0000] {processor.py:743} INFO - Processing file /home/airflow/.local/lib/python3.7/site-packages/airflow/example_dags/example_sensor_decorator.py for tasks to queue
[2023-04-24T13:25:57.204+0000] {logging_mixin.py:137} INFO - [2023-04-24T13:25:57.204+0000] {dagbag.py:538} INFO - Filling up the DagBag from /home/airflow/.local/lib/python3.7/site-packages/airflow/example_dags/example_sensor_decorator.py
[2023-04-24T13:25:57.218+0000] {processor.py:753} INFO - DAG(s) dict_keys(['example_sensor_decorator']) retrieved from /home/airflow/.local/lib/python3.7/site-packages/airflow/example_dags/example_sensor_decorator.py
[2023-04-24T13:25:57.236+0000] {logging_mixin.py:137} INFO - [2023-04-24T13:25:57.236+0000] {dag.py:2690} INFO - Sync 1 DAGs
[2023-04-24T13:25:57.250+0000] {logging_mixin.py:137} INFO - [2023-04-24T13:25:57.250+0000] {dag.py:3441} INFO - Setting next_dagrun for example_sensor_decorator to None, run_after=None
[2023-04-24T13:25:57.261+0000] {processor.py:175} INFO - Processing /home/airflow/.local/lib/python3.7/site-packages/airflow/example_dags/example_sensor_decorator.py took 0.061 seconds
[2023-04-24T13:26:27.442+0000] {processor.py:153} INFO - Started process (PID=3573) to work on /home/airflow/.local/lib/python3.7/site-packages/airflow/example_dags/example_sensor_decorator.py
[2023-04-24T13:26:27.443+0000] {processor.py:743} INFO - Processing file /home/airflow/.local/lib/python3.7/site-packages/airflow/example_dags/example_sensor_decorator.py for tasks to queue
[2023-04-24T13:26:27.443+0000] {logging_mixin.py:137} INFO - [2023-04-24T13:26:27.443+0000] {dagbag.py:538} INFO - Filling up the DagBag from /home/airflow/.local/lib/python3.7/site-packages/airflow/example_dags/example_sensor_decorator.py
[2023-04-24T13:26:27.458+0000] {processor.py:753} INFO - DAG(s) dict_keys(['example_sensor_decorator']) retrieved from /home/airflow/.local/lib/python3.7/site-packages/airflow/example_dags/example_sensor_decorator.py
[2023-04-24T13:26:27.475+0000] {logging_mixin.py:137} INFO - [2023-04-24T13:26:27.475+0000] {dag.py:2690} INFO - Sync 1 DAGs
[2023-04-24T13:26:27.490+0000] {logging_mixin.py:137} INFO - [2023-04-24T13:26:27.490+0000] {dag.py:3441} INFO - Setting next_dagrun for example_sensor_decorator to None, run_after=None
[2023-04-24T13:26:27.500+0000] {processor.py:175} INFO - Processing /home/airflow/.local/lib/python3.7/site-packages/airflow/example_dags/example_sensor_decorator.py took 0.061 seconds
[2023-04-24T13:26:57.856+0000] {processor.py:153} INFO - Started process (PID=3650) to work on /home/airflow/.local/lib/python3.7/site-packages/airflow/example_dags/example_sensor_decorator.py
[2023-04-24T13:26:57.857+0000] {processor.py:743} INFO - Processing file /home/airflow/.local/lib/python3.7/site-packages/airflow/example_dags/example_sensor_decorator.py for tasks to queue
[2023-04-24T13:26:57.857+0000] {logging_mixin.py:137} INFO - [2023-04-24T13:26:57.857+0000] {dagbag.py:538} INFO - Filling up the DagBag from /home/airflow/.local/lib/python3.7/site-packages/airflow/example_dags/example_sensor_decorator.py
[2023-04-24T13:26:57.873+0000] {processor.py:753} INFO - DAG(s) dict_keys(['example_sensor_decorator']) retrieved from /home/airflow/.local/lib/python3.7/site-packages/airflow/example_dags/example_sensor_decorator.py
[2023-04-24T13:26:57.891+0000] {logging_mixin.py:137} INFO - [2023-04-24T13:26:57.891+0000] {dag.py:2690} INFO - Sync 1 DAGs
[2023-04-24T13:26:57.907+0000] {logging_mixin.py:137} INFO - [2023-04-24T13:26:57.907+0000] {dag.py:3441} INFO - Setting next_dagrun for example_sensor_decorator to None, run_after=None
[2023-04-24T13:26:57.917+0000] {processor.py:175} INFO - Processing /home/airflow/.local/lib/python3.7/site-packages/airflow/example_dags/example_sensor_decorator.py took 0.065 seconds
[2023-04-24T13:27:28.103+0000] {processor.py:153} INFO - Started process (PID=3714) to work on /home/airflow/.local/lib/python3.7/site-packages/airflow/example_dags/example_sensor_decorator.py
[2023-04-24T13:27:28.105+0000] {processor.py:743} INFO - Processing file /home/airflow/.local/lib/python3.7/site-packages/airflow/example_dags/example_sensor_decorator.py for tasks to queue
[2023-04-24T13:27:28.105+0000] {logging_mixin.py:137} INFO - [2023-04-24T13:27:28.105+0000] {dagbag.py:538} INFO - Filling up the DagBag from /home/airflow/.local/lib/python3.7/site-packages/airflow/example_dags/example_sensor_decorator.py
[2023-04-24T13:27:28.122+0000] {processor.py:753} INFO - DAG(s) dict_keys(['example_sensor_decorator']) retrieved from /home/airflow/.local/lib/python3.7/site-packages/airflow/example_dags/example_sensor_decorator.py
[2023-04-24T13:27:28.143+0000] {logging_mixin.py:137} INFO - [2023-04-24T13:27:28.142+0000] {dag.py:2690} INFO - Sync 1 DAGs
[2023-04-24T13:27:28.159+0000] {logging_mixin.py:137} INFO - [2023-04-24T13:27:28.159+0000] {dag.py:3441} INFO - Setting next_dagrun for example_sensor_decorator to None, run_after=None
[2023-04-24T13:27:28.182+0000] {processor.py:175} INFO - Processing /home/airflow/.local/lib/python3.7/site-packages/airflow/example_dags/example_sensor_decorator.py took 0.082 seconds
[2023-04-24T13:27:58.621+0000] {processor.py:153} INFO - Started process (PID=3790) to work on /home/airflow/.local/lib/python3.7/site-packages/airflow/example_dags/example_sensor_decorator.py
[2023-04-24T13:27:58.622+0000] {processor.py:743} INFO - Processing file /home/airflow/.local/lib/python3.7/site-packages/airflow/example_dags/example_sensor_decorator.py for tasks to queue
[2023-04-24T13:27:58.623+0000] {logging_mixin.py:137} INFO - [2023-04-24T13:27:58.623+0000] {dagbag.py:538} INFO - Filling up the DagBag from /home/airflow/.local/lib/python3.7/site-packages/airflow/example_dags/example_sensor_decorator.py
[2023-04-24T13:27:58.637+0000] {processor.py:753} INFO - DAG(s) dict_keys(['example_sensor_decorator']) retrieved from /home/airflow/.local/lib/python3.7/site-packages/airflow/example_dags/example_sensor_decorator.py
[2023-04-24T13:27:58.655+0000] {logging_mixin.py:137} INFO - [2023-04-24T13:27:58.654+0000] {dag.py:2690} INFO - Sync 1 DAGs
[2023-04-24T13:27:58.669+0000] {logging_mixin.py:137} INFO - [2023-04-24T13:27:58.668+0000] {dag.py:3441} INFO - Setting next_dagrun for example_sensor_decorator to None, run_after=None
[2023-04-24T13:27:58.680+0000] {processor.py:175} INFO - Processing /home/airflow/.local/lib/python3.7/site-packages/airflow/example_dags/example_sensor_decorator.py took 0.062 seconds
[2023-04-24T13:28:28.828+0000] {processor.py:153} INFO - Started process (PID=3866) to work on /home/airflow/.local/lib/python3.7/site-packages/airflow/example_dags/example_sensor_decorator.py
[2023-04-24T13:28:28.829+0000] {processor.py:743} INFO - Processing file /home/airflow/.local/lib/python3.7/site-packages/airflow/example_dags/example_sensor_decorator.py for tasks to queue
[2023-04-24T13:28:28.829+0000] {logging_mixin.py:137} INFO - [2023-04-24T13:28:28.829+0000] {dagbag.py:538} INFO - Filling up the DagBag from /home/airflow/.local/lib/python3.7/site-packages/airflow/example_dags/example_sensor_decorator.py
[2023-04-24T13:28:28.844+0000] {processor.py:753} INFO - DAG(s) dict_keys(['example_sensor_decorator']) retrieved from /home/airflow/.local/lib/python3.7/site-packages/airflow/example_dags/example_sensor_decorator.py
[2023-04-24T13:28:28.862+0000] {logging_mixin.py:137} INFO - [2023-04-24T13:28:28.862+0000] {dag.py:2690} INFO - Sync 1 DAGs
[2023-04-24T13:28:28.876+0000] {logging_mixin.py:137} INFO - [2023-04-24T13:28:28.876+0000] {dag.py:3441} INFO - Setting next_dagrun for example_sensor_decorator to None, run_after=None
[2023-04-24T13:28:28.887+0000] {processor.py:175} INFO - Processing /home/airflow/.local/lib/python3.7/site-packages/airflow/example_dags/example_sensor_decorator.py took 0.062 seconds
[2023-04-24T13:28:59.078+0000] {processor.py:153} INFO - Started process (PID=3930) to work on /home/airflow/.local/lib/python3.7/site-packages/airflow/example_dags/example_sensor_decorator.py
[2023-04-24T13:28:59.079+0000] {processor.py:743} INFO - Processing file /home/airflow/.local/lib/python3.7/site-packages/airflow/example_dags/example_sensor_decorator.py for tasks to queue
[2023-04-24T13:28:59.080+0000] {logging_mixin.py:137} INFO - [2023-04-24T13:28:59.080+0000] {dagbag.py:538} INFO - Filling up the DagBag from /home/airflow/.local/lib/python3.7/site-packages/airflow/example_dags/example_sensor_decorator.py
[2023-04-24T13:28:59.095+0000] {processor.py:753} INFO - DAG(s) dict_keys(['example_sensor_decorator']) retrieved from /home/airflow/.local/lib/python3.7/site-packages/airflow/example_dags/example_sensor_decorator.py
[2023-04-24T13:28:59.117+0000] {logging_mixin.py:137} INFO - [2023-04-24T13:28:59.117+0000] {dag.py:2690} INFO - Sync 1 DAGs
[2023-04-24T13:28:59.133+0000] {logging_mixin.py:137} INFO - [2023-04-24T13:28:59.133+0000] {dag.py:3441} INFO - Setting next_dagrun for example_sensor_decorator to None, run_after=None
[2023-04-24T13:28:59.144+0000] {processor.py:175} INFO - Processing /home/airflow/.local/lib/python3.7/site-packages/airflow/example_dags/example_sensor_decorator.py took 0.069 seconds
[2023-04-24T13:29:29.259+0000] {processor.py:153} INFO - Started process (PID=4006) to work on /home/airflow/.local/lib/python3.7/site-packages/airflow/example_dags/example_sensor_decorator.py
[2023-04-24T13:29:29.260+0000] {processor.py:743} INFO - Processing file /home/airflow/.local/lib/python3.7/site-packages/airflow/example_dags/example_sensor_decorator.py for tasks to queue
[2023-04-24T13:29:29.261+0000] {logging_mixin.py:137} INFO - [2023-04-24T13:29:29.261+0000] {dagbag.py:538} INFO - Filling up the DagBag from /home/airflow/.local/lib/python3.7/site-packages/airflow/example_dags/example_sensor_decorator.py
[2023-04-24T13:29:29.276+0000] {processor.py:753} INFO - DAG(s) dict_keys(['example_sensor_decorator']) retrieved from /home/airflow/.local/lib/python3.7/site-packages/airflow/example_dags/example_sensor_decorator.py
[2023-04-24T13:29:29.296+0000] {logging_mixin.py:137} INFO - [2023-04-24T13:29:29.296+0000] {dag.py:2690} INFO - Sync 1 DAGs
[2023-04-24T13:29:29.313+0000] {logging_mixin.py:137} INFO - [2023-04-24T13:29:29.313+0000] {dag.py:3441} INFO - Setting next_dagrun for example_sensor_decorator to None, run_after=None
[2023-04-24T13:29:29.332+0000] {processor.py:175} INFO - Processing /home/airflow/.local/lib/python3.7/site-packages/airflow/example_dags/example_sensor_decorator.py took 0.076 seconds
[2023-04-24T13:29:59.742+0000] {processor.py:153} INFO - Started process (PID=4082) to work on /home/airflow/.local/lib/python3.7/site-packages/airflow/example_dags/example_sensor_decorator.py
[2023-04-24T13:29:59.743+0000] {processor.py:743} INFO - Processing file /home/airflow/.local/lib/python3.7/site-packages/airflow/example_dags/example_sensor_decorator.py for tasks to queue
[2023-04-24T13:29:59.744+0000] {logging_mixin.py:137} INFO - [2023-04-24T13:29:59.744+0000] {dagbag.py:538} INFO - Filling up the DagBag from /home/airflow/.local/lib/python3.7/site-packages/airflow/example_dags/example_sensor_decorator.py
[2023-04-24T13:29:59.759+0000] {processor.py:753} INFO - DAG(s) dict_keys(['example_sensor_decorator']) retrieved from /home/airflow/.local/lib/python3.7/site-packages/airflow/example_dags/example_sensor_decorator.py
[2023-04-24T13:29:59.777+0000] {logging_mixin.py:137} INFO - [2023-04-24T13:29:59.777+0000] {dag.py:2690} INFO - Sync 1 DAGs
[2023-04-24T13:29:59.791+0000] {logging_mixin.py:137} INFO - [2023-04-24T13:29:59.791+0000] {dag.py:3441} INFO - Setting next_dagrun for example_sensor_decorator to None, run_after=None
[2023-04-24T13:29:59.803+0000] {processor.py:175} INFO - Processing /home/airflow/.local/lib/python3.7/site-packages/airflow/example_dags/example_sensor_decorator.py took 0.064 seconds
[2023-04-24T13:30:30.135+0000] {processor.py:153} INFO - Started process (PID=4147) to work on /home/airflow/.local/lib/python3.7/site-packages/airflow/example_dags/example_sensor_decorator.py
[2023-04-24T13:30:30.137+0000] {processor.py:743} INFO - Processing file /home/airflow/.local/lib/python3.7/site-packages/airflow/example_dags/example_sensor_decorator.py for tasks to queue
[2023-04-24T13:30:30.137+0000] {logging_mixin.py:137} INFO - [2023-04-24T13:30:30.137+0000] {dagbag.py:538} INFO - Filling up the DagBag from /home/airflow/.local/lib/python3.7/site-packages/airflow/example_dags/example_sensor_decorator.py
[2023-04-24T13:30:30.153+0000] {processor.py:753} INFO - DAG(s) dict_keys(['example_sensor_decorator']) retrieved from /home/airflow/.local/lib/python3.7/site-packages/airflow/example_dags/example_sensor_decorator.py
[2023-04-24T13:30:30.173+0000] {logging_mixin.py:137} INFO - [2023-04-24T13:30:30.173+0000] {dag.py:2690} INFO - Sync 1 DAGs
[2023-04-24T13:30:30.190+0000] {logging_mixin.py:137} INFO - [2023-04-24T13:30:30.190+0000] {dag.py:3441} INFO - Setting next_dagrun for example_sensor_decorator to None, run_after=None
[2023-04-24T13:30:30.208+0000] {processor.py:175} INFO - Processing /home/airflow/.local/lib/python3.7/site-packages/airflow/example_dags/example_sensor_decorator.py took 0.076 seconds
[2023-04-24T13:31:00.476+0000] {processor.py:153} INFO - Started process (PID=4223) to work on /home/airflow/.local/lib/python3.7/site-packages/airflow/example_dags/example_sensor_decorator.py
[2023-04-24T13:31:00.477+0000] {processor.py:743} INFO - Processing file /home/airflow/.local/lib/python3.7/site-packages/airflow/example_dags/example_sensor_decorator.py for tasks to queue
[2023-04-24T13:31:00.478+0000] {logging_mixin.py:137} INFO - [2023-04-24T13:31:00.478+0000] {dagbag.py:538} INFO - Filling up the DagBag from /home/airflow/.local/lib/python3.7/site-packages/airflow/example_dags/example_sensor_decorator.py
[2023-04-24T13:31:00.492+0000] {processor.py:753} INFO - DAG(s) dict_keys(['example_sensor_decorator']) retrieved from /home/airflow/.local/lib/python3.7/site-packages/airflow/example_dags/example_sensor_decorator.py
[2023-04-24T13:31:00.511+0000] {logging_mixin.py:137} INFO - [2023-04-24T13:31:00.511+0000] {dag.py:2690} INFO - Sync 1 DAGs
[2023-04-24T13:31:00.525+0000] {logging_mixin.py:137} INFO - [2023-04-24T13:31:00.525+0000] {dag.py:3441} INFO - Setting next_dagrun for example_sensor_decorator to None, run_after=None
[2023-04-24T13:31:00.536+0000] {processor.py:175} INFO - Processing /home/airflow/.local/lib/python3.7/site-packages/airflow/example_dags/example_sensor_decorator.py took 0.063 seconds
[2023-04-24T13:31:30.655+0000] {processor.py:153} INFO - Started process (PID=4299) to work on /home/airflow/.local/lib/python3.7/site-packages/airflow/example_dags/example_sensor_decorator.py
[2023-04-24T13:31:30.656+0000] {processor.py:743} INFO - Processing file /home/airflow/.local/lib/python3.7/site-packages/airflow/example_dags/example_sensor_decorator.py for tasks to queue
[2023-04-24T13:31:30.657+0000] {logging_mixin.py:137} INFO - [2023-04-24T13:31:30.657+0000] {dagbag.py:538} INFO - Filling up the DagBag from /home/airflow/.local/lib/python3.7/site-packages/airflow/example_dags/example_sensor_decorator.py
[2023-04-24T13:31:30.671+0000] {processor.py:753} INFO - DAG(s) dict_keys(['example_sensor_decorator']) retrieved from /home/airflow/.local/lib/python3.7/site-packages/airflow/example_dags/example_sensor_decorator.py
[2023-04-24T13:31:30.690+0000] {logging_mixin.py:137} INFO - [2023-04-24T13:31:30.690+0000] {dag.py:2690} INFO - Sync 1 DAGs
[2023-04-24T13:31:30.704+0000] {logging_mixin.py:137} INFO - [2023-04-24T13:31:30.704+0000] {dag.py:3441} INFO - Setting next_dagrun for example_sensor_decorator to None, run_after=None
[2023-04-24T13:31:30.715+0000] {processor.py:175} INFO - Processing /home/airflow/.local/lib/python3.7/site-packages/airflow/example_dags/example_sensor_decorator.py took 0.063 seconds
[2023-04-24T13:32:00.995+0000] {processor.py:153} INFO - Started process (PID=4372) to work on /home/airflow/.local/lib/python3.7/site-packages/airflow/example_dags/example_sensor_decorator.py
[2023-04-24T13:32:00.996+0000] {processor.py:743} INFO - Processing file /home/airflow/.local/lib/python3.7/site-packages/airflow/example_dags/example_sensor_decorator.py for tasks to queue
[2023-04-24T13:32:00.997+0000] {logging_mixin.py:137} INFO - [2023-04-24T13:32:00.997+0000] {dagbag.py:538} INFO - Filling up the DagBag from /home/airflow/.local/lib/python3.7/site-packages/airflow/example_dags/example_sensor_decorator.py
[2023-04-24T13:32:01.012+0000] {processor.py:753} INFO - DAG(s) dict_keys(['example_sensor_decorator']) retrieved from /home/airflow/.local/lib/python3.7/site-packages/airflow/example_dags/example_sensor_decorator.py
[2023-04-24T13:32:01.031+0000] {logging_mixin.py:137} INFO - [2023-04-24T13:32:01.031+0000] {dag.py:2690} INFO - Sync 1 DAGs
[2023-04-24T13:32:01.046+0000] {logging_mixin.py:137} INFO - [2023-04-24T13:32:01.046+0000] {dag.py:3441} INFO - Setting next_dagrun for example_sensor_decorator to None, run_after=None
[2023-04-24T13:32:01.057+0000] {processor.py:175} INFO - Processing /home/airflow/.local/lib/python3.7/site-packages/airflow/example_dags/example_sensor_decorator.py took 0.065 seconds
[2023-04-24T13:32:31.282+0000] {processor.py:153} INFO - Started process (PID=4439) to work on /home/airflow/.local/lib/python3.7/site-packages/airflow/example_dags/example_sensor_decorator.py
[2023-04-24T13:32:31.283+0000] {processor.py:743} INFO - Processing file /home/airflow/.local/lib/python3.7/site-packages/airflow/example_dags/example_sensor_decorator.py for tasks to queue
[2023-04-24T13:32:31.284+0000] {logging_mixin.py:137} INFO - [2023-04-24T13:32:31.284+0000] {dagbag.py:538} INFO - Filling up the DagBag from /home/airflow/.local/lib/python3.7/site-packages/airflow/example_dags/example_sensor_decorator.py
[2023-04-24T13:32:31.299+0000] {processor.py:753} INFO - DAG(s) dict_keys(['example_sensor_decorator']) retrieved from /home/airflow/.local/lib/python3.7/site-packages/airflow/example_dags/example_sensor_decorator.py
[2023-04-24T13:32:31.317+0000] {logging_mixin.py:137} INFO - [2023-04-24T13:32:31.317+0000] {dag.py:2690} INFO - Sync 1 DAGs
[2023-04-24T13:32:31.331+0000] {logging_mixin.py:137} INFO - [2023-04-24T13:32:31.331+0000] {dag.py:3441} INFO - Setting next_dagrun for example_sensor_decorator to None, run_after=None
[2023-04-24T13:32:31.341+0000] {processor.py:175} INFO - Processing /home/airflow/.local/lib/python3.7/site-packages/airflow/example_dags/example_sensor_decorator.py took 0.062 seconds
[2023-04-24T13:33:01.541+0000] {processor.py:153} INFO - Started process (PID=4515) to work on /home/airflow/.local/lib/python3.7/site-packages/airflow/example_dags/example_sensor_decorator.py
[2023-04-24T13:33:01.543+0000] {processor.py:743} INFO - Processing file /home/airflow/.local/lib/python3.7/site-packages/airflow/example_dags/example_sensor_decorator.py for tasks to queue
[2023-04-24T13:33:01.544+0000] {logging_mixin.py:137} INFO - [2023-04-24T13:33:01.544+0000] {dagbag.py:538} INFO - Filling up the DagBag from /home/airflow/.local/lib/python3.7/site-packages/airflow/example_dags/example_sensor_decorator.py
[2023-04-24T13:33:01.558+0000] {processor.py:753} INFO - DAG(s) dict_keys(['example_sensor_decorator']) retrieved from /home/airflow/.local/lib/python3.7/site-packages/airflow/example_dags/example_sensor_decorator.py
[2023-04-24T13:33:01.577+0000] {logging_mixin.py:137} INFO - [2023-04-24T13:33:01.576+0000] {dag.py:2690} INFO - Sync 1 DAGs
[2023-04-24T13:33:01.591+0000] {logging_mixin.py:137} INFO - [2023-04-24T13:33:01.591+0000] {dag.py:3441} INFO - Setting next_dagrun for example_sensor_decorator to None, run_after=None
[2023-04-24T13:33:01.601+0000] {processor.py:175} INFO - Processing /home/airflow/.local/lib/python3.7/site-packages/airflow/example_dags/example_sensor_decorator.py took 0.063 seconds
[2023-04-24T13:33:48.519+0000] {processor.py:153} INFO - Started process (PID=4563) to work on /home/airflow/.local/lib/python3.7/site-packages/airflow/example_dags/example_sensor_decorator.py
[2023-04-24T13:33:48.521+0000] {processor.py:743} INFO - Processing file /home/airflow/.local/lib/python3.7/site-packages/airflow/example_dags/example_sensor_decorator.py for tasks to queue
[2023-04-24T13:33:48.522+0000] {logging_mixin.py:137} INFO - [2023-04-24T13:33:48.522+0000] {dagbag.py:538} INFO - Filling up the DagBag from /home/airflow/.local/lib/python3.7/site-packages/airflow/example_dags/example_sensor_decorator.py
[2023-04-24T13:33:48.540+0000] {processor.py:753} INFO - DAG(s) dict_keys(['example_sensor_decorator']) retrieved from /home/airflow/.local/lib/python3.7/site-packages/airflow/example_dags/example_sensor_decorator.py
[2023-04-24T13:33:48.563+0000] {logging_mixin.py:137} INFO - [2023-04-24T13:33:48.563+0000] {dag.py:2690} INFO - Sync 1 DAGs
[2023-04-24T13:33:48.585+0000] {logging_mixin.py:137} INFO - [2023-04-24T13:33:48.585+0000] {dag.py:3441} INFO - Setting next_dagrun for example_sensor_decorator to None, run_after=None
[2023-04-24T13:33:48.602+0000] {processor.py:175} INFO - Processing /home/airflow/.local/lib/python3.7/site-packages/airflow/example_dags/example_sensor_decorator.py took 0.087 seconds
[2023-04-24T13:34:19.060+0000] {processor.py:153} INFO - Started process (PID=4639) to work on /home/airflow/.local/lib/python3.7/site-packages/airflow/example_dags/example_sensor_decorator.py
[2023-04-24T13:34:19.062+0000] {processor.py:743} INFO - Processing file /home/airflow/.local/lib/python3.7/site-packages/airflow/example_dags/example_sensor_decorator.py for tasks to queue
[2023-04-24T13:34:19.063+0000] {logging_mixin.py:137} INFO - [2023-04-24T13:34:19.063+0000] {dagbag.py:538} INFO - Filling up the DagBag from /home/airflow/.local/lib/python3.7/site-packages/airflow/example_dags/example_sensor_decorator.py
[2023-04-24T13:34:19.078+0000] {processor.py:753} INFO - DAG(s) dict_keys(['example_sensor_decorator']) retrieved from /home/airflow/.local/lib/python3.7/site-packages/airflow/example_dags/example_sensor_decorator.py
[2023-04-24T13:34:19.097+0000] {logging_mixin.py:137} INFO - [2023-04-24T13:34:19.097+0000] {dag.py:2690} INFO - Sync 1 DAGs
[2023-04-24T13:34:19.113+0000] {logging_mixin.py:137} INFO - [2023-04-24T13:34:19.113+0000] {dag.py:3441} INFO - Setting next_dagrun for example_sensor_decorator to None, run_after=None
[2023-04-24T13:34:19.125+0000] {processor.py:175} INFO - Processing /home/airflow/.local/lib/python3.7/site-packages/airflow/example_dags/example_sensor_decorator.py took 0.068 seconds
[2023-04-24T13:34:49.263+0000] {processor.py:153} INFO - Started process (PID=4712) to work on /home/airflow/.local/lib/python3.7/site-packages/airflow/example_dags/example_sensor_decorator.py
[2023-04-24T13:34:49.265+0000] {processor.py:743} INFO - Processing file /home/airflow/.local/lib/python3.7/site-packages/airflow/example_dags/example_sensor_decorator.py for tasks to queue
[2023-04-24T13:34:49.265+0000] {logging_mixin.py:137} INFO - [2023-04-24T13:34:49.265+0000] {dagbag.py:538} INFO - Filling up the DagBag from /home/airflow/.local/lib/python3.7/site-packages/airflow/example_dags/example_sensor_decorator.py
[2023-04-24T13:34:49.281+0000] {processor.py:753} INFO - DAG(s) dict_keys(['example_sensor_decorator']) retrieved from /home/airflow/.local/lib/python3.7/site-packages/airflow/example_dags/example_sensor_decorator.py
[2023-04-24T13:34:49.302+0000] {logging_mixin.py:137} INFO - [2023-04-24T13:34:49.302+0000] {dag.py:2690} INFO - Sync 1 DAGs
[2023-04-24T13:34:49.318+0000] {logging_mixin.py:137} INFO - [2023-04-24T13:34:49.318+0000] {dag.py:3441} INFO - Setting next_dagrun for example_sensor_decorator to None, run_after=None
[2023-04-24T13:34:49.330+0000] {processor.py:175} INFO - Processing /home/airflow/.local/lib/python3.7/site-packages/airflow/example_dags/example_sensor_decorator.py took 0.070 seconds
[2023-04-24T13:35:19.697+0000] {processor.py:153} INFO - Started process (PID=4779) to work on /home/airflow/.local/lib/python3.7/site-packages/airflow/example_dags/example_sensor_decorator.py
[2023-04-24T13:35:19.698+0000] {processor.py:743} INFO - Processing file /home/airflow/.local/lib/python3.7/site-packages/airflow/example_dags/example_sensor_decorator.py for tasks to queue
[2023-04-24T13:35:19.699+0000] {logging_mixin.py:137} INFO - [2023-04-24T13:35:19.699+0000] {dagbag.py:538} INFO - Filling up the DagBag from /home/airflow/.local/lib/python3.7/site-packages/airflow/example_dags/example_sensor_decorator.py
[2023-04-24T13:35:19.715+0000] {processor.py:753} INFO - DAG(s) dict_keys(['example_sensor_decorator']) retrieved from /home/airflow/.local/lib/python3.7/site-packages/airflow/example_dags/example_sensor_decorator.py
[2023-04-24T13:35:19.734+0000] {logging_mixin.py:137} INFO - [2023-04-24T13:35:19.734+0000] {dag.py:2690} INFO - Sync 1 DAGs
[2023-04-24T13:35:19.749+0000] {logging_mixin.py:137} INFO - [2023-04-24T13:35:19.749+0000] {dag.py:3441} INFO - Setting next_dagrun for example_sensor_decorator to None, run_after=None
[2023-04-24T13:35:19.760+0000] {processor.py:175} INFO - Processing /home/airflow/.local/lib/python3.7/site-packages/airflow/example_dags/example_sensor_decorator.py took 0.066 seconds
[2023-04-24T13:52:35.063+0000] {processor.py:153} INFO - Started process (PID=4855) to work on /home/airflow/.local/lib/python3.7/site-packages/airflow/example_dags/example_sensor_decorator.py
[2023-04-24T13:52:35.068+0000] {processor.py:743} INFO - Processing file /home/airflow/.local/lib/python3.7/site-packages/airflow/example_dags/example_sensor_decorator.py for tasks to queue
[2023-04-24T13:52:35.072+0000] {logging_mixin.py:137} INFO - [2023-04-24T13:52:35.072+0000] {dagbag.py:538} INFO - Filling up the DagBag from /home/airflow/.local/lib/python3.7/site-packages/airflow/example_dags/example_sensor_decorator.py
[2023-04-24T13:52:35.109+0000] {processor.py:753} INFO - DAG(s) dict_keys(['example_sensor_decorator']) retrieved from /home/airflow/.local/lib/python3.7/site-packages/airflow/example_dags/example_sensor_decorator.py
[2023-04-24T13:52:35.132+0000] {logging_mixin.py:137} INFO - [2023-04-24T13:52:35.131+0000] {dag.py:2690} INFO - Sync 1 DAGs
[2023-04-24T13:52:35.148+0000] {logging_mixin.py:137} INFO - [2023-04-24T13:52:35.148+0000] {dag.py:3441} INFO - Setting next_dagrun for example_sensor_decorator to None, run_after=None
[2023-04-24T13:52:35.160+0000] {processor.py:175} INFO - Processing /home/airflow/.local/lib/python3.7/site-packages/airflow/example_dags/example_sensor_decorator.py took 0.101 seconds
[2023-04-24T14:31:28.500+0000] {processor.py:153} INFO - Started process (PID=4919) to work on /home/airflow/.local/lib/python3.7/site-packages/airflow/example_dags/example_sensor_decorator.py
[2023-04-24T14:31:28.503+0000] {processor.py:743} INFO - Processing file /home/airflow/.local/lib/python3.7/site-packages/airflow/example_dags/example_sensor_decorator.py for tasks to queue
[2023-04-24T14:31:28.504+0000] {logging_mixin.py:137} INFO - [2023-04-24T14:31:28.504+0000] {dagbag.py:538} INFO - Filling up the DagBag from /home/airflow/.local/lib/python3.7/site-packages/airflow/example_dags/example_sensor_decorator.py
[2023-04-24T14:31:28.545+0000] {processor.py:753} INFO - DAG(s) dict_keys(['example_sensor_decorator']) retrieved from /home/airflow/.local/lib/python3.7/site-packages/airflow/example_dags/example_sensor_decorator.py
[2023-04-24T14:31:28.584+0000] {logging_mixin.py:137} INFO - [2023-04-24T14:31:28.584+0000] {dag.py:2690} INFO - Sync 1 DAGs
[2023-04-24T14:31:28.616+0000] {logging_mixin.py:137} INFO - [2023-04-24T14:31:28.616+0000] {dag.py:3441} INFO - Setting next_dagrun for example_sensor_decorator to None, run_after=None
[2023-04-24T14:31:28.640+0000] {processor.py:175} INFO - Processing /home/airflow/.local/lib/python3.7/site-packages/airflow/example_dags/example_sensor_decorator.py took 0.145 seconds
[2023-04-24T15:16:27.216+0000] {processor.py:153} INFO - Started process (PID=4994) to work on /home/airflow/.local/lib/python3.7/site-packages/airflow/example_dags/example_sensor_decorator.py
[2023-04-24T15:16:27.218+0000] {processor.py:743} INFO - Processing file /home/airflow/.local/lib/python3.7/site-packages/airflow/example_dags/example_sensor_decorator.py for tasks to queue
[2023-04-24T15:16:27.220+0000] {logging_mixin.py:137} INFO - [2023-04-24T15:16:27.219+0000] {dagbag.py:538} INFO - Filling up the DagBag from /home/airflow/.local/lib/python3.7/site-packages/airflow/example_dags/example_sensor_decorator.py
[2023-04-24T15:16:27.281+0000] {processor.py:753} INFO - DAG(s) dict_keys(['example_sensor_decorator']) retrieved from /home/airflow/.local/lib/python3.7/site-packages/airflow/example_dags/example_sensor_decorator.py
[2023-04-24T15:16:27.315+0000] {logging_mixin.py:137} INFO - [2023-04-24T15:16:27.314+0000] {dag.py:2690} INFO - Sync 1 DAGs
[2023-04-24T15:16:27.343+0000] {logging_mixin.py:137} INFO - [2023-04-24T15:16:27.343+0000] {dag.py:3441} INFO - Setting next_dagrun for example_sensor_decorator to None, run_after=None
[2023-04-24T15:16:27.364+0000] {processor.py:175} INFO - Processing /home/airflow/.local/lib/python3.7/site-packages/airflow/example_dags/example_sensor_decorator.py took 0.172 seconds
[2023-04-24T16:21:49.438+0000] {processor.py:153} INFO - Started process (PID=5071) to work on /home/airflow/.local/lib/python3.7/site-packages/airflow/example_dags/example_sensor_decorator.py
[2023-04-24T16:21:49.443+0000] {processor.py:743} INFO - Processing file /home/airflow/.local/lib/python3.7/site-packages/airflow/example_dags/example_sensor_decorator.py for tasks to queue
[2023-04-24T16:21:49.444+0000] {logging_mixin.py:137} INFO - [2023-04-24T16:21:49.444+0000] {dagbag.py:538} INFO - Filling up the DagBag from /home/airflow/.local/lib/python3.7/site-packages/airflow/example_dags/example_sensor_decorator.py
[2023-04-24T16:21:49.476+0000] {processor.py:753} INFO - DAG(s) dict_keys(['example_sensor_decorator']) retrieved from /home/airflow/.local/lib/python3.7/site-packages/airflow/example_dags/example_sensor_decorator.py
[2023-04-24T16:21:49.511+0000] {logging_mixin.py:137} INFO - [2023-04-24T16:21:49.511+0000] {dag.py:2690} INFO - Sync 1 DAGs
[2023-04-24T16:21:49.542+0000] {logging_mixin.py:137} INFO - [2023-04-24T16:21:49.542+0000] {dag.py:3441} INFO - Setting next_dagrun for example_sensor_decorator to None, run_after=None
[2023-04-24T16:21:49.570+0000] {processor.py:175} INFO - Processing /home/airflow/.local/lib/python3.7/site-packages/airflow/example_dags/example_sensor_decorator.py took 0.137 seconds
[2023-04-24T17:38:24.050+0000] {processor.py:153} INFO - Started process (PID=5135) to work on /home/airflow/.local/lib/python3.7/site-packages/airflow/example_dags/example_sensor_decorator.py
[2023-04-24T17:38:24.052+0000] {processor.py:743} INFO - Processing file /home/airflow/.local/lib/python3.7/site-packages/airflow/example_dags/example_sensor_decorator.py for tasks to queue
[2023-04-24T17:38:24.054+0000] {logging_mixin.py:137} INFO - [2023-04-24T17:38:24.053+0000] {dagbag.py:538} INFO - Filling up the DagBag from /home/airflow/.local/lib/python3.7/site-packages/airflow/example_dags/example_sensor_decorator.py
[2023-04-24T17:38:24.079+0000] {processor.py:753} INFO - DAG(s) dict_keys(['example_sensor_decorator']) retrieved from /home/airflow/.local/lib/python3.7/site-packages/airflow/example_dags/example_sensor_decorator.py
[2023-04-24T17:38:24.106+0000] {logging_mixin.py:137} INFO - [2023-04-24T17:38:24.106+0000] {dag.py:2690} INFO - Sync 1 DAGs
[2023-04-24T17:38:24.129+0000] {logging_mixin.py:137} INFO - [2023-04-24T17:38:24.129+0000] {dag.py:3441} INFO - Setting next_dagrun for example_sensor_decorator to None, run_after=None
[2023-04-24T17:38:24.156+0000] {processor.py:175} INFO - Processing /home/airflow/.local/lib/python3.7/site-packages/airflow/example_dags/example_sensor_decorator.py took 0.119 seconds
[2023-04-24T18:45:19.962+0000] {processor.py:153} INFO - Started process (PID=5210) to work on /home/airflow/.local/lib/python3.7/site-packages/airflow/example_dags/example_sensor_decorator.py
[2023-04-24T18:45:19.964+0000] {processor.py:743} INFO - Processing file /home/airflow/.local/lib/python3.7/site-packages/airflow/example_dags/example_sensor_decorator.py for tasks to queue
[2023-04-24T18:45:19.968+0000] {logging_mixin.py:137} INFO - [2023-04-24T18:45:19.968+0000] {dagbag.py:538} INFO - Filling up the DagBag from /home/airflow/.local/lib/python3.7/site-packages/airflow/example_dags/example_sensor_decorator.py
[2023-04-24T18:45:19.987+0000] {processor.py:753} INFO - DAG(s) dict_keys(['example_sensor_decorator']) retrieved from /home/airflow/.local/lib/python3.7/site-packages/airflow/example_dags/example_sensor_decorator.py
[2023-04-24T18:45:20.009+0000] {logging_mixin.py:137} INFO - [2023-04-24T18:45:20.009+0000] {dag.py:2690} INFO - Sync 1 DAGs
[2023-04-24T18:45:20.028+0000] {logging_mixin.py:137} INFO - [2023-04-24T18:45:20.028+0000] {dag.py:3441} INFO - Setting next_dagrun for example_sensor_decorator to None, run_after=None
[2023-04-24T18:45:20.047+0000] {processor.py:175} INFO - Processing /home/airflow/.local/lib/python3.7/site-packages/airflow/example_dags/example_sensor_decorator.py took 0.088 seconds
[2023-04-24T19:49:25.493+0000] {processor.py:153} INFO - Started process (PID=5286) to work on /home/airflow/.local/lib/python3.7/site-packages/airflow/example_dags/example_sensor_decorator.py
[2023-04-24T19:49:25.497+0000] {processor.py:743} INFO - Processing file /home/airflow/.local/lib/python3.7/site-packages/airflow/example_dags/example_sensor_decorator.py for tasks to queue
[2023-04-24T19:49:25.499+0000] {logging_mixin.py:137} INFO - [2023-04-24T19:49:25.499+0000] {dagbag.py:538} INFO - Filling up the DagBag from /home/airflow/.local/lib/python3.7/site-packages/airflow/example_dags/example_sensor_decorator.py
[2023-04-24T19:49:25.550+0000] {processor.py:753} INFO - DAG(s) dict_keys(['example_sensor_decorator']) retrieved from /home/airflow/.local/lib/python3.7/site-packages/airflow/example_dags/example_sensor_decorator.py
[2023-04-24T19:49:25.602+0000] {logging_mixin.py:137} INFO - [2023-04-24T19:49:25.602+0000] {dag.py:2690} INFO - Sync 1 DAGs
[2023-04-24T19:49:25.631+0000] {logging_mixin.py:137} INFO - [2023-04-24T19:49:25.631+0000] {dag.py:3441} INFO - Setting next_dagrun for example_sensor_decorator to None, run_after=None
[2023-04-24T19:49:25.649+0000] {processor.py:175} INFO - Processing /home/airflow/.local/lib/python3.7/site-packages/airflow/example_dags/example_sensor_decorator.py took 0.161 seconds
[2023-04-24T20:25:33.315+0000] {processor.py:153} INFO - Started process (PID=5350) to work on /home/airflow/.local/lib/python3.7/site-packages/airflow/example_dags/example_sensor_decorator.py
[2023-04-24T20:25:33.319+0000] {processor.py:743} INFO - Processing file /home/airflow/.local/lib/python3.7/site-packages/airflow/example_dags/example_sensor_decorator.py for tasks to queue
[2023-04-24T20:25:33.321+0000] {logging_mixin.py:137} INFO - [2023-04-24T20:25:33.321+0000] {dagbag.py:538} INFO - Filling up the DagBag from /home/airflow/.local/lib/python3.7/site-packages/airflow/example_dags/example_sensor_decorator.py
[2023-04-24T20:25:33.361+0000] {processor.py:753} INFO - DAG(s) dict_keys(['example_sensor_decorator']) retrieved from /home/airflow/.local/lib/python3.7/site-packages/airflow/example_dags/example_sensor_decorator.py
[2023-04-24T20:25:33.405+0000] {logging_mixin.py:137} INFO - [2023-04-24T20:25:33.404+0000] {dag.py:2690} INFO - Sync 1 DAGs
[2023-04-24T20:25:33.449+0000] {logging_mixin.py:137} INFO - [2023-04-24T20:25:33.449+0000] {dag.py:3441} INFO - Setting next_dagrun for example_sensor_decorator to None, run_after=None
[2023-04-24T20:25:33.475+0000] {processor.py:175} INFO - Processing /home/airflow/.local/lib/python3.7/site-packages/airflow/example_dags/example_sensor_decorator.py took 0.165 seconds
[2023-04-24T21:31:02.252+0000] {processor.py:153} INFO - Started process (PID=5426) to work on /home/airflow/.local/lib/python3.7/site-packages/airflow/example_dags/example_sensor_decorator.py
[2023-04-24T21:31:02.254+0000] {processor.py:743} INFO - Processing file /home/airflow/.local/lib/python3.7/site-packages/airflow/example_dags/example_sensor_decorator.py for tasks to queue
[2023-04-24T21:31:02.255+0000] {logging_mixin.py:137} INFO - [2023-04-24T21:31:02.255+0000] {dagbag.py:538} INFO - Filling up the DagBag from /home/airflow/.local/lib/python3.7/site-packages/airflow/example_dags/example_sensor_decorator.py
[2023-04-24T21:31:02.294+0000] {processor.py:753} INFO - DAG(s) dict_keys(['example_sensor_decorator']) retrieved from /home/airflow/.local/lib/python3.7/site-packages/airflow/example_dags/example_sensor_decorator.py
[2023-04-24T21:31:02.338+0000] {logging_mixin.py:137} INFO - [2023-04-24T21:31:02.338+0000] {dag.py:2690} INFO - Sync 1 DAGs
[2023-04-24T21:31:02.370+0000] {logging_mixin.py:137} INFO - [2023-04-24T21:31:02.370+0000] {dag.py:3441} INFO - Setting next_dagrun for example_sensor_decorator to None, run_after=None
[2023-04-24T21:31:02.391+0000] {processor.py:175} INFO - Processing /home/airflow/.local/lib/python3.7/site-packages/airflow/example_dags/example_sensor_decorator.py took 0.148 seconds
[2023-04-24T22:36:50.709+0000] {processor.py:153} INFO - Started process (PID=5503) to work on /home/airflow/.local/lib/python3.7/site-packages/airflow/example_dags/example_sensor_decorator.py
[2023-04-24T22:36:50.715+0000] {processor.py:743} INFO - Processing file /home/airflow/.local/lib/python3.7/site-packages/airflow/example_dags/example_sensor_decorator.py for tasks to queue
[2023-04-24T22:36:50.717+0000] {logging_mixin.py:137} INFO - [2023-04-24T22:36:50.717+0000] {dagbag.py:538} INFO - Filling up the DagBag from /home/airflow/.local/lib/python3.7/site-packages/airflow/example_dags/example_sensor_decorator.py
[2023-04-24T22:36:50.801+0000] {processor.py:753} INFO - DAG(s) dict_keys(['example_sensor_decorator']) retrieved from /home/airflow/.local/lib/python3.7/site-packages/airflow/example_dags/example_sensor_decorator.py
[2023-04-24T22:36:50.842+0000] {logging_mixin.py:137} INFO - [2023-04-24T22:36:50.842+0000] {dag.py:2690} INFO - Sync 1 DAGs
[2023-04-24T22:36:50.891+0000] {logging_mixin.py:137} INFO - [2023-04-24T22:36:50.891+0000] {dag.py:3441} INFO - Setting next_dagrun for example_sensor_decorator to None, run_after=None
[2023-04-24T22:36:50.918+0000] {processor.py:175} INFO - Processing /home/airflow/.local/lib/python3.7/site-packages/airflow/example_dags/example_sensor_decorator.py took 0.218 seconds
