[2023-04-24T12:38:39.228+0000] {processor.py:153} INFO - Started process (PID=268) to work on /home/airflow/.local/lib/python3.7/site-packages/airflow/example_dags/example_task_group.py
[2023-04-24T12:38:39.463+0000] {processor.py:743} INFO - Processing file /home/airflow/.local/lib/python3.7/site-packages/airflow/example_dags/example_task_group.py for tasks to queue
[2023-04-24T12:38:39.468+0000] {logging_mixin.py:137} INFO - [2023-04-24T12:38:39.467+0000] {dagbag.py:538} INFO - Filling up the DagBag from /home/airflow/.local/lib/python3.7/site-packages/airflow/example_dags/example_task_group.py
[2023-04-24T12:38:41.198+0000] {processor.py:753} INFO - DAG(s) dict_keys(['example_task_group']) retrieved from /home/airflow/.local/lib/python3.7/site-packages/airflow/example_dags/example_task_group.py
[2023-04-24T12:38:52.242+0000] {logging_mixin.py:137} INFO - [2023-04-24T12:38:52.242+0000] {dag.py:2690} INFO - Sync 1 DAGs
[2023-04-24T12:38:54.364+0000] {logging_mixin.py:137} INFO - [2023-04-24T12:38:54.363+0000] {dag.py:2711} INFO - Creating ORM DAG for example_task_group
[2023-04-24T12:38:54.755+0000] {logging_mixin.py:137} INFO - [2023-04-24T12:38:54.754+0000] {dag.py:3441} INFO - Setting next_dagrun for example_task_group to 2023-04-23T12:38:54.748374+00:00, run_after=2023-04-24T12:38:54.748374+00:00
[2023-04-24T12:38:56.528+0000] {processor.py:175} INFO - Processing /home/airflow/.local/lib/python3.7/site-packages/airflow/example_dags/example_task_group.py took 17.963 seconds
[2023-04-24T12:40:24.858+0000] {processor.py:153} INFO - Started process (PID=355) to work on /home/airflow/.local/lib/python3.7/site-packages/airflow/example_dags/example_task_group.py
[2023-04-24T12:40:24.867+0000] {processor.py:743} INFO - Processing file /home/airflow/.local/lib/python3.7/site-packages/airflow/example_dags/example_task_group.py for tasks to queue
[2023-04-24T12:40:24.868+0000] {logging_mixin.py:137} INFO - [2023-04-24T12:40:24.868+0000] {dagbag.py:538} INFO - Filling up the DagBag from /home/airflow/.local/lib/python3.7/site-packages/airflow/example_dags/example_task_group.py
[2023-04-24T12:40:25.112+0000] {processor.py:753} INFO - DAG(s) dict_keys(['example_task_group']) retrieved from /home/airflow/.local/lib/python3.7/site-packages/airflow/example_dags/example_task_group.py
[2023-04-24T12:40:25.385+0000] {logging_mixin.py:137} INFO - [2023-04-24T12:40:25.385+0000] {dag.py:2690} INFO - Sync 1 DAGs
[2023-04-24T12:40:25.563+0000] {logging_mixin.py:137} INFO - [2023-04-24T12:40:25.563+0000] {dag.py:3441} INFO - Setting next_dagrun for example_task_group to 2023-04-23T12:40:25.563225+00:00, run_after=2023-04-24T12:40:25.563225+00:00
[2023-04-24T12:40:25.639+0000] {processor.py:175} INFO - Processing /home/airflow/.local/lib/python3.7/site-packages/airflow/example_dags/example_task_group.py took 0.835 seconds
[2023-04-24T12:41:37.918+0000] {processor.py:153} INFO - Started process (PID=421) to work on /home/airflow/.local/lib/python3.7/site-packages/airflow/example_dags/example_task_group.py
[2023-04-24T12:41:37.926+0000] {processor.py:743} INFO - Processing file /home/airflow/.local/lib/python3.7/site-packages/airflow/example_dags/example_task_group.py for tasks to queue
[2023-04-24T12:41:37.929+0000] {logging_mixin.py:137} INFO - [2023-04-24T12:41:37.928+0000] {dagbag.py:538} INFO - Filling up the DagBag from /home/airflow/.local/lib/python3.7/site-packages/airflow/example_dags/example_task_group.py
[2023-04-24T12:41:38.021+0000] {processor.py:753} INFO - DAG(s) dict_keys(['example_task_group']) retrieved from /home/airflow/.local/lib/python3.7/site-packages/airflow/example_dags/example_task_group.py
[2023-04-24T12:41:38.195+0000] {logging_mixin.py:137} INFO - [2023-04-24T12:41:38.194+0000] {dag.py:2690} INFO - Sync 1 DAGs
[2023-04-24T12:41:38.451+0000] {logging_mixin.py:137} INFO - [2023-04-24T12:41:38.451+0000] {dag.py:3441} INFO - Setting next_dagrun for example_task_group to 2023-04-23T12:41:38.451347+00:00, run_after=2023-04-24T12:41:38.451347+00:00
[2023-04-24T12:41:38.642+0000] {processor.py:175} INFO - Processing /home/airflow/.local/lib/python3.7/site-packages/airflow/example_dags/example_task_group.py took 0.745 seconds
[2023-04-24T12:43:03.281+0000] {processor.py:153} INFO - Started process (PID=508) to work on /home/airflow/.local/lib/python3.7/site-packages/airflow/example_dags/example_task_group.py
[2023-04-24T12:43:03.310+0000] {processor.py:743} INFO - Processing file /home/airflow/.local/lib/python3.7/site-packages/airflow/example_dags/example_task_group.py for tasks to queue
[2023-04-24T12:43:03.332+0000] {logging_mixin.py:137} INFO - [2023-04-24T12:43:03.321+0000] {dagbag.py:538} INFO - Filling up the DagBag from /home/airflow/.local/lib/python3.7/site-packages/airflow/example_dags/example_task_group.py
[2023-04-24T12:43:05.804+0000] {processor.py:753} INFO - DAG(s) dict_keys(['example_task_group']) retrieved from /home/airflow/.local/lib/python3.7/site-packages/airflow/example_dags/example_task_group.py
[2023-04-24T12:43:06.359+0000] {logging_mixin.py:137} INFO - [2023-04-24T12:43:06.358+0000] {dag.py:2690} INFO - Sync 1 DAGs
[2023-04-24T12:43:06.617+0000] {logging_mixin.py:137} INFO - [2023-04-24T12:43:06.617+0000] {dag.py:3441} INFO - Setting next_dagrun for example_task_group to 2023-04-23T12:43:06.605484+00:00, run_after=2023-04-24T12:43:06.605484+00:00
[2023-04-24T12:43:09.240+0000] {processor.py:175} INFO - Processing /home/airflow/.local/lib/python3.7/site-packages/airflow/example_dags/example_task_group.py took 6.005 seconds
[2023-04-24T12:47:56.870+0000] {processor.py:153} INFO - Started process (PID=647) to work on /home/airflow/.local/lib/python3.7/site-packages/airflow/example_dags/example_task_group.py
[2023-04-24T12:47:56.872+0000] {processor.py:743} INFO - Processing file /home/airflow/.local/lib/python3.7/site-packages/airflow/example_dags/example_task_group.py for tasks to queue
[2023-04-24T12:47:56.873+0000] {logging_mixin.py:137} INFO - [2023-04-24T12:47:56.873+0000] {dagbag.py:538} INFO - Filling up the DagBag from /home/airflow/.local/lib/python3.7/site-packages/airflow/example_dags/example_task_group.py
[2023-04-24T12:47:57.179+0000] {processor.py:753} INFO - DAG(s) dict_keys(['example_task_group']) retrieved from /home/airflow/.local/lib/python3.7/site-packages/airflow/example_dags/example_task_group.py
[2023-04-24T12:47:57.436+0000] {logging_mixin.py:137} INFO - [2023-04-24T12:47:57.435+0000] {dag.py:2690} INFO - Sync 1 DAGs
[2023-04-24T12:47:57.639+0000] {logging_mixin.py:137} INFO - [2023-04-24T12:47:57.639+0000] {dag.py:3441} INFO - Setting next_dagrun for example_task_group to 2023-04-23T12:47:57.639175+00:00, run_after=2023-04-24T12:47:57.639175+00:00
[2023-04-24T12:47:57.835+0000] {processor.py:175} INFO - Processing /home/airflow/.local/lib/python3.7/site-packages/airflow/example_dags/example_task_group.py took 1.006 seconds
[2023-04-24T12:55:14.678+0000] {processor.py:153} INFO - Started process (PID=856) to work on /home/airflow/.local/lib/python3.7/site-packages/airflow/example_dags/example_task_group.py
[2023-04-24T12:55:14.692+0000] {processor.py:743} INFO - Processing file /home/airflow/.local/lib/python3.7/site-packages/airflow/example_dags/example_task_group.py for tasks to queue
[2023-04-24T12:55:14.697+0000] {logging_mixin.py:137} INFO - [2023-04-24T12:55:14.696+0000] {dagbag.py:538} INFO - Filling up the DagBag from /home/airflow/.local/lib/python3.7/site-packages/airflow/example_dags/example_task_group.py
[2023-04-24T12:55:16.120+0000] {processor.py:753} INFO - DAG(s) dict_keys(['example_task_group']) retrieved from /home/airflow/.local/lib/python3.7/site-packages/airflow/example_dags/example_task_group.py
[2023-04-24T12:55:16.556+0000] {logging_mixin.py:137} INFO - [2023-04-24T12:55:16.556+0000] {dag.py:2690} INFO - Sync 1 DAGs
[2023-04-24T12:55:17.447+0000] {logging_mixin.py:137} INFO - [2023-04-24T12:55:17.447+0000] {dag.py:3441} INFO - Setting next_dagrun for example_task_group to 2023-04-23T12:55:17.447095+00:00, run_after=2023-04-24T12:55:17.447095+00:00
[2023-04-24T12:55:28.684+0000] {processor.py:175} INFO - Processing /home/airflow/.local/lib/python3.7/site-packages/airflow/example_dags/example_task_group.py took 14.021 seconds
[2023-04-24T12:57:22.755+0000] {processor.py:153} INFO - Started process (PID=950) to work on /home/airflow/.local/lib/python3.7/site-packages/airflow/example_dags/example_task_group.py
[2023-04-24T12:57:25.169+0000] {processor.py:743} INFO - Processing file /home/airflow/.local/lib/python3.7/site-packages/airflow/example_dags/example_task_group.py for tasks to queue
[2023-04-24T12:57:25.225+0000] {logging_mixin.py:137} INFO - [2023-04-24T12:57:25.222+0000] {dagbag.py:538} INFO - Filling up the DagBag from /home/airflow/.local/lib/python3.7/site-packages/airflow/example_dags/example_task_group.py
[2023-04-24T12:57:31.171+0000] {processor.py:753} INFO - DAG(s) dict_keys(['example_task_group']) retrieved from /home/airflow/.local/lib/python3.7/site-packages/airflow/example_dags/example_task_group.py
[2023-04-24T12:57:32.515+0000] {logging_mixin.py:137} INFO - [2023-04-24T12:57:32.515+0000] {dag.py:2690} INFO - Sync 1 DAGs
[2023-04-24T12:57:33.204+0000] {logging_mixin.py:137} INFO - [2023-04-24T12:57:33.204+0000] {dag.py:3441} INFO - Setting next_dagrun for example_task_group to 2023-04-23T12:57:33.203976+00:00, run_after=2023-04-24T12:57:33.203976+00:00
[2023-04-24T12:57:33.447+0000] {processor.py:175} INFO - Processing /home/airflow/.local/lib/python3.7/site-packages/airflow/example_dags/example_task_group.py took 10.987 seconds
[2023-04-24T12:58:18.809+0000] {processor.py:153} INFO - Started process (PID=1021) to work on /home/airflow/.local/lib/python3.7/site-packages/airflow/example_dags/example_task_group.py
[2023-04-24T12:58:18.829+0000] {processor.py:743} INFO - Processing file /home/airflow/.local/lib/python3.7/site-packages/airflow/example_dags/example_task_group.py for tasks to queue
[2023-04-24T12:58:18.832+0000] {logging_mixin.py:137} INFO - [2023-04-24T12:58:18.832+0000] {dagbag.py:538} INFO - Filling up the DagBag from /home/airflow/.local/lib/python3.7/site-packages/airflow/example_dags/example_task_group.py
[2023-04-24T12:58:18.947+0000] {processor.py:753} INFO - DAG(s) dict_keys(['example_task_group']) retrieved from /home/airflow/.local/lib/python3.7/site-packages/airflow/example_dags/example_task_group.py
[2023-04-24T12:58:19.045+0000] {logging_mixin.py:137} INFO - [2023-04-24T12:58:19.044+0000] {dag.py:2690} INFO - Sync 1 DAGs
[2023-04-24T12:58:19.098+0000] {logging_mixin.py:137} INFO - [2023-04-24T12:58:19.098+0000] {dag.py:3441} INFO - Setting next_dagrun for example_task_group to 2023-04-23T12:58:19.098439+00:00, run_after=2023-04-24T12:58:19.098439+00:00
[2023-04-24T12:58:19.139+0000] {processor.py:175} INFO - Processing /home/airflow/.local/lib/python3.7/site-packages/airflow/example_dags/example_task_group.py took 0.344 seconds
[2023-04-24T13:03:18.773+0000] {processor.py:153} INFO - Started process (PID=1172) to work on /home/airflow/.local/lib/python3.7/site-packages/airflow/example_dags/example_task_group.py
[2023-04-24T13:03:18.841+0000] {processor.py:743} INFO - Processing file /home/airflow/.local/lib/python3.7/site-packages/airflow/example_dags/example_task_group.py for tasks to queue
[2023-04-24T13:03:18.885+0000] {logging_mixin.py:137} INFO - [2023-04-24T13:03:18.885+0000] {dagbag.py:538} INFO - Filling up the DagBag from /home/airflow/.local/lib/python3.7/site-packages/airflow/example_dags/example_task_group.py
[2023-04-24T13:03:26.256+0000] {processor.py:753} INFO - DAG(s) dict_keys(['example_task_group']) retrieved from /home/airflow/.local/lib/python3.7/site-packages/airflow/example_dags/example_task_group.py
[2023-04-24T13:03:31.792+0000] {logging_mixin.py:137} INFO - [2023-04-24T13:03:31.791+0000] {dag.py:2690} INFO - Sync 1 DAGs
[2023-04-24T13:03:32.665+0000] {logging_mixin.py:137} INFO - [2023-04-24T13:03:32.665+0000] {dag.py:3441} INFO - Setting next_dagrun for example_task_group to 2023-04-23T13:03:32.499711+00:00, run_after=2023-04-24T13:03:32.499711+00:00
[2023-04-24T13:03:34.845+0000] {processor.py:175} INFO - Processing /home/airflow/.local/lib/python3.7/site-packages/airflow/example_dags/example_task_group.py took 16.211 seconds
[2023-04-24T13:04:35.441+0000] {processor.py:153} INFO - Started process (PID=1247) to work on /home/airflow/.local/lib/python3.7/site-packages/airflow/example_dags/example_task_group.py
[2023-04-24T13:04:35.446+0000] {processor.py:743} INFO - Processing file /home/airflow/.local/lib/python3.7/site-packages/airflow/example_dags/example_task_group.py for tasks to queue
[2023-04-24T13:04:35.448+0000] {logging_mixin.py:137} INFO - [2023-04-24T13:04:35.448+0000] {dagbag.py:538} INFO - Filling up the DagBag from /home/airflow/.local/lib/python3.7/site-packages/airflow/example_dags/example_task_group.py
[2023-04-24T13:04:35.637+0000] {processor.py:753} INFO - DAG(s) dict_keys(['example_task_group']) retrieved from /home/airflow/.local/lib/python3.7/site-packages/airflow/example_dags/example_task_group.py
[2023-04-24T13:04:35.786+0000] {logging_mixin.py:137} INFO - [2023-04-24T13:04:35.785+0000] {dag.py:2690} INFO - Sync 1 DAGs
[2023-04-24T13:04:35.950+0000] {logging_mixin.py:137} INFO - [2023-04-24T13:04:35.950+0000] {dag.py:3441} INFO - Setting next_dagrun for example_task_group to 2023-04-23T13:04:35.950065+00:00, run_after=2023-04-24T13:04:35.950065+00:00
[2023-04-24T13:04:36.054+0000] {processor.py:175} INFO - Processing /home/airflow/.local/lib/python3.7/site-packages/airflow/example_dags/example_task_group.py took 0.678 seconds
[2023-04-24T13:11:51.803+0000] {processor.py:153} INFO - Started process (PID=1488) to work on /home/airflow/.local/lib/python3.7/site-packages/airflow/example_dags/example_task_group.py
[2023-04-24T13:11:51.805+0000] {processor.py:743} INFO - Processing file /home/airflow/.local/lib/python3.7/site-packages/airflow/example_dags/example_task_group.py for tasks to queue
[2023-04-24T13:11:51.808+0000] {logging_mixin.py:137} INFO - [2023-04-24T13:11:51.808+0000] {dagbag.py:538} INFO - Filling up the DagBag from /home/airflow/.local/lib/python3.7/site-packages/airflow/example_dags/example_task_group.py
[2023-04-24T13:11:51.856+0000] {processor.py:753} INFO - DAG(s) dict_keys(['example_task_group']) retrieved from /home/airflow/.local/lib/python3.7/site-packages/airflow/example_dags/example_task_group.py
[2023-04-24T13:11:51.937+0000] {logging_mixin.py:137} INFO - [2023-04-24T13:11:51.937+0000] {dag.py:2690} INFO - Sync 1 DAGs
[2023-04-24T13:11:52.000+0000] {logging_mixin.py:137} INFO - [2023-04-24T13:11:51.999+0000] {dag.py:3441} INFO - Setting next_dagrun for example_task_group to 2023-04-23T13:11:51.996271+00:00, run_after=2023-04-24T13:11:51.996271+00:00
[2023-04-24T13:11:52.045+0000] {processor.py:175} INFO - Processing /home/airflow/.local/lib/python3.7/site-packages/airflow/example_dags/example_task_group.py took 0.246 seconds
[2023-04-24T13:12:22.920+0000] {processor.py:153} INFO - Started process (PID=1552) to work on /home/airflow/.local/lib/python3.7/site-packages/airflow/example_dags/example_task_group.py
[2023-04-24T13:12:22.922+0000] {processor.py:743} INFO - Processing file /home/airflow/.local/lib/python3.7/site-packages/airflow/example_dags/example_task_group.py for tasks to queue
[2023-04-24T13:12:22.924+0000] {logging_mixin.py:137} INFO - [2023-04-24T13:12:22.924+0000] {dagbag.py:538} INFO - Filling up the DagBag from /home/airflow/.local/lib/python3.7/site-packages/airflow/example_dags/example_task_group.py
[2023-04-24T13:12:22.944+0000] {processor.py:753} INFO - DAG(s) dict_keys(['example_task_group']) retrieved from /home/airflow/.local/lib/python3.7/site-packages/airflow/example_dags/example_task_group.py
[2023-04-24T13:12:22.968+0000] {logging_mixin.py:137} INFO - [2023-04-24T13:12:22.968+0000] {dag.py:2690} INFO - Sync 1 DAGs
[2023-04-24T13:12:22.995+0000] {logging_mixin.py:137} INFO - [2023-04-24T13:12:22.995+0000] {dag.py:3441} INFO - Setting next_dagrun for example_task_group to 2023-04-23T13:12:22.995591+00:00, run_after=2023-04-24T13:12:22.995591+00:00
[2023-04-24T13:12:23.019+0000] {processor.py:175} INFO - Processing /home/airflow/.local/lib/python3.7/site-packages/airflow/example_dags/example_task_group.py took 0.105 seconds
[2023-04-24T13:12:53.384+0000] {processor.py:153} INFO - Started process (PID=1628) to work on /home/airflow/.local/lib/python3.7/site-packages/airflow/example_dags/example_task_group.py
[2023-04-24T13:12:53.386+0000] {processor.py:743} INFO - Processing file /home/airflow/.local/lib/python3.7/site-packages/airflow/example_dags/example_task_group.py for tasks to queue
[2023-04-24T13:12:53.387+0000] {logging_mixin.py:137} INFO - [2023-04-24T13:12:53.387+0000] {dagbag.py:538} INFO - Filling up the DagBag from /home/airflow/.local/lib/python3.7/site-packages/airflow/example_dags/example_task_group.py
[2023-04-24T13:12:53.403+0000] {processor.py:753} INFO - DAG(s) dict_keys(['example_task_group']) retrieved from /home/airflow/.local/lib/python3.7/site-packages/airflow/example_dags/example_task_group.py
[2023-04-24T13:12:53.423+0000] {logging_mixin.py:137} INFO - [2023-04-24T13:12:53.423+0000] {dag.py:2690} INFO - Sync 1 DAGs
[2023-04-24T13:12:53.437+0000] {logging_mixin.py:137} INFO - [2023-04-24T13:12:53.437+0000] {dag.py:3441} INFO - Setting next_dagrun for example_task_group to 2023-04-23T13:12:53.437018+00:00, run_after=2023-04-24T13:12:53.437018+00:00
[2023-04-24T13:12:53.447+0000] {processor.py:175} INFO - Processing /home/airflow/.local/lib/python3.7/site-packages/airflow/example_dags/example_task_group.py took 0.068 seconds
[2023-04-24T13:13:23.536+0000] {processor.py:153} INFO - Started process (PID=1692) to work on /home/airflow/.local/lib/python3.7/site-packages/airflow/example_dags/example_task_group.py
[2023-04-24T13:13:23.537+0000] {processor.py:743} INFO - Processing file /home/airflow/.local/lib/python3.7/site-packages/airflow/example_dags/example_task_group.py for tasks to queue
[2023-04-24T13:13:23.538+0000] {logging_mixin.py:137} INFO - [2023-04-24T13:13:23.538+0000] {dagbag.py:538} INFO - Filling up the DagBag from /home/airflow/.local/lib/python3.7/site-packages/airflow/example_dags/example_task_group.py
[2023-04-24T13:13:23.550+0000] {processor.py:753} INFO - DAG(s) dict_keys(['example_task_group']) retrieved from /home/airflow/.local/lib/python3.7/site-packages/airflow/example_dags/example_task_group.py
[2023-04-24T13:13:23.570+0000] {logging_mixin.py:137} INFO - [2023-04-24T13:13:23.569+0000] {dag.py:2690} INFO - Sync 1 DAGs
[2023-04-24T13:13:23.587+0000] {logging_mixin.py:137} INFO - [2023-04-24T13:13:23.587+0000] {dag.py:3441} INFO - Setting next_dagrun for example_task_group to 2023-04-23T13:13:23.587400+00:00, run_after=2023-04-24T13:13:23.587400+00:00
[2023-04-24T13:13:23.599+0000] {processor.py:175} INFO - Processing /home/airflow/.local/lib/python3.7/site-packages/airflow/example_dags/example_task_group.py took 0.065 seconds
[2023-04-24T13:13:53.833+0000] {processor.py:153} INFO - Started process (PID=1767) to work on /home/airflow/.local/lib/python3.7/site-packages/airflow/example_dags/example_task_group.py
[2023-04-24T13:13:53.834+0000] {processor.py:743} INFO - Processing file /home/airflow/.local/lib/python3.7/site-packages/airflow/example_dags/example_task_group.py for tasks to queue
[2023-04-24T13:13:53.834+0000] {logging_mixin.py:137} INFO - [2023-04-24T13:13:53.834+0000] {dagbag.py:538} INFO - Filling up the DagBag from /home/airflow/.local/lib/python3.7/site-packages/airflow/example_dags/example_task_group.py
[2023-04-24T13:13:53.846+0000] {processor.py:753} INFO - DAG(s) dict_keys(['example_task_group']) retrieved from /home/airflow/.local/lib/python3.7/site-packages/airflow/example_dags/example_task_group.py
[2023-04-24T13:13:53.866+0000] {logging_mixin.py:137} INFO - [2023-04-24T13:13:53.866+0000] {dag.py:2690} INFO - Sync 1 DAGs
[2023-04-24T13:13:53.884+0000] {logging_mixin.py:137} INFO - [2023-04-24T13:13:53.884+0000] {dag.py:3441} INFO - Setting next_dagrun for example_task_group to 2023-04-23T13:13:53.884046+00:00, run_after=2023-04-24T13:13:53.884046+00:00
[2023-04-24T13:13:53.897+0000] {processor.py:175} INFO - Processing /home/airflow/.local/lib/python3.7/site-packages/airflow/example_dags/example_task_group.py took 0.067 seconds
[2023-04-24T13:14:24.162+0000] {processor.py:153} INFO - Started process (PID=1843) to work on /home/airflow/.local/lib/python3.7/site-packages/airflow/example_dags/example_task_group.py
[2023-04-24T13:14:24.165+0000] {processor.py:743} INFO - Processing file /home/airflow/.local/lib/python3.7/site-packages/airflow/example_dags/example_task_group.py for tasks to queue
[2023-04-24T13:14:24.166+0000] {logging_mixin.py:137} INFO - [2023-04-24T13:14:24.166+0000] {dagbag.py:538} INFO - Filling up the DagBag from /home/airflow/.local/lib/python3.7/site-packages/airflow/example_dags/example_task_group.py
[2023-04-24T13:14:24.183+0000] {processor.py:753} INFO - DAG(s) dict_keys(['example_task_group']) retrieved from /home/airflow/.local/lib/python3.7/site-packages/airflow/example_dags/example_task_group.py
[2023-04-24T13:14:24.206+0000] {logging_mixin.py:137} INFO - [2023-04-24T13:14:24.206+0000] {dag.py:2690} INFO - Sync 1 DAGs
[2023-04-24T13:14:24.221+0000] {logging_mixin.py:137} INFO - [2023-04-24T13:14:24.221+0000] {dag.py:3441} INFO - Setting next_dagrun for example_task_group to 2023-04-23T13:14:24.221552+00:00, run_after=2023-04-24T13:14:24.221552+00:00
[2023-04-24T13:14:24.236+0000] {processor.py:175} INFO - Processing /home/airflow/.local/lib/python3.7/site-packages/airflow/example_dags/example_task_group.py took 0.079 seconds
[2023-04-24T13:14:54.338+0000] {processor.py:153} INFO - Started process (PID=1907) to work on /home/airflow/.local/lib/python3.7/site-packages/airflow/example_dags/example_task_group.py
[2023-04-24T13:14:54.339+0000] {processor.py:743} INFO - Processing file /home/airflow/.local/lib/python3.7/site-packages/airflow/example_dags/example_task_group.py for tasks to queue
[2023-04-24T13:14:54.340+0000] {logging_mixin.py:137} INFO - [2023-04-24T13:14:54.340+0000] {dagbag.py:538} INFO - Filling up the DagBag from /home/airflow/.local/lib/python3.7/site-packages/airflow/example_dags/example_task_group.py
[2023-04-24T13:14:54.352+0000] {processor.py:753} INFO - DAG(s) dict_keys(['example_task_group']) retrieved from /home/airflow/.local/lib/python3.7/site-packages/airflow/example_dags/example_task_group.py
[2023-04-24T13:14:54.370+0000] {logging_mixin.py:137} INFO - [2023-04-24T13:14:54.370+0000] {dag.py:2690} INFO - Sync 1 DAGs
[2023-04-24T13:14:54.387+0000] {logging_mixin.py:137} INFO - [2023-04-24T13:14:54.387+0000] {dag.py:3441} INFO - Setting next_dagrun for example_task_group to 2023-04-23T13:14:54.387020+00:00, run_after=2023-04-24T13:14:54.387020+00:00
[2023-04-24T13:14:54.400+0000] {processor.py:175} INFO - Processing /home/airflow/.local/lib/python3.7/site-packages/airflow/example_dags/example_task_group.py took 0.065 seconds
[2023-04-24T13:15:24.670+0000] {processor.py:153} INFO - Started process (PID=1983) to work on /home/airflow/.local/lib/python3.7/site-packages/airflow/example_dags/example_task_group.py
[2023-04-24T13:15:24.671+0000] {processor.py:743} INFO - Processing file /home/airflow/.local/lib/python3.7/site-packages/airflow/example_dags/example_task_group.py for tasks to queue
[2023-04-24T13:15:24.672+0000] {logging_mixin.py:137} INFO - [2023-04-24T13:15:24.672+0000] {dagbag.py:538} INFO - Filling up the DagBag from /home/airflow/.local/lib/python3.7/site-packages/airflow/example_dags/example_task_group.py
[2023-04-24T13:15:24.685+0000] {processor.py:753} INFO - DAG(s) dict_keys(['example_task_group']) retrieved from /home/airflow/.local/lib/python3.7/site-packages/airflow/example_dags/example_task_group.py
[2023-04-24T13:15:24.709+0000] {logging_mixin.py:137} INFO - [2023-04-24T13:15:24.709+0000] {dag.py:2690} INFO - Sync 1 DAGs
[2023-04-24T13:15:24.731+0000] {logging_mixin.py:137} INFO - [2023-04-24T13:15:24.731+0000] {dag.py:3441} INFO - Setting next_dagrun for example_task_group to 2023-04-23T13:15:24.731006+00:00, run_after=2023-04-24T13:15:24.731006+00:00
[2023-04-24T13:15:24.746+0000] {processor.py:175} INFO - Processing /home/airflow/.local/lib/python3.7/site-packages/airflow/example_dags/example_task_group.py took 0.081 seconds
[2023-04-24T13:15:55.009+0000] {processor.py:153} INFO - Started process (PID=2061) to work on /home/airflow/.local/lib/python3.7/site-packages/airflow/example_dags/example_task_group.py
[2023-04-24T13:15:55.011+0000] {processor.py:743} INFO - Processing file /home/airflow/.local/lib/python3.7/site-packages/airflow/example_dags/example_task_group.py for tasks to queue
[2023-04-24T13:15:55.012+0000] {logging_mixin.py:137} INFO - [2023-04-24T13:15:55.012+0000] {dagbag.py:538} INFO - Filling up the DagBag from /home/airflow/.local/lib/python3.7/site-packages/airflow/example_dags/example_task_group.py
[2023-04-24T13:15:55.028+0000] {processor.py:753} INFO - DAG(s) dict_keys(['example_task_group']) retrieved from /home/airflow/.local/lib/python3.7/site-packages/airflow/example_dags/example_task_group.py
[2023-04-24T13:15:55.050+0000] {logging_mixin.py:137} INFO - [2023-04-24T13:15:55.050+0000] {dag.py:2690} INFO - Sync 1 DAGs
[2023-04-24T13:15:55.067+0000] {logging_mixin.py:137} INFO - [2023-04-24T13:15:55.067+0000] {dag.py:3441} INFO - Setting next_dagrun for example_task_group to 2023-04-23T13:15:55.066998+00:00, run_after=2023-04-24T13:15:55.066998+00:00
[2023-04-24T13:15:55.079+0000] {processor.py:175} INFO - Processing /home/airflow/.local/lib/python3.7/site-packages/airflow/example_dags/example_task_group.py took 0.074 seconds
[2023-04-24T13:16:25.743+0000] {processor.py:153} INFO - Started process (PID=2138) to work on /home/airflow/.local/lib/python3.7/site-packages/airflow/example_dags/example_task_group.py
[2023-04-24T13:16:25.744+0000] {processor.py:743} INFO - Processing file /home/airflow/.local/lib/python3.7/site-packages/airflow/example_dags/example_task_group.py for tasks to queue
[2023-04-24T13:16:25.745+0000] {logging_mixin.py:137} INFO - [2023-04-24T13:16:25.745+0000] {dagbag.py:538} INFO - Filling up the DagBag from /home/airflow/.local/lib/python3.7/site-packages/airflow/example_dags/example_task_group.py
[2023-04-24T13:16:25.760+0000] {processor.py:753} INFO - DAG(s) dict_keys(['example_task_group']) retrieved from /home/airflow/.local/lib/python3.7/site-packages/airflow/example_dags/example_task_group.py
[2023-04-24T13:16:25.779+0000] {logging_mixin.py:137} INFO - [2023-04-24T13:16:25.779+0000] {dag.py:2690} INFO - Sync 1 DAGs
[2023-04-24T13:16:25.799+0000] {logging_mixin.py:137} INFO - [2023-04-24T13:16:25.799+0000] {dag.py:3441} INFO - Setting next_dagrun for example_task_group to 2023-04-23T13:16:25.799214+00:00, run_after=2023-04-24T13:16:25.799214+00:00
[2023-04-24T13:16:25.814+0000] {processor.py:175} INFO - Processing /home/airflow/.local/lib/python3.7/site-packages/airflow/example_dags/example_task_group.py took 0.074 seconds
[2023-04-24T13:16:56.152+0000] {processor.py:153} INFO - Started process (PID=2202) to work on /home/airflow/.local/lib/python3.7/site-packages/airflow/example_dags/example_task_group.py
[2023-04-24T13:16:56.154+0000] {processor.py:743} INFO - Processing file /home/airflow/.local/lib/python3.7/site-packages/airflow/example_dags/example_task_group.py for tasks to queue
[2023-04-24T13:16:56.155+0000] {logging_mixin.py:137} INFO - [2023-04-24T13:16:56.155+0000] {dagbag.py:538} INFO - Filling up the DagBag from /home/airflow/.local/lib/python3.7/site-packages/airflow/example_dags/example_task_group.py
[2023-04-24T13:16:56.172+0000] {processor.py:753} INFO - DAG(s) dict_keys(['example_task_group']) retrieved from /home/airflow/.local/lib/python3.7/site-packages/airflow/example_dags/example_task_group.py
[2023-04-24T13:16:56.194+0000] {logging_mixin.py:137} INFO - [2023-04-24T13:16:56.194+0000] {dag.py:2690} INFO - Sync 1 DAGs
[2023-04-24T13:16:56.209+0000] {logging_mixin.py:137} INFO - [2023-04-24T13:16:56.209+0000] {dag.py:3441} INFO - Setting next_dagrun for example_task_group to 2023-04-23T13:16:56.209553+00:00, run_after=2023-04-24T13:16:56.209553+00:00
[2023-04-24T13:16:56.220+0000] {processor.py:175} INFO - Processing /home/airflow/.local/lib/python3.7/site-packages/airflow/example_dags/example_task_group.py took 0.073 seconds
[2023-04-24T13:17:26.607+0000] {processor.py:153} INFO - Started process (PID=2278) to work on /home/airflow/.local/lib/python3.7/site-packages/airflow/example_dags/example_task_group.py
[2023-04-24T13:17:26.609+0000] {processor.py:743} INFO - Processing file /home/airflow/.local/lib/python3.7/site-packages/airflow/example_dags/example_task_group.py for tasks to queue
[2023-04-24T13:17:26.609+0000] {logging_mixin.py:137} INFO - [2023-04-24T13:17:26.609+0000] {dagbag.py:538} INFO - Filling up the DagBag from /home/airflow/.local/lib/python3.7/site-packages/airflow/example_dags/example_task_group.py
[2023-04-24T13:17:26.623+0000] {processor.py:753} INFO - DAG(s) dict_keys(['example_task_group']) retrieved from /home/airflow/.local/lib/python3.7/site-packages/airflow/example_dags/example_task_group.py
[2023-04-24T13:17:26.643+0000] {logging_mixin.py:137} INFO - [2023-04-24T13:17:26.643+0000] {dag.py:2690} INFO - Sync 1 DAGs
[2023-04-24T13:17:26.659+0000] {logging_mixin.py:137} INFO - [2023-04-24T13:17:26.659+0000] {dag.py:3441} INFO - Setting next_dagrun for example_task_group to 2023-04-23T13:17:26.658830+00:00, run_after=2023-04-24T13:17:26.658830+00:00
[2023-04-24T13:17:26.670+0000] {processor.py:175} INFO - Processing /home/airflow/.local/lib/python3.7/site-packages/airflow/example_dags/example_task_group.py took 0.067 seconds
[2023-04-24T13:17:57.003+0000] {processor.py:153} INFO - Started process (PID=2354) to work on /home/airflow/.local/lib/python3.7/site-packages/airflow/example_dags/example_task_group.py
[2023-04-24T13:17:57.005+0000] {processor.py:743} INFO - Processing file /home/airflow/.local/lib/python3.7/site-packages/airflow/example_dags/example_task_group.py for tasks to queue
[2023-04-24T13:17:57.006+0000] {logging_mixin.py:137} INFO - [2023-04-24T13:17:57.006+0000] {dagbag.py:538} INFO - Filling up the DagBag from /home/airflow/.local/lib/python3.7/site-packages/airflow/example_dags/example_task_group.py
[2023-04-24T13:17:57.021+0000] {processor.py:753} INFO - DAG(s) dict_keys(['example_task_group']) retrieved from /home/airflow/.local/lib/python3.7/site-packages/airflow/example_dags/example_task_group.py
[2023-04-24T13:17:57.042+0000] {logging_mixin.py:137} INFO - [2023-04-24T13:17:57.042+0000] {dag.py:2690} INFO - Sync 1 DAGs
[2023-04-24T13:17:57.056+0000] {logging_mixin.py:137} INFO - [2023-04-24T13:17:57.056+0000] {dag.py:3441} INFO - Setting next_dagrun for example_task_group to 2023-04-23T13:17:57.056657+00:00, run_after=2023-04-24T13:17:57.056657+00:00
[2023-04-24T13:17:57.069+0000] {processor.py:175} INFO - Processing /home/airflow/.local/lib/python3.7/site-packages/airflow/example_dags/example_task_group.py took 0.069 seconds
[2023-04-24T13:18:27.297+0000] {processor.py:153} INFO - Started process (PID=2418) to work on /home/airflow/.local/lib/python3.7/site-packages/airflow/example_dags/example_task_group.py
[2023-04-24T13:18:27.298+0000] {processor.py:743} INFO - Processing file /home/airflow/.local/lib/python3.7/site-packages/airflow/example_dags/example_task_group.py for tasks to queue
[2023-04-24T13:18:27.299+0000] {logging_mixin.py:137} INFO - [2023-04-24T13:18:27.299+0000] {dagbag.py:538} INFO - Filling up the DagBag from /home/airflow/.local/lib/python3.7/site-packages/airflow/example_dags/example_task_group.py
[2023-04-24T13:18:27.315+0000] {processor.py:753} INFO - DAG(s) dict_keys(['example_task_group']) retrieved from /home/airflow/.local/lib/python3.7/site-packages/airflow/example_dags/example_task_group.py
[2023-04-24T13:18:27.336+0000] {logging_mixin.py:137} INFO - [2023-04-24T13:18:27.336+0000] {dag.py:2690} INFO - Sync 1 DAGs
[2023-04-24T13:18:27.351+0000] {logging_mixin.py:137} INFO - [2023-04-24T13:18:27.351+0000] {dag.py:3441} INFO - Setting next_dagrun for example_task_group to 2023-04-23T13:18:27.351276+00:00, run_after=2023-04-24T13:18:27.351276+00:00
[2023-04-24T13:18:27.363+0000] {processor.py:175} INFO - Processing /home/airflow/.local/lib/python3.7/site-packages/airflow/example_dags/example_task_group.py took 0.071 seconds
[2023-04-24T13:18:57.400+0000] {processor.py:153} INFO - Started process (PID=2494) to work on /home/airflow/.local/lib/python3.7/site-packages/airflow/example_dags/example_task_group.py
[2023-04-24T13:18:57.401+0000] {processor.py:743} INFO - Processing file /home/airflow/.local/lib/python3.7/site-packages/airflow/example_dags/example_task_group.py for tasks to queue
[2023-04-24T13:18:57.402+0000] {logging_mixin.py:137} INFO - [2023-04-24T13:18:57.402+0000] {dagbag.py:538} INFO - Filling up the DagBag from /home/airflow/.local/lib/python3.7/site-packages/airflow/example_dags/example_task_group.py
[2023-04-24T13:18:57.414+0000] {processor.py:753} INFO - DAG(s) dict_keys(['example_task_group']) retrieved from /home/airflow/.local/lib/python3.7/site-packages/airflow/example_dags/example_task_group.py
[2023-04-24T13:18:57.434+0000] {logging_mixin.py:137} INFO - [2023-04-24T13:18:57.434+0000] {dag.py:2690} INFO - Sync 1 DAGs
[2023-04-24T13:18:57.450+0000] {logging_mixin.py:137} INFO - [2023-04-24T13:18:57.450+0000] {dag.py:3441} INFO - Setting next_dagrun for example_task_group to 2023-04-23T13:18:57.450008+00:00, run_after=2023-04-24T13:18:57.450008+00:00
[2023-04-24T13:18:57.463+0000] {processor.py:175} INFO - Processing /home/airflow/.local/lib/python3.7/site-packages/airflow/example_dags/example_task_group.py took 0.066 seconds
[2023-04-24T13:19:27.736+0000] {processor.py:153} INFO - Started process (PID=2570) to work on /home/airflow/.local/lib/python3.7/site-packages/airflow/example_dags/example_task_group.py
[2023-04-24T13:19:27.737+0000] {processor.py:743} INFO - Processing file /home/airflow/.local/lib/python3.7/site-packages/airflow/example_dags/example_task_group.py for tasks to queue
[2023-04-24T13:19:27.738+0000] {logging_mixin.py:137} INFO - [2023-04-24T13:19:27.738+0000] {dagbag.py:538} INFO - Filling up the DagBag from /home/airflow/.local/lib/python3.7/site-packages/airflow/example_dags/example_task_group.py
[2023-04-24T13:19:27.751+0000] {processor.py:753} INFO - DAG(s) dict_keys(['example_task_group']) retrieved from /home/airflow/.local/lib/python3.7/site-packages/airflow/example_dags/example_task_group.py
[2023-04-24T13:19:27.774+0000] {logging_mixin.py:137} INFO - [2023-04-24T13:19:27.774+0000] {dag.py:2690} INFO - Sync 1 DAGs
[2023-04-24T13:19:27.792+0000] {logging_mixin.py:137} INFO - [2023-04-24T13:19:27.792+0000] {dag.py:3441} INFO - Setting next_dagrun for example_task_group to 2023-04-23T13:19:27.792050+00:00, run_after=2023-04-24T13:19:27.792050+00:00
[2023-04-24T13:19:27.806+0000] {processor.py:175} INFO - Processing /home/airflow/.local/lib/python3.7/site-packages/airflow/example_dags/example_task_group.py took 0.073 seconds
[2023-04-24T13:19:58.175+0000] {processor.py:153} INFO - Started process (PID=2636) to work on /home/airflow/.local/lib/python3.7/site-packages/airflow/example_dags/example_task_group.py
[2023-04-24T13:19:58.176+0000] {processor.py:743} INFO - Processing file /home/airflow/.local/lib/python3.7/site-packages/airflow/example_dags/example_task_group.py for tasks to queue
[2023-04-24T13:19:58.177+0000] {logging_mixin.py:137} INFO - [2023-04-24T13:19:58.177+0000] {dagbag.py:538} INFO - Filling up the DagBag from /home/airflow/.local/lib/python3.7/site-packages/airflow/example_dags/example_task_group.py
[2023-04-24T13:19:58.196+0000] {processor.py:753} INFO - DAG(s) dict_keys(['example_task_group']) retrieved from /home/airflow/.local/lib/python3.7/site-packages/airflow/example_dags/example_task_group.py
[2023-04-24T13:19:58.222+0000] {logging_mixin.py:137} INFO - [2023-04-24T13:19:58.222+0000] {dag.py:2690} INFO - Sync 1 DAGs
[2023-04-24T13:19:58.239+0000] {logging_mixin.py:137} INFO - [2023-04-24T13:19:58.239+0000] {dag.py:3441} INFO - Setting next_dagrun for example_task_group to 2023-04-23T13:19:58.238834+00:00, run_after=2023-04-24T13:19:58.238834+00:00
[2023-04-24T13:19:58.251+0000] {processor.py:175} INFO - Processing /home/airflow/.local/lib/python3.7/site-packages/airflow/example_dags/example_task_group.py took 0.080 seconds
[2023-04-24T13:20:28.599+0000] {processor.py:153} INFO - Started process (PID=2716) to work on /home/airflow/.local/lib/python3.7/site-packages/airflow/example_dags/example_task_group.py
[2023-04-24T13:20:28.601+0000] {processor.py:743} INFO - Processing file /home/airflow/.local/lib/python3.7/site-packages/airflow/example_dags/example_task_group.py for tasks to queue
[2023-04-24T13:20:28.603+0000] {logging_mixin.py:137} INFO - [2023-04-24T13:20:28.603+0000] {dagbag.py:538} INFO - Filling up the DagBag from /home/airflow/.local/lib/python3.7/site-packages/airflow/example_dags/example_task_group.py
[2023-04-24T13:20:28.624+0000] {processor.py:753} INFO - DAG(s) dict_keys(['example_task_group']) retrieved from /home/airflow/.local/lib/python3.7/site-packages/airflow/example_dags/example_task_group.py
[2023-04-24T13:20:28.666+0000] {logging_mixin.py:137} INFO - [2023-04-24T13:20:28.666+0000] {dag.py:2690} INFO - Sync 1 DAGs
[2023-04-24T13:20:28.688+0000] {logging_mixin.py:137} INFO - [2023-04-24T13:20:28.688+0000] {dag.py:3441} INFO - Setting next_dagrun for example_task_group to 2023-04-23T13:20:28.688303+00:00, run_after=2023-04-24T13:20:28.688303+00:00
[2023-04-24T13:20:28.700+0000] {processor.py:175} INFO - Processing /home/airflow/.local/lib/python3.7/site-packages/airflow/example_dags/example_task_group.py took 0.105 seconds
[2023-04-24T13:20:59.076+0000] {processor.py:153} INFO - Started process (PID=2793) to work on /home/airflow/.local/lib/python3.7/site-packages/airflow/example_dags/example_task_group.py
[2023-04-24T13:20:59.082+0000] {processor.py:743} INFO - Processing file /home/airflow/.local/lib/python3.7/site-packages/airflow/example_dags/example_task_group.py for tasks to queue
[2023-04-24T13:20:59.084+0000] {logging_mixin.py:137} INFO - [2023-04-24T13:20:59.084+0000] {dagbag.py:538} INFO - Filling up the DagBag from /home/airflow/.local/lib/python3.7/site-packages/airflow/example_dags/example_task_group.py
[2023-04-24T13:20:59.104+0000] {processor.py:753} INFO - DAG(s) dict_keys(['example_task_group']) retrieved from /home/airflow/.local/lib/python3.7/site-packages/airflow/example_dags/example_task_group.py
[2023-04-24T13:20:59.130+0000] {logging_mixin.py:137} INFO - [2023-04-24T13:20:59.130+0000] {dag.py:2690} INFO - Sync 1 DAGs
[2023-04-24T13:20:59.149+0000] {logging_mixin.py:137} INFO - [2023-04-24T13:20:59.149+0000] {dag.py:3441} INFO - Setting next_dagrun for example_task_group to 2023-04-23T13:20:59.149114+00:00, run_after=2023-04-24T13:20:59.149114+00:00
[2023-04-24T13:20:59.161+0000] {processor.py:175} INFO - Processing /home/airflow/.local/lib/python3.7/site-packages/airflow/example_dags/example_task_group.py took 0.091 seconds
[2023-04-24T13:21:29.415+0000] {processor.py:153} INFO - Started process (PID=2870) to work on /home/airflow/.local/lib/python3.7/site-packages/airflow/example_dags/example_task_group.py
[2023-04-24T13:21:29.416+0000] {processor.py:743} INFO - Processing file /home/airflow/.local/lib/python3.7/site-packages/airflow/example_dags/example_task_group.py for tasks to queue
[2023-04-24T13:21:29.417+0000] {logging_mixin.py:137} INFO - [2023-04-24T13:21:29.417+0000] {dagbag.py:538} INFO - Filling up the DagBag from /home/airflow/.local/lib/python3.7/site-packages/airflow/example_dags/example_task_group.py
[2023-04-24T13:21:29.438+0000] {processor.py:753} INFO - DAG(s) dict_keys(['example_task_group']) retrieved from /home/airflow/.local/lib/python3.7/site-packages/airflow/example_dags/example_task_group.py
[2023-04-24T13:21:29.458+0000] {logging_mixin.py:137} INFO - [2023-04-24T13:21:29.457+0000] {dag.py:2690} INFO - Sync 1 DAGs
[2023-04-24T13:21:29.474+0000] {logging_mixin.py:137} INFO - [2023-04-24T13:21:29.474+0000] {dag.py:3441} INFO - Setting next_dagrun for example_task_group to 2023-04-23T13:21:29.474299+00:00, run_after=2023-04-24T13:21:29.474299+00:00
[2023-04-24T13:21:29.487+0000] {processor.py:175} INFO - Processing /home/airflow/.local/lib/python3.7/site-packages/airflow/example_dags/example_task_group.py took 0.075 seconds
[2023-04-24T13:21:59.633+0000] {processor.py:153} INFO - Started process (PID=2934) to work on /home/airflow/.local/lib/python3.7/site-packages/airflow/example_dags/example_task_group.py
[2023-04-24T13:21:59.634+0000] {processor.py:743} INFO - Processing file /home/airflow/.local/lib/python3.7/site-packages/airflow/example_dags/example_task_group.py for tasks to queue
[2023-04-24T13:21:59.636+0000] {logging_mixin.py:137} INFO - [2023-04-24T13:21:59.635+0000] {dagbag.py:538} INFO - Filling up the DagBag from /home/airflow/.local/lib/python3.7/site-packages/airflow/example_dags/example_task_group.py
[2023-04-24T13:21:59.647+0000] {processor.py:753} INFO - DAG(s) dict_keys(['example_task_group']) retrieved from /home/airflow/.local/lib/python3.7/site-packages/airflow/example_dags/example_task_group.py
[2023-04-24T13:21:59.666+0000] {logging_mixin.py:137} INFO - [2023-04-24T13:21:59.666+0000] {dag.py:2690} INFO - Sync 1 DAGs
[2023-04-24T13:21:59.682+0000] {logging_mixin.py:137} INFO - [2023-04-24T13:21:59.682+0000] {dag.py:3441} INFO - Setting next_dagrun for example_task_group to 2023-04-23T13:21:59.681965+00:00, run_after=2023-04-24T13:21:59.681965+00:00
[2023-04-24T13:21:59.697+0000] {processor.py:175} INFO - Processing /home/airflow/.local/lib/python3.7/site-packages/airflow/example_dags/example_task_group.py took 0.067 seconds
[2023-04-24T13:22:29.912+0000] {processor.py:153} INFO - Started process (PID=3010) to work on /home/airflow/.local/lib/python3.7/site-packages/airflow/example_dags/example_task_group.py
[2023-04-24T13:22:29.913+0000] {processor.py:743} INFO - Processing file /home/airflow/.local/lib/python3.7/site-packages/airflow/example_dags/example_task_group.py for tasks to queue
[2023-04-24T13:22:29.914+0000] {logging_mixin.py:137} INFO - [2023-04-24T13:22:29.914+0000] {dagbag.py:538} INFO - Filling up the DagBag from /home/airflow/.local/lib/python3.7/site-packages/airflow/example_dags/example_task_group.py
[2023-04-24T13:22:29.930+0000] {processor.py:753} INFO - DAG(s) dict_keys(['example_task_group']) retrieved from /home/airflow/.local/lib/python3.7/site-packages/airflow/example_dags/example_task_group.py
[2023-04-24T13:22:29.951+0000] {logging_mixin.py:137} INFO - [2023-04-24T13:22:29.951+0000] {dag.py:2690} INFO - Sync 1 DAGs
[2023-04-24T13:22:29.967+0000] {logging_mixin.py:137} INFO - [2023-04-24T13:22:29.966+0000] {dag.py:3441} INFO - Setting next_dagrun for example_task_group to 2023-04-23T13:22:29.966764+00:00, run_after=2023-04-24T13:22:29.966764+00:00
[2023-04-24T13:22:29.979+0000] {processor.py:175} INFO - Processing /home/airflow/.local/lib/python3.7/site-packages/airflow/example_dags/example_task_group.py took 0.072 seconds
[2023-04-24T13:23:00.302+0000] {processor.py:153} INFO - Started process (PID=3088) to work on /home/airflow/.local/lib/python3.7/site-packages/airflow/example_dags/example_task_group.py
[2023-04-24T13:23:00.304+0000] {processor.py:743} INFO - Processing file /home/airflow/.local/lib/python3.7/site-packages/airflow/example_dags/example_task_group.py for tasks to queue
[2023-04-24T13:23:00.305+0000] {logging_mixin.py:137} INFO - [2023-04-24T13:23:00.304+0000] {dagbag.py:538} INFO - Filling up the DagBag from /home/airflow/.local/lib/python3.7/site-packages/airflow/example_dags/example_task_group.py
[2023-04-24T13:23:00.319+0000] {processor.py:753} INFO - DAG(s) dict_keys(['example_task_group']) retrieved from /home/airflow/.local/lib/python3.7/site-packages/airflow/example_dags/example_task_group.py
[2023-04-24T13:23:00.340+0000] {logging_mixin.py:137} INFO - [2023-04-24T13:23:00.339+0000] {dag.py:2690} INFO - Sync 1 DAGs
[2023-04-24T13:23:00.356+0000] {logging_mixin.py:137} INFO - [2023-04-24T13:23:00.356+0000] {dag.py:3441} INFO - Setting next_dagrun for example_task_group to 2023-04-23T13:23:00.356169+00:00, run_after=2023-04-24T13:23:00.356169+00:00
[2023-04-24T13:23:00.368+0000] {processor.py:175} INFO - Processing /home/airflow/.local/lib/python3.7/site-packages/airflow/example_dags/example_task_group.py took 0.069 seconds
[2023-04-24T13:23:30.829+0000] {processor.py:153} INFO - Started process (PID=3159) to work on /home/airflow/.local/lib/python3.7/site-packages/airflow/example_dags/example_task_group.py
[2023-04-24T13:23:30.830+0000] {processor.py:743} INFO - Processing file /home/airflow/.local/lib/python3.7/site-packages/airflow/example_dags/example_task_group.py for tasks to queue
[2023-04-24T13:23:30.832+0000] {logging_mixin.py:137} INFO - [2023-04-24T13:23:30.832+0000] {dagbag.py:538} INFO - Filling up the DagBag from /home/airflow/.local/lib/python3.7/site-packages/airflow/example_dags/example_task_group.py
[2023-04-24T13:23:30.848+0000] {processor.py:753} INFO - DAG(s) dict_keys(['example_task_group']) retrieved from /home/airflow/.local/lib/python3.7/site-packages/airflow/example_dags/example_task_group.py
[2023-04-24T13:23:30.869+0000] {logging_mixin.py:137} INFO - [2023-04-24T13:23:30.869+0000] {dag.py:2690} INFO - Sync 1 DAGs
[2023-04-24T13:23:30.883+0000] {logging_mixin.py:137} INFO - [2023-04-24T13:23:30.883+0000] {dag.py:3441} INFO - Setting next_dagrun for example_task_group to 2023-04-23T13:23:30.883548+00:00, run_after=2023-04-24T13:23:30.883548+00:00
[2023-04-24T13:23:30.894+0000] {processor.py:175} INFO - Processing /home/airflow/.local/lib/python3.7/site-packages/airflow/example_dags/example_task_group.py took 0.070 seconds
[2023-04-24T13:24:01.128+0000] {processor.py:153} INFO - Started process (PID=3237) to work on /home/airflow/.local/lib/python3.7/site-packages/airflow/example_dags/example_task_group.py
[2023-04-24T13:24:01.130+0000] {processor.py:743} INFO - Processing file /home/airflow/.local/lib/python3.7/site-packages/airflow/example_dags/example_task_group.py for tasks to queue
[2023-04-24T13:24:01.132+0000] {logging_mixin.py:137} INFO - [2023-04-24T13:24:01.132+0000] {dagbag.py:538} INFO - Filling up the DagBag from /home/airflow/.local/lib/python3.7/site-packages/airflow/example_dags/example_task_group.py
[2023-04-24T13:24:01.146+0000] {processor.py:753} INFO - DAG(s) dict_keys(['example_task_group']) retrieved from /home/airflow/.local/lib/python3.7/site-packages/airflow/example_dags/example_task_group.py
[2023-04-24T13:24:01.173+0000] {logging_mixin.py:137} INFO - [2023-04-24T13:24:01.172+0000] {dag.py:2690} INFO - Sync 1 DAGs
[2023-04-24T13:24:01.189+0000] {logging_mixin.py:137} INFO - [2023-04-24T13:24:01.188+0000] {dag.py:3441} INFO - Setting next_dagrun for example_task_group to 2023-04-23T13:24:01.188712+00:00, run_after=2023-04-24T13:24:01.188712+00:00
[2023-04-24T13:24:01.200+0000] {processor.py:175} INFO - Processing /home/airflow/.local/lib/python3.7/site-packages/airflow/example_dags/example_task_group.py took 0.076 seconds
[2023-04-24T13:24:31.423+0000] {processor.py:153} INFO - Started process (PID=3313) to work on /home/airflow/.local/lib/python3.7/site-packages/airflow/example_dags/example_task_group.py
[2023-04-24T13:24:31.424+0000] {processor.py:743} INFO - Processing file /home/airflow/.local/lib/python3.7/site-packages/airflow/example_dags/example_task_group.py for tasks to queue
[2023-04-24T13:24:31.425+0000] {logging_mixin.py:137} INFO - [2023-04-24T13:24:31.425+0000] {dagbag.py:538} INFO - Filling up the DagBag from /home/airflow/.local/lib/python3.7/site-packages/airflow/example_dags/example_task_group.py
[2023-04-24T13:24:31.435+0000] {processor.py:753} INFO - DAG(s) dict_keys(['example_task_group']) retrieved from /home/airflow/.local/lib/python3.7/site-packages/airflow/example_dags/example_task_group.py
[2023-04-24T13:24:31.454+0000] {logging_mixin.py:137} INFO - [2023-04-24T13:24:31.453+0000] {dag.py:2690} INFO - Sync 1 DAGs
[2023-04-24T13:24:31.472+0000] {logging_mixin.py:137} INFO - [2023-04-24T13:24:31.472+0000] {dag.py:3441} INFO - Setting next_dagrun for example_task_group to 2023-04-23T13:24:31.472106+00:00, run_after=2023-04-24T13:24:31.472106+00:00
[2023-04-24T13:24:31.487+0000] {processor.py:175} INFO - Processing /home/airflow/.local/lib/python3.7/site-packages/airflow/example_dags/example_task_group.py took 0.067 seconds
[2023-04-24T13:25:01.696+0000] {processor.py:153} INFO - Started process (PID=3377) to work on /home/airflow/.local/lib/python3.7/site-packages/airflow/example_dags/example_task_group.py
[2023-04-24T13:25:01.697+0000] {processor.py:743} INFO - Processing file /home/airflow/.local/lib/python3.7/site-packages/airflow/example_dags/example_task_group.py for tasks to queue
[2023-04-24T13:25:01.699+0000] {logging_mixin.py:137} INFO - [2023-04-24T13:25:01.698+0000] {dagbag.py:538} INFO - Filling up the DagBag from /home/airflow/.local/lib/python3.7/site-packages/airflow/example_dags/example_task_group.py
[2023-04-24T13:25:01.715+0000] {processor.py:753} INFO - DAG(s) dict_keys(['example_task_group']) retrieved from /home/airflow/.local/lib/python3.7/site-packages/airflow/example_dags/example_task_group.py
[2023-04-24T13:25:01.735+0000] {logging_mixin.py:137} INFO - [2023-04-24T13:25:01.735+0000] {dag.py:2690} INFO - Sync 1 DAGs
[2023-04-24T13:25:01.750+0000] {logging_mixin.py:137} INFO - [2023-04-24T13:25:01.750+0000] {dag.py:3441} INFO - Setting next_dagrun for example_task_group to 2023-04-23T13:25:01.750443+00:00, run_after=2023-04-24T13:25:01.750443+00:00
[2023-04-24T13:25:01.761+0000] {processor.py:175} INFO - Processing /home/airflow/.local/lib/python3.7/site-packages/airflow/example_dags/example_task_group.py took 0.070 seconds
[2023-04-24T13:25:31.840+0000] {processor.py:153} INFO - Started process (PID=3453) to work on /home/airflow/.local/lib/python3.7/site-packages/airflow/example_dags/example_task_group.py
[2023-04-24T13:25:31.841+0000] {processor.py:743} INFO - Processing file /home/airflow/.local/lib/python3.7/site-packages/airflow/example_dags/example_task_group.py for tasks to queue
[2023-04-24T13:25:31.842+0000] {logging_mixin.py:137} INFO - [2023-04-24T13:25:31.842+0000] {dagbag.py:538} INFO - Filling up the DagBag from /home/airflow/.local/lib/python3.7/site-packages/airflow/example_dags/example_task_group.py
[2023-04-24T13:25:31.858+0000] {processor.py:753} INFO - DAG(s) dict_keys(['example_task_group']) retrieved from /home/airflow/.local/lib/python3.7/site-packages/airflow/example_dags/example_task_group.py
[2023-04-24T13:25:31.881+0000] {logging_mixin.py:137} INFO - [2023-04-24T13:25:31.881+0000] {dag.py:2690} INFO - Sync 1 DAGs
[2023-04-24T13:25:31.897+0000] {logging_mixin.py:137} INFO - [2023-04-24T13:25:31.896+0000] {dag.py:3441} INFO - Setting next_dagrun for example_task_group to 2023-04-23T13:25:31.896773+00:00, run_after=2023-04-24T13:25:31.896773+00:00
[2023-04-24T13:25:31.908+0000] {processor.py:175} INFO - Processing /home/airflow/.local/lib/python3.7/site-packages/airflow/example_dags/example_task_group.py took 0.073 seconds
[2023-04-24T13:26:02.120+0000] {processor.py:153} INFO - Started process (PID=3529) to work on /home/airflow/.local/lib/python3.7/site-packages/airflow/example_dags/example_task_group.py
[2023-04-24T13:26:02.122+0000] {processor.py:743} INFO - Processing file /home/airflow/.local/lib/python3.7/site-packages/airflow/example_dags/example_task_group.py for tasks to queue
[2023-04-24T13:26:02.123+0000] {logging_mixin.py:137} INFO - [2023-04-24T13:26:02.123+0000] {dagbag.py:538} INFO - Filling up the DagBag from /home/airflow/.local/lib/python3.7/site-packages/airflow/example_dags/example_task_group.py
[2023-04-24T13:26:02.141+0000] {processor.py:753} INFO - DAG(s) dict_keys(['example_task_group']) retrieved from /home/airflow/.local/lib/python3.7/site-packages/airflow/example_dags/example_task_group.py
[2023-04-24T13:26:02.162+0000] {logging_mixin.py:137} INFO - [2023-04-24T13:26:02.161+0000] {dag.py:2690} INFO - Sync 1 DAGs
[2023-04-24T13:26:02.178+0000] {logging_mixin.py:137} INFO - [2023-04-24T13:26:02.178+0000] {dag.py:3441} INFO - Setting next_dagrun for example_task_group to 2023-04-23T13:26:02.178630+00:00, run_after=2023-04-24T13:26:02.178630+00:00
[2023-04-24T13:26:02.190+0000] {processor.py:175} INFO - Processing /home/airflow/.local/lib/python3.7/site-packages/airflow/example_dags/example_task_group.py took 0.074 seconds
[2023-04-24T13:26:32.486+0000] {processor.py:153} INFO - Started process (PID=3593) to work on /home/airflow/.local/lib/python3.7/site-packages/airflow/example_dags/example_task_group.py
[2023-04-24T13:26:32.488+0000] {processor.py:743} INFO - Processing file /home/airflow/.local/lib/python3.7/site-packages/airflow/example_dags/example_task_group.py for tasks to queue
[2023-04-24T13:26:32.490+0000] {logging_mixin.py:137} INFO - [2023-04-24T13:26:32.490+0000] {dagbag.py:538} INFO - Filling up the DagBag from /home/airflow/.local/lib/python3.7/site-packages/airflow/example_dags/example_task_group.py
[2023-04-24T13:26:32.508+0000] {processor.py:753} INFO - DAG(s) dict_keys(['example_task_group']) retrieved from /home/airflow/.local/lib/python3.7/site-packages/airflow/example_dags/example_task_group.py
[2023-04-24T13:26:32.529+0000] {logging_mixin.py:137} INFO - [2023-04-24T13:26:32.529+0000] {dag.py:2690} INFO - Sync 1 DAGs
[2023-04-24T13:26:32.546+0000] {logging_mixin.py:137} INFO - [2023-04-24T13:26:32.546+0000] {dag.py:3441} INFO - Setting next_dagrun for example_task_group to 2023-04-23T13:26:32.546543+00:00, run_after=2023-04-24T13:26:32.546543+00:00
[2023-04-24T13:26:32.559+0000] {processor.py:175} INFO - Processing /home/airflow/.local/lib/python3.7/site-packages/airflow/example_dags/example_task_group.py took 0.078 seconds
[2023-04-24T13:27:02.808+0000] {processor.py:153} INFO - Started process (PID=3670) to work on /home/airflow/.local/lib/python3.7/site-packages/airflow/example_dags/example_task_group.py
[2023-04-24T13:27:02.811+0000] {processor.py:743} INFO - Processing file /home/airflow/.local/lib/python3.7/site-packages/airflow/example_dags/example_task_group.py for tasks to queue
[2023-04-24T13:27:02.812+0000] {logging_mixin.py:137} INFO - [2023-04-24T13:27:02.812+0000] {dagbag.py:538} INFO - Filling up the DagBag from /home/airflow/.local/lib/python3.7/site-packages/airflow/example_dags/example_task_group.py
[2023-04-24T13:27:02.831+0000] {processor.py:753} INFO - DAG(s) dict_keys(['example_task_group']) retrieved from /home/airflow/.local/lib/python3.7/site-packages/airflow/example_dags/example_task_group.py
[2023-04-24T13:27:02.856+0000] {logging_mixin.py:137} INFO - [2023-04-24T13:27:02.856+0000] {dag.py:2690} INFO - Sync 1 DAGs
[2023-04-24T13:27:02.872+0000] {logging_mixin.py:137} INFO - [2023-04-24T13:27:02.872+0000] {dag.py:3441} INFO - Setting next_dagrun for example_task_group to 2023-04-23T13:27:02.872663+00:00, run_after=2023-04-24T13:27:02.872663+00:00
[2023-04-24T13:27:02.885+0000] {processor.py:175} INFO - Processing /home/airflow/.local/lib/python3.7/site-packages/airflow/example_dags/example_task_group.py took 0.079 seconds
[2023-04-24T13:27:33.224+0000] {processor.py:153} INFO - Started process (PID=3746) to work on /home/airflow/.local/lib/python3.7/site-packages/airflow/example_dags/example_task_group.py
[2023-04-24T13:27:33.226+0000] {processor.py:743} INFO - Processing file /home/airflow/.local/lib/python3.7/site-packages/airflow/example_dags/example_task_group.py for tasks to queue
[2023-04-24T13:27:33.227+0000] {logging_mixin.py:137} INFO - [2023-04-24T13:27:33.227+0000] {dagbag.py:538} INFO - Filling up the DagBag from /home/airflow/.local/lib/python3.7/site-packages/airflow/example_dags/example_task_group.py
[2023-04-24T13:27:33.243+0000] {processor.py:753} INFO - DAG(s) dict_keys(['example_task_group']) retrieved from /home/airflow/.local/lib/python3.7/site-packages/airflow/example_dags/example_task_group.py
[2023-04-24T13:27:33.263+0000] {logging_mixin.py:137} INFO - [2023-04-24T13:27:33.263+0000] {dag.py:2690} INFO - Sync 1 DAGs
[2023-04-24T13:27:33.277+0000] {logging_mixin.py:137} INFO - [2023-04-24T13:27:33.277+0000] {dag.py:3441} INFO - Setting next_dagrun for example_task_group to 2023-04-23T13:27:33.277520+00:00, run_after=2023-04-24T13:27:33.277520+00:00
[2023-04-24T13:27:33.290+0000] {processor.py:175} INFO - Processing /home/airflow/.local/lib/python3.7/site-packages/airflow/example_dags/example_task_group.py took 0.070 seconds
[2023-04-24T13:28:03.548+0000] {processor.py:153} INFO - Started process (PID=3810) to work on /home/airflow/.local/lib/python3.7/site-packages/airflow/example_dags/example_task_group.py
[2023-04-24T13:28:03.550+0000] {processor.py:743} INFO - Processing file /home/airflow/.local/lib/python3.7/site-packages/airflow/example_dags/example_task_group.py for tasks to queue
[2023-04-24T13:28:03.551+0000] {logging_mixin.py:137} INFO - [2023-04-24T13:28:03.551+0000] {dagbag.py:538} INFO - Filling up the DagBag from /home/airflow/.local/lib/python3.7/site-packages/airflow/example_dags/example_task_group.py
[2023-04-24T13:28:03.567+0000] {processor.py:753} INFO - DAG(s) dict_keys(['example_task_group']) retrieved from /home/airflow/.local/lib/python3.7/site-packages/airflow/example_dags/example_task_group.py
[2023-04-24T13:28:03.602+0000] {logging_mixin.py:137} INFO - [2023-04-24T13:28:03.601+0000] {dag.py:2690} INFO - Sync 1 DAGs
[2023-04-24T13:28:03.622+0000] {logging_mixin.py:137} INFO - [2023-04-24T13:28:03.622+0000] {dag.py:3441} INFO - Setting next_dagrun for example_task_group to 2023-04-23T13:28:03.622003+00:00, run_after=2023-04-24T13:28:03.622003+00:00
[2023-04-24T13:28:03.634+0000] {processor.py:175} INFO - Processing /home/airflow/.local/lib/python3.7/site-packages/airflow/example_dags/example_task_group.py took 0.089 seconds
[2023-04-24T13:28:33.859+0000] {processor.py:153} INFO - Started process (PID=3886) to work on /home/airflow/.local/lib/python3.7/site-packages/airflow/example_dags/example_task_group.py
[2023-04-24T13:28:33.860+0000] {processor.py:743} INFO - Processing file /home/airflow/.local/lib/python3.7/site-packages/airflow/example_dags/example_task_group.py for tasks to queue
[2023-04-24T13:28:33.860+0000] {logging_mixin.py:137} INFO - [2023-04-24T13:28:33.860+0000] {dagbag.py:538} INFO - Filling up the DagBag from /home/airflow/.local/lib/python3.7/site-packages/airflow/example_dags/example_task_group.py
[2023-04-24T13:28:33.871+0000] {processor.py:753} INFO - DAG(s) dict_keys(['example_task_group']) retrieved from /home/airflow/.local/lib/python3.7/site-packages/airflow/example_dags/example_task_group.py
[2023-04-24T13:28:33.890+0000] {logging_mixin.py:137} INFO - [2023-04-24T13:28:33.890+0000] {dag.py:2690} INFO - Sync 1 DAGs
[2023-04-24T13:28:33.906+0000] {logging_mixin.py:137} INFO - [2023-04-24T13:28:33.906+0000] {dag.py:3441} INFO - Setting next_dagrun for example_task_group to 2023-04-23T13:28:33.906172+00:00, run_after=2023-04-24T13:28:33.906172+00:00
[2023-04-24T13:28:33.918+0000] {processor.py:175} INFO - Processing /home/airflow/.local/lib/python3.7/site-packages/airflow/example_dags/example_task_group.py took 0.069 seconds
[2023-04-24T13:29:04.158+0000] {processor.py:153} INFO - Started process (PID=3962) to work on /home/airflow/.local/lib/python3.7/site-packages/airflow/example_dags/example_task_group.py
[2023-04-24T13:29:04.160+0000] {processor.py:743} INFO - Processing file /home/airflow/.local/lib/python3.7/site-packages/airflow/example_dags/example_task_group.py for tasks to queue
[2023-04-24T13:29:04.162+0000] {logging_mixin.py:137} INFO - [2023-04-24T13:29:04.162+0000] {dagbag.py:538} INFO - Filling up the DagBag from /home/airflow/.local/lib/python3.7/site-packages/airflow/example_dags/example_task_group.py
[2023-04-24T13:29:04.178+0000] {processor.py:753} INFO - DAG(s) dict_keys(['example_task_group']) retrieved from /home/airflow/.local/lib/python3.7/site-packages/airflow/example_dags/example_task_group.py
[2023-04-24T13:29:04.197+0000] {logging_mixin.py:137} INFO - [2023-04-24T13:29:04.197+0000] {dag.py:2690} INFO - Sync 1 DAGs
[2023-04-24T13:29:04.212+0000] {logging_mixin.py:137} INFO - [2023-04-24T13:29:04.212+0000] {dag.py:3441} INFO - Setting next_dagrun for example_task_group to 2023-04-23T13:29:04.212065+00:00, run_after=2023-04-24T13:29:04.212065+00:00
[2023-04-24T13:29:04.223+0000] {processor.py:175} INFO - Processing /home/airflow/.local/lib/python3.7/site-packages/airflow/example_dags/example_task_group.py took 0.069 seconds
[2023-04-24T13:29:34.337+0000] {processor.py:153} INFO - Started process (PID=4034) to work on /home/airflow/.local/lib/python3.7/site-packages/airflow/example_dags/example_task_group.py
[2023-04-24T13:29:34.338+0000] {processor.py:743} INFO - Processing file /home/airflow/.local/lib/python3.7/site-packages/airflow/example_dags/example_task_group.py for tasks to queue
[2023-04-24T13:29:34.340+0000] {logging_mixin.py:137} INFO - [2023-04-24T13:29:34.340+0000] {dagbag.py:538} INFO - Filling up the DagBag from /home/airflow/.local/lib/python3.7/site-packages/airflow/example_dags/example_task_group.py
[2023-04-24T13:29:34.358+0000] {processor.py:753} INFO - DAG(s) dict_keys(['example_task_group']) retrieved from /home/airflow/.local/lib/python3.7/site-packages/airflow/example_dags/example_task_group.py
[2023-04-24T13:29:34.392+0000] {logging_mixin.py:137} INFO - [2023-04-24T13:29:34.392+0000] {dag.py:2690} INFO - Sync 1 DAGs
[2023-04-24T13:29:34.410+0000] {logging_mixin.py:137} INFO - [2023-04-24T13:29:34.410+0000] {dag.py:3441} INFO - Setting next_dagrun for example_task_group to 2023-04-23T13:29:34.409925+00:00, run_after=2023-04-24T13:29:34.409925+00:00
[2023-04-24T13:29:34.425+0000] {processor.py:175} INFO - Processing /home/airflow/.local/lib/python3.7/site-packages/airflow/example_dags/example_task_group.py took 0.092 seconds
[2023-04-24T13:30:04.870+0000] {processor.py:153} INFO - Started process (PID=4102) to work on /home/airflow/.local/lib/python3.7/site-packages/airflow/example_dags/example_task_group.py
[2023-04-24T13:30:04.872+0000] {processor.py:743} INFO - Processing file /home/airflow/.local/lib/python3.7/site-packages/airflow/example_dags/example_task_group.py for tasks to queue
[2023-04-24T13:30:04.873+0000] {logging_mixin.py:137} INFO - [2023-04-24T13:30:04.873+0000] {dagbag.py:538} INFO - Filling up the DagBag from /home/airflow/.local/lib/python3.7/site-packages/airflow/example_dags/example_task_group.py
[2023-04-24T13:30:04.888+0000] {processor.py:753} INFO - DAG(s) dict_keys(['example_task_group']) retrieved from /home/airflow/.local/lib/python3.7/site-packages/airflow/example_dags/example_task_group.py
[2023-04-24T13:30:04.909+0000] {logging_mixin.py:137} INFO - [2023-04-24T13:30:04.909+0000] {dag.py:2690} INFO - Sync 1 DAGs
[2023-04-24T13:30:04.924+0000] {logging_mixin.py:137} INFO - [2023-04-24T13:30:04.924+0000] {dag.py:3441} INFO - Setting next_dagrun for example_task_group to 2023-04-23T13:30:04.924505+00:00, run_after=2023-04-24T13:30:04.924505+00:00
[2023-04-24T13:30:04.936+0000] {processor.py:175} INFO - Processing /home/airflow/.local/lib/python3.7/site-packages/airflow/example_dags/example_task_group.py took 0.070 seconds
[2023-04-24T13:30:35.265+0000] {processor.py:153} INFO - Started process (PID=4179) to work on /home/airflow/.local/lib/python3.7/site-packages/airflow/example_dags/example_task_group.py
[2023-04-24T13:30:35.269+0000] {processor.py:743} INFO - Processing file /home/airflow/.local/lib/python3.7/site-packages/airflow/example_dags/example_task_group.py for tasks to queue
[2023-04-24T13:30:35.271+0000] {logging_mixin.py:137} INFO - [2023-04-24T13:30:35.271+0000] {dagbag.py:538} INFO - Filling up the DagBag from /home/airflow/.local/lib/python3.7/site-packages/airflow/example_dags/example_task_group.py
[2023-04-24T13:30:35.290+0000] {processor.py:753} INFO - DAG(s) dict_keys(['example_task_group']) retrieved from /home/airflow/.local/lib/python3.7/site-packages/airflow/example_dags/example_task_group.py
[2023-04-24T13:30:35.312+0000] {logging_mixin.py:137} INFO - [2023-04-24T13:30:35.312+0000] {dag.py:2690} INFO - Sync 1 DAGs
[2023-04-24T13:30:35.329+0000] {logging_mixin.py:137} INFO - [2023-04-24T13:30:35.329+0000] {dag.py:3441} INFO - Setting next_dagrun for example_task_group to 2023-04-23T13:30:35.329668+00:00, run_after=2023-04-24T13:30:35.329668+00:00
[2023-04-24T13:30:35.342+0000] {processor.py:175} INFO - Processing /home/airflow/.local/lib/python3.7/site-packages/airflow/example_dags/example_task_group.py took 0.082 seconds
[2023-04-24T13:31:05.477+0000] {processor.py:153} INFO - Started process (PID=4255) to work on /home/airflow/.local/lib/python3.7/site-packages/airflow/example_dags/example_task_group.py
[2023-04-24T13:31:05.478+0000] {processor.py:743} INFO - Processing file /home/airflow/.local/lib/python3.7/site-packages/airflow/example_dags/example_task_group.py for tasks to queue
[2023-04-24T13:31:05.479+0000] {logging_mixin.py:137} INFO - [2023-04-24T13:31:05.478+0000] {dagbag.py:538} INFO - Filling up the DagBag from /home/airflow/.local/lib/python3.7/site-packages/airflow/example_dags/example_task_group.py
[2023-04-24T13:31:05.492+0000] {processor.py:753} INFO - DAG(s) dict_keys(['example_task_group']) retrieved from /home/airflow/.local/lib/python3.7/site-packages/airflow/example_dags/example_task_group.py
[2023-04-24T13:31:05.512+0000] {logging_mixin.py:137} INFO - [2023-04-24T13:31:05.512+0000] {dag.py:2690} INFO - Sync 1 DAGs
[2023-04-24T13:31:05.528+0000] {logging_mixin.py:137} INFO - [2023-04-24T13:31:05.528+0000] {dag.py:3441} INFO - Setting next_dagrun for example_task_group to 2023-04-23T13:31:05.528522+00:00, run_after=2023-04-24T13:31:05.528522+00:00
[2023-04-24T13:31:05.545+0000] {processor.py:175} INFO - Processing /home/airflow/.local/lib/python3.7/site-packages/airflow/example_dags/example_task_group.py took 0.071 seconds
[2023-04-24T13:31:35.687+0000] {processor.py:153} INFO - Started process (PID=4319) to work on /home/airflow/.local/lib/python3.7/site-packages/airflow/example_dags/example_task_group.py
[2023-04-24T13:31:35.689+0000] {processor.py:743} INFO - Processing file /home/airflow/.local/lib/python3.7/site-packages/airflow/example_dags/example_task_group.py for tasks to queue
[2023-04-24T13:31:35.690+0000] {logging_mixin.py:137} INFO - [2023-04-24T13:31:35.690+0000] {dagbag.py:538} INFO - Filling up the DagBag from /home/airflow/.local/lib/python3.7/site-packages/airflow/example_dags/example_task_group.py
[2023-04-24T13:31:35.704+0000] {processor.py:753} INFO - DAG(s) dict_keys(['example_task_group']) retrieved from /home/airflow/.local/lib/python3.7/site-packages/airflow/example_dags/example_task_group.py
[2023-04-24T13:31:35.724+0000] {logging_mixin.py:137} INFO - [2023-04-24T13:31:35.724+0000] {dag.py:2690} INFO - Sync 1 DAGs
[2023-04-24T13:31:35.739+0000] {logging_mixin.py:137} INFO - [2023-04-24T13:31:35.739+0000] {dag.py:3441} INFO - Setting next_dagrun for example_task_group to 2023-04-23T13:31:35.739372+00:00, run_after=2023-04-24T13:31:35.739372+00:00
[2023-04-24T13:31:35.752+0000] {processor.py:175} INFO - Processing /home/airflow/.local/lib/python3.7/site-packages/airflow/example_dags/example_task_group.py took 0.069 seconds
[2023-04-24T13:32:06.043+0000] {processor.py:153} INFO - Started process (PID=4395) to work on /home/airflow/.local/lib/python3.7/site-packages/airflow/example_dags/example_task_group.py
[2023-04-24T13:32:06.045+0000] {processor.py:743} INFO - Processing file /home/airflow/.local/lib/python3.7/site-packages/airflow/example_dags/example_task_group.py for tasks to queue
[2023-04-24T13:32:06.046+0000] {logging_mixin.py:137} INFO - [2023-04-24T13:32:06.046+0000] {dagbag.py:538} INFO - Filling up the DagBag from /home/airflow/.local/lib/python3.7/site-packages/airflow/example_dags/example_task_group.py
[2023-04-24T13:32:06.062+0000] {processor.py:753} INFO - DAG(s) dict_keys(['example_task_group']) retrieved from /home/airflow/.local/lib/python3.7/site-packages/airflow/example_dags/example_task_group.py
[2023-04-24T13:32:06.082+0000] {logging_mixin.py:137} INFO - [2023-04-24T13:32:06.082+0000] {dag.py:2690} INFO - Sync 1 DAGs
[2023-04-24T13:32:06.098+0000] {logging_mixin.py:137} INFO - [2023-04-24T13:32:06.098+0000] {dag.py:3441} INFO - Setting next_dagrun for example_task_group to 2023-04-23T13:32:06.098318+00:00, run_after=2023-04-24T13:32:06.098318+00:00
[2023-04-24T13:32:06.110+0000] {processor.py:175} INFO - Processing /home/airflow/.local/lib/python3.7/site-packages/airflow/example_dags/example_task_group.py took 0.071 seconds
[2023-04-24T13:32:36.315+0000] {processor.py:153} INFO - Started process (PID=4471) to work on /home/airflow/.local/lib/python3.7/site-packages/airflow/example_dags/example_task_group.py
[2023-04-24T13:32:36.316+0000] {processor.py:743} INFO - Processing file /home/airflow/.local/lib/python3.7/site-packages/airflow/example_dags/example_task_group.py for tasks to queue
[2023-04-24T13:32:36.318+0000] {logging_mixin.py:137} INFO - [2023-04-24T13:32:36.317+0000] {dagbag.py:538} INFO - Filling up the DagBag from /home/airflow/.local/lib/python3.7/site-packages/airflow/example_dags/example_task_group.py
[2023-04-24T13:32:36.332+0000] {processor.py:753} INFO - DAG(s) dict_keys(['example_task_group']) retrieved from /home/airflow/.local/lib/python3.7/site-packages/airflow/example_dags/example_task_group.py
[2023-04-24T13:32:36.352+0000] {logging_mixin.py:137} INFO - [2023-04-24T13:32:36.352+0000] {dag.py:2690} INFO - Sync 1 DAGs
[2023-04-24T13:32:36.366+0000] {logging_mixin.py:137} INFO - [2023-04-24T13:32:36.366+0000] {dag.py:3441} INFO - Setting next_dagrun for example_task_group to 2023-04-23T13:32:36.366571+00:00, run_after=2023-04-24T13:32:36.366571+00:00
[2023-04-24T13:32:36.377+0000] {processor.py:175} INFO - Processing /home/airflow/.local/lib/python3.7/site-packages/airflow/example_dags/example_task_group.py took 0.067 seconds
[2023-04-24T13:33:06.529+0000] {processor.py:153} INFO - Started process (PID=4535) to work on /home/airflow/.local/lib/python3.7/site-packages/airflow/example_dags/example_task_group.py
[2023-04-24T13:33:06.530+0000] {processor.py:743} INFO - Processing file /home/airflow/.local/lib/python3.7/site-packages/airflow/example_dags/example_task_group.py for tasks to queue
[2023-04-24T13:33:06.531+0000] {logging_mixin.py:137} INFO - [2023-04-24T13:33:06.530+0000] {dagbag.py:538} INFO - Filling up the DagBag from /home/airflow/.local/lib/python3.7/site-packages/airflow/example_dags/example_task_group.py
[2023-04-24T13:33:06.544+0000] {processor.py:753} INFO - DAG(s) dict_keys(['example_task_group']) retrieved from /home/airflow/.local/lib/python3.7/site-packages/airflow/example_dags/example_task_group.py
[2023-04-24T13:33:06.565+0000] {logging_mixin.py:137} INFO - [2023-04-24T13:33:06.565+0000] {dag.py:2690} INFO - Sync 1 DAGs
[2023-04-24T13:33:06.583+0000] {logging_mixin.py:137} INFO - [2023-04-24T13:33:06.583+0000] {dag.py:3441} INFO - Setting next_dagrun for example_task_group to 2023-04-23T13:33:06.582805+00:00, run_after=2023-04-24T13:33:06.582805+00:00
[2023-04-24T13:33:06.597+0000] {processor.py:175} INFO - Processing /home/airflow/.local/lib/python3.7/site-packages/airflow/example_dags/example_task_group.py took 0.072 seconds
[2023-04-24T13:33:49.573+0000] {processor.py:153} INFO - Started process (PID=4583) to work on /home/airflow/.local/lib/python3.7/site-packages/airflow/example_dags/example_task_group.py
[2023-04-24T13:33:49.574+0000] {processor.py:743} INFO - Processing file /home/airflow/.local/lib/python3.7/site-packages/airflow/example_dags/example_task_group.py for tasks to queue
[2023-04-24T13:33:49.575+0000] {logging_mixin.py:137} INFO - [2023-04-24T13:33:49.575+0000] {dagbag.py:538} INFO - Filling up the DagBag from /home/airflow/.local/lib/python3.7/site-packages/airflow/example_dags/example_task_group.py
[2023-04-24T13:33:49.587+0000] {processor.py:753} INFO - DAG(s) dict_keys(['example_task_group']) retrieved from /home/airflow/.local/lib/python3.7/site-packages/airflow/example_dags/example_task_group.py
[2023-04-24T13:33:49.607+0000] {logging_mixin.py:137} INFO - [2023-04-24T13:33:49.607+0000] {dag.py:2690} INFO - Sync 1 DAGs
[2023-04-24T13:33:49.623+0000] {logging_mixin.py:137} INFO - [2023-04-24T13:33:49.623+0000] {dag.py:3441} INFO - Setting next_dagrun for example_task_group to 2023-04-23T13:33:49.623580+00:00, run_after=2023-04-24T13:33:49.623580+00:00
[2023-04-24T13:33:49.635+0000] {processor.py:175} INFO - Processing /home/airflow/.local/lib/python3.7/site-packages/airflow/example_dags/example_task_group.py took 0.066 seconds
[2023-04-24T13:34:20.043+0000] {processor.py:153} INFO - Started process (PID=4659) to work on /home/airflow/.local/lib/python3.7/site-packages/airflow/example_dags/example_task_group.py
[2023-04-24T13:34:20.044+0000] {processor.py:743} INFO - Processing file /home/airflow/.local/lib/python3.7/site-packages/airflow/example_dags/example_task_group.py for tasks to queue
[2023-04-24T13:34:20.045+0000] {logging_mixin.py:137} INFO - [2023-04-24T13:34:20.045+0000] {dagbag.py:538} INFO - Filling up the DagBag from /home/airflow/.local/lib/python3.7/site-packages/airflow/example_dags/example_task_group.py
[2023-04-24T13:34:20.058+0000] {processor.py:753} INFO - DAG(s) dict_keys(['example_task_group']) retrieved from /home/airflow/.local/lib/python3.7/site-packages/airflow/example_dags/example_task_group.py
[2023-04-24T13:34:20.078+0000] {logging_mixin.py:137} INFO - [2023-04-24T13:34:20.078+0000] {dag.py:2690} INFO - Sync 1 DAGs
[2023-04-24T13:34:20.095+0000] {logging_mixin.py:137} INFO - [2023-04-24T13:34:20.094+0000] {dag.py:3441} INFO - Setting next_dagrun for example_task_group to 2023-04-23T13:34:20.094751+00:00, run_after=2023-04-24T13:34:20.094751+00:00
[2023-04-24T13:34:20.106+0000] {processor.py:175} INFO - Processing /home/airflow/.local/lib/python3.7/site-packages/airflow/example_dags/example_task_group.py took 0.066 seconds
[2023-04-24T13:34:50.427+0000] {processor.py:153} INFO - Started process (PID=4735) to work on /home/airflow/.local/lib/python3.7/site-packages/airflow/example_dags/example_task_group.py
[2023-04-24T13:34:50.429+0000] {processor.py:743} INFO - Processing file /home/airflow/.local/lib/python3.7/site-packages/airflow/example_dags/example_task_group.py for tasks to queue
[2023-04-24T13:34:50.429+0000] {logging_mixin.py:137} INFO - [2023-04-24T13:34:50.429+0000] {dagbag.py:538} INFO - Filling up the DagBag from /home/airflow/.local/lib/python3.7/site-packages/airflow/example_dags/example_task_group.py
[2023-04-24T13:34:50.444+0000] {processor.py:753} INFO - DAG(s) dict_keys(['example_task_group']) retrieved from /home/airflow/.local/lib/python3.7/site-packages/airflow/example_dags/example_task_group.py
[2023-04-24T13:34:50.468+0000] {logging_mixin.py:137} INFO - [2023-04-24T13:34:50.468+0000] {dag.py:2690} INFO - Sync 1 DAGs
[2023-04-24T13:34:50.484+0000] {logging_mixin.py:137} INFO - [2023-04-24T13:34:50.484+0000] {dag.py:3441} INFO - Setting next_dagrun for example_task_group to 2023-04-23T13:34:50.484049+00:00, run_after=2023-04-24T13:34:50.484049+00:00
[2023-04-24T13:34:50.495+0000] {processor.py:175} INFO - Processing /home/airflow/.local/lib/python3.7/site-packages/airflow/example_dags/example_task_group.py took 0.071 seconds
[2023-04-24T13:35:20.666+0000] {processor.py:153} INFO - Started process (PID=4799) to work on /home/airflow/.local/lib/python3.7/site-packages/airflow/example_dags/example_task_group.py
[2023-04-24T13:35:20.668+0000] {processor.py:743} INFO - Processing file /home/airflow/.local/lib/python3.7/site-packages/airflow/example_dags/example_task_group.py for tasks to queue
[2023-04-24T13:35:20.669+0000] {logging_mixin.py:137} INFO - [2023-04-24T13:35:20.668+0000] {dagbag.py:538} INFO - Filling up the DagBag from /home/airflow/.local/lib/python3.7/site-packages/airflow/example_dags/example_task_group.py
[2023-04-24T13:35:20.680+0000] {processor.py:753} INFO - DAG(s) dict_keys(['example_task_group']) retrieved from /home/airflow/.local/lib/python3.7/site-packages/airflow/example_dags/example_task_group.py
[2023-04-24T13:35:20.700+0000] {logging_mixin.py:137} INFO - [2023-04-24T13:35:20.700+0000] {dag.py:2690} INFO - Sync 1 DAGs
[2023-04-24T13:35:20.717+0000] {logging_mixin.py:137} INFO - [2023-04-24T13:35:20.717+0000] {dag.py:3441} INFO - Setting next_dagrun for example_task_group to 2023-04-23T13:35:20.717164+00:00, run_after=2023-04-24T13:35:20.717164+00:00
[2023-04-24T13:35:20.729+0000] {processor.py:175} INFO - Processing /home/airflow/.local/lib/python3.7/site-packages/airflow/example_dags/example_task_group.py took 0.066 seconds
[2023-04-24T13:52:36.204+0000] {processor.py:153} INFO - Started process (PID=4875) to work on /home/airflow/.local/lib/python3.7/site-packages/airflow/example_dags/example_task_group.py
[2023-04-24T13:52:36.206+0000] {processor.py:743} INFO - Processing file /home/airflow/.local/lib/python3.7/site-packages/airflow/example_dags/example_task_group.py for tasks to queue
[2023-04-24T13:52:36.206+0000] {logging_mixin.py:137} INFO - [2023-04-24T13:52:36.206+0000] {dagbag.py:538} INFO - Filling up the DagBag from /home/airflow/.local/lib/python3.7/site-packages/airflow/example_dags/example_task_group.py
[2023-04-24T13:52:36.220+0000] {processor.py:753} INFO - DAG(s) dict_keys(['example_task_group']) retrieved from /home/airflow/.local/lib/python3.7/site-packages/airflow/example_dags/example_task_group.py
[2023-04-24T13:52:36.241+0000] {logging_mixin.py:137} INFO - [2023-04-24T13:52:36.240+0000] {dag.py:2690} INFO - Sync 1 DAGs
[2023-04-24T13:52:36.257+0000] {logging_mixin.py:137} INFO - [2023-04-24T13:52:36.257+0000] {dag.py:3441} INFO - Setting next_dagrun for example_task_group to 2023-04-23T13:52:36.256986+00:00, run_after=2023-04-24T13:52:36.256986+00:00
[2023-04-24T13:52:36.273+0000] {processor.py:175} INFO - Processing /home/airflow/.local/lib/python3.7/site-packages/airflow/example_dags/example_task_group.py took 0.072 seconds
[2023-04-24T14:31:30.010+0000] {processor.py:153} INFO - Started process (PID=4950) to work on /home/airflow/.local/lib/python3.7/site-packages/airflow/example_dags/example_task_group.py
[2023-04-24T14:31:30.012+0000] {processor.py:743} INFO - Processing file /home/airflow/.local/lib/python3.7/site-packages/airflow/example_dags/example_task_group.py for tasks to queue
[2023-04-24T14:31:30.012+0000] {logging_mixin.py:137} INFO - [2023-04-24T14:31:30.012+0000] {dagbag.py:538} INFO - Filling up the DagBag from /home/airflow/.local/lib/python3.7/site-packages/airflow/example_dags/example_task_group.py
[2023-04-24T14:31:30.023+0000] {processor.py:753} INFO - DAG(s) dict_keys(['example_task_group']) retrieved from /home/airflow/.local/lib/python3.7/site-packages/airflow/example_dags/example_task_group.py
[2023-04-24T14:31:30.044+0000] {logging_mixin.py:137} INFO - [2023-04-24T14:31:30.044+0000] {dag.py:2690} INFO - Sync 1 DAGs
[2023-04-24T14:31:30.061+0000] {logging_mixin.py:137} INFO - [2023-04-24T14:31:30.061+0000] {dag.py:3441} INFO - Setting next_dagrun for example_task_group to 2023-04-23T14:31:30.061484+00:00, run_after=2023-04-24T14:31:30.061484+00:00
[2023-04-24T14:31:30.074+0000] {processor.py:175} INFO - Processing /home/airflow/.local/lib/python3.7/site-packages/airflow/example_dags/example_task_group.py took 0.067 seconds
[2023-04-24T15:16:29.166+0000] {processor.py:153} INFO - Started process (PID=5014) to work on /home/airflow/.local/lib/python3.7/site-packages/airflow/example_dags/example_task_group.py
[2023-04-24T15:16:29.168+0000] {processor.py:743} INFO - Processing file /home/airflow/.local/lib/python3.7/site-packages/airflow/example_dags/example_task_group.py for tasks to queue
[2023-04-24T15:16:29.169+0000] {logging_mixin.py:137} INFO - [2023-04-24T15:16:29.168+0000] {dagbag.py:538} INFO - Filling up the DagBag from /home/airflow/.local/lib/python3.7/site-packages/airflow/example_dags/example_task_group.py
[2023-04-24T15:16:29.180+0000] {processor.py:753} INFO - DAG(s) dict_keys(['example_task_group']) retrieved from /home/airflow/.local/lib/python3.7/site-packages/airflow/example_dags/example_task_group.py
[2023-04-24T15:16:29.201+0000] {logging_mixin.py:137} INFO - [2023-04-24T15:16:29.201+0000] {dag.py:2690} INFO - Sync 1 DAGs
[2023-04-24T15:16:29.218+0000] {logging_mixin.py:137} INFO - [2023-04-24T15:16:29.218+0000] {dag.py:3441} INFO - Setting next_dagrun for example_task_group to 2023-04-23T15:16:29.218048+00:00, run_after=2023-04-24T15:16:29.218048+00:00
[2023-04-24T15:16:29.230+0000] {processor.py:175} INFO - Processing /home/airflow/.local/lib/python3.7/site-packages/airflow/example_dags/example_task_group.py took 0.067 seconds
[2023-04-24T16:21:50.796+0000] {processor.py:153} INFO - Started process (PID=5091) to work on /home/airflow/.local/lib/python3.7/site-packages/airflow/example_dags/example_task_group.py
[2023-04-24T16:21:50.797+0000] {processor.py:743} INFO - Processing file /home/airflow/.local/lib/python3.7/site-packages/airflow/example_dags/example_task_group.py for tasks to queue
[2023-04-24T16:21:50.798+0000] {logging_mixin.py:137} INFO - [2023-04-24T16:21:50.798+0000] {dagbag.py:538} INFO - Filling up the DagBag from /home/airflow/.local/lib/python3.7/site-packages/airflow/example_dags/example_task_group.py
[2023-04-24T16:21:50.810+0000] {processor.py:753} INFO - DAG(s) dict_keys(['example_task_group']) retrieved from /home/airflow/.local/lib/python3.7/site-packages/airflow/example_dags/example_task_group.py
[2023-04-24T16:21:50.839+0000] {logging_mixin.py:137} INFO - [2023-04-24T16:21:50.839+0000] {dag.py:2690} INFO - Sync 1 DAGs
[2023-04-24T16:21:50.861+0000] {logging_mixin.py:137} INFO - [2023-04-24T16:21:50.860+0000] {dag.py:3441} INFO - Setting next_dagrun for example_task_group to 2023-04-23T16:21:50.860674+00:00, run_after=2023-04-24T16:21:50.860674+00:00
[2023-04-24T16:21:50.878+0000] {processor.py:175} INFO - Processing /home/airflow/.local/lib/python3.7/site-packages/airflow/example_dags/example_task_group.py took 0.086 seconds
[2023-04-24T17:38:25.164+0000] {processor.py:153} INFO - Started process (PID=5160) to work on /home/airflow/.local/lib/python3.7/site-packages/airflow/example_dags/example_task_group.py
[2023-04-24T17:38:25.165+0000] {processor.py:743} INFO - Processing file /home/airflow/.local/lib/python3.7/site-packages/airflow/example_dags/example_task_group.py for tasks to queue
[2023-04-24T17:38:25.167+0000] {logging_mixin.py:137} INFO - [2023-04-24T17:38:25.167+0000] {dagbag.py:538} INFO - Filling up the DagBag from /home/airflow/.local/lib/python3.7/site-packages/airflow/example_dags/example_task_group.py
[2023-04-24T17:38:25.180+0000] {processor.py:753} INFO - DAG(s) dict_keys(['example_task_group']) retrieved from /home/airflow/.local/lib/python3.7/site-packages/airflow/example_dags/example_task_group.py
[2023-04-24T17:38:25.202+0000] {logging_mixin.py:137} INFO - [2023-04-24T17:38:25.202+0000] {dag.py:2690} INFO - Sync 1 DAGs
[2023-04-24T17:38:25.219+0000] {logging_mixin.py:137} INFO - [2023-04-24T17:38:25.219+0000] {dag.py:3441} INFO - Setting next_dagrun for example_task_group to 2023-04-23T17:38:25.219629+00:00, run_after=2023-04-24T17:38:25.219629+00:00
[2023-04-24T17:38:25.232+0000] {processor.py:175} INFO - Processing /home/airflow/.local/lib/python3.7/site-packages/airflow/example_dags/example_task_group.py took 0.073 seconds
[2023-04-24T18:45:21.809+0000] {processor.py:153} INFO - Started process (PID=5230) to work on /home/airflow/.local/lib/python3.7/site-packages/airflow/example_dags/example_task_group.py
[2023-04-24T18:45:21.810+0000] {processor.py:743} INFO - Processing file /home/airflow/.local/lib/python3.7/site-packages/airflow/example_dags/example_task_group.py for tasks to queue
[2023-04-24T18:45:21.811+0000] {logging_mixin.py:137} INFO - [2023-04-24T18:45:21.811+0000] {dagbag.py:538} INFO - Filling up the DagBag from /home/airflow/.local/lib/python3.7/site-packages/airflow/example_dags/example_task_group.py
[2023-04-24T18:45:21.823+0000] {processor.py:753} INFO - DAG(s) dict_keys(['example_task_group']) retrieved from /home/airflow/.local/lib/python3.7/site-packages/airflow/example_dags/example_task_group.py
[2023-04-24T18:45:21.845+0000] {logging_mixin.py:137} INFO - [2023-04-24T18:45:21.845+0000] {dag.py:2690} INFO - Sync 1 DAGs
[2023-04-24T18:45:21.862+0000] {logging_mixin.py:137} INFO - [2023-04-24T18:45:21.862+0000] {dag.py:3441} INFO - Setting next_dagrun for example_task_group to 2023-04-23T18:45:21.862517+00:00, run_after=2023-04-24T18:45:21.862517+00:00
[2023-04-24T18:45:21.875+0000] {processor.py:175} INFO - Processing /home/airflow/.local/lib/python3.7/site-packages/airflow/example_dags/example_task_group.py took 0.070 seconds
[2023-04-24T19:49:26.776+0000] {processor.py:153} INFO - Started process (PID=5306) to work on /home/airflow/.local/lib/python3.7/site-packages/airflow/example_dags/example_task_group.py
[2023-04-24T19:49:26.778+0000] {processor.py:743} INFO - Processing file /home/airflow/.local/lib/python3.7/site-packages/airflow/example_dags/example_task_group.py for tasks to queue
[2023-04-24T19:49:26.779+0000] {logging_mixin.py:137} INFO - [2023-04-24T19:49:26.779+0000] {dagbag.py:538} INFO - Filling up the DagBag from /home/airflow/.local/lib/python3.7/site-packages/airflow/example_dags/example_task_group.py
[2023-04-24T19:49:26.791+0000] {processor.py:753} INFO - DAG(s) dict_keys(['example_task_group']) retrieved from /home/airflow/.local/lib/python3.7/site-packages/airflow/example_dags/example_task_group.py
[2023-04-24T19:49:26.811+0000] {logging_mixin.py:137} INFO - [2023-04-24T19:49:26.810+0000] {dag.py:2690} INFO - Sync 1 DAGs
[2023-04-24T19:49:26.827+0000] {logging_mixin.py:137} INFO - [2023-04-24T19:49:26.827+0000] {dag.py:3441} INFO - Setting next_dagrun for example_task_group to 2023-04-23T19:49:26.827214+00:00, run_after=2023-04-24T19:49:26.827214+00:00
[2023-04-24T19:49:26.840+0000] {processor.py:175} INFO - Processing /home/airflow/.local/lib/python3.7/site-packages/airflow/example_dags/example_task_group.py took 0.067 seconds
[2023-04-24T20:25:34.939+0000] {processor.py:153} INFO - Started process (PID=5379) to work on /home/airflow/.local/lib/python3.7/site-packages/airflow/example_dags/example_task_group.py
[2023-04-24T20:25:34.940+0000] {processor.py:743} INFO - Processing file /home/airflow/.local/lib/python3.7/site-packages/airflow/example_dags/example_task_group.py for tasks to queue
[2023-04-24T20:25:34.941+0000] {logging_mixin.py:137} INFO - [2023-04-24T20:25:34.941+0000] {dagbag.py:538} INFO - Filling up the DagBag from /home/airflow/.local/lib/python3.7/site-packages/airflow/example_dags/example_task_group.py
[2023-04-24T20:25:34.961+0000] {processor.py:753} INFO - DAG(s) dict_keys(['example_task_group']) retrieved from /home/airflow/.local/lib/python3.7/site-packages/airflow/example_dags/example_task_group.py
[2023-04-24T20:25:34.993+0000] {logging_mixin.py:137} INFO - [2023-04-24T20:25:34.993+0000] {dag.py:2690} INFO - Sync 1 DAGs
[2023-04-24T20:25:35.011+0000] {logging_mixin.py:137} INFO - [2023-04-24T20:25:35.011+0000] {dag.py:3441} INFO - Setting next_dagrun for example_task_group to 2023-04-23T20:25:35.010777+00:00, run_after=2023-04-24T20:25:35.010777+00:00
[2023-04-24T20:25:35.024+0000] {processor.py:175} INFO - Processing /home/airflow/.local/lib/python3.7/site-packages/airflow/example_dags/example_task_group.py took 0.089 seconds
[2023-04-24T21:31:04.022+0000] {processor.py:153} INFO - Started process (PID=5446) to work on /home/airflow/.local/lib/python3.7/site-packages/airflow/example_dags/example_task_group.py
[2023-04-24T21:31:04.024+0000] {processor.py:743} INFO - Processing file /home/airflow/.local/lib/python3.7/site-packages/airflow/example_dags/example_task_group.py for tasks to queue
[2023-04-24T21:31:04.027+0000] {logging_mixin.py:137} INFO - [2023-04-24T21:31:04.027+0000] {dagbag.py:538} INFO - Filling up the DagBag from /home/airflow/.local/lib/python3.7/site-packages/airflow/example_dags/example_task_group.py
[2023-04-24T21:31:04.048+0000] {processor.py:753} INFO - DAG(s) dict_keys(['example_task_group']) retrieved from /home/airflow/.local/lib/python3.7/site-packages/airflow/example_dags/example_task_group.py
[2023-04-24T21:31:04.072+0000] {logging_mixin.py:137} INFO - [2023-04-24T21:31:04.072+0000] {dag.py:2690} INFO - Sync 1 DAGs
[2023-04-24T21:31:04.095+0000] {logging_mixin.py:137} INFO - [2023-04-24T21:31:04.095+0000] {dag.py:3441} INFO - Setting next_dagrun for example_task_group to 2023-04-23T21:31:04.094720+00:00, run_after=2023-04-24T21:31:04.094720+00:00
[2023-04-24T21:31:04.111+0000] {processor.py:175} INFO - Processing /home/airflow/.local/lib/python3.7/site-packages/airflow/example_dags/example_task_group.py took 0.097 seconds
[2023-04-24T22:36:52.341+0000] {processor.py:153} INFO - Started process (PID=5523) to work on /home/airflow/.local/lib/python3.7/site-packages/airflow/example_dags/example_task_group.py
[2023-04-24T22:36:52.343+0000] {processor.py:743} INFO - Processing file /home/airflow/.local/lib/python3.7/site-packages/airflow/example_dags/example_task_group.py for tasks to queue
[2023-04-24T22:36:52.343+0000] {logging_mixin.py:137} INFO - [2023-04-24T22:36:52.343+0000] {dagbag.py:538} INFO - Filling up the DagBag from /home/airflow/.local/lib/python3.7/site-packages/airflow/example_dags/example_task_group.py
[2023-04-24T22:36:52.356+0000] {processor.py:753} INFO - DAG(s) dict_keys(['example_task_group']) retrieved from /home/airflow/.local/lib/python3.7/site-packages/airflow/example_dags/example_task_group.py
[2023-04-24T22:36:52.376+0000] {logging_mixin.py:137} INFO - [2023-04-24T22:36:52.376+0000] {dag.py:2690} INFO - Sync 1 DAGs
[2023-04-24T22:36:52.393+0000] {logging_mixin.py:137} INFO - [2023-04-24T22:36:52.393+0000] {dag.py:3441} INFO - Setting next_dagrun for example_task_group to 2023-04-23T22:36:52.393236+00:00, run_after=2023-04-24T22:36:52.393236+00:00
[2023-04-24T22:36:52.406+0000] {processor.py:175} INFO - Processing /home/airflow/.local/lib/python3.7/site-packages/airflow/example_dags/example_task_group.py took 0.069 seconds
