[2023-04-24T12:37:21.668+0000] {processor.py:153} INFO - Started process (PID=229) to work on /home/airflow/.local/lib/python3.7/site-packages/airflow/example_dags/tutorial.py
[2023-04-24T12:37:21.671+0000] {processor.py:743} INFO - Processing file /home/airflow/.local/lib/python3.7/site-packages/airflow/example_dags/tutorial.py for tasks to queue
[2023-04-24T12:37:21.754+0000] {logging_mixin.py:137} INFO - [2023-04-24T12:37:21.754+0000] {dagbag.py:538} INFO - Filling up the DagBag from /home/airflow/.local/lib/python3.7/site-packages/airflow/example_dags/tutorial.py
[2023-04-24T12:37:24.421+0000] {processor.py:753} INFO - DAG(s) dict_keys(['tutorial']) retrieved from /home/airflow/.local/lib/python3.7/site-packages/airflow/example_dags/tutorial.py
[2023-04-24T12:37:28.894+0000] {logging_mixin.py:137} INFO - [2023-04-24T12:37:28.894+0000] {dag.py:2690} INFO - Sync 1 DAGs
[2023-04-24T12:37:29.200+0000] {logging_mixin.py:137} INFO - [2023-04-24T12:37:29.200+0000] {dag.py:2711} INFO - Creating ORM DAG for tutorial
[2023-04-24T12:37:29.649+0000] {logging_mixin.py:137} INFO - [2023-04-24T12:37:29.645+0000] {dag.py:3441} INFO - Setting next_dagrun for tutorial to 2023-04-23T12:37:29.413027+00:00, run_after=2023-04-24T12:37:29.413027+00:00
[2023-04-24T12:37:30.296+0000] {processor.py:175} INFO - Processing /home/airflow/.local/lib/python3.7/site-packages/airflow/example_dags/tutorial.py took 8.786 seconds
[2023-04-24T12:40:21.050+0000] {processor.py:153} INFO - Started process (PID=346) to work on /home/airflow/.local/lib/python3.7/site-packages/airflow/example_dags/tutorial.py
[2023-04-24T12:40:21.055+0000] {processor.py:743} INFO - Processing file /home/airflow/.local/lib/python3.7/site-packages/airflow/example_dags/tutorial.py for tasks to queue
[2023-04-24T12:40:21.066+0000] {logging_mixin.py:137} INFO - [2023-04-24T12:40:21.066+0000] {dagbag.py:538} INFO - Filling up the DagBag from /home/airflow/.local/lib/python3.7/site-packages/airflow/example_dags/tutorial.py
[2023-04-24T12:40:21.187+0000] {processor.py:753} INFO - DAG(s) dict_keys(['tutorial']) retrieved from /home/airflow/.local/lib/python3.7/site-packages/airflow/example_dags/tutorial.py
[2023-04-24T12:40:21.199+0000] {logging_mixin.py:137} INFO - [2023-04-24T12:40:21.199+0000] {dag.py:2690} INFO - Sync 1 DAGs
[2023-04-24T12:40:21.494+0000] {logging_mixin.py:137} INFO - [2023-04-24T12:40:21.494+0000] {dag.py:3441} INFO - Setting next_dagrun for tutorial to 2023-04-23T12:40:21.493912+00:00, run_after=2023-04-24T12:40:21.493912+00:00
[2023-04-24T12:40:21.778+0000] {processor.py:175} INFO - Processing /home/airflow/.local/lib/python3.7/site-packages/airflow/example_dags/tutorial.py took 0.987 seconds
[2023-04-24T12:41:35.827+0000] {processor.py:153} INFO - Started process (PID=415) to work on /home/airflow/.local/lib/python3.7/site-packages/airflow/example_dags/tutorial.py
[2023-04-24T12:41:35.836+0000] {processor.py:743} INFO - Processing file /home/airflow/.local/lib/python3.7/site-packages/airflow/example_dags/tutorial.py for tasks to queue
[2023-04-24T12:41:35.841+0000] {logging_mixin.py:137} INFO - [2023-04-24T12:41:35.841+0000] {dagbag.py:538} INFO - Filling up the DagBag from /home/airflow/.local/lib/python3.7/site-packages/airflow/example_dags/tutorial.py
[2023-04-24T12:41:36.037+0000] {processor.py:753} INFO - DAG(s) dict_keys(['tutorial']) retrieved from /home/airflow/.local/lib/python3.7/site-packages/airflow/example_dags/tutorial.py
[2023-04-24T12:41:36.346+0000] {logging_mixin.py:137} INFO - [2023-04-24T12:41:36.346+0000] {dag.py:2690} INFO - Sync 1 DAGs
[2023-04-24T12:41:36.646+0000] {logging_mixin.py:137} INFO - [2023-04-24T12:41:36.646+0000] {dag.py:3441} INFO - Setting next_dagrun for tutorial to 2023-04-23T12:41:36.633606+00:00, run_after=2023-04-24T12:41:36.633606+00:00
[2023-04-24T12:41:36.799+0000] {processor.py:175} INFO - Processing /home/airflow/.local/lib/python3.7/site-packages/airflow/example_dags/tutorial.py took 1.013 seconds
[2023-04-24T12:42:46.573+0000] {processor.py:153} INFO - Started process (PID=493) to work on /home/airflow/.local/lib/python3.7/site-packages/airflow/example_dags/tutorial.py
[2023-04-24T12:42:46.581+0000] {processor.py:743} INFO - Processing file /home/airflow/.local/lib/python3.7/site-packages/airflow/example_dags/tutorial.py for tasks to queue
[2023-04-24T12:42:46.582+0000] {logging_mixin.py:137} INFO - [2023-04-24T12:42:46.582+0000] {dagbag.py:538} INFO - Filling up the DagBag from /home/airflow/.local/lib/python3.7/site-packages/airflow/example_dags/tutorial.py
[2023-04-24T12:42:46.892+0000] {processor.py:753} INFO - DAG(s) dict_keys(['tutorial']) retrieved from /home/airflow/.local/lib/python3.7/site-packages/airflow/example_dags/tutorial.py
[2023-04-24T12:42:47.353+0000] {logging_mixin.py:137} INFO - [2023-04-24T12:42:47.352+0000] {dag.py:2690} INFO - Sync 1 DAGs
[2023-04-24T12:42:47.835+0000] {logging_mixin.py:137} INFO - [2023-04-24T12:42:47.829+0000] {dag.py:3441} INFO - Setting next_dagrun for tutorial to 2023-04-23T12:42:47.811267+00:00, run_after=2023-04-24T12:42:47.811267+00:00
[2023-04-24T12:42:48.207+0000] {processor.py:175} INFO - Processing /home/airflow/.local/lib/python3.7/site-packages/airflow/example_dags/tutorial.py took 1.747 seconds
[2023-04-24T12:47:19.913+0000] {processor.py:153} INFO - Started process (PID=613) to work on /home/airflow/.local/lib/python3.7/site-packages/airflow/example_dags/tutorial.py
[2023-04-24T12:47:19.926+0000] {processor.py:743} INFO - Processing file /home/airflow/.local/lib/python3.7/site-packages/airflow/example_dags/tutorial.py for tasks to queue
[2023-04-24T12:47:19.936+0000] {logging_mixin.py:137} INFO - [2023-04-24T12:47:19.935+0000] {dagbag.py:538} INFO - Filling up the DagBag from /home/airflow/.local/lib/python3.7/site-packages/airflow/example_dags/tutorial.py
[2023-04-24T12:47:20.673+0000] {processor.py:753} INFO - DAG(s) dict_keys(['tutorial']) retrieved from /home/airflow/.local/lib/python3.7/site-packages/airflow/example_dags/tutorial.py
[2023-04-24T12:47:21.450+0000] {logging_mixin.py:137} INFO - [2023-04-24T12:47:21.450+0000] {dag.py:2690} INFO - Sync 1 DAGs
[2023-04-24T12:47:22.056+0000] {logging_mixin.py:137} INFO - [2023-04-24T12:47:22.056+0000] {dag.py:3441} INFO - Setting next_dagrun for tutorial to 2023-04-23T12:47:22.056192+00:00, run_after=2023-04-24T12:47:22.056192+00:00
[2023-04-24T12:47:22.441+0000] {processor.py:175} INFO - Processing /home/airflow/.local/lib/python3.7/site-packages/airflow/example_dags/tutorial.py took 2.614 seconds
[2023-04-24T12:48:01.830+0000] {processor.py:153} INFO - Started process (PID=656) to work on /home/airflow/.local/lib/python3.7/site-packages/airflow/example_dags/tutorial.py
[2023-04-24T12:48:01.838+0000] {processor.py:743} INFO - Processing file /home/airflow/.local/lib/python3.7/site-packages/airflow/example_dags/tutorial.py for tasks to queue
[2023-04-24T12:48:01.839+0000] {logging_mixin.py:137} INFO - [2023-04-24T12:48:01.839+0000] {dagbag.py:538} INFO - Filling up the DagBag from /home/airflow/.local/lib/python3.7/site-packages/airflow/example_dags/tutorial.py
[2023-04-24T12:48:01.884+0000] {processor.py:753} INFO - DAG(s) dict_keys(['tutorial']) retrieved from /home/airflow/.local/lib/python3.7/site-packages/airflow/example_dags/tutorial.py
[2023-04-24T12:48:01.966+0000] {logging_mixin.py:137} INFO - [2023-04-24T12:48:01.965+0000] {dag.py:2690} INFO - Sync 1 DAGs
[2023-04-24T12:48:02.082+0000] {logging_mixin.py:137} INFO - [2023-04-24T12:48:02.082+0000] {dag.py:3441} INFO - Setting next_dagrun for tutorial to 2023-04-23T12:48:02.081723+00:00, run_after=2023-04-24T12:48:02.081723+00:00
[2023-04-24T12:48:02.185+0000] {processor.py:175} INFO - Processing /home/airflow/.local/lib/python3.7/site-packages/airflow/example_dags/tutorial.py took 0.358 seconds
[2023-04-24T12:53:23.451+0000] {processor.py:153} INFO - Started process (PID=808) to work on /home/airflow/.local/lib/python3.7/site-packages/airflow/example_dags/tutorial.py
[2023-04-24T12:53:23.493+0000] {processor.py:743} INFO - Processing file /home/airflow/.local/lib/python3.7/site-packages/airflow/example_dags/tutorial.py for tasks to queue
[2023-04-24T12:53:23.517+0000] {logging_mixin.py:137} INFO - [2023-04-24T12:53:23.507+0000] {dagbag.py:538} INFO - Filling up the DagBag from /home/airflow/.local/lib/python3.7/site-packages/airflow/example_dags/tutorial.py
[2023-04-24T12:53:40.987+0000] {processor.py:753} INFO - DAG(s) dict_keys(['tutorial']) retrieved from /home/airflow/.local/lib/python3.7/site-packages/airflow/example_dags/tutorial.py
[2023-04-24T12:53:48.515+0000] {logging_mixin.py:137} INFO - [2023-04-24T12:53:48.477+0000] {dag.py:2690} INFO - Sync 1 DAGs
[2023-04-24T12:53:56.371+0000] {logging_mixin.py:137} INFO - [2023-04-24T12:53:56.370+0000] {dag.py:3441} INFO - Setting next_dagrun for tutorial to 2023-04-23T12:53:55.677538+00:00, run_after=2023-04-24T12:53:55.677538+00:00
[2023-04-24T12:56:44.143+0000] {processor.py:153} INFO - Started process (PID=928) to work on /home/airflow/.local/lib/python3.7/site-packages/airflow/example_dags/tutorial.py
[2023-04-24T12:56:44.169+0000] {processor.py:743} INFO - Processing file /home/airflow/.local/lib/python3.7/site-packages/airflow/example_dags/tutorial.py for tasks to queue
[2023-04-24T12:56:44.182+0000] {logging_mixin.py:137} INFO - [2023-04-24T12:56:44.182+0000] {dagbag.py:538} INFO - Filling up the DagBag from /home/airflow/.local/lib/python3.7/site-packages/airflow/example_dags/tutorial.py
[2023-04-24T12:56:44.514+0000] {processor.py:753} INFO - DAG(s) dict_keys(['tutorial']) retrieved from /home/airflow/.local/lib/python3.7/site-packages/airflow/example_dags/tutorial.py
[2023-04-24T12:56:44.867+0000] {logging_mixin.py:137} INFO - [2023-04-24T12:56:44.867+0000] {dag.py:2690} INFO - Sync 1 DAGs
[2023-04-24T12:56:46.710+0000] {logging_mixin.py:137} INFO - [2023-04-24T12:56:46.710+0000] {dag.py:3441} INFO - Setting next_dagrun for tutorial to 2023-04-23T12:56:46.701896+00:00, run_after=2023-04-24T12:56:46.701896+00:00
[2023-04-24T12:56:47.021+0000] {processor.py:175} INFO - Processing /home/airflow/.local/lib/python3.7/site-packages/airflow/example_dags/tutorial.py took 2.937 seconds
[2023-04-24T12:58:09.987+0000] {processor.py:153} INFO - Started process (PID=991) to work on /home/airflow/.local/lib/python3.7/site-packages/airflow/example_dags/tutorial.py
[2023-04-24T12:58:10.008+0000] {processor.py:743} INFO - Processing file /home/airflow/.local/lib/python3.7/site-packages/airflow/example_dags/tutorial.py for tasks to queue
[2023-04-24T12:58:10.010+0000] {logging_mixin.py:137} INFO - [2023-04-24T12:58:10.009+0000] {dagbag.py:538} INFO - Filling up the DagBag from /home/airflow/.local/lib/python3.7/site-packages/airflow/example_dags/tutorial.py
[2023-04-24T12:58:10.159+0000] {processor.py:753} INFO - DAG(s) dict_keys(['tutorial']) retrieved from /home/airflow/.local/lib/python3.7/site-packages/airflow/example_dags/tutorial.py
[2023-04-24T12:58:10.302+0000] {logging_mixin.py:137} INFO - [2023-04-24T12:58:10.302+0000] {dag.py:2690} INFO - Sync 1 DAGs
[2023-04-24T12:58:10.496+0000] {logging_mixin.py:137} INFO - [2023-04-24T12:58:10.496+0000] {dag.py:3441} INFO - Setting next_dagrun for tutorial to 2023-04-23T12:58:10.496282+00:00, run_after=2023-04-24T12:58:10.496282+00:00
[2023-04-24T12:58:10.576+0000] {processor.py:175} INFO - Processing /home/airflow/.local/lib/python3.7/site-packages/airflow/example_dags/tutorial.py took 0.624 seconds
[2023-04-24T13:01:45.104+0000] {processor.py:153} INFO - Started process (PID=1118) to work on /home/airflow/.local/lib/python3.7/site-packages/airflow/example_dags/tutorial.py
[2023-04-24T13:01:45.130+0000] {processor.py:743} INFO - Processing file /home/airflow/.local/lib/python3.7/site-packages/airflow/example_dags/tutorial.py for tasks to queue
[2023-04-24T13:01:45.141+0000] {logging_mixin.py:137} INFO - [2023-04-24T13:01:45.141+0000] {dagbag.py:538} INFO - Filling up the DagBag from /home/airflow/.local/lib/python3.7/site-packages/airflow/example_dags/tutorial.py
[2023-04-24T13:01:46.867+0000] {processor.py:753} INFO - DAG(s) dict_keys(['tutorial']) retrieved from /home/airflow/.local/lib/python3.7/site-packages/airflow/example_dags/tutorial.py
[2023-04-24T13:01:47.445+0000] {logging_mixin.py:137} INFO - [2023-04-24T13:01:47.445+0000] {dag.py:2690} INFO - Sync 1 DAGs
[2023-04-24T13:01:48.067+0000] {logging_mixin.py:137} INFO - [2023-04-24T13:01:48.067+0000] {dag.py:3441} INFO - Setting next_dagrun for tutorial to 2023-04-23T13:01:48.041916+00:00, run_after=2023-04-24T13:01:48.041916+00:00
[2023-04-24T13:01:48.800+0000] {processor.py:175} INFO - Processing /home/airflow/.local/lib/python3.7/site-packages/airflow/example_dags/tutorial.py took 3.886 seconds
[2023-04-24T13:04:32.091+0000] {processor.py:153} INFO - Started process (PID=1232) to work on /home/airflow/.local/lib/python3.7/site-packages/airflow/example_dags/tutorial.py
[2023-04-24T13:04:32.106+0000] {processor.py:743} INFO - Processing file /home/airflow/.local/lib/python3.7/site-packages/airflow/example_dags/tutorial.py for tasks to queue
[2023-04-24T13:04:32.108+0000] {logging_mixin.py:137} INFO - [2023-04-24T13:04:32.108+0000] {dagbag.py:538} INFO - Filling up the DagBag from /home/airflow/.local/lib/python3.7/site-packages/airflow/example_dags/tutorial.py
[2023-04-24T13:04:32.207+0000] {processor.py:753} INFO - DAG(s) dict_keys(['tutorial']) retrieved from /home/airflow/.local/lib/python3.7/site-packages/airflow/example_dags/tutorial.py
[2023-04-24T13:04:32.372+0000] {logging_mixin.py:137} INFO - [2023-04-24T13:04:32.372+0000] {dag.py:2690} INFO - Sync 1 DAGs
[2023-04-24T13:04:32.459+0000] {logging_mixin.py:137} INFO - [2023-04-24T13:04:32.458+0000] {dag.py:3441} INFO - Setting next_dagrun for tutorial to 2023-04-23T13:04:32.458479+00:00, run_after=2023-04-24T13:04:32.458479+00:00
[2023-04-24T13:04:32.517+0000] {processor.py:175} INFO - Processing /home/airflow/.local/lib/python3.7/site-packages/airflow/example_dags/tutorial.py took 0.446 seconds
[2023-04-24T13:09:32.117+0000] {processor.py:153} INFO - Started process (PID=1383) to work on /home/airflow/.local/lib/python3.7/site-packages/airflow/example_dags/tutorial.py
[2023-04-24T13:09:32.216+0000] {processor.py:743} INFO - Processing file /home/airflow/.local/lib/python3.7/site-packages/airflow/example_dags/tutorial.py for tasks to queue
[2023-04-24T13:09:32.219+0000] {logging_mixin.py:137} INFO - [2023-04-24T13:09:32.219+0000] {dagbag.py:538} INFO - Filling up the DagBag from /home/airflow/.local/lib/python3.7/site-packages/airflow/example_dags/tutorial.py
[2023-04-24T13:09:38.642+0000] {processor.py:753} INFO - DAG(s) dict_keys(['tutorial']) retrieved from /home/airflow/.local/lib/python3.7/site-packages/airflow/example_dags/tutorial.py
[2023-04-24T13:09:43.267+0000] {logging_mixin.py:137} INFO - [2023-04-24T13:09:43.267+0000] {dag.py:2690} INFO - Sync 1 DAGs
[2023-04-24T13:09:46.231+0000] {logging_mixin.py:137} INFO - [2023-04-24T13:09:46.037+0000] {dag.py:3441} INFO - Setting next_dagrun for tutorial to 2023-04-23T13:09:45.996285+00:00, run_after=2023-04-24T13:09:45.996285+00:00
[2023-04-24T13:09:47.172+0000] {processor.py:175} INFO - Processing /home/airflow/.local/lib/python3.7/site-packages/airflow/example_dags/tutorial.py took 18.065 seconds
[2023-04-24T13:11:50.841+0000] {processor.py:153} INFO - Started process (PID=1479) to work on /home/airflow/.local/lib/python3.7/site-packages/airflow/example_dags/tutorial.py
[2023-04-24T13:11:50.844+0000] {processor.py:743} INFO - Processing file /home/airflow/.local/lib/python3.7/site-packages/airflow/example_dags/tutorial.py for tasks to queue
[2023-04-24T13:11:50.845+0000] {logging_mixin.py:137} INFO - [2023-04-24T13:11:50.845+0000] {dagbag.py:538} INFO - Filling up the DagBag from /home/airflow/.local/lib/python3.7/site-packages/airflow/example_dags/tutorial.py
[2023-04-24T13:11:50.880+0000] {processor.py:753} INFO - DAG(s) dict_keys(['tutorial']) retrieved from /home/airflow/.local/lib/python3.7/site-packages/airflow/example_dags/tutorial.py
[2023-04-24T13:11:50.950+0000] {logging_mixin.py:137} INFO - [2023-04-24T13:11:50.950+0000] {dag.py:2690} INFO - Sync 1 DAGs
[2023-04-24T13:11:51.007+0000] {logging_mixin.py:137} INFO - [2023-04-24T13:11:51.007+0000] {dag.py:3441} INFO - Setting next_dagrun for tutorial to 2023-04-23T13:11:51.007505+00:00, run_after=2023-04-24T13:11:51.007505+00:00
[2023-04-24T13:11:51.068+0000] {processor.py:175} INFO - Processing /home/airflow/.local/lib/python3.7/site-packages/airflow/example_dags/tutorial.py took 0.237 seconds
[2023-04-24T13:12:21.637+0000] {processor.py:153} INFO - Started process (PID=1546) to work on /home/airflow/.local/lib/python3.7/site-packages/airflow/example_dags/tutorial.py
[2023-04-24T13:12:21.638+0000] {processor.py:743} INFO - Processing file /home/airflow/.local/lib/python3.7/site-packages/airflow/example_dags/tutorial.py for tasks to queue
[2023-04-24T13:12:21.638+0000] {logging_mixin.py:137} INFO - [2023-04-24T13:12:21.638+0000] {dagbag.py:538} INFO - Filling up the DagBag from /home/airflow/.local/lib/python3.7/site-packages/airflow/example_dags/tutorial.py
[2023-04-24T13:12:21.649+0000] {processor.py:753} INFO - DAG(s) dict_keys(['tutorial']) retrieved from /home/airflow/.local/lib/python3.7/site-packages/airflow/example_dags/tutorial.py
[2023-04-24T13:12:21.661+0000] {logging_mixin.py:137} INFO - [2023-04-24T13:12:21.660+0000] {dag.py:2690} INFO - Sync 1 DAGs
[2023-04-24T13:12:21.677+0000] {logging_mixin.py:137} INFO - [2023-04-24T13:12:21.677+0000] {dag.py:3441} INFO - Setting next_dagrun for tutorial to 2023-04-23T13:12:21.677419+00:00, run_after=2023-04-24T13:12:21.677419+00:00
[2023-04-24T13:12:21.689+0000] {processor.py:175} INFO - Processing /home/airflow/.local/lib/python3.7/site-packages/airflow/example_dags/tutorial.py took 0.055 seconds
[2023-04-24T13:12:52.042+0000] {processor.py:153} INFO - Started process (PID=1622) to work on /home/airflow/.local/lib/python3.7/site-packages/airflow/example_dags/tutorial.py
[2023-04-24T13:12:52.043+0000] {processor.py:743} INFO - Processing file /home/airflow/.local/lib/python3.7/site-packages/airflow/example_dags/tutorial.py for tasks to queue
[2023-04-24T13:12:52.044+0000] {logging_mixin.py:137} INFO - [2023-04-24T13:12:52.044+0000] {dagbag.py:538} INFO - Filling up the DagBag from /home/airflow/.local/lib/python3.7/site-packages/airflow/example_dags/tutorial.py
[2023-04-24T13:12:52.054+0000] {processor.py:753} INFO - DAG(s) dict_keys(['tutorial']) retrieved from /home/airflow/.local/lib/python3.7/site-packages/airflow/example_dags/tutorial.py
[2023-04-24T13:12:52.073+0000] {logging_mixin.py:137} INFO - [2023-04-24T13:12:52.073+0000] {dag.py:2690} INFO - Sync 1 DAGs
[2023-04-24T13:12:52.088+0000] {logging_mixin.py:137} INFO - [2023-04-24T13:12:52.088+0000] {dag.py:3441} INFO - Setting next_dagrun for tutorial to 2023-04-23T13:12:52.088583+00:00, run_after=2023-04-24T13:12:52.088583+00:00
[2023-04-24T13:12:52.100+0000] {processor.py:175} INFO - Processing /home/airflow/.local/lib/python3.7/site-packages/airflow/example_dags/tutorial.py took 0.061 seconds
[2023-04-24T13:13:22.183+0000] {processor.py:153} INFO - Started process (PID=1686) to work on /home/airflow/.local/lib/python3.7/site-packages/airflow/example_dags/tutorial.py
[2023-04-24T13:13:22.184+0000] {processor.py:743} INFO - Processing file /home/airflow/.local/lib/python3.7/site-packages/airflow/example_dags/tutorial.py for tasks to queue
[2023-04-24T13:13:22.185+0000] {logging_mixin.py:137} INFO - [2023-04-24T13:13:22.185+0000] {dagbag.py:538} INFO - Filling up the DagBag from /home/airflow/.local/lib/python3.7/site-packages/airflow/example_dags/tutorial.py
[2023-04-24T13:13:22.196+0000] {processor.py:753} INFO - DAG(s) dict_keys(['tutorial']) retrieved from /home/airflow/.local/lib/python3.7/site-packages/airflow/example_dags/tutorial.py
[2023-04-24T13:13:22.215+0000] {logging_mixin.py:137} INFO - [2023-04-24T13:13:22.215+0000] {dag.py:2690} INFO - Sync 1 DAGs
[2023-04-24T13:13:22.230+0000] {logging_mixin.py:137} INFO - [2023-04-24T13:13:22.230+0000] {dag.py:3441} INFO - Setting next_dagrun for tutorial to 2023-04-23T13:13:22.230555+00:00, run_after=2023-04-24T13:13:22.230555+00:00
[2023-04-24T13:13:22.243+0000] {processor.py:175} INFO - Processing /home/airflow/.local/lib/python3.7/site-packages/airflow/example_dags/tutorial.py took 0.063 seconds
[2023-04-24T13:13:52.535+0000] {processor.py:153} INFO - Started process (PID=1761) to work on /home/airflow/.local/lib/python3.7/site-packages/airflow/example_dags/tutorial.py
[2023-04-24T13:13:52.536+0000] {processor.py:743} INFO - Processing file /home/airflow/.local/lib/python3.7/site-packages/airflow/example_dags/tutorial.py for tasks to queue
[2023-04-24T13:13:52.538+0000] {logging_mixin.py:137} INFO - [2023-04-24T13:13:52.537+0000] {dagbag.py:538} INFO - Filling up the DagBag from /home/airflow/.local/lib/python3.7/site-packages/airflow/example_dags/tutorial.py
[2023-04-24T13:13:52.548+0000] {processor.py:753} INFO - DAG(s) dict_keys(['tutorial']) retrieved from /home/airflow/.local/lib/python3.7/site-packages/airflow/example_dags/tutorial.py
[2023-04-24T13:13:52.567+0000] {logging_mixin.py:137} INFO - [2023-04-24T13:13:52.567+0000] {dag.py:2690} INFO - Sync 1 DAGs
[2023-04-24T13:13:52.583+0000] {logging_mixin.py:137} INFO - [2023-04-24T13:13:52.583+0000] {dag.py:3441} INFO - Setting next_dagrun for tutorial to 2023-04-23T13:13:52.583557+00:00, run_after=2023-04-24T13:13:52.583557+00:00
[2023-04-24T13:13:52.595+0000] {processor.py:175} INFO - Processing /home/airflow/.local/lib/python3.7/site-packages/airflow/example_dags/tutorial.py took 0.064 seconds
[2023-04-24T13:14:22.848+0000] {processor.py:153} INFO - Started process (PID=1837) to work on /home/airflow/.local/lib/python3.7/site-packages/airflow/example_dags/tutorial.py
[2023-04-24T13:14:22.849+0000] {processor.py:743} INFO - Processing file /home/airflow/.local/lib/python3.7/site-packages/airflow/example_dags/tutorial.py for tasks to queue
[2023-04-24T13:14:22.850+0000] {logging_mixin.py:137} INFO - [2023-04-24T13:14:22.850+0000] {dagbag.py:538} INFO - Filling up the DagBag from /home/airflow/.local/lib/python3.7/site-packages/airflow/example_dags/tutorial.py
[2023-04-24T13:14:22.861+0000] {processor.py:753} INFO - DAG(s) dict_keys(['tutorial']) retrieved from /home/airflow/.local/lib/python3.7/site-packages/airflow/example_dags/tutorial.py
[2023-04-24T13:14:22.881+0000] {logging_mixin.py:137} INFO - [2023-04-24T13:14:22.881+0000] {dag.py:2690} INFO - Sync 1 DAGs
[2023-04-24T13:14:22.896+0000] {logging_mixin.py:137} INFO - [2023-04-24T13:14:22.896+0000] {dag.py:3441} INFO - Setting next_dagrun for tutorial to 2023-04-23T13:14:22.896159+00:00, run_after=2023-04-24T13:14:22.896159+00:00
[2023-04-24T13:14:22.909+0000] {processor.py:175} INFO - Processing /home/airflow/.local/lib/python3.7/site-packages/airflow/example_dags/tutorial.py took 0.063 seconds
[2023-04-24T13:14:53.018+0000] {processor.py:153} INFO - Started process (PID=1901) to work on /home/airflow/.local/lib/python3.7/site-packages/airflow/example_dags/tutorial.py
[2023-04-24T13:14:53.020+0000] {processor.py:743} INFO - Processing file /home/airflow/.local/lib/python3.7/site-packages/airflow/example_dags/tutorial.py for tasks to queue
[2023-04-24T13:14:53.021+0000] {logging_mixin.py:137} INFO - [2023-04-24T13:14:53.021+0000] {dagbag.py:538} INFO - Filling up the DagBag from /home/airflow/.local/lib/python3.7/site-packages/airflow/example_dags/tutorial.py
[2023-04-24T13:14:53.034+0000] {processor.py:753} INFO - DAG(s) dict_keys(['tutorial']) retrieved from /home/airflow/.local/lib/python3.7/site-packages/airflow/example_dags/tutorial.py
[2023-04-24T13:14:53.059+0000] {logging_mixin.py:137} INFO - [2023-04-24T13:14:53.059+0000] {dag.py:2690} INFO - Sync 1 DAGs
[2023-04-24T13:14:53.078+0000] {logging_mixin.py:137} INFO - [2023-04-24T13:14:53.078+0000] {dag.py:3441} INFO - Setting next_dagrun for tutorial to 2023-04-23T13:14:53.078070+00:00, run_after=2023-04-24T13:14:53.078070+00:00
[2023-04-24T13:14:53.092+0000] {processor.py:175} INFO - Processing /home/airflow/.local/lib/python3.7/site-packages/airflow/example_dags/tutorial.py took 0.077 seconds
[2023-04-24T13:15:23.365+0000] {processor.py:153} INFO - Started process (PID=1977) to work on /home/airflow/.local/lib/python3.7/site-packages/airflow/example_dags/tutorial.py
[2023-04-24T13:15:23.366+0000] {processor.py:743} INFO - Processing file /home/airflow/.local/lib/python3.7/site-packages/airflow/example_dags/tutorial.py for tasks to queue
[2023-04-24T13:15:23.367+0000] {logging_mixin.py:137} INFO - [2023-04-24T13:15:23.367+0000] {dagbag.py:538} INFO - Filling up the DagBag from /home/airflow/.local/lib/python3.7/site-packages/airflow/example_dags/tutorial.py
[2023-04-24T13:15:23.378+0000] {processor.py:753} INFO - DAG(s) dict_keys(['tutorial']) retrieved from /home/airflow/.local/lib/python3.7/site-packages/airflow/example_dags/tutorial.py
[2023-04-24T13:15:23.397+0000] {logging_mixin.py:137} INFO - [2023-04-24T13:15:23.397+0000] {dag.py:2690} INFO - Sync 1 DAGs
[2023-04-24T13:15:23.412+0000] {logging_mixin.py:137} INFO - [2023-04-24T13:15:23.412+0000] {dag.py:3441} INFO - Setting next_dagrun for tutorial to 2023-04-23T13:15:23.412587+00:00, run_after=2023-04-24T13:15:23.412587+00:00
[2023-04-24T13:15:23.425+0000] {processor.py:175} INFO - Processing /home/airflow/.local/lib/python3.7/site-packages/airflow/example_dags/tutorial.py took 0.063 seconds
[2023-04-24T13:15:53.689+0000] {processor.py:153} INFO - Started process (PID=2055) to work on /home/airflow/.local/lib/python3.7/site-packages/airflow/example_dags/tutorial.py
[2023-04-24T13:15:53.690+0000] {processor.py:743} INFO - Processing file /home/airflow/.local/lib/python3.7/site-packages/airflow/example_dags/tutorial.py for tasks to queue
[2023-04-24T13:15:53.691+0000] {logging_mixin.py:137} INFO - [2023-04-24T13:15:53.691+0000] {dagbag.py:538} INFO - Filling up the DagBag from /home/airflow/.local/lib/python3.7/site-packages/airflow/example_dags/tutorial.py
[2023-04-24T13:15:53.701+0000] {processor.py:753} INFO - DAG(s) dict_keys(['tutorial']) retrieved from /home/airflow/.local/lib/python3.7/site-packages/airflow/example_dags/tutorial.py
[2023-04-24T13:15:53.721+0000] {logging_mixin.py:137} INFO - [2023-04-24T13:15:53.721+0000] {dag.py:2690} INFO - Sync 1 DAGs
[2023-04-24T13:15:53.736+0000] {logging_mixin.py:137} INFO - [2023-04-24T13:15:53.736+0000] {dag.py:3441} INFO - Setting next_dagrun for tutorial to 2023-04-23T13:15:53.736514+00:00, run_after=2023-04-24T13:15:53.736514+00:00
[2023-04-24T13:15:53.751+0000] {processor.py:175} INFO - Processing /home/airflow/.local/lib/python3.7/site-packages/airflow/example_dags/tutorial.py took 0.065 seconds
[2023-04-24T13:16:24.231+0000] {processor.py:153} INFO - Started process (PID=2121) to work on /home/airflow/.local/lib/python3.7/site-packages/airflow/example_dags/tutorial.py
[2023-04-24T13:16:24.233+0000] {processor.py:743} INFO - Processing file /home/airflow/.local/lib/python3.7/site-packages/airflow/example_dags/tutorial.py for tasks to queue
[2023-04-24T13:16:24.234+0000] {logging_mixin.py:137} INFO - [2023-04-24T13:16:24.234+0000] {dagbag.py:538} INFO - Filling up the DagBag from /home/airflow/.local/lib/python3.7/site-packages/airflow/example_dags/tutorial.py
[2023-04-24T13:16:24.251+0000] {processor.py:753} INFO - DAG(s) dict_keys(['tutorial']) retrieved from /home/airflow/.local/lib/python3.7/site-packages/airflow/example_dags/tutorial.py
[2023-04-24T13:16:24.272+0000] {logging_mixin.py:137} INFO - [2023-04-24T13:16:24.272+0000] {dag.py:2690} INFO - Sync 1 DAGs
[2023-04-24T13:16:24.304+0000] {logging_mixin.py:137} INFO - [2023-04-24T13:16:24.304+0000] {dag.py:3441} INFO - Setting next_dagrun for tutorial to 2023-04-23T13:16:24.303821+00:00, run_after=2023-04-24T13:16:24.303821+00:00
[2023-04-24T13:16:24.326+0000] {processor.py:175} INFO - Processing /home/airflow/.local/lib/python3.7/site-packages/airflow/example_dags/tutorial.py took 0.100 seconds
[2023-04-24T13:16:54.783+0000] {processor.py:153} INFO - Started process (PID=2196) to work on /home/airflow/.local/lib/python3.7/site-packages/airflow/example_dags/tutorial.py
[2023-04-24T13:16:54.785+0000] {processor.py:743} INFO - Processing file /home/airflow/.local/lib/python3.7/site-packages/airflow/example_dags/tutorial.py for tasks to queue
[2023-04-24T13:16:54.786+0000] {logging_mixin.py:137} INFO - [2023-04-24T13:16:54.785+0000] {dagbag.py:538} INFO - Filling up the DagBag from /home/airflow/.local/lib/python3.7/site-packages/airflow/example_dags/tutorial.py
[2023-04-24T13:16:54.797+0000] {processor.py:753} INFO - DAG(s) dict_keys(['tutorial']) retrieved from /home/airflow/.local/lib/python3.7/site-packages/airflow/example_dags/tutorial.py
[2023-04-24T13:16:54.830+0000] {logging_mixin.py:137} INFO - [2023-04-24T13:16:54.829+0000] {dag.py:2690} INFO - Sync 1 DAGs
[2023-04-24T13:16:54.849+0000] {logging_mixin.py:137} INFO - [2023-04-24T13:16:54.849+0000] {dag.py:3441} INFO - Setting next_dagrun for tutorial to 2023-04-23T13:16:54.849349+00:00, run_after=2023-04-24T13:16:54.849349+00:00
[2023-04-24T13:16:54.862+0000] {processor.py:175} INFO - Processing /home/airflow/.local/lib/python3.7/site-packages/airflow/example_dags/tutorial.py took 0.089 seconds
[2023-04-24T13:17:25.267+0000] {processor.py:153} INFO - Started process (PID=2272) to work on /home/airflow/.local/lib/python3.7/site-packages/airflow/example_dags/tutorial.py
[2023-04-24T13:17:25.268+0000] {processor.py:743} INFO - Processing file /home/airflow/.local/lib/python3.7/site-packages/airflow/example_dags/tutorial.py for tasks to queue
[2023-04-24T13:17:25.269+0000] {logging_mixin.py:137} INFO - [2023-04-24T13:17:25.269+0000] {dagbag.py:538} INFO - Filling up the DagBag from /home/airflow/.local/lib/python3.7/site-packages/airflow/example_dags/tutorial.py
[2023-04-24T13:17:25.281+0000] {processor.py:753} INFO - DAG(s) dict_keys(['tutorial']) retrieved from /home/airflow/.local/lib/python3.7/site-packages/airflow/example_dags/tutorial.py
[2023-04-24T13:17:25.302+0000] {logging_mixin.py:137} INFO - [2023-04-24T13:17:25.302+0000] {dag.py:2690} INFO - Sync 1 DAGs
[2023-04-24T13:17:25.319+0000] {logging_mixin.py:137} INFO - [2023-04-24T13:17:25.319+0000] {dag.py:3441} INFO - Setting next_dagrun for tutorial to 2023-04-23T13:17:25.318980+00:00, run_after=2023-04-24T13:17:25.318980+00:00
[2023-04-24T13:17:25.333+0000] {processor.py:175} INFO - Processing /home/airflow/.local/lib/python3.7/site-packages/airflow/example_dags/tutorial.py took 0.070 seconds
[2023-04-24T13:17:55.634+0000] {processor.py:153} INFO - Started process (PID=2345) to work on /home/airflow/.local/lib/python3.7/site-packages/airflow/example_dags/tutorial.py
[2023-04-24T13:17:55.635+0000] {processor.py:743} INFO - Processing file /home/airflow/.local/lib/python3.7/site-packages/airflow/example_dags/tutorial.py for tasks to queue
[2023-04-24T13:17:55.636+0000] {logging_mixin.py:137} INFO - [2023-04-24T13:17:55.636+0000] {dagbag.py:538} INFO - Filling up the DagBag from /home/airflow/.local/lib/python3.7/site-packages/airflow/example_dags/tutorial.py
[2023-04-24T13:17:55.656+0000] {processor.py:753} INFO - DAG(s) dict_keys(['tutorial']) retrieved from /home/airflow/.local/lib/python3.7/site-packages/airflow/example_dags/tutorial.py
[2023-04-24T13:17:55.683+0000] {logging_mixin.py:137} INFO - [2023-04-24T13:17:55.683+0000] {dag.py:2690} INFO - Sync 1 DAGs
[2023-04-24T13:17:55.716+0000] {logging_mixin.py:137} INFO - [2023-04-24T13:17:55.716+0000] {dag.py:3441} INFO - Setting next_dagrun for tutorial to 2023-04-23T13:17:55.715428+00:00, run_after=2023-04-24T13:17:55.715428+00:00
[2023-04-24T13:17:55.730+0000] {processor.py:175} INFO - Processing /home/airflow/.local/lib/python3.7/site-packages/airflow/example_dags/tutorial.py took 0.099 seconds
[2023-04-24T13:18:25.972+0000] {processor.py:153} INFO - Started process (PID=2412) to work on /home/airflow/.local/lib/python3.7/site-packages/airflow/example_dags/tutorial.py
[2023-04-24T13:18:25.973+0000] {processor.py:743} INFO - Processing file /home/airflow/.local/lib/python3.7/site-packages/airflow/example_dags/tutorial.py for tasks to queue
[2023-04-24T13:18:25.974+0000] {logging_mixin.py:137} INFO - [2023-04-24T13:18:25.974+0000] {dagbag.py:538} INFO - Filling up the DagBag from /home/airflow/.local/lib/python3.7/site-packages/airflow/example_dags/tutorial.py
[2023-04-24T13:18:25.984+0000] {processor.py:753} INFO - DAG(s) dict_keys(['tutorial']) retrieved from /home/airflow/.local/lib/python3.7/site-packages/airflow/example_dags/tutorial.py
[2023-04-24T13:18:26.005+0000] {logging_mixin.py:137} INFO - [2023-04-24T13:18:26.004+0000] {dag.py:2690} INFO - Sync 1 DAGs
[2023-04-24T13:18:26.021+0000] {logging_mixin.py:137} INFO - [2023-04-24T13:18:26.021+0000] {dag.py:3441} INFO - Setting next_dagrun for tutorial to 2023-04-23T13:18:26.021591+00:00, run_after=2023-04-24T13:18:26.021591+00:00
[2023-04-24T13:18:26.035+0000] {processor.py:175} INFO - Processing /home/airflow/.local/lib/python3.7/site-packages/airflow/example_dags/tutorial.py took 0.066 seconds
[2023-04-24T13:18:56.119+0000] {processor.py:153} INFO - Started process (PID=2488) to work on /home/airflow/.local/lib/python3.7/site-packages/airflow/example_dags/tutorial.py
[2023-04-24T13:18:56.120+0000] {processor.py:743} INFO - Processing file /home/airflow/.local/lib/python3.7/site-packages/airflow/example_dags/tutorial.py for tasks to queue
[2023-04-24T13:18:56.121+0000] {logging_mixin.py:137} INFO - [2023-04-24T13:18:56.121+0000] {dagbag.py:538} INFO - Filling up the DagBag from /home/airflow/.local/lib/python3.7/site-packages/airflow/example_dags/tutorial.py
[2023-04-24T13:18:56.132+0000] {processor.py:753} INFO - DAG(s) dict_keys(['tutorial']) retrieved from /home/airflow/.local/lib/python3.7/site-packages/airflow/example_dags/tutorial.py
[2023-04-24T13:18:56.151+0000] {logging_mixin.py:137} INFO - [2023-04-24T13:18:56.151+0000] {dag.py:2690} INFO - Sync 1 DAGs
[2023-04-24T13:18:56.166+0000] {logging_mixin.py:137} INFO - [2023-04-24T13:18:56.166+0000] {dag.py:3441} INFO - Setting next_dagrun for tutorial to 2023-04-23T13:18:56.166669+00:00, run_after=2023-04-24T13:18:56.166669+00:00
[2023-04-24T13:18:56.180+0000] {processor.py:175} INFO - Processing /home/airflow/.local/lib/python3.7/site-packages/airflow/example_dags/tutorial.py took 0.064 seconds
[2023-04-24T13:19:26.430+0000] {processor.py:153} INFO - Started process (PID=2564) to work on /home/airflow/.local/lib/python3.7/site-packages/airflow/example_dags/tutorial.py
[2023-04-24T13:19:26.431+0000] {processor.py:743} INFO - Processing file /home/airflow/.local/lib/python3.7/site-packages/airflow/example_dags/tutorial.py for tasks to queue
[2023-04-24T13:19:26.432+0000] {logging_mixin.py:137} INFO - [2023-04-24T13:19:26.432+0000] {dagbag.py:538} INFO - Filling up the DagBag from /home/airflow/.local/lib/python3.7/site-packages/airflow/example_dags/tutorial.py
[2023-04-24T13:19:26.443+0000] {processor.py:753} INFO - DAG(s) dict_keys(['tutorial']) retrieved from /home/airflow/.local/lib/python3.7/site-packages/airflow/example_dags/tutorial.py
[2023-04-24T13:19:26.462+0000] {logging_mixin.py:137} INFO - [2023-04-24T13:19:26.462+0000] {dag.py:2690} INFO - Sync 1 DAGs
[2023-04-24T13:19:26.478+0000] {logging_mixin.py:137} INFO - [2023-04-24T13:19:26.478+0000] {dag.py:3441} INFO - Setting next_dagrun for tutorial to 2023-04-23T13:19:26.478107+00:00, run_after=2023-04-24T13:19:26.478107+00:00
[2023-04-24T13:19:26.490+0000] {processor.py:175} INFO - Processing /home/airflow/.local/lib/python3.7/site-packages/airflow/example_dags/tutorial.py took 0.063 seconds
[2023-04-24T13:19:56.854+0000] {processor.py:153} INFO - Started process (PID=2630) to work on /home/airflow/.local/lib/python3.7/site-packages/airflow/example_dags/tutorial.py
[2023-04-24T13:19:56.855+0000] {processor.py:743} INFO - Processing file /home/airflow/.local/lib/python3.7/site-packages/airflow/example_dags/tutorial.py for tasks to queue
[2023-04-24T13:19:56.856+0000] {logging_mixin.py:137} INFO - [2023-04-24T13:19:56.856+0000] {dagbag.py:538} INFO - Filling up the DagBag from /home/airflow/.local/lib/python3.7/site-packages/airflow/example_dags/tutorial.py
[2023-04-24T13:19:56.867+0000] {processor.py:753} INFO - DAG(s) dict_keys(['tutorial']) retrieved from /home/airflow/.local/lib/python3.7/site-packages/airflow/example_dags/tutorial.py
[2023-04-24T13:19:56.887+0000] {logging_mixin.py:137} INFO - [2023-04-24T13:19:56.887+0000] {dag.py:2690} INFO - Sync 1 DAGs
[2023-04-24T13:19:56.902+0000] {logging_mixin.py:137} INFO - [2023-04-24T13:19:56.902+0000] {dag.py:3441} INFO - Setting next_dagrun for tutorial to 2023-04-23T13:19:56.902182+00:00, run_after=2023-04-24T13:19:56.902182+00:00
[2023-04-24T13:19:56.914+0000] {processor.py:175} INFO - Processing /home/airflow/.local/lib/python3.7/site-packages/airflow/example_dags/tutorial.py took 0.062 seconds
[2023-04-24T13:20:27.252+0000] {processor.py:153} INFO - Started process (PID=2710) to work on /home/airflow/.local/lib/python3.7/site-packages/airflow/example_dags/tutorial.py
[2023-04-24T13:20:27.254+0000] {processor.py:743} INFO - Processing file /home/airflow/.local/lib/python3.7/site-packages/airflow/example_dags/tutorial.py for tasks to queue
[2023-04-24T13:20:27.255+0000] {logging_mixin.py:137} INFO - [2023-04-24T13:20:27.255+0000] {dagbag.py:538} INFO - Filling up the DagBag from /home/airflow/.local/lib/python3.7/site-packages/airflow/example_dags/tutorial.py
[2023-04-24T13:20:27.268+0000] {processor.py:753} INFO - DAG(s) dict_keys(['tutorial']) retrieved from /home/airflow/.local/lib/python3.7/site-packages/airflow/example_dags/tutorial.py
[2023-04-24T13:20:27.292+0000] {logging_mixin.py:137} INFO - [2023-04-24T13:20:27.292+0000] {dag.py:2690} INFO - Sync 1 DAGs
[2023-04-24T13:20:27.310+0000] {logging_mixin.py:137} INFO - [2023-04-24T13:20:27.310+0000] {dag.py:3441} INFO - Setting next_dagrun for tutorial to 2023-04-23T13:20:27.310578+00:00, run_after=2023-04-24T13:20:27.310578+00:00
[2023-04-24T13:20:27.329+0000] {processor.py:175} INFO - Processing /home/airflow/.local/lib/python3.7/site-packages/airflow/example_dags/tutorial.py took 0.080 seconds
[2023-04-24T13:20:57.762+0000] {processor.py:153} INFO - Started process (PID=2787) to work on /home/airflow/.local/lib/python3.7/site-packages/airflow/example_dags/tutorial.py
[2023-04-24T13:20:57.763+0000] {processor.py:743} INFO - Processing file /home/airflow/.local/lib/python3.7/site-packages/airflow/example_dags/tutorial.py for tasks to queue
[2023-04-24T13:20:57.764+0000] {logging_mixin.py:137} INFO - [2023-04-24T13:20:57.764+0000] {dagbag.py:538} INFO - Filling up the DagBag from /home/airflow/.local/lib/python3.7/site-packages/airflow/example_dags/tutorial.py
[2023-04-24T13:20:57.775+0000] {processor.py:753} INFO - DAG(s) dict_keys(['tutorial']) retrieved from /home/airflow/.local/lib/python3.7/site-packages/airflow/example_dags/tutorial.py
[2023-04-24T13:20:57.794+0000] {logging_mixin.py:137} INFO - [2023-04-24T13:20:57.794+0000] {dag.py:2690} INFO - Sync 1 DAGs
[2023-04-24T13:20:57.810+0000] {logging_mixin.py:137} INFO - [2023-04-24T13:20:57.810+0000] {dag.py:3441} INFO - Setting next_dagrun for tutorial to 2023-04-23T13:20:57.809827+00:00, run_after=2023-04-24T13:20:57.809827+00:00
[2023-04-24T13:20:57.823+0000] {processor.py:175} INFO - Processing /home/airflow/.local/lib/python3.7/site-packages/airflow/example_dags/tutorial.py took 0.064 seconds
[2023-04-24T13:21:28.125+0000] {processor.py:153} INFO - Started process (PID=2852) to work on /home/airflow/.local/lib/python3.7/site-packages/airflow/example_dags/tutorial.py
[2023-04-24T13:21:28.126+0000] {processor.py:743} INFO - Processing file /home/airflow/.local/lib/python3.7/site-packages/airflow/example_dags/tutorial.py for tasks to queue
[2023-04-24T13:21:28.127+0000] {logging_mixin.py:137} INFO - [2023-04-24T13:21:28.127+0000] {dagbag.py:538} INFO - Filling up the DagBag from /home/airflow/.local/lib/python3.7/site-packages/airflow/example_dags/tutorial.py
[2023-04-24T13:21:28.138+0000] {processor.py:753} INFO - DAG(s) dict_keys(['tutorial']) retrieved from /home/airflow/.local/lib/python3.7/site-packages/airflow/example_dags/tutorial.py
[2023-04-24T13:21:28.158+0000] {logging_mixin.py:137} INFO - [2023-04-24T13:21:28.158+0000] {dag.py:2690} INFO - Sync 1 DAGs
[2023-04-24T13:21:28.174+0000] {logging_mixin.py:137} INFO - [2023-04-24T13:21:28.174+0000] {dag.py:3441} INFO - Setting next_dagrun for tutorial to 2023-04-23T13:21:28.174492+00:00, run_after=2023-04-24T13:21:28.174492+00:00
[2023-04-24T13:21:28.187+0000] {processor.py:175} INFO - Processing /home/airflow/.local/lib/python3.7/site-packages/airflow/example_dags/tutorial.py took 0.065 seconds
[2023-04-24T13:21:58.334+0000] {processor.py:153} INFO - Started process (PID=2928) to work on /home/airflow/.local/lib/python3.7/site-packages/airflow/example_dags/tutorial.py
[2023-04-24T13:21:58.335+0000] {processor.py:743} INFO - Processing file /home/airflow/.local/lib/python3.7/site-packages/airflow/example_dags/tutorial.py for tasks to queue
[2023-04-24T13:21:58.336+0000] {logging_mixin.py:137} INFO - [2023-04-24T13:21:58.336+0000] {dagbag.py:538} INFO - Filling up the DagBag from /home/airflow/.local/lib/python3.7/site-packages/airflow/example_dags/tutorial.py
[2023-04-24T13:21:58.347+0000] {processor.py:753} INFO - DAG(s) dict_keys(['tutorial']) retrieved from /home/airflow/.local/lib/python3.7/site-packages/airflow/example_dags/tutorial.py
[2023-04-24T13:21:58.367+0000] {logging_mixin.py:137} INFO - [2023-04-24T13:21:58.367+0000] {dag.py:2690} INFO - Sync 1 DAGs
[2023-04-24T13:21:58.383+0000] {logging_mixin.py:137} INFO - [2023-04-24T13:21:58.383+0000] {dag.py:3441} INFO - Setting next_dagrun for tutorial to 2023-04-23T13:21:58.383342+00:00, run_after=2023-04-24T13:21:58.383342+00:00
[2023-04-24T13:21:58.396+0000] {processor.py:175} INFO - Processing /home/airflow/.local/lib/python3.7/site-packages/airflow/example_dags/tutorial.py took 0.066 seconds
[2023-04-24T13:22:28.569+0000] {processor.py:153} INFO - Started process (PID=3004) to work on /home/airflow/.local/lib/python3.7/site-packages/airflow/example_dags/tutorial.py
[2023-04-24T13:22:28.571+0000] {processor.py:743} INFO - Processing file /home/airflow/.local/lib/python3.7/site-packages/airflow/example_dags/tutorial.py for tasks to queue
[2023-04-24T13:22:28.571+0000] {logging_mixin.py:137} INFO - [2023-04-24T13:22:28.571+0000] {dagbag.py:538} INFO - Filling up the DagBag from /home/airflow/.local/lib/python3.7/site-packages/airflow/example_dags/tutorial.py
[2023-04-24T13:22:28.583+0000] {processor.py:753} INFO - DAG(s) dict_keys(['tutorial']) retrieved from /home/airflow/.local/lib/python3.7/site-packages/airflow/example_dags/tutorial.py
[2023-04-24T13:22:28.603+0000] {logging_mixin.py:137} INFO - [2023-04-24T13:22:28.603+0000] {dag.py:2690} INFO - Sync 1 DAGs
[2023-04-24T13:22:28.619+0000] {logging_mixin.py:137} INFO - [2023-04-24T13:22:28.619+0000] {dag.py:3441} INFO - Setting next_dagrun for tutorial to 2023-04-23T13:22:28.619630+00:00, run_after=2023-04-24T13:22:28.619630+00:00
[2023-04-24T13:22:28.632+0000] {processor.py:175} INFO - Processing /home/airflow/.local/lib/python3.7/site-packages/airflow/example_dags/tutorial.py took 0.066 seconds
[2023-04-24T13:22:58.961+0000] {processor.py:153} INFO - Started process (PID=3079) to work on /home/airflow/.local/lib/python3.7/site-packages/airflow/example_dags/tutorial.py
[2023-04-24T13:22:58.963+0000] {processor.py:743} INFO - Processing file /home/airflow/.local/lib/python3.7/site-packages/airflow/example_dags/tutorial.py for tasks to queue
[2023-04-24T13:22:58.963+0000] {logging_mixin.py:137} INFO - [2023-04-24T13:22:58.963+0000] {dagbag.py:538} INFO - Filling up the DagBag from /home/airflow/.local/lib/python3.7/site-packages/airflow/example_dags/tutorial.py
[2023-04-24T13:22:58.974+0000] {processor.py:753} INFO - DAG(s) dict_keys(['tutorial']) retrieved from /home/airflow/.local/lib/python3.7/site-packages/airflow/example_dags/tutorial.py
[2023-04-24T13:22:59.001+0000] {logging_mixin.py:137} INFO - [2023-04-24T13:22:59.001+0000] {dag.py:2690} INFO - Sync 1 DAGs
[2023-04-24T13:22:59.019+0000] {logging_mixin.py:137} INFO - [2023-04-24T13:22:59.019+0000] {dag.py:3441} INFO - Setting next_dagrun for tutorial to 2023-04-23T13:22:59.018868+00:00, run_after=2023-04-24T13:22:59.018868+00:00
[2023-04-24T13:22:59.031+0000] {processor.py:175} INFO - Processing /home/airflow/.local/lib/python3.7/site-packages/airflow/example_dags/tutorial.py took 0.072 seconds
[2023-04-24T13:23:29.488+0000] {processor.py:153} INFO - Started process (PID=3153) to work on /home/airflow/.local/lib/python3.7/site-packages/airflow/example_dags/tutorial.py
[2023-04-24T13:23:29.489+0000] {processor.py:743} INFO - Processing file /home/airflow/.local/lib/python3.7/site-packages/airflow/example_dags/tutorial.py for tasks to queue
[2023-04-24T13:23:29.490+0000] {logging_mixin.py:137} INFO - [2023-04-24T13:23:29.490+0000] {dagbag.py:538} INFO - Filling up the DagBag from /home/airflow/.local/lib/python3.7/site-packages/airflow/example_dags/tutorial.py
[2023-04-24T13:23:29.501+0000] {processor.py:753} INFO - DAG(s) dict_keys(['tutorial']) retrieved from /home/airflow/.local/lib/python3.7/site-packages/airflow/example_dags/tutorial.py
[2023-04-24T13:23:29.520+0000] {logging_mixin.py:137} INFO - [2023-04-24T13:23:29.520+0000] {dag.py:2690} INFO - Sync 1 DAGs
[2023-04-24T13:23:29.536+0000] {logging_mixin.py:137} INFO - [2023-04-24T13:23:29.535+0000] {dag.py:3441} INFO - Setting next_dagrun for tutorial to 2023-04-23T13:23:29.535744+00:00, run_after=2023-04-24T13:23:29.535744+00:00
[2023-04-24T13:23:29.547+0000] {processor.py:175} INFO - Processing /home/airflow/.local/lib/python3.7/site-packages/airflow/example_dags/tutorial.py took 0.062 seconds
[2023-04-24T13:23:59.837+0000] {processor.py:153} INFO - Started process (PID=3231) to work on /home/airflow/.local/lib/python3.7/site-packages/airflow/example_dags/tutorial.py
[2023-04-24T13:23:59.838+0000] {processor.py:743} INFO - Processing file /home/airflow/.local/lib/python3.7/site-packages/airflow/example_dags/tutorial.py for tasks to queue
[2023-04-24T13:23:59.839+0000] {logging_mixin.py:137} INFO - [2023-04-24T13:23:59.839+0000] {dagbag.py:538} INFO - Filling up the DagBag from /home/airflow/.local/lib/python3.7/site-packages/airflow/example_dags/tutorial.py
[2023-04-24T13:23:59.850+0000] {processor.py:753} INFO - DAG(s) dict_keys(['tutorial']) retrieved from /home/airflow/.local/lib/python3.7/site-packages/airflow/example_dags/tutorial.py
[2023-04-24T13:23:59.870+0000] {logging_mixin.py:137} INFO - [2023-04-24T13:23:59.870+0000] {dag.py:2690} INFO - Sync 1 DAGs
[2023-04-24T13:23:59.885+0000] {logging_mixin.py:137} INFO - [2023-04-24T13:23:59.885+0000] {dag.py:3441} INFO - Setting next_dagrun for tutorial to 2023-04-23T13:23:59.885155+00:00, run_after=2023-04-24T13:23:59.885155+00:00
[2023-04-24T13:23:59.897+0000] {processor.py:175} INFO - Processing /home/airflow/.local/lib/python3.7/site-packages/airflow/example_dags/tutorial.py took 0.063 seconds
[2023-04-24T13:24:30.015+0000] {processor.py:153} INFO - Started process (PID=3307) to work on /home/airflow/.local/lib/python3.7/site-packages/airflow/example_dags/tutorial.py
[2023-04-24T13:24:30.016+0000] {processor.py:743} INFO - Processing file /home/airflow/.local/lib/python3.7/site-packages/airflow/example_dags/tutorial.py for tasks to queue
[2023-04-24T13:24:30.017+0000] {logging_mixin.py:137} INFO - [2023-04-24T13:24:30.017+0000] {dagbag.py:538} INFO - Filling up the DagBag from /home/airflow/.local/lib/python3.7/site-packages/airflow/example_dags/tutorial.py
[2023-04-24T13:24:30.030+0000] {processor.py:753} INFO - DAG(s) dict_keys(['tutorial']) retrieved from /home/airflow/.local/lib/python3.7/site-packages/airflow/example_dags/tutorial.py
[2023-04-24T13:24:30.053+0000] {logging_mixin.py:137} INFO - [2023-04-24T13:24:30.053+0000] {dag.py:2690} INFO - Sync 1 DAGs
[2023-04-24T13:24:30.070+0000] {logging_mixin.py:137} INFO - [2023-04-24T13:24:30.070+0000] {dag.py:3441} INFO - Setting next_dagrun for tutorial to 2023-04-23T13:24:30.070411+00:00, run_after=2023-04-24T13:24:30.070411+00:00
[2023-04-24T13:24:30.088+0000] {processor.py:175} INFO - Processing /home/airflow/.local/lib/python3.7/site-packages/airflow/example_dags/tutorial.py took 0.076 seconds
[2023-04-24T13:25:00.377+0000] {processor.py:153} INFO - Started process (PID=3371) to work on /home/airflow/.local/lib/python3.7/site-packages/airflow/example_dags/tutorial.py
[2023-04-24T13:25:00.378+0000] {processor.py:743} INFO - Processing file /home/airflow/.local/lib/python3.7/site-packages/airflow/example_dags/tutorial.py for tasks to queue
[2023-04-24T13:25:00.380+0000] {logging_mixin.py:137} INFO - [2023-04-24T13:25:00.380+0000] {dagbag.py:538} INFO - Filling up the DagBag from /home/airflow/.local/lib/python3.7/site-packages/airflow/example_dags/tutorial.py
[2023-04-24T13:25:00.391+0000] {processor.py:753} INFO - DAG(s) dict_keys(['tutorial']) retrieved from /home/airflow/.local/lib/python3.7/site-packages/airflow/example_dags/tutorial.py
[2023-04-24T13:25:00.410+0000] {logging_mixin.py:137} INFO - [2023-04-24T13:25:00.410+0000] {dag.py:2690} INFO - Sync 1 DAGs
[2023-04-24T13:25:00.426+0000] {logging_mixin.py:137} INFO - [2023-04-24T13:25:00.426+0000] {dag.py:3441} INFO - Setting next_dagrun for tutorial to 2023-04-23T13:25:00.426379+00:00, run_after=2023-04-24T13:25:00.426379+00:00
[2023-04-24T13:25:00.439+0000] {processor.py:175} INFO - Processing /home/airflow/.local/lib/python3.7/site-packages/airflow/example_dags/tutorial.py took 0.065 seconds
[2023-04-24T13:25:30.515+0000] {processor.py:153} INFO - Started process (PID=3447) to work on /home/airflow/.local/lib/python3.7/site-packages/airflow/example_dags/tutorial.py
[2023-04-24T13:25:30.517+0000] {processor.py:743} INFO - Processing file /home/airflow/.local/lib/python3.7/site-packages/airflow/example_dags/tutorial.py for tasks to queue
[2023-04-24T13:25:30.520+0000] {logging_mixin.py:137} INFO - [2023-04-24T13:25:30.520+0000] {dagbag.py:538} INFO - Filling up the DagBag from /home/airflow/.local/lib/python3.7/site-packages/airflow/example_dags/tutorial.py
[2023-04-24T13:25:30.532+0000] {processor.py:753} INFO - DAG(s) dict_keys(['tutorial']) retrieved from /home/airflow/.local/lib/python3.7/site-packages/airflow/example_dags/tutorial.py
[2023-04-24T13:25:30.552+0000] {logging_mixin.py:137} INFO - [2023-04-24T13:25:30.552+0000] {dag.py:2690} INFO - Sync 1 DAGs
[2023-04-24T13:25:30.567+0000] {logging_mixin.py:137} INFO - [2023-04-24T13:25:30.567+0000] {dag.py:3441} INFO - Setting next_dagrun for tutorial to 2023-04-23T13:25:30.567313+00:00, run_after=2023-04-24T13:25:30.567313+00:00
[2023-04-24T13:25:30.580+0000] {processor.py:175} INFO - Processing /home/airflow/.local/lib/python3.7/site-packages/airflow/example_dags/tutorial.py took 0.068 seconds
[2023-04-24T13:26:00.810+0000] {processor.py:153} INFO - Started process (PID=3523) to work on /home/airflow/.local/lib/python3.7/site-packages/airflow/example_dags/tutorial.py
[2023-04-24T13:26:00.811+0000] {processor.py:743} INFO - Processing file /home/airflow/.local/lib/python3.7/site-packages/airflow/example_dags/tutorial.py for tasks to queue
[2023-04-24T13:26:00.812+0000] {logging_mixin.py:137} INFO - [2023-04-24T13:26:00.811+0000] {dagbag.py:538} INFO - Filling up the DagBag from /home/airflow/.local/lib/python3.7/site-packages/airflow/example_dags/tutorial.py
[2023-04-24T13:26:00.822+0000] {processor.py:753} INFO - DAG(s) dict_keys(['tutorial']) retrieved from /home/airflow/.local/lib/python3.7/site-packages/airflow/example_dags/tutorial.py
[2023-04-24T13:26:00.841+0000] {logging_mixin.py:137} INFO - [2023-04-24T13:26:00.841+0000] {dag.py:2690} INFO - Sync 1 DAGs
[2023-04-24T13:26:00.857+0000] {logging_mixin.py:137} INFO - [2023-04-24T13:26:00.857+0000] {dag.py:3441} INFO - Setting next_dagrun for tutorial to 2023-04-23T13:26:00.857238+00:00, run_after=2023-04-24T13:26:00.857238+00:00
[2023-04-24T13:26:00.869+0000] {processor.py:175} INFO - Processing /home/airflow/.local/lib/python3.7/site-packages/airflow/example_dags/tutorial.py took 0.062 seconds
[2023-04-24T13:26:31.179+0000] {processor.py:153} INFO - Started process (PID=3587) to work on /home/airflow/.local/lib/python3.7/site-packages/airflow/example_dags/tutorial.py
[2023-04-24T13:26:31.180+0000] {processor.py:743} INFO - Processing file /home/airflow/.local/lib/python3.7/site-packages/airflow/example_dags/tutorial.py for tasks to queue
[2023-04-24T13:26:31.181+0000] {logging_mixin.py:137} INFO - [2023-04-24T13:26:31.180+0000] {dagbag.py:538} INFO - Filling up the DagBag from /home/airflow/.local/lib/python3.7/site-packages/airflow/example_dags/tutorial.py
[2023-04-24T13:26:31.191+0000] {processor.py:753} INFO - DAG(s) dict_keys(['tutorial']) retrieved from /home/airflow/.local/lib/python3.7/site-packages/airflow/example_dags/tutorial.py
[2023-04-24T13:26:31.210+0000] {logging_mixin.py:137} INFO - [2023-04-24T13:26:31.210+0000] {dag.py:2690} INFO - Sync 1 DAGs
[2023-04-24T13:26:31.227+0000] {logging_mixin.py:137} INFO - [2023-04-24T13:26:31.227+0000] {dag.py:3441} INFO - Setting next_dagrun for tutorial to 2023-04-23T13:26:31.226970+00:00, run_after=2023-04-24T13:26:31.226970+00:00
[2023-04-24T13:26:31.239+0000] {processor.py:175} INFO - Processing /home/airflow/.local/lib/python3.7/site-packages/airflow/example_dags/tutorial.py took 0.063 seconds
[2023-04-24T13:27:01.514+0000] {processor.py:153} INFO - Started process (PID=3664) to work on /home/airflow/.local/lib/python3.7/site-packages/airflow/example_dags/tutorial.py
[2023-04-24T13:27:01.515+0000] {processor.py:743} INFO - Processing file /home/airflow/.local/lib/python3.7/site-packages/airflow/example_dags/tutorial.py for tasks to queue
[2023-04-24T13:27:01.516+0000] {logging_mixin.py:137} INFO - [2023-04-24T13:27:01.516+0000] {dagbag.py:538} INFO - Filling up the DagBag from /home/airflow/.local/lib/python3.7/site-packages/airflow/example_dags/tutorial.py
[2023-04-24T13:27:01.527+0000] {processor.py:753} INFO - DAG(s) dict_keys(['tutorial']) retrieved from /home/airflow/.local/lib/python3.7/site-packages/airflow/example_dags/tutorial.py
[2023-04-24T13:27:01.547+0000] {logging_mixin.py:137} INFO - [2023-04-24T13:27:01.547+0000] {dag.py:2690} INFO - Sync 1 DAGs
[2023-04-24T13:27:01.563+0000] {logging_mixin.py:137} INFO - [2023-04-24T13:27:01.563+0000] {dag.py:3441} INFO - Setting next_dagrun for tutorial to 2023-04-23T13:27:01.563117+00:00, run_after=2023-04-24T13:27:01.563117+00:00
[2023-04-24T13:27:01.575+0000] {processor.py:175} INFO - Processing /home/airflow/.local/lib/python3.7/site-packages/airflow/example_dags/tutorial.py took 0.064 seconds
[2023-04-24T13:27:31.833+0000] {processor.py:153} INFO - Started process (PID=3740) to work on /home/airflow/.local/lib/python3.7/site-packages/airflow/example_dags/tutorial.py
[2023-04-24T13:27:31.835+0000] {processor.py:743} INFO - Processing file /home/airflow/.local/lib/python3.7/site-packages/airflow/example_dags/tutorial.py for tasks to queue
[2023-04-24T13:27:31.836+0000] {logging_mixin.py:137} INFO - [2023-04-24T13:27:31.836+0000] {dagbag.py:538} INFO - Filling up the DagBag from /home/airflow/.local/lib/python3.7/site-packages/airflow/example_dags/tutorial.py
[2023-04-24T13:27:31.849+0000] {processor.py:753} INFO - DAG(s) dict_keys(['tutorial']) retrieved from /home/airflow/.local/lib/python3.7/site-packages/airflow/example_dags/tutorial.py
[2023-04-24T13:27:31.875+0000] {logging_mixin.py:137} INFO - [2023-04-24T13:27:31.875+0000] {dag.py:2690} INFO - Sync 1 DAGs
[2023-04-24T13:27:31.897+0000] {logging_mixin.py:137} INFO - [2023-04-24T13:27:31.897+0000] {dag.py:3441} INFO - Setting next_dagrun for tutorial to 2023-04-23T13:27:31.897488+00:00, run_after=2023-04-24T13:27:31.897488+00:00
[2023-04-24T13:27:31.918+0000] {processor.py:175} INFO - Processing /home/airflow/.local/lib/python3.7/site-packages/airflow/example_dags/tutorial.py took 0.087 seconds
[2023-04-24T13:28:02.259+0000] {processor.py:153} INFO - Started process (PID=3804) to work on /home/airflow/.local/lib/python3.7/site-packages/airflow/example_dags/tutorial.py
[2023-04-24T13:28:02.261+0000] {processor.py:743} INFO - Processing file /home/airflow/.local/lib/python3.7/site-packages/airflow/example_dags/tutorial.py for tasks to queue
[2023-04-24T13:28:02.261+0000] {logging_mixin.py:137} INFO - [2023-04-24T13:28:02.261+0000] {dagbag.py:538} INFO - Filling up the DagBag from /home/airflow/.local/lib/python3.7/site-packages/airflow/example_dags/tutorial.py
[2023-04-24T13:28:02.272+0000] {processor.py:753} INFO - DAG(s) dict_keys(['tutorial']) retrieved from /home/airflow/.local/lib/python3.7/site-packages/airflow/example_dags/tutorial.py
[2023-04-24T13:28:02.291+0000] {logging_mixin.py:137} INFO - [2023-04-24T13:28:02.291+0000] {dag.py:2690} INFO - Sync 1 DAGs
[2023-04-24T13:28:02.307+0000] {logging_mixin.py:137} INFO - [2023-04-24T13:28:02.306+0000] {dag.py:3441} INFO - Setting next_dagrun for tutorial to 2023-04-23T13:28:02.306751+00:00, run_after=2023-04-24T13:28:02.306751+00:00
[2023-04-24T13:28:02.318+0000] {processor.py:175} INFO - Processing /home/airflow/.local/lib/python3.7/site-packages/airflow/example_dags/tutorial.py took 0.061 seconds
[2023-04-24T13:28:32.544+0000] {processor.py:153} INFO - Started process (PID=3880) to work on /home/airflow/.local/lib/python3.7/site-packages/airflow/example_dags/tutorial.py
[2023-04-24T13:28:32.545+0000] {processor.py:743} INFO - Processing file /home/airflow/.local/lib/python3.7/site-packages/airflow/example_dags/tutorial.py for tasks to queue
[2023-04-24T13:28:32.546+0000] {logging_mixin.py:137} INFO - [2023-04-24T13:28:32.545+0000] {dagbag.py:538} INFO - Filling up the DagBag from /home/airflow/.local/lib/python3.7/site-packages/airflow/example_dags/tutorial.py
[2023-04-24T13:28:32.557+0000] {processor.py:753} INFO - DAG(s) dict_keys(['tutorial']) retrieved from /home/airflow/.local/lib/python3.7/site-packages/airflow/example_dags/tutorial.py
[2023-04-24T13:28:32.577+0000] {logging_mixin.py:137} INFO - [2023-04-24T13:28:32.577+0000] {dag.py:2690} INFO - Sync 1 DAGs
[2023-04-24T13:28:32.593+0000] {logging_mixin.py:137} INFO - [2023-04-24T13:28:32.593+0000] {dag.py:3441} INFO - Setting next_dagrun for tutorial to 2023-04-23T13:28:32.593567+00:00, run_after=2023-04-24T13:28:32.593567+00:00
[2023-04-24T13:28:32.609+0000] {processor.py:175} INFO - Processing /home/airflow/.local/lib/python3.7/site-packages/airflow/example_dags/tutorial.py took 0.068 seconds
[2023-04-24T13:29:02.859+0000] {processor.py:153} INFO - Started process (PID=3956) to work on /home/airflow/.local/lib/python3.7/site-packages/airflow/example_dags/tutorial.py
[2023-04-24T13:29:02.860+0000] {processor.py:743} INFO - Processing file /home/airflow/.local/lib/python3.7/site-packages/airflow/example_dags/tutorial.py for tasks to queue
[2023-04-24T13:29:02.861+0000] {logging_mixin.py:137} INFO - [2023-04-24T13:29:02.860+0000] {dagbag.py:538} INFO - Filling up the DagBag from /home/airflow/.local/lib/python3.7/site-packages/airflow/example_dags/tutorial.py
[2023-04-24T13:29:02.872+0000] {processor.py:753} INFO - DAG(s) dict_keys(['tutorial']) retrieved from /home/airflow/.local/lib/python3.7/site-packages/airflow/example_dags/tutorial.py
[2023-04-24T13:29:02.891+0000] {logging_mixin.py:137} INFO - [2023-04-24T13:29:02.891+0000] {dag.py:2690} INFO - Sync 1 DAGs
[2023-04-24T13:29:02.907+0000] {logging_mixin.py:137} INFO - [2023-04-24T13:29:02.907+0000] {dag.py:3441} INFO - Setting next_dagrun for tutorial to 2023-04-23T13:29:02.907515+00:00, run_after=2023-04-24T13:29:02.907515+00:00
[2023-04-24T13:29:02.922+0000] {processor.py:175} INFO - Processing /home/airflow/.local/lib/python3.7/site-packages/airflow/example_dags/tutorial.py took 0.066 seconds
[2023-04-24T13:29:33.034+0000] {processor.py:153} INFO - Started process (PID=4020) to work on /home/airflow/.local/lib/python3.7/site-packages/airflow/example_dags/tutorial.py
[2023-04-24T13:29:33.036+0000] {processor.py:743} INFO - Processing file /home/airflow/.local/lib/python3.7/site-packages/airflow/example_dags/tutorial.py for tasks to queue
[2023-04-24T13:29:33.037+0000] {logging_mixin.py:137} INFO - [2023-04-24T13:29:33.037+0000] {dagbag.py:538} INFO - Filling up the DagBag from /home/airflow/.local/lib/python3.7/site-packages/airflow/example_dags/tutorial.py
[2023-04-24T13:29:33.048+0000] {processor.py:753} INFO - DAG(s) dict_keys(['tutorial']) retrieved from /home/airflow/.local/lib/python3.7/site-packages/airflow/example_dags/tutorial.py
[2023-04-24T13:29:33.067+0000] {logging_mixin.py:137} INFO - [2023-04-24T13:29:33.067+0000] {dag.py:2690} INFO - Sync 1 DAGs
[2023-04-24T13:29:33.083+0000] {logging_mixin.py:137} INFO - [2023-04-24T13:29:33.083+0000] {dag.py:3441} INFO - Setting next_dagrun for tutorial to 2023-04-23T13:29:33.083068+00:00, run_after=2023-04-24T13:29:33.083068+00:00
[2023-04-24T13:29:33.096+0000] {processor.py:175} INFO - Processing /home/airflow/.local/lib/python3.7/site-packages/airflow/example_dags/tutorial.py took 0.065 seconds
[2023-04-24T13:30:03.507+0000] {processor.py:153} INFO - Started process (PID=4096) to work on /home/airflow/.local/lib/python3.7/site-packages/airflow/example_dags/tutorial.py
[2023-04-24T13:30:03.509+0000] {processor.py:743} INFO - Processing file /home/airflow/.local/lib/python3.7/site-packages/airflow/example_dags/tutorial.py for tasks to queue
[2023-04-24T13:30:03.510+0000] {logging_mixin.py:137} INFO - [2023-04-24T13:30:03.510+0000] {dagbag.py:538} INFO - Filling up the DagBag from /home/airflow/.local/lib/python3.7/site-packages/airflow/example_dags/tutorial.py
[2023-04-24T13:30:03.521+0000] {processor.py:753} INFO - DAG(s) dict_keys(['tutorial']) retrieved from /home/airflow/.local/lib/python3.7/site-packages/airflow/example_dags/tutorial.py
[2023-04-24T13:30:03.542+0000] {logging_mixin.py:137} INFO - [2023-04-24T13:30:03.542+0000] {dag.py:2690} INFO - Sync 1 DAGs
[2023-04-24T13:30:03.560+0000] {logging_mixin.py:137} INFO - [2023-04-24T13:30:03.560+0000] {dag.py:3441} INFO - Setting next_dagrun for tutorial to 2023-04-23T13:30:03.559917+00:00, run_after=2023-04-24T13:30:03.559917+00:00
[2023-04-24T13:30:03.586+0000] {processor.py:175} INFO - Processing /home/airflow/.local/lib/python3.7/site-packages/airflow/example_dags/tutorial.py took 0.082 seconds
[2023-04-24T13:30:33.931+0000] {processor.py:153} INFO - Started process (PID=4173) to work on /home/airflow/.local/lib/python3.7/site-packages/airflow/example_dags/tutorial.py
[2023-04-24T13:30:33.932+0000] {processor.py:743} INFO - Processing file /home/airflow/.local/lib/python3.7/site-packages/airflow/example_dags/tutorial.py for tasks to queue
[2023-04-24T13:30:33.933+0000] {logging_mixin.py:137} INFO - [2023-04-24T13:30:33.933+0000] {dagbag.py:538} INFO - Filling up the DagBag from /home/airflow/.local/lib/python3.7/site-packages/airflow/example_dags/tutorial.py
[2023-04-24T13:30:33.945+0000] {processor.py:753} INFO - DAG(s) dict_keys(['tutorial']) retrieved from /home/airflow/.local/lib/python3.7/site-packages/airflow/example_dags/tutorial.py
[2023-04-24T13:30:33.966+0000] {logging_mixin.py:137} INFO - [2023-04-24T13:30:33.966+0000] {dag.py:2690} INFO - Sync 1 DAGs
[2023-04-24T13:30:33.988+0000] {logging_mixin.py:137} INFO - [2023-04-24T13:30:33.988+0000] {dag.py:3441} INFO - Setting next_dagrun for tutorial to 2023-04-23T13:30:33.988606+00:00, run_after=2023-04-24T13:30:33.988606+00:00
[2023-04-24T13:30:34.002+0000] {processor.py:175} INFO - Processing /home/airflow/.local/lib/python3.7/site-packages/airflow/example_dags/tutorial.py took 0.074 seconds
[2023-04-24T13:31:04.159+0000] {processor.py:153} INFO - Started process (PID=4237) to work on /home/airflow/.local/lib/python3.7/site-packages/airflow/example_dags/tutorial.py
[2023-04-24T13:31:04.160+0000] {processor.py:743} INFO - Processing file /home/airflow/.local/lib/python3.7/site-packages/airflow/example_dags/tutorial.py for tasks to queue
[2023-04-24T13:31:04.161+0000] {logging_mixin.py:137} INFO - [2023-04-24T13:31:04.161+0000] {dagbag.py:538} INFO - Filling up the DagBag from /home/airflow/.local/lib/python3.7/site-packages/airflow/example_dags/tutorial.py
[2023-04-24T13:31:04.172+0000] {processor.py:753} INFO - DAG(s) dict_keys(['tutorial']) retrieved from /home/airflow/.local/lib/python3.7/site-packages/airflow/example_dags/tutorial.py
[2023-04-24T13:31:04.193+0000] {logging_mixin.py:137} INFO - [2023-04-24T13:31:04.193+0000] {dag.py:2690} INFO - Sync 1 DAGs
[2023-04-24T13:31:04.211+0000] {logging_mixin.py:137} INFO - [2023-04-24T13:31:04.211+0000] {dag.py:3441} INFO - Setting next_dagrun for tutorial to 2023-04-23T13:31:04.211614+00:00, run_after=2023-04-24T13:31:04.211614+00:00
[2023-04-24T13:31:04.224+0000] {processor.py:175} INFO - Processing /home/airflow/.local/lib/python3.7/site-packages/airflow/example_dags/tutorial.py took 0.068 seconds
[2023-04-24T13:31:34.365+0000] {processor.py:153} INFO - Started process (PID=4313) to work on /home/airflow/.local/lib/python3.7/site-packages/airflow/example_dags/tutorial.py
[2023-04-24T13:31:34.367+0000] {processor.py:743} INFO - Processing file /home/airflow/.local/lib/python3.7/site-packages/airflow/example_dags/tutorial.py for tasks to queue
[2023-04-24T13:31:34.368+0000] {logging_mixin.py:137} INFO - [2023-04-24T13:31:34.368+0000] {dagbag.py:538} INFO - Filling up the DagBag from /home/airflow/.local/lib/python3.7/site-packages/airflow/example_dags/tutorial.py
[2023-04-24T13:31:34.379+0000] {processor.py:753} INFO - DAG(s) dict_keys(['tutorial']) retrieved from /home/airflow/.local/lib/python3.7/site-packages/airflow/example_dags/tutorial.py
[2023-04-24T13:31:34.399+0000] {logging_mixin.py:137} INFO - [2023-04-24T13:31:34.399+0000] {dag.py:2690} INFO - Sync 1 DAGs
[2023-04-24T13:31:34.415+0000] {logging_mixin.py:137} INFO - [2023-04-24T13:31:34.415+0000] {dag.py:3441} INFO - Setting next_dagrun for tutorial to 2023-04-23T13:31:34.415336+00:00, run_after=2023-04-24T13:31:34.415336+00:00
[2023-04-24T13:31:34.430+0000] {processor.py:175} INFO - Processing /home/airflow/.local/lib/python3.7/site-packages/airflow/example_dags/tutorial.py took 0.067 seconds
[2023-04-24T13:32:04.711+0000] {processor.py:153} INFO - Started process (PID=4389) to work on /home/airflow/.local/lib/python3.7/site-packages/airflow/example_dags/tutorial.py
[2023-04-24T13:32:04.713+0000] {processor.py:743} INFO - Processing file /home/airflow/.local/lib/python3.7/site-packages/airflow/example_dags/tutorial.py for tasks to queue
[2023-04-24T13:32:04.714+0000] {logging_mixin.py:137} INFO - [2023-04-24T13:32:04.714+0000] {dagbag.py:538} INFO - Filling up the DagBag from /home/airflow/.local/lib/python3.7/site-packages/airflow/example_dags/tutorial.py
[2023-04-24T13:32:04.725+0000] {processor.py:753} INFO - DAG(s) dict_keys(['tutorial']) retrieved from /home/airflow/.local/lib/python3.7/site-packages/airflow/example_dags/tutorial.py
[2023-04-24T13:32:04.745+0000] {logging_mixin.py:137} INFO - [2023-04-24T13:32:04.744+0000] {dag.py:2690} INFO - Sync 1 DAGs
[2023-04-24T13:32:04.760+0000] {logging_mixin.py:137} INFO - [2023-04-24T13:32:04.760+0000] {dag.py:3441} INFO - Setting next_dagrun for tutorial to 2023-04-23T13:32:04.760689+00:00, run_after=2023-04-24T13:32:04.760689+00:00
[2023-04-24T13:32:04.775+0000] {processor.py:175} INFO - Processing /home/airflow/.local/lib/python3.7/site-packages/airflow/example_dags/tutorial.py took 0.067 seconds
[2023-04-24T13:32:34.938+0000] {processor.py:153} INFO - Started process (PID=4462) to work on /home/airflow/.local/lib/python3.7/site-packages/airflow/example_dags/tutorial.py
[2023-04-24T13:32:34.939+0000] {processor.py:743} INFO - Processing file /home/airflow/.local/lib/python3.7/site-packages/airflow/example_dags/tutorial.py for tasks to queue
[2023-04-24T13:32:34.940+0000] {logging_mixin.py:137} INFO - [2023-04-24T13:32:34.940+0000] {dagbag.py:538} INFO - Filling up the DagBag from /home/airflow/.local/lib/python3.7/site-packages/airflow/example_dags/tutorial.py
[2023-04-24T13:32:34.951+0000] {processor.py:753} INFO - DAG(s) dict_keys(['tutorial']) retrieved from /home/airflow/.local/lib/python3.7/site-packages/airflow/example_dags/tutorial.py
[2023-04-24T13:32:34.972+0000] {logging_mixin.py:137} INFO - [2023-04-24T13:32:34.972+0000] {dag.py:2690} INFO - Sync 1 DAGs
[2023-04-24T13:32:34.988+0000] {logging_mixin.py:137} INFO - [2023-04-24T13:32:34.988+0000] {dag.py:3441} INFO - Setting next_dagrun for tutorial to 2023-04-23T13:32:34.988149+00:00, run_after=2023-04-24T13:32:34.988149+00:00
[2023-04-24T13:32:35.002+0000] {processor.py:175} INFO - Processing /home/airflow/.local/lib/python3.7/site-packages/airflow/example_dags/tutorial.py took 0.067 seconds
[2023-04-24T13:33:05.225+0000] {processor.py:153} INFO - Started process (PID=4529) to work on /home/airflow/.local/lib/python3.7/site-packages/airflow/example_dags/tutorial.py
[2023-04-24T13:33:05.226+0000] {processor.py:743} INFO - Processing file /home/airflow/.local/lib/python3.7/site-packages/airflow/example_dags/tutorial.py for tasks to queue
[2023-04-24T13:33:05.227+0000] {logging_mixin.py:137} INFO - [2023-04-24T13:33:05.227+0000] {dagbag.py:538} INFO - Filling up the DagBag from /home/airflow/.local/lib/python3.7/site-packages/airflow/example_dags/tutorial.py
[2023-04-24T13:33:05.239+0000] {processor.py:753} INFO - DAG(s) dict_keys(['tutorial']) retrieved from /home/airflow/.local/lib/python3.7/site-packages/airflow/example_dags/tutorial.py
[2023-04-24T13:33:05.262+0000] {logging_mixin.py:137} INFO - [2023-04-24T13:33:05.262+0000] {dag.py:2690} INFO - Sync 1 DAGs
[2023-04-24T13:33:05.283+0000] {logging_mixin.py:137} INFO - [2023-04-24T13:33:05.283+0000] {dag.py:3441} INFO - Setting next_dagrun for tutorial to 2023-04-23T13:33:05.283581+00:00, run_after=2023-04-24T13:33:05.283581+00:00
[2023-04-24T13:33:05.298+0000] {processor.py:175} INFO - Processing /home/airflow/.local/lib/python3.7/site-packages/airflow/example_dags/tutorial.py took 0.076 seconds
[2023-04-24T13:33:49.269+0000] {processor.py:153} INFO - Started process (PID=4577) to work on /home/airflow/.local/lib/python3.7/site-packages/airflow/example_dags/tutorial.py
[2023-04-24T13:33:49.270+0000] {processor.py:743} INFO - Processing file /home/airflow/.local/lib/python3.7/site-packages/airflow/example_dags/tutorial.py for tasks to queue
[2023-04-24T13:33:49.270+0000] {logging_mixin.py:137} INFO - [2023-04-24T13:33:49.270+0000] {dagbag.py:538} INFO - Filling up the DagBag from /home/airflow/.local/lib/python3.7/site-packages/airflow/example_dags/tutorial.py
[2023-04-24T13:33:49.281+0000] {processor.py:753} INFO - DAG(s) dict_keys(['tutorial']) retrieved from /home/airflow/.local/lib/python3.7/site-packages/airflow/example_dags/tutorial.py
[2023-04-24T13:33:49.301+0000] {logging_mixin.py:137} INFO - [2023-04-24T13:33:49.301+0000] {dag.py:2690} INFO - Sync 1 DAGs
[2023-04-24T13:33:49.316+0000] {logging_mixin.py:137} INFO - [2023-04-24T13:33:49.316+0000] {dag.py:3441} INFO - Setting next_dagrun for tutorial to 2023-04-23T13:33:49.316119+00:00, run_after=2023-04-24T13:33:49.316119+00:00
[2023-04-24T13:33:49.327+0000] {processor.py:175} INFO - Processing /home/airflow/.local/lib/python3.7/site-packages/airflow/example_dags/tutorial.py took 0.061 seconds
[2023-04-24T13:34:19.746+0000] {processor.py:153} INFO - Started process (PID=4653) to work on /home/airflow/.local/lib/python3.7/site-packages/airflow/example_dags/tutorial.py
[2023-04-24T13:34:19.748+0000] {processor.py:743} INFO - Processing file /home/airflow/.local/lib/python3.7/site-packages/airflow/example_dags/tutorial.py for tasks to queue
[2023-04-24T13:34:19.749+0000] {logging_mixin.py:137} INFO - [2023-04-24T13:34:19.749+0000] {dagbag.py:538} INFO - Filling up the DagBag from /home/airflow/.local/lib/python3.7/site-packages/airflow/example_dags/tutorial.py
[2023-04-24T13:34:19.760+0000] {processor.py:753} INFO - DAG(s) dict_keys(['tutorial']) retrieved from /home/airflow/.local/lib/python3.7/site-packages/airflow/example_dags/tutorial.py
[2023-04-24T13:34:19.781+0000] {logging_mixin.py:137} INFO - [2023-04-24T13:34:19.781+0000] {dag.py:2690} INFO - Sync 1 DAGs
[2023-04-24T13:34:19.797+0000] {logging_mixin.py:137} INFO - [2023-04-24T13:34:19.797+0000] {dag.py:3441} INFO - Setting next_dagrun for tutorial to 2023-04-23T13:34:19.797398+00:00, run_after=2023-04-24T13:34:19.797398+00:00
[2023-04-24T13:34:19.808+0000] {processor.py:175} INFO - Processing /home/airflow/.local/lib/python3.7/site-packages/airflow/example_dags/tutorial.py took 0.065 seconds
[2023-04-24T13:34:50.082+0000] {processor.py:153} INFO - Started process (PID=4729) to work on /home/airflow/.local/lib/python3.7/site-packages/airflow/example_dags/tutorial.py
[2023-04-24T13:34:50.083+0000] {processor.py:743} INFO - Processing file /home/airflow/.local/lib/python3.7/site-packages/airflow/example_dags/tutorial.py for tasks to queue
[2023-04-24T13:34:50.084+0000] {logging_mixin.py:137} INFO - [2023-04-24T13:34:50.084+0000] {dagbag.py:538} INFO - Filling up the DagBag from /home/airflow/.local/lib/python3.7/site-packages/airflow/example_dags/tutorial.py
[2023-04-24T13:34:50.096+0000] {processor.py:753} INFO - DAG(s) dict_keys(['tutorial']) retrieved from /home/airflow/.local/lib/python3.7/site-packages/airflow/example_dags/tutorial.py
[2023-04-24T13:34:50.117+0000] {logging_mixin.py:137} INFO - [2023-04-24T13:34:50.117+0000] {dag.py:2690} INFO - Sync 1 DAGs
[2023-04-24T13:34:50.135+0000] {logging_mixin.py:137} INFO - [2023-04-24T13:34:50.134+0000] {dag.py:3441} INFO - Setting next_dagrun for tutorial to 2023-04-23T13:34:50.134753+00:00, run_after=2023-04-24T13:34:50.134753+00:00
[2023-04-24T13:34:50.148+0000] {processor.py:175} INFO - Processing /home/airflow/.local/lib/python3.7/site-packages/airflow/example_dags/tutorial.py took 0.069 seconds
[2023-04-24T13:35:20.353+0000] {processor.py:153} INFO - Started process (PID=4793) to work on /home/airflow/.local/lib/python3.7/site-packages/airflow/example_dags/tutorial.py
[2023-04-24T13:35:20.354+0000] {processor.py:743} INFO - Processing file /home/airflow/.local/lib/python3.7/site-packages/airflow/example_dags/tutorial.py for tasks to queue
[2023-04-24T13:35:20.354+0000] {logging_mixin.py:137} INFO - [2023-04-24T13:35:20.354+0000] {dagbag.py:538} INFO - Filling up the DagBag from /home/airflow/.local/lib/python3.7/site-packages/airflow/example_dags/tutorial.py
[2023-04-24T13:35:20.365+0000] {processor.py:753} INFO - DAG(s) dict_keys(['tutorial']) retrieved from /home/airflow/.local/lib/python3.7/site-packages/airflow/example_dags/tutorial.py
[2023-04-24T13:35:20.385+0000] {logging_mixin.py:137} INFO - [2023-04-24T13:35:20.385+0000] {dag.py:2690} INFO - Sync 1 DAGs
[2023-04-24T13:35:20.403+0000] {logging_mixin.py:137} INFO - [2023-04-24T13:35:20.403+0000] {dag.py:3441} INFO - Setting next_dagrun for tutorial to 2023-04-23T13:35:20.403330+00:00, run_after=2023-04-24T13:35:20.403330+00:00
[2023-04-24T13:35:20.418+0000] {processor.py:175} INFO - Processing /home/airflow/.local/lib/python3.7/site-packages/airflow/example_dags/tutorial.py took 0.068 seconds
[2023-04-24T13:52:35.885+0000] {processor.py:153} INFO - Started process (PID=4869) to work on /home/airflow/.local/lib/python3.7/site-packages/airflow/example_dags/tutorial.py
[2023-04-24T13:52:35.886+0000] {processor.py:743} INFO - Processing file /home/airflow/.local/lib/python3.7/site-packages/airflow/example_dags/tutorial.py for tasks to queue
[2023-04-24T13:52:35.887+0000] {logging_mixin.py:137} INFO - [2023-04-24T13:52:35.887+0000] {dagbag.py:538} INFO - Filling up the DagBag from /home/airflow/.local/lib/python3.7/site-packages/airflow/example_dags/tutorial.py
[2023-04-24T13:52:35.899+0000] {processor.py:753} INFO - DAG(s) dict_keys(['tutorial']) retrieved from /home/airflow/.local/lib/python3.7/site-packages/airflow/example_dags/tutorial.py
[2023-04-24T13:52:35.920+0000] {logging_mixin.py:137} INFO - [2023-04-24T13:52:35.920+0000] {dag.py:2690} INFO - Sync 1 DAGs
[2023-04-24T13:52:35.936+0000] {logging_mixin.py:137} INFO - [2023-04-24T13:52:35.936+0000] {dag.py:3441} INFO - Setting next_dagrun for tutorial to 2023-04-23T13:52:35.936521+00:00, run_after=2023-04-24T13:52:35.936521+00:00
[2023-04-24T13:52:35.949+0000] {processor.py:175} INFO - Processing /home/airflow/.local/lib/python3.7/site-packages/airflow/example_dags/tutorial.py took 0.067 seconds
[2023-04-24T14:31:29.691+0000] {processor.py:153} INFO - Started process (PID=4944) to work on /home/airflow/.local/lib/python3.7/site-packages/airflow/example_dags/tutorial.py
[2023-04-24T14:31:29.692+0000] {processor.py:743} INFO - Processing file /home/airflow/.local/lib/python3.7/site-packages/airflow/example_dags/tutorial.py for tasks to queue
[2023-04-24T14:31:29.693+0000] {logging_mixin.py:137} INFO - [2023-04-24T14:31:29.693+0000] {dagbag.py:538} INFO - Filling up the DagBag from /home/airflow/.local/lib/python3.7/site-packages/airflow/example_dags/tutorial.py
[2023-04-24T14:31:29.704+0000] {processor.py:753} INFO - DAG(s) dict_keys(['tutorial']) retrieved from /home/airflow/.local/lib/python3.7/site-packages/airflow/example_dags/tutorial.py
[2023-04-24T14:31:29.725+0000] {logging_mixin.py:137} INFO - [2023-04-24T14:31:29.725+0000] {dag.py:2690} INFO - Sync 1 DAGs
[2023-04-24T14:31:29.743+0000] {logging_mixin.py:137} INFO - [2023-04-24T14:31:29.743+0000] {dag.py:3441} INFO - Setting next_dagrun for tutorial to 2023-04-23T14:31:29.742916+00:00, run_after=2023-04-24T14:31:29.742916+00:00
[2023-04-24T14:31:29.758+0000] {processor.py:175} INFO - Processing /home/airflow/.local/lib/python3.7/site-packages/airflow/example_dags/tutorial.py took 0.070 seconds
[2023-04-24T15:16:28.781+0000] {processor.py:153} INFO - Started process (PID=5008) to work on /home/airflow/.local/lib/python3.7/site-packages/airflow/example_dags/tutorial.py
[2023-04-24T15:16:28.782+0000] {processor.py:743} INFO - Processing file /home/airflow/.local/lib/python3.7/site-packages/airflow/example_dags/tutorial.py for tasks to queue
[2023-04-24T15:16:28.783+0000] {logging_mixin.py:137} INFO - [2023-04-24T15:16:28.783+0000] {dagbag.py:538} INFO - Filling up the DagBag from /home/airflow/.local/lib/python3.7/site-packages/airflow/example_dags/tutorial.py
[2023-04-24T15:16:28.794+0000] {processor.py:753} INFO - DAG(s) dict_keys(['tutorial']) retrieved from /home/airflow/.local/lib/python3.7/site-packages/airflow/example_dags/tutorial.py
[2023-04-24T15:16:28.814+0000] {logging_mixin.py:137} INFO - [2023-04-24T15:16:28.814+0000] {dag.py:2690} INFO - Sync 1 DAGs
[2023-04-24T15:16:28.830+0000] {logging_mixin.py:137} INFO - [2023-04-24T15:16:28.830+0000] {dag.py:3441} INFO - Setting next_dagrun for tutorial to 2023-04-23T15:16:28.829917+00:00, run_after=2023-04-24T15:16:28.829917+00:00
[2023-04-24T15:16:28.842+0000] {processor.py:175} INFO - Processing /home/airflow/.local/lib/python3.7/site-packages/airflow/example_dags/tutorial.py took 0.063 seconds
[2023-04-24T16:21:50.444+0000] {processor.py:153} INFO - Started process (PID=5085) to work on /home/airflow/.local/lib/python3.7/site-packages/airflow/example_dags/tutorial.py
[2023-04-24T16:21:50.446+0000] {processor.py:743} INFO - Processing file /home/airflow/.local/lib/python3.7/site-packages/airflow/example_dags/tutorial.py for tasks to queue
[2023-04-24T16:21:50.447+0000] {logging_mixin.py:137} INFO - [2023-04-24T16:21:50.446+0000] {dagbag.py:538} INFO - Filling up the DagBag from /home/airflow/.local/lib/python3.7/site-packages/airflow/example_dags/tutorial.py
[2023-04-24T16:21:50.458+0000] {processor.py:753} INFO - DAG(s) dict_keys(['tutorial']) retrieved from /home/airflow/.local/lib/python3.7/site-packages/airflow/example_dags/tutorial.py
[2023-04-24T16:21:50.483+0000] {logging_mixin.py:137} INFO - [2023-04-24T16:21:50.483+0000] {dag.py:2690} INFO - Sync 1 DAGs
[2023-04-24T16:21:50.500+0000] {logging_mixin.py:137} INFO - [2023-04-24T16:21:50.500+0000] {dag.py:3441} INFO - Setting next_dagrun for tutorial to 2023-04-23T16:21:50.500487+00:00, run_after=2023-04-24T16:21:50.500487+00:00
[2023-04-24T16:21:50.518+0000] {processor.py:175} INFO - Processing /home/airflow/.local/lib/python3.7/site-packages/airflow/example_dags/tutorial.py took 0.077 seconds
[2023-04-24T17:38:24.859+0000] {processor.py:153} INFO - Started process (PID=5149) to work on /home/airflow/.local/lib/python3.7/site-packages/airflow/example_dags/tutorial.py
[2023-04-24T17:38:24.860+0000] {processor.py:743} INFO - Processing file /home/airflow/.local/lib/python3.7/site-packages/airflow/example_dags/tutorial.py for tasks to queue
[2023-04-24T17:38:24.861+0000] {logging_mixin.py:137} INFO - [2023-04-24T17:38:24.861+0000] {dagbag.py:538} INFO - Filling up the DagBag from /home/airflow/.local/lib/python3.7/site-packages/airflow/example_dags/tutorial.py
[2023-04-24T17:38:24.872+0000] {processor.py:753} INFO - DAG(s) dict_keys(['tutorial']) retrieved from /home/airflow/.local/lib/python3.7/site-packages/airflow/example_dags/tutorial.py
[2023-04-24T17:38:24.892+0000] {logging_mixin.py:137} INFO - [2023-04-24T17:38:24.892+0000] {dag.py:2690} INFO - Sync 1 DAGs
[2023-04-24T17:38:24.909+0000] {logging_mixin.py:137} INFO - [2023-04-24T17:38:24.909+0000] {dag.py:3441} INFO - Setting next_dagrun for tutorial to 2023-04-23T17:38:24.909450+00:00, run_after=2023-04-24T17:38:24.909450+00:00
[2023-04-24T17:38:24.920+0000] {processor.py:175} INFO - Processing /home/airflow/.local/lib/python3.7/site-packages/airflow/example_dags/tutorial.py took 0.065 seconds
[2023-04-24T18:45:21.447+0000] {processor.py:153} INFO - Started process (PID=5224) to work on /home/airflow/.local/lib/python3.7/site-packages/airflow/example_dags/tutorial.py
[2023-04-24T18:45:21.453+0000] {processor.py:743} INFO - Processing file /home/airflow/.local/lib/python3.7/site-packages/airflow/example_dags/tutorial.py for tasks to queue
[2023-04-24T18:45:21.456+0000] {logging_mixin.py:137} INFO - [2023-04-24T18:45:21.456+0000] {dagbag.py:538} INFO - Filling up the DagBag from /home/airflow/.local/lib/python3.7/site-packages/airflow/example_dags/tutorial.py
[2023-04-24T18:45:21.478+0000] {processor.py:753} INFO - DAG(s) dict_keys(['tutorial']) retrieved from /home/airflow/.local/lib/python3.7/site-packages/airflow/example_dags/tutorial.py
[2023-04-24T18:45:21.500+0000] {logging_mixin.py:137} INFO - [2023-04-24T18:45:21.500+0000] {dag.py:2690} INFO - Sync 1 DAGs
[2023-04-24T18:45:21.517+0000] {logging_mixin.py:137} INFO - [2023-04-24T18:45:21.517+0000] {dag.py:3441} INFO - Setting next_dagrun for tutorial to 2023-04-23T18:45:21.517233+00:00, run_after=2023-04-24T18:45:21.517233+00:00
[2023-04-24T18:45:21.533+0000] {processor.py:175} INFO - Processing /home/airflow/.local/lib/python3.7/site-packages/airflow/example_dags/tutorial.py took 0.088 seconds
[2023-04-24T19:49:26.434+0000] {processor.py:153} INFO - Started process (PID=5300) to work on /home/airflow/.local/lib/python3.7/site-packages/airflow/example_dags/tutorial.py
[2023-04-24T19:49:26.436+0000] {processor.py:743} INFO - Processing file /home/airflow/.local/lib/python3.7/site-packages/airflow/example_dags/tutorial.py for tasks to queue
[2023-04-24T19:49:26.437+0000] {logging_mixin.py:137} INFO - [2023-04-24T19:49:26.437+0000] {dagbag.py:538} INFO - Filling up the DagBag from /home/airflow/.local/lib/python3.7/site-packages/airflow/example_dags/tutorial.py
[2023-04-24T19:49:26.449+0000] {processor.py:753} INFO - DAG(s) dict_keys(['tutorial']) retrieved from /home/airflow/.local/lib/python3.7/site-packages/airflow/example_dags/tutorial.py
[2023-04-24T19:49:26.478+0000] {logging_mixin.py:137} INFO - [2023-04-24T19:49:26.478+0000] {dag.py:2690} INFO - Sync 1 DAGs
[2023-04-24T19:49:26.496+0000] {logging_mixin.py:137} INFO - [2023-04-24T19:49:26.496+0000] {dag.py:3441} INFO - Setting next_dagrun for tutorial to 2023-04-23T19:49:26.496300+00:00, run_after=2023-04-24T19:49:26.496300+00:00
[2023-04-24T19:49:26.511+0000] {processor.py:175} INFO - Processing /home/airflow/.local/lib/python3.7/site-packages/airflow/example_dags/tutorial.py took 0.080 seconds
[2023-04-24T20:25:34.438+0000] {processor.py:153} INFO - Started process (PID=5364) to work on /home/airflow/.local/lib/python3.7/site-packages/airflow/example_dags/tutorial.py
[2023-04-24T20:25:34.439+0000] {processor.py:743} INFO - Processing file /home/airflow/.local/lib/python3.7/site-packages/airflow/example_dags/tutorial.py for tasks to queue
[2023-04-24T20:25:34.440+0000] {logging_mixin.py:137} INFO - [2023-04-24T20:25:34.440+0000] {dagbag.py:538} INFO - Filling up the DagBag from /home/airflow/.local/lib/python3.7/site-packages/airflow/example_dags/tutorial.py
[2023-04-24T20:25:34.452+0000] {processor.py:753} INFO - DAG(s) dict_keys(['tutorial']) retrieved from /home/airflow/.local/lib/python3.7/site-packages/airflow/example_dags/tutorial.py
[2023-04-24T20:25:34.473+0000] {logging_mixin.py:137} INFO - [2023-04-24T20:25:34.473+0000] {dag.py:2690} INFO - Sync 1 DAGs
[2023-04-24T20:25:34.492+0000] {logging_mixin.py:137} INFO - [2023-04-24T20:25:34.492+0000] {dag.py:3441} INFO - Setting next_dagrun for tutorial to 2023-04-23T20:25:34.492045+00:00, run_after=2023-04-24T20:25:34.492045+00:00
[2023-04-24T20:25:34.506+0000] {processor.py:175} INFO - Processing /home/airflow/.local/lib/python3.7/site-packages/airflow/example_dags/tutorial.py took 0.071 seconds
[2023-04-24T21:31:03.585+0000] {processor.py:153} INFO - Started process (PID=5440) to work on /home/airflow/.local/lib/python3.7/site-packages/airflow/example_dags/tutorial.py
[2023-04-24T21:31:03.587+0000] {processor.py:743} INFO - Processing file /home/airflow/.local/lib/python3.7/site-packages/airflow/example_dags/tutorial.py for tasks to queue
[2023-04-24T21:31:03.588+0000] {logging_mixin.py:137} INFO - [2023-04-24T21:31:03.588+0000] {dagbag.py:538} INFO - Filling up the DagBag from /home/airflow/.local/lib/python3.7/site-packages/airflow/example_dags/tutorial.py
[2023-04-24T21:31:03.600+0000] {processor.py:753} INFO - DAG(s) dict_keys(['tutorial']) retrieved from /home/airflow/.local/lib/python3.7/site-packages/airflow/example_dags/tutorial.py
[2023-04-24T21:31:03.629+0000] {logging_mixin.py:137} INFO - [2023-04-24T21:31:03.629+0000] {dag.py:2690} INFO - Sync 1 DAGs
[2023-04-24T21:31:03.647+0000] {logging_mixin.py:137} INFO - [2023-04-24T21:31:03.647+0000] {dag.py:3441} INFO - Setting next_dagrun for tutorial to 2023-04-23T21:31:03.647375+00:00, run_after=2023-04-24T21:31:03.647375+00:00
[2023-04-24T21:31:03.662+0000] {processor.py:175} INFO - Processing /home/airflow/.local/lib/python3.7/site-packages/airflow/example_dags/tutorial.py took 0.079 seconds
[2023-04-24T22:36:52.013+0000] {processor.py:153} INFO - Started process (PID=5517) to work on /home/airflow/.local/lib/python3.7/site-packages/airflow/example_dags/tutorial.py
[2023-04-24T22:36:52.014+0000] {processor.py:743} INFO - Processing file /home/airflow/.local/lib/python3.7/site-packages/airflow/example_dags/tutorial.py for tasks to queue
[2023-04-24T22:36:52.015+0000] {logging_mixin.py:137} INFO - [2023-04-24T22:36:52.015+0000] {dagbag.py:538} INFO - Filling up the DagBag from /home/airflow/.local/lib/python3.7/site-packages/airflow/example_dags/tutorial.py
[2023-04-24T22:36:52.028+0000] {processor.py:753} INFO - DAG(s) dict_keys(['tutorial']) retrieved from /home/airflow/.local/lib/python3.7/site-packages/airflow/example_dags/tutorial.py
[2023-04-24T22:36:52.054+0000] {logging_mixin.py:137} INFO - [2023-04-24T22:36:52.053+0000] {dag.py:2690} INFO - Sync 1 DAGs
[2023-04-24T22:36:52.070+0000] {logging_mixin.py:137} INFO - [2023-04-24T22:36:52.070+0000] {dag.py:3441} INFO - Setting next_dagrun for tutorial to 2023-04-23T22:36:52.070353+00:00, run_after=2023-04-24T22:36:52.070353+00:00
[2023-04-24T22:36:52.083+0000] {processor.py:175} INFO - Processing /home/airflow/.local/lib/python3.7/site-packages/airflow/example_dags/tutorial.py took 0.073 seconds
