[2023-04-28T00:36:32.815+0000] {processor.py:153} INFO - Started process (PID=14580) to work on /home/airflow/.local/lib/python3.7/site-packages/airflow/example_dags/subdags/subdag.py
[2023-04-28T00:36:32.816+0000] {processor.py:743} INFO - Processing file /home/airflow/.local/lib/python3.7/site-packages/airflow/example_dags/subdags/subdag.py for tasks to queue
[2023-04-28T00:36:32.817+0000] {logging_mixin.py:137} INFO - [2023-04-28T00:36:32.817+0000] {dagbag.py:538} INFO - Filling up the DagBag from /home/airflow/.local/lib/python3.7/site-packages/airflow/example_dags/subdags/subdag.py
[2023-04-28T00:36:32.820+0000] {processor.py:755} WARNING - No viable dags retrieved from /home/airflow/.local/lib/python3.7/site-packages/airflow/example_dags/subdags/subdag.py
[2023-04-28T00:36:32.833+0000] {processor.py:175} INFO - Processing /home/airflow/.local/lib/python3.7/site-packages/airflow/example_dags/subdags/subdag.py took 0.020 seconds
[2023-04-28T01:42:54.298+0000] {processor.py:153} INFO - Started process (PID=14658) to work on /home/airflow/.local/lib/python3.7/site-packages/airflow/example_dags/subdags/subdag.py
[2023-04-28T01:42:54.299+0000] {processor.py:743} INFO - Processing file /home/airflow/.local/lib/python3.7/site-packages/airflow/example_dags/subdags/subdag.py for tasks to queue
[2023-04-28T01:42:54.300+0000] {logging_mixin.py:137} INFO - [2023-04-28T01:42:54.300+0000] {dagbag.py:538} INFO - Filling up the DagBag from /home/airflow/.local/lib/python3.7/site-packages/airflow/example_dags/subdags/subdag.py
[2023-04-28T01:42:54.303+0000] {processor.py:755} WARNING - No viable dags retrieved from /home/airflow/.local/lib/python3.7/site-packages/airflow/example_dags/subdags/subdag.py
[2023-04-28T01:42:54.316+0000] {processor.py:175} INFO - Processing /home/airflow/.local/lib/python3.7/site-packages/airflow/example_dags/subdags/subdag.py took 0.021 seconds
[2023-04-28T02:48:42.204+0000] {processor.py:153} INFO - Started process (PID=14724) to work on /home/airflow/.local/lib/python3.7/site-packages/airflow/example_dags/subdags/subdag.py
[2023-04-28T02:48:42.206+0000] {processor.py:743} INFO - Processing file /home/airflow/.local/lib/python3.7/site-packages/airflow/example_dags/subdags/subdag.py for tasks to queue
[2023-04-28T02:48:42.206+0000] {logging_mixin.py:137} INFO - [2023-04-28T02:48:42.206+0000] {dagbag.py:538} INFO - Filling up the DagBag from /home/airflow/.local/lib/python3.7/site-packages/airflow/example_dags/subdags/subdag.py
[2023-04-28T02:48:42.210+0000] {processor.py:755} WARNING - No viable dags retrieved from /home/airflow/.local/lib/python3.7/site-packages/airflow/example_dags/subdags/subdag.py
[2023-04-28T02:48:42.223+0000] {processor.py:175} INFO - Processing /home/airflow/.local/lib/python3.7/site-packages/airflow/example_dags/subdags/subdag.py took 0.021 seconds
[2023-04-28T03:54:55.602+0000] {processor.py:153} INFO - Started process (PID=14801) to work on /home/airflow/.local/lib/python3.7/site-packages/airflow/example_dags/subdags/subdag.py
[2023-04-28T03:54:55.603+0000] {processor.py:743} INFO - Processing file /home/airflow/.local/lib/python3.7/site-packages/airflow/example_dags/subdags/subdag.py for tasks to queue
[2023-04-28T03:54:55.604+0000] {logging_mixin.py:137} INFO - [2023-04-28T03:54:55.604+0000] {dagbag.py:538} INFO - Filling up the DagBag from /home/airflow/.local/lib/python3.7/site-packages/airflow/example_dags/subdags/subdag.py
[2023-04-28T03:54:55.607+0000] {processor.py:755} WARNING - No viable dags retrieved from /home/airflow/.local/lib/python3.7/site-packages/airflow/example_dags/subdags/subdag.py
[2023-04-28T03:54:55.620+0000] {processor.py:175} INFO - Processing /home/airflow/.local/lib/python3.7/site-packages/airflow/example_dags/subdags/subdag.py took 0.021 seconds
[2023-04-28T05:16:17.480+0000] {processor.py:153} INFO - Started process (PID=14877) to work on /home/airflow/.local/lib/python3.7/site-packages/airflow/example_dags/subdags/subdag.py
[2023-04-28T05:16:17.482+0000] {processor.py:743} INFO - Processing file /home/airflow/.local/lib/python3.7/site-packages/airflow/example_dags/subdags/subdag.py for tasks to queue
[2023-04-28T05:16:17.488+0000] {logging_mixin.py:137} INFO - [2023-04-28T05:16:17.488+0000] {dagbag.py:538} INFO - Filling up the DagBag from /home/airflow/.local/lib/python3.7/site-packages/airflow/example_dags/subdags/subdag.py
[2023-04-28T05:16:17.493+0000] {processor.py:755} WARNING - No viable dags retrieved from /home/airflow/.local/lib/python3.7/site-packages/airflow/example_dags/subdags/subdag.py
[2023-04-28T05:16:17.507+0000] {processor.py:175} INFO - Processing /home/airflow/.local/lib/python3.7/site-packages/airflow/example_dags/subdags/subdag.py took 0.030 seconds
[2023-04-28T05:32:13.730+0000] {processor.py:153} INFO - Started process (PID=14947) to work on /home/airflow/.local/lib/python3.7/site-packages/airflow/example_dags/subdags/subdag.py
[2023-04-28T05:32:13.731+0000] {processor.py:743} INFO - Processing file /home/airflow/.local/lib/python3.7/site-packages/airflow/example_dags/subdags/subdag.py for tasks to queue
[2023-04-28T05:32:13.732+0000] {logging_mixin.py:137} INFO - [2023-04-28T05:32:13.732+0000] {dagbag.py:538} INFO - Filling up the DagBag from /home/airflow/.local/lib/python3.7/site-packages/airflow/example_dags/subdags/subdag.py
[2023-04-28T05:32:13.736+0000] {processor.py:755} WARNING - No viable dags retrieved from /home/airflow/.local/lib/python3.7/site-packages/airflow/example_dags/subdags/subdag.py
[2023-04-28T05:32:13.749+0000] {processor.py:175} INFO - Processing /home/airflow/.local/lib/python3.7/site-packages/airflow/example_dags/subdags/subdag.py took 0.022 seconds
[2023-04-28T05:32:44.375+0000] {processor.py:153} INFO - Started process (PID=15024) to work on /home/airflow/.local/lib/python3.7/site-packages/airflow/example_dags/subdags/subdag.py
[2023-04-28T05:32:44.377+0000] {processor.py:743} INFO - Processing file /home/airflow/.local/lib/python3.7/site-packages/airflow/example_dags/subdags/subdag.py for tasks to queue
[2023-04-28T05:32:44.377+0000] {logging_mixin.py:137} INFO - [2023-04-28T05:32:44.377+0000] {dagbag.py:538} INFO - Filling up the DagBag from /home/airflow/.local/lib/python3.7/site-packages/airflow/example_dags/subdags/subdag.py
[2023-04-28T05:32:44.381+0000] {processor.py:755} WARNING - No viable dags retrieved from /home/airflow/.local/lib/python3.7/site-packages/airflow/example_dags/subdags/subdag.py
[2023-04-28T05:32:44.394+0000] {processor.py:175} INFO - Processing /home/airflow/.local/lib/python3.7/site-packages/airflow/example_dags/subdags/subdag.py took 0.021 seconds
[2023-04-28T06:03:56.736+0000] {processor.py:153} INFO - Started process (PID=15101) to work on /home/airflow/.local/lib/python3.7/site-packages/airflow/example_dags/subdags/subdag.py
[2023-04-28T06:03:56.738+0000] {processor.py:743} INFO - Processing file /home/airflow/.local/lib/python3.7/site-packages/airflow/example_dags/subdags/subdag.py for tasks to queue
[2023-04-28T06:03:56.739+0000] {logging_mixin.py:137} INFO - [2023-04-28T06:03:56.739+0000] {dagbag.py:538} INFO - Filling up the DagBag from /home/airflow/.local/lib/python3.7/site-packages/airflow/example_dags/subdags/subdag.py
[2023-04-28T06:03:56.743+0000] {processor.py:755} WARNING - No viable dags retrieved from /home/airflow/.local/lib/python3.7/site-packages/airflow/example_dags/subdags/subdag.py
[2023-04-28T06:03:56.759+0000] {processor.py:175} INFO - Processing /home/airflow/.local/lib/python3.7/site-packages/airflow/example_dags/subdags/subdag.py took 0.026 seconds
[2023-04-28T06:04:42.173+0000] {processor.py:153} INFO - Started process (PID=15170) to work on /home/airflow/.local/lib/python3.7/site-packages/airflow/example_dags/subdags/subdag.py
[2023-04-28T06:04:42.174+0000] {processor.py:743} INFO - Processing file /home/airflow/.local/lib/python3.7/site-packages/airflow/example_dags/subdags/subdag.py for tasks to queue
[2023-04-28T06:04:42.175+0000] {logging_mixin.py:137} INFO - [2023-04-28T06:04:42.174+0000] {dagbag.py:538} INFO - Filling up the DagBag from /home/airflow/.local/lib/python3.7/site-packages/airflow/example_dags/subdags/subdag.py
[2023-04-28T06:04:42.177+0000] {processor.py:755} WARNING - No viable dags retrieved from /home/airflow/.local/lib/python3.7/site-packages/airflow/example_dags/subdags/subdag.py
[2023-04-28T06:04:42.190+0000] {processor.py:175} INFO - Processing /home/airflow/.local/lib/python3.7/site-packages/airflow/example_dags/subdags/subdag.py took 0.021 seconds
[2023-04-28T06:05:12.918+0000] {processor.py:153} INFO - Started process (PID=15248) to work on /home/airflow/.local/lib/python3.7/site-packages/airflow/example_dags/subdags/subdag.py
[2023-04-28T06:05:12.919+0000] {processor.py:743} INFO - Processing file /home/airflow/.local/lib/python3.7/site-packages/airflow/example_dags/subdags/subdag.py for tasks to queue
[2023-04-28T06:05:12.921+0000] {logging_mixin.py:137} INFO - [2023-04-28T06:05:12.921+0000] {dagbag.py:538} INFO - Filling up the DagBag from /home/airflow/.local/lib/python3.7/site-packages/airflow/example_dags/subdags/subdag.py
[2023-04-28T06:05:12.929+0000] {processor.py:755} WARNING - No viable dags retrieved from /home/airflow/.local/lib/python3.7/site-packages/airflow/example_dags/subdags/subdag.py
[2023-04-28T06:05:12.944+0000] {processor.py:175} INFO - Processing /home/airflow/.local/lib/python3.7/site-packages/airflow/example_dags/subdags/subdag.py took 0.029 seconds
[2023-04-28T06:05:43.281+0000] {processor.py:153} INFO - Started process (PID=15314) to work on /home/airflow/.local/lib/python3.7/site-packages/airflow/example_dags/subdags/subdag.py
[2023-04-28T06:05:43.283+0000] {processor.py:743} INFO - Processing file /home/airflow/.local/lib/python3.7/site-packages/airflow/example_dags/subdags/subdag.py for tasks to queue
[2023-04-28T06:05:43.283+0000] {logging_mixin.py:137} INFO - [2023-04-28T06:05:43.283+0000] {dagbag.py:538} INFO - Filling up the DagBag from /home/airflow/.local/lib/python3.7/site-packages/airflow/example_dags/subdags/subdag.py
[2023-04-28T06:05:43.287+0000] {processor.py:755} WARNING - No viable dags retrieved from /home/airflow/.local/lib/python3.7/site-packages/airflow/example_dags/subdags/subdag.py
[2023-04-28T06:05:43.299+0000] {processor.py:175} INFO - Processing /home/airflow/.local/lib/python3.7/site-packages/airflow/example_dags/subdags/subdag.py took 0.021 seconds
[2023-04-28T06:06:13.588+0000] {processor.py:153} INFO - Started process (PID=15394) to work on /home/airflow/.local/lib/python3.7/site-packages/airflow/example_dags/subdags/subdag.py
[2023-04-28T06:06:13.589+0000] {processor.py:743} INFO - Processing file /home/airflow/.local/lib/python3.7/site-packages/airflow/example_dags/subdags/subdag.py for tasks to queue
[2023-04-28T06:06:13.590+0000] {logging_mixin.py:137} INFO - [2023-04-28T06:06:13.590+0000] {dagbag.py:538} INFO - Filling up the DagBag from /home/airflow/.local/lib/python3.7/site-packages/airflow/example_dags/subdags/subdag.py
[2023-04-28T06:06:13.593+0000] {processor.py:755} WARNING - No viable dags retrieved from /home/airflow/.local/lib/python3.7/site-packages/airflow/example_dags/subdags/subdag.py
[2023-04-28T06:06:13.607+0000] {processor.py:175} INFO - Processing /home/airflow/.local/lib/python3.7/site-packages/airflow/example_dags/subdags/subdag.py took 0.022 seconds
[2023-04-28T06:06:44.322+0000] {processor.py:153} INFO - Started process (PID=15471) to work on /home/airflow/.local/lib/python3.7/site-packages/airflow/example_dags/subdags/subdag.py
[2023-04-28T06:06:44.324+0000] {processor.py:743} INFO - Processing file /home/airflow/.local/lib/python3.7/site-packages/airflow/example_dags/subdags/subdag.py for tasks to queue
[2023-04-28T06:06:44.325+0000] {logging_mixin.py:137} INFO - [2023-04-28T06:06:44.325+0000] {dagbag.py:538} INFO - Filling up the DagBag from /home/airflow/.local/lib/python3.7/site-packages/airflow/example_dags/subdags/subdag.py
[2023-04-28T06:06:44.328+0000] {processor.py:755} WARNING - No viable dags retrieved from /home/airflow/.local/lib/python3.7/site-packages/airflow/example_dags/subdags/subdag.py
[2023-04-28T06:06:44.342+0000] {processor.py:175} INFO - Processing /home/airflow/.local/lib/python3.7/site-packages/airflow/example_dags/subdags/subdag.py took 0.022 seconds
[2023-04-28T06:07:14.663+0000] {processor.py:153} INFO - Started process (PID=15538) to work on /home/airflow/.local/lib/python3.7/site-packages/airflow/example_dags/subdags/subdag.py
[2023-04-28T06:07:14.664+0000] {processor.py:743} INFO - Processing file /home/airflow/.local/lib/python3.7/site-packages/airflow/example_dags/subdags/subdag.py for tasks to queue
[2023-04-28T06:07:14.665+0000] {logging_mixin.py:137} INFO - [2023-04-28T06:07:14.665+0000] {dagbag.py:538} INFO - Filling up the DagBag from /home/airflow/.local/lib/python3.7/site-packages/airflow/example_dags/subdags/subdag.py
[2023-04-28T06:07:14.668+0000] {processor.py:755} WARNING - No viable dags retrieved from /home/airflow/.local/lib/python3.7/site-packages/airflow/example_dags/subdags/subdag.py
[2023-04-28T06:07:14.682+0000] {processor.py:175} INFO - Processing /home/airflow/.local/lib/python3.7/site-packages/airflow/example_dags/subdags/subdag.py took 0.021 seconds
[2023-04-28T06:07:45.144+0000] {processor.py:153} INFO - Started process (PID=15616) to work on /home/airflow/.local/lib/python3.7/site-packages/airflow/example_dags/subdags/subdag.py
[2023-04-28T06:07:45.145+0000] {processor.py:743} INFO - Processing file /home/airflow/.local/lib/python3.7/site-packages/airflow/example_dags/subdags/subdag.py for tasks to queue
[2023-04-28T06:07:45.146+0000] {logging_mixin.py:137} INFO - [2023-04-28T06:07:45.146+0000] {dagbag.py:538} INFO - Filling up the DagBag from /home/airflow/.local/lib/python3.7/site-packages/airflow/example_dags/subdags/subdag.py
[2023-04-28T06:07:45.149+0000] {processor.py:755} WARNING - No viable dags retrieved from /home/airflow/.local/lib/python3.7/site-packages/airflow/example_dags/subdags/subdag.py
[2023-04-28T06:07:45.162+0000] {processor.py:175} INFO - Processing /home/airflow/.local/lib/python3.7/site-packages/airflow/example_dags/subdags/subdag.py took 0.021 seconds
[2023-04-28T06:08:15.528+0000] {processor.py:153} INFO - Started process (PID=15694) to work on /home/airflow/.local/lib/python3.7/site-packages/airflow/example_dags/subdags/subdag.py
[2023-04-28T06:08:15.529+0000] {processor.py:743} INFO - Processing file /home/airflow/.local/lib/python3.7/site-packages/airflow/example_dags/subdags/subdag.py for tasks to queue
[2023-04-28T06:08:15.530+0000] {logging_mixin.py:137} INFO - [2023-04-28T06:08:15.530+0000] {dagbag.py:538} INFO - Filling up the DagBag from /home/airflow/.local/lib/python3.7/site-packages/airflow/example_dags/subdags/subdag.py
[2023-04-28T06:08:15.533+0000] {processor.py:755} WARNING - No viable dags retrieved from /home/airflow/.local/lib/python3.7/site-packages/airflow/example_dags/subdags/subdag.py
[2023-04-28T06:08:15.546+0000] {processor.py:175} INFO - Processing /home/airflow/.local/lib/python3.7/site-packages/airflow/example_dags/subdags/subdag.py took 0.021 seconds
[2023-04-28T06:08:46.085+0000] {processor.py:153} INFO - Started process (PID=15760) to work on /home/airflow/.local/lib/python3.7/site-packages/airflow/example_dags/subdags/subdag.py
[2023-04-28T06:08:46.087+0000] {processor.py:743} INFO - Processing file /home/airflow/.local/lib/python3.7/site-packages/airflow/example_dags/subdags/subdag.py for tasks to queue
[2023-04-28T06:08:46.087+0000] {logging_mixin.py:137} INFO - [2023-04-28T06:08:46.087+0000] {dagbag.py:538} INFO - Filling up the DagBag from /home/airflow/.local/lib/python3.7/site-packages/airflow/example_dags/subdags/subdag.py
[2023-04-28T06:08:46.090+0000] {processor.py:755} WARNING - No viable dags retrieved from /home/airflow/.local/lib/python3.7/site-packages/airflow/example_dags/subdags/subdag.py
[2023-04-28T06:08:46.104+0000] {processor.py:175} INFO - Processing /home/airflow/.local/lib/python3.7/site-packages/airflow/example_dags/subdags/subdag.py took 0.021 seconds
[2023-04-28T06:09:16.486+0000] {processor.py:153} INFO - Started process (PID=15838) to work on /home/airflow/.local/lib/python3.7/site-packages/airflow/example_dags/subdags/subdag.py
[2023-04-28T06:09:16.487+0000] {processor.py:743} INFO - Processing file /home/airflow/.local/lib/python3.7/site-packages/airflow/example_dags/subdags/subdag.py for tasks to queue
[2023-04-28T06:09:16.488+0000] {logging_mixin.py:137} INFO - [2023-04-28T06:09:16.488+0000] {dagbag.py:538} INFO - Filling up the DagBag from /home/airflow/.local/lib/python3.7/site-packages/airflow/example_dags/subdags/subdag.py
[2023-04-28T06:09:16.491+0000] {processor.py:755} WARNING - No viable dags retrieved from /home/airflow/.local/lib/python3.7/site-packages/airflow/example_dags/subdags/subdag.py
[2023-04-28T06:09:16.504+0000] {processor.py:175} INFO - Processing /home/airflow/.local/lib/python3.7/site-packages/airflow/example_dags/subdags/subdag.py took 0.021 seconds
[2023-04-28T06:09:47.508+0000] {processor.py:153} INFO - Started process (PID=15917) to work on /home/airflow/.local/lib/python3.7/site-packages/airflow/example_dags/subdags/subdag.py
[2023-04-28T06:09:47.509+0000] {processor.py:743} INFO - Processing file /home/airflow/.local/lib/python3.7/site-packages/airflow/example_dags/subdags/subdag.py for tasks to queue
[2023-04-28T06:09:47.510+0000] {logging_mixin.py:137} INFO - [2023-04-28T06:09:47.510+0000] {dagbag.py:538} INFO - Filling up the DagBag from /home/airflow/.local/lib/python3.7/site-packages/airflow/example_dags/subdags/subdag.py
[2023-04-28T06:09:47.513+0000] {processor.py:755} WARNING - No viable dags retrieved from /home/airflow/.local/lib/python3.7/site-packages/airflow/example_dags/subdags/subdag.py
[2023-04-28T06:09:47.526+0000] {processor.py:175} INFO - Processing /home/airflow/.local/lib/python3.7/site-packages/airflow/example_dags/subdags/subdag.py took 0.021 seconds
[2023-04-28T06:10:17.870+0000] {processor.py:153} INFO - Started process (PID=15982) to work on /home/airflow/.local/lib/python3.7/site-packages/airflow/example_dags/subdags/subdag.py
[2023-04-28T06:10:17.871+0000] {processor.py:743} INFO - Processing file /home/airflow/.local/lib/python3.7/site-packages/airflow/example_dags/subdags/subdag.py for tasks to queue
[2023-04-28T06:10:17.872+0000] {logging_mixin.py:137} INFO - [2023-04-28T06:10:17.872+0000] {dagbag.py:538} INFO - Filling up the DagBag from /home/airflow/.local/lib/python3.7/site-packages/airflow/example_dags/subdags/subdag.py
[2023-04-28T06:10:17.876+0000] {processor.py:755} WARNING - No viable dags retrieved from /home/airflow/.local/lib/python3.7/site-packages/airflow/example_dags/subdags/subdag.py
[2023-04-28T06:10:17.890+0000] {processor.py:175} INFO - Processing /home/airflow/.local/lib/python3.7/site-packages/airflow/example_dags/subdags/subdag.py took 0.023 seconds
[2023-04-28T06:10:48.269+0000] {processor.py:153} INFO - Started process (PID=16060) to work on /home/airflow/.local/lib/python3.7/site-packages/airflow/example_dags/subdags/subdag.py
[2023-04-28T06:10:48.271+0000] {processor.py:743} INFO - Processing file /home/airflow/.local/lib/python3.7/site-packages/airflow/example_dags/subdags/subdag.py for tasks to queue
[2023-04-28T06:10:48.272+0000] {logging_mixin.py:137} INFO - [2023-04-28T06:10:48.272+0000] {dagbag.py:538} INFO - Filling up the DagBag from /home/airflow/.local/lib/python3.7/site-packages/airflow/example_dags/subdags/subdag.py
[2023-04-28T06:10:48.275+0000] {processor.py:755} WARNING - No viable dags retrieved from /home/airflow/.local/lib/python3.7/site-packages/airflow/example_dags/subdags/subdag.py
[2023-04-28T06:10:48.289+0000] {processor.py:175} INFO - Processing /home/airflow/.local/lib/python3.7/site-packages/airflow/example_dags/subdags/subdag.py took 0.022 seconds
[2023-04-28T06:11:18.812+0000] {processor.py:153} INFO - Started process (PID=16138) to work on /home/airflow/.local/lib/python3.7/site-packages/airflow/example_dags/subdags/subdag.py
[2023-04-28T06:11:18.813+0000] {processor.py:743} INFO - Processing file /home/airflow/.local/lib/python3.7/site-packages/airflow/example_dags/subdags/subdag.py for tasks to queue
[2023-04-28T06:11:18.814+0000] {logging_mixin.py:137} INFO - [2023-04-28T06:11:18.814+0000] {dagbag.py:538} INFO - Filling up the DagBag from /home/airflow/.local/lib/python3.7/site-packages/airflow/example_dags/subdags/subdag.py
[2023-04-28T06:11:18.817+0000] {processor.py:755} WARNING - No viable dags retrieved from /home/airflow/.local/lib/python3.7/site-packages/airflow/example_dags/subdags/subdag.py
[2023-04-28T06:11:18.830+0000] {processor.py:175} INFO - Processing /home/airflow/.local/lib/python3.7/site-packages/airflow/example_dags/subdags/subdag.py took 0.021 seconds
[2023-04-28T06:11:49.544+0000] {processor.py:153} INFO - Started process (PID=16204) to work on /home/airflow/.local/lib/python3.7/site-packages/airflow/example_dags/subdags/subdag.py
[2023-04-28T06:11:49.555+0000] {processor.py:743} INFO - Processing file /home/airflow/.local/lib/python3.7/site-packages/airflow/example_dags/subdags/subdag.py for tasks to queue
[2023-04-28T06:11:49.556+0000] {logging_mixin.py:137} INFO - [2023-04-28T06:11:49.556+0000] {dagbag.py:538} INFO - Filling up the DagBag from /home/airflow/.local/lib/python3.7/site-packages/airflow/example_dags/subdags/subdag.py
[2023-04-28T06:11:49.563+0000] {processor.py:755} WARNING - No viable dags retrieved from /home/airflow/.local/lib/python3.7/site-packages/airflow/example_dags/subdags/subdag.py
[2023-04-28T06:11:49.580+0000] {processor.py:175} INFO - Processing /home/airflow/.local/lib/python3.7/site-packages/airflow/example_dags/subdags/subdag.py took 0.050 seconds
[2023-04-28T06:12:19.942+0000] {processor.py:153} INFO - Started process (PID=16282) to work on /home/airflow/.local/lib/python3.7/site-packages/airflow/example_dags/subdags/subdag.py
[2023-04-28T06:12:19.945+0000] {processor.py:743} INFO - Processing file /home/airflow/.local/lib/python3.7/site-packages/airflow/example_dags/subdags/subdag.py for tasks to queue
[2023-04-28T06:12:19.946+0000] {logging_mixin.py:137} INFO - [2023-04-28T06:12:19.946+0000] {dagbag.py:538} INFO - Filling up the DagBag from /home/airflow/.local/lib/python3.7/site-packages/airflow/example_dags/subdags/subdag.py
[2023-04-28T06:12:19.951+0000] {processor.py:755} WARNING - No viable dags retrieved from /home/airflow/.local/lib/python3.7/site-packages/airflow/example_dags/subdags/subdag.py
[2023-04-28T06:12:19.966+0000] {processor.py:175} INFO - Processing /home/airflow/.local/lib/python3.7/site-packages/airflow/example_dags/subdags/subdag.py took 0.028 seconds
[2023-04-28T06:12:50.531+0000] {processor.py:153} INFO - Started process (PID=16359) to work on /home/airflow/.local/lib/python3.7/site-packages/airflow/example_dags/subdags/subdag.py
[2023-04-28T06:12:50.533+0000] {processor.py:743} INFO - Processing file /home/airflow/.local/lib/python3.7/site-packages/airflow/example_dags/subdags/subdag.py for tasks to queue
[2023-04-28T06:12:50.533+0000] {logging_mixin.py:137} INFO - [2023-04-28T06:12:50.533+0000] {dagbag.py:538} INFO - Filling up the DagBag from /home/airflow/.local/lib/python3.7/site-packages/airflow/example_dags/subdags/subdag.py
[2023-04-28T06:12:50.536+0000] {processor.py:755} WARNING - No viable dags retrieved from /home/airflow/.local/lib/python3.7/site-packages/airflow/example_dags/subdags/subdag.py
[2023-04-28T06:12:50.550+0000] {processor.py:175} INFO - Processing /home/airflow/.local/lib/python3.7/site-packages/airflow/example_dags/subdags/subdag.py took 0.023 seconds
[2023-04-28T06:13:21.093+0000] {processor.py:153} INFO - Started process (PID=16426) to work on /home/airflow/.local/lib/python3.7/site-packages/airflow/example_dags/subdags/subdag.py
[2023-04-28T06:13:21.094+0000] {processor.py:743} INFO - Processing file /home/airflow/.local/lib/python3.7/site-packages/airflow/example_dags/subdags/subdag.py for tasks to queue
[2023-04-28T06:13:21.095+0000] {logging_mixin.py:137} INFO - [2023-04-28T06:13:21.095+0000] {dagbag.py:538} INFO - Filling up the DagBag from /home/airflow/.local/lib/python3.7/site-packages/airflow/example_dags/subdags/subdag.py
[2023-04-28T06:13:21.098+0000] {processor.py:755} WARNING - No viable dags retrieved from /home/airflow/.local/lib/python3.7/site-packages/airflow/example_dags/subdags/subdag.py
[2023-04-28T06:13:21.112+0000] {processor.py:175} INFO - Processing /home/airflow/.local/lib/python3.7/site-packages/airflow/example_dags/subdags/subdag.py took 0.021 seconds
[2023-04-28T06:13:51.458+0000] {processor.py:153} INFO - Started process (PID=16504) to work on /home/airflow/.local/lib/python3.7/site-packages/airflow/example_dags/subdags/subdag.py
[2023-04-28T06:13:51.460+0000] {processor.py:743} INFO - Processing file /home/airflow/.local/lib/python3.7/site-packages/airflow/example_dags/subdags/subdag.py for tasks to queue
[2023-04-28T06:13:51.461+0000] {logging_mixin.py:137} INFO - [2023-04-28T06:13:51.460+0000] {dagbag.py:538} INFO - Filling up the DagBag from /home/airflow/.local/lib/python3.7/site-packages/airflow/example_dags/subdags/subdag.py
[2023-04-28T06:13:51.464+0000] {processor.py:755} WARNING - No viable dags retrieved from /home/airflow/.local/lib/python3.7/site-packages/airflow/example_dags/subdags/subdag.py
[2023-04-28T06:13:51.477+0000] {processor.py:175} INFO - Processing /home/airflow/.local/lib/python3.7/site-packages/airflow/example_dags/subdags/subdag.py took 0.021 seconds
[2023-04-28T06:14:21.855+0000] {processor.py:153} INFO - Started process (PID=16582) to work on /home/airflow/.local/lib/python3.7/site-packages/airflow/example_dags/subdags/subdag.py
[2023-04-28T06:14:21.856+0000] {processor.py:743} INFO - Processing file /home/airflow/.local/lib/python3.7/site-packages/airflow/example_dags/subdags/subdag.py for tasks to queue
[2023-04-28T06:14:21.857+0000] {logging_mixin.py:137} INFO - [2023-04-28T06:14:21.856+0000] {dagbag.py:538} INFO - Filling up the DagBag from /home/airflow/.local/lib/python3.7/site-packages/airflow/example_dags/subdags/subdag.py
[2023-04-28T06:14:21.859+0000] {processor.py:755} WARNING - No viable dags retrieved from /home/airflow/.local/lib/python3.7/site-packages/airflow/example_dags/subdags/subdag.py
[2023-04-28T06:14:21.873+0000] {processor.py:175} INFO - Processing /home/airflow/.local/lib/python3.7/site-packages/airflow/example_dags/subdags/subdag.py took 0.021 seconds
[2023-04-28T06:14:52.386+0000] {processor.py:153} INFO - Started process (PID=16647) to work on /home/airflow/.local/lib/python3.7/site-packages/airflow/example_dags/subdags/subdag.py
[2023-04-28T06:14:52.388+0000] {processor.py:743} INFO - Processing file /home/airflow/.local/lib/python3.7/site-packages/airflow/example_dags/subdags/subdag.py for tasks to queue
[2023-04-28T06:14:52.389+0000] {logging_mixin.py:137} INFO - [2023-04-28T06:14:52.389+0000] {dagbag.py:538} INFO - Filling up the DagBag from /home/airflow/.local/lib/python3.7/site-packages/airflow/example_dags/subdags/subdag.py
[2023-04-28T06:14:52.393+0000] {processor.py:755} WARNING - No viable dags retrieved from /home/airflow/.local/lib/python3.7/site-packages/airflow/example_dags/subdags/subdag.py
[2023-04-28T06:14:52.406+0000] {processor.py:175} INFO - Processing /home/airflow/.local/lib/python3.7/site-packages/airflow/example_dags/subdags/subdag.py took 0.022 seconds
[2023-04-28T06:15:22.771+0000] {processor.py:153} INFO - Started process (PID=16725) to work on /home/airflow/.local/lib/python3.7/site-packages/airflow/example_dags/subdags/subdag.py
[2023-04-28T06:15:22.773+0000] {processor.py:743} INFO - Processing file /home/airflow/.local/lib/python3.7/site-packages/airflow/example_dags/subdags/subdag.py for tasks to queue
[2023-04-28T06:15:22.774+0000] {logging_mixin.py:137} INFO - [2023-04-28T06:15:22.774+0000] {dagbag.py:538} INFO - Filling up the DagBag from /home/airflow/.local/lib/python3.7/site-packages/airflow/example_dags/subdags/subdag.py
[2023-04-28T06:15:22.777+0000] {processor.py:755} WARNING - No viable dags retrieved from /home/airflow/.local/lib/python3.7/site-packages/airflow/example_dags/subdags/subdag.py
[2023-04-28T06:15:22.791+0000] {processor.py:175} INFO - Processing /home/airflow/.local/lib/python3.7/site-packages/airflow/example_dags/subdags/subdag.py took 0.024 seconds
[2023-04-28T06:15:53.031+0000] {processor.py:153} INFO - Started process (PID=16802) to work on /home/airflow/.local/lib/python3.7/site-packages/airflow/example_dags/subdags/subdag.py
[2023-04-28T06:15:53.032+0000] {processor.py:743} INFO - Processing file /home/airflow/.local/lib/python3.7/site-packages/airflow/example_dags/subdags/subdag.py for tasks to queue
[2023-04-28T06:15:53.033+0000] {logging_mixin.py:137} INFO - [2023-04-28T06:15:53.033+0000] {dagbag.py:538} INFO - Filling up the DagBag from /home/airflow/.local/lib/python3.7/site-packages/airflow/example_dags/subdags/subdag.py
[2023-04-28T06:15:53.037+0000] {processor.py:755} WARNING - No viable dags retrieved from /home/airflow/.local/lib/python3.7/site-packages/airflow/example_dags/subdags/subdag.py
[2023-04-28T06:15:53.050+0000] {processor.py:175} INFO - Processing /home/airflow/.local/lib/python3.7/site-packages/airflow/example_dags/subdags/subdag.py took 0.021 seconds
[2023-04-28T06:16:23.326+0000] {processor.py:153} INFO - Started process (PID=16867) to work on /home/airflow/.local/lib/python3.7/site-packages/airflow/example_dags/subdags/subdag.py
[2023-04-28T06:16:23.328+0000] {processor.py:743} INFO - Processing file /home/airflow/.local/lib/python3.7/site-packages/airflow/example_dags/subdags/subdag.py for tasks to queue
[2023-04-28T06:16:23.329+0000] {logging_mixin.py:137} INFO - [2023-04-28T06:16:23.328+0000] {dagbag.py:538} INFO - Filling up the DagBag from /home/airflow/.local/lib/python3.7/site-packages/airflow/example_dags/subdags/subdag.py
[2023-04-28T06:16:23.331+0000] {processor.py:755} WARNING - No viable dags retrieved from /home/airflow/.local/lib/python3.7/site-packages/airflow/example_dags/subdags/subdag.py
[2023-04-28T06:16:23.344+0000] {processor.py:175} INFO - Processing /home/airflow/.local/lib/python3.7/site-packages/airflow/example_dags/subdags/subdag.py took 0.021 seconds
[2023-04-28T06:16:53.944+0000] {processor.py:153} INFO - Started process (PID=16945) to work on /home/airflow/.local/lib/python3.7/site-packages/airflow/example_dags/subdags/subdag.py
[2023-04-28T06:16:53.945+0000] {processor.py:743} INFO - Processing file /home/airflow/.local/lib/python3.7/site-packages/airflow/example_dags/subdags/subdag.py for tasks to queue
[2023-04-28T06:16:53.946+0000] {logging_mixin.py:137} INFO - [2023-04-28T06:16:53.946+0000] {dagbag.py:538} INFO - Filling up the DagBag from /home/airflow/.local/lib/python3.7/site-packages/airflow/example_dags/subdags/subdag.py
[2023-04-28T06:16:53.949+0000] {processor.py:755} WARNING - No viable dags retrieved from /home/airflow/.local/lib/python3.7/site-packages/airflow/example_dags/subdags/subdag.py
[2023-04-28T06:16:53.962+0000] {processor.py:175} INFO - Processing /home/airflow/.local/lib/python3.7/site-packages/airflow/example_dags/subdags/subdag.py took 0.021 seconds
[2023-04-28T06:17:24.235+0000] {processor.py:153} INFO - Started process (PID=17023) to work on /home/airflow/.local/lib/python3.7/site-packages/airflow/example_dags/subdags/subdag.py
[2023-04-28T06:17:24.237+0000] {processor.py:743} INFO - Processing file /home/airflow/.local/lib/python3.7/site-packages/airflow/example_dags/subdags/subdag.py for tasks to queue
[2023-04-28T06:17:24.237+0000] {logging_mixin.py:137} INFO - [2023-04-28T06:17:24.237+0000] {dagbag.py:538} INFO - Filling up the DagBag from /home/airflow/.local/lib/python3.7/site-packages/airflow/example_dags/subdags/subdag.py
[2023-04-28T06:17:24.241+0000] {processor.py:755} WARNING - No viable dags retrieved from /home/airflow/.local/lib/python3.7/site-packages/airflow/example_dags/subdags/subdag.py
[2023-04-28T06:17:24.253+0000] {processor.py:175} INFO - Processing /home/airflow/.local/lib/python3.7/site-packages/airflow/example_dags/subdags/subdag.py took 0.021 seconds
[2023-04-28T06:17:54.832+0000] {processor.py:153} INFO - Started process (PID=17101) to work on /home/airflow/.local/lib/python3.7/site-packages/airflow/example_dags/subdags/subdag.py
[2023-04-28T06:17:54.834+0000] {processor.py:743} INFO - Processing file /home/airflow/.local/lib/python3.7/site-packages/airflow/example_dags/subdags/subdag.py for tasks to queue
[2023-04-28T06:17:54.835+0000] {logging_mixin.py:137} INFO - [2023-04-28T06:17:54.835+0000] {dagbag.py:538} INFO - Filling up the DagBag from /home/airflow/.local/lib/python3.7/site-packages/airflow/example_dags/subdags/subdag.py
[2023-04-28T06:17:54.840+0000] {processor.py:755} WARNING - No viable dags retrieved from /home/airflow/.local/lib/python3.7/site-packages/airflow/example_dags/subdags/subdag.py
[2023-04-28T06:17:54.857+0000] {processor.py:175} INFO - Processing /home/airflow/.local/lib/python3.7/site-packages/airflow/example_dags/subdags/subdag.py took 0.028 seconds
[2023-04-28T06:18:25.214+0000] {processor.py:153} INFO - Started process (PID=17166) to work on /home/airflow/.local/lib/python3.7/site-packages/airflow/example_dags/subdags/subdag.py
[2023-04-28T06:18:25.215+0000] {processor.py:743} INFO - Processing file /home/airflow/.local/lib/python3.7/site-packages/airflow/example_dags/subdags/subdag.py for tasks to queue
[2023-04-28T06:18:25.216+0000] {logging_mixin.py:137} INFO - [2023-04-28T06:18:25.216+0000] {dagbag.py:538} INFO - Filling up the DagBag from /home/airflow/.local/lib/python3.7/site-packages/airflow/example_dags/subdags/subdag.py
[2023-04-28T06:18:25.220+0000] {processor.py:755} WARNING - No viable dags retrieved from /home/airflow/.local/lib/python3.7/site-packages/airflow/example_dags/subdags/subdag.py
[2023-04-28T06:18:25.233+0000] {processor.py:175} INFO - Processing /home/airflow/.local/lib/python3.7/site-packages/airflow/example_dags/subdags/subdag.py took 0.021 seconds
[2023-04-28T06:18:55.616+0000] {processor.py:153} INFO - Started process (PID=17245) to work on /home/airflow/.local/lib/python3.7/site-packages/airflow/example_dags/subdags/subdag.py
[2023-04-28T06:18:55.618+0000] {processor.py:743} INFO - Processing file /home/airflow/.local/lib/python3.7/site-packages/airflow/example_dags/subdags/subdag.py for tasks to queue
[2023-04-28T06:18:55.619+0000] {logging_mixin.py:137} INFO - [2023-04-28T06:18:55.619+0000] {dagbag.py:538} INFO - Filling up the DagBag from /home/airflow/.local/lib/python3.7/site-packages/airflow/example_dags/subdags/subdag.py
[2023-04-28T06:18:55.623+0000] {processor.py:755} WARNING - No viable dags retrieved from /home/airflow/.local/lib/python3.7/site-packages/airflow/example_dags/subdags/subdag.py
[2023-04-28T06:18:55.644+0000] {processor.py:175} INFO - Processing /home/airflow/.local/lib/python3.7/site-packages/airflow/example_dags/subdags/subdag.py took 0.031 seconds
