[2023-04-26T09:11:32.320+0000] {taskinstance.py:1083} INFO - Dependencies all met for <TaskInstance: slack_processing.slack_fail manual__2023-04-26T09:11:30.448882+00:00 [queued]>
[2023-04-26T09:11:32.325+0000] {taskinstance.py:1083} INFO - Dependencies all met for <TaskInstance: slack_processing.slack_fail manual__2023-04-26T09:11:30.448882+00:00 [queued]>
[2023-04-26T09:11:32.325+0000] {taskinstance.py:1279} INFO - 
--------------------------------------------------------------------------------
[2023-04-26T09:11:32.326+0000] {taskinstance.py:1280} INFO - Starting attempt 1 of 1
[2023-04-26T09:11:32.326+0000] {taskinstance.py:1281} INFO - 
--------------------------------------------------------------------------------
[2023-04-26T09:11:32.333+0000] {taskinstance.py:1300} INFO - Executing <Task(SlackWebhookOperator): slack_fail> on 2023-04-26 09:11:30.448882+00:00
[2023-04-26T09:11:32.337+0000] {standard_task_runner.py:55} INFO - Started process 14638 to run task
[2023-04-26T09:11:32.340+0000] {standard_task_runner.py:82} INFO - Running: ['***', 'tasks', 'run', 'slack_processing', 'slack_fail', 'manual__2023-04-26T09:11:30.448882+00:00', '--job-id', '36', '--raw', '--subdir', 'DAGS_FOLDER/slack_processing.py', '--cfg-path', '/tmp/tmp7wz3ij8u']
[2023-04-26T09:11:32.341+0000] {standard_task_runner.py:83} INFO - Job 36: Subtask slack_fail
[2023-04-26T09:11:32.397+0000] {task_command.py:388} INFO - Running <TaskInstance: slack_processing.slack_fail manual__2023-04-26T09:11:30.448882+00:00 [running]> on host 182d53144720
[2023-04-26T09:11:32.440+0000] {taskinstance.py:1509} INFO - Exporting the following env vars:
AIRFLOW_CTX_DAG_OWNER=***
AIRFLOW_CTX_DAG_ID=slack_processing
AIRFLOW_CTX_TASK_ID=slack_fail
AIRFLOW_CTX_EXECUTION_DATE=2023-04-26T09:11:30.448882+00:00
AIRFLOW_CTX_TRY_NUMBER=1
AIRFLOW_CTX_DAG_RUN_ID=manual__2023-04-26T09:11:30.448882+00:00
[2023-04-26T09:11:32.442+0000] {warnings.py:110} WARNING - /home/***/.local/lib/python3.7/site-packages/***/providers/slack/operators/slack_webhook.py:157: DeprecationWarning: Provide `webhook_token` as hook argument deprecated by security reason and will be removed in a future releases. Please specify it in `Slack Webhook` connection.
  webhook_token=self.webhook_token,

[2023-04-26T09:11:32.442+0000] {warnings.py:110} WARNING - /home/***/.local/lib/python3.7/site-packages/***/providers/slack/operators/slack_webhook.py:173: UserWarning: Found unexpected keyword-argument(s) 'link_names' in `send` method. This argument(s) have no effect.
  link_names=self.link_names,

[2023-04-26T09:11:32.443+0000] {warnings.py:110} WARNING - /home/***/.local/lib/python3.7/site-packages/***/providers/slack/hooks/slack_webhook.py:47: UserWarning: You cannot override the default channel (chosen by the user who installed your app), username, or icon when you're using Incoming Webhooks to post messages. Instead, these values will always inherit from the associated Slack app configuration. See: https://api.slack.com/messaging/webhooks#advanced_message_formatting. It is possible to change this values only in Legacy Slack Integration Incoming Webhook: https://api.slack.com/legacy/custom-integrations/messaging/webhooks#legacy-customizations
  resp = func(*args, **kwargs)

[2023-04-26T09:11:32.450+0000] {base.py:73} INFO - Using connection ID 'slack_conn_id' for task execution.
[2023-04-26T09:11:32.912+0000] {taskinstance.py:1323} INFO - Marking task as SUCCESS. dag_id=slack_processing, task_id=slack_fail, execution_date=20230426T091130, start_date=20230426T091132, end_date=20230426T091132
[2023-04-26T09:11:32.970+0000] {local_task_job.py:208} INFO - Task exited with return code 0
[2023-04-26T09:11:32.990+0000] {taskinstance.py:2578} INFO - 0 downstream tasks scheduled from follow-on schedule check
