[2023-04-25T08:43:19.827+0000] {taskinstance.py:1083} INFO - Dependencies all met for <TaskInstance: database_processing.create_table manual__2023-04-25T08:43:18.878880+00:00 [queued]>
[2023-04-25T08:43:19.834+0000] {taskinstance.py:1083} INFO - Dependencies all met for <TaskInstance: database_processing.create_table manual__2023-04-25T08:43:18.878880+00:00 [queued]>
[2023-04-25T08:43:19.834+0000] {taskinstance.py:1279} INFO - 
--------------------------------------------------------------------------------
[2023-04-25T08:43:19.835+0000] {taskinstance.py:1280} INFO - Starting attempt 1 of 1
[2023-04-25T08:43:19.835+0000] {taskinstance.py:1281} INFO - 
--------------------------------------------------------------------------------
[2023-04-25T08:43:19.843+0000] {taskinstance.py:1300} INFO - Executing <Task(PostgresOperator): create_table> on 2023-04-25 08:43:18.878880+00:00
[2023-04-25T08:43:19.849+0000] {standard_task_runner.py:55} INFO - Started process 9892 to run task
[2023-04-25T08:43:19.852+0000] {standard_task_runner.py:82} INFO - Running: ['***', 'tasks', 'run', 'database_processing', 'create_table', 'manual__2023-04-25T08:43:18.878880+00:00', '--job-id', '17', '--raw', '--subdir', 'DAGS_FOLDER/database_processing.py', '--cfg-path', '/tmp/tmpggp6qb4t']
[2023-04-25T08:43:19.853+0000] {standard_task_runner.py:83} INFO - Job 17: Subtask create_table
[2023-04-25T08:43:19.907+0000] {task_command.py:388} INFO - Running <TaskInstance: database_processing.create_table manual__2023-04-25T08:43:18.878880+00:00 [running]> on host 2f9666fcabde
[2023-04-25T08:43:19.962+0000] {taskinstance.py:1509} INFO - Exporting the following env vars:
AIRFLOW_CTX_DAG_OWNER=***
AIRFLOW_CTX_DAG_ID=database_processing
AIRFLOW_CTX_TASK_ID=create_table
AIRFLOW_CTX_EXECUTION_DATE=2023-04-25T08:43:18.878880+00:00
AIRFLOW_CTX_TRY_NUMBER=1
AIRFLOW_CTX_DAG_RUN_ID=manual__2023-04-25T08:43:18.878880+00:00
[2023-04-25T08:43:19.963+0000] {sql.py:254} INFO - Executing: 
        drop table if exists users;
            CREATE TABLE IF NOT EXISTS USERS (
                id INT not null unique,
                name VARCHAR(255) NOT NULL,
                email VARCHAR(255) NOT NULL,
                phone VARCHAR(255) NOT NULL,
                address VARCHAR(255) NOT NULL,
                organization VARCHAR(255) NOT NULL
            );
        
[2023-04-25T08:43:19.971+0000] {base.py:73} INFO - Using connection ID 'postgres' for task execution.
[2023-04-25T08:43:20.078+0000] {base.py:73} INFO - Using connection ID 'postgres' for task execution.
[2023-04-25T08:43:20.083+0000] {sql.py:375} INFO - Running statement: 
        drop table if exists users;
            CREATE TABLE IF NOT EXISTS USERS (
                id INT not null unique,
                name VARCHAR(255) NOT NULL,
                email VARCHAR(255) NOT NULL,
                phone VARCHAR(255) NOT NULL,
                address VARCHAR(255) NOT NULL,
                organization VARCHAR(255) NOT NULL
            );
        , parameters: None
[2023-04-25T08:43:20.100+0000] {taskinstance.py:1323} INFO - Marking task as SUCCESS. dag_id=database_processing, task_id=create_table, execution_date=20230425T084318, start_date=20230425T084319, end_date=20230425T084320
[2023-04-25T08:43:20.147+0000] {local_task_job.py:208} INFO - Task exited with return code 0
[2023-04-25T08:43:20.167+0000] {taskinstance.py:2578} INFO - 1 downstream tasks scheduled from follow-on schedule check
