[2023-04-28T00:36:32.280+0000] {processor.py:153} INFO - Started process (PID=14570) to work on /home/airflow/.local/lib/python3.7/site-packages/airflow/example_dags/example_kubernetes_executor.py
[2023-04-28T00:36:32.282+0000] {processor.py:743} INFO - Processing file /home/airflow/.local/lib/python3.7/site-packages/airflow/example_dags/example_kubernetes_executor.py for tasks to queue
[2023-04-28T00:36:32.283+0000] {logging_mixin.py:137} INFO - [2023-04-28T00:36:32.283+0000] {dagbag.py:538} INFO - Filling up the DagBag from /home/airflow/.local/lib/python3.7/site-packages/airflow/example_dags/example_kubernetes_executor.py
[2023-04-28T00:36:32.307+0000] {processor.py:753} INFO - DAG(s) dict_keys(['example_kubernetes_executor']) retrieved from /home/airflow/.local/lib/python3.7/site-packages/airflow/example_dags/example_kubernetes_executor.py
[2023-04-28T00:36:32.340+0000] {logging_mixin.py:137} INFO - [2023-04-28T00:36:32.340+0000] {dag.py:2690} INFO - Sync 1 DAGs
[2023-04-28T00:36:32.360+0000] {logging_mixin.py:137} INFO - [2023-04-28T00:36:32.359+0000] {dag.py:3441} INFO - Setting next_dagrun for example_kubernetes_executor to None, run_after=None
[2023-04-28T00:36:32.382+0000] {processor.py:175} INFO - Processing /home/airflow/.local/lib/python3.7/site-packages/airflow/example_dags/example_kubernetes_executor.py took 0.105 seconds
[2023-04-28T01:42:53.690+0000] {processor.py:153} INFO - Started process (PID=14648) to work on /home/airflow/.local/lib/python3.7/site-packages/airflow/example_dags/example_kubernetes_executor.py
[2023-04-28T01:42:53.691+0000] {processor.py:743} INFO - Processing file /home/airflow/.local/lib/python3.7/site-packages/airflow/example_dags/example_kubernetes_executor.py for tasks to queue
[2023-04-28T01:42:53.692+0000] {logging_mixin.py:137} INFO - [2023-04-28T01:42:53.692+0000] {dagbag.py:538} INFO - Filling up the DagBag from /home/airflow/.local/lib/python3.7/site-packages/airflow/example_dags/example_kubernetes_executor.py
[2023-04-28T01:42:53.714+0000] {processor.py:753} INFO - DAG(s) dict_keys(['example_kubernetes_executor']) retrieved from /home/airflow/.local/lib/python3.7/site-packages/airflow/example_dags/example_kubernetes_executor.py
[2023-04-28T01:42:53.743+0000] {logging_mixin.py:137} INFO - [2023-04-28T01:42:53.743+0000] {dag.py:2690} INFO - Sync 1 DAGs
[2023-04-28T01:42:53.762+0000] {logging_mixin.py:137} INFO - [2023-04-28T01:42:53.762+0000] {dag.py:3441} INFO - Setting next_dagrun for example_kubernetes_executor to None, run_after=None
[2023-04-28T01:42:53.776+0000] {processor.py:175} INFO - Processing /home/airflow/.local/lib/python3.7/site-packages/airflow/example_dags/example_kubernetes_executor.py took 0.089 seconds
[2023-04-28T02:48:41.463+0000] {processor.py:153} INFO - Started process (PID=14714) to work on /home/airflow/.local/lib/python3.7/site-packages/airflow/example_dags/example_kubernetes_executor.py
[2023-04-28T02:48:41.464+0000] {processor.py:743} INFO - Processing file /home/airflow/.local/lib/python3.7/site-packages/airflow/example_dags/example_kubernetes_executor.py for tasks to queue
[2023-04-28T02:48:41.465+0000] {logging_mixin.py:137} INFO - [2023-04-28T02:48:41.465+0000] {dagbag.py:538} INFO - Filling up the DagBag from /home/airflow/.local/lib/python3.7/site-packages/airflow/example_dags/example_kubernetes_executor.py
[2023-04-28T02:48:41.486+0000] {processor.py:753} INFO - DAG(s) dict_keys(['example_kubernetes_executor']) retrieved from /home/airflow/.local/lib/python3.7/site-packages/airflow/example_dags/example_kubernetes_executor.py
[2023-04-28T02:48:41.508+0000] {logging_mixin.py:137} INFO - [2023-04-28T02:48:41.508+0000] {dag.py:2690} INFO - Sync 1 DAGs
[2023-04-28T02:48:41.523+0000] {logging_mixin.py:137} INFO - [2023-04-28T02:48:41.523+0000] {dag.py:3441} INFO - Setting next_dagrun for example_kubernetes_executor to None, run_after=None
[2023-04-28T02:48:41.534+0000] {processor.py:175} INFO - Processing /home/airflow/.local/lib/python3.7/site-packages/airflow/example_dags/example_kubernetes_executor.py took 0.074 seconds
[2023-04-28T03:54:54.870+0000] {processor.py:153} INFO - Started process (PID=14791) to work on /home/airflow/.local/lib/python3.7/site-packages/airflow/example_dags/example_kubernetes_executor.py
[2023-04-28T03:54:54.871+0000] {processor.py:743} INFO - Processing file /home/airflow/.local/lib/python3.7/site-packages/airflow/example_dags/example_kubernetes_executor.py for tasks to queue
[2023-04-28T03:54:54.872+0000] {logging_mixin.py:137} INFO - [2023-04-28T03:54:54.872+0000] {dagbag.py:538} INFO - Filling up the DagBag from /home/airflow/.local/lib/python3.7/site-packages/airflow/example_dags/example_kubernetes_executor.py
[2023-04-28T03:54:54.892+0000] {processor.py:753} INFO - DAG(s) dict_keys(['example_kubernetes_executor']) retrieved from /home/airflow/.local/lib/python3.7/site-packages/airflow/example_dags/example_kubernetes_executor.py
[2023-04-28T03:54:54.916+0000] {logging_mixin.py:137} INFO - [2023-04-28T03:54:54.916+0000] {dag.py:2690} INFO - Sync 1 DAGs
[2023-04-28T03:54:54.935+0000] {logging_mixin.py:137} INFO - [2023-04-28T03:54:54.935+0000] {dag.py:3441} INFO - Setting next_dagrun for example_kubernetes_executor to None, run_after=None
[2023-04-28T03:54:54.949+0000] {processor.py:175} INFO - Processing /home/airflow/.local/lib/python3.7/site-packages/airflow/example_dags/example_kubernetes_executor.py took 0.082 seconds
[2023-04-28T05:16:16.935+0000] {processor.py:153} INFO - Started process (PID=14857) to work on /home/airflow/.local/lib/python3.7/site-packages/airflow/example_dags/example_kubernetes_executor.py
[2023-04-28T05:16:16.936+0000] {processor.py:743} INFO - Processing file /home/airflow/.local/lib/python3.7/site-packages/airflow/example_dags/example_kubernetes_executor.py for tasks to queue
[2023-04-28T05:16:16.936+0000] {logging_mixin.py:137} INFO - [2023-04-28T05:16:16.936+0000] {dagbag.py:538} INFO - Filling up the DagBag from /home/airflow/.local/lib/python3.7/site-packages/airflow/example_dags/example_kubernetes_executor.py
[2023-04-28T05:16:16.956+0000] {processor.py:753} INFO - DAG(s) dict_keys(['example_kubernetes_executor']) retrieved from /home/airflow/.local/lib/python3.7/site-packages/airflow/example_dags/example_kubernetes_executor.py
[2023-04-28T05:16:16.980+0000] {logging_mixin.py:137} INFO - [2023-04-28T05:16:16.980+0000] {dag.py:2690} INFO - Sync 1 DAGs
[2023-04-28T05:16:16.996+0000] {logging_mixin.py:137} INFO - [2023-04-28T05:16:16.996+0000] {dag.py:3441} INFO - Setting next_dagrun for example_kubernetes_executor to None, run_after=None
[2023-04-28T05:16:17.007+0000] {processor.py:175} INFO - Processing /home/airflow/.local/lib/python3.7/site-packages/airflow/example_dags/example_kubernetes_executor.py took 0.076 seconds
[2023-04-28T05:32:13.260+0000] {processor.py:153} INFO - Started process (PID=14937) to work on /home/airflow/.local/lib/python3.7/site-packages/airflow/example_dags/example_kubernetes_executor.py
[2023-04-28T05:32:13.262+0000] {processor.py:743} INFO - Processing file /home/airflow/.local/lib/python3.7/site-packages/airflow/example_dags/example_kubernetes_executor.py for tasks to queue
[2023-04-28T05:32:13.263+0000] {logging_mixin.py:137} INFO - [2023-04-28T05:32:13.262+0000] {dagbag.py:538} INFO - Filling up the DagBag from /home/airflow/.local/lib/python3.7/site-packages/airflow/example_dags/example_kubernetes_executor.py
[2023-04-28T05:32:13.284+0000] {processor.py:753} INFO - DAG(s) dict_keys(['example_kubernetes_executor']) retrieved from /home/airflow/.local/lib/python3.7/site-packages/airflow/example_dags/example_kubernetes_executor.py
[2023-04-28T05:32:13.308+0000] {logging_mixin.py:137} INFO - [2023-04-28T05:32:13.307+0000] {dag.py:2690} INFO - Sync 1 DAGs
[2023-04-28T05:32:13.324+0000] {logging_mixin.py:137} INFO - [2023-04-28T05:32:13.324+0000] {dag.py:3441} INFO - Setting next_dagrun for example_kubernetes_executor to None, run_after=None
[2023-04-28T05:32:13.337+0000] {processor.py:175} INFO - Processing /home/airflow/.local/lib/python3.7/site-packages/airflow/example_dags/example_kubernetes_executor.py took 0.080 seconds
[2023-04-28T05:32:43.644+0000] {processor.py:153} INFO - Started process (PID=15014) to work on /home/airflow/.local/lib/python3.7/site-packages/airflow/example_dags/example_kubernetes_executor.py
[2023-04-28T05:32:43.646+0000] {processor.py:743} INFO - Processing file /home/airflow/.local/lib/python3.7/site-packages/airflow/example_dags/example_kubernetes_executor.py for tasks to queue
[2023-04-28T05:32:43.647+0000] {logging_mixin.py:137} INFO - [2023-04-28T05:32:43.647+0000] {dagbag.py:538} INFO - Filling up the DagBag from /home/airflow/.local/lib/python3.7/site-packages/airflow/example_dags/example_kubernetes_executor.py
[2023-04-28T05:32:43.668+0000] {processor.py:753} INFO - DAG(s) dict_keys(['example_kubernetes_executor']) retrieved from /home/airflow/.local/lib/python3.7/site-packages/airflow/example_dags/example_kubernetes_executor.py
[2023-04-28T05:32:43.692+0000] {logging_mixin.py:137} INFO - [2023-04-28T05:32:43.692+0000] {dag.py:2690} INFO - Sync 1 DAGs
[2023-04-28T05:32:43.708+0000] {logging_mixin.py:137} INFO - [2023-04-28T05:32:43.708+0000] {dag.py:3441} INFO - Setting next_dagrun for example_kubernetes_executor to None, run_after=None
[2023-04-28T05:32:43.720+0000] {processor.py:175} INFO - Processing /home/airflow/.local/lib/python3.7/site-packages/airflow/example_dags/example_kubernetes_executor.py took 0.082 seconds
[2023-04-28T06:03:56.148+0000] {processor.py:153} INFO - Started process (PID=15081) to work on /home/airflow/.local/lib/python3.7/site-packages/airflow/example_dags/example_kubernetes_executor.py
[2023-04-28T06:03:56.149+0000] {processor.py:743} INFO - Processing file /home/airflow/.local/lib/python3.7/site-packages/airflow/example_dags/example_kubernetes_executor.py for tasks to queue
[2023-04-28T06:03:56.150+0000] {logging_mixin.py:137} INFO - [2023-04-28T06:03:56.150+0000] {dagbag.py:538} INFO - Filling up the DagBag from /home/airflow/.local/lib/python3.7/site-packages/airflow/example_dags/example_kubernetes_executor.py
[2023-04-28T06:03:56.169+0000] {processor.py:753} INFO - DAG(s) dict_keys(['example_kubernetes_executor']) retrieved from /home/airflow/.local/lib/python3.7/site-packages/airflow/example_dags/example_kubernetes_executor.py
[2023-04-28T06:03:56.193+0000] {logging_mixin.py:137} INFO - [2023-04-28T06:03:56.193+0000] {dag.py:2690} INFO - Sync 1 DAGs
[2023-04-28T06:03:56.211+0000] {logging_mixin.py:137} INFO - [2023-04-28T06:03:56.211+0000] {dag.py:3441} INFO - Setting next_dagrun for example_kubernetes_executor to None, run_after=None
[2023-04-28T06:03:56.226+0000] {processor.py:175} INFO - Processing /home/airflow/.local/lib/python3.7/site-packages/airflow/example_dags/example_kubernetes_executor.py took 0.081 seconds
[2023-04-28T06:04:41.690+0000] {processor.py:153} INFO - Started process (PID=15160) to work on /home/airflow/.local/lib/python3.7/site-packages/airflow/example_dags/example_kubernetes_executor.py
[2023-04-28T06:04:41.692+0000] {processor.py:743} INFO - Processing file /home/airflow/.local/lib/python3.7/site-packages/airflow/example_dags/example_kubernetes_executor.py for tasks to queue
[2023-04-28T06:04:41.693+0000] {logging_mixin.py:137} INFO - [2023-04-28T06:04:41.693+0000] {dagbag.py:538} INFO - Filling up the DagBag from /home/airflow/.local/lib/python3.7/site-packages/airflow/example_dags/example_kubernetes_executor.py
[2023-04-28T06:04:41.716+0000] {processor.py:753} INFO - DAG(s) dict_keys(['example_kubernetes_executor']) retrieved from /home/airflow/.local/lib/python3.7/site-packages/airflow/example_dags/example_kubernetes_executor.py
[2023-04-28T06:04:41.743+0000] {logging_mixin.py:137} INFO - [2023-04-28T06:04:41.743+0000] {dag.py:2690} INFO - Sync 1 DAGs
[2023-04-28T06:04:41.759+0000] {logging_mixin.py:137} INFO - [2023-04-28T06:04:41.759+0000] {dag.py:3441} INFO - Setting next_dagrun for example_kubernetes_executor to None, run_after=None
[2023-04-28T06:04:41.770+0000] {processor.py:175} INFO - Processing /home/airflow/.local/lib/python3.7/site-packages/airflow/example_dags/example_kubernetes_executor.py took 0.083 seconds
[2023-04-28T06:05:12.320+0000] {processor.py:153} INFO - Started process (PID=15238) to work on /home/airflow/.local/lib/python3.7/site-packages/airflow/example_dags/example_kubernetes_executor.py
[2023-04-28T06:05:12.323+0000] {processor.py:743} INFO - Processing file /home/airflow/.local/lib/python3.7/site-packages/airflow/example_dags/example_kubernetes_executor.py for tasks to queue
[2023-04-28T06:05:12.324+0000] {logging_mixin.py:137} INFO - [2023-04-28T06:05:12.324+0000] {dagbag.py:538} INFO - Filling up the DagBag from /home/airflow/.local/lib/python3.7/site-packages/airflow/example_dags/example_kubernetes_executor.py
[2023-04-28T06:05:12.347+0000] {processor.py:753} INFO - DAG(s) dict_keys(['example_kubernetes_executor']) retrieved from /home/airflow/.local/lib/python3.7/site-packages/airflow/example_dags/example_kubernetes_executor.py
[2023-04-28T06:05:12.374+0000] {logging_mixin.py:137} INFO - [2023-04-28T06:05:12.374+0000] {dag.py:2690} INFO - Sync 1 DAGs
[2023-04-28T06:05:12.393+0000] {logging_mixin.py:137} INFO - [2023-04-28T06:05:12.393+0000] {dag.py:3441} INFO - Setting next_dagrun for example_kubernetes_executor to None, run_after=None
[2023-04-28T06:05:12.408+0000] {processor.py:175} INFO - Processing /home/airflow/.local/lib/python3.7/site-packages/airflow/example_dags/example_kubernetes_executor.py took 0.092 seconds
[2023-04-28T06:05:42.788+0000] {processor.py:153} INFO - Started process (PID=15304) to work on /home/airflow/.local/lib/python3.7/site-packages/airflow/example_dags/example_kubernetes_executor.py
[2023-04-28T06:05:42.789+0000] {processor.py:743} INFO - Processing file /home/airflow/.local/lib/python3.7/site-packages/airflow/example_dags/example_kubernetes_executor.py for tasks to queue
[2023-04-28T06:05:42.790+0000] {logging_mixin.py:137} INFO - [2023-04-28T06:05:42.790+0000] {dagbag.py:538} INFO - Filling up the DagBag from /home/airflow/.local/lib/python3.7/site-packages/airflow/example_dags/example_kubernetes_executor.py
[2023-04-28T06:05:42.810+0000] {processor.py:753} INFO - DAG(s) dict_keys(['example_kubernetes_executor']) retrieved from /home/airflow/.local/lib/python3.7/site-packages/airflow/example_dags/example_kubernetes_executor.py
[2023-04-28T06:05:42.835+0000] {logging_mixin.py:137} INFO - [2023-04-28T06:05:42.835+0000] {dag.py:2690} INFO - Sync 1 DAGs
[2023-04-28T06:05:42.853+0000] {logging_mixin.py:137} INFO - [2023-04-28T06:05:42.853+0000] {dag.py:3441} INFO - Setting next_dagrun for example_kubernetes_executor to None, run_after=None
[2023-04-28T06:05:42.864+0000] {processor.py:175} INFO - Processing /home/airflow/.local/lib/python3.7/site-packages/airflow/example_dags/example_kubernetes_executor.py took 0.079 seconds
[2023-04-28T06:06:13.051+0000] {processor.py:153} INFO - Started process (PID=15384) to work on /home/airflow/.local/lib/python3.7/site-packages/airflow/example_dags/example_kubernetes_executor.py
[2023-04-28T06:06:13.052+0000] {processor.py:743} INFO - Processing file /home/airflow/.local/lib/python3.7/site-packages/airflow/example_dags/example_kubernetes_executor.py for tasks to queue
[2023-04-28T06:06:13.052+0000] {logging_mixin.py:137} INFO - [2023-04-28T06:06:13.052+0000] {dagbag.py:538} INFO - Filling up the DagBag from /home/airflow/.local/lib/python3.7/site-packages/airflow/example_dags/example_kubernetes_executor.py
[2023-04-28T06:06:13.071+0000] {processor.py:753} INFO - DAG(s) dict_keys(['example_kubernetes_executor']) retrieved from /home/airflow/.local/lib/python3.7/site-packages/airflow/example_dags/example_kubernetes_executor.py
[2023-04-28T06:06:13.092+0000] {logging_mixin.py:137} INFO - [2023-04-28T06:06:13.092+0000] {dag.py:2690} INFO - Sync 1 DAGs
[2023-04-28T06:06:13.107+0000] {logging_mixin.py:137} INFO - [2023-04-28T06:06:13.107+0000] {dag.py:3441} INFO - Setting next_dagrun for example_kubernetes_executor to None, run_after=None
[2023-04-28T06:06:13.117+0000] {processor.py:175} INFO - Processing /home/airflow/.local/lib/python3.7/site-packages/airflow/example_dags/example_kubernetes_executor.py took 0.069 seconds
[2023-04-28T06:06:43.753+0000] {processor.py:153} INFO - Started process (PID=15461) to work on /home/airflow/.local/lib/python3.7/site-packages/airflow/example_dags/example_kubernetes_executor.py
[2023-04-28T06:06:43.754+0000] {processor.py:743} INFO - Processing file /home/airflow/.local/lib/python3.7/site-packages/airflow/example_dags/example_kubernetes_executor.py for tasks to queue
[2023-04-28T06:06:43.755+0000] {logging_mixin.py:137} INFO - [2023-04-28T06:06:43.755+0000] {dagbag.py:538} INFO - Filling up the DagBag from /home/airflow/.local/lib/python3.7/site-packages/airflow/example_dags/example_kubernetes_executor.py
[2023-04-28T06:06:43.773+0000] {processor.py:753} INFO - DAG(s) dict_keys(['example_kubernetes_executor']) retrieved from /home/airflow/.local/lib/python3.7/site-packages/airflow/example_dags/example_kubernetes_executor.py
[2023-04-28T06:06:43.796+0000] {logging_mixin.py:137} INFO - [2023-04-28T06:06:43.795+0000] {dag.py:2690} INFO - Sync 1 DAGs
[2023-04-28T06:06:43.810+0000] {logging_mixin.py:137} INFO - [2023-04-28T06:06:43.810+0000] {dag.py:3441} INFO - Setting next_dagrun for example_kubernetes_executor to None, run_after=None
[2023-04-28T06:06:43.820+0000] {processor.py:175} INFO - Processing /home/airflow/.local/lib/python3.7/site-packages/airflow/example_dags/example_kubernetes_executor.py took 0.070 seconds
[2023-04-28T06:07:14.121+0000] {processor.py:153} INFO - Started process (PID=15528) to work on /home/airflow/.local/lib/python3.7/site-packages/airflow/example_dags/example_kubernetes_executor.py
[2023-04-28T06:07:14.123+0000] {processor.py:743} INFO - Processing file /home/airflow/.local/lib/python3.7/site-packages/airflow/example_dags/example_kubernetes_executor.py for tasks to queue
[2023-04-28T06:07:14.123+0000] {logging_mixin.py:137} INFO - [2023-04-28T06:07:14.123+0000] {dagbag.py:538} INFO - Filling up the DagBag from /home/airflow/.local/lib/python3.7/site-packages/airflow/example_dags/example_kubernetes_executor.py
[2023-04-28T06:07:14.143+0000] {processor.py:753} INFO - DAG(s) dict_keys(['example_kubernetes_executor']) retrieved from /home/airflow/.local/lib/python3.7/site-packages/airflow/example_dags/example_kubernetes_executor.py
[2023-04-28T06:07:14.166+0000] {logging_mixin.py:137} INFO - [2023-04-28T06:07:14.165+0000] {dag.py:2690} INFO - Sync 1 DAGs
[2023-04-28T06:07:14.180+0000] {logging_mixin.py:137} INFO - [2023-04-28T06:07:14.180+0000] {dag.py:3441} INFO - Setting next_dagrun for example_kubernetes_executor to None, run_after=None
[2023-04-28T06:07:14.192+0000] {processor.py:175} INFO - Processing /home/airflow/.local/lib/python3.7/site-packages/airflow/example_dags/example_kubernetes_executor.py took 0.073 seconds
[2023-04-28T06:07:44.667+0000] {processor.py:153} INFO - Started process (PID=15606) to work on /home/airflow/.local/lib/python3.7/site-packages/airflow/example_dags/example_kubernetes_executor.py
[2023-04-28T06:07:44.669+0000] {processor.py:743} INFO - Processing file /home/airflow/.local/lib/python3.7/site-packages/airflow/example_dags/example_kubernetes_executor.py for tasks to queue
[2023-04-28T06:07:44.670+0000] {logging_mixin.py:137} INFO - [2023-04-28T06:07:44.670+0000] {dagbag.py:538} INFO - Filling up the DagBag from /home/airflow/.local/lib/python3.7/site-packages/airflow/example_dags/example_kubernetes_executor.py
[2023-04-28T06:07:44.690+0000] {processor.py:753} INFO - DAG(s) dict_keys(['example_kubernetes_executor']) retrieved from /home/airflow/.local/lib/python3.7/site-packages/airflow/example_dags/example_kubernetes_executor.py
[2023-04-28T06:07:44.713+0000] {logging_mixin.py:137} INFO - [2023-04-28T06:07:44.713+0000] {dag.py:2690} INFO - Sync 1 DAGs
[2023-04-28T06:07:44.730+0000] {logging_mixin.py:137} INFO - [2023-04-28T06:07:44.730+0000] {dag.py:3441} INFO - Setting next_dagrun for example_kubernetes_executor to None, run_after=None
[2023-04-28T06:07:44.741+0000] {processor.py:175} INFO - Processing /home/airflow/.local/lib/python3.7/site-packages/airflow/example_dags/example_kubernetes_executor.py took 0.077 seconds
[2023-04-28T06:08:15.074+0000] {processor.py:153} INFO - Started process (PID=15684) to work on /home/airflow/.local/lib/python3.7/site-packages/airflow/example_dags/example_kubernetes_executor.py
[2023-04-28T06:08:15.075+0000] {processor.py:743} INFO - Processing file /home/airflow/.local/lib/python3.7/site-packages/airflow/example_dags/example_kubernetes_executor.py for tasks to queue
[2023-04-28T06:08:15.076+0000] {logging_mixin.py:137} INFO - [2023-04-28T06:08:15.076+0000] {dagbag.py:538} INFO - Filling up the DagBag from /home/airflow/.local/lib/python3.7/site-packages/airflow/example_dags/example_kubernetes_executor.py
[2023-04-28T06:08:15.096+0000] {processor.py:753} INFO - DAG(s) dict_keys(['example_kubernetes_executor']) retrieved from /home/airflow/.local/lib/python3.7/site-packages/airflow/example_dags/example_kubernetes_executor.py
[2023-04-28T06:08:15.119+0000] {logging_mixin.py:137} INFO - [2023-04-28T06:08:15.119+0000] {dag.py:2690} INFO - Sync 1 DAGs
[2023-04-28T06:08:15.134+0000] {logging_mixin.py:137} INFO - [2023-04-28T06:08:15.133+0000] {dag.py:3441} INFO - Setting next_dagrun for example_kubernetes_executor to None, run_after=None
[2023-04-28T06:08:15.144+0000] {processor.py:175} INFO - Processing /home/airflow/.local/lib/python3.7/site-packages/airflow/example_dags/example_kubernetes_executor.py took 0.073 seconds
[2023-04-28T06:08:45.627+0000] {processor.py:153} INFO - Started process (PID=15750) to work on /home/airflow/.local/lib/python3.7/site-packages/airflow/example_dags/example_kubernetes_executor.py
[2023-04-28T06:08:45.628+0000] {processor.py:743} INFO - Processing file /home/airflow/.local/lib/python3.7/site-packages/airflow/example_dags/example_kubernetes_executor.py for tasks to queue
[2023-04-28T06:08:45.629+0000] {logging_mixin.py:137} INFO - [2023-04-28T06:08:45.629+0000] {dagbag.py:538} INFO - Filling up the DagBag from /home/airflow/.local/lib/python3.7/site-packages/airflow/example_dags/example_kubernetes_executor.py
[2023-04-28T06:08:45.652+0000] {processor.py:753} INFO - DAG(s) dict_keys(['example_kubernetes_executor']) retrieved from /home/airflow/.local/lib/python3.7/site-packages/airflow/example_dags/example_kubernetes_executor.py
[2023-04-28T06:08:45.674+0000] {logging_mixin.py:137} INFO - [2023-04-28T06:08:45.674+0000] {dag.py:2690} INFO - Sync 1 DAGs
[2023-04-28T06:08:45.689+0000] {logging_mixin.py:137} INFO - [2023-04-28T06:08:45.689+0000] {dag.py:3441} INFO - Setting next_dagrun for example_kubernetes_executor to None, run_after=None
[2023-04-28T06:08:45.700+0000] {processor.py:175} INFO - Processing /home/airflow/.local/lib/python3.7/site-packages/airflow/example_dags/example_kubernetes_executor.py took 0.076 seconds
[2023-04-28T06:09:16.014+0000] {processor.py:153} INFO - Started process (PID=15828) to work on /home/airflow/.local/lib/python3.7/site-packages/airflow/example_dags/example_kubernetes_executor.py
[2023-04-28T06:09:16.015+0000] {processor.py:743} INFO - Processing file /home/airflow/.local/lib/python3.7/site-packages/airflow/example_dags/example_kubernetes_executor.py for tasks to queue
[2023-04-28T06:09:16.016+0000] {logging_mixin.py:137} INFO - [2023-04-28T06:09:16.015+0000] {dagbag.py:538} INFO - Filling up the DagBag from /home/airflow/.local/lib/python3.7/site-packages/airflow/example_dags/example_kubernetes_executor.py
[2023-04-28T06:09:16.035+0000] {processor.py:753} INFO - DAG(s) dict_keys(['example_kubernetes_executor']) retrieved from /home/airflow/.local/lib/python3.7/site-packages/airflow/example_dags/example_kubernetes_executor.py
[2023-04-28T06:09:16.058+0000] {logging_mixin.py:137} INFO - [2023-04-28T06:09:16.057+0000] {dag.py:2690} INFO - Sync 1 DAGs
[2023-04-28T06:09:16.075+0000] {logging_mixin.py:137} INFO - [2023-04-28T06:09:16.075+0000] {dag.py:3441} INFO - Setting next_dagrun for example_kubernetes_executor to None, run_after=None
[2023-04-28T06:09:16.087+0000] {processor.py:175} INFO - Processing /home/airflow/.local/lib/python3.7/site-packages/airflow/example_dags/example_kubernetes_executor.py took 0.076 seconds
[2023-04-28T06:09:47.031+0000] {processor.py:153} INFO - Started process (PID=15907) to work on /home/airflow/.local/lib/python3.7/site-packages/airflow/example_dags/example_kubernetes_executor.py
[2023-04-28T06:09:47.032+0000] {processor.py:743} INFO - Processing file /home/airflow/.local/lib/python3.7/site-packages/airflow/example_dags/example_kubernetes_executor.py for tasks to queue
[2023-04-28T06:09:47.033+0000] {logging_mixin.py:137} INFO - [2023-04-28T06:09:47.033+0000] {dagbag.py:538} INFO - Filling up the DagBag from /home/airflow/.local/lib/python3.7/site-packages/airflow/example_dags/example_kubernetes_executor.py
[2023-04-28T06:09:47.053+0000] {processor.py:753} INFO - DAG(s) dict_keys(['example_kubernetes_executor']) retrieved from /home/airflow/.local/lib/python3.7/site-packages/airflow/example_dags/example_kubernetes_executor.py
[2023-04-28T06:09:47.075+0000] {logging_mixin.py:137} INFO - [2023-04-28T06:09:47.075+0000] {dag.py:2690} INFO - Sync 1 DAGs
[2023-04-28T06:09:47.091+0000] {logging_mixin.py:137} INFO - [2023-04-28T06:09:47.091+0000] {dag.py:3441} INFO - Setting next_dagrun for example_kubernetes_executor to None, run_after=None
[2023-04-28T06:09:47.102+0000] {processor.py:175} INFO - Processing /home/airflow/.local/lib/python3.7/site-packages/airflow/example_dags/example_kubernetes_executor.py took 0.075 seconds
[2023-04-28T06:10:17.331+0000] {processor.py:153} INFO - Started process (PID=15972) to work on /home/airflow/.local/lib/python3.7/site-packages/airflow/example_dags/example_kubernetes_executor.py
[2023-04-28T06:10:17.332+0000] {processor.py:743} INFO - Processing file /home/airflow/.local/lib/python3.7/site-packages/airflow/example_dags/example_kubernetes_executor.py for tasks to queue
[2023-04-28T06:10:17.333+0000] {logging_mixin.py:137} INFO - [2023-04-28T06:10:17.333+0000] {dagbag.py:538} INFO - Filling up the DagBag from /home/airflow/.local/lib/python3.7/site-packages/airflow/example_dags/example_kubernetes_executor.py
[2023-04-28T06:10:17.354+0000] {processor.py:753} INFO - DAG(s) dict_keys(['example_kubernetes_executor']) retrieved from /home/airflow/.local/lib/python3.7/site-packages/airflow/example_dags/example_kubernetes_executor.py
[2023-04-28T06:10:17.377+0000] {logging_mixin.py:137} INFO - [2023-04-28T06:10:17.377+0000] {dag.py:2690} INFO - Sync 1 DAGs
[2023-04-28T06:10:17.392+0000] {logging_mixin.py:137} INFO - [2023-04-28T06:10:17.392+0000] {dag.py:3441} INFO - Setting next_dagrun for example_kubernetes_executor to None, run_after=None
[2023-04-28T06:10:17.403+0000] {processor.py:175} INFO - Processing /home/airflow/.local/lib/python3.7/site-packages/airflow/example_dags/example_kubernetes_executor.py took 0.075 seconds
[2023-04-28T06:10:47.764+0000] {processor.py:153} INFO - Started process (PID=16050) to work on /home/airflow/.local/lib/python3.7/site-packages/airflow/example_dags/example_kubernetes_executor.py
[2023-04-28T06:10:47.767+0000] {processor.py:743} INFO - Processing file /home/airflow/.local/lib/python3.7/site-packages/airflow/example_dags/example_kubernetes_executor.py for tasks to queue
[2023-04-28T06:10:47.769+0000] {logging_mixin.py:137} INFO - [2023-04-28T06:10:47.769+0000] {dagbag.py:538} INFO - Filling up the DagBag from /home/airflow/.local/lib/python3.7/site-packages/airflow/example_dags/example_kubernetes_executor.py
[2023-04-28T06:10:47.792+0000] {processor.py:753} INFO - DAG(s) dict_keys(['example_kubernetes_executor']) retrieved from /home/airflow/.local/lib/python3.7/site-packages/airflow/example_dags/example_kubernetes_executor.py
[2023-04-28T06:10:47.815+0000] {logging_mixin.py:137} INFO - [2023-04-28T06:10:47.815+0000] {dag.py:2690} INFO - Sync 1 DAGs
[2023-04-28T06:10:47.830+0000] {logging_mixin.py:137} INFO - [2023-04-28T06:10:47.830+0000] {dag.py:3441} INFO - Setting next_dagrun for example_kubernetes_executor to None, run_after=None
[2023-04-28T06:10:47.843+0000] {processor.py:175} INFO - Processing /home/airflow/.local/lib/python3.7/site-packages/airflow/example_dags/example_kubernetes_executor.py took 0.082 seconds
[2023-04-28T06:11:18.345+0000] {processor.py:153} INFO - Started process (PID=16128) to work on /home/airflow/.local/lib/python3.7/site-packages/airflow/example_dags/example_kubernetes_executor.py
[2023-04-28T06:11:18.347+0000] {processor.py:743} INFO - Processing file /home/airflow/.local/lib/python3.7/site-packages/airflow/example_dags/example_kubernetes_executor.py for tasks to queue
[2023-04-28T06:11:18.348+0000] {logging_mixin.py:137} INFO - [2023-04-28T06:11:18.347+0000] {dagbag.py:538} INFO - Filling up the DagBag from /home/airflow/.local/lib/python3.7/site-packages/airflow/example_dags/example_kubernetes_executor.py
[2023-04-28T06:11:18.369+0000] {processor.py:753} INFO - DAG(s) dict_keys(['example_kubernetes_executor']) retrieved from /home/airflow/.local/lib/python3.7/site-packages/airflow/example_dags/example_kubernetes_executor.py
[2023-04-28T06:11:18.391+0000] {logging_mixin.py:137} INFO - [2023-04-28T06:11:18.391+0000] {dag.py:2690} INFO - Sync 1 DAGs
[2023-04-28T06:11:18.407+0000] {logging_mixin.py:137} INFO - [2023-04-28T06:11:18.407+0000] {dag.py:3441} INFO - Setting next_dagrun for example_kubernetes_executor to None, run_after=None
[2023-04-28T06:11:18.419+0000] {processor.py:175} INFO - Processing /home/airflow/.local/lib/python3.7/site-packages/airflow/example_dags/example_kubernetes_executor.py took 0.076 seconds
[2023-04-28T06:11:48.814+0000] {processor.py:153} INFO - Started process (PID=16194) to work on /home/airflow/.local/lib/python3.7/site-packages/airflow/example_dags/example_kubernetes_executor.py
[2023-04-28T06:11:48.816+0000] {processor.py:743} INFO - Processing file /home/airflow/.local/lib/python3.7/site-packages/airflow/example_dags/example_kubernetes_executor.py for tasks to queue
[2023-04-28T06:11:48.818+0000] {logging_mixin.py:137} INFO - [2023-04-28T06:11:48.818+0000] {dagbag.py:538} INFO - Filling up the DagBag from /home/airflow/.local/lib/python3.7/site-packages/airflow/example_dags/example_kubernetes_executor.py
[2023-04-28T06:11:48.843+0000] {processor.py:753} INFO - DAG(s) dict_keys(['example_kubernetes_executor']) retrieved from /home/airflow/.local/lib/python3.7/site-packages/airflow/example_dags/example_kubernetes_executor.py
[2023-04-28T06:11:48.875+0000] {logging_mixin.py:137} INFO - [2023-04-28T06:11:48.875+0000] {dag.py:2690} INFO - Sync 1 DAGs
[2023-04-28T06:11:48.893+0000] {logging_mixin.py:137} INFO - [2023-04-28T06:11:48.893+0000] {dag.py:3441} INFO - Setting next_dagrun for example_kubernetes_executor to None, run_after=None
[2023-04-28T06:11:48.910+0000] {processor.py:175} INFO - Processing /home/airflow/.local/lib/python3.7/site-packages/airflow/example_dags/example_kubernetes_executor.py took 0.099 seconds
[2023-04-28T06:12:19.410+0000] {processor.py:153} INFO - Started process (PID=16272) to work on /home/airflow/.local/lib/python3.7/site-packages/airflow/example_dags/example_kubernetes_executor.py
[2023-04-28T06:12:19.412+0000] {processor.py:743} INFO - Processing file /home/airflow/.local/lib/python3.7/site-packages/airflow/example_dags/example_kubernetes_executor.py for tasks to queue
[2023-04-28T06:12:19.413+0000] {logging_mixin.py:137} INFO - [2023-04-28T06:12:19.413+0000] {dagbag.py:538} INFO - Filling up the DagBag from /home/airflow/.local/lib/python3.7/site-packages/airflow/example_dags/example_kubernetes_executor.py
[2023-04-28T06:12:19.438+0000] {processor.py:753} INFO - DAG(s) dict_keys(['example_kubernetes_executor']) retrieved from /home/airflow/.local/lib/python3.7/site-packages/airflow/example_dags/example_kubernetes_executor.py
[2023-04-28T06:12:19.465+0000] {logging_mixin.py:137} INFO - [2023-04-28T06:12:19.465+0000] {dag.py:2690} INFO - Sync 1 DAGs
[2023-04-28T06:12:19.484+0000] {logging_mixin.py:137} INFO - [2023-04-28T06:12:19.484+0000] {dag.py:3441} INFO - Setting next_dagrun for example_kubernetes_executor to None, run_after=None
[2023-04-28T06:12:19.496+0000] {processor.py:175} INFO - Processing /home/airflow/.local/lib/python3.7/site-packages/airflow/example_dags/example_kubernetes_executor.py took 0.089 seconds
[2023-04-28T06:12:50.064+0000] {processor.py:153} INFO - Started process (PID=16349) to work on /home/airflow/.local/lib/python3.7/site-packages/airflow/example_dags/example_kubernetes_executor.py
[2023-04-28T06:12:50.066+0000] {processor.py:743} INFO - Processing file /home/airflow/.local/lib/python3.7/site-packages/airflow/example_dags/example_kubernetes_executor.py for tasks to queue
[2023-04-28T06:12:50.067+0000] {logging_mixin.py:137} INFO - [2023-04-28T06:12:50.067+0000] {dagbag.py:538} INFO - Filling up the DagBag from /home/airflow/.local/lib/python3.7/site-packages/airflow/example_dags/example_kubernetes_executor.py
[2023-04-28T06:12:50.090+0000] {processor.py:753} INFO - DAG(s) dict_keys(['example_kubernetes_executor']) retrieved from /home/airflow/.local/lib/python3.7/site-packages/airflow/example_dags/example_kubernetes_executor.py
[2023-04-28T06:12:50.113+0000] {logging_mixin.py:137} INFO - [2023-04-28T06:12:50.113+0000] {dag.py:2690} INFO - Sync 1 DAGs
[2023-04-28T06:12:50.129+0000] {logging_mixin.py:137} INFO - [2023-04-28T06:12:50.129+0000] {dag.py:3441} INFO - Setting next_dagrun for example_kubernetes_executor to None, run_after=None
[2023-04-28T06:12:50.140+0000] {processor.py:175} INFO - Processing /home/airflow/.local/lib/python3.7/site-packages/airflow/example_dags/example_kubernetes_executor.py took 0.080 seconds
[2023-04-28T06:13:20.619+0000] {processor.py:153} INFO - Started process (PID=16416) to work on /home/airflow/.local/lib/python3.7/site-packages/airflow/example_dags/example_kubernetes_executor.py
[2023-04-28T06:13:20.620+0000] {processor.py:743} INFO - Processing file /home/airflow/.local/lib/python3.7/site-packages/airflow/example_dags/example_kubernetes_executor.py for tasks to queue
[2023-04-28T06:13:20.622+0000] {logging_mixin.py:137} INFO - [2023-04-28T06:13:20.621+0000] {dagbag.py:538} INFO - Filling up the DagBag from /home/airflow/.local/lib/python3.7/site-packages/airflow/example_dags/example_kubernetes_executor.py
[2023-04-28T06:13:20.643+0000] {processor.py:753} INFO - DAG(s) dict_keys(['example_kubernetes_executor']) retrieved from /home/airflow/.local/lib/python3.7/site-packages/airflow/example_dags/example_kubernetes_executor.py
[2023-04-28T06:13:20.664+0000] {logging_mixin.py:137} INFO - [2023-04-28T06:13:20.664+0000] {dag.py:2690} INFO - Sync 1 DAGs
[2023-04-28T06:13:20.680+0000] {logging_mixin.py:137} INFO - [2023-04-28T06:13:20.680+0000] {dag.py:3441} INFO - Setting next_dagrun for example_kubernetes_executor to None, run_after=None
[2023-04-28T06:13:20.690+0000] {processor.py:175} INFO - Processing /home/airflow/.local/lib/python3.7/site-packages/airflow/example_dags/example_kubernetes_executor.py took 0.075 seconds
[2023-04-28T06:13:50.975+0000] {processor.py:153} INFO - Started process (PID=16494) to work on /home/airflow/.local/lib/python3.7/site-packages/airflow/example_dags/example_kubernetes_executor.py
[2023-04-28T06:13:50.976+0000] {processor.py:743} INFO - Processing file /home/airflow/.local/lib/python3.7/site-packages/airflow/example_dags/example_kubernetes_executor.py for tasks to queue
[2023-04-28T06:13:50.977+0000] {logging_mixin.py:137} INFO - [2023-04-28T06:13:50.977+0000] {dagbag.py:538} INFO - Filling up the DagBag from /home/airflow/.local/lib/python3.7/site-packages/airflow/example_dags/example_kubernetes_executor.py
[2023-04-28T06:13:50.996+0000] {processor.py:753} INFO - DAG(s) dict_keys(['example_kubernetes_executor']) retrieved from /home/airflow/.local/lib/python3.7/site-packages/airflow/example_dags/example_kubernetes_executor.py
[2023-04-28T06:13:51.022+0000] {logging_mixin.py:137} INFO - [2023-04-28T06:13:51.022+0000] {dag.py:2690} INFO - Sync 1 DAGs
[2023-04-28T06:13:51.038+0000] {logging_mixin.py:137} INFO - [2023-04-28T06:13:51.038+0000] {dag.py:3441} INFO - Setting next_dagrun for example_kubernetes_executor to None, run_after=None
[2023-04-28T06:13:51.050+0000] {processor.py:175} INFO - Processing /home/airflow/.local/lib/python3.7/site-packages/airflow/example_dags/example_kubernetes_executor.py took 0.078 seconds
[2023-04-28T06:14:21.313+0000] {processor.py:153} INFO - Started process (PID=16572) to work on /home/airflow/.local/lib/python3.7/site-packages/airflow/example_dags/example_kubernetes_executor.py
[2023-04-28T06:14:21.314+0000] {processor.py:743} INFO - Processing file /home/airflow/.local/lib/python3.7/site-packages/airflow/example_dags/example_kubernetes_executor.py for tasks to queue
[2023-04-28T06:14:21.315+0000] {logging_mixin.py:137} INFO - [2023-04-28T06:14:21.315+0000] {dagbag.py:538} INFO - Filling up the DagBag from /home/airflow/.local/lib/python3.7/site-packages/airflow/example_dags/example_kubernetes_executor.py
[2023-04-28T06:14:21.335+0000] {processor.py:753} INFO - DAG(s) dict_keys(['example_kubernetes_executor']) retrieved from /home/airflow/.local/lib/python3.7/site-packages/airflow/example_dags/example_kubernetes_executor.py
[2023-04-28T06:14:21.358+0000] {logging_mixin.py:137} INFO - [2023-04-28T06:14:21.358+0000] {dag.py:2690} INFO - Sync 1 DAGs
[2023-04-28T06:14:21.373+0000] {logging_mixin.py:137} INFO - [2023-04-28T06:14:21.373+0000] {dag.py:3441} INFO - Setting next_dagrun for example_kubernetes_executor to None, run_after=None
[2023-04-28T06:14:21.386+0000] {processor.py:175} INFO - Processing /home/airflow/.local/lib/python3.7/site-packages/airflow/example_dags/example_kubernetes_executor.py took 0.076 seconds
[2023-04-28T06:14:51.825+0000] {processor.py:153} INFO - Started process (PID=16637) to work on /home/airflow/.local/lib/python3.7/site-packages/airflow/example_dags/example_kubernetes_executor.py
[2023-04-28T06:14:51.826+0000] {processor.py:743} INFO - Processing file /home/airflow/.local/lib/python3.7/site-packages/airflow/example_dags/example_kubernetes_executor.py for tasks to queue
[2023-04-28T06:14:51.827+0000] {logging_mixin.py:137} INFO - [2023-04-28T06:14:51.827+0000] {dagbag.py:538} INFO - Filling up the DagBag from /home/airflow/.local/lib/python3.7/site-packages/airflow/example_dags/example_kubernetes_executor.py
[2023-04-28T06:14:51.848+0000] {processor.py:753} INFO - DAG(s) dict_keys(['example_kubernetes_executor']) retrieved from /home/airflow/.local/lib/python3.7/site-packages/airflow/example_dags/example_kubernetes_executor.py
[2023-04-28T06:14:51.870+0000] {logging_mixin.py:137} INFO - [2023-04-28T06:14:51.870+0000] {dag.py:2690} INFO - Sync 1 DAGs
[2023-04-28T06:14:51.886+0000] {logging_mixin.py:137} INFO - [2023-04-28T06:14:51.886+0000] {dag.py:3441} INFO - Setting next_dagrun for example_kubernetes_executor to None, run_after=None
[2023-04-28T06:14:51.898+0000] {processor.py:175} INFO - Processing /home/airflow/.local/lib/python3.7/site-packages/airflow/example_dags/example_kubernetes_executor.py took 0.075 seconds
[2023-04-28T06:15:22.199+0000] {processor.py:153} INFO - Started process (PID=16715) to work on /home/airflow/.local/lib/python3.7/site-packages/airflow/example_dags/example_kubernetes_executor.py
[2023-04-28T06:15:22.200+0000] {processor.py:743} INFO - Processing file /home/airflow/.local/lib/python3.7/site-packages/airflow/example_dags/example_kubernetes_executor.py for tasks to queue
[2023-04-28T06:15:22.201+0000] {logging_mixin.py:137} INFO - [2023-04-28T06:15:22.201+0000] {dagbag.py:538} INFO - Filling up the DagBag from /home/airflow/.local/lib/python3.7/site-packages/airflow/example_dags/example_kubernetes_executor.py
[2023-04-28T06:15:22.222+0000] {processor.py:753} INFO - DAG(s) dict_keys(['example_kubernetes_executor']) retrieved from /home/airflow/.local/lib/python3.7/site-packages/airflow/example_dags/example_kubernetes_executor.py
[2023-04-28T06:15:22.246+0000] {logging_mixin.py:137} INFO - [2023-04-28T06:15:22.246+0000] {dag.py:2690} INFO - Sync 1 DAGs
[2023-04-28T06:15:22.264+0000] {logging_mixin.py:137} INFO - [2023-04-28T06:15:22.263+0000] {dag.py:3441} INFO - Setting next_dagrun for example_kubernetes_executor to None, run_after=None
[2023-04-28T06:15:22.279+0000] {processor.py:175} INFO - Processing /home/airflow/.local/lib/python3.7/site-packages/airflow/example_dags/example_kubernetes_executor.py took 0.083 seconds
[2023-04-28T06:15:52.577+0000] {processor.py:153} INFO - Started process (PID=16792) to work on /home/airflow/.local/lib/python3.7/site-packages/airflow/example_dags/example_kubernetes_executor.py
[2023-04-28T06:15:52.578+0000] {processor.py:743} INFO - Processing file /home/airflow/.local/lib/python3.7/site-packages/airflow/example_dags/example_kubernetes_executor.py for tasks to queue
[2023-04-28T06:15:52.579+0000] {logging_mixin.py:137} INFO - [2023-04-28T06:15:52.579+0000] {dagbag.py:538} INFO - Filling up the DagBag from /home/airflow/.local/lib/python3.7/site-packages/airflow/example_dags/example_kubernetes_executor.py
[2023-04-28T06:15:52.599+0000] {processor.py:753} INFO - DAG(s) dict_keys(['example_kubernetes_executor']) retrieved from /home/airflow/.local/lib/python3.7/site-packages/airflow/example_dags/example_kubernetes_executor.py
[2023-04-28T06:15:52.621+0000] {logging_mixin.py:137} INFO - [2023-04-28T06:15:52.621+0000] {dag.py:2690} INFO - Sync 1 DAGs
[2023-04-28T06:15:52.636+0000] {logging_mixin.py:137} INFO - [2023-04-28T06:15:52.636+0000] {dag.py:3441} INFO - Setting next_dagrun for example_kubernetes_executor to None, run_after=None
[2023-04-28T06:15:52.646+0000] {processor.py:175} INFO - Processing /home/airflow/.local/lib/python3.7/site-packages/airflow/example_dags/example_kubernetes_executor.py took 0.072 seconds
[2023-04-28T06:16:22.840+0000] {processor.py:153} INFO - Started process (PID=16857) to work on /home/airflow/.local/lib/python3.7/site-packages/airflow/example_dags/example_kubernetes_executor.py
[2023-04-28T06:16:22.841+0000] {processor.py:743} INFO - Processing file /home/airflow/.local/lib/python3.7/site-packages/airflow/example_dags/example_kubernetes_executor.py for tasks to queue
[2023-04-28T06:16:22.841+0000] {logging_mixin.py:137} INFO - [2023-04-28T06:16:22.841+0000] {dagbag.py:538} INFO - Filling up the DagBag from /home/airflow/.local/lib/python3.7/site-packages/airflow/example_dags/example_kubernetes_executor.py
[2023-04-28T06:16:22.861+0000] {processor.py:753} INFO - DAG(s) dict_keys(['example_kubernetes_executor']) retrieved from /home/airflow/.local/lib/python3.7/site-packages/airflow/example_dags/example_kubernetes_executor.py
[2023-04-28T06:16:22.884+0000] {logging_mixin.py:137} INFO - [2023-04-28T06:16:22.884+0000] {dag.py:2690} INFO - Sync 1 DAGs
[2023-04-28T06:16:22.900+0000] {logging_mixin.py:137} INFO - [2023-04-28T06:16:22.899+0000] {dag.py:3441} INFO - Setting next_dagrun for example_kubernetes_executor to None, run_after=None
[2023-04-28T06:16:22.911+0000] {processor.py:175} INFO - Processing /home/airflow/.local/lib/python3.7/site-packages/airflow/example_dags/example_kubernetes_executor.py took 0.074 seconds
[2023-04-28T06:16:53.467+0000] {processor.py:153} INFO - Started process (PID=16935) to work on /home/airflow/.local/lib/python3.7/site-packages/airflow/example_dags/example_kubernetes_executor.py
[2023-04-28T06:16:53.468+0000] {processor.py:743} INFO - Processing file /home/airflow/.local/lib/python3.7/site-packages/airflow/example_dags/example_kubernetes_executor.py for tasks to queue
[2023-04-28T06:16:53.468+0000] {logging_mixin.py:137} INFO - [2023-04-28T06:16:53.468+0000] {dagbag.py:538} INFO - Filling up the DagBag from /home/airflow/.local/lib/python3.7/site-packages/airflow/example_dags/example_kubernetes_executor.py
[2023-04-28T06:16:53.487+0000] {processor.py:753} INFO - DAG(s) dict_keys(['example_kubernetes_executor']) retrieved from /home/airflow/.local/lib/python3.7/site-packages/airflow/example_dags/example_kubernetes_executor.py
[2023-04-28T06:16:53.512+0000] {logging_mixin.py:137} INFO - [2023-04-28T06:16:53.512+0000] {dag.py:2690} INFO - Sync 1 DAGs
[2023-04-28T06:16:53.527+0000] {logging_mixin.py:137} INFO - [2023-04-28T06:16:53.527+0000] {dag.py:3441} INFO - Setting next_dagrun for example_kubernetes_executor to None, run_after=None
[2023-04-28T06:16:53.539+0000] {processor.py:175} INFO - Processing /home/airflow/.local/lib/python3.7/site-packages/airflow/example_dags/example_kubernetes_executor.py took 0.076 seconds
[2023-04-28T06:17:23.766+0000] {processor.py:153} INFO - Started process (PID=17013) to work on /home/airflow/.local/lib/python3.7/site-packages/airflow/example_dags/example_kubernetes_executor.py
[2023-04-28T06:17:23.768+0000] {processor.py:743} INFO - Processing file /home/airflow/.local/lib/python3.7/site-packages/airflow/example_dags/example_kubernetes_executor.py for tasks to queue
[2023-04-28T06:17:23.769+0000] {logging_mixin.py:137} INFO - [2023-04-28T06:17:23.769+0000] {dagbag.py:538} INFO - Filling up the DagBag from /home/airflow/.local/lib/python3.7/site-packages/airflow/example_dags/example_kubernetes_executor.py
[2023-04-28T06:17:23.788+0000] {processor.py:753} INFO - DAG(s) dict_keys(['example_kubernetes_executor']) retrieved from /home/airflow/.local/lib/python3.7/site-packages/airflow/example_dags/example_kubernetes_executor.py
[2023-04-28T06:17:23.812+0000] {logging_mixin.py:137} INFO - [2023-04-28T06:17:23.812+0000] {dag.py:2690} INFO - Sync 1 DAGs
[2023-04-28T06:17:23.829+0000] {logging_mixin.py:137} INFO - [2023-04-28T06:17:23.828+0000] {dag.py:3441} INFO - Setting next_dagrun for example_kubernetes_executor to None, run_after=None
[2023-04-28T06:17:23.842+0000] {processor.py:175} INFO - Processing /home/airflow/.local/lib/python3.7/site-packages/airflow/example_dags/example_kubernetes_executor.py took 0.078 seconds
[2023-04-28T06:17:54.211+0000] {processor.py:153} INFO - Started process (PID=17086) to work on /home/airflow/.local/lib/python3.7/site-packages/airflow/example_dags/example_kubernetes_executor.py
[2023-04-28T06:17:54.213+0000] {processor.py:743} INFO - Processing file /home/airflow/.local/lib/python3.7/site-packages/airflow/example_dags/example_kubernetes_executor.py for tasks to queue
[2023-04-28T06:17:54.214+0000] {logging_mixin.py:137} INFO - [2023-04-28T06:17:54.214+0000] {dagbag.py:538} INFO - Filling up the DagBag from /home/airflow/.local/lib/python3.7/site-packages/airflow/example_dags/example_kubernetes_executor.py
[2023-04-28T06:17:54.235+0000] {processor.py:753} INFO - DAG(s) dict_keys(['example_kubernetes_executor']) retrieved from /home/airflow/.local/lib/python3.7/site-packages/airflow/example_dags/example_kubernetes_executor.py
[2023-04-28T06:17:54.259+0000] {logging_mixin.py:137} INFO - [2023-04-28T06:17:54.259+0000] {dag.py:2690} INFO - Sync 1 DAGs
[2023-04-28T06:17:54.281+0000] {logging_mixin.py:137} INFO - [2023-04-28T06:17:54.281+0000] {dag.py:3441} INFO - Setting next_dagrun for example_kubernetes_executor to None, run_after=None
[2023-04-28T06:17:54.303+0000] {processor.py:175} INFO - Processing /home/airflow/.local/lib/python3.7/site-packages/airflow/example_dags/example_kubernetes_executor.py took 0.095 seconds
[2023-04-28T06:18:24.777+0000] {processor.py:153} INFO - Started process (PID=17157) to work on /home/airflow/.local/lib/python3.7/site-packages/airflow/example_dags/example_kubernetes_executor.py
[2023-04-28T06:18:24.778+0000] {processor.py:743} INFO - Processing file /home/airflow/.local/lib/python3.7/site-packages/airflow/example_dags/example_kubernetes_executor.py for tasks to queue
[2023-04-28T06:18:24.779+0000] {logging_mixin.py:137} INFO - [2023-04-28T06:18:24.779+0000] {dagbag.py:538} INFO - Filling up the DagBag from /home/airflow/.local/lib/python3.7/site-packages/airflow/example_dags/example_kubernetes_executor.py
[2023-04-28T06:18:24.798+0000] {processor.py:753} INFO - DAG(s) dict_keys(['example_kubernetes_executor']) retrieved from /home/airflow/.local/lib/python3.7/site-packages/airflow/example_dags/example_kubernetes_executor.py
[2023-04-28T06:18:24.821+0000] {logging_mixin.py:137} INFO - [2023-04-28T06:18:24.821+0000] {dag.py:2690} INFO - Sync 1 DAGs
[2023-04-28T06:18:24.840+0000] {logging_mixin.py:137} INFO - [2023-04-28T06:18:24.840+0000] {dag.py:3441} INFO - Setting next_dagrun for example_kubernetes_executor to None, run_after=None
[2023-04-28T06:18:24.851+0000] {processor.py:175} INFO - Processing /home/airflow/.local/lib/python3.7/site-packages/airflow/example_dags/example_kubernetes_executor.py took 0.077 seconds
[2023-04-28T06:18:55.104+0000] {processor.py:153} INFO - Started process (PID=17235) to work on /home/airflow/.local/lib/python3.7/site-packages/airflow/example_dags/example_kubernetes_executor.py
[2023-04-28T06:18:55.105+0000] {processor.py:743} INFO - Processing file /home/airflow/.local/lib/python3.7/site-packages/airflow/example_dags/example_kubernetes_executor.py for tasks to queue
[2023-04-28T06:18:55.106+0000] {logging_mixin.py:137} INFO - [2023-04-28T06:18:55.106+0000] {dagbag.py:538} INFO - Filling up the DagBag from /home/airflow/.local/lib/python3.7/site-packages/airflow/example_dags/example_kubernetes_executor.py
[2023-04-28T06:18:55.125+0000] {processor.py:753} INFO - DAG(s) dict_keys(['example_kubernetes_executor']) retrieved from /home/airflow/.local/lib/python3.7/site-packages/airflow/example_dags/example_kubernetes_executor.py
[2023-04-28T06:18:55.149+0000] {logging_mixin.py:137} INFO - [2023-04-28T06:18:55.149+0000] {dag.py:2690} INFO - Sync 1 DAGs
[2023-04-28T06:18:55.166+0000] {logging_mixin.py:137} INFO - [2023-04-28T06:18:55.166+0000] {dag.py:3441} INFO - Setting next_dagrun for example_kubernetes_executor to None, run_after=None
[2023-04-28T06:18:55.177+0000] {processor.py:175} INFO - Processing /home/airflow/.local/lib/python3.7/site-packages/airflow/example_dags/example_kubernetes_executor.py took 0.076 seconds
