[2023-04-28T00:36:32.533+0000] {processor.py:153} INFO - Started process (PID=14574) to work on /home/airflow/.local/lib/python3.7/site-packages/airflow/example_dags/example_local_kubernetes_executor.py
[2023-04-28T00:36:32.534+0000] {processor.py:743} INFO - Processing file /home/airflow/.local/lib/python3.7/site-packages/airflow/example_dags/example_local_kubernetes_executor.py for tasks to queue
[2023-04-28T00:36:32.535+0000] {logging_mixin.py:137} INFO - [2023-04-28T00:36:32.535+0000] {dagbag.py:538} INFO - Filling up the DagBag from /home/airflow/.local/lib/python3.7/site-packages/airflow/example_dags/example_local_kubernetes_executor.py
[2023-04-28T00:36:32.552+0000] {processor.py:753} INFO - DAG(s) dict_keys(['example_local_kubernetes_executor']) retrieved from /home/airflow/.local/lib/python3.7/site-packages/airflow/example_dags/example_local_kubernetes_executor.py
[2023-04-28T00:36:32.574+0000] {logging_mixin.py:137} INFO - [2023-04-28T00:36:32.574+0000] {dag.py:2690} INFO - Sync 1 DAGs
[2023-04-28T00:36:32.589+0000] {logging_mixin.py:137} INFO - [2023-04-28T00:36:32.589+0000] {dag.py:3441} INFO - Setting next_dagrun for example_local_kubernetes_executor to None, run_after=None
[2023-04-28T00:36:32.601+0000] {processor.py:175} INFO - Processing /home/airflow/.local/lib/python3.7/site-packages/airflow/example_dags/example_local_kubernetes_executor.py took 0.071 seconds
[2023-04-28T01:42:53.931+0000] {processor.py:153} INFO - Started process (PID=14652) to work on /home/airflow/.local/lib/python3.7/site-packages/airflow/example_dags/example_local_kubernetes_executor.py
[2023-04-28T01:42:53.933+0000] {processor.py:743} INFO - Processing file /home/airflow/.local/lib/python3.7/site-packages/airflow/example_dags/example_local_kubernetes_executor.py for tasks to queue
[2023-04-28T01:42:53.933+0000] {logging_mixin.py:137} INFO - [2023-04-28T01:42:53.933+0000] {dagbag.py:538} INFO - Filling up the DagBag from /home/airflow/.local/lib/python3.7/site-packages/airflow/example_dags/example_local_kubernetes_executor.py
[2023-04-28T01:42:53.949+0000] {processor.py:753} INFO - DAG(s) dict_keys(['example_local_kubernetes_executor']) retrieved from /home/airflow/.local/lib/python3.7/site-packages/airflow/example_dags/example_local_kubernetes_executor.py
[2023-04-28T01:42:53.971+0000] {logging_mixin.py:137} INFO - [2023-04-28T01:42:53.971+0000] {dag.py:2690} INFO - Sync 1 DAGs
[2023-04-28T01:42:53.988+0000] {logging_mixin.py:137} INFO - [2023-04-28T01:42:53.988+0000] {dag.py:3441} INFO - Setting next_dagrun for example_local_kubernetes_executor to None, run_after=None
[2023-04-28T01:42:53.999+0000] {processor.py:175} INFO - Processing /home/airflow/.local/lib/python3.7/site-packages/airflow/example_dags/example_local_kubernetes_executor.py took 0.071 seconds
[2023-04-28T02:48:41.920+0000] {processor.py:153} INFO - Started process (PID=14718) to work on /home/airflow/.local/lib/python3.7/site-packages/airflow/example_dags/example_local_kubernetes_executor.py
[2023-04-28T02:48:41.921+0000] {processor.py:743} INFO - Processing file /home/airflow/.local/lib/python3.7/site-packages/airflow/example_dags/example_local_kubernetes_executor.py for tasks to queue
[2023-04-28T02:48:41.922+0000] {logging_mixin.py:137} INFO - [2023-04-28T02:48:41.922+0000] {dagbag.py:538} INFO - Filling up the DagBag from /home/airflow/.local/lib/python3.7/site-packages/airflow/example_dags/example_local_kubernetes_executor.py
[2023-04-28T02:48:41.940+0000] {processor.py:753} INFO - DAG(s) dict_keys(['example_local_kubernetes_executor']) retrieved from /home/airflow/.local/lib/python3.7/site-packages/airflow/example_dags/example_local_kubernetes_executor.py
[2023-04-28T02:48:41.963+0000] {logging_mixin.py:137} INFO - [2023-04-28T02:48:41.963+0000] {dag.py:2690} INFO - Sync 1 DAGs
[2023-04-28T02:48:41.978+0000] {logging_mixin.py:137} INFO - [2023-04-28T02:48:41.978+0000] {dag.py:3441} INFO - Setting next_dagrun for example_local_kubernetes_executor to None, run_after=None
[2023-04-28T02:48:41.990+0000] {processor.py:175} INFO - Processing /home/airflow/.local/lib/python3.7/site-packages/airflow/example_dags/example_local_kubernetes_executor.py took 0.073 seconds
[2023-04-28T03:54:55.208+0000] {processor.py:153} INFO - Started process (PID=14795) to work on /home/airflow/.local/lib/python3.7/site-packages/airflow/example_dags/example_local_kubernetes_executor.py
[2023-04-28T03:54:55.210+0000] {processor.py:743} INFO - Processing file /home/airflow/.local/lib/python3.7/site-packages/airflow/example_dags/example_local_kubernetes_executor.py for tasks to queue
[2023-04-28T03:54:55.212+0000] {logging_mixin.py:137} INFO - [2023-04-28T03:54:55.212+0000] {dagbag.py:538} INFO - Filling up the DagBag from /home/airflow/.local/lib/python3.7/site-packages/airflow/example_dags/example_local_kubernetes_executor.py
[2023-04-28T03:54:55.238+0000] {processor.py:753} INFO - DAG(s) dict_keys(['example_local_kubernetes_executor']) retrieved from /home/airflow/.local/lib/python3.7/site-packages/airflow/example_dags/example_local_kubernetes_executor.py
[2023-04-28T03:54:55.266+0000] {logging_mixin.py:137} INFO - [2023-04-28T03:54:55.266+0000] {dag.py:2690} INFO - Sync 1 DAGs
[2023-04-28T03:54:55.287+0000] {logging_mixin.py:137} INFO - [2023-04-28T03:54:55.287+0000] {dag.py:3441} INFO - Setting next_dagrun for example_local_kubernetes_executor to None, run_after=None
[2023-04-28T03:54:55.303+0000] {processor.py:175} INFO - Processing /home/airflow/.local/lib/python3.7/site-packages/airflow/example_dags/example_local_kubernetes_executor.py took 0.099 seconds
[2023-04-28T05:16:17.129+0000] {processor.py:153} INFO - Started process (PID=14861) to work on /home/airflow/.local/lib/python3.7/site-packages/airflow/example_dags/example_local_kubernetes_executor.py
[2023-04-28T05:16:17.131+0000] {processor.py:743} INFO - Processing file /home/airflow/.local/lib/python3.7/site-packages/airflow/example_dags/example_local_kubernetes_executor.py for tasks to queue
[2023-04-28T05:16:17.132+0000] {logging_mixin.py:137} INFO - [2023-04-28T05:16:17.131+0000] {dagbag.py:538} INFO - Filling up the DagBag from /home/airflow/.local/lib/python3.7/site-packages/airflow/example_dags/example_local_kubernetes_executor.py
[2023-04-28T05:16:17.150+0000] {processor.py:753} INFO - DAG(s) dict_keys(['example_local_kubernetes_executor']) retrieved from /home/airflow/.local/lib/python3.7/site-packages/airflow/example_dags/example_local_kubernetes_executor.py
[2023-04-28T05:16:17.186+0000] {logging_mixin.py:137} INFO - [2023-04-28T05:16:17.186+0000] {dag.py:2690} INFO - Sync 1 DAGs
[2023-04-28T05:16:17.203+0000] {logging_mixin.py:137} INFO - [2023-04-28T05:16:17.203+0000] {dag.py:3441} INFO - Setting next_dagrun for example_local_kubernetes_executor to None, run_after=None
[2023-04-28T05:16:17.219+0000] {processor.py:175} INFO - Processing /home/airflow/.local/lib/python3.7/site-packages/airflow/example_dags/example_local_kubernetes_executor.py took 0.093 seconds
[2023-04-28T05:32:13.459+0000] {processor.py:153} INFO - Started process (PID=14941) to work on /home/airflow/.local/lib/python3.7/site-packages/airflow/example_dags/example_local_kubernetes_executor.py
[2023-04-28T05:32:13.461+0000] {processor.py:743} INFO - Processing file /home/airflow/.local/lib/python3.7/site-packages/airflow/example_dags/example_local_kubernetes_executor.py for tasks to queue
[2023-04-28T05:32:13.461+0000] {logging_mixin.py:137} INFO - [2023-04-28T05:32:13.461+0000] {dagbag.py:538} INFO - Filling up the DagBag from /home/airflow/.local/lib/python3.7/site-packages/airflow/example_dags/example_local_kubernetes_executor.py
[2023-04-28T05:32:13.479+0000] {processor.py:753} INFO - DAG(s) dict_keys(['example_local_kubernetes_executor']) retrieved from /home/airflow/.local/lib/python3.7/site-packages/airflow/example_dags/example_local_kubernetes_executor.py
[2023-04-28T05:32:13.500+0000] {logging_mixin.py:137} INFO - [2023-04-28T05:32:13.500+0000] {dag.py:2690} INFO - Sync 1 DAGs
[2023-04-28T05:32:13.515+0000] {logging_mixin.py:137} INFO - [2023-04-28T05:32:13.515+0000] {dag.py:3441} INFO - Setting next_dagrun for example_local_kubernetes_executor to None, run_after=None
[2023-04-28T05:32:13.527+0000] {processor.py:175} INFO - Processing /home/airflow/.local/lib/python3.7/site-packages/airflow/example_dags/example_local_kubernetes_executor.py took 0.070 seconds
[2023-04-28T05:32:43.920+0000] {processor.py:153} INFO - Started process (PID=15018) to work on /home/airflow/.local/lib/python3.7/site-packages/airflow/example_dags/example_local_kubernetes_executor.py
[2023-04-28T05:32:43.921+0000] {processor.py:743} INFO - Processing file /home/airflow/.local/lib/python3.7/site-packages/airflow/example_dags/example_local_kubernetes_executor.py for tasks to queue
[2023-04-28T05:32:43.923+0000] {logging_mixin.py:137} INFO - [2023-04-28T05:32:43.922+0000] {dagbag.py:538} INFO - Filling up the DagBag from /home/airflow/.local/lib/python3.7/site-packages/airflow/example_dags/example_local_kubernetes_executor.py
[2023-04-28T05:32:43.941+0000] {processor.py:753} INFO - DAG(s) dict_keys(['example_local_kubernetes_executor']) retrieved from /home/airflow/.local/lib/python3.7/site-packages/airflow/example_dags/example_local_kubernetes_executor.py
[2023-04-28T05:32:43.968+0000] {logging_mixin.py:137} INFO - [2023-04-28T05:32:43.968+0000] {dag.py:2690} INFO - Sync 1 DAGs
[2023-04-28T05:32:43.985+0000] {logging_mixin.py:137} INFO - [2023-04-28T05:32:43.985+0000] {dag.py:3441} INFO - Setting next_dagrun for example_local_kubernetes_executor to None, run_after=None
[2023-04-28T05:32:43.997+0000] {processor.py:175} INFO - Processing /home/airflow/.local/lib/python3.7/site-packages/airflow/example_dags/example_local_kubernetes_executor.py took 0.080 seconds
[2023-04-28T06:03:56.385+0000] {processor.py:153} INFO - Started process (PID=15093) to work on /home/airflow/.local/lib/python3.7/site-packages/airflow/example_dags/example_local_kubernetes_executor.py
[2023-04-28T06:03:56.386+0000] {processor.py:743} INFO - Processing file /home/airflow/.local/lib/python3.7/site-packages/airflow/example_dags/example_local_kubernetes_executor.py for tasks to queue
[2023-04-28T06:03:56.387+0000] {logging_mixin.py:137} INFO - [2023-04-28T06:03:56.387+0000] {dagbag.py:538} INFO - Filling up the DagBag from /home/airflow/.local/lib/python3.7/site-packages/airflow/example_dags/example_local_kubernetes_executor.py
[2023-04-28T06:03:56.405+0000] {processor.py:753} INFO - DAG(s) dict_keys(['example_local_kubernetes_executor']) retrieved from /home/airflow/.local/lib/python3.7/site-packages/airflow/example_dags/example_local_kubernetes_executor.py
[2023-04-28T06:03:56.431+0000] {logging_mixin.py:137} INFO - [2023-04-28T06:03:56.431+0000] {dag.py:2690} INFO - Sync 1 DAGs
[2023-04-28T06:03:56.450+0000] {logging_mixin.py:137} INFO - [2023-04-28T06:03:56.450+0000] {dag.py:3441} INFO - Setting next_dagrun for example_local_kubernetes_executor to None, run_after=None
[2023-04-28T06:03:56.464+0000] {processor.py:175} INFO - Processing /home/airflow/.local/lib/python3.7/site-packages/airflow/example_dags/example_local_kubernetes_executor.py took 0.082 seconds
[2023-04-28T06:04:41.888+0000] {processor.py:153} INFO - Started process (PID=15164) to work on /home/airflow/.local/lib/python3.7/site-packages/airflow/example_dags/example_local_kubernetes_executor.py
[2023-04-28T06:04:41.890+0000] {processor.py:743} INFO - Processing file /home/airflow/.local/lib/python3.7/site-packages/airflow/example_dags/example_local_kubernetes_executor.py for tasks to queue
[2023-04-28T06:04:41.890+0000] {logging_mixin.py:137} INFO - [2023-04-28T06:04:41.890+0000] {dagbag.py:538} INFO - Filling up the DagBag from /home/airflow/.local/lib/python3.7/site-packages/airflow/example_dags/example_local_kubernetes_executor.py
[2023-04-28T06:04:41.907+0000] {processor.py:753} INFO - DAG(s) dict_keys(['example_local_kubernetes_executor']) retrieved from /home/airflow/.local/lib/python3.7/site-packages/airflow/example_dags/example_local_kubernetes_executor.py
[2023-04-28T06:04:41.929+0000] {logging_mixin.py:137} INFO - [2023-04-28T06:04:41.929+0000] {dag.py:2690} INFO - Sync 1 DAGs
[2023-04-28T06:04:41.946+0000] {logging_mixin.py:137} INFO - [2023-04-28T06:04:41.946+0000] {dag.py:3441} INFO - Setting next_dagrun for example_local_kubernetes_executor to None, run_after=None
[2023-04-28T06:04:41.964+0000] {processor.py:175} INFO - Processing /home/airflow/.local/lib/python3.7/site-packages/airflow/example_dags/example_local_kubernetes_executor.py took 0.078 seconds
[2023-04-28T06:05:12.564+0000] {processor.py:153} INFO - Started process (PID=15242) to work on /home/airflow/.local/lib/python3.7/site-packages/airflow/example_dags/example_local_kubernetes_executor.py
[2023-04-28T06:05:12.565+0000] {processor.py:743} INFO - Processing file /home/airflow/.local/lib/python3.7/site-packages/airflow/example_dags/example_local_kubernetes_executor.py for tasks to queue
[2023-04-28T06:05:12.566+0000] {logging_mixin.py:137} INFO - [2023-04-28T06:05:12.566+0000] {dagbag.py:538} INFO - Filling up the DagBag from /home/airflow/.local/lib/python3.7/site-packages/airflow/example_dags/example_local_kubernetes_executor.py
[2023-04-28T06:05:12.584+0000] {processor.py:753} INFO - DAG(s) dict_keys(['example_local_kubernetes_executor']) retrieved from /home/airflow/.local/lib/python3.7/site-packages/airflow/example_dags/example_local_kubernetes_executor.py
[2023-04-28T06:05:12.609+0000] {logging_mixin.py:137} INFO - [2023-04-28T06:05:12.609+0000] {dag.py:2690} INFO - Sync 1 DAGs
[2023-04-28T06:05:12.629+0000] {logging_mixin.py:137} INFO - [2023-04-28T06:05:12.629+0000] {dag.py:3441} INFO - Setting next_dagrun for example_local_kubernetes_executor to None, run_after=None
[2023-04-28T06:05:12.651+0000] {processor.py:175} INFO - Processing /home/airflow/.local/lib/python3.7/site-packages/airflow/example_dags/example_local_kubernetes_executor.py took 0.091 seconds
[2023-04-28T06:05:42.986+0000] {processor.py:153} INFO - Started process (PID=15308) to work on /home/airflow/.local/lib/python3.7/site-packages/airflow/example_dags/example_local_kubernetes_executor.py
[2023-04-28T06:05:42.987+0000] {processor.py:743} INFO - Processing file /home/airflow/.local/lib/python3.7/site-packages/airflow/example_dags/example_local_kubernetes_executor.py for tasks to queue
[2023-04-28T06:05:42.988+0000] {logging_mixin.py:137} INFO - [2023-04-28T06:05:42.988+0000] {dagbag.py:538} INFO - Filling up the DagBag from /home/airflow/.local/lib/python3.7/site-packages/airflow/example_dags/example_local_kubernetes_executor.py
[2023-04-28T06:05:43.005+0000] {processor.py:753} INFO - DAG(s) dict_keys(['example_local_kubernetes_executor']) retrieved from /home/airflow/.local/lib/python3.7/site-packages/airflow/example_dags/example_local_kubernetes_executor.py
[2023-04-28T06:05:43.028+0000] {logging_mixin.py:137} INFO - [2023-04-28T06:05:43.028+0000] {dag.py:2690} INFO - Sync 1 DAGs
[2023-04-28T06:05:43.045+0000] {logging_mixin.py:137} INFO - [2023-04-28T06:05:43.045+0000] {dag.py:3441} INFO - Setting next_dagrun for example_local_kubernetes_executor to None, run_after=None
[2023-04-28T06:05:43.059+0000] {processor.py:175} INFO - Processing /home/airflow/.local/lib/python3.7/site-packages/airflow/example_dags/example_local_kubernetes_executor.py took 0.076 seconds
[2023-04-28T06:06:13.319+0000] {processor.py:153} INFO - Started process (PID=15388) to work on /home/airflow/.local/lib/python3.7/site-packages/airflow/example_dags/example_local_kubernetes_executor.py
[2023-04-28T06:06:13.320+0000] {processor.py:743} INFO - Processing file /home/airflow/.local/lib/python3.7/site-packages/airflow/example_dags/example_local_kubernetes_executor.py for tasks to queue
[2023-04-28T06:06:13.321+0000] {logging_mixin.py:137} INFO - [2023-04-28T06:06:13.321+0000] {dagbag.py:538} INFO - Filling up the DagBag from /home/airflow/.local/lib/python3.7/site-packages/airflow/example_dags/example_local_kubernetes_executor.py
[2023-04-28T06:06:13.338+0000] {processor.py:753} INFO - DAG(s) dict_keys(['example_local_kubernetes_executor']) retrieved from /home/airflow/.local/lib/python3.7/site-packages/airflow/example_dags/example_local_kubernetes_executor.py
[2023-04-28T06:06:13.358+0000] {logging_mixin.py:137} INFO - [2023-04-28T06:06:13.358+0000] {dag.py:2690} INFO - Sync 1 DAGs
[2023-04-28T06:06:13.374+0000] {logging_mixin.py:137} INFO - [2023-04-28T06:06:13.374+0000] {dag.py:3441} INFO - Setting next_dagrun for example_local_kubernetes_executor to None, run_after=None
[2023-04-28T06:06:13.386+0000] {processor.py:175} INFO - Processing /home/airflow/.local/lib/python3.7/site-packages/airflow/example_dags/example_local_kubernetes_executor.py took 0.069 seconds
[2023-04-28T06:06:44.032+0000] {processor.py:153} INFO - Started process (PID=15465) to work on /home/airflow/.local/lib/python3.7/site-packages/airflow/example_dags/example_local_kubernetes_executor.py
[2023-04-28T06:06:44.033+0000] {processor.py:743} INFO - Processing file /home/airflow/.local/lib/python3.7/site-packages/airflow/example_dags/example_local_kubernetes_executor.py for tasks to queue
[2023-04-28T06:06:44.034+0000] {logging_mixin.py:137} INFO - [2023-04-28T06:06:44.034+0000] {dagbag.py:538} INFO - Filling up the DagBag from /home/airflow/.local/lib/python3.7/site-packages/airflow/example_dags/example_local_kubernetes_executor.py
[2023-04-28T06:06:44.053+0000] {processor.py:753} INFO - DAG(s) dict_keys(['example_local_kubernetes_executor']) retrieved from /home/airflow/.local/lib/python3.7/site-packages/airflow/example_dags/example_local_kubernetes_executor.py
[2023-04-28T06:06:44.082+0000] {logging_mixin.py:137} INFO - [2023-04-28T06:06:44.082+0000] {dag.py:2690} INFO - Sync 1 DAGs
[2023-04-28T06:06:44.097+0000] {logging_mixin.py:137} INFO - [2023-04-28T06:06:44.097+0000] {dag.py:3441} INFO - Setting next_dagrun for example_local_kubernetes_executor to None, run_after=None
[2023-04-28T06:06:44.108+0000] {processor.py:175} INFO - Processing /home/airflow/.local/lib/python3.7/site-packages/airflow/example_dags/example_local_kubernetes_executor.py took 0.078 seconds
[2023-04-28T06:07:14.396+0000] {processor.py:153} INFO - Started process (PID=15532) to work on /home/airflow/.local/lib/python3.7/site-packages/airflow/example_dags/example_local_kubernetes_executor.py
[2023-04-28T06:07:14.397+0000] {processor.py:743} INFO - Processing file /home/airflow/.local/lib/python3.7/site-packages/airflow/example_dags/example_local_kubernetes_executor.py for tasks to queue
[2023-04-28T06:07:14.398+0000] {logging_mixin.py:137} INFO - [2023-04-28T06:07:14.398+0000] {dagbag.py:538} INFO - Filling up the DagBag from /home/airflow/.local/lib/python3.7/site-packages/airflow/example_dags/example_local_kubernetes_executor.py
[2023-04-28T06:07:14.414+0000] {processor.py:753} INFO - DAG(s) dict_keys(['example_local_kubernetes_executor']) retrieved from /home/airflow/.local/lib/python3.7/site-packages/airflow/example_dags/example_local_kubernetes_executor.py
[2023-04-28T06:07:14.435+0000] {logging_mixin.py:137} INFO - [2023-04-28T06:07:14.435+0000] {dag.py:2690} INFO - Sync 1 DAGs
[2023-04-28T06:07:14.449+0000] {logging_mixin.py:137} INFO - [2023-04-28T06:07:14.449+0000] {dag.py:3441} INFO - Setting next_dagrun for example_local_kubernetes_executor to None, run_after=None
[2023-04-28T06:07:14.460+0000] {processor.py:175} INFO - Processing /home/airflow/.local/lib/python3.7/site-packages/airflow/example_dags/example_local_kubernetes_executor.py took 0.068 seconds
[2023-04-28T06:07:44.865+0000] {processor.py:153} INFO - Started process (PID=15610) to work on /home/airflow/.local/lib/python3.7/site-packages/airflow/example_dags/example_local_kubernetes_executor.py
[2023-04-28T06:07:44.866+0000] {processor.py:743} INFO - Processing file /home/airflow/.local/lib/python3.7/site-packages/airflow/example_dags/example_local_kubernetes_executor.py for tasks to queue
[2023-04-28T06:07:44.867+0000] {logging_mixin.py:137} INFO - [2023-04-28T06:07:44.867+0000] {dagbag.py:538} INFO - Filling up the DagBag from /home/airflow/.local/lib/python3.7/site-packages/airflow/example_dags/example_local_kubernetes_executor.py
[2023-04-28T06:07:44.884+0000] {processor.py:753} INFO - DAG(s) dict_keys(['example_local_kubernetes_executor']) retrieved from /home/airflow/.local/lib/python3.7/site-packages/airflow/example_dags/example_local_kubernetes_executor.py
[2023-04-28T06:07:44.907+0000] {logging_mixin.py:137} INFO - [2023-04-28T06:07:44.907+0000] {dag.py:2690} INFO - Sync 1 DAGs
[2023-04-28T06:07:44.924+0000] {logging_mixin.py:137} INFO - [2023-04-28T06:07:44.924+0000] {dag.py:3441} INFO - Setting next_dagrun for example_local_kubernetes_executor to None, run_after=None
[2023-04-28T06:07:44.935+0000] {processor.py:175} INFO - Processing /home/airflow/.local/lib/python3.7/site-packages/airflow/example_dags/example_local_kubernetes_executor.py took 0.073 seconds
[2023-04-28T06:08:15.260+0000] {processor.py:153} INFO - Started process (PID=15688) to work on /home/airflow/.local/lib/python3.7/site-packages/airflow/example_dags/example_local_kubernetes_executor.py
[2023-04-28T06:08:15.262+0000] {processor.py:743} INFO - Processing file /home/airflow/.local/lib/python3.7/site-packages/airflow/example_dags/example_local_kubernetes_executor.py for tasks to queue
[2023-04-28T06:08:15.263+0000] {logging_mixin.py:137} INFO - [2023-04-28T06:08:15.263+0000] {dagbag.py:538} INFO - Filling up the DagBag from /home/airflow/.local/lib/python3.7/site-packages/airflow/example_dags/example_local_kubernetes_executor.py
[2023-04-28T06:08:15.280+0000] {processor.py:753} INFO - DAG(s) dict_keys(['example_local_kubernetes_executor']) retrieved from /home/airflow/.local/lib/python3.7/site-packages/airflow/example_dags/example_local_kubernetes_executor.py
[2023-04-28T06:08:15.300+0000] {logging_mixin.py:137} INFO - [2023-04-28T06:08:15.300+0000] {dag.py:2690} INFO - Sync 1 DAGs
[2023-04-28T06:08:15.316+0000] {logging_mixin.py:137} INFO - [2023-04-28T06:08:15.315+0000] {dag.py:3441} INFO - Setting next_dagrun for example_local_kubernetes_executor to None, run_after=None
[2023-04-28T06:08:15.326+0000] {processor.py:175} INFO - Processing /home/airflow/.local/lib/python3.7/site-packages/airflow/example_dags/example_local_kubernetes_executor.py took 0.069 seconds
[2023-04-28T06:08:45.817+0000] {processor.py:153} INFO - Started process (PID=15754) to work on /home/airflow/.local/lib/python3.7/site-packages/airflow/example_dags/example_local_kubernetes_executor.py
[2023-04-28T06:08:45.818+0000] {processor.py:743} INFO - Processing file /home/airflow/.local/lib/python3.7/site-packages/airflow/example_dags/example_local_kubernetes_executor.py for tasks to queue
[2023-04-28T06:08:45.819+0000] {logging_mixin.py:137} INFO - [2023-04-28T06:08:45.819+0000] {dagbag.py:538} INFO - Filling up the DagBag from /home/airflow/.local/lib/python3.7/site-packages/airflow/example_dags/example_local_kubernetes_executor.py
[2023-04-28T06:08:45.836+0000] {processor.py:753} INFO - DAG(s) dict_keys(['example_local_kubernetes_executor']) retrieved from /home/airflow/.local/lib/python3.7/site-packages/airflow/example_dags/example_local_kubernetes_executor.py
[2023-04-28T06:08:45.857+0000] {logging_mixin.py:137} INFO - [2023-04-28T06:08:45.857+0000] {dag.py:2690} INFO - Sync 1 DAGs
[2023-04-28T06:08:45.872+0000] {logging_mixin.py:137} INFO - [2023-04-28T06:08:45.872+0000] {dag.py:3441} INFO - Setting next_dagrun for example_local_kubernetes_executor to None, run_after=None
[2023-04-28T06:08:45.883+0000] {processor.py:175} INFO - Processing /home/airflow/.local/lib/python3.7/site-packages/airflow/example_dags/example_local_kubernetes_executor.py took 0.070 seconds
[2023-04-28T06:09:16.211+0000] {processor.py:153} INFO - Started process (PID=15832) to work on /home/airflow/.local/lib/python3.7/site-packages/airflow/example_dags/example_local_kubernetes_executor.py
[2023-04-28T06:09:16.213+0000] {processor.py:743} INFO - Processing file /home/airflow/.local/lib/python3.7/site-packages/airflow/example_dags/example_local_kubernetes_executor.py for tasks to queue
[2023-04-28T06:09:16.214+0000] {logging_mixin.py:137} INFO - [2023-04-28T06:09:16.214+0000] {dagbag.py:538} INFO - Filling up the DagBag from /home/airflow/.local/lib/python3.7/site-packages/airflow/example_dags/example_local_kubernetes_executor.py
[2023-04-28T06:09:16.230+0000] {processor.py:753} INFO - DAG(s) dict_keys(['example_local_kubernetes_executor']) retrieved from /home/airflow/.local/lib/python3.7/site-packages/airflow/example_dags/example_local_kubernetes_executor.py
[2023-04-28T06:09:16.252+0000] {logging_mixin.py:137} INFO - [2023-04-28T06:09:16.252+0000] {dag.py:2690} INFO - Sync 1 DAGs
[2023-04-28T06:09:16.269+0000] {logging_mixin.py:137} INFO - [2023-04-28T06:09:16.268+0000] {dag.py:3441} INFO - Setting next_dagrun for example_local_kubernetes_executor to None, run_after=None
[2023-04-28T06:09:16.281+0000] {processor.py:175} INFO - Processing /home/airflow/.local/lib/python3.7/site-packages/airflow/example_dags/example_local_kubernetes_executor.py took 0.072 seconds
[2023-04-28T06:09:47.225+0000] {processor.py:153} INFO - Started process (PID=15911) to work on /home/airflow/.local/lib/python3.7/site-packages/airflow/example_dags/example_local_kubernetes_executor.py
[2023-04-28T06:09:47.226+0000] {processor.py:743} INFO - Processing file /home/airflow/.local/lib/python3.7/site-packages/airflow/example_dags/example_local_kubernetes_executor.py for tasks to queue
[2023-04-28T06:09:47.227+0000] {logging_mixin.py:137} INFO - [2023-04-28T06:09:47.227+0000] {dagbag.py:538} INFO - Filling up the DagBag from /home/airflow/.local/lib/python3.7/site-packages/airflow/example_dags/example_local_kubernetes_executor.py
[2023-04-28T06:09:47.244+0000] {processor.py:753} INFO - DAG(s) dict_keys(['example_local_kubernetes_executor']) retrieved from /home/airflow/.local/lib/python3.7/site-packages/airflow/example_dags/example_local_kubernetes_executor.py
[2023-04-28T06:09:47.269+0000] {logging_mixin.py:137} INFO - [2023-04-28T06:09:47.269+0000] {dag.py:2690} INFO - Sync 1 DAGs
[2023-04-28T06:09:47.286+0000] {logging_mixin.py:137} INFO - [2023-04-28T06:09:47.286+0000] {dag.py:3441} INFO - Setting next_dagrun for example_local_kubernetes_executor to None, run_after=None
[2023-04-28T06:09:47.297+0000] {processor.py:175} INFO - Processing /home/airflow/.local/lib/python3.7/site-packages/airflow/example_dags/example_local_kubernetes_executor.py took 0.075 seconds
[2023-04-28T06:10:17.525+0000] {processor.py:153} INFO - Started process (PID=15976) to work on /home/airflow/.local/lib/python3.7/site-packages/airflow/example_dags/example_local_kubernetes_executor.py
[2023-04-28T06:10:17.526+0000] {processor.py:743} INFO - Processing file /home/airflow/.local/lib/python3.7/site-packages/airflow/example_dags/example_local_kubernetes_executor.py for tasks to queue
[2023-04-28T06:10:17.527+0000] {logging_mixin.py:137} INFO - [2023-04-28T06:10:17.527+0000] {dagbag.py:538} INFO - Filling up the DagBag from /home/airflow/.local/lib/python3.7/site-packages/airflow/example_dags/example_local_kubernetes_executor.py
[2023-04-28T06:10:17.546+0000] {processor.py:753} INFO - DAG(s) dict_keys(['example_local_kubernetes_executor']) retrieved from /home/airflow/.local/lib/python3.7/site-packages/airflow/example_dags/example_local_kubernetes_executor.py
[2023-04-28T06:10:17.567+0000] {logging_mixin.py:137} INFO - [2023-04-28T06:10:17.567+0000] {dag.py:2690} INFO - Sync 1 DAGs
[2023-04-28T06:10:17.583+0000] {logging_mixin.py:137} INFO - [2023-04-28T06:10:17.583+0000] {dag.py:3441} INFO - Setting next_dagrun for example_local_kubernetes_executor to None, run_after=None
[2023-04-28T06:10:17.594+0000] {processor.py:175} INFO - Processing /home/airflow/.local/lib/python3.7/site-packages/airflow/example_dags/example_local_kubernetes_executor.py took 0.072 seconds
[2023-04-28T06:10:47.985+0000] {processor.py:153} INFO - Started process (PID=16054) to work on /home/airflow/.local/lib/python3.7/site-packages/airflow/example_dags/example_local_kubernetes_executor.py
[2023-04-28T06:10:47.987+0000] {processor.py:743} INFO - Processing file /home/airflow/.local/lib/python3.7/site-packages/airflow/example_dags/example_local_kubernetes_executor.py for tasks to queue
[2023-04-28T06:10:47.988+0000] {logging_mixin.py:137} INFO - [2023-04-28T06:10:47.988+0000] {dagbag.py:538} INFO - Filling up the DagBag from /home/airflow/.local/lib/python3.7/site-packages/airflow/example_dags/example_local_kubernetes_executor.py
[2023-04-28T06:10:48.007+0000] {processor.py:753} INFO - DAG(s) dict_keys(['example_local_kubernetes_executor']) retrieved from /home/airflow/.local/lib/python3.7/site-packages/airflow/example_dags/example_local_kubernetes_executor.py
[2023-04-28T06:10:48.030+0000] {logging_mixin.py:137} INFO - [2023-04-28T06:10:48.030+0000] {dag.py:2690} INFO - Sync 1 DAGs
[2023-04-28T06:10:48.046+0000] {logging_mixin.py:137} INFO - [2023-04-28T06:10:48.046+0000] {dag.py:3441} INFO - Setting next_dagrun for example_local_kubernetes_executor to None, run_after=None
[2023-04-28T06:10:48.058+0000] {processor.py:175} INFO - Processing /home/airflow/.local/lib/python3.7/site-packages/airflow/example_dags/example_local_kubernetes_executor.py took 0.077 seconds
[2023-04-28T06:11:18.538+0000] {processor.py:153} INFO - Started process (PID=16132) to work on /home/airflow/.local/lib/python3.7/site-packages/airflow/example_dags/example_local_kubernetes_executor.py
[2023-04-28T06:11:18.539+0000] {processor.py:743} INFO - Processing file /home/airflow/.local/lib/python3.7/site-packages/airflow/example_dags/example_local_kubernetes_executor.py for tasks to queue
[2023-04-28T06:11:18.540+0000] {logging_mixin.py:137} INFO - [2023-04-28T06:11:18.540+0000] {dagbag.py:538} INFO - Filling up the DagBag from /home/airflow/.local/lib/python3.7/site-packages/airflow/example_dags/example_local_kubernetes_executor.py
[2023-04-28T06:11:18.557+0000] {processor.py:753} INFO - DAG(s) dict_keys(['example_local_kubernetes_executor']) retrieved from /home/airflow/.local/lib/python3.7/site-packages/airflow/example_dags/example_local_kubernetes_executor.py
[2023-04-28T06:11:18.579+0000] {logging_mixin.py:137} INFO - [2023-04-28T06:11:18.579+0000] {dag.py:2690} INFO - Sync 1 DAGs
[2023-04-28T06:11:18.595+0000] {logging_mixin.py:137} INFO - [2023-04-28T06:11:18.594+0000] {dag.py:3441} INFO - Setting next_dagrun for example_local_kubernetes_executor to None, run_after=None
[2023-04-28T06:11:18.606+0000] {processor.py:175} INFO - Processing /home/airflow/.local/lib/python3.7/site-packages/airflow/example_dags/example_local_kubernetes_executor.py took 0.070 seconds
[2023-04-28T06:11:49.100+0000] {processor.py:153} INFO - Started process (PID=16198) to work on /home/airflow/.local/lib/python3.7/site-packages/airflow/example_dags/example_local_kubernetes_executor.py
[2023-04-28T06:11:49.101+0000] {processor.py:743} INFO - Processing file /home/airflow/.local/lib/python3.7/site-packages/airflow/example_dags/example_local_kubernetes_executor.py for tasks to queue
[2023-04-28T06:11:49.102+0000] {logging_mixin.py:137} INFO - [2023-04-28T06:11:49.102+0000] {dagbag.py:538} INFO - Filling up the DagBag from /home/airflow/.local/lib/python3.7/site-packages/airflow/example_dags/example_local_kubernetes_executor.py
[2023-04-28T06:11:49.131+0000] {processor.py:753} INFO - DAG(s) dict_keys(['example_local_kubernetes_executor']) retrieved from /home/airflow/.local/lib/python3.7/site-packages/airflow/example_dags/example_local_kubernetes_executor.py
[2023-04-28T06:11:49.169+0000] {logging_mixin.py:137} INFO - [2023-04-28T06:11:49.169+0000] {dag.py:2690} INFO - Sync 1 DAGs
[2023-04-28T06:11:49.189+0000] {logging_mixin.py:137} INFO - [2023-04-28T06:11:49.188+0000] {dag.py:3441} INFO - Setting next_dagrun for example_local_kubernetes_executor to None, run_after=None
[2023-04-28T06:11:49.205+0000] {processor.py:175} INFO - Processing /home/airflow/.local/lib/python3.7/site-packages/airflow/example_dags/example_local_kubernetes_executor.py took 0.109 seconds
[2023-04-28T06:12:19.642+0000] {processor.py:153} INFO - Started process (PID=16276) to work on /home/airflow/.local/lib/python3.7/site-packages/airflow/example_dags/example_local_kubernetes_executor.py
[2023-04-28T06:12:19.643+0000] {processor.py:743} INFO - Processing file /home/airflow/.local/lib/python3.7/site-packages/airflow/example_dags/example_local_kubernetes_executor.py for tasks to queue
[2023-04-28T06:12:19.644+0000] {logging_mixin.py:137} INFO - [2023-04-28T06:12:19.644+0000] {dagbag.py:538} INFO - Filling up the DagBag from /home/airflow/.local/lib/python3.7/site-packages/airflow/example_dags/example_local_kubernetes_executor.py
[2023-04-28T06:12:19.663+0000] {processor.py:753} INFO - DAG(s) dict_keys(['example_local_kubernetes_executor']) retrieved from /home/airflow/.local/lib/python3.7/site-packages/airflow/example_dags/example_local_kubernetes_executor.py
[2023-04-28T06:12:19.686+0000] {logging_mixin.py:137} INFO - [2023-04-28T06:12:19.686+0000] {dag.py:2690} INFO - Sync 1 DAGs
[2023-04-28T06:12:19.701+0000] {logging_mixin.py:137} INFO - [2023-04-28T06:12:19.701+0000] {dag.py:3441} INFO - Setting next_dagrun for example_local_kubernetes_executor to None, run_after=None
[2023-04-28T06:12:19.712+0000] {processor.py:175} INFO - Processing /home/airflow/.local/lib/python3.7/site-packages/airflow/example_dags/example_local_kubernetes_executor.py took 0.073 seconds
[2023-04-28T06:12:50.259+0000] {processor.py:153} INFO - Started process (PID=16353) to work on /home/airflow/.local/lib/python3.7/site-packages/airflow/example_dags/example_local_kubernetes_executor.py
[2023-04-28T06:12:50.260+0000] {processor.py:743} INFO - Processing file /home/airflow/.local/lib/python3.7/site-packages/airflow/example_dags/example_local_kubernetes_executor.py for tasks to queue
[2023-04-28T06:12:50.261+0000] {logging_mixin.py:137} INFO - [2023-04-28T06:12:50.261+0000] {dagbag.py:538} INFO - Filling up the DagBag from /home/airflow/.local/lib/python3.7/site-packages/airflow/example_dags/example_local_kubernetes_executor.py
[2023-04-28T06:12:50.278+0000] {processor.py:753} INFO - DAG(s) dict_keys(['example_local_kubernetes_executor']) retrieved from /home/airflow/.local/lib/python3.7/site-packages/airflow/example_dags/example_local_kubernetes_executor.py
[2023-04-28T06:12:50.300+0000] {logging_mixin.py:137} INFO - [2023-04-28T06:12:50.299+0000] {dag.py:2690} INFO - Sync 1 DAGs
[2023-04-28T06:12:50.314+0000] {logging_mixin.py:137} INFO - [2023-04-28T06:12:50.314+0000] {dag.py:3441} INFO - Setting next_dagrun for example_local_kubernetes_executor to None, run_after=None
[2023-04-28T06:12:50.326+0000] {processor.py:175} INFO - Processing /home/airflow/.local/lib/python3.7/site-packages/airflow/example_dags/example_local_kubernetes_executor.py took 0.070 seconds
[2023-04-28T06:13:20.814+0000] {processor.py:153} INFO - Started process (PID=16420) to work on /home/airflow/.local/lib/python3.7/site-packages/airflow/example_dags/example_local_kubernetes_executor.py
[2023-04-28T06:13:20.815+0000] {processor.py:743} INFO - Processing file /home/airflow/.local/lib/python3.7/site-packages/airflow/example_dags/example_local_kubernetes_executor.py for tasks to queue
[2023-04-28T06:13:20.816+0000] {logging_mixin.py:137} INFO - [2023-04-28T06:13:20.816+0000] {dagbag.py:538} INFO - Filling up the DagBag from /home/airflow/.local/lib/python3.7/site-packages/airflow/example_dags/example_local_kubernetes_executor.py
[2023-04-28T06:13:20.834+0000] {processor.py:753} INFO - DAG(s) dict_keys(['example_local_kubernetes_executor']) retrieved from /home/airflow/.local/lib/python3.7/site-packages/airflow/example_dags/example_local_kubernetes_executor.py
[2023-04-28T06:13:20.856+0000] {logging_mixin.py:137} INFO - [2023-04-28T06:13:20.856+0000] {dag.py:2690} INFO - Sync 1 DAGs
[2023-04-28T06:13:20.871+0000] {logging_mixin.py:137} INFO - [2023-04-28T06:13:20.871+0000] {dag.py:3441} INFO - Setting next_dagrun for example_local_kubernetes_executor to None, run_after=None
[2023-04-28T06:13:20.883+0000] {processor.py:175} INFO - Processing /home/airflow/.local/lib/python3.7/site-packages/airflow/example_dags/example_local_kubernetes_executor.py took 0.073 seconds
[2023-04-28T06:13:51.169+0000] {processor.py:153} INFO - Started process (PID=16498) to work on /home/airflow/.local/lib/python3.7/site-packages/airflow/example_dags/example_local_kubernetes_executor.py
[2023-04-28T06:13:51.171+0000] {processor.py:743} INFO - Processing file /home/airflow/.local/lib/python3.7/site-packages/airflow/example_dags/example_local_kubernetes_executor.py for tasks to queue
[2023-04-28T06:13:51.171+0000] {logging_mixin.py:137} INFO - [2023-04-28T06:13:51.171+0000] {dagbag.py:538} INFO - Filling up the DagBag from /home/airflow/.local/lib/python3.7/site-packages/airflow/example_dags/example_local_kubernetes_executor.py
[2023-04-28T06:13:51.188+0000] {processor.py:753} INFO - DAG(s) dict_keys(['example_local_kubernetes_executor']) retrieved from /home/airflow/.local/lib/python3.7/site-packages/airflow/example_dags/example_local_kubernetes_executor.py
[2023-04-28T06:13:51.210+0000] {logging_mixin.py:137} INFO - [2023-04-28T06:13:51.210+0000] {dag.py:2690} INFO - Sync 1 DAGs
[2023-04-28T06:13:51.226+0000] {logging_mixin.py:137} INFO - [2023-04-28T06:13:51.226+0000] {dag.py:3441} INFO - Setting next_dagrun for example_local_kubernetes_executor to None, run_after=None
[2023-04-28T06:13:51.239+0000] {processor.py:175} INFO - Processing /home/airflow/.local/lib/python3.7/site-packages/airflow/example_dags/example_local_kubernetes_executor.py took 0.072 seconds
[2023-04-28T06:14:21.505+0000] {processor.py:153} INFO - Started process (PID=16576) to work on /home/airflow/.local/lib/python3.7/site-packages/airflow/example_dags/example_local_kubernetes_executor.py
[2023-04-28T06:14:21.506+0000] {processor.py:743} INFO - Processing file /home/airflow/.local/lib/python3.7/site-packages/airflow/example_dags/example_local_kubernetes_executor.py for tasks to queue
[2023-04-28T06:14:21.507+0000] {logging_mixin.py:137} INFO - [2023-04-28T06:14:21.507+0000] {dagbag.py:538} INFO - Filling up the DagBag from /home/airflow/.local/lib/python3.7/site-packages/airflow/example_dags/example_local_kubernetes_executor.py
[2023-04-28T06:14:21.523+0000] {processor.py:753} INFO - DAG(s) dict_keys(['example_local_kubernetes_executor']) retrieved from /home/airflow/.local/lib/python3.7/site-packages/airflow/example_dags/example_local_kubernetes_executor.py
[2023-04-28T06:14:21.543+0000] {logging_mixin.py:137} INFO - [2023-04-28T06:14:21.543+0000] {dag.py:2690} INFO - Sync 1 DAGs
[2023-04-28T06:14:21.556+0000] {logging_mixin.py:137} INFO - [2023-04-28T06:14:21.556+0000] {dag.py:3441} INFO - Setting next_dagrun for example_local_kubernetes_executor to None, run_after=None
[2023-04-28T06:14:21.568+0000] {processor.py:175} INFO - Processing /home/airflow/.local/lib/python3.7/site-packages/airflow/example_dags/example_local_kubernetes_executor.py took 0.066 seconds
[2023-04-28T06:14:52.015+0000] {processor.py:153} INFO - Started process (PID=16641) to work on /home/airflow/.local/lib/python3.7/site-packages/airflow/example_dags/example_local_kubernetes_executor.py
[2023-04-28T06:14:52.017+0000] {processor.py:743} INFO - Processing file /home/airflow/.local/lib/python3.7/site-packages/airflow/example_dags/example_local_kubernetes_executor.py for tasks to queue
[2023-04-28T06:14:52.017+0000] {logging_mixin.py:137} INFO - [2023-04-28T06:14:52.017+0000] {dagbag.py:538} INFO - Filling up the DagBag from /home/airflow/.local/lib/python3.7/site-packages/airflow/example_dags/example_local_kubernetes_executor.py
[2023-04-28T06:14:52.034+0000] {processor.py:753} INFO - DAG(s) dict_keys(['example_local_kubernetes_executor']) retrieved from /home/airflow/.local/lib/python3.7/site-packages/airflow/example_dags/example_local_kubernetes_executor.py
[2023-04-28T06:14:52.054+0000] {logging_mixin.py:137} INFO - [2023-04-28T06:14:52.053+0000] {dag.py:2690} INFO - Sync 1 DAGs
[2023-04-28T06:14:52.069+0000] {logging_mixin.py:137} INFO - [2023-04-28T06:14:52.069+0000] {dag.py:3441} INFO - Setting next_dagrun for example_local_kubernetes_executor to None, run_after=None
[2023-04-28T06:14:52.083+0000] {processor.py:175} INFO - Processing /home/airflow/.local/lib/python3.7/site-packages/airflow/example_dags/example_local_kubernetes_executor.py took 0.071 seconds
[2023-04-28T06:15:22.420+0000] {processor.py:153} INFO - Started process (PID=16719) to work on /home/airflow/.local/lib/python3.7/site-packages/airflow/example_dags/example_local_kubernetes_executor.py
[2023-04-28T06:15:22.422+0000] {processor.py:743} INFO - Processing file /home/airflow/.local/lib/python3.7/site-packages/airflow/example_dags/example_local_kubernetes_executor.py for tasks to queue
[2023-04-28T06:15:22.424+0000] {logging_mixin.py:137} INFO - [2023-04-28T06:15:22.423+0000] {dagbag.py:538} INFO - Filling up the DagBag from /home/airflow/.local/lib/python3.7/site-packages/airflow/example_dags/example_local_kubernetes_executor.py
[2023-04-28T06:15:22.451+0000] {processor.py:753} INFO - DAG(s) dict_keys(['example_local_kubernetes_executor']) retrieved from /home/airflow/.local/lib/python3.7/site-packages/airflow/example_dags/example_local_kubernetes_executor.py
[2023-04-28T06:15:22.476+0000] {logging_mixin.py:137} INFO - [2023-04-28T06:15:22.475+0000] {dag.py:2690} INFO - Sync 1 DAGs
[2023-04-28T06:15:22.493+0000] {logging_mixin.py:137} INFO - [2023-04-28T06:15:22.492+0000] {dag.py:3441} INFO - Setting next_dagrun for example_local_kubernetes_executor to None, run_after=None
[2023-04-28T06:15:22.506+0000] {processor.py:175} INFO - Processing /home/airflow/.local/lib/python3.7/site-packages/airflow/example_dags/example_local_kubernetes_executor.py took 0.089 seconds
[2023-04-28T06:15:52.762+0000] {processor.py:153} INFO - Started process (PID=16796) to work on /home/airflow/.local/lib/python3.7/site-packages/airflow/example_dags/example_local_kubernetes_executor.py
[2023-04-28T06:15:52.764+0000] {processor.py:743} INFO - Processing file /home/airflow/.local/lib/python3.7/site-packages/airflow/example_dags/example_local_kubernetes_executor.py for tasks to queue
[2023-04-28T06:15:52.764+0000] {logging_mixin.py:137} INFO - [2023-04-28T06:15:52.764+0000] {dagbag.py:538} INFO - Filling up the DagBag from /home/airflow/.local/lib/python3.7/site-packages/airflow/example_dags/example_local_kubernetes_executor.py
[2023-04-28T06:15:52.783+0000] {processor.py:753} INFO - DAG(s) dict_keys(['example_local_kubernetes_executor']) retrieved from /home/airflow/.local/lib/python3.7/site-packages/airflow/example_dags/example_local_kubernetes_executor.py
[2023-04-28T06:15:52.804+0000] {logging_mixin.py:137} INFO - [2023-04-28T06:15:52.803+0000] {dag.py:2690} INFO - Sync 1 DAGs
[2023-04-28T06:15:52.819+0000] {logging_mixin.py:137} INFO - [2023-04-28T06:15:52.819+0000] {dag.py:3441} INFO - Setting next_dagrun for example_local_kubernetes_executor to None, run_after=None
[2023-04-28T06:15:52.829+0000] {processor.py:175} INFO - Processing /home/airflow/.local/lib/python3.7/site-packages/airflow/example_dags/example_local_kubernetes_executor.py took 0.070 seconds
[2023-04-28T06:16:23.032+0000] {processor.py:153} INFO - Started process (PID=16861) to work on /home/airflow/.local/lib/python3.7/site-packages/airflow/example_dags/example_local_kubernetes_executor.py
[2023-04-28T06:16:23.033+0000] {processor.py:743} INFO - Processing file /home/airflow/.local/lib/python3.7/site-packages/airflow/example_dags/example_local_kubernetes_executor.py for tasks to queue
[2023-04-28T06:16:23.034+0000] {logging_mixin.py:137} INFO - [2023-04-28T06:16:23.034+0000] {dagbag.py:538} INFO - Filling up the DagBag from /home/airflow/.local/lib/python3.7/site-packages/airflow/example_dags/example_local_kubernetes_executor.py
[2023-04-28T06:16:23.051+0000] {processor.py:753} INFO - DAG(s) dict_keys(['example_local_kubernetes_executor']) retrieved from /home/airflow/.local/lib/python3.7/site-packages/airflow/example_dags/example_local_kubernetes_executor.py
[2023-04-28T06:16:23.072+0000] {logging_mixin.py:137} INFO - [2023-04-28T06:16:23.072+0000] {dag.py:2690} INFO - Sync 1 DAGs
[2023-04-28T06:16:23.087+0000] {logging_mixin.py:137} INFO - [2023-04-28T06:16:23.087+0000] {dag.py:3441} INFO - Setting next_dagrun for example_local_kubernetes_executor to None, run_after=None
[2023-04-28T06:16:23.100+0000] {processor.py:175} INFO - Processing /home/airflow/.local/lib/python3.7/site-packages/airflow/example_dags/example_local_kubernetes_executor.py took 0.071 seconds
[2023-04-28T06:16:53.658+0000] {processor.py:153} INFO - Started process (PID=16939) to work on /home/airflow/.local/lib/python3.7/site-packages/airflow/example_dags/example_local_kubernetes_executor.py
[2023-04-28T06:16:53.659+0000] {processor.py:743} INFO - Processing file /home/airflow/.local/lib/python3.7/site-packages/airflow/example_dags/example_local_kubernetes_executor.py for tasks to queue
[2023-04-28T06:16:53.660+0000] {logging_mixin.py:137} INFO - [2023-04-28T06:16:53.660+0000] {dagbag.py:538} INFO - Filling up the DagBag from /home/airflow/.local/lib/python3.7/site-packages/airflow/example_dags/example_local_kubernetes_executor.py
[2023-04-28T06:16:53.677+0000] {processor.py:753} INFO - DAG(s) dict_keys(['example_local_kubernetes_executor']) retrieved from /home/airflow/.local/lib/python3.7/site-packages/airflow/example_dags/example_local_kubernetes_executor.py
[2023-04-28T06:16:53.703+0000] {logging_mixin.py:137} INFO - [2023-04-28T06:16:53.703+0000] {dag.py:2690} INFO - Sync 1 DAGs
[2023-04-28T06:16:53.719+0000] {logging_mixin.py:137} INFO - [2023-04-28T06:16:53.719+0000] {dag.py:3441} INFO - Setting next_dagrun for example_local_kubernetes_executor to None, run_after=None
[2023-04-28T06:16:53.732+0000] {processor.py:175} INFO - Processing /home/airflow/.local/lib/python3.7/site-packages/airflow/example_dags/example_local_kubernetes_executor.py took 0.077 seconds
[2023-04-28T06:17:23.959+0000] {processor.py:153} INFO - Started process (PID=17017) to work on /home/airflow/.local/lib/python3.7/site-packages/airflow/example_dags/example_local_kubernetes_executor.py
[2023-04-28T06:17:23.960+0000] {processor.py:743} INFO - Processing file /home/airflow/.local/lib/python3.7/site-packages/airflow/example_dags/example_local_kubernetes_executor.py for tasks to queue
[2023-04-28T06:17:23.961+0000] {logging_mixin.py:137} INFO - [2023-04-28T06:17:23.961+0000] {dagbag.py:538} INFO - Filling up the DagBag from /home/airflow/.local/lib/python3.7/site-packages/airflow/example_dags/example_local_kubernetes_executor.py
[2023-04-28T06:17:23.977+0000] {processor.py:753} INFO - DAG(s) dict_keys(['example_local_kubernetes_executor']) retrieved from /home/airflow/.local/lib/python3.7/site-packages/airflow/example_dags/example_local_kubernetes_executor.py
[2023-04-28T06:17:24.000+0000] {logging_mixin.py:137} INFO - [2023-04-28T06:17:24.000+0000] {dag.py:2690} INFO - Sync 1 DAGs
[2023-04-28T06:17:24.016+0000] {logging_mixin.py:137} INFO - [2023-04-28T06:17:24.016+0000] {dag.py:3441} INFO - Setting next_dagrun for example_local_kubernetes_executor to None, run_after=None
[2023-04-28T06:17:24.027+0000] {processor.py:175} INFO - Processing /home/airflow/.local/lib/python3.7/site-packages/airflow/example_dags/example_local_kubernetes_executor.py took 0.071 seconds
[2023-04-28T06:17:54.450+0000] {processor.py:153} INFO - Started process (PID=17092) to work on /home/airflow/.local/lib/python3.7/site-packages/airflow/example_dags/example_local_kubernetes_executor.py
[2023-04-28T06:17:54.451+0000] {processor.py:743} INFO - Processing file /home/airflow/.local/lib/python3.7/site-packages/airflow/example_dags/example_local_kubernetes_executor.py for tasks to queue
[2023-04-28T06:17:54.452+0000] {logging_mixin.py:137} INFO - [2023-04-28T06:17:54.452+0000] {dagbag.py:538} INFO - Filling up the DagBag from /home/airflow/.local/lib/python3.7/site-packages/airflow/example_dags/example_local_kubernetes_executor.py
[2023-04-28T06:17:54.470+0000] {processor.py:753} INFO - DAG(s) dict_keys(['example_local_kubernetes_executor']) retrieved from /home/airflow/.local/lib/python3.7/site-packages/airflow/example_dags/example_local_kubernetes_executor.py
[2023-04-28T06:17:54.499+0000] {logging_mixin.py:137} INFO - [2023-04-28T06:17:54.499+0000] {dag.py:2690} INFO - Sync 1 DAGs
[2023-04-28T06:17:54.518+0000] {logging_mixin.py:137} INFO - [2023-04-28T06:17:54.517+0000] {dag.py:3441} INFO - Setting next_dagrun for example_local_kubernetes_executor to None, run_after=None
[2023-04-28T06:17:54.530+0000] {processor.py:175} INFO - Processing /home/airflow/.local/lib/python3.7/site-packages/airflow/example_dags/example_local_kubernetes_executor.py took 0.083 seconds
[2023-04-28T06:18:24.972+0000] {processor.py:153} INFO - Started process (PID=17161) to work on /home/airflow/.local/lib/python3.7/site-packages/airflow/example_dags/example_local_kubernetes_executor.py
[2023-04-28T06:18:24.973+0000] {processor.py:743} INFO - Processing file /home/airflow/.local/lib/python3.7/site-packages/airflow/example_dags/example_local_kubernetes_executor.py for tasks to queue
[2023-04-28T06:18:24.974+0000] {logging_mixin.py:137} INFO - [2023-04-28T06:18:24.974+0000] {dagbag.py:538} INFO - Filling up the DagBag from /home/airflow/.local/lib/python3.7/site-packages/airflow/example_dags/example_local_kubernetes_executor.py
[2023-04-28T06:18:24.990+0000] {processor.py:753} INFO - DAG(s) dict_keys(['example_local_kubernetes_executor']) retrieved from /home/airflow/.local/lib/python3.7/site-packages/airflow/example_dags/example_local_kubernetes_executor.py
[2023-04-28T06:18:25.013+0000] {logging_mixin.py:137} INFO - [2023-04-28T06:18:25.013+0000] {dag.py:2690} INFO - Sync 1 DAGs
[2023-04-28T06:18:25.029+0000] {logging_mixin.py:137} INFO - [2023-04-28T06:18:25.029+0000] {dag.py:3441} INFO - Setting next_dagrun for example_local_kubernetes_executor to None, run_after=None
[2023-04-28T06:18:25.040+0000] {processor.py:175} INFO - Processing /home/airflow/.local/lib/python3.7/site-packages/airflow/example_dags/example_local_kubernetes_executor.py took 0.071 seconds
[2023-04-28T06:18:55.294+0000] {processor.py:153} INFO - Started process (PID=17239) to work on /home/airflow/.local/lib/python3.7/site-packages/airflow/example_dags/example_local_kubernetes_executor.py
[2023-04-28T06:18:55.295+0000] {processor.py:743} INFO - Processing file /home/airflow/.local/lib/python3.7/site-packages/airflow/example_dags/example_local_kubernetes_executor.py for tasks to queue
[2023-04-28T06:18:55.296+0000] {logging_mixin.py:137} INFO - [2023-04-28T06:18:55.296+0000] {dagbag.py:538} INFO - Filling up the DagBag from /home/airflow/.local/lib/python3.7/site-packages/airflow/example_dags/example_local_kubernetes_executor.py
[2023-04-28T06:18:55.312+0000] {processor.py:753} INFO - DAG(s) dict_keys(['example_local_kubernetes_executor']) retrieved from /home/airflow/.local/lib/python3.7/site-packages/airflow/example_dags/example_local_kubernetes_executor.py
[2023-04-28T06:18:55.335+0000] {logging_mixin.py:137} INFO - [2023-04-28T06:18:55.335+0000] {dag.py:2690} INFO - Sync 1 DAGs
[2023-04-28T06:18:55.351+0000] {logging_mixin.py:137} INFO - [2023-04-28T06:18:55.351+0000] {dag.py:3441} INFO - Setting next_dagrun for example_local_kubernetes_executor to None, run_after=None
[2023-04-28T06:18:55.367+0000] {processor.py:175} INFO - Processing /home/airflow/.local/lib/python3.7/site-packages/airflow/example_dags/example_local_kubernetes_executor.py took 0.075 seconds
