[2023-04-28T00:36:30.277+0000] {processor.py:153} INFO - Started process (PID=14542) to work on /home/airflow/.local/lib/python3.7/site-packages/airflow/example_dags/example_branch_datetime_operator.py
[2023-04-28T00:36:30.278+0000] {processor.py:743} INFO - Processing file /home/airflow/.local/lib/python3.7/site-packages/airflow/example_dags/example_branch_datetime_operator.py for tasks to queue
[2023-04-28T00:36:30.279+0000] {logging_mixin.py:137} INFO - [2023-04-28T00:36:30.279+0000] {dagbag.py:538} INFO - Filling up the DagBag from /home/airflow/.local/lib/python3.7/site-packages/airflow/example_dags/example_branch_datetime_operator.py
[2023-04-28T00:36:30.296+0000] {processor.py:753} INFO - DAG(s) dict_keys(['example_branch_datetime_operator_3', 'example_branch_datetime_operator_2', 'example_branch_datetime_operator']) retrieved from /home/airflow/.local/lib/python3.7/site-packages/airflow/example_dags/example_branch_datetime_operator.py
[2023-04-28T00:36:30.324+0000] {logging_mixin.py:137} INFO - [2023-04-28T00:36:30.324+0000] {dag.py:2690} INFO - Sync 3 DAGs
[2023-04-28T00:36:30.343+0000] {logging_mixin.py:137} INFO - [2023-04-28T00:36:30.343+0000] {dag.py:3441} INFO - Setting next_dagrun for example_branch_datetime_operator to 2023-04-27T00:00:00+00:00, run_after=2023-04-28T00:00:00+00:00
[2023-04-28T00:36:30.347+0000] {logging_mixin.py:137} INFO - [2023-04-28T00:36:30.347+0000] {dag.py:3441} INFO - Setting next_dagrun for example_branch_datetime_operator_2 to 2023-04-27T00:00:00+00:00, run_after=2023-04-28T00:00:00+00:00
[2023-04-28T00:36:30.349+0000] {logging_mixin.py:137} INFO - [2023-04-28T00:36:30.349+0000] {dag.py:3441} INFO - Setting next_dagrun for example_branch_datetime_operator_3 to 2023-04-27T00:00:00+00:00, run_after=2023-04-28T00:00:00+00:00
[2023-04-28T00:36:30.361+0000] {processor.py:175} INFO - Processing /home/airflow/.local/lib/python3.7/site-packages/airflow/example_dags/example_branch_datetime_operator.py took 0.088 seconds
[2023-04-28T01:42:51.575+0000] {processor.py:153} INFO - Started process (PID=14612) to work on /home/airflow/.local/lib/python3.7/site-packages/airflow/example_dags/example_branch_datetime_operator.py
[2023-04-28T01:42:51.576+0000] {processor.py:743} INFO - Processing file /home/airflow/.local/lib/python3.7/site-packages/airflow/example_dags/example_branch_datetime_operator.py for tasks to queue
[2023-04-28T01:42:51.577+0000] {logging_mixin.py:137} INFO - [2023-04-28T01:42:51.576+0000] {dagbag.py:538} INFO - Filling up the DagBag from /home/airflow/.local/lib/python3.7/site-packages/airflow/example_dags/example_branch_datetime_operator.py
[2023-04-28T01:42:51.589+0000] {processor.py:753} INFO - DAG(s) dict_keys(['example_branch_datetime_operator_3', 'example_branch_datetime_operator', 'example_branch_datetime_operator_2']) retrieved from /home/airflow/.local/lib/python3.7/site-packages/airflow/example_dags/example_branch_datetime_operator.py
[2023-04-28T01:42:51.612+0000] {logging_mixin.py:137} INFO - [2023-04-28T01:42:51.612+0000] {dag.py:2690} INFO - Sync 3 DAGs
[2023-04-28T01:42:51.628+0000] {logging_mixin.py:137} INFO - [2023-04-28T01:42:51.628+0000] {dag.py:3441} INFO - Setting next_dagrun for example_branch_datetime_operator to 2023-04-27T00:00:00+00:00, run_after=2023-04-28T00:00:00+00:00
[2023-04-28T01:42:51.632+0000] {logging_mixin.py:137} INFO - [2023-04-28T01:42:51.632+0000] {dag.py:3441} INFO - Setting next_dagrun for example_branch_datetime_operator_2 to 2023-04-27T00:00:00+00:00, run_after=2023-04-28T00:00:00+00:00
[2023-04-28T01:42:51.634+0000] {logging_mixin.py:137} INFO - [2023-04-28T01:42:51.634+0000] {dag.py:3441} INFO - Setting next_dagrun for example_branch_datetime_operator_3 to 2023-04-27T00:00:00+00:00, run_after=2023-04-28T00:00:00+00:00
[2023-04-28T01:42:51.645+0000] {processor.py:175} INFO - Processing /home/airflow/.local/lib/python3.7/site-packages/airflow/example_dags/example_branch_datetime_operator.py took 0.074 seconds
[2023-04-28T02:48:40.250+0000] {processor.py:153} INFO - Started process (PID=14690) to work on /home/airflow/.local/lib/python3.7/site-packages/airflow/example_dags/example_branch_datetime_operator.py
[2023-04-28T02:48:40.252+0000] {processor.py:743} INFO - Processing file /home/airflow/.local/lib/python3.7/site-packages/airflow/example_dags/example_branch_datetime_operator.py for tasks to queue
[2023-04-28T02:48:40.252+0000] {logging_mixin.py:137} INFO - [2023-04-28T02:48:40.252+0000] {dagbag.py:538} INFO - Filling up the DagBag from /home/airflow/.local/lib/python3.7/site-packages/airflow/example_dags/example_branch_datetime_operator.py
[2023-04-28T02:48:40.265+0000] {processor.py:753} INFO - DAG(s) dict_keys(['example_branch_datetime_operator', 'example_branch_datetime_operator_2', 'example_branch_datetime_operator_3']) retrieved from /home/airflow/.local/lib/python3.7/site-packages/airflow/example_dags/example_branch_datetime_operator.py
[2023-04-28T02:48:40.288+0000] {logging_mixin.py:137} INFO - [2023-04-28T02:48:40.288+0000] {dag.py:2690} INFO - Sync 3 DAGs
[2023-04-28T02:48:40.305+0000] {logging_mixin.py:137} INFO - [2023-04-28T02:48:40.305+0000] {dag.py:3441} INFO - Setting next_dagrun for example_branch_datetime_operator to 2023-04-27T00:00:00+00:00, run_after=2023-04-28T00:00:00+00:00
[2023-04-28T02:48:40.308+0000] {logging_mixin.py:137} INFO - [2023-04-28T02:48:40.308+0000] {dag.py:3441} INFO - Setting next_dagrun for example_branch_datetime_operator_2 to 2023-04-27T00:00:00+00:00, run_after=2023-04-28T00:00:00+00:00
[2023-04-28T02:48:40.310+0000] {logging_mixin.py:137} INFO - [2023-04-28T02:48:40.310+0000] {dag.py:3441} INFO - Setting next_dagrun for example_branch_datetime_operator_3 to 2023-04-27T00:00:00+00:00, run_after=2023-04-28T00:00:00+00:00
[2023-04-28T02:48:40.320+0000] {processor.py:175} INFO - Processing /home/airflow/.local/lib/python3.7/site-packages/airflow/example_dags/example_branch_datetime_operator.py took 0.072 seconds
[2023-04-28T03:54:53.482+0000] {processor.py:153} INFO - Started process (PID=14767) to work on /home/airflow/.local/lib/python3.7/site-packages/airflow/example_dags/example_branch_datetime_operator.py
[2023-04-28T03:54:53.484+0000] {processor.py:743} INFO - Processing file /home/airflow/.local/lib/python3.7/site-packages/airflow/example_dags/example_branch_datetime_operator.py for tasks to queue
[2023-04-28T03:54:53.484+0000] {logging_mixin.py:137} INFO - [2023-04-28T03:54:53.484+0000] {dagbag.py:538} INFO - Filling up the DagBag from /home/airflow/.local/lib/python3.7/site-packages/airflow/example_dags/example_branch_datetime_operator.py
[2023-04-28T03:54:53.498+0000] {processor.py:753} INFO - DAG(s) dict_keys(['example_branch_datetime_operator', 'example_branch_datetime_operator_2', 'example_branch_datetime_operator_3']) retrieved from /home/airflow/.local/lib/python3.7/site-packages/airflow/example_dags/example_branch_datetime_operator.py
[2023-04-28T03:54:53.523+0000] {logging_mixin.py:137} INFO - [2023-04-28T03:54:53.523+0000] {dag.py:2690} INFO - Sync 3 DAGs
[2023-04-28T03:54:53.540+0000] {logging_mixin.py:137} INFO - [2023-04-28T03:54:53.540+0000] {dag.py:3441} INFO - Setting next_dagrun for example_branch_datetime_operator to 2023-04-27T00:00:00+00:00, run_after=2023-04-28T00:00:00+00:00
[2023-04-28T03:54:53.544+0000] {logging_mixin.py:137} INFO - [2023-04-28T03:54:53.544+0000] {dag.py:3441} INFO - Setting next_dagrun for example_branch_datetime_operator_2 to 2023-04-27T00:00:00+00:00, run_after=2023-04-28T00:00:00+00:00
[2023-04-28T03:54:53.546+0000] {logging_mixin.py:137} INFO - [2023-04-28T03:54:53.546+0000] {dag.py:3441} INFO - Setting next_dagrun for example_branch_datetime_operator_3 to 2023-04-27T00:00:00+00:00, run_after=2023-04-28T00:00:00+00:00
[2023-04-28T03:54:53.557+0000] {processor.py:175} INFO - Processing /home/airflow/.local/lib/python3.7/site-packages/airflow/example_dags/example_branch_datetime_operator.py took 0.077 seconds
[2023-04-28T05:16:15.161+0000] {processor.py:153} INFO - Started process (PID=14833) to work on /home/airflow/.local/lib/python3.7/site-packages/airflow/example_dags/example_branch_datetime_operator.py
[2023-04-28T05:16:15.162+0000] {processor.py:743} INFO - Processing file /home/airflow/.local/lib/python3.7/site-packages/airflow/example_dags/example_branch_datetime_operator.py for tasks to queue
[2023-04-28T05:16:15.163+0000] {logging_mixin.py:137} INFO - [2023-04-28T05:16:15.163+0000] {dagbag.py:538} INFO - Filling up the DagBag from /home/airflow/.local/lib/python3.7/site-packages/airflow/example_dags/example_branch_datetime_operator.py
[2023-04-28T05:16:15.176+0000] {processor.py:753} INFO - DAG(s) dict_keys(['example_branch_datetime_operator_3', 'example_branch_datetime_operator', 'example_branch_datetime_operator_2']) retrieved from /home/airflow/.local/lib/python3.7/site-packages/airflow/example_dags/example_branch_datetime_operator.py
[2023-04-28T05:16:15.199+0000] {logging_mixin.py:137} INFO - [2023-04-28T05:16:15.199+0000] {dag.py:2690} INFO - Sync 3 DAGs
[2023-04-28T05:16:15.215+0000] {logging_mixin.py:137} INFO - [2023-04-28T05:16:15.215+0000] {dag.py:3441} INFO - Setting next_dagrun for example_branch_datetime_operator to 2023-04-27T00:00:00+00:00, run_after=2023-04-28T00:00:00+00:00
[2023-04-28T05:16:15.219+0000] {logging_mixin.py:137} INFO - [2023-04-28T05:16:15.219+0000] {dag.py:3441} INFO - Setting next_dagrun for example_branch_datetime_operator_2 to 2023-04-27T00:00:00+00:00, run_after=2023-04-28T00:00:00+00:00
[2023-04-28T05:16:15.221+0000] {logging_mixin.py:137} INFO - [2023-04-28T05:16:15.221+0000] {dag.py:3441} INFO - Setting next_dagrun for example_branch_datetime_operator_3 to 2023-04-27T00:00:00+00:00, run_after=2023-04-28T00:00:00+00:00
[2023-04-28T05:16:15.230+0000] {processor.py:175} INFO - Processing /home/airflow/.local/lib/python3.7/site-packages/airflow/example_dags/example_branch_datetime_operator.py took 0.073 seconds
[2023-04-28T05:32:11.867+0000] {processor.py:153} INFO - Started process (PID=14913) to work on /home/airflow/.local/lib/python3.7/site-packages/airflow/example_dags/example_branch_datetime_operator.py
[2023-04-28T05:32:11.871+0000] {processor.py:743} INFO - Processing file /home/airflow/.local/lib/python3.7/site-packages/airflow/example_dags/example_branch_datetime_operator.py for tasks to queue
[2023-04-28T05:32:11.873+0000] {logging_mixin.py:137} INFO - [2023-04-28T05:32:11.873+0000] {dagbag.py:538} INFO - Filling up the DagBag from /home/airflow/.local/lib/python3.7/site-packages/airflow/example_dags/example_branch_datetime_operator.py
[2023-04-28T05:32:11.911+0000] {processor.py:753} INFO - DAG(s) dict_keys(['example_branch_datetime_operator', 'example_branch_datetime_operator_3', 'example_branch_datetime_operator_2']) retrieved from /home/airflow/.local/lib/python3.7/site-packages/airflow/example_dags/example_branch_datetime_operator.py
[2023-04-28T05:32:11.962+0000] {logging_mixin.py:137} INFO - [2023-04-28T05:32:11.962+0000] {dag.py:2690} INFO - Sync 3 DAGs
[2023-04-28T05:32:11.990+0000] {logging_mixin.py:137} INFO - [2023-04-28T05:32:11.990+0000] {dag.py:3441} INFO - Setting next_dagrun for example_branch_datetime_operator to 2023-04-27T00:00:00+00:00, run_after=2023-04-28T00:00:00+00:00
[2023-04-28T05:32:11.995+0000] {logging_mixin.py:137} INFO - [2023-04-28T05:32:11.994+0000] {dag.py:3441} INFO - Setting next_dagrun for example_branch_datetime_operator_2 to 2023-04-27T00:00:00+00:00, run_after=2023-04-28T00:00:00+00:00
[2023-04-28T05:32:11.998+0000] {logging_mixin.py:137} INFO - [2023-04-28T05:32:11.998+0000] {dag.py:3441} INFO - Setting next_dagrun for example_branch_datetime_operator_3 to 2023-04-27T00:00:00+00:00, run_after=2023-04-28T00:00:00+00:00
[2023-04-28T05:32:12.019+0000] {processor.py:175} INFO - Processing /home/airflow/.local/lib/python3.7/site-packages/airflow/example_dags/example_branch_datetime_operator.py took 0.159 seconds
[2023-04-28T05:32:42.308+0000] {processor.py:153} INFO - Started process (PID=14990) to work on /home/airflow/.local/lib/python3.7/site-packages/airflow/example_dags/example_branch_datetime_operator.py
[2023-04-28T05:32:42.309+0000] {processor.py:743} INFO - Processing file /home/airflow/.local/lib/python3.7/site-packages/airflow/example_dags/example_branch_datetime_operator.py for tasks to queue
[2023-04-28T05:32:42.311+0000] {logging_mixin.py:137} INFO - [2023-04-28T05:32:42.310+0000] {dagbag.py:538} INFO - Filling up the DagBag from /home/airflow/.local/lib/python3.7/site-packages/airflow/example_dags/example_branch_datetime_operator.py
[2023-04-28T05:32:42.324+0000] {processor.py:753} INFO - DAG(s) dict_keys(['example_branch_datetime_operator', 'example_branch_datetime_operator_2', 'example_branch_datetime_operator_3']) retrieved from /home/airflow/.local/lib/python3.7/site-packages/airflow/example_dags/example_branch_datetime_operator.py
[2023-04-28T05:32:42.347+0000] {logging_mixin.py:137} INFO - [2023-04-28T05:32:42.347+0000] {dag.py:2690} INFO - Sync 3 DAGs
[2023-04-28T05:32:42.362+0000] {logging_mixin.py:137} INFO - [2023-04-28T05:32:42.362+0000] {dag.py:3441} INFO - Setting next_dagrun for example_branch_datetime_operator to 2023-04-27T00:00:00+00:00, run_after=2023-04-28T00:00:00+00:00
[2023-04-28T05:32:42.365+0000] {logging_mixin.py:137} INFO - [2023-04-28T05:32:42.365+0000] {dag.py:3441} INFO - Setting next_dagrun for example_branch_datetime_operator_2 to 2023-04-27T00:00:00+00:00, run_after=2023-04-28T00:00:00+00:00
[2023-04-28T05:32:42.367+0000] {logging_mixin.py:137} INFO - [2023-04-28T05:32:42.367+0000] {dag.py:3441} INFO - Setting next_dagrun for example_branch_datetime_operator_3 to 2023-04-27T00:00:00+00:00, run_after=2023-04-28T00:00:00+00:00
[2023-04-28T05:32:42.377+0000] {processor.py:175} INFO - Processing /home/airflow/.local/lib/python3.7/site-packages/airflow/example_dags/example_branch_datetime_operator.py took 0.071 seconds
[2023-04-28T06:03:54.739+0000] {processor.py:153} INFO - Started process (PID=15057) to work on /home/airflow/.local/lib/python3.7/site-packages/airflow/example_dags/example_branch_datetime_operator.py
[2023-04-28T06:03:54.742+0000] {processor.py:743} INFO - Processing file /home/airflow/.local/lib/python3.7/site-packages/airflow/example_dags/example_branch_datetime_operator.py for tasks to queue
[2023-04-28T06:03:54.743+0000] {logging_mixin.py:137} INFO - [2023-04-28T06:03:54.743+0000] {dagbag.py:538} INFO - Filling up the DagBag from /home/airflow/.local/lib/python3.7/site-packages/airflow/example_dags/example_branch_datetime_operator.py
[2023-04-28T06:03:54.770+0000] {processor.py:753} INFO - DAG(s) dict_keys(['example_branch_datetime_operator_2', 'example_branch_datetime_operator_3', 'example_branch_datetime_operator']) retrieved from /home/airflow/.local/lib/python3.7/site-packages/airflow/example_dags/example_branch_datetime_operator.py
[2023-04-28T06:03:54.818+0000] {logging_mixin.py:137} INFO - [2023-04-28T06:03:54.818+0000] {dag.py:2690} INFO - Sync 3 DAGs
[2023-04-28T06:03:54.846+0000] {logging_mixin.py:137} INFO - [2023-04-28T06:03:54.846+0000] {dag.py:3441} INFO - Setting next_dagrun for example_branch_datetime_operator to 2023-04-27T00:00:00+00:00, run_after=2023-04-28T00:00:00+00:00
[2023-04-28T06:03:54.851+0000] {logging_mixin.py:137} INFO - [2023-04-28T06:03:54.851+0000] {dag.py:3441} INFO - Setting next_dagrun for example_branch_datetime_operator_2 to 2023-04-27T00:00:00+00:00, run_after=2023-04-28T00:00:00+00:00
[2023-04-28T06:03:54.854+0000] {logging_mixin.py:137} INFO - [2023-04-28T06:03:54.854+0000] {dag.py:3441} INFO - Setting next_dagrun for example_branch_datetime_operator_3 to 2023-04-27T00:00:00+00:00, run_after=2023-04-28T00:00:00+00:00
[2023-04-28T06:03:54.872+0000] {processor.py:175} INFO - Processing /home/airflow/.local/lib/python3.7/site-packages/airflow/example_dags/example_branch_datetime_operator.py took 0.137 seconds
[2023-04-28T06:04:40.438+0000] {processor.py:153} INFO - Started process (PID=15136) to work on /home/airflow/.local/lib/python3.7/site-packages/airflow/example_dags/example_branch_datetime_operator.py
[2023-04-28T06:04:40.440+0000] {processor.py:743} INFO - Processing file /home/airflow/.local/lib/python3.7/site-packages/airflow/example_dags/example_branch_datetime_operator.py for tasks to queue
[2023-04-28T06:04:40.441+0000] {logging_mixin.py:137} INFO - [2023-04-28T06:04:40.440+0000] {dagbag.py:538} INFO - Filling up the DagBag from /home/airflow/.local/lib/python3.7/site-packages/airflow/example_dags/example_branch_datetime_operator.py
[2023-04-28T06:04:40.454+0000] {processor.py:753} INFO - DAG(s) dict_keys(['example_branch_datetime_operator', 'example_branch_datetime_operator_2', 'example_branch_datetime_operator_3']) retrieved from /home/airflow/.local/lib/python3.7/site-packages/airflow/example_dags/example_branch_datetime_operator.py
[2023-04-28T06:04:40.477+0000] {logging_mixin.py:137} INFO - [2023-04-28T06:04:40.477+0000] {dag.py:2690} INFO - Sync 3 DAGs
[2023-04-28T06:04:40.494+0000] {logging_mixin.py:137} INFO - [2023-04-28T06:04:40.494+0000] {dag.py:3441} INFO - Setting next_dagrun for example_branch_datetime_operator to 2023-04-27T00:00:00+00:00, run_after=2023-04-28T00:00:00+00:00
[2023-04-28T06:04:40.497+0000] {logging_mixin.py:137} INFO - [2023-04-28T06:04:40.497+0000] {dag.py:3441} INFO - Setting next_dagrun for example_branch_datetime_operator_2 to 2023-04-27T00:00:00+00:00, run_after=2023-04-28T00:00:00+00:00
[2023-04-28T06:04:40.499+0000] {logging_mixin.py:137} INFO - [2023-04-28T06:04:40.499+0000] {dag.py:3441} INFO - Setting next_dagrun for example_branch_datetime_operator_3 to 2023-04-27T00:00:00+00:00, run_after=2023-04-28T00:00:00+00:00
[2023-04-28T06:04:40.508+0000] {processor.py:175} INFO - Processing /home/airflow/.local/lib/python3.7/site-packages/airflow/example_dags/example_branch_datetime_operator.py took 0.073 seconds
[2023-04-28T06:05:10.900+0000] {processor.py:153} INFO - Started process (PID=15214) to work on /home/airflow/.local/lib/python3.7/site-packages/airflow/example_dags/example_branch_datetime_operator.py
[2023-04-28T06:05:10.901+0000] {processor.py:743} INFO - Processing file /home/airflow/.local/lib/python3.7/site-packages/airflow/example_dags/example_branch_datetime_operator.py for tasks to queue
[2023-04-28T06:05:10.902+0000] {logging_mixin.py:137} INFO - [2023-04-28T06:05:10.902+0000] {dagbag.py:538} INFO - Filling up the DagBag from /home/airflow/.local/lib/python3.7/site-packages/airflow/example_dags/example_branch_datetime_operator.py
[2023-04-28T06:05:10.917+0000] {processor.py:753} INFO - DAG(s) dict_keys(['example_branch_datetime_operator_2', 'example_branch_datetime_operator', 'example_branch_datetime_operator_3']) retrieved from /home/airflow/.local/lib/python3.7/site-packages/airflow/example_dags/example_branch_datetime_operator.py
[2023-04-28T06:05:10.951+0000] {logging_mixin.py:137} INFO - [2023-04-28T06:05:10.951+0000] {dag.py:2690} INFO - Sync 3 DAGs
[2023-04-28T06:05:10.978+0000] {logging_mixin.py:137} INFO - [2023-04-28T06:05:10.978+0000] {dag.py:3441} INFO - Setting next_dagrun for example_branch_datetime_operator to 2023-04-27T00:00:00+00:00, run_after=2023-04-28T00:00:00+00:00
[2023-04-28T06:05:10.981+0000] {logging_mixin.py:137} INFO - [2023-04-28T06:05:10.981+0000] {dag.py:3441} INFO - Setting next_dagrun for example_branch_datetime_operator_2 to 2023-04-27T00:00:00+00:00, run_after=2023-04-28T00:00:00+00:00
[2023-04-28T06:05:10.983+0000] {logging_mixin.py:137} INFO - [2023-04-28T06:05:10.983+0000] {dag.py:3441} INFO - Setting next_dagrun for example_branch_datetime_operator_3 to 2023-04-27T00:00:00+00:00, run_after=2023-04-28T00:00:00+00:00
[2023-04-28T06:05:10.994+0000] {processor.py:175} INFO - Processing /home/airflow/.local/lib/python3.7/site-packages/airflow/example_dags/example_branch_datetime_operator.py took 0.098 seconds
[2023-04-28T06:05:41.618+0000] {processor.py:153} INFO - Started process (PID=15280) to work on /home/airflow/.local/lib/python3.7/site-packages/airflow/example_dags/example_branch_datetime_operator.py
[2023-04-28T06:05:41.619+0000] {processor.py:743} INFO - Processing file /home/airflow/.local/lib/python3.7/site-packages/airflow/example_dags/example_branch_datetime_operator.py for tasks to queue
[2023-04-28T06:05:41.620+0000] {logging_mixin.py:137} INFO - [2023-04-28T06:05:41.620+0000] {dagbag.py:538} INFO - Filling up the DagBag from /home/airflow/.local/lib/python3.7/site-packages/airflow/example_dags/example_branch_datetime_operator.py
[2023-04-28T06:05:41.634+0000] {processor.py:753} INFO - DAG(s) dict_keys(['example_branch_datetime_operator_2', 'example_branch_datetime_operator_3', 'example_branch_datetime_operator']) retrieved from /home/airflow/.local/lib/python3.7/site-packages/airflow/example_dags/example_branch_datetime_operator.py
[2023-04-28T06:05:41.656+0000] {logging_mixin.py:137} INFO - [2023-04-28T06:05:41.656+0000] {dag.py:2690} INFO - Sync 3 DAGs
[2023-04-28T06:05:41.672+0000] {logging_mixin.py:137} INFO - [2023-04-28T06:05:41.672+0000] {dag.py:3441} INFO - Setting next_dagrun for example_branch_datetime_operator to 2023-04-27T00:00:00+00:00, run_after=2023-04-28T00:00:00+00:00
[2023-04-28T06:05:41.675+0000] {logging_mixin.py:137} INFO - [2023-04-28T06:05:41.675+0000] {dag.py:3441} INFO - Setting next_dagrun for example_branch_datetime_operator_2 to 2023-04-27T00:00:00+00:00, run_after=2023-04-28T00:00:00+00:00
[2023-04-28T06:05:41.676+0000] {logging_mixin.py:137} INFO - [2023-04-28T06:05:41.676+0000] {dag.py:3441} INFO - Setting next_dagrun for example_branch_datetime_operator_3 to 2023-04-27T00:00:00+00:00, run_after=2023-04-28T00:00:00+00:00
[2023-04-28T06:05:41.686+0000] {processor.py:175} INFO - Processing /home/airflow/.local/lib/python3.7/site-packages/airflow/example_dags/example_branch_datetime_operator.py took 0.071 seconds
[2023-04-28T06:06:11.896+0000] {processor.py:153} INFO - Started process (PID=15360) to work on /home/airflow/.local/lib/python3.7/site-packages/airflow/example_dags/example_branch_datetime_operator.py
[2023-04-28T06:06:11.898+0000] {processor.py:743} INFO - Processing file /home/airflow/.local/lib/python3.7/site-packages/airflow/example_dags/example_branch_datetime_operator.py for tasks to queue
[2023-04-28T06:06:11.898+0000] {logging_mixin.py:137} INFO - [2023-04-28T06:06:11.898+0000] {dagbag.py:538} INFO - Filling up the DagBag from /home/airflow/.local/lib/python3.7/site-packages/airflow/example_dags/example_branch_datetime_operator.py
[2023-04-28T06:06:11.911+0000] {processor.py:753} INFO - DAG(s) dict_keys(['example_branch_datetime_operator_3', 'example_branch_datetime_operator_2', 'example_branch_datetime_operator']) retrieved from /home/airflow/.local/lib/python3.7/site-packages/airflow/example_dags/example_branch_datetime_operator.py
[2023-04-28T06:06:11.935+0000] {logging_mixin.py:137} INFO - [2023-04-28T06:06:11.935+0000] {dag.py:2690} INFO - Sync 3 DAGs
[2023-04-28T06:06:11.951+0000] {logging_mixin.py:137} INFO - [2023-04-28T06:06:11.951+0000] {dag.py:3441} INFO - Setting next_dagrun for example_branch_datetime_operator to 2023-04-27T00:00:00+00:00, run_after=2023-04-28T00:00:00+00:00
[2023-04-28T06:06:11.954+0000] {logging_mixin.py:137} INFO - [2023-04-28T06:06:11.954+0000] {dag.py:3441} INFO - Setting next_dagrun for example_branch_datetime_operator_2 to 2023-04-27T00:00:00+00:00, run_after=2023-04-28T00:00:00+00:00
[2023-04-28T06:06:11.956+0000] {logging_mixin.py:137} INFO - [2023-04-28T06:06:11.956+0000] {dag.py:3441} INFO - Setting next_dagrun for example_branch_datetime_operator_3 to 2023-04-27T00:00:00+00:00, run_after=2023-04-28T00:00:00+00:00
[2023-04-28T06:06:11.966+0000] {processor.py:175} INFO - Processing /home/airflow/.local/lib/python3.7/site-packages/airflow/example_dags/example_branch_datetime_operator.py took 0.072 seconds
[2023-04-28T06:06:42.301+0000] {processor.py:153} INFO - Started process (PID=15437) to work on /home/airflow/.local/lib/python3.7/site-packages/airflow/example_dags/example_branch_datetime_operator.py
[2023-04-28T06:06:42.302+0000] {processor.py:743} INFO - Processing file /home/airflow/.local/lib/python3.7/site-packages/airflow/example_dags/example_branch_datetime_operator.py for tasks to queue
[2023-04-28T06:06:42.303+0000] {logging_mixin.py:137} INFO - [2023-04-28T06:06:42.303+0000] {dagbag.py:538} INFO - Filling up the DagBag from /home/airflow/.local/lib/python3.7/site-packages/airflow/example_dags/example_branch_datetime_operator.py
[2023-04-28T06:06:42.318+0000] {processor.py:753} INFO - DAG(s) dict_keys(['example_branch_datetime_operator_3', 'example_branch_datetime_operator', 'example_branch_datetime_operator_2']) retrieved from /home/airflow/.local/lib/python3.7/site-packages/airflow/example_dags/example_branch_datetime_operator.py
[2023-04-28T06:06:42.353+0000] {logging_mixin.py:137} INFO - [2023-04-28T06:06:42.353+0000] {dag.py:2690} INFO - Sync 3 DAGs
[2023-04-28T06:06:42.373+0000] {logging_mixin.py:137} INFO - [2023-04-28T06:06:42.373+0000] {dag.py:3441} INFO - Setting next_dagrun for example_branch_datetime_operator to 2023-04-27T00:00:00+00:00, run_after=2023-04-28T00:00:00+00:00
[2023-04-28T06:06:42.380+0000] {logging_mixin.py:137} INFO - [2023-04-28T06:06:42.380+0000] {dag.py:3441} INFO - Setting next_dagrun for example_branch_datetime_operator_2 to 2023-04-27T00:00:00+00:00, run_after=2023-04-28T00:00:00+00:00
[2023-04-28T06:06:42.391+0000] {logging_mixin.py:137} INFO - [2023-04-28T06:06:42.391+0000] {dag.py:3441} INFO - Setting next_dagrun for example_branch_datetime_operator_3 to 2023-04-27T00:00:00+00:00, run_after=2023-04-28T00:00:00+00:00
[2023-04-28T06:06:42.403+0000] {processor.py:175} INFO - Processing /home/airflow/.local/lib/python3.7/site-packages/airflow/example_dags/example_branch_datetime_operator.py took 0.106 seconds
[2023-04-28T06:07:12.969+0000] {processor.py:153} INFO - Started process (PID=15504) to work on /home/airflow/.local/lib/python3.7/site-packages/airflow/example_dags/example_branch_datetime_operator.py
[2023-04-28T06:07:12.970+0000] {processor.py:743} INFO - Processing file /home/airflow/.local/lib/python3.7/site-packages/airflow/example_dags/example_branch_datetime_operator.py for tasks to queue
[2023-04-28T06:07:12.971+0000] {logging_mixin.py:137} INFO - [2023-04-28T06:07:12.971+0000] {dagbag.py:538} INFO - Filling up the DagBag from /home/airflow/.local/lib/python3.7/site-packages/airflow/example_dags/example_branch_datetime_operator.py
[2023-04-28T06:07:12.984+0000] {processor.py:753} INFO - DAG(s) dict_keys(['example_branch_datetime_operator_3', 'example_branch_datetime_operator_2', 'example_branch_datetime_operator']) retrieved from /home/airflow/.local/lib/python3.7/site-packages/airflow/example_dags/example_branch_datetime_operator.py
[2023-04-28T06:07:13.007+0000] {logging_mixin.py:137} INFO - [2023-04-28T06:07:13.007+0000] {dag.py:2690} INFO - Sync 3 DAGs
[2023-04-28T06:07:13.023+0000] {logging_mixin.py:137} INFO - [2023-04-28T06:07:13.023+0000] {dag.py:3441} INFO - Setting next_dagrun for example_branch_datetime_operator to 2023-04-27T00:00:00+00:00, run_after=2023-04-28T00:00:00+00:00
[2023-04-28T06:07:13.026+0000] {logging_mixin.py:137} INFO - [2023-04-28T06:07:13.026+0000] {dag.py:3441} INFO - Setting next_dagrun for example_branch_datetime_operator_2 to 2023-04-27T00:00:00+00:00, run_after=2023-04-28T00:00:00+00:00
[2023-04-28T06:07:13.027+0000] {logging_mixin.py:137} INFO - [2023-04-28T06:07:13.027+0000] {dag.py:3441} INFO - Setting next_dagrun for example_branch_datetime_operator_3 to 2023-04-27T00:00:00+00:00, run_after=2023-04-28T00:00:00+00:00
[2023-04-28T06:07:13.037+0000] {processor.py:175} INFO - Processing /home/airflow/.local/lib/python3.7/site-packages/airflow/example_dags/example_branch_datetime_operator.py took 0.071 seconds
[2023-04-28T06:07:43.390+0000] {processor.py:153} INFO - Started process (PID=15582) to work on /home/airflow/.local/lib/python3.7/site-packages/airflow/example_dags/example_branch_datetime_operator.py
[2023-04-28T06:07:43.392+0000] {processor.py:743} INFO - Processing file /home/airflow/.local/lib/python3.7/site-packages/airflow/example_dags/example_branch_datetime_operator.py for tasks to queue
[2023-04-28T06:07:43.392+0000] {logging_mixin.py:137} INFO - [2023-04-28T06:07:43.392+0000] {dagbag.py:538} INFO - Filling up the DagBag from /home/airflow/.local/lib/python3.7/site-packages/airflow/example_dags/example_branch_datetime_operator.py
[2023-04-28T06:07:43.406+0000] {processor.py:753} INFO - DAG(s) dict_keys(['example_branch_datetime_operator_2', 'example_branch_datetime_operator_3', 'example_branch_datetime_operator']) retrieved from /home/airflow/.local/lib/python3.7/site-packages/airflow/example_dags/example_branch_datetime_operator.py
[2023-04-28T06:07:43.433+0000] {logging_mixin.py:137} INFO - [2023-04-28T06:07:43.433+0000] {dag.py:2690} INFO - Sync 3 DAGs
[2023-04-28T06:07:43.450+0000] {logging_mixin.py:137} INFO - [2023-04-28T06:07:43.450+0000] {dag.py:3441} INFO - Setting next_dagrun for example_branch_datetime_operator to 2023-04-27T00:00:00+00:00, run_after=2023-04-28T00:00:00+00:00
[2023-04-28T06:07:43.454+0000] {logging_mixin.py:137} INFO - [2023-04-28T06:07:43.454+0000] {dag.py:3441} INFO - Setting next_dagrun for example_branch_datetime_operator_2 to 2023-04-27T00:00:00+00:00, run_after=2023-04-28T00:00:00+00:00
[2023-04-28T06:07:43.456+0000] {logging_mixin.py:137} INFO - [2023-04-28T06:07:43.456+0000] {dag.py:3441} INFO - Setting next_dagrun for example_branch_datetime_operator_3 to 2023-04-27T00:00:00+00:00, run_after=2023-04-28T00:00:00+00:00
[2023-04-28T06:07:43.468+0000] {processor.py:175} INFO - Processing /home/airflow/.local/lib/python3.7/site-packages/airflow/example_dags/example_branch_datetime_operator.py took 0.082 seconds
[2023-04-28T06:08:13.876+0000] {processor.py:153} INFO - Started process (PID=15660) to work on /home/airflow/.local/lib/python3.7/site-packages/airflow/example_dags/example_branch_datetime_operator.py
[2023-04-28T06:08:13.877+0000] {processor.py:743} INFO - Processing file /home/airflow/.local/lib/python3.7/site-packages/airflow/example_dags/example_branch_datetime_operator.py for tasks to queue
[2023-04-28T06:08:13.878+0000] {logging_mixin.py:137} INFO - [2023-04-28T06:08:13.878+0000] {dagbag.py:538} INFO - Filling up the DagBag from /home/airflow/.local/lib/python3.7/site-packages/airflow/example_dags/example_branch_datetime_operator.py
[2023-04-28T06:08:13.891+0000] {processor.py:753} INFO - DAG(s) dict_keys(['example_branch_datetime_operator', 'example_branch_datetime_operator_2', 'example_branch_datetime_operator_3']) retrieved from /home/airflow/.local/lib/python3.7/site-packages/airflow/example_dags/example_branch_datetime_operator.py
[2023-04-28T06:08:13.914+0000] {logging_mixin.py:137} INFO - [2023-04-28T06:08:13.914+0000] {dag.py:2690} INFO - Sync 3 DAGs
[2023-04-28T06:08:13.931+0000] {logging_mixin.py:137} INFO - [2023-04-28T06:08:13.930+0000] {dag.py:3441} INFO - Setting next_dagrun for example_branch_datetime_operator to 2023-04-27T00:00:00+00:00, run_after=2023-04-28T00:00:00+00:00
[2023-04-28T06:08:13.934+0000] {logging_mixin.py:137} INFO - [2023-04-28T06:08:13.934+0000] {dag.py:3441} INFO - Setting next_dagrun for example_branch_datetime_operator_2 to 2023-04-27T00:00:00+00:00, run_after=2023-04-28T00:00:00+00:00
[2023-04-28T06:08:13.935+0000] {logging_mixin.py:137} INFO - [2023-04-28T06:08:13.935+0000] {dag.py:3441} INFO - Setting next_dagrun for example_branch_datetime_operator_3 to 2023-04-27T00:00:00+00:00, run_after=2023-04-28T00:00:00+00:00
[2023-04-28T06:08:13.945+0000] {processor.py:175} INFO - Processing /home/airflow/.local/lib/python3.7/site-packages/airflow/example_dags/example_branch_datetime_operator.py took 0.072 seconds
[2023-04-28T06:08:44.289+0000] {processor.py:153} INFO - Started process (PID=15726) to work on /home/airflow/.local/lib/python3.7/site-packages/airflow/example_dags/example_branch_datetime_operator.py
[2023-04-28T06:08:44.291+0000] {processor.py:743} INFO - Processing file /home/airflow/.local/lib/python3.7/site-packages/airflow/example_dags/example_branch_datetime_operator.py for tasks to queue
[2023-04-28T06:08:44.292+0000] {logging_mixin.py:137} INFO - [2023-04-28T06:08:44.292+0000] {dagbag.py:538} INFO - Filling up the DagBag from /home/airflow/.local/lib/python3.7/site-packages/airflow/example_dags/example_branch_datetime_operator.py
[2023-04-28T06:08:44.311+0000] {processor.py:753} INFO - DAG(s) dict_keys(['example_branch_datetime_operator_2', 'example_branch_datetime_operator', 'example_branch_datetime_operator_3']) retrieved from /home/airflow/.local/lib/python3.7/site-packages/airflow/example_dags/example_branch_datetime_operator.py
[2023-04-28T06:08:44.350+0000] {logging_mixin.py:137} INFO - [2023-04-28T06:08:44.349+0000] {dag.py:2690} INFO - Sync 3 DAGs
[2023-04-28T06:08:44.378+0000] {logging_mixin.py:137} INFO - [2023-04-28T06:08:44.378+0000] {dag.py:3441} INFO - Setting next_dagrun for example_branch_datetime_operator to 2023-04-27T00:00:00+00:00, run_after=2023-04-28T00:00:00+00:00
[2023-04-28T06:08:44.382+0000] {logging_mixin.py:137} INFO - [2023-04-28T06:08:44.382+0000] {dag.py:3441} INFO - Setting next_dagrun for example_branch_datetime_operator_2 to 2023-04-27T00:00:00+00:00, run_after=2023-04-28T00:00:00+00:00
[2023-04-28T06:08:44.385+0000] {logging_mixin.py:137} INFO - [2023-04-28T06:08:44.385+0000] {dag.py:3441} INFO - Setting next_dagrun for example_branch_datetime_operator_3 to 2023-04-27T00:00:00+00:00, run_after=2023-04-28T00:00:00+00:00
[2023-04-28T06:08:44.399+0000] {processor.py:175} INFO - Processing /home/airflow/.local/lib/python3.7/site-packages/airflow/example_dags/example_branch_datetime_operator.py took 0.113 seconds
[2023-04-28T06:09:14.773+0000] {processor.py:153} INFO - Started process (PID=15804) to work on /home/airflow/.local/lib/python3.7/site-packages/airflow/example_dags/example_branch_datetime_operator.py
[2023-04-28T06:09:14.774+0000] {processor.py:743} INFO - Processing file /home/airflow/.local/lib/python3.7/site-packages/airflow/example_dags/example_branch_datetime_operator.py for tasks to queue
[2023-04-28T06:09:14.775+0000] {logging_mixin.py:137} INFO - [2023-04-28T06:09:14.775+0000] {dagbag.py:538} INFO - Filling up the DagBag from /home/airflow/.local/lib/python3.7/site-packages/airflow/example_dags/example_branch_datetime_operator.py
[2023-04-28T06:09:14.789+0000] {processor.py:753} INFO - DAG(s) dict_keys(['example_branch_datetime_operator_3', 'example_branch_datetime_operator_2', 'example_branch_datetime_operator']) retrieved from /home/airflow/.local/lib/python3.7/site-packages/airflow/example_dags/example_branch_datetime_operator.py
[2023-04-28T06:09:14.812+0000] {logging_mixin.py:137} INFO - [2023-04-28T06:09:14.812+0000] {dag.py:2690} INFO - Sync 3 DAGs
[2023-04-28T06:09:14.829+0000] {logging_mixin.py:137} INFO - [2023-04-28T06:09:14.829+0000] {dag.py:3441} INFO - Setting next_dagrun for example_branch_datetime_operator to 2023-04-27T00:00:00+00:00, run_after=2023-04-28T00:00:00+00:00
[2023-04-28T06:09:14.832+0000] {logging_mixin.py:137} INFO - [2023-04-28T06:09:14.832+0000] {dag.py:3441} INFO - Setting next_dagrun for example_branch_datetime_operator_2 to 2023-04-27T00:00:00+00:00, run_after=2023-04-28T00:00:00+00:00
[2023-04-28T06:09:14.834+0000] {logging_mixin.py:137} INFO - [2023-04-28T06:09:14.834+0000] {dag.py:3441} INFO - Setting next_dagrun for example_branch_datetime_operator_3 to 2023-04-27T00:00:00+00:00, run_after=2023-04-28T00:00:00+00:00
[2023-04-28T06:09:14.847+0000] {processor.py:175} INFO - Processing /home/airflow/.local/lib/python3.7/site-packages/airflow/example_dags/example_branch_datetime_operator.py took 0.077 seconds
[2023-04-28T06:09:45.586+0000] {processor.py:153} INFO - Started process (PID=15880) to work on /home/airflow/.local/lib/python3.7/site-packages/airflow/example_dags/example_branch_datetime_operator.py
[2023-04-28T06:09:45.587+0000] {processor.py:743} INFO - Processing file /home/airflow/.local/lib/python3.7/site-packages/airflow/example_dags/example_branch_datetime_operator.py for tasks to queue
[2023-04-28T06:09:45.588+0000] {logging_mixin.py:137} INFO - [2023-04-28T06:09:45.588+0000] {dagbag.py:538} INFO - Filling up the DagBag from /home/airflow/.local/lib/python3.7/site-packages/airflow/example_dags/example_branch_datetime_operator.py
[2023-04-28T06:09:45.602+0000] {processor.py:753} INFO - DAG(s) dict_keys(['example_branch_datetime_operator', 'example_branch_datetime_operator_2', 'example_branch_datetime_operator_3']) retrieved from /home/airflow/.local/lib/python3.7/site-packages/airflow/example_dags/example_branch_datetime_operator.py
[2023-04-28T06:09:45.634+0000] {logging_mixin.py:137} INFO - [2023-04-28T06:09:45.634+0000] {dag.py:2690} INFO - Sync 3 DAGs
[2023-04-28T06:09:45.657+0000] {logging_mixin.py:137} INFO - [2023-04-28T06:09:45.657+0000] {dag.py:3441} INFO - Setting next_dagrun for example_branch_datetime_operator to 2023-04-27T00:00:00+00:00, run_after=2023-04-28T00:00:00+00:00
[2023-04-28T06:09:45.661+0000] {logging_mixin.py:137} INFO - [2023-04-28T06:09:45.661+0000] {dag.py:3441} INFO - Setting next_dagrun for example_branch_datetime_operator_2 to 2023-04-27T00:00:00+00:00, run_after=2023-04-28T00:00:00+00:00
[2023-04-28T06:09:45.663+0000] {logging_mixin.py:137} INFO - [2023-04-28T06:09:45.663+0000] {dag.py:3441} INFO - Setting next_dagrun for example_branch_datetime_operator_3 to 2023-04-27T00:00:00+00:00, run_after=2023-04-28T00:00:00+00:00
[2023-04-28T06:09:45.675+0000] {processor.py:175} INFO - Processing /home/airflow/.local/lib/python3.7/site-packages/airflow/example_dags/example_branch_datetime_operator.py took 0.093 seconds
[2023-04-28T06:10:16.156+0000] {processor.py:153} INFO - Started process (PID=15948) to work on /home/airflow/.local/lib/python3.7/site-packages/airflow/example_dags/example_branch_datetime_operator.py
[2023-04-28T06:10:16.157+0000] {processor.py:743} INFO - Processing file /home/airflow/.local/lib/python3.7/site-packages/airflow/example_dags/example_branch_datetime_operator.py for tasks to queue
[2023-04-28T06:10:16.158+0000] {logging_mixin.py:137} INFO - [2023-04-28T06:10:16.158+0000] {dagbag.py:538} INFO - Filling up the DagBag from /home/airflow/.local/lib/python3.7/site-packages/airflow/example_dags/example_branch_datetime_operator.py
[2023-04-28T06:10:16.172+0000] {processor.py:753} INFO - DAG(s) dict_keys(['example_branch_datetime_operator_2', 'example_branch_datetime_operator', 'example_branch_datetime_operator_3']) retrieved from /home/airflow/.local/lib/python3.7/site-packages/airflow/example_dags/example_branch_datetime_operator.py
[2023-04-28T06:10:16.196+0000] {logging_mixin.py:137} INFO - [2023-04-28T06:10:16.196+0000] {dag.py:2690} INFO - Sync 3 DAGs
[2023-04-28T06:10:16.212+0000] {logging_mixin.py:137} INFO - [2023-04-28T06:10:16.212+0000] {dag.py:3441} INFO - Setting next_dagrun for example_branch_datetime_operator to 2023-04-27T00:00:00+00:00, run_after=2023-04-28T00:00:00+00:00
[2023-04-28T06:10:16.216+0000] {logging_mixin.py:137} INFO - [2023-04-28T06:10:16.216+0000] {dag.py:3441} INFO - Setting next_dagrun for example_branch_datetime_operator_2 to 2023-04-27T00:00:00+00:00, run_after=2023-04-28T00:00:00+00:00
[2023-04-28T06:10:16.217+0000] {logging_mixin.py:137} INFO - [2023-04-28T06:10:16.217+0000] {dag.py:3441} INFO - Setting next_dagrun for example_branch_datetime_operator_3 to 2023-04-27T00:00:00+00:00, run_after=2023-04-28T00:00:00+00:00
[2023-04-28T06:10:16.227+0000] {processor.py:175} INFO - Processing /home/airflow/.local/lib/python3.7/site-packages/airflow/example_dags/example_branch_datetime_operator.py took 0.074 seconds
[2023-04-28T06:10:46.527+0000] {processor.py:153} INFO - Started process (PID=16026) to work on /home/airflow/.local/lib/python3.7/site-packages/airflow/example_dags/example_branch_datetime_operator.py
[2023-04-28T06:10:46.528+0000] {processor.py:743} INFO - Processing file /home/airflow/.local/lib/python3.7/site-packages/airflow/example_dags/example_branch_datetime_operator.py for tasks to queue
[2023-04-28T06:10:46.529+0000] {logging_mixin.py:137} INFO - [2023-04-28T06:10:46.529+0000] {dagbag.py:538} INFO - Filling up the DagBag from /home/airflow/.local/lib/python3.7/site-packages/airflow/example_dags/example_branch_datetime_operator.py
[2023-04-28T06:10:46.543+0000] {processor.py:753} INFO - DAG(s) dict_keys(['example_branch_datetime_operator_3', 'example_branch_datetime_operator', 'example_branch_datetime_operator_2']) retrieved from /home/airflow/.local/lib/python3.7/site-packages/airflow/example_dags/example_branch_datetime_operator.py
[2023-04-28T06:10:46.567+0000] {logging_mixin.py:137} INFO - [2023-04-28T06:10:46.567+0000] {dag.py:2690} INFO - Sync 3 DAGs
[2023-04-28T06:10:46.583+0000] {logging_mixin.py:137} INFO - [2023-04-28T06:10:46.583+0000] {dag.py:3441} INFO - Setting next_dagrun for example_branch_datetime_operator to 2023-04-27T00:00:00+00:00, run_after=2023-04-28T00:00:00+00:00
[2023-04-28T06:10:46.587+0000] {logging_mixin.py:137} INFO - [2023-04-28T06:10:46.587+0000] {dag.py:3441} INFO - Setting next_dagrun for example_branch_datetime_operator_2 to 2023-04-27T00:00:00+00:00, run_after=2023-04-28T00:00:00+00:00
[2023-04-28T06:10:46.589+0000] {logging_mixin.py:137} INFO - [2023-04-28T06:10:46.589+0000] {dag.py:3441} INFO - Setting next_dagrun for example_branch_datetime_operator_3 to 2023-04-27T00:00:00+00:00, run_after=2023-04-28T00:00:00+00:00
[2023-04-28T06:10:46.598+0000] {processor.py:175} INFO - Processing /home/airflow/.local/lib/python3.7/site-packages/airflow/example_dags/example_branch_datetime_operator.py took 0.074 seconds
[2023-04-28T06:11:16.999+0000] {processor.py:153} INFO - Started process (PID=16104) to work on /home/airflow/.local/lib/python3.7/site-packages/airflow/example_dags/example_branch_datetime_operator.py
[2023-04-28T06:11:17.004+0000] {processor.py:743} INFO - Processing file /home/airflow/.local/lib/python3.7/site-packages/airflow/example_dags/example_branch_datetime_operator.py for tasks to queue
[2023-04-28T06:11:17.005+0000] {logging_mixin.py:137} INFO - [2023-04-28T06:11:17.005+0000] {dagbag.py:538} INFO - Filling up the DagBag from /home/airflow/.local/lib/python3.7/site-packages/airflow/example_dags/example_branch_datetime_operator.py
[2023-04-28T06:11:17.020+0000] {processor.py:753} INFO - DAG(s) dict_keys(['example_branch_datetime_operator_3', 'example_branch_datetime_operator_2', 'example_branch_datetime_operator']) retrieved from /home/airflow/.local/lib/python3.7/site-packages/airflow/example_dags/example_branch_datetime_operator.py
[2023-04-28T06:11:17.046+0000] {logging_mixin.py:137} INFO - [2023-04-28T06:11:17.046+0000] {dag.py:2690} INFO - Sync 3 DAGs
[2023-04-28T06:11:17.065+0000] {logging_mixin.py:137} INFO - [2023-04-28T06:11:17.065+0000] {dag.py:3441} INFO - Setting next_dagrun for example_branch_datetime_operator to 2023-04-27T00:00:00+00:00, run_after=2023-04-28T00:00:00+00:00
[2023-04-28T06:11:17.070+0000] {logging_mixin.py:137} INFO - [2023-04-28T06:11:17.069+0000] {dag.py:3441} INFO - Setting next_dagrun for example_branch_datetime_operator_2 to 2023-04-27T00:00:00+00:00, run_after=2023-04-28T00:00:00+00:00
[2023-04-28T06:11:17.072+0000] {logging_mixin.py:137} INFO - [2023-04-28T06:11:17.072+0000] {dag.py:3441} INFO - Setting next_dagrun for example_branch_datetime_operator_3 to 2023-04-27T00:00:00+00:00, run_after=2023-04-28T00:00:00+00:00
[2023-04-28T06:11:17.092+0000] {processor.py:175} INFO - Processing /home/airflow/.local/lib/python3.7/site-packages/airflow/example_dags/example_branch_datetime_operator.py took 0.096 seconds
[2023-04-28T06:11:47.497+0000] {processor.py:153} INFO - Started process (PID=16170) to work on /home/airflow/.local/lib/python3.7/site-packages/airflow/example_dags/example_branch_datetime_operator.py
[2023-04-28T06:11:47.498+0000] {processor.py:743} INFO - Processing file /home/airflow/.local/lib/python3.7/site-packages/airflow/example_dags/example_branch_datetime_operator.py for tasks to queue
[2023-04-28T06:11:47.499+0000] {logging_mixin.py:137} INFO - [2023-04-28T06:11:47.499+0000] {dagbag.py:538} INFO - Filling up the DagBag from /home/airflow/.local/lib/python3.7/site-packages/airflow/example_dags/example_branch_datetime_operator.py
[2023-04-28T06:11:47.512+0000] {processor.py:753} INFO - DAG(s) dict_keys(['example_branch_datetime_operator_2', 'example_branch_datetime_operator_3', 'example_branch_datetime_operator']) retrieved from /home/airflow/.local/lib/python3.7/site-packages/airflow/example_dags/example_branch_datetime_operator.py
[2023-04-28T06:11:47.535+0000] {logging_mixin.py:137} INFO - [2023-04-28T06:11:47.535+0000] {dag.py:2690} INFO - Sync 3 DAGs
[2023-04-28T06:11:47.551+0000] {logging_mixin.py:137} INFO - [2023-04-28T06:11:47.551+0000] {dag.py:3441} INFO - Setting next_dagrun for example_branch_datetime_operator to 2023-04-27T00:00:00+00:00, run_after=2023-04-28T00:00:00+00:00
[2023-04-28T06:11:47.555+0000] {logging_mixin.py:137} INFO - [2023-04-28T06:11:47.555+0000] {dag.py:3441} INFO - Setting next_dagrun for example_branch_datetime_operator_2 to 2023-04-27T00:00:00+00:00, run_after=2023-04-28T00:00:00+00:00
[2023-04-28T06:11:47.557+0000] {logging_mixin.py:137} INFO - [2023-04-28T06:11:47.557+0000] {dag.py:3441} INFO - Setting next_dagrun for example_branch_datetime_operator_3 to 2023-04-27T00:00:00+00:00, run_after=2023-04-28T00:00:00+00:00
[2023-04-28T06:11:47.566+0000] {processor.py:175} INFO - Processing /home/airflow/.local/lib/python3.7/site-packages/airflow/example_dags/example_branch_datetime_operator.py took 0.073 seconds
[2023-04-28T06:12:18.220+0000] {processor.py:153} INFO - Started process (PID=16248) to work on /home/airflow/.local/lib/python3.7/site-packages/airflow/example_dags/example_branch_datetime_operator.py
[2023-04-28T06:12:18.221+0000] {processor.py:743} INFO - Processing file /home/airflow/.local/lib/python3.7/site-packages/airflow/example_dags/example_branch_datetime_operator.py for tasks to queue
[2023-04-28T06:12:18.222+0000] {logging_mixin.py:137} INFO - [2023-04-28T06:12:18.222+0000] {dagbag.py:538} INFO - Filling up the DagBag from /home/airflow/.local/lib/python3.7/site-packages/airflow/example_dags/example_branch_datetime_operator.py
[2023-04-28T06:12:18.236+0000] {processor.py:753} INFO - DAG(s) dict_keys(['example_branch_datetime_operator_3', 'example_branch_datetime_operator', 'example_branch_datetime_operator_2']) retrieved from /home/airflow/.local/lib/python3.7/site-packages/airflow/example_dags/example_branch_datetime_operator.py
[2023-04-28T06:12:18.260+0000] {logging_mixin.py:137} INFO - [2023-04-28T06:12:18.260+0000] {dag.py:2690} INFO - Sync 3 DAGs
[2023-04-28T06:12:18.277+0000] {logging_mixin.py:137} INFO - [2023-04-28T06:12:18.277+0000] {dag.py:3441} INFO - Setting next_dagrun for example_branch_datetime_operator to 2023-04-27T00:00:00+00:00, run_after=2023-04-28T00:00:00+00:00
[2023-04-28T06:12:18.280+0000] {logging_mixin.py:137} INFO - [2023-04-28T06:12:18.280+0000] {dag.py:3441} INFO - Setting next_dagrun for example_branch_datetime_operator_2 to 2023-04-27T00:00:00+00:00, run_after=2023-04-28T00:00:00+00:00
[2023-04-28T06:12:18.281+0000] {logging_mixin.py:137} INFO - [2023-04-28T06:12:18.281+0000] {dag.py:3441} INFO - Setting next_dagrun for example_branch_datetime_operator_3 to 2023-04-27T00:00:00+00:00, run_after=2023-04-28T00:00:00+00:00
[2023-04-28T06:12:18.291+0000] {processor.py:175} INFO - Processing /home/airflow/.local/lib/python3.7/site-packages/airflow/example_dags/example_branch_datetime_operator.py took 0.074 seconds
[2023-04-28T06:12:48.826+0000] {processor.py:153} INFO - Started process (PID=16325) to work on /home/airflow/.local/lib/python3.7/site-packages/airflow/example_dags/example_branch_datetime_operator.py
[2023-04-28T06:12:48.830+0000] {processor.py:743} INFO - Processing file /home/airflow/.local/lib/python3.7/site-packages/airflow/example_dags/example_branch_datetime_operator.py for tasks to queue
[2023-04-28T06:12:48.832+0000] {logging_mixin.py:137} INFO - [2023-04-28T06:12:48.832+0000] {dagbag.py:538} INFO - Filling up the DagBag from /home/airflow/.local/lib/python3.7/site-packages/airflow/example_dags/example_branch_datetime_operator.py
[2023-04-28T06:12:48.867+0000] {processor.py:753} INFO - DAG(s) dict_keys(['example_branch_datetime_operator_3', 'example_branch_datetime_operator', 'example_branch_datetime_operator_2']) retrieved from /home/airflow/.local/lib/python3.7/site-packages/airflow/example_dags/example_branch_datetime_operator.py
[2023-04-28T06:12:48.900+0000] {logging_mixin.py:137} INFO - [2023-04-28T06:12:48.900+0000] {dag.py:2690} INFO - Sync 3 DAGs
[2023-04-28T06:12:48.921+0000] {logging_mixin.py:137} INFO - [2023-04-28T06:12:48.921+0000] {dag.py:3441} INFO - Setting next_dagrun for example_branch_datetime_operator to 2023-04-27T00:00:00+00:00, run_after=2023-04-28T00:00:00+00:00
[2023-04-28T06:12:48.924+0000] {logging_mixin.py:137} INFO - [2023-04-28T06:12:48.924+0000] {dag.py:3441} INFO - Setting next_dagrun for example_branch_datetime_operator_2 to 2023-04-27T00:00:00+00:00, run_after=2023-04-28T00:00:00+00:00
[2023-04-28T06:12:48.926+0000] {logging_mixin.py:137} INFO - [2023-04-28T06:12:48.926+0000] {dag.py:3441} INFO - Setting next_dagrun for example_branch_datetime_operator_3 to 2023-04-27T00:00:00+00:00, run_after=2023-04-28T00:00:00+00:00
[2023-04-28T06:12:48.937+0000] {processor.py:175} INFO - Processing /home/airflow/.local/lib/python3.7/site-packages/airflow/example_dags/example_branch_datetime_operator.py took 0.117 seconds
[2023-04-28T06:13:19.201+0000] {processor.py:153} INFO - Started process (PID=16392) to work on /home/airflow/.local/lib/python3.7/site-packages/airflow/example_dags/example_branch_datetime_operator.py
[2023-04-28T06:13:19.203+0000] {processor.py:743} INFO - Processing file /home/airflow/.local/lib/python3.7/site-packages/airflow/example_dags/example_branch_datetime_operator.py for tasks to queue
[2023-04-28T06:13:19.204+0000] {logging_mixin.py:137} INFO - [2023-04-28T06:13:19.204+0000] {dagbag.py:538} INFO - Filling up the DagBag from /home/airflow/.local/lib/python3.7/site-packages/airflow/example_dags/example_branch_datetime_operator.py
[2023-04-28T06:13:19.222+0000] {processor.py:753} INFO - DAG(s) dict_keys(['example_branch_datetime_operator', 'example_branch_datetime_operator_2', 'example_branch_datetime_operator_3']) retrieved from /home/airflow/.local/lib/python3.7/site-packages/airflow/example_dags/example_branch_datetime_operator.py
[2023-04-28T06:13:19.247+0000] {logging_mixin.py:137} INFO - [2023-04-28T06:13:19.247+0000] {dag.py:2690} INFO - Sync 3 DAGs
[2023-04-28T06:13:19.267+0000] {logging_mixin.py:137} INFO - [2023-04-28T06:13:19.267+0000] {dag.py:3441} INFO - Setting next_dagrun for example_branch_datetime_operator to 2023-04-27T00:00:00+00:00, run_after=2023-04-28T00:00:00+00:00
[2023-04-28T06:13:19.271+0000] {logging_mixin.py:137} INFO - [2023-04-28T06:13:19.271+0000] {dag.py:3441} INFO - Setting next_dagrun for example_branch_datetime_operator_2 to 2023-04-27T00:00:00+00:00, run_after=2023-04-28T00:00:00+00:00
[2023-04-28T06:13:19.273+0000] {logging_mixin.py:137} INFO - [2023-04-28T06:13:19.273+0000] {dag.py:3441} INFO - Setting next_dagrun for example_branch_datetime_operator_3 to 2023-04-27T00:00:00+00:00, run_after=2023-04-28T00:00:00+00:00
[2023-04-28T06:13:19.285+0000] {processor.py:175} INFO - Processing /home/airflow/.local/lib/python3.7/site-packages/airflow/example_dags/example_branch_datetime_operator.py took 0.088 seconds
[2023-04-28T06:13:49.723+0000] {processor.py:153} INFO - Started process (PID=16470) to work on /home/airflow/.local/lib/python3.7/site-packages/airflow/example_dags/example_branch_datetime_operator.py
[2023-04-28T06:13:49.724+0000] {processor.py:743} INFO - Processing file /home/airflow/.local/lib/python3.7/site-packages/airflow/example_dags/example_branch_datetime_operator.py for tasks to queue
[2023-04-28T06:13:49.725+0000] {logging_mixin.py:137} INFO - [2023-04-28T06:13:49.725+0000] {dagbag.py:538} INFO - Filling up the DagBag from /home/airflow/.local/lib/python3.7/site-packages/airflow/example_dags/example_branch_datetime_operator.py
[2023-04-28T06:13:49.738+0000] {processor.py:753} INFO - DAG(s) dict_keys(['example_branch_datetime_operator_3', 'example_branch_datetime_operator_2', 'example_branch_datetime_operator']) retrieved from /home/airflow/.local/lib/python3.7/site-packages/airflow/example_dags/example_branch_datetime_operator.py
[2023-04-28T06:13:49.761+0000] {logging_mixin.py:137} INFO - [2023-04-28T06:13:49.761+0000] {dag.py:2690} INFO - Sync 3 DAGs
[2023-04-28T06:13:49.777+0000] {logging_mixin.py:137} INFO - [2023-04-28T06:13:49.777+0000] {dag.py:3441} INFO - Setting next_dagrun for example_branch_datetime_operator to 2023-04-27T00:00:00+00:00, run_after=2023-04-28T00:00:00+00:00
[2023-04-28T06:13:49.780+0000] {logging_mixin.py:137} INFO - [2023-04-28T06:13:49.780+0000] {dag.py:3441} INFO - Setting next_dagrun for example_branch_datetime_operator_2 to 2023-04-27T00:00:00+00:00, run_after=2023-04-28T00:00:00+00:00
[2023-04-28T06:13:49.782+0000] {logging_mixin.py:137} INFO - [2023-04-28T06:13:49.782+0000] {dag.py:3441} INFO - Setting next_dagrun for example_branch_datetime_operator_3 to 2023-04-27T00:00:00+00:00, run_after=2023-04-28T00:00:00+00:00
[2023-04-28T06:13:49.792+0000] {processor.py:175} INFO - Processing /home/airflow/.local/lib/python3.7/site-packages/airflow/example_dags/example_branch_datetime_operator.py took 0.072 seconds
[2023-04-28T06:14:20.159+0000] {processor.py:153} INFO - Started process (PID=16548) to work on /home/airflow/.local/lib/python3.7/site-packages/airflow/example_dags/example_branch_datetime_operator.py
[2023-04-28T06:14:20.160+0000] {processor.py:743} INFO - Processing file /home/airflow/.local/lib/python3.7/site-packages/airflow/example_dags/example_branch_datetime_operator.py for tasks to queue
[2023-04-28T06:14:20.161+0000] {logging_mixin.py:137} INFO - [2023-04-28T06:14:20.161+0000] {dagbag.py:538} INFO - Filling up the DagBag from /home/airflow/.local/lib/python3.7/site-packages/airflow/example_dags/example_branch_datetime_operator.py
[2023-04-28T06:14:20.174+0000] {processor.py:753} INFO - DAG(s) dict_keys(['example_branch_datetime_operator', 'example_branch_datetime_operator_2', 'example_branch_datetime_operator_3']) retrieved from /home/airflow/.local/lib/python3.7/site-packages/airflow/example_dags/example_branch_datetime_operator.py
[2023-04-28T06:14:20.197+0000] {logging_mixin.py:137} INFO - [2023-04-28T06:14:20.197+0000] {dag.py:2690} INFO - Sync 3 DAGs
[2023-04-28T06:14:20.213+0000] {logging_mixin.py:137} INFO - [2023-04-28T06:14:20.213+0000] {dag.py:3441} INFO - Setting next_dagrun for example_branch_datetime_operator to 2023-04-27T00:00:00+00:00, run_after=2023-04-28T00:00:00+00:00
[2023-04-28T06:14:20.216+0000] {logging_mixin.py:137} INFO - [2023-04-28T06:14:20.216+0000] {dag.py:3441} INFO - Setting next_dagrun for example_branch_datetime_operator_2 to 2023-04-27T00:00:00+00:00, run_after=2023-04-28T00:00:00+00:00
[2023-04-28T06:14:20.218+0000] {logging_mixin.py:137} INFO - [2023-04-28T06:14:20.218+0000] {dag.py:3441} INFO - Setting next_dagrun for example_branch_datetime_operator_3 to 2023-04-27T00:00:00+00:00, run_after=2023-04-28T00:00:00+00:00
[2023-04-28T06:14:20.228+0000] {processor.py:175} INFO - Processing /home/airflow/.local/lib/python3.7/site-packages/airflow/example_dags/example_branch_datetime_operator.py took 0.072 seconds
[2023-04-28T06:14:50.492+0000] {processor.py:153} INFO - Started process (PID=16613) to work on /home/airflow/.local/lib/python3.7/site-packages/airflow/example_dags/example_branch_datetime_operator.py
[2023-04-28T06:14:50.493+0000] {processor.py:743} INFO - Processing file /home/airflow/.local/lib/python3.7/site-packages/airflow/example_dags/example_branch_datetime_operator.py for tasks to queue
[2023-04-28T06:14:50.494+0000] {logging_mixin.py:137} INFO - [2023-04-28T06:14:50.494+0000] {dagbag.py:538} INFO - Filling up the DagBag from /home/airflow/.local/lib/python3.7/site-packages/airflow/example_dags/example_branch_datetime_operator.py
[2023-04-28T06:14:50.507+0000] {processor.py:753} INFO - DAG(s) dict_keys(['example_branch_datetime_operator_3', 'example_branch_datetime_operator_2', 'example_branch_datetime_operator']) retrieved from /home/airflow/.local/lib/python3.7/site-packages/airflow/example_dags/example_branch_datetime_operator.py
[2023-04-28T06:14:50.530+0000] {logging_mixin.py:137} INFO - [2023-04-28T06:14:50.530+0000] {dag.py:2690} INFO - Sync 3 DAGs
[2023-04-28T06:14:50.547+0000] {logging_mixin.py:137} INFO - [2023-04-28T06:14:50.547+0000] {dag.py:3441} INFO - Setting next_dagrun for example_branch_datetime_operator to 2023-04-27T00:00:00+00:00, run_after=2023-04-28T00:00:00+00:00
[2023-04-28T06:14:50.550+0000] {logging_mixin.py:137} INFO - [2023-04-28T06:14:50.550+0000] {dag.py:3441} INFO - Setting next_dagrun for example_branch_datetime_operator_2 to 2023-04-27T00:00:00+00:00, run_after=2023-04-28T00:00:00+00:00
[2023-04-28T06:14:50.552+0000] {logging_mixin.py:137} INFO - [2023-04-28T06:14:50.552+0000] {dag.py:3441} INFO - Setting next_dagrun for example_branch_datetime_operator_3 to 2023-04-27T00:00:00+00:00, run_after=2023-04-28T00:00:00+00:00
[2023-04-28T06:14:50.563+0000] {processor.py:175} INFO - Processing /home/airflow/.local/lib/python3.7/site-packages/airflow/example_dags/example_branch_datetime_operator.py took 0.075 seconds
[2023-04-28T06:15:21.056+0000] {processor.py:153} INFO - Started process (PID=16691) to work on /home/airflow/.local/lib/python3.7/site-packages/airflow/example_dags/example_branch_datetime_operator.py
[2023-04-28T06:15:21.058+0000] {processor.py:743} INFO - Processing file /home/airflow/.local/lib/python3.7/site-packages/airflow/example_dags/example_branch_datetime_operator.py for tasks to queue
[2023-04-28T06:15:21.058+0000] {logging_mixin.py:137} INFO - [2023-04-28T06:15:21.058+0000] {dagbag.py:538} INFO - Filling up the DagBag from /home/airflow/.local/lib/python3.7/site-packages/airflow/example_dags/example_branch_datetime_operator.py
[2023-04-28T06:15:21.071+0000] {processor.py:753} INFO - DAG(s) dict_keys(['example_branch_datetime_operator_3', 'example_branch_datetime_operator_2', 'example_branch_datetime_operator']) retrieved from /home/airflow/.local/lib/python3.7/site-packages/airflow/example_dags/example_branch_datetime_operator.py
[2023-04-28T06:15:21.094+0000] {logging_mixin.py:137} INFO - [2023-04-28T06:15:21.094+0000] {dag.py:2690} INFO - Sync 3 DAGs
[2023-04-28T06:15:21.111+0000] {logging_mixin.py:137} INFO - [2023-04-28T06:15:21.111+0000] {dag.py:3441} INFO - Setting next_dagrun for example_branch_datetime_operator to 2023-04-27T00:00:00+00:00, run_after=2023-04-28T00:00:00+00:00
[2023-04-28T06:15:21.114+0000] {logging_mixin.py:137} INFO - [2023-04-28T06:15:21.114+0000] {dag.py:3441} INFO - Setting next_dagrun for example_branch_datetime_operator_2 to 2023-04-27T00:00:00+00:00, run_after=2023-04-28T00:00:00+00:00
[2023-04-28T06:15:21.116+0000] {logging_mixin.py:137} INFO - [2023-04-28T06:15:21.116+0000] {dag.py:3441} INFO - Setting next_dagrun for example_branch_datetime_operator_3 to 2023-04-27T00:00:00+00:00, run_after=2023-04-28T00:00:00+00:00
[2023-04-28T06:15:21.125+0000] {processor.py:175} INFO - Processing /home/airflow/.local/lib/python3.7/site-packages/airflow/example_dags/example_branch_datetime_operator.py took 0.072 seconds
[2023-04-28T06:15:51.431+0000] {processor.py:153} INFO - Started process (PID=16768) to work on /home/airflow/.local/lib/python3.7/site-packages/airflow/example_dags/example_branch_datetime_operator.py
[2023-04-28T06:15:51.432+0000] {processor.py:743} INFO - Processing file /home/airflow/.local/lib/python3.7/site-packages/airflow/example_dags/example_branch_datetime_operator.py for tasks to queue
[2023-04-28T06:15:51.433+0000] {logging_mixin.py:137} INFO - [2023-04-28T06:15:51.433+0000] {dagbag.py:538} INFO - Filling up the DagBag from /home/airflow/.local/lib/python3.7/site-packages/airflow/example_dags/example_branch_datetime_operator.py
[2023-04-28T06:15:51.446+0000] {processor.py:753} INFO - DAG(s) dict_keys(['example_branch_datetime_operator', 'example_branch_datetime_operator_3', 'example_branch_datetime_operator_2']) retrieved from /home/airflow/.local/lib/python3.7/site-packages/airflow/example_dags/example_branch_datetime_operator.py
[2023-04-28T06:15:51.470+0000] {logging_mixin.py:137} INFO - [2023-04-28T06:15:51.470+0000] {dag.py:2690} INFO - Sync 3 DAGs
[2023-04-28T06:15:51.486+0000] {logging_mixin.py:137} INFO - [2023-04-28T06:15:51.486+0000] {dag.py:3441} INFO - Setting next_dagrun for example_branch_datetime_operator to 2023-04-27T00:00:00+00:00, run_after=2023-04-28T00:00:00+00:00
[2023-04-28T06:15:51.489+0000] {logging_mixin.py:137} INFO - [2023-04-28T06:15:51.489+0000] {dag.py:3441} INFO - Setting next_dagrun for example_branch_datetime_operator_2 to 2023-04-27T00:00:00+00:00, run_after=2023-04-28T00:00:00+00:00
[2023-04-28T06:15:51.491+0000] {logging_mixin.py:137} INFO - [2023-04-28T06:15:51.491+0000] {dag.py:3441} INFO - Setting next_dagrun for example_branch_datetime_operator_3 to 2023-04-27T00:00:00+00:00, run_after=2023-04-28T00:00:00+00:00
[2023-04-28T06:15:51.500+0000] {processor.py:175} INFO - Processing /home/airflow/.local/lib/python3.7/site-packages/airflow/example_dags/example_branch_datetime_operator.py took 0.072 seconds
[2023-04-28T06:16:21.682+0000] {processor.py:153} INFO - Started process (PID=16833) to work on /home/airflow/.local/lib/python3.7/site-packages/airflow/example_dags/example_branch_datetime_operator.py
[2023-04-28T06:16:21.683+0000] {processor.py:743} INFO - Processing file /home/airflow/.local/lib/python3.7/site-packages/airflow/example_dags/example_branch_datetime_operator.py for tasks to queue
[2023-04-28T06:16:21.684+0000] {logging_mixin.py:137} INFO - [2023-04-28T06:16:21.684+0000] {dagbag.py:538} INFO - Filling up the DagBag from /home/airflow/.local/lib/python3.7/site-packages/airflow/example_dags/example_branch_datetime_operator.py
[2023-04-28T06:16:21.697+0000] {processor.py:753} INFO - DAG(s) dict_keys(['example_branch_datetime_operator', 'example_branch_datetime_operator_3', 'example_branch_datetime_operator_2']) retrieved from /home/airflow/.local/lib/python3.7/site-packages/airflow/example_dags/example_branch_datetime_operator.py
[2023-04-28T06:16:21.720+0000] {logging_mixin.py:137} INFO - [2023-04-28T06:16:21.720+0000] {dag.py:2690} INFO - Sync 3 DAGs
[2023-04-28T06:16:21.736+0000] {logging_mixin.py:137} INFO - [2023-04-28T06:16:21.736+0000] {dag.py:3441} INFO - Setting next_dagrun for example_branch_datetime_operator to 2023-04-27T00:00:00+00:00, run_after=2023-04-28T00:00:00+00:00
[2023-04-28T06:16:21.739+0000] {logging_mixin.py:137} INFO - [2023-04-28T06:16:21.739+0000] {dag.py:3441} INFO - Setting next_dagrun for example_branch_datetime_operator_2 to 2023-04-27T00:00:00+00:00, run_after=2023-04-28T00:00:00+00:00
[2023-04-28T06:16:21.740+0000] {logging_mixin.py:137} INFO - [2023-04-28T06:16:21.740+0000] {dag.py:3441} INFO - Setting next_dagrun for example_branch_datetime_operator_3 to 2023-04-27T00:00:00+00:00, run_after=2023-04-28T00:00:00+00:00
[2023-04-28T06:16:21.750+0000] {processor.py:175} INFO - Processing /home/airflow/.local/lib/python3.7/site-packages/airflow/example_dags/example_branch_datetime_operator.py took 0.071 seconds
[2023-04-28T06:16:51.992+0000] {processor.py:153} INFO - Started process (PID=16911) to work on /home/airflow/.local/lib/python3.7/site-packages/airflow/example_dags/example_branch_datetime_operator.py
[2023-04-28T06:16:51.993+0000] {processor.py:743} INFO - Processing file /home/airflow/.local/lib/python3.7/site-packages/airflow/example_dags/example_branch_datetime_operator.py for tasks to queue
[2023-04-28T06:16:51.993+0000] {logging_mixin.py:137} INFO - [2023-04-28T06:16:51.993+0000] {dagbag.py:538} INFO - Filling up the DagBag from /home/airflow/.local/lib/python3.7/site-packages/airflow/example_dags/example_branch_datetime_operator.py
[2023-04-28T06:16:52.006+0000] {processor.py:753} INFO - DAG(s) dict_keys(['example_branch_datetime_operator', 'example_branch_datetime_operator_3', 'example_branch_datetime_operator_2']) retrieved from /home/airflow/.local/lib/python3.7/site-packages/airflow/example_dags/example_branch_datetime_operator.py
[2023-04-28T06:16:52.029+0000] {logging_mixin.py:137} INFO - [2023-04-28T06:16:52.029+0000] {dag.py:2690} INFO - Sync 3 DAGs
[2023-04-28T06:16:52.046+0000] {logging_mixin.py:137} INFO - [2023-04-28T06:16:52.046+0000] {dag.py:3441} INFO - Setting next_dagrun for example_branch_datetime_operator to 2023-04-27T00:00:00+00:00, run_after=2023-04-28T00:00:00+00:00
[2023-04-28T06:16:52.050+0000] {logging_mixin.py:137} INFO - [2023-04-28T06:16:52.050+0000] {dag.py:3441} INFO - Setting next_dagrun for example_branch_datetime_operator_2 to 2023-04-27T00:00:00+00:00, run_after=2023-04-28T00:00:00+00:00
[2023-04-28T06:16:52.051+0000] {logging_mixin.py:137} INFO - [2023-04-28T06:16:52.051+0000] {dag.py:3441} INFO - Setting next_dagrun for example_branch_datetime_operator_3 to 2023-04-27T00:00:00+00:00, run_after=2023-04-28T00:00:00+00:00
[2023-04-28T06:16:52.062+0000] {processor.py:175} INFO - Processing /home/airflow/.local/lib/python3.7/site-packages/airflow/example_dags/example_branch_datetime_operator.py took 0.075 seconds
[2023-04-28T06:17:22.607+0000] {processor.py:153} INFO - Started process (PID=16989) to work on /home/airflow/.local/lib/python3.7/site-packages/airflow/example_dags/example_branch_datetime_operator.py
[2023-04-28T06:17:22.608+0000] {processor.py:743} INFO - Processing file /home/airflow/.local/lib/python3.7/site-packages/airflow/example_dags/example_branch_datetime_operator.py for tasks to queue
[2023-04-28T06:17:22.609+0000] {logging_mixin.py:137} INFO - [2023-04-28T06:17:22.609+0000] {dagbag.py:538} INFO - Filling up the DagBag from /home/airflow/.local/lib/python3.7/site-packages/airflow/example_dags/example_branch_datetime_operator.py
[2023-04-28T06:17:22.622+0000] {processor.py:753} INFO - DAG(s) dict_keys(['example_branch_datetime_operator', 'example_branch_datetime_operator_2', 'example_branch_datetime_operator_3']) retrieved from /home/airflow/.local/lib/python3.7/site-packages/airflow/example_dags/example_branch_datetime_operator.py
[2023-04-28T06:17:22.645+0000] {logging_mixin.py:137} INFO - [2023-04-28T06:17:22.645+0000] {dag.py:2690} INFO - Sync 3 DAGs
[2023-04-28T06:17:22.661+0000] {logging_mixin.py:137} INFO - [2023-04-28T06:17:22.661+0000] {dag.py:3441} INFO - Setting next_dagrun for example_branch_datetime_operator to 2023-04-27T00:00:00+00:00, run_after=2023-04-28T00:00:00+00:00
[2023-04-28T06:17:22.664+0000] {logging_mixin.py:137} INFO - [2023-04-28T06:17:22.664+0000] {dag.py:3441} INFO - Setting next_dagrun for example_branch_datetime_operator_2 to 2023-04-27T00:00:00+00:00, run_after=2023-04-28T00:00:00+00:00
[2023-04-28T06:17:22.666+0000] {logging_mixin.py:137} INFO - [2023-04-28T06:17:22.666+0000] {dag.py:3441} INFO - Setting next_dagrun for example_branch_datetime_operator_3 to 2023-04-27T00:00:00+00:00, run_after=2023-04-28T00:00:00+00:00
[2023-04-28T06:17:22.676+0000] {processor.py:175} INFO - Processing /home/airflow/.local/lib/python3.7/site-packages/airflow/example_dags/example_branch_datetime_operator.py took 0.072 seconds
[2023-04-28T06:17:52.952+0000] {processor.py:153} INFO - Started process (PID=17055) to work on /home/airflow/.local/lib/python3.7/site-packages/airflow/example_dags/example_branch_datetime_operator.py
[2023-04-28T06:17:52.954+0000] {processor.py:743} INFO - Processing file /home/airflow/.local/lib/python3.7/site-packages/airflow/example_dags/example_branch_datetime_operator.py for tasks to queue
[2023-04-28T06:17:52.954+0000] {logging_mixin.py:137} INFO - [2023-04-28T06:17:52.954+0000] {dagbag.py:538} INFO - Filling up the DagBag from /home/airflow/.local/lib/python3.7/site-packages/airflow/example_dags/example_branch_datetime_operator.py
[2023-04-28T06:17:52.968+0000] {processor.py:753} INFO - DAG(s) dict_keys(['example_branch_datetime_operator_3', 'example_branch_datetime_operator_2', 'example_branch_datetime_operator']) retrieved from /home/airflow/.local/lib/python3.7/site-packages/airflow/example_dags/example_branch_datetime_operator.py
[2023-04-28T06:17:52.991+0000] {logging_mixin.py:137} INFO - [2023-04-28T06:17:52.991+0000] {dag.py:2690} INFO - Sync 3 DAGs
[2023-04-28T06:17:53.007+0000] {logging_mixin.py:137} INFO - [2023-04-28T06:17:53.007+0000] {dag.py:3441} INFO - Setting next_dagrun for example_branch_datetime_operator to 2023-04-27T00:00:00+00:00, run_after=2023-04-28T00:00:00+00:00
[2023-04-28T06:17:53.010+0000] {logging_mixin.py:137} INFO - [2023-04-28T06:17:53.010+0000] {dag.py:3441} INFO - Setting next_dagrun for example_branch_datetime_operator_2 to 2023-04-27T00:00:00+00:00, run_after=2023-04-28T00:00:00+00:00
[2023-04-28T06:17:53.011+0000] {logging_mixin.py:137} INFO - [2023-04-28T06:17:53.011+0000] {dag.py:3441} INFO - Setting next_dagrun for example_branch_datetime_operator_3 to 2023-04-27T00:00:00+00:00, run_after=2023-04-28T00:00:00+00:00
[2023-04-28T06:17:53.021+0000] {processor.py:175} INFO - Processing /home/airflow/.local/lib/python3.7/site-packages/airflow/example_dags/example_branch_datetime_operator.py took 0.071 seconds
[2023-04-28T06:18:23.603+0000] {processor.py:153} INFO - Started process (PID=17133) to work on /home/airflow/.local/lib/python3.7/site-packages/airflow/example_dags/example_branch_datetime_operator.py
[2023-04-28T06:18:23.605+0000] {processor.py:743} INFO - Processing file /home/airflow/.local/lib/python3.7/site-packages/airflow/example_dags/example_branch_datetime_operator.py for tasks to queue
[2023-04-28T06:18:23.605+0000] {logging_mixin.py:137} INFO - [2023-04-28T06:18:23.605+0000] {dagbag.py:538} INFO - Filling up the DagBag from /home/airflow/.local/lib/python3.7/site-packages/airflow/example_dags/example_branch_datetime_operator.py
[2023-04-28T06:18:23.618+0000] {processor.py:753} INFO - DAG(s) dict_keys(['example_branch_datetime_operator', 'example_branch_datetime_operator_3', 'example_branch_datetime_operator_2']) retrieved from /home/airflow/.local/lib/python3.7/site-packages/airflow/example_dags/example_branch_datetime_operator.py
[2023-04-28T06:18:23.642+0000] {logging_mixin.py:137} INFO - [2023-04-28T06:18:23.641+0000] {dag.py:2690} INFO - Sync 3 DAGs
[2023-04-28T06:18:23.658+0000] {logging_mixin.py:137} INFO - [2023-04-28T06:18:23.658+0000] {dag.py:3441} INFO - Setting next_dagrun for example_branch_datetime_operator to 2023-04-27T00:00:00+00:00, run_after=2023-04-28T00:00:00+00:00
[2023-04-28T06:18:23.661+0000] {logging_mixin.py:137} INFO - [2023-04-28T06:18:23.661+0000] {dag.py:3441} INFO - Setting next_dagrun for example_branch_datetime_operator_2 to 2023-04-27T00:00:00+00:00, run_after=2023-04-28T00:00:00+00:00
[2023-04-28T06:18:23.663+0000] {logging_mixin.py:137} INFO - [2023-04-28T06:18:23.663+0000] {dag.py:3441} INFO - Setting next_dagrun for example_branch_datetime_operator_3 to 2023-04-27T00:00:00+00:00, run_after=2023-04-28T00:00:00+00:00
[2023-04-28T06:18:23.673+0000] {processor.py:175} INFO - Processing /home/airflow/.local/lib/python3.7/site-packages/airflow/example_dags/example_branch_datetime_operator.py took 0.073 seconds
[2023-04-28T06:18:53.913+0000] {processor.py:153} INFO - Started process (PID=17211) to work on /home/airflow/.local/lib/python3.7/site-packages/airflow/example_dags/example_branch_datetime_operator.py
[2023-04-28T06:18:53.914+0000] {processor.py:743} INFO - Processing file /home/airflow/.local/lib/python3.7/site-packages/airflow/example_dags/example_branch_datetime_operator.py for tasks to queue
[2023-04-28T06:18:53.915+0000] {logging_mixin.py:137} INFO - [2023-04-28T06:18:53.915+0000] {dagbag.py:538} INFO - Filling up the DagBag from /home/airflow/.local/lib/python3.7/site-packages/airflow/example_dags/example_branch_datetime_operator.py
[2023-04-28T06:18:53.928+0000] {processor.py:753} INFO - DAG(s) dict_keys(['example_branch_datetime_operator_3', 'example_branch_datetime_operator', 'example_branch_datetime_operator_2']) retrieved from /home/airflow/.local/lib/python3.7/site-packages/airflow/example_dags/example_branch_datetime_operator.py
[2023-04-28T06:18:53.951+0000] {logging_mixin.py:137} INFO - [2023-04-28T06:18:53.951+0000] {dag.py:2690} INFO - Sync 3 DAGs
[2023-04-28T06:18:53.967+0000] {logging_mixin.py:137} INFO - [2023-04-28T06:18:53.967+0000] {dag.py:3441} INFO - Setting next_dagrun for example_branch_datetime_operator to 2023-04-27T00:00:00+00:00, run_after=2023-04-28T00:00:00+00:00
[2023-04-28T06:18:53.970+0000] {logging_mixin.py:137} INFO - [2023-04-28T06:18:53.970+0000] {dag.py:3441} INFO - Setting next_dagrun for example_branch_datetime_operator_2 to 2023-04-27T00:00:00+00:00, run_after=2023-04-28T00:00:00+00:00
[2023-04-28T06:18:53.972+0000] {logging_mixin.py:137} INFO - [2023-04-28T06:18:53.972+0000] {dag.py:3441} INFO - Setting next_dagrun for example_branch_datetime_operator_3 to 2023-04-27T00:00:00+00:00, run_after=2023-04-28T00:00:00+00:00
[2023-04-28T06:18:53.982+0000] {processor.py:175} INFO - Processing /home/airflow/.local/lib/python3.7/site-packages/airflow/example_dags/example_branch_datetime_operator.py took 0.072 seconds
