[2023-04-28T00:36:30.509+0000] {processor.py:153} INFO - Started process (PID=14546) to work on /home/airflow/.local/lib/python3.7/site-packages/airflow/example_dags/example_xcomargs.py
[2023-04-28T00:36:30.511+0000] {processor.py:743} INFO - Processing file /home/airflow/.local/lib/python3.7/site-packages/airflow/example_dags/example_xcomargs.py for tasks to queue
[2023-04-28T00:36:30.512+0000] {logging_mixin.py:137} INFO - [2023-04-28T00:36:30.512+0000] {dagbag.py:538} INFO - Filling up the DagBag from /home/airflow/.local/lib/python3.7/site-packages/airflow/example_dags/example_xcomargs.py
[2023-04-28T00:36:30.538+0000] {processor.py:753} INFO - DAG(s) dict_keys(['example_xcom_args_with_operators', 'example_xcom_args']) retrieved from /home/airflow/.local/lib/python3.7/site-packages/airflow/example_dags/example_xcomargs.py
[2023-04-28T00:36:30.571+0000] {logging_mixin.py:137} INFO - [2023-04-28T00:36:30.571+0000] {dag.py:2690} INFO - Sync 2 DAGs
[2023-04-28T00:36:30.596+0000] {logging_mixin.py:137} INFO - [2023-04-28T00:36:30.596+0000] {dag.py:3441} INFO - Setting next_dagrun for example_xcom_args to None, run_after=None
[2023-04-28T00:36:30.601+0000] {logging_mixin.py:137} INFO - [2023-04-28T00:36:30.601+0000] {dag.py:3441} INFO - Setting next_dagrun for example_xcom_args_with_operators to None, run_after=None
[2023-04-28T00:36:30.634+0000] {processor.py:175} INFO - Processing /home/airflow/.local/lib/python3.7/site-packages/airflow/example_dags/example_xcomargs.py took 0.129 seconds
[2023-04-28T01:42:51.821+0000] {processor.py:153} INFO - Started process (PID=14616) to work on /home/airflow/.local/lib/python3.7/site-packages/airflow/example_dags/example_xcomargs.py
[2023-04-28T01:42:51.823+0000] {processor.py:743} INFO - Processing file /home/airflow/.local/lib/python3.7/site-packages/airflow/example_dags/example_xcomargs.py for tasks to queue
[2023-04-28T01:42:51.824+0000] {logging_mixin.py:137} INFO - [2023-04-28T01:42:51.824+0000] {dagbag.py:538} INFO - Filling up the DagBag from /home/airflow/.local/lib/python3.7/site-packages/airflow/example_dags/example_xcomargs.py
[2023-04-28T01:42:51.845+0000] {processor.py:753} INFO - DAG(s) dict_keys(['example_xcom_args', 'example_xcom_args_with_operators']) retrieved from /home/airflow/.local/lib/python3.7/site-packages/airflow/example_dags/example_xcomargs.py
[2023-04-28T01:42:51.872+0000] {logging_mixin.py:137} INFO - [2023-04-28T01:42:51.872+0000] {dag.py:2690} INFO - Sync 2 DAGs
[2023-04-28T01:42:51.892+0000] {logging_mixin.py:137} INFO - [2023-04-28T01:42:51.892+0000] {dag.py:3441} INFO - Setting next_dagrun for example_xcom_args to None, run_after=None
[2023-04-28T01:42:51.896+0000] {logging_mixin.py:137} INFO - [2023-04-28T01:42:51.895+0000] {dag.py:3441} INFO - Setting next_dagrun for example_xcom_args_with_operators to None, run_after=None
[2023-04-28T01:42:51.909+0000] {processor.py:175} INFO - Processing /home/airflow/.local/lib/python3.7/site-packages/airflow/example_dags/example_xcomargs.py took 0.091 seconds
[2023-04-28T02:48:40.433+0000] {processor.py:153} INFO - Started process (PID=14694) to work on /home/airflow/.local/lib/python3.7/site-packages/airflow/example_dags/example_xcomargs.py
[2023-04-28T02:48:40.434+0000] {processor.py:743} INFO - Processing file /home/airflow/.local/lib/python3.7/site-packages/airflow/example_dags/example_xcomargs.py for tasks to queue
[2023-04-28T02:48:40.435+0000] {logging_mixin.py:137} INFO - [2023-04-28T02:48:40.435+0000] {dagbag.py:538} INFO - Filling up the DagBag from /home/airflow/.local/lib/python3.7/site-packages/airflow/example_dags/example_xcomargs.py
[2023-04-28T02:48:40.451+0000] {processor.py:753} INFO - DAG(s) dict_keys(['example_xcom_args_with_operators', 'example_xcom_args']) retrieved from /home/airflow/.local/lib/python3.7/site-packages/airflow/example_dags/example_xcomargs.py
[2023-04-28T02:48:40.472+0000] {logging_mixin.py:137} INFO - [2023-04-28T02:48:40.472+0000] {dag.py:2690} INFO - Sync 2 DAGs
[2023-04-28T02:48:40.486+0000] {logging_mixin.py:137} INFO - [2023-04-28T02:48:40.486+0000] {dag.py:3441} INFO - Setting next_dagrun for example_xcom_args to None, run_after=None
[2023-04-28T02:48:40.489+0000] {logging_mixin.py:137} INFO - [2023-04-28T02:48:40.489+0000] {dag.py:3441} INFO - Setting next_dagrun for example_xcom_args_with_operators to None, run_after=None
[2023-04-28T02:48:40.498+0000] {processor.py:175} INFO - Processing /home/airflow/.local/lib/python3.7/site-packages/airflow/example_dags/example_xcomargs.py took 0.067 seconds
[2023-04-28T03:54:53.682+0000] {processor.py:153} INFO - Started process (PID=14771) to work on /home/airflow/.local/lib/python3.7/site-packages/airflow/example_dags/example_xcomargs.py
[2023-04-28T03:54:53.683+0000] {processor.py:743} INFO - Processing file /home/airflow/.local/lib/python3.7/site-packages/airflow/example_dags/example_xcomargs.py for tasks to queue
[2023-04-28T03:54:53.684+0000] {logging_mixin.py:137} INFO - [2023-04-28T03:54:53.684+0000] {dagbag.py:538} INFO - Filling up the DagBag from /home/airflow/.local/lib/python3.7/site-packages/airflow/example_dags/example_xcomargs.py
[2023-04-28T03:54:53.702+0000] {processor.py:753} INFO - DAG(s) dict_keys(['example_xcom_args', 'example_xcom_args_with_operators']) retrieved from /home/airflow/.local/lib/python3.7/site-packages/airflow/example_dags/example_xcomargs.py
[2023-04-28T03:54:53.725+0000] {logging_mixin.py:137} INFO - [2023-04-28T03:54:53.725+0000] {dag.py:2690} INFO - Sync 2 DAGs
[2023-04-28T03:54:53.740+0000] {logging_mixin.py:137} INFO - [2023-04-28T03:54:53.740+0000] {dag.py:3441} INFO - Setting next_dagrun for example_xcom_args to None, run_after=None
[2023-04-28T03:54:53.743+0000] {logging_mixin.py:137} INFO - [2023-04-28T03:54:53.743+0000] {dag.py:3441} INFO - Setting next_dagrun for example_xcom_args_with_operators to None, run_after=None
[2023-04-28T03:54:53.752+0000] {processor.py:175} INFO - Processing /home/airflow/.local/lib/python3.7/site-packages/airflow/example_dags/example_xcomargs.py took 0.074 seconds
[2023-04-28T05:16:15.351+0000] {processor.py:153} INFO - Started process (PID=14837) to work on /home/airflow/.local/lib/python3.7/site-packages/airflow/example_dags/example_xcomargs.py
[2023-04-28T05:16:15.352+0000] {processor.py:743} INFO - Processing file /home/airflow/.local/lib/python3.7/site-packages/airflow/example_dags/example_xcomargs.py for tasks to queue
[2023-04-28T05:16:15.353+0000] {logging_mixin.py:137} INFO - [2023-04-28T05:16:15.352+0000] {dagbag.py:538} INFO - Filling up the DagBag from /home/airflow/.local/lib/python3.7/site-packages/airflow/example_dags/example_xcomargs.py
[2023-04-28T05:16:15.370+0000] {processor.py:753} INFO - DAG(s) dict_keys(['example_xcom_args_with_operators', 'example_xcom_args']) retrieved from /home/airflow/.local/lib/python3.7/site-packages/airflow/example_dags/example_xcomargs.py
[2023-04-28T05:16:15.393+0000] {logging_mixin.py:137} INFO - [2023-04-28T05:16:15.392+0000] {dag.py:2690} INFO - Sync 2 DAGs
[2023-04-28T05:16:15.409+0000] {logging_mixin.py:137} INFO - [2023-04-28T05:16:15.408+0000] {dag.py:3441} INFO - Setting next_dagrun for example_xcom_args to None, run_after=None
[2023-04-28T05:16:15.411+0000] {logging_mixin.py:137} INFO - [2023-04-28T05:16:15.411+0000] {dag.py:3441} INFO - Setting next_dagrun for example_xcom_args_with_operators to None, run_after=None
[2023-04-28T05:16:15.421+0000] {processor.py:175} INFO - Processing /home/airflow/.local/lib/python3.7/site-packages/airflow/example_dags/example_xcomargs.py took 0.072 seconds
[2023-04-28T05:32:12.275+0000] {processor.py:153} INFO - Started process (PID=14917) to work on /home/airflow/.local/lib/python3.7/site-packages/airflow/example_dags/example_xcomargs.py
[2023-04-28T05:32:12.277+0000] {processor.py:743} INFO - Processing file /home/airflow/.local/lib/python3.7/site-packages/airflow/example_dags/example_xcomargs.py for tasks to queue
[2023-04-28T05:32:12.280+0000] {logging_mixin.py:137} INFO - [2023-04-28T05:32:12.280+0000] {dagbag.py:538} INFO - Filling up the DagBag from /home/airflow/.local/lib/python3.7/site-packages/airflow/example_dags/example_xcomargs.py
[2023-04-28T05:32:12.303+0000] {processor.py:753} INFO - DAG(s) dict_keys(['example_xcom_args', 'example_xcom_args_with_operators']) retrieved from /home/airflow/.local/lib/python3.7/site-packages/airflow/example_dags/example_xcomargs.py
[2023-04-28T05:32:12.328+0000] {logging_mixin.py:137} INFO - [2023-04-28T05:32:12.328+0000] {dag.py:2690} INFO - Sync 2 DAGs
[2023-04-28T05:32:12.344+0000] {logging_mixin.py:137} INFO - [2023-04-28T05:32:12.344+0000] {dag.py:3441} INFO - Setting next_dagrun for example_xcom_args to None, run_after=None
[2023-04-28T05:32:12.347+0000] {logging_mixin.py:137} INFO - [2023-04-28T05:32:12.347+0000] {dag.py:3441} INFO - Setting next_dagrun for example_xcom_args_with_operators to None, run_after=None
[2023-04-28T05:32:12.357+0000] {processor.py:175} INFO - Processing /home/airflow/.local/lib/python3.7/site-packages/airflow/example_dags/example_xcomargs.py took 0.085 seconds
[2023-04-28T05:32:42.490+0000] {processor.py:153} INFO - Started process (PID=14994) to work on /home/airflow/.local/lib/python3.7/site-packages/airflow/example_dags/example_xcomargs.py
[2023-04-28T05:32:42.492+0000] {processor.py:743} INFO - Processing file /home/airflow/.local/lib/python3.7/site-packages/airflow/example_dags/example_xcomargs.py for tasks to queue
[2023-04-28T05:32:42.493+0000] {logging_mixin.py:137} INFO - [2023-04-28T05:32:42.493+0000] {dagbag.py:538} INFO - Filling up the DagBag from /home/airflow/.local/lib/python3.7/site-packages/airflow/example_dags/example_xcomargs.py
[2023-04-28T05:32:42.510+0000] {processor.py:753} INFO - DAG(s) dict_keys(['example_xcom_args', 'example_xcom_args_with_operators']) retrieved from /home/airflow/.local/lib/python3.7/site-packages/airflow/example_dags/example_xcomargs.py
[2023-04-28T05:32:42.531+0000] {logging_mixin.py:137} INFO - [2023-04-28T05:32:42.531+0000] {dag.py:2690} INFO - Sync 2 DAGs
[2023-04-28T05:32:42.546+0000] {logging_mixin.py:137} INFO - [2023-04-28T05:32:42.546+0000] {dag.py:3441} INFO - Setting next_dagrun for example_xcom_args to None, run_after=None
[2023-04-28T05:32:42.549+0000] {logging_mixin.py:137} INFO - [2023-04-28T05:32:42.549+0000] {dag.py:3441} INFO - Setting next_dagrun for example_xcom_args_with_operators to None, run_after=None
[2023-04-28T05:32:42.558+0000] {processor.py:175} INFO - Processing /home/airflow/.local/lib/python3.7/site-packages/airflow/example_dags/example_xcomargs.py took 0.072 seconds
[2023-04-28T06:03:55.158+0000] {processor.py:153} INFO - Started process (PID=15061) to work on /home/airflow/.local/lib/python3.7/site-packages/airflow/example_dags/example_xcomargs.py
[2023-04-28T06:03:55.159+0000] {processor.py:743} INFO - Processing file /home/airflow/.local/lib/python3.7/site-packages/airflow/example_dags/example_xcomargs.py for tasks to queue
[2023-04-28T06:03:55.160+0000] {logging_mixin.py:137} INFO - [2023-04-28T06:03:55.160+0000] {dagbag.py:538} INFO - Filling up the DagBag from /home/airflow/.local/lib/python3.7/site-packages/airflow/example_dags/example_xcomargs.py
[2023-04-28T06:03:55.177+0000] {processor.py:753} INFO - DAG(s) dict_keys(['example_xcom_args', 'example_xcom_args_with_operators']) retrieved from /home/airflow/.local/lib/python3.7/site-packages/airflow/example_dags/example_xcomargs.py
[2023-04-28T06:03:55.199+0000] {logging_mixin.py:137} INFO - [2023-04-28T06:03:55.199+0000] {dag.py:2690} INFO - Sync 2 DAGs
[2023-04-28T06:03:55.215+0000] {logging_mixin.py:137} INFO - [2023-04-28T06:03:55.215+0000] {dag.py:3441} INFO - Setting next_dagrun for example_xcom_args to None, run_after=None
[2023-04-28T06:03:55.217+0000] {logging_mixin.py:137} INFO - [2023-04-28T06:03:55.217+0000] {dag.py:3441} INFO - Setting next_dagrun for example_xcom_args_with_operators to None, run_after=None
[2023-04-28T06:03:55.228+0000] {processor.py:175} INFO - Processing /home/airflow/.local/lib/python3.7/site-packages/airflow/example_dags/example_xcomargs.py took 0.073 seconds
[2023-04-28T06:04:40.659+0000] {processor.py:153} INFO - Started process (PID=15140) to work on /home/airflow/.local/lib/python3.7/site-packages/airflow/example_dags/example_xcomargs.py
[2023-04-28T06:04:40.660+0000] {processor.py:743} INFO - Processing file /home/airflow/.local/lib/python3.7/site-packages/airflow/example_dags/example_xcomargs.py for tasks to queue
[2023-04-28T06:04:40.661+0000] {logging_mixin.py:137} INFO - [2023-04-28T06:04:40.661+0000] {dagbag.py:538} INFO - Filling up the DagBag from /home/airflow/.local/lib/python3.7/site-packages/airflow/example_dags/example_xcomargs.py
[2023-04-28T06:04:40.676+0000] {processor.py:753} INFO - DAG(s) dict_keys(['example_xcom_args_with_operators', 'example_xcom_args']) retrieved from /home/airflow/.local/lib/python3.7/site-packages/airflow/example_dags/example_xcomargs.py
[2023-04-28T06:04:40.698+0000] {logging_mixin.py:137} INFO - [2023-04-28T06:04:40.698+0000] {dag.py:2690} INFO - Sync 2 DAGs
[2023-04-28T06:04:40.713+0000] {logging_mixin.py:137} INFO - [2023-04-28T06:04:40.713+0000] {dag.py:3441} INFO - Setting next_dagrun for example_xcom_args to None, run_after=None
[2023-04-28T06:04:40.715+0000] {logging_mixin.py:137} INFO - [2023-04-28T06:04:40.715+0000] {dag.py:3441} INFO - Setting next_dagrun for example_xcom_args_with_operators to None, run_after=None
[2023-04-28T06:04:40.724+0000] {processor.py:175} INFO - Processing /home/airflow/.local/lib/python3.7/site-packages/airflow/example_dags/example_xcomargs.py took 0.068 seconds
[2023-04-28T06:05:11.185+0000] {processor.py:153} INFO - Started process (PID=15218) to work on /home/airflow/.local/lib/python3.7/site-packages/airflow/example_dags/example_xcomargs.py
[2023-04-28T06:05:11.187+0000] {processor.py:743} INFO - Processing file /home/airflow/.local/lib/python3.7/site-packages/airflow/example_dags/example_xcomargs.py for tasks to queue
[2023-04-28T06:05:11.188+0000] {logging_mixin.py:137} INFO - [2023-04-28T06:05:11.188+0000] {dagbag.py:538} INFO - Filling up the DagBag from /home/airflow/.local/lib/python3.7/site-packages/airflow/example_dags/example_xcomargs.py
[2023-04-28T06:05:11.221+0000] {processor.py:753} INFO - DAG(s) dict_keys(['example_xcom_args_with_operators', 'example_xcom_args']) retrieved from /home/airflow/.local/lib/python3.7/site-packages/airflow/example_dags/example_xcomargs.py
[2023-04-28T06:05:11.256+0000] {logging_mixin.py:137} INFO - [2023-04-28T06:05:11.256+0000] {dag.py:2690} INFO - Sync 2 DAGs
[2023-04-28T06:05:11.281+0000] {logging_mixin.py:137} INFO - [2023-04-28T06:05:11.281+0000] {dag.py:3441} INFO - Setting next_dagrun for example_xcom_args to None, run_after=None
[2023-04-28T06:05:11.284+0000] {logging_mixin.py:137} INFO - [2023-04-28T06:05:11.284+0000] {dag.py:3441} INFO - Setting next_dagrun for example_xcom_args_with_operators to None, run_after=None
[2023-04-28T06:05:11.295+0000] {processor.py:175} INFO - Processing /home/airflow/.local/lib/python3.7/site-packages/airflow/example_dags/example_xcomargs.py took 0.115 seconds
[2023-04-28T06:05:41.802+0000] {processor.py:153} INFO - Started process (PID=15284) to work on /home/airflow/.local/lib/python3.7/site-packages/airflow/example_dags/example_xcomargs.py
[2023-04-28T06:05:41.803+0000] {processor.py:743} INFO - Processing file /home/airflow/.local/lib/python3.7/site-packages/airflow/example_dags/example_xcomargs.py for tasks to queue
[2023-04-28T06:05:41.807+0000] {logging_mixin.py:137} INFO - [2023-04-28T06:05:41.807+0000] {dagbag.py:538} INFO - Filling up the DagBag from /home/airflow/.local/lib/python3.7/site-packages/airflow/example_dags/example_xcomargs.py
[2023-04-28T06:05:41.825+0000] {processor.py:753} INFO - DAG(s) dict_keys(['example_xcom_args_with_operators', 'example_xcom_args']) retrieved from /home/airflow/.local/lib/python3.7/site-packages/airflow/example_dags/example_xcomargs.py
[2023-04-28T06:05:41.846+0000] {logging_mixin.py:137} INFO - [2023-04-28T06:05:41.846+0000] {dag.py:2690} INFO - Sync 2 DAGs
[2023-04-28T06:05:41.861+0000] {logging_mixin.py:137} INFO - [2023-04-28T06:05:41.861+0000] {dag.py:3441} INFO - Setting next_dagrun for example_xcom_args to None, run_after=None
[2023-04-28T06:05:41.864+0000] {logging_mixin.py:137} INFO - [2023-04-28T06:05:41.864+0000] {dag.py:3441} INFO - Setting next_dagrun for example_xcom_args_with_operators to None, run_after=None
[2023-04-28T06:05:41.874+0000] {processor.py:175} INFO - Processing /home/airflow/.local/lib/python3.7/site-packages/airflow/example_dags/example_xcomargs.py took 0.076 seconds
[2023-04-28T06:06:12.080+0000] {processor.py:153} INFO - Started process (PID=15364) to work on /home/airflow/.local/lib/python3.7/site-packages/airflow/example_dags/example_xcomargs.py
[2023-04-28T06:06:12.081+0000] {processor.py:743} INFO - Processing file /home/airflow/.local/lib/python3.7/site-packages/airflow/example_dags/example_xcomargs.py for tasks to queue
[2023-04-28T06:06:12.082+0000] {logging_mixin.py:137} INFO - [2023-04-28T06:06:12.082+0000] {dagbag.py:538} INFO - Filling up the DagBag from /home/airflow/.local/lib/python3.7/site-packages/airflow/example_dags/example_xcomargs.py
[2023-04-28T06:06:12.099+0000] {processor.py:753} INFO - DAG(s) dict_keys(['example_xcom_args_with_operators', 'example_xcom_args']) retrieved from /home/airflow/.local/lib/python3.7/site-packages/airflow/example_dags/example_xcomargs.py
[2023-04-28T06:06:12.121+0000] {logging_mixin.py:137} INFO - [2023-04-28T06:06:12.121+0000] {dag.py:2690} INFO - Sync 2 DAGs
[2023-04-28T06:06:12.137+0000] {logging_mixin.py:137} INFO - [2023-04-28T06:06:12.137+0000] {dag.py:3441} INFO - Setting next_dagrun for example_xcom_args to None, run_after=None
[2023-04-28T06:06:12.139+0000] {logging_mixin.py:137} INFO - [2023-04-28T06:06:12.139+0000] {dag.py:3441} INFO - Setting next_dagrun for example_xcom_args_with_operators to None, run_after=None
[2023-04-28T06:06:12.149+0000] {processor.py:175} INFO - Processing /home/airflow/.local/lib/python3.7/site-packages/airflow/example_dags/example_xcomargs.py took 0.072 seconds
[2023-04-28T06:06:42.564+0000] {processor.py:153} INFO - Started process (PID=15441) to work on /home/airflow/.local/lib/python3.7/site-packages/airflow/example_dags/example_xcomargs.py
[2023-04-28T06:06:42.566+0000] {processor.py:743} INFO - Processing file /home/airflow/.local/lib/python3.7/site-packages/airflow/example_dags/example_xcomargs.py for tasks to queue
[2023-04-28T06:06:42.567+0000] {logging_mixin.py:137} INFO - [2023-04-28T06:06:42.567+0000] {dagbag.py:538} INFO - Filling up the DagBag from /home/airflow/.local/lib/python3.7/site-packages/airflow/example_dags/example_xcomargs.py
[2023-04-28T06:06:42.596+0000] {processor.py:753} INFO - DAG(s) dict_keys(['example_xcom_args_with_operators', 'example_xcom_args']) retrieved from /home/airflow/.local/lib/python3.7/site-packages/airflow/example_dags/example_xcomargs.py
[2023-04-28T06:06:42.619+0000] {logging_mixin.py:137} INFO - [2023-04-28T06:06:42.619+0000] {dag.py:2690} INFO - Sync 2 DAGs
[2023-04-28T06:06:42.638+0000] {logging_mixin.py:137} INFO - [2023-04-28T06:06:42.638+0000] {dag.py:3441} INFO - Setting next_dagrun for example_xcom_args to None, run_after=None
[2023-04-28T06:06:42.641+0000] {logging_mixin.py:137} INFO - [2023-04-28T06:06:42.641+0000] {dag.py:3441} INFO - Setting next_dagrun for example_xcom_args_with_operators to None, run_after=None
[2023-04-28T06:06:42.652+0000] {processor.py:175} INFO - Processing /home/airflow/.local/lib/python3.7/site-packages/airflow/example_dags/example_xcomargs.py took 0.091 seconds
[2023-04-28T06:07:13.153+0000] {processor.py:153} INFO - Started process (PID=15508) to work on /home/airflow/.local/lib/python3.7/site-packages/airflow/example_dags/example_xcomargs.py
[2023-04-28T06:07:13.154+0000] {processor.py:743} INFO - Processing file /home/airflow/.local/lib/python3.7/site-packages/airflow/example_dags/example_xcomargs.py for tasks to queue
[2023-04-28T06:07:13.155+0000] {logging_mixin.py:137} INFO - [2023-04-28T06:07:13.155+0000] {dagbag.py:538} INFO - Filling up the DagBag from /home/airflow/.local/lib/python3.7/site-packages/airflow/example_dags/example_xcomargs.py
[2023-04-28T06:07:13.173+0000] {processor.py:753} INFO - DAG(s) dict_keys(['example_xcom_args', 'example_xcom_args_with_operators']) retrieved from /home/airflow/.local/lib/python3.7/site-packages/airflow/example_dags/example_xcomargs.py
[2023-04-28T06:07:13.196+0000] {logging_mixin.py:137} INFO - [2023-04-28T06:07:13.196+0000] {dag.py:2690} INFO - Sync 2 DAGs
[2023-04-28T06:07:13.211+0000] {logging_mixin.py:137} INFO - [2023-04-28T06:07:13.211+0000] {dag.py:3441} INFO - Setting next_dagrun for example_xcom_args to None, run_after=None
[2023-04-28T06:07:13.214+0000] {logging_mixin.py:137} INFO - [2023-04-28T06:07:13.214+0000] {dag.py:3441} INFO - Setting next_dagrun for example_xcom_args_with_operators to None, run_after=None
[2023-04-28T06:07:13.223+0000] {processor.py:175} INFO - Processing /home/airflow/.local/lib/python3.7/site-packages/airflow/example_dags/example_xcomargs.py took 0.073 seconds
[2023-04-28T06:07:43.588+0000] {processor.py:153} INFO - Started process (PID=15586) to work on /home/airflow/.local/lib/python3.7/site-packages/airflow/example_dags/example_xcomargs.py
[2023-04-28T06:07:43.590+0000] {processor.py:743} INFO - Processing file /home/airflow/.local/lib/python3.7/site-packages/airflow/example_dags/example_xcomargs.py for tasks to queue
[2023-04-28T06:07:43.590+0000] {logging_mixin.py:137} INFO - [2023-04-28T06:07:43.590+0000] {dagbag.py:538} INFO - Filling up the DagBag from /home/airflow/.local/lib/python3.7/site-packages/airflow/example_dags/example_xcomargs.py
[2023-04-28T06:07:43.608+0000] {processor.py:753} INFO - DAG(s) dict_keys(['example_xcom_args_with_operators', 'example_xcom_args']) retrieved from /home/airflow/.local/lib/python3.7/site-packages/airflow/example_dags/example_xcomargs.py
[2023-04-28T06:07:43.630+0000] {logging_mixin.py:137} INFO - [2023-04-28T06:07:43.630+0000] {dag.py:2690} INFO - Sync 2 DAGs
[2023-04-28T06:07:43.646+0000] {logging_mixin.py:137} INFO - [2023-04-28T06:07:43.646+0000] {dag.py:3441} INFO - Setting next_dagrun for example_xcom_args to None, run_after=None
[2023-04-28T06:07:43.649+0000] {logging_mixin.py:137} INFO - [2023-04-28T06:07:43.649+0000] {dag.py:3441} INFO - Setting next_dagrun for example_xcom_args_with_operators to None, run_after=None
[2023-04-28T06:07:43.659+0000] {processor.py:175} INFO - Processing /home/airflow/.local/lib/python3.7/site-packages/airflow/example_dags/example_xcomargs.py took 0.074 seconds
[2023-04-28T06:08:14.064+0000] {processor.py:153} INFO - Started process (PID=15664) to work on /home/airflow/.local/lib/python3.7/site-packages/airflow/example_dags/example_xcomargs.py
[2023-04-28T06:08:14.066+0000] {processor.py:743} INFO - Processing file /home/airflow/.local/lib/python3.7/site-packages/airflow/example_dags/example_xcomargs.py for tasks to queue
[2023-04-28T06:08:14.066+0000] {logging_mixin.py:137} INFO - [2023-04-28T06:08:14.066+0000] {dagbag.py:538} INFO - Filling up the DagBag from /home/airflow/.local/lib/python3.7/site-packages/airflow/example_dags/example_xcomargs.py
[2023-04-28T06:08:14.084+0000] {processor.py:753} INFO - DAG(s) dict_keys(['example_xcom_args_with_operators', 'example_xcom_args']) retrieved from /home/airflow/.local/lib/python3.7/site-packages/airflow/example_dags/example_xcomargs.py
[2023-04-28T06:08:14.106+0000] {logging_mixin.py:137} INFO - [2023-04-28T06:08:14.106+0000] {dag.py:2690} INFO - Sync 2 DAGs
[2023-04-28T06:08:14.123+0000] {logging_mixin.py:137} INFO - [2023-04-28T06:08:14.123+0000] {dag.py:3441} INFO - Setting next_dagrun for example_xcom_args to None, run_after=None
[2023-04-28T06:08:14.126+0000] {logging_mixin.py:137} INFO - [2023-04-28T06:08:14.126+0000] {dag.py:3441} INFO - Setting next_dagrun for example_xcom_args_with_operators to None, run_after=None
[2023-04-28T06:08:14.136+0000] {processor.py:175} INFO - Processing /home/airflow/.local/lib/python3.7/site-packages/airflow/example_dags/example_xcomargs.py took 0.074 seconds
[2023-04-28T06:08:44.534+0000] {processor.py:153} INFO - Started process (PID=15730) to work on /home/airflow/.local/lib/python3.7/site-packages/airflow/example_dags/example_xcomargs.py
[2023-04-28T06:08:44.536+0000] {processor.py:743} INFO - Processing file /home/airflow/.local/lib/python3.7/site-packages/airflow/example_dags/example_xcomargs.py for tasks to queue
[2023-04-28T06:08:44.538+0000] {logging_mixin.py:137} INFO - [2023-04-28T06:08:44.538+0000] {dagbag.py:538} INFO - Filling up the DagBag from /home/airflow/.local/lib/python3.7/site-packages/airflow/example_dags/example_xcomargs.py
[2023-04-28T06:08:44.561+0000] {processor.py:753} INFO - DAG(s) dict_keys(['example_xcom_args', 'example_xcom_args_with_operators']) retrieved from /home/airflow/.local/lib/python3.7/site-packages/airflow/example_dags/example_xcomargs.py
[2023-04-28T06:08:44.588+0000] {logging_mixin.py:137} INFO - [2023-04-28T06:08:44.588+0000] {dag.py:2690} INFO - Sync 2 DAGs
[2023-04-28T06:08:44.605+0000] {logging_mixin.py:137} INFO - [2023-04-28T06:08:44.605+0000] {dag.py:3441} INFO - Setting next_dagrun for example_xcom_args to None, run_after=None
[2023-04-28T06:08:44.608+0000] {logging_mixin.py:137} INFO - [2023-04-28T06:08:44.608+0000] {dag.py:3441} INFO - Setting next_dagrun for example_xcom_args_with_operators to None, run_after=None
[2023-04-28T06:08:44.618+0000] {processor.py:175} INFO - Processing /home/airflow/.local/lib/python3.7/site-packages/airflow/example_dags/example_xcomargs.py took 0.089 seconds
[2023-04-28T06:09:15.006+0000] {processor.py:153} INFO - Started process (PID=15808) to work on /home/airflow/.local/lib/python3.7/site-packages/airflow/example_dags/example_xcomargs.py
[2023-04-28T06:09:15.007+0000] {processor.py:743} INFO - Processing file /home/airflow/.local/lib/python3.7/site-packages/airflow/example_dags/example_xcomargs.py for tasks to queue
[2023-04-28T06:09:15.008+0000] {logging_mixin.py:137} INFO - [2023-04-28T06:09:15.008+0000] {dagbag.py:538} INFO - Filling up the DagBag from /home/airflow/.local/lib/python3.7/site-packages/airflow/example_dags/example_xcomargs.py
[2023-04-28T06:09:15.026+0000] {processor.py:753} INFO - DAG(s) dict_keys(['example_xcom_args_with_operators', 'example_xcom_args']) retrieved from /home/airflow/.local/lib/python3.7/site-packages/airflow/example_dags/example_xcomargs.py
[2023-04-28T06:09:15.049+0000] {logging_mixin.py:137} INFO - [2023-04-28T06:09:15.049+0000] {dag.py:2690} INFO - Sync 2 DAGs
[2023-04-28T06:09:15.065+0000] {logging_mixin.py:137} INFO - [2023-04-28T06:09:15.065+0000] {dag.py:3441} INFO - Setting next_dagrun for example_xcom_args to None, run_after=None
[2023-04-28T06:09:15.068+0000] {logging_mixin.py:137} INFO - [2023-04-28T06:09:15.068+0000] {dag.py:3441} INFO - Setting next_dagrun for example_xcom_args_with_operators to None, run_after=None
[2023-04-28T06:09:15.079+0000] {processor.py:175} INFO - Processing /home/airflow/.local/lib/python3.7/site-packages/airflow/example_dags/example_xcomargs.py took 0.076 seconds
[2023-04-28T06:09:45.871+0000] {processor.py:153} INFO - Started process (PID=15887) to work on /home/airflow/.local/lib/python3.7/site-packages/airflow/example_dags/example_xcomargs.py
[2023-04-28T06:09:45.872+0000] {processor.py:743} INFO - Processing file /home/airflow/.local/lib/python3.7/site-packages/airflow/example_dags/example_xcomargs.py for tasks to queue
[2023-04-28T06:09:45.873+0000] {logging_mixin.py:137} INFO - [2023-04-28T06:09:45.873+0000] {dagbag.py:538} INFO - Filling up the DagBag from /home/airflow/.local/lib/python3.7/site-packages/airflow/example_dags/example_xcomargs.py
[2023-04-28T06:09:45.892+0000] {processor.py:753} INFO - DAG(s) dict_keys(['example_xcom_args', 'example_xcom_args_with_operators']) retrieved from /home/airflow/.local/lib/python3.7/site-packages/airflow/example_dags/example_xcomargs.py
[2023-04-28T06:09:45.918+0000] {logging_mixin.py:137} INFO - [2023-04-28T06:09:45.918+0000] {dag.py:2690} INFO - Sync 2 DAGs
[2023-04-28T06:09:45.945+0000] {logging_mixin.py:137} INFO - [2023-04-28T06:09:45.945+0000] {dag.py:3441} INFO - Setting next_dagrun for example_xcom_args to None, run_after=None
[2023-04-28T06:09:45.949+0000] {logging_mixin.py:137} INFO - [2023-04-28T06:09:45.949+0000] {dag.py:3441} INFO - Setting next_dagrun for example_xcom_args_with_operators to None, run_after=None
[2023-04-28T06:09:45.963+0000] {processor.py:175} INFO - Processing /home/airflow/.local/lib/python3.7/site-packages/airflow/example_dags/example_xcomargs.py took 0.095 seconds
[2023-04-28T06:10:16.349+0000] {processor.py:153} INFO - Started process (PID=15952) to work on /home/airflow/.local/lib/python3.7/site-packages/airflow/example_dags/example_xcomargs.py
[2023-04-28T06:10:16.351+0000] {processor.py:743} INFO - Processing file /home/airflow/.local/lib/python3.7/site-packages/airflow/example_dags/example_xcomargs.py for tasks to queue
[2023-04-28T06:10:16.351+0000] {logging_mixin.py:137} INFO - [2023-04-28T06:10:16.351+0000] {dagbag.py:538} INFO - Filling up the DagBag from /home/airflow/.local/lib/python3.7/site-packages/airflow/example_dags/example_xcomargs.py
[2023-04-28T06:10:16.370+0000] {processor.py:753} INFO - DAG(s) dict_keys(['example_xcom_args_with_operators', 'example_xcom_args']) retrieved from /home/airflow/.local/lib/python3.7/site-packages/airflow/example_dags/example_xcomargs.py
[2023-04-28T06:10:16.393+0000] {logging_mixin.py:137} INFO - [2023-04-28T06:10:16.392+0000] {dag.py:2690} INFO - Sync 2 DAGs
[2023-04-28T06:10:16.409+0000] {logging_mixin.py:137} INFO - [2023-04-28T06:10:16.409+0000] {dag.py:3441} INFO - Setting next_dagrun for example_xcom_args to None, run_after=None
[2023-04-28T06:10:16.412+0000] {logging_mixin.py:137} INFO - [2023-04-28T06:10:16.412+0000] {dag.py:3441} INFO - Setting next_dagrun for example_xcom_args_with_operators to None, run_after=None
[2023-04-28T06:10:16.422+0000] {processor.py:175} INFO - Processing /home/airflow/.local/lib/python3.7/site-packages/airflow/example_dags/example_xcomargs.py took 0.075 seconds
[2023-04-28T06:10:46.729+0000] {processor.py:153} INFO - Started process (PID=16030) to work on /home/airflow/.local/lib/python3.7/site-packages/airflow/example_dags/example_xcomargs.py
[2023-04-28T06:10:46.730+0000] {processor.py:743} INFO - Processing file /home/airflow/.local/lib/python3.7/site-packages/airflow/example_dags/example_xcomargs.py for tasks to queue
[2023-04-28T06:10:46.731+0000] {logging_mixin.py:137} INFO - [2023-04-28T06:10:46.731+0000] {dagbag.py:538} INFO - Filling up the DagBag from /home/airflow/.local/lib/python3.7/site-packages/airflow/example_dags/example_xcomargs.py
[2023-04-28T06:10:46.749+0000] {processor.py:753} INFO - DAG(s) dict_keys(['example_xcom_args_with_operators', 'example_xcom_args']) retrieved from /home/airflow/.local/lib/python3.7/site-packages/airflow/example_dags/example_xcomargs.py
[2023-04-28T06:10:46.772+0000] {logging_mixin.py:137} INFO - [2023-04-28T06:10:46.772+0000] {dag.py:2690} INFO - Sync 2 DAGs
[2023-04-28T06:10:46.788+0000] {logging_mixin.py:137} INFO - [2023-04-28T06:10:46.788+0000] {dag.py:3441} INFO - Setting next_dagrun for example_xcom_args to None, run_after=None
[2023-04-28T06:10:46.791+0000] {logging_mixin.py:137} INFO - [2023-04-28T06:10:46.791+0000] {dag.py:3441} INFO - Setting next_dagrun for example_xcom_args_with_operators to None, run_after=None
[2023-04-28T06:10:46.801+0000] {processor.py:175} INFO - Processing /home/airflow/.local/lib/python3.7/site-packages/airflow/example_dags/example_xcomargs.py took 0.075 seconds
[2023-04-28T06:11:17.247+0000] {processor.py:153} INFO - Started process (PID=16108) to work on /home/airflow/.local/lib/python3.7/site-packages/airflow/example_dags/example_xcomargs.py
[2023-04-28T06:11:17.248+0000] {processor.py:743} INFO - Processing file /home/airflow/.local/lib/python3.7/site-packages/airflow/example_dags/example_xcomargs.py for tasks to queue
[2023-04-28T06:11:17.250+0000] {logging_mixin.py:137} INFO - [2023-04-28T06:11:17.249+0000] {dagbag.py:538} INFO - Filling up the DagBag from /home/airflow/.local/lib/python3.7/site-packages/airflow/example_dags/example_xcomargs.py
[2023-04-28T06:11:17.276+0000] {processor.py:753} INFO - DAG(s) dict_keys(['example_xcom_args_with_operators', 'example_xcom_args']) retrieved from /home/airflow/.local/lib/python3.7/site-packages/airflow/example_dags/example_xcomargs.py
[2023-04-28T06:11:17.308+0000] {logging_mixin.py:137} INFO - [2023-04-28T06:11:17.308+0000] {dag.py:2690} INFO - Sync 2 DAGs
[2023-04-28T06:11:17.333+0000] {logging_mixin.py:137} INFO - [2023-04-28T06:11:17.333+0000] {dag.py:3441} INFO - Setting next_dagrun for example_xcom_args to None, run_after=None
[2023-04-28T06:11:17.337+0000] {logging_mixin.py:137} INFO - [2023-04-28T06:11:17.337+0000] {dag.py:3441} INFO - Setting next_dagrun for example_xcom_args_with_operators to None, run_after=None
[2023-04-28T06:11:17.350+0000] {processor.py:175} INFO - Processing /home/airflow/.local/lib/python3.7/site-packages/airflow/example_dags/example_xcomargs.py took 0.107 seconds
[2023-04-28T06:11:47.683+0000] {processor.py:153} INFO - Started process (PID=16174) to work on /home/airflow/.local/lib/python3.7/site-packages/airflow/example_dags/example_xcomargs.py
[2023-04-28T06:11:47.684+0000] {processor.py:743} INFO - Processing file /home/airflow/.local/lib/python3.7/site-packages/airflow/example_dags/example_xcomargs.py for tasks to queue
[2023-04-28T06:11:47.685+0000] {logging_mixin.py:137} INFO - [2023-04-28T06:11:47.685+0000] {dagbag.py:538} INFO - Filling up the DagBag from /home/airflow/.local/lib/python3.7/site-packages/airflow/example_dags/example_xcomargs.py
[2023-04-28T06:11:47.703+0000] {processor.py:753} INFO - DAG(s) dict_keys(['example_xcom_args_with_operators', 'example_xcom_args']) retrieved from /home/airflow/.local/lib/python3.7/site-packages/airflow/example_dags/example_xcomargs.py
[2023-04-28T06:11:47.725+0000] {logging_mixin.py:137} INFO - [2023-04-28T06:11:47.725+0000] {dag.py:2690} INFO - Sync 2 DAGs
[2023-04-28T06:11:47.740+0000] {logging_mixin.py:137} INFO - [2023-04-28T06:11:47.740+0000] {dag.py:3441} INFO - Setting next_dagrun for example_xcom_args to None, run_after=None
[2023-04-28T06:11:47.743+0000] {logging_mixin.py:137} INFO - [2023-04-28T06:11:47.742+0000] {dag.py:3441} INFO - Setting next_dagrun for example_xcom_args_with_operators to None, run_after=None
[2023-04-28T06:11:47.752+0000] {processor.py:175} INFO - Processing /home/airflow/.local/lib/python3.7/site-packages/airflow/example_dags/example_xcomargs.py took 0.073 seconds
[2023-04-28T06:12:18.408+0000] {processor.py:153} INFO - Started process (PID=16252) to work on /home/airflow/.local/lib/python3.7/site-packages/airflow/example_dags/example_xcomargs.py
[2023-04-28T06:12:18.409+0000] {processor.py:743} INFO - Processing file /home/airflow/.local/lib/python3.7/site-packages/airflow/example_dags/example_xcomargs.py for tasks to queue
[2023-04-28T06:12:18.410+0000] {logging_mixin.py:137} INFO - [2023-04-28T06:12:18.410+0000] {dagbag.py:538} INFO - Filling up the DagBag from /home/airflow/.local/lib/python3.7/site-packages/airflow/example_dags/example_xcomargs.py
[2023-04-28T06:12:18.428+0000] {processor.py:753} INFO - DAG(s) dict_keys(['example_xcom_args', 'example_xcom_args_with_operators']) retrieved from /home/airflow/.local/lib/python3.7/site-packages/airflow/example_dags/example_xcomargs.py
[2023-04-28T06:12:18.450+0000] {logging_mixin.py:137} INFO - [2023-04-28T06:12:18.450+0000] {dag.py:2690} INFO - Sync 2 DAGs
[2023-04-28T06:12:18.467+0000] {logging_mixin.py:137} INFO - [2023-04-28T06:12:18.467+0000] {dag.py:3441} INFO - Setting next_dagrun for example_xcom_args to None, run_after=None
[2023-04-28T06:12:18.470+0000] {logging_mixin.py:137} INFO - [2023-04-28T06:12:18.470+0000] {dag.py:3441} INFO - Setting next_dagrun for example_xcom_args_with_operators to None, run_after=None
[2023-04-28T06:12:18.480+0000] {processor.py:175} INFO - Processing /home/airflow/.local/lib/python3.7/site-packages/airflow/example_dags/example_xcomargs.py took 0.075 seconds
[2023-04-28T06:12:49.073+0000] {processor.py:153} INFO - Started process (PID=16329) to work on /home/airflow/.local/lib/python3.7/site-packages/airflow/example_dags/example_xcomargs.py
[2023-04-28T06:12:49.074+0000] {processor.py:743} INFO - Processing file /home/airflow/.local/lib/python3.7/site-packages/airflow/example_dags/example_xcomargs.py for tasks to queue
[2023-04-28T06:12:49.075+0000] {logging_mixin.py:137} INFO - [2023-04-28T06:12:49.075+0000] {dagbag.py:538} INFO - Filling up the DagBag from /home/airflow/.local/lib/python3.7/site-packages/airflow/example_dags/example_xcomargs.py
[2023-04-28T06:12:49.094+0000] {processor.py:753} INFO - DAG(s) dict_keys(['example_xcom_args', 'example_xcom_args_with_operators']) retrieved from /home/airflow/.local/lib/python3.7/site-packages/airflow/example_dags/example_xcomargs.py
[2023-04-28T06:12:49.118+0000] {logging_mixin.py:137} INFO - [2023-04-28T06:12:49.118+0000] {dag.py:2690} INFO - Sync 2 DAGs
[2023-04-28T06:12:49.134+0000] {logging_mixin.py:137} INFO - [2023-04-28T06:12:49.134+0000] {dag.py:3441} INFO - Setting next_dagrun for example_xcom_args to None, run_after=None
[2023-04-28T06:12:49.138+0000] {logging_mixin.py:137} INFO - [2023-04-28T06:12:49.138+0000] {dag.py:3441} INFO - Setting next_dagrun for example_xcom_args_with_operators to None, run_after=None
[2023-04-28T06:12:49.149+0000] {processor.py:175} INFO - Processing /home/airflow/.local/lib/python3.7/site-packages/airflow/example_dags/example_xcomargs.py took 0.079 seconds
[2023-04-28T06:13:19.458+0000] {processor.py:153} INFO - Started process (PID=16396) to work on /home/airflow/.local/lib/python3.7/site-packages/airflow/example_dags/example_xcomargs.py
[2023-04-28T06:13:19.460+0000] {processor.py:743} INFO - Processing file /home/airflow/.local/lib/python3.7/site-packages/airflow/example_dags/example_xcomargs.py for tasks to queue
[2023-04-28T06:13:19.461+0000] {logging_mixin.py:137} INFO - [2023-04-28T06:13:19.461+0000] {dagbag.py:538} INFO - Filling up the DagBag from /home/airflow/.local/lib/python3.7/site-packages/airflow/example_dags/example_xcomargs.py
[2023-04-28T06:13:19.499+0000] {processor.py:753} INFO - DAG(s) dict_keys(['example_xcom_args_with_operators', 'example_xcom_args']) retrieved from /home/airflow/.local/lib/python3.7/site-packages/airflow/example_dags/example_xcomargs.py
[2023-04-28T06:13:19.522+0000] {logging_mixin.py:137} INFO - [2023-04-28T06:13:19.522+0000] {dag.py:2690} INFO - Sync 2 DAGs
[2023-04-28T06:13:19.539+0000] {logging_mixin.py:137} INFO - [2023-04-28T06:13:19.539+0000] {dag.py:3441} INFO - Setting next_dagrun for example_xcom_args to None, run_after=None
[2023-04-28T06:13:19.543+0000] {logging_mixin.py:137} INFO - [2023-04-28T06:13:19.543+0000] {dag.py:3441} INFO - Setting next_dagrun for example_xcom_args_with_operators to None, run_after=None
[2023-04-28T06:13:19.554+0000] {processor.py:175} INFO - Processing /home/airflow/.local/lib/python3.7/site-packages/airflow/example_dags/example_xcomargs.py took 0.099 seconds
[2023-04-28T06:13:49.909+0000] {processor.py:153} INFO - Started process (PID=16474) to work on /home/airflow/.local/lib/python3.7/site-packages/airflow/example_dags/example_xcomargs.py
[2023-04-28T06:13:49.910+0000] {processor.py:743} INFO - Processing file /home/airflow/.local/lib/python3.7/site-packages/airflow/example_dags/example_xcomargs.py for tasks to queue
[2023-04-28T06:13:49.911+0000] {logging_mixin.py:137} INFO - [2023-04-28T06:13:49.911+0000] {dagbag.py:538} INFO - Filling up the DagBag from /home/airflow/.local/lib/python3.7/site-packages/airflow/example_dags/example_xcomargs.py
[2023-04-28T06:13:49.929+0000] {processor.py:753} INFO - DAG(s) dict_keys(['example_xcom_args', 'example_xcom_args_with_operators']) retrieved from /home/airflow/.local/lib/python3.7/site-packages/airflow/example_dags/example_xcomargs.py
[2023-04-28T06:13:49.952+0000] {logging_mixin.py:137} INFO - [2023-04-28T06:13:49.951+0000] {dag.py:2690} INFO - Sync 2 DAGs
[2023-04-28T06:13:49.967+0000] {logging_mixin.py:137} INFO - [2023-04-28T06:13:49.967+0000] {dag.py:3441} INFO - Setting next_dagrun for example_xcom_args to None, run_after=None
[2023-04-28T06:13:49.969+0000] {logging_mixin.py:137} INFO - [2023-04-28T06:13:49.969+0000] {dag.py:3441} INFO - Setting next_dagrun for example_xcom_args_with_operators to None, run_after=None
[2023-04-28T06:13:49.979+0000] {processor.py:175} INFO - Processing /home/airflow/.local/lib/python3.7/site-packages/airflow/example_dags/example_xcomargs.py took 0.073 seconds
[2023-04-28T06:14:20.342+0000] {processor.py:153} INFO - Started process (PID=16552) to work on /home/airflow/.local/lib/python3.7/site-packages/airflow/example_dags/example_xcomargs.py
[2023-04-28T06:14:20.343+0000] {processor.py:743} INFO - Processing file /home/airflow/.local/lib/python3.7/site-packages/airflow/example_dags/example_xcomargs.py for tasks to queue
[2023-04-28T06:14:20.344+0000] {logging_mixin.py:137} INFO - [2023-04-28T06:14:20.344+0000] {dagbag.py:538} INFO - Filling up the DagBag from /home/airflow/.local/lib/python3.7/site-packages/airflow/example_dags/example_xcomargs.py
[2023-04-28T06:14:20.362+0000] {processor.py:753} INFO - DAG(s) dict_keys(['example_xcom_args_with_operators', 'example_xcom_args']) retrieved from /home/airflow/.local/lib/python3.7/site-packages/airflow/example_dags/example_xcomargs.py
[2023-04-28T06:14:20.384+0000] {logging_mixin.py:137} INFO - [2023-04-28T06:14:20.384+0000] {dag.py:2690} INFO - Sync 2 DAGs
[2023-04-28T06:14:20.400+0000] {logging_mixin.py:137} INFO - [2023-04-28T06:14:20.400+0000] {dag.py:3441} INFO - Setting next_dagrun for example_xcom_args to None, run_after=None
[2023-04-28T06:14:20.403+0000] {logging_mixin.py:137} INFO - [2023-04-28T06:14:20.402+0000] {dag.py:3441} INFO - Setting next_dagrun for example_xcom_args_with_operators to None, run_after=None
[2023-04-28T06:14:20.412+0000] {processor.py:175} INFO - Processing /home/airflow/.local/lib/python3.7/site-packages/airflow/example_dags/example_xcomargs.py took 0.073 seconds
[2023-04-28T06:14:50.681+0000] {processor.py:153} INFO - Started process (PID=16617) to work on /home/airflow/.local/lib/python3.7/site-packages/airflow/example_dags/example_xcomargs.py
[2023-04-28T06:14:50.682+0000] {processor.py:743} INFO - Processing file /home/airflow/.local/lib/python3.7/site-packages/airflow/example_dags/example_xcomargs.py for tasks to queue
[2023-04-28T06:14:50.682+0000] {logging_mixin.py:137} INFO - [2023-04-28T06:14:50.682+0000] {dagbag.py:538} INFO - Filling up the DagBag from /home/airflow/.local/lib/python3.7/site-packages/airflow/example_dags/example_xcomargs.py
[2023-04-28T06:14:50.700+0000] {processor.py:753} INFO - DAG(s) dict_keys(['example_xcom_args', 'example_xcom_args_with_operators']) retrieved from /home/airflow/.local/lib/python3.7/site-packages/airflow/example_dags/example_xcomargs.py
[2023-04-28T06:14:50.722+0000] {logging_mixin.py:137} INFO - [2023-04-28T06:14:50.722+0000] {dag.py:2690} INFO - Sync 2 DAGs
[2023-04-28T06:14:50.738+0000] {logging_mixin.py:137} INFO - [2023-04-28T06:14:50.738+0000] {dag.py:3441} INFO - Setting next_dagrun for example_xcom_args to None, run_after=None
[2023-04-28T06:14:50.740+0000] {logging_mixin.py:137} INFO - [2023-04-28T06:14:50.740+0000] {dag.py:3441} INFO - Setting next_dagrun for example_xcom_args_with_operators to None, run_after=None
[2023-04-28T06:14:50.750+0000] {processor.py:175} INFO - Processing /home/airflow/.local/lib/python3.7/site-packages/airflow/example_dags/example_xcomargs.py took 0.072 seconds
[2023-04-28T06:15:21.242+0000] {processor.py:153} INFO - Started process (PID=16695) to work on /home/airflow/.local/lib/python3.7/site-packages/airflow/example_dags/example_xcomargs.py
[2023-04-28T06:15:21.244+0000] {processor.py:743} INFO - Processing file /home/airflow/.local/lib/python3.7/site-packages/airflow/example_dags/example_xcomargs.py for tasks to queue
[2023-04-28T06:15:21.244+0000] {logging_mixin.py:137} INFO - [2023-04-28T06:15:21.244+0000] {dagbag.py:538} INFO - Filling up the DagBag from /home/airflow/.local/lib/python3.7/site-packages/airflow/example_dags/example_xcomargs.py
[2023-04-28T06:15:21.262+0000] {processor.py:753} INFO - DAG(s) dict_keys(['example_xcom_args', 'example_xcom_args_with_operators']) retrieved from /home/airflow/.local/lib/python3.7/site-packages/airflow/example_dags/example_xcomargs.py
[2023-04-28T06:15:21.285+0000] {logging_mixin.py:137} INFO - [2023-04-28T06:15:21.285+0000] {dag.py:2690} INFO - Sync 2 DAGs
[2023-04-28T06:15:21.300+0000] {logging_mixin.py:137} INFO - [2023-04-28T06:15:21.300+0000] {dag.py:3441} INFO - Setting next_dagrun for example_xcom_args to None, run_after=None
[2023-04-28T06:15:21.303+0000] {logging_mixin.py:137} INFO - [2023-04-28T06:15:21.303+0000] {dag.py:3441} INFO - Setting next_dagrun for example_xcom_args_with_operators to None, run_after=None
[2023-04-28T06:15:21.313+0000] {processor.py:175} INFO - Processing /home/airflow/.local/lib/python3.7/site-packages/airflow/example_dags/example_xcomargs.py took 0.074 seconds
[2023-04-28T06:15:51.617+0000] {processor.py:153} INFO - Started process (PID=16772) to work on /home/airflow/.local/lib/python3.7/site-packages/airflow/example_dags/example_xcomargs.py
[2023-04-28T06:15:51.618+0000] {processor.py:743} INFO - Processing file /home/airflow/.local/lib/python3.7/site-packages/airflow/example_dags/example_xcomargs.py for tasks to queue
[2023-04-28T06:15:51.619+0000] {logging_mixin.py:137} INFO - [2023-04-28T06:15:51.619+0000] {dagbag.py:538} INFO - Filling up the DagBag from /home/airflow/.local/lib/python3.7/site-packages/airflow/example_dags/example_xcomargs.py
[2023-04-28T06:15:51.637+0000] {processor.py:753} INFO - DAG(s) dict_keys(['example_xcom_args_with_operators', 'example_xcom_args']) retrieved from /home/airflow/.local/lib/python3.7/site-packages/airflow/example_dags/example_xcomargs.py
[2023-04-28T06:15:51.659+0000] {logging_mixin.py:137} INFO - [2023-04-28T06:15:51.659+0000] {dag.py:2690} INFO - Sync 2 DAGs
[2023-04-28T06:15:51.675+0000] {logging_mixin.py:137} INFO - [2023-04-28T06:15:51.675+0000] {dag.py:3441} INFO - Setting next_dagrun for example_xcom_args to None, run_after=None
[2023-04-28T06:15:51.677+0000] {logging_mixin.py:137} INFO - [2023-04-28T06:15:51.677+0000] {dag.py:3441} INFO - Setting next_dagrun for example_xcom_args_with_operators to None, run_after=None
[2023-04-28T06:15:51.687+0000] {processor.py:175} INFO - Processing /home/airflow/.local/lib/python3.7/site-packages/airflow/example_dags/example_xcomargs.py took 0.072 seconds
[2023-04-28T06:16:21.868+0000] {processor.py:153} INFO - Started process (PID=16837) to work on /home/airflow/.local/lib/python3.7/site-packages/airflow/example_dags/example_xcomargs.py
[2023-04-28T06:16:21.869+0000] {processor.py:743} INFO - Processing file /home/airflow/.local/lib/python3.7/site-packages/airflow/example_dags/example_xcomargs.py for tasks to queue
[2023-04-28T06:16:21.870+0000] {logging_mixin.py:137} INFO - [2023-04-28T06:16:21.870+0000] {dagbag.py:538} INFO - Filling up the DagBag from /home/airflow/.local/lib/python3.7/site-packages/airflow/example_dags/example_xcomargs.py
[2023-04-28T06:16:21.888+0000] {processor.py:753} INFO - DAG(s) dict_keys(['example_xcom_args', 'example_xcom_args_with_operators']) retrieved from /home/airflow/.local/lib/python3.7/site-packages/airflow/example_dags/example_xcomargs.py
[2023-04-28T06:16:21.912+0000] {logging_mixin.py:137} INFO - [2023-04-28T06:16:21.912+0000] {dag.py:2690} INFO - Sync 2 DAGs
[2023-04-28T06:16:21.928+0000] {logging_mixin.py:137} INFO - [2023-04-28T06:16:21.928+0000] {dag.py:3441} INFO - Setting next_dagrun for example_xcom_args to None, run_after=None
[2023-04-28T06:16:21.931+0000] {logging_mixin.py:137} INFO - [2023-04-28T06:16:21.931+0000] {dag.py:3441} INFO - Setting next_dagrun for example_xcom_args_with_operators to None, run_after=None
[2023-04-28T06:16:21.941+0000] {processor.py:175} INFO - Processing /home/airflow/.local/lib/python3.7/site-packages/airflow/example_dags/example_xcomargs.py took 0.076 seconds
[2023-04-28T06:16:52.221+0000] {processor.py:153} INFO - Started process (PID=16915) to work on /home/airflow/.local/lib/python3.7/site-packages/airflow/example_dags/example_xcomargs.py
[2023-04-28T06:16:52.222+0000] {processor.py:743} INFO - Processing file /home/airflow/.local/lib/python3.7/site-packages/airflow/example_dags/example_xcomargs.py for tasks to queue
[2023-04-28T06:16:52.223+0000] {logging_mixin.py:137} INFO - [2023-04-28T06:16:52.223+0000] {dagbag.py:538} INFO - Filling up the DagBag from /home/airflow/.local/lib/python3.7/site-packages/airflow/example_dags/example_xcomargs.py
[2023-04-28T06:16:52.243+0000] {processor.py:753} INFO - DAG(s) dict_keys(['example_xcom_args_with_operators', 'example_xcom_args']) retrieved from /home/airflow/.local/lib/python3.7/site-packages/airflow/example_dags/example_xcomargs.py
[2023-04-28T06:16:52.266+0000] {logging_mixin.py:137} INFO - [2023-04-28T06:16:52.265+0000] {dag.py:2690} INFO - Sync 2 DAGs
[2023-04-28T06:16:52.283+0000] {logging_mixin.py:137} INFO - [2023-04-28T06:16:52.282+0000] {dag.py:3441} INFO - Setting next_dagrun for example_xcom_args to None, run_after=None
[2023-04-28T06:16:52.286+0000] {logging_mixin.py:137} INFO - [2023-04-28T06:16:52.286+0000] {dag.py:3441} INFO - Setting next_dagrun for example_xcom_args_with_operators to None, run_after=None
[2023-04-28T06:16:52.297+0000] {processor.py:175} INFO - Processing /home/airflow/.local/lib/python3.7/site-packages/airflow/example_dags/example_xcomargs.py took 0.082 seconds
[2023-04-28T06:17:22.800+0000] {processor.py:153} INFO - Started process (PID=16993) to work on /home/airflow/.local/lib/python3.7/site-packages/airflow/example_dags/example_xcomargs.py
[2023-04-28T06:17:22.801+0000] {processor.py:743} INFO - Processing file /home/airflow/.local/lib/python3.7/site-packages/airflow/example_dags/example_xcomargs.py for tasks to queue
[2023-04-28T06:17:22.802+0000] {logging_mixin.py:137} INFO - [2023-04-28T06:17:22.801+0000] {dagbag.py:538} INFO - Filling up the DagBag from /home/airflow/.local/lib/python3.7/site-packages/airflow/example_dags/example_xcomargs.py
[2023-04-28T06:17:22.819+0000] {processor.py:753} INFO - DAG(s) dict_keys(['example_xcom_args', 'example_xcom_args_with_operators']) retrieved from /home/airflow/.local/lib/python3.7/site-packages/airflow/example_dags/example_xcomargs.py
[2023-04-28T06:17:22.841+0000] {logging_mixin.py:137} INFO - [2023-04-28T06:17:22.841+0000] {dag.py:2690} INFO - Sync 2 DAGs
[2023-04-28T06:17:22.856+0000] {logging_mixin.py:137} INFO - [2023-04-28T06:17:22.856+0000] {dag.py:3441} INFO - Setting next_dagrun for example_xcom_args to None, run_after=None
[2023-04-28T06:17:22.859+0000] {logging_mixin.py:137} INFO - [2023-04-28T06:17:22.859+0000] {dag.py:3441} INFO - Setting next_dagrun for example_xcom_args_with_operators to None, run_after=None
[2023-04-28T06:17:22.868+0000] {processor.py:175} INFO - Processing /home/airflow/.local/lib/python3.7/site-packages/airflow/example_dags/example_xcomargs.py took 0.072 seconds
[2023-04-28T06:17:53.142+0000] {processor.py:153} INFO - Started process (PID=17059) to work on /home/airflow/.local/lib/python3.7/site-packages/airflow/example_dags/example_xcomargs.py
[2023-04-28T06:17:53.143+0000] {processor.py:743} INFO - Processing file /home/airflow/.local/lib/python3.7/site-packages/airflow/example_dags/example_xcomargs.py for tasks to queue
[2023-04-28T06:17:53.144+0000] {logging_mixin.py:137} INFO - [2023-04-28T06:17:53.144+0000] {dagbag.py:538} INFO - Filling up the DagBag from /home/airflow/.local/lib/python3.7/site-packages/airflow/example_dags/example_xcomargs.py
[2023-04-28T06:17:53.162+0000] {processor.py:753} INFO - DAG(s) dict_keys(['example_xcom_args_with_operators', 'example_xcom_args']) retrieved from /home/airflow/.local/lib/python3.7/site-packages/airflow/example_dags/example_xcomargs.py
[2023-04-28T06:17:53.183+0000] {logging_mixin.py:137} INFO - [2023-04-28T06:17:53.183+0000] {dag.py:2690} INFO - Sync 2 DAGs
[2023-04-28T06:17:53.198+0000] {logging_mixin.py:137} INFO - [2023-04-28T06:17:53.198+0000] {dag.py:3441} INFO - Setting next_dagrun for example_xcom_args to None, run_after=None
[2023-04-28T06:17:53.201+0000] {logging_mixin.py:137} INFO - [2023-04-28T06:17:53.201+0000] {dag.py:3441} INFO - Setting next_dagrun for example_xcom_args_with_operators to None, run_after=None
[2023-04-28T06:17:53.211+0000] {processor.py:175} INFO - Processing /home/airflow/.local/lib/python3.7/site-packages/airflow/example_dags/example_xcomargs.py took 0.072 seconds
[2023-04-28T06:18:23.789+0000] {processor.py:153} INFO - Started process (PID=17137) to work on /home/airflow/.local/lib/python3.7/site-packages/airflow/example_dags/example_xcomargs.py
[2023-04-28T06:18:23.790+0000] {processor.py:743} INFO - Processing file /home/airflow/.local/lib/python3.7/site-packages/airflow/example_dags/example_xcomargs.py for tasks to queue
[2023-04-28T06:18:23.791+0000] {logging_mixin.py:137} INFO - [2023-04-28T06:18:23.791+0000] {dagbag.py:538} INFO - Filling up the DagBag from /home/airflow/.local/lib/python3.7/site-packages/airflow/example_dags/example_xcomargs.py
[2023-04-28T06:18:23.809+0000] {processor.py:753} INFO - DAG(s) dict_keys(['example_xcom_args', 'example_xcom_args_with_operators']) retrieved from /home/airflow/.local/lib/python3.7/site-packages/airflow/example_dags/example_xcomargs.py
[2023-04-28T06:18:23.833+0000] {logging_mixin.py:137} INFO - [2023-04-28T06:18:23.832+0000] {dag.py:2690} INFO - Sync 2 DAGs
[2023-04-28T06:18:23.849+0000] {logging_mixin.py:137} INFO - [2023-04-28T06:18:23.849+0000] {dag.py:3441} INFO - Setting next_dagrun for example_xcom_args to None, run_after=None
[2023-04-28T06:18:23.852+0000] {logging_mixin.py:137} INFO - [2023-04-28T06:18:23.852+0000] {dag.py:3441} INFO - Setting next_dagrun for example_xcom_args_with_operators to None, run_after=None
[2023-04-28T06:18:23.862+0000] {processor.py:175} INFO - Processing /home/airflow/.local/lib/python3.7/site-packages/airflow/example_dags/example_xcomargs.py took 0.076 seconds
[2023-04-28T06:18:54.100+0000] {processor.py:153} INFO - Started process (PID=17215) to work on /home/airflow/.local/lib/python3.7/site-packages/airflow/example_dags/example_xcomargs.py
[2023-04-28T06:18:54.101+0000] {processor.py:743} INFO - Processing file /home/airflow/.local/lib/python3.7/site-packages/airflow/example_dags/example_xcomargs.py for tasks to queue
[2023-04-28T06:18:54.102+0000] {logging_mixin.py:137} INFO - [2023-04-28T06:18:54.102+0000] {dagbag.py:538} INFO - Filling up the DagBag from /home/airflow/.local/lib/python3.7/site-packages/airflow/example_dags/example_xcomargs.py
[2023-04-28T06:18:54.120+0000] {processor.py:753} INFO - DAG(s) dict_keys(['example_xcom_args_with_operators', 'example_xcom_args']) retrieved from /home/airflow/.local/lib/python3.7/site-packages/airflow/example_dags/example_xcomargs.py
[2023-04-28T06:18:54.143+0000] {logging_mixin.py:137} INFO - [2023-04-28T06:18:54.143+0000] {dag.py:2690} INFO - Sync 2 DAGs
[2023-04-28T06:18:54.158+0000] {logging_mixin.py:137} INFO - [2023-04-28T06:18:54.158+0000] {dag.py:3441} INFO - Setting next_dagrun for example_xcom_args to None, run_after=None
[2023-04-28T06:18:54.161+0000] {logging_mixin.py:137} INFO - [2023-04-28T06:18:54.161+0000] {dag.py:3441} INFO - Setting next_dagrun for example_xcom_args_with_operators to None, run_after=None
[2023-04-28T06:18:54.170+0000] {processor.py:175} INFO - Processing /home/airflow/.local/lib/python3.7/site-packages/airflow/example_dags/example_xcomargs.py took 0.073 seconds
