[2023-04-28T00:36:31.117+0000] {processor.py:153} INFO - Started process (PID=14556) to work on /home/airflow/.local/lib/python3.7/site-packages/airflow/example_dags/example_skip_dag.py
[2023-04-28T00:36:31.118+0000] {processor.py:743} INFO - Processing file /home/airflow/.local/lib/python3.7/site-packages/airflow/example_dags/example_skip_dag.py for tasks to queue
[2023-04-28T00:36:31.119+0000] {logging_mixin.py:137} INFO - [2023-04-28T00:36:31.119+0000] {dagbag.py:538} INFO - Filling up the DagBag from /home/airflow/.local/lib/python3.7/site-packages/airflow/example_dags/example_skip_dag.py
[2023-04-28T00:36:31.131+0000] {processor.py:753} INFO - DAG(s) dict_keys(['example_skip_dag']) retrieved from /home/airflow/.local/lib/python3.7/site-packages/airflow/example_dags/example_skip_dag.py
[2023-04-28T00:36:31.159+0000] {logging_mixin.py:137} INFO - [2023-04-28T00:36:31.159+0000] {dag.py:2690} INFO - Sync 1 DAGs
[2023-04-28T00:36:31.180+0000] {logging_mixin.py:137} INFO - [2023-04-28T00:36:31.180+0000] {dag.py:3441} INFO - Setting next_dagrun for example_skip_dag to 2023-04-27T00:36:31.180526+00:00, run_after=2023-04-28T00:36:31.180526+00:00
[2023-04-28T00:36:31.192+0000] {processor.py:175} INFO - Processing /home/airflow/.local/lib/python3.7/site-packages/airflow/example_dags/example_skip_dag.py took 0.082 seconds
[2023-04-28T01:42:52.495+0000] {processor.py:153} INFO - Started process (PID=14629) to work on /home/airflow/.local/lib/python3.7/site-packages/airflow/example_dags/example_skip_dag.py
[2023-04-28T01:42:52.496+0000] {processor.py:743} INFO - Processing file /home/airflow/.local/lib/python3.7/site-packages/airflow/example_dags/example_skip_dag.py for tasks to queue
[2023-04-28T01:42:52.504+0000] {logging_mixin.py:137} INFO - [2023-04-28T01:42:52.503+0000] {dagbag.py:538} INFO - Filling up the DagBag from /home/airflow/.local/lib/python3.7/site-packages/airflow/example_dags/example_skip_dag.py
[2023-04-28T01:42:52.530+0000] {processor.py:753} INFO - DAG(s) dict_keys(['example_skip_dag']) retrieved from /home/airflow/.local/lib/python3.7/site-packages/airflow/example_dags/example_skip_dag.py
[2023-04-28T01:42:52.576+0000] {logging_mixin.py:137} INFO - [2023-04-28T01:42:52.576+0000] {dag.py:2690} INFO - Sync 1 DAGs
[2023-04-28T01:42:52.614+0000] {logging_mixin.py:137} INFO - [2023-04-28T01:42:52.614+0000] {dag.py:3441} INFO - Setting next_dagrun for example_skip_dag to 2023-04-27T01:42:52.613875+00:00, run_after=2023-04-28T01:42:52.613875+00:00
[2023-04-28T01:42:52.685+0000] {processor.py:175} INFO - Processing /home/airflow/.local/lib/python3.7/site-packages/airflow/example_dags/example_skip_dag.py took 0.194 seconds
[2023-04-28T02:48:40.807+0000] {processor.py:153} INFO - Started process (PID=14700) to work on /home/airflow/.local/lib/python3.7/site-packages/airflow/example_dags/example_skip_dag.py
[2023-04-28T02:48:40.808+0000] {processor.py:743} INFO - Processing file /home/airflow/.local/lib/python3.7/site-packages/airflow/example_dags/example_skip_dag.py for tasks to queue
[2023-04-28T02:48:40.809+0000] {logging_mixin.py:137} INFO - [2023-04-28T02:48:40.809+0000] {dagbag.py:538} INFO - Filling up the DagBag from /home/airflow/.local/lib/python3.7/site-packages/airflow/example_dags/example_skip_dag.py
[2023-04-28T02:48:40.820+0000] {processor.py:753} INFO - DAG(s) dict_keys(['example_skip_dag']) retrieved from /home/airflow/.local/lib/python3.7/site-packages/airflow/example_dags/example_skip_dag.py
[2023-04-28T02:48:40.839+0000] {logging_mixin.py:137} INFO - [2023-04-28T02:48:40.839+0000] {dag.py:2690} INFO - Sync 1 DAGs
[2023-04-28T02:48:40.855+0000] {logging_mixin.py:137} INFO - [2023-04-28T02:48:40.855+0000] {dag.py:3441} INFO - Setting next_dagrun for example_skip_dag to 2023-04-27T02:48:40.855439+00:00, run_after=2023-04-28T02:48:40.855439+00:00
[2023-04-28T02:48:40.867+0000] {processor.py:175} INFO - Processing /home/airflow/.local/lib/python3.7/site-packages/airflow/example_dags/example_skip_dag.py took 0.062 seconds
[2023-04-28T03:54:53.991+0000] {processor.py:153} INFO - Started process (PID=14777) to work on /home/airflow/.local/lib/python3.7/site-packages/airflow/example_dags/example_skip_dag.py
[2023-04-28T03:54:53.993+0000] {processor.py:743} INFO - Processing file /home/airflow/.local/lib/python3.7/site-packages/airflow/example_dags/example_skip_dag.py for tasks to queue
[2023-04-28T03:54:53.994+0000] {logging_mixin.py:137} INFO - [2023-04-28T03:54:53.994+0000] {dagbag.py:538} INFO - Filling up the DagBag from /home/airflow/.local/lib/python3.7/site-packages/airflow/example_dags/example_skip_dag.py
[2023-04-28T03:54:54.007+0000] {processor.py:753} INFO - DAG(s) dict_keys(['example_skip_dag']) retrieved from /home/airflow/.local/lib/python3.7/site-packages/airflow/example_dags/example_skip_dag.py
[2023-04-28T03:54:54.036+0000] {logging_mixin.py:137} INFO - [2023-04-28T03:54:54.036+0000] {dag.py:2690} INFO - Sync 1 DAGs
[2023-04-28T03:54:54.053+0000] {logging_mixin.py:137} INFO - [2023-04-28T03:54:54.053+0000] {dag.py:3441} INFO - Setting next_dagrun for example_skip_dag to 2023-04-27T03:54:54.052972+00:00, run_after=2023-04-28T03:54:54.052972+00:00
[2023-04-28T03:54:54.068+0000] {processor.py:175} INFO - Processing /home/airflow/.local/lib/python3.7/site-packages/airflow/example_dags/example_skip_dag.py took 0.079 seconds
[2023-04-28T05:16:15.675+0000] {processor.py:153} INFO - Started process (PID=14843) to work on /home/airflow/.local/lib/python3.7/site-packages/airflow/example_dags/example_skip_dag.py
[2023-04-28T05:16:15.677+0000] {processor.py:743} INFO - Processing file /home/airflow/.local/lib/python3.7/site-packages/airflow/example_dags/example_skip_dag.py for tasks to queue
[2023-04-28T05:16:15.678+0000] {logging_mixin.py:137} INFO - [2023-04-28T05:16:15.678+0000] {dagbag.py:538} INFO - Filling up the DagBag from /home/airflow/.local/lib/python3.7/site-packages/airflow/example_dags/example_skip_dag.py
[2023-04-28T05:16:15.706+0000] {processor.py:753} INFO - DAG(s) dict_keys(['example_skip_dag']) retrieved from /home/airflow/.local/lib/python3.7/site-packages/airflow/example_dags/example_skip_dag.py
[2023-04-28T05:16:15.736+0000] {logging_mixin.py:137} INFO - [2023-04-28T05:16:15.736+0000] {dag.py:2690} INFO - Sync 1 DAGs
[2023-04-28T05:16:15.766+0000] {logging_mixin.py:137} INFO - [2023-04-28T05:16:15.766+0000] {dag.py:3441} INFO - Setting next_dagrun for example_skip_dag to 2023-04-27T05:16:15.766562+00:00, run_after=2023-04-28T05:16:15.766562+00:00
[2023-04-28T05:16:15.807+0000] {processor.py:175} INFO - Processing /home/airflow/.local/lib/python3.7/site-packages/airflow/example_dags/example_skip_dag.py took 0.135 seconds
[2023-04-28T05:32:12.595+0000] {processor.py:153} INFO - Started process (PID=14923) to work on /home/airflow/.local/lib/python3.7/site-packages/airflow/example_dags/example_skip_dag.py
[2023-04-28T05:32:12.596+0000] {processor.py:743} INFO - Processing file /home/airflow/.local/lib/python3.7/site-packages/airflow/example_dags/example_skip_dag.py for tasks to queue
[2023-04-28T05:32:12.597+0000] {logging_mixin.py:137} INFO - [2023-04-28T05:32:12.597+0000] {dagbag.py:538} INFO - Filling up the DagBag from /home/airflow/.local/lib/python3.7/site-packages/airflow/example_dags/example_skip_dag.py
[2023-04-28T05:32:12.609+0000] {processor.py:753} INFO - DAG(s) dict_keys(['example_skip_dag']) retrieved from /home/airflow/.local/lib/python3.7/site-packages/airflow/example_dags/example_skip_dag.py
[2023-04-28T05:32:12.628+0000] {logging_mixin.py:137} INFO - [2023-04-28T05:32:12.628+0000] {dag.py:2690} INFO - Sync 1 DAGs
[2023-04-28T05:32:12.644+0000] {logging_mixin.py:137} INFO - [2023-04-28T05:32:12.644+0000] {dag.py:3441} INFO - Setting next_dagrun for example_skip_dag to 2023-04-27T05:32:12.644204+00:00, run_after=2023-04-28T05:32:12.644204+00:00
[2023-04-28T05:32:12.655+0000] {processor.py:175} INFO - Processing /home/airflow/.local/lib/python3.7/site-packages/airflow/example_dags/example_skip_dag.py took 0.063 seconds
[2023-04-28T05:32:42.785+0000] {processor.py:153} INFO - Started process (PID=15000) to work on /home/airflow/.local/lib/python3.7/site-packages/airflow/example_dags/example_skip_dag.py
[2023-04-28T05:32:42.786+0000] {processor.py:743} INFO - Processing file /home/airflow/.local/lib/python3.7/site-packages/airflow/example_dags/example_skip_dag.py for tasks to queue
[2023-04-28T05:32:42.787+0000] {logging_mixin.py:137} INFO - [2023-04-28T05:32:42.787+0000] {dagbag.py:538} INFO - Filling up the DagBag from /home/airflow/.local/lib/python3.7/site-packages/airflow/example_dags/example_skip_dag.py
[2023-04-28T05:32:42.799+0000] {processor.py:753} INFO - DAG(s) dict_keys(['example_skip_dag']) retrieved from /home/airflow/.local/lib/python3.7/site-packages/airflow/example_dags/example_skip_dag.py
[2023-04-28T05:32:42.818+0000] {logging_mixin.py:137} INFO - [2023-04-28T05:32:42.818+0000] {dag.py:2690} INFO - Sync 1 DAGs
[2023-04-28T05:32:42.833+0000] {logging_mixin.py:137} INFO - [2023-04-28T05:32:42.833+0000] {dag.py:3441} INFO - Setting next_dagrun for example_skip_dag to 2023-04-27T05:32:42.833490+00:00, run_after=2023-04-28T05:32:42.833490+00:00
[2023-04-28T05:32:42.846+0000] {processor.py:175} INFO - Processing /home/airflow/.local/lib/python3.7/site-packages/airflow/example_dags/example_skip_dag.py took 0.064 seconds
[2023-04-28T06:03:55.456+0000] {processor.py:153} INFO - Started process (PID=15067) to work on /home/airflow/.local/lib/python3.7/site-packages/airflow/example_dags/example_skip_dag.py
[2023-04-28T06:03:55.457+0000] {processor.py:743} INFO - Processing file /home/airflow/.local/lib/python3.7/site-packages/airflow/example_dags/example_skip_dag.py for tasks to queue
[2023-04-28T06:03:55.458+0000] {logging_mixin.py:137} INFO - [2023-04-28T06:03:55.458+0000] {dagbag.py:538} INFO - Filling up the DagBag from /home/airflow/.local/lib/python3.7/site-packages/airflow/example_dags/example_skip_dag.py
[2023-04-28T06:03:55.469+0000] {processor.py:753} INFO - DAG(s) dict_keys(['example_skip_dag']) retrieved from /home/airflow/.local/lib/python3.7/site-packages/airflow/example_dags/example_skip_dag.py
[2023-04-28T06:03:55.489+0000] {logging_mixin.py:137} INFO - [2023-04-28T06:03:55.489+0000] {dag.py:2690} INFO - Sync 1 DAGs
[2023-04-28T06:03:55.505+0000] {logging_mixin.py:137} INFO - [2023-04-28T06:03:55.505+0000] {dag.py:3441} INFO - Setting next_dagrun for example_skip_dag to 2023-04-27T06:03:55.505148+00:00, run_after=2023-04-28T06:03:55.505148+00:00
[2023-04-28T06:03:55.518+0000] {processor.py:175} INFO - Processing /home/airflow/.local/lib/python3.7/site-packages/airflow/example_dags/example_skip_dag.py took 0.065 seconds
[2023-04-28T06:04:41.027+0000] {processor.py:153} INFO - Started process (PID=15146) to work on /home/airflow/.local/lib/python3.7/site-packages/airflow/example_dags/example_skip_dag.py
[2023-04-28T06:04:41.029+0000] {processor.py:743} INFO - Processing file /home/airflow/.local/lib/python3.7/site-packages/airflow/example_dags/example_skip_dag.py for tasks to queue
[2023-04-28T06:04:41.030+0000] {logging_mixin.py:137} INFO - [2023-04-28T06:04:41.030+0000] {dagbag.py:538} INFO - Filling up the DagBag from /home/airflow/.local/lib/python3.7/site-packages/airflow/example_dags/example_skip_dag.py
[2023-04-28T06:04:41.041+0000] {processor.py:753} INFO - DAG(s) dict_keys(['example_skip_dag']) retrieved from /home/airflow/.local/lib/python3.7/site-packages/airflow/example_dags/example_skip_dag.py
[2023-04-28T06:04:41.060+0000] {logging_mixin.py:137} INFO - [2023-04-28T06:04:41.060+0000] {dag.py:2690} INFO - Sync 1 DAGs
[2023-04-28T06:04:41.076+0000] {logging_mixin.py:137} INFO - [2023-04-28T06:04:41.076+0000] {dag.py:3441} INFO - Setting next_dagrun for example_skip_dag to 2023-04-27T06:04:41.076226+00:00, run_after=2023-04-28T06:04:41.076226+00:00
[2023-04-28T06:04:41.087+0000] {processor.py:175} INFO - Processing /home/airflow/.local/lib/python3.7/site-packages/airflow/example_dags/example_skip_dag.py took 0.063 seconds
[2023-04-28T06:05:11.526+0000] {processor.py:153} INFO - Started process (PID=15224) to work on /home/airflow/.local/lib/python3.7/site-packages/airflow/example_dags/example_skip_dag.py
[2023-04-28T06:05:11.527+0000] {processor.py:743} INFO - Processing file /home/airflow/.local/lib/python3.7/site-packages/airflow/example_dags/example_skip_dag.py for tasks to queue
[2023-04-28T06:05:11.528+0000] {logging_mixin.py:137} INFO - [2023-04-28T06:05:11.528+0000] {dagbag.py:538} INFO - Filling up the DagBag from /home/airflow/.local/lib/python3.7/site-packages/airflow/example_dags/example_skip_dag.py
[2023-04-28T06:05:11.540+0000] {processor.py:753} INFO - DAG(s) dict_keys(['example_skip_dag']) retrieved from /home/airflow/.local/lib/python3.7/site-packages/airflow/example_dags/example_skip_dag.py
[2023-04-28T06:05:11.559+0000] {logging_mixin.py:137} INFO - [2023-04-28T06:05:11.559+0000] {dag.py:2690} INFO - Sync 1 DAGs
[2023-04-28T06:05:11.574+0000] {logging_mixin.py:137} INFO - [2023-04-28T06:05:11.574+0000] {dag.py:3441} INFO - Setting next_dagrun for example_skip_dag to 2023-04-27T06:05:11.574648+00:00, run_after=2023-04-28T06:05:11.574648+00:00
[2023-04-28T06:05:11.585+0000] {processor.py:175} INFO - Processing /home/airflow/.local/lib/python3.7/site-packages/airflow/example_dags/example_skip_dag.py took 0.062 seconds
[2023-04-28T06:05:42.104+0000] {processor.py:153} INFO - Started process (PID=15290) to work on /home/airflow/.local/lib/python3.7/site-packages/airflow/example_dags/example_skip_dag.py
[2023-04-28T06:05:42.105+0000] {processor.py:743} INFO - Processing file /home/airflow/.local/lib/python3.7/site-packages/airflow/example_dags/example_skip_dag.py for tasks to queue
[2023-04-28T06:05:42.106+0000] {logging_mixin.py:137} INFO - [2023-04-28T06:05:42.106+0000] {dagbag.py:538} INFO - Filling up the DagBag from /home/airflow/.local/lib/python3.7/site-packages/airflow/example_dags/example_skip_dag.py
[2023-04-28T06:05:42.117+0000] {processor.py:753} INFO - DAG(s) dict_keys(['example_skip_dag']) retrieved from /home/airflow/.local/lib/python3.7/site-packages/airflow/example_dags/example_skip_dag.py
[2023-04-28T06:05:42.136+0000] {logging_mixin.py:137} INFO - [2023-04-28T06:05:42.136+0000] {dag.py:2690} INFO - Sync 1 DAGs
[2023-04-28T06:05:42.152+0000] {logging_mixin.py:137} INFO - [2023-04-28T06:05:42.152+0000] {dag.py:3441} INFO - Setting next_dagrun for example_skip_dag to 2023-04-27T06:05:42.152011+00:00, run_after=2023-04-28T06:05:42.152011+00:00
[2023-04-28T06:05:42.163+0000] {processor.py:175} INFO - Processing /home/airflow/.local/lib/python3.7/site-packages/airflow/example_dags/example_skip_dag.py took 0.061 seconds
[2023-04-28T06:06:12.380+0000] {processor.py:153} INFO - Started process (PID=15370) to work on /home/airflow/.local/lib/python3.7/site-packages/airflow/example_dags/example_skip_dag.py
[2023-04-28T06:06:12.381+0000] {processor.py:743} INFO - Processing file /home/airflow/.local/lib/python3.7/site-packages/airflow/example_dags/example_skip_dag.py for tasks to queue
[2023-04-28T06:06:12.382+0000] {logging_mixin.py:137} INFO - [2023-04-28T06:06:12.382+0000] {dagbag.py:538} INFO - Filling up the DagBag from /home/airflow/.local/lib/python3.7/site-packages/airflow/example_dags/example_skip_dag.py
[2023-04-28T06:06:12.393+0000] {processor.py:753} INFO - DAG(s) dict_keys(['example_skip_dag']) retrieved from /home/airflow/.local/lib/python3.7/site-packages/airflow/example_dags/example_skip_dag.py
[2023-04-28T06:06:12.413+0000] {logging_mixin.py:137} INFO - [2023-04-28T06:06:12.413+0000] {dag.py:2690} INFO - Sync 1 DAGs
[2023-04-28T06:06:12.428+0000] {logging_mixin.py:137} INFO - [2023-04-28T06:06:12.428+0000] {dag.py:3441} INFO - Setting next_dagrun for example_skip_dag to 2023-04-27T06:06:12.428578+00:00, run_after=2023-04-28T06:06:12.428578+00:00
[2023-04-28T06:06:12.440+0000] {processor.py:175} INFO - Processing /home/airflow/.local/lib/python3.7/site-packages/airflow/example_dags/example_skip_dag.py took 0.063 seconds
[2023-04-28T06:06:42.966+0000] {processor.py:153} INFO - Started process (PID=15447) to work on /home/airflow/.local/lib/python3.7/site-packages/airflow/example_dags/example_skip_dag.py
[2023-04-28T06:06:42.967+0000] {processor.py:743} INFO - Processing file /home/airflow/.local/lib/python3.7/site-packages/airflow/example_dags/example_skip_dag.py for tasks to queue
[2023-04-28T06:06:42.968+0000] {logging_mixin.py:137} INFO - [2023-04-28T06:06:42.968+0000] {dagbag.py:538} INFO - Filling up the DagBag from /home/airflow/.local/lib/python3.7/site-packages/airflow/example_dags/example_skip_dag.py
[2023-04-28T06:06:42.984+0000] {processor.py:753} INFO - DAG(s) dict_keys(['example_skip_dag']) retrieved from /home/airflow/.local/lib/python3.7/site-packages/airflow/example_dags/example_skip_dag.py
[2023-04-28T06:06:43.006+0000] {logging_mixin.py:137} INFO - [2023-04-28T06:06:43.006+0000] {dag.py:2690} INFO - Sync 1 DAGs
[2023-04-28T06:06:43.029+0000] {logging_mixin.py:137} INFO - [2023-04-28T06:06:43.029+0000] {dag.py:3441} INFO - Setting next_dagrun for example_skip_dag to 2023-04-27T06:06:43.029062+00:00, run_after=2023-04-28T06:06:43.029062+00:00
[2023-04-28T06:06:43.050+0000] {processor.py:175} INFO - Processing /home/airflow/.local/lib/python3.7/site-packages/airflow/example_dags/example_skip_dag.py took 0.087 seconds
[2023-04-28T06:07:13.456+0000] {processor.py:153} INFO - Started process (PID=15514) to work on /home/airflow/.local/lib/python3.7/site-packages/airflow/example_dags/example_skip_dag.py
[2023-04-28T06:07:13.457+0000] {processor.py:743} INFO - Processing file /home/airflow/.local/lib/python3.7/site-packages/airflow/example_dags/example_skip_dag.py for tasks to queue
[2023-04-28T06:07:13.458+0000] {logging_mixin.py:137} INFO - [2023-04-28T06:07:13.458+0000] {dagbag.py:538} INFO - Filling up the DagBag from /home/airflow/.local/lib/python3.7/site-packages/airflow/example_dags/example_skip_dag.py
[2023-04-28T06:07:13.469+0000] {processor.py:753} INFO - DAG(s) dict_keys(['example_skip_dag']) retrieved from /home/airflow/.local/lib/python3.7/site-packages/airflow/example_dags/example_skip_dag.py
[2023-04-28T06:07:13.489+0000] {logging_mixin.py:137} INFO - [2023-04-28T06:07:13.489+0000] {dag.py:2690} INFO - Sync 1 DAGs
[2023-04-28T06:07:13.504+0000] {logging_mixin.py:137} INFO - [2023-04-28T06:07:13.504+0000] {dag.py:3441} INFO - Setting next_dagrun for example_skip_dag to 2023-04-27T06:07:13.504352+00:00, run_after=2023-04-28T06:07:13.504352+00:00
[2023-04-28T06:07:13.516+0000] {processor.py:175} INFO - Processing /home/airflow/.local/lib/python3.7/site-packages/airflow/example_dags/example_skip_dag.py took 0.063 seconds
[2023-04-28T06:07:43.892+0000] {processor.py:153} INFO - Started process (PID=15592) to work on /home/airflow/.local/lib/python3.7/site-packages/airflow/example_dags/example_skip_dag.py
[2023-04-28T06:07:43.893+0000] {processor.py:743} INFO - Processing file /home/airflow/.local/lib/python3.7/site-packages/airflow/example_dags/example_skip_dag.py for tasks to queue
[2023-04-28T06:07:43.893+0000] {logging_mixin.py:137} INFO - [2023-04-28T06:07:43.893+0000] {dagbag.py:538} INFO - Filling up the DagBag from /home/airflow/.local/lib/python3.7/site-packages/airflow/example_dags/example_skip_dag.py
[2023-04-28T06:07:43.905+0000] {processor.py:753} INFO - DAG(s) dict_keys(['example_skip_dag']) retrieved from /home/airflow/.local/lib/python3.7/site-packages/airflow/example_dags/example_skip_dag.py
[2023-04-28T06:07:43.924+0000] {logging_mixin.py:137} INFO - [2023-04-28T06:07:43.924+0000] {dag.py:2690} INFO - Sync 1 DAGs
[2023-04-28T06:07:43.940+0000] {logging_mixin.py:137} INFO - [2023-04-28T06:07:43.939+0000] {dag.py:3441} INFO - Setting next_dagrun for example_skip_dag to 2023-04-27T06:07:43.939712+00:00, run_after=2023-04-28T06:07:43.939712+00:00
[2023-04-28T06:07:43.950+0000] {processor.py:175} INFO - Processing /home/airflow/.local/lib/python3.7/site-packages/airflow/example_dags/example_skip_dag.py took 0.062 seconds
[2023-04-28T06:08:14.371+0000] {processor.py:153} INFO - Started process (PID=15670) to work on /home/airflow/.local/lib/python3.7/site-packages/airflow/example_dags/example_skip_dag.py
[2023-04-28T06:08:14.372+0000] {processor.py:743} INFO - Processing file /home/airflow/.local/lib/python3.7/site-packages/airflow/example_dags/example_skip_dag.py for tasks to queue
[2023-04-28T06:08:14.373+0000] {logging_mixin.py:137} INFO - [2023-04-28T06:08:14.373+0000] {dagbag.py:538} INFO - Filling up the DagBag from /home/airflow/.local/lib/python3.7/site-packages/airflow/example_dags/example_skip_dag.py
[2023-04-28T06:08:14.384+0000] {processor.py:753} INFO - DAG(s) dict_keys(['example_skip_dag']) retrieved from /home/airflow/.local/lib/python3.7/site-packages/airflow/example_dags/example_skip_dag.py
[2023-04-28T06:08:14.403+0000] {logging_mixin.py:137} INFO - [2023-04-28T06:08:14.403+0000] {dag.py:2690} INFO - Sync 1 DAGs
[2023-04-28T06:08:14.420+0000] {logging_mixin.py:137} INFO - [2023-04-28T06:08:14.420+0000] {dag.py:3441} INFO - Setting next_dagrun for example_skip_dag to 2023-04-27T06:08:14.420404+00:00, run_after=2023-04-28T06:08:14.420404+00:00
[2023-04-28T06:08:14.431+0000] {processor.py:175} INFO - Processing /home/airflow/.local/lib/python3.7/site-packages/airflow/example_dags/example_skip_dag.py took 0.063 seconds
[2023-04-28T06:08:44.903+0000] {processor.py:153} INFO - Started process (PID=15736) to work on /home/airflow/.local/lib/python3.7/site-packages/airflow/example_dags/example_skip_dag.py
[2023-04-28T06:08:44.905+0000] {processor.py:743} INFO - Processing file /home/airflow/.local/lib/python3.7/site-packages/airflow/example_dags/example_skip_dag.py for tasks to queue
[2023-04-28T06:08:44.907+0000] {logging_mixin.py:137} INFO - [2023-04-28T06:08:44.907+0000] {dagbag.py:538} INFO - Filling up the DagBag from /home/airflow/.local/lib/python3.7/site-packages/airflow/example_dags/example_skip_dag.py
[2023-04-28T06:08:44.927+0000] {processor.py:753} INFO - DAG(s) dict_keys(['example_skip_dag']) retrieved from /home/airflow/.local/lib/python3.7/site-packages/airflow/example_dags/example_skip_dag.py
[2023-04-28T06:08:44.964+0000] {logging_mixin.py:137} INFO - [2023-04-28T06:08:44.964+0000] {dag.py:2690} INFO - Sync 1 DAGs
[2023-04-28T06:08:44.993+0000] {logging_mixin.py:137} INFO - [2023-04-28T06:08:44.993+0000] {dag.py:3441} INFO - Setting next_dagrun for example_skip_dag to 2023-04-27T06:08:44.993148+00:00, run_after=2023-04-28T06:08:44.993148+00:00
[2023-04-28T06:08:45.009+0000] {processor.py:175} INFO - Processing /home/airflow/.local/lib/python3.7/site-packages/airflow/example_dags/example_skip_dag.py took 0.109 seconds
[2023-04-28T06:09:15.335+0000] {processor.py:153} INFO - Started process (PID=15814) to work on /home/airflow/.local/lib/python3.7/site-packages/airflow/example_dags/example_skip_dag.py
[2023-04-28T06:09:15.336+0000] {processor.py:743} INFO - Processing file /home/airflow/.local/lib/python3.7/site-packages/airflow/example_dags/example_skip_dag.py for tasks to queue
[2023-04-28T06:09:15.337+0000] {logging_mixin.py:137} INFO - [2023-04-28T06:09:15.336+0000] {dagbag.py:538} INFO - Filling up the DagBag from /home/airflow/.local/lib/python3.7/site-packages/airflow/example_dags/example_skip_dag.py
[2023-04-28T06:09:15.348+0000] {processor.py:753} INFO - DAG(s) dict_keys(['example_skip_dag']) retrieved from /home/airflow/.local/lib/python3.7/site-packages/airflow/example_dags/example_skip_dag.py
[2023-04-28T06:09:15.370+0000] {logging_mixin.py:137} INFO - [2023-04-28T06:09:15.370+0000] {dag.py:2690} INFO - Sync 1 DAGs
[2023-04-28T06:09:15.386+0000] {logging_mixin.py:137} INFO - [2023-04-28T06:09:15.386+0000] {dag.py:3441} INFO - Setting next_dagrun for example_skip_dag to 2023-04-27T06:09:15.386425+00:00, run_after=2023-04-28T06:09:15.386425+00:00
[2023-04-28T06:09:15.399+0000] {processor.py:175} INFO - Processing /home/airflow/.local/lib/python3.7/site-packages/airflow/example_dags/example_skip_dag.py took 0.067 seconds
[2023-04-28T06:09:46.299+0000] {processor.py:153} INFO - Started process (PID=15893) to work on /home/airflow/.local/lib/python3.7/site-packages/airflow/example_dags/example_skip_dag.py
[2023-04-28T06:09:46.300+0000] {processor.py:743} INFO - Processing file /home/airflow/.local/lib/python3.7/site-packages/airflow/example_dags/example_skip_dag.py for tasks to queue
[2023-04-28T06:09:46.301+0000] {logging_mixin.py:137} INFO - [2023-04-28T06:09:46.301+0000] {dagbag.py:538} INFO - Filling up the DagBag from /home/airflow/.local/lib/python3.7/site-packages/airflow/example_dags/example_skip_dag.py
[2023-04-28T06:09:46.313+0000] {processor.py:753} INFO - DAG(s) dict_keys(['example_skip_dag']) retrieved from /home/airflow/.local/lib/python3.7/site-packages/airflow/example_dags/example_skip_dag.py
[2023-04-28T06:09:46.335+0000] {logging_mixin.py:137} INFO - [2023-04-28T06:09:46.335+0000] {dag.py:2690} INFO - Sync 1 DAGs
[2023-04-28T06:09:46.355+0000] {logging_mixin.py:137} INFO - [2023-04-28T06:09:46.355+0000] {dag.py:3441} INFO - Setting next_dagrun for example_skip_dag to 2023-04-27T06:09:46.355309+00:00, run_after=2023-04-28T06:09:46.355309+00:00
[2023-04-28T06:09:46.369+0000] {processor.py:175} INFO - Processing /home/airflow/.local/lib/python3.7/site-packages/airflow/example_dags/example_skip_dag.py took 0.073 seconds
[2023-04-28T06:10:16.662+0000] {processor.py:153} INFO - Started process (PID=15958) to work on /home/airflow/.local/lib/python3.7/site-packages/airflow/example_dags/example_skip_dag.py
[2023-04-28T06:10:16.663+0000] {processor.py:743} INFO - Processing file /home/airflow/.local/lib/python3.7/site-packages/airflow/example_dags/example_skip_dag.py for tasks to queue
[2023-04-28T06:10:16.664+0000] {logging_mixin.py:137} INFO - [2023-04-28T06:10:16.664+0000] {dagbag.py:538} INFO - Filling up the DagBag from /home/airflow/.local/lib/python3.7/site-packages/airflow/example_dags/example_skip_dag.py
[2023-04-28T06:10:16.675+0000] {processor.py:753} INFO - DAG(s) dict_keys(['example_skip_dag']) retrieved from /home/airflow/.local/lib/python3.7/site-packages/airflow/example_dags/example_skip_dag.py
[2023-04-28T06:10:16.694+0000] {logging_mixin.py:137} INFO - [2023-04-28T06:10:16.694+0000] {dag.py:2690} INFO - Sync 1 DAGs
[2023-04-28T06:10:16.710+0000] {logging_mixin.py:137} INFO - [2023-04-28T06:10:16.710+0000] {dag.py:3441} INFO - Setting next_dagrun for example_skip_dag to 2023-04-27T06:10:16.710260+00:00, run_after=2023-04-28T06:10:16.710260+00:00
[2023-04-28T06:10:16.721+0000] {processor.py:175} INFO - Processing /home/airflow/.local/lib/python3.7/site-packages/airflow/example_dags/example_skip_dag.py took 0.062 seconds
[2023-04-28T06:10:47.040+0000] {processor.py:153} INFO - Started process (PID=16036) to work on /home/airflow/.local/lib/python3.7/site-packages/airflow/example_dags/example_skip_dag.py
[2023-04-28T06:10:47.041+0000] {processor.py:743} INFO - Processing file /home/airflow/.local/lib/python3.7/site-packages/airflow/example_dags/example_skip_dag.py for tasks to queue
[2023-04-28T06:10:47.042+0000] {logging_mixin.py:137} INFO - [2023-04-28T06:10:47.042+0000] {dagbag.py:538} INFO - Filling up the DagBag from /home/airflow/.local/lib/python3.7/site-packages/airflow/example_dags/example_skip_dag.py
[2023-04-28T06:10:47.054+0000] {processor.py:753} INFO - DAG(s) dict_keys(['example_skip_dag']) retrieved from /home/airflow/.local/lib/python3.7/site-packages/airflow/example_dags/example_skip_dag.py
[2023-04-28T06:10:47.073+0000] {logging_mixin.py:137} INFO - [2023-04-28T06:10:47.073+0000] {dag.py:2690} INFO - Sync 1 DAGs
[2023-04-28T06:10:47.089+0000] {logging_mixin.py:137} INFO - [2023-04-28T06:10:47.089+0000] {dag.py:3441} INFO - Setting next_dagrun for example_skip_dag to 2023-04-27T06:10:47.088781+00:00, run_after=2023-04-28T06:10:47.088781+00:00
[2023-04-28T06:10:47.100+0000] {processor.py:175} INFO - Processing /home/airflow/.local/lib/python3.7/site-packages/airflow/example_dags/example_skip_dag.py took 0.063 seconds
[2023-04-28T06:11:17.661+0000] {processor.py:153} INFO - Started process (PID=16114) to work on /home/airflow/.local/lib/python3.7/site-packages/airflow/example_dags/example_skip_dag.py
[2023-04-28T06:11:17.665+0000] {processor.py:743} INFO - Processing file /home/airflow/.local/lib/python3.7/site-packages/airflow/example_dags/example_skip_dag.py for tasks to queue
[2023-04-28T06:11:17.667+0000] {logging_mixin.py:137} INFO - [2023-04-28T06:11:17.667+0000] {dagbag.py:538} INFO - Filling up the DagBag from /home/airflow/.local/lib/python3.7/site-packages/airflow/example_dags/example_skip_dag.py
[2023-04-28T06:11:17.680+0000] {processor.py:753} INFO - DAG(s) dict_keys(['example_skip_dag']) retrieved from /home/airflow/.local/lib/python3.7/site-packages/airflow/example_dags/example_skip_dag.py
[2023-04-28T06:11:17.702+0000] {logging_mixin.py:137} INFO - [2023-04-28T06:11:17.701+0000] {dag.py:2690} INFO - Sync 1 DAGs
[2023-04-28T06:11:17.718+0000] {logging_mixin.py:137} INFO - [2023-04-28T06:11:17.718+0000] {dag.py:3441} INFO - Setting next_dagrun for example_skip_dag to 2023-04-27T06:11:17.718107+00:00, run_after=2023-04-28T06:11:17.718107+00:00
[2023-04-28T06:11:17.731+0000] {processor.py:175} INFO - Processing /home/airflow/.local/lib/python3.7/site-packages/airflow/example_dags/example_skip_dag.py took 0.073 seconds
[2023-04-28T06:11:47.990+0000] {processor.py:153} INFO - Started process (PID=16180) to work on /home/airflow/.local/lib/python3.7/site-packages/airflow/example_dags/example_skip_dag.py
[2023-04-28T06:11:47.991+0000] {processor.py:743} INFO - Processing file /home/airflow/.local/lib/python3.7/site-packages/airflow/example_dags/example_skip_dag.py for tasks to queue
[2023-04-28T06:11:47.992+0000] {logging_mixin.py:137} INFO - [2023-04-28T06:11:47.992+0000] {dagbag.py:538} INFO - Filling up the DagBag from /home/airflow/.local/lib/python3.7/site-packages/airflow/example_dags/example_skip_dag.py
[2023-04-28T06:11:48.003+0000] {processor.py:753} INFO - DAG(s) dict_keys(['example_skip_dag']) retrieved from /home/airflow/.local/lib/python3.7/site-packages/airflow/example_dags/example_skip_dag.py
[2023-04-28T06:11:48.022+0000] {logging_mixin.py:137} INFO - [2023-04-28T06:11:48.022+0000] {dag.py:2690} INFO - Sync 1 DAGs
[2023-04-28T06:11:48.038+0000] {logging_mixin.py:137} INFO - [2023-04-28T06:11:48.038+0000] {dag.py:3441} INFO - Setting next_dagrun for example_skip_dag to 2023-04-27T06:11:48.038587+00:00, run_after=2023-04-28T06:11:48.038587+00:00
[2023-04-28T06:11:48.049+0000] {processor.py:175} INFO - Processing /home/airflow/.local/lib/python3.7/site-packages/airflow/example_dags/example_skip_dag.py took 0.062 seconds
[2023-04-28T06:12:18.716+0000] {processor.py:153} INFO - Started process (PID=16258) to work on /home/airflow/.local/lib/python3.7/site-packages/airflow/example_dags/example_skip_dag.py
[2023-04-28T06:12:18.718+0000] {processor.py:743} INFO - Processing file /home/airflow/.local/lib/python3.7/site-packages/airflow/example_dags/example_skip_dag.py for tasks to queue
[2023-04-28T06:12:18.719+0000] {logging_mixin.py:137} INFO - [2023-04-28T06:12:18.719+0000] {dagbag.py:538} INFO - Filling up the DagBag from /home/airflow/.local/lib/python3.7/site-packages/airflow/example_dags/example_skip_dag.py
[2023-04-28T06:12:18.730+0000] {processor.py:753} INFO - DAG(s) dict_keys(['example_skip_dag']) retrieved from /home/airflow/.local/lib/python3.7/site-packages/airflow/example_dags/example_skip_dag.py
[2023-04-28T06:12:18.750+0000] {logging_mixin.py:137} INFO - [2023-04-28T06:12:18.750+0000] {dag.py:2690} INFO - Sync 1 DAGs
[2023-04-28T06:12:18.766+0000] {logging_mixin.py:137} INFO - [2023-04-28T06:12:18.766+0000] {dag.py:3441} INFO - Setting next_dagrun for example_skip_dag to 2023-04-27T06:12:18.765944+00:00, run_after=2023-04-28T06:12:18.765944+00:00
[2023-04-28T06:12:18.777+0000] {processor.py:175} INFO - Processing /home/airflow/.local/lib/python3.7/site-packages/airflow/example_dags/example_skip_dag.py took 0.064 seconds
[2023-04-28T06:12:49.392+0000] {processor.py:153} INFO - Started process (PID=16335) to work on /home/airflow/.local/lib/python3.7/site-packages/airflow/example_dags/example_skip_dag.py
[2023-04-28T06:12:49.394+0000] {processor.py:743} INFO - Processing file /home/airflow/.local/lib/python3.7/site-packages/airflow/example_dags/example_skip_dag.py for tasks to queue
[2023-04-28T06:12:49.394+0000] {logging_mixin.py:137} INFO - [2023-04-28T06:12:49.394+0000] {dagbag.py:538} INFO - Filling up the DagBag from /home/airflow/.local/lib/python3.7/site-packages/airflow/example_dags/example_skip_dag.py
[2023-04-28T06:12:49.406+0000] {processor.py:753} INFO - DAG(s) dict_keys(['example_skip_dag']) retrieved from /home/airflow/.local/lib/python3.7/site-packages/airflow/example_dags/example_skip_dag.py
[2023-04-28T06:12:49.426+0000] {logging_mixin.py:137} INFO - [2023-04-28T06:12:49.425+0000] {dag.py:2690} INFO - Sync 1 DAGs
[2023-04-28T06:12:49.441+0000] {logging_mixin.py:137} INFO - [2023-04-28T06:12:49.441+0000] {dag.py:3441} INFO - Setting next_dagrun for example_skip_dag to 2023-04-27T06:12:49.441136+00:00, run_after=2023-04-28T06:12:49.441136+00:00
[2023-04-28T06:12:49.452+0000] {processor.py:175} INFO - Processing /home/airflow/.local/lib/python3.7/site-packages/airflow/example_dags/example_skip_dag.py took 0.064 seconds
[2023-04-28T06:13:19.868+0000] {processor.py:153} INFO - Started process (PID=16402) to work on /home/airflow/.local/lib/python3.7/site-packages/airflow/example_dags/example_skip_dag.py
[2023-04-28T06:13:19.870+0000] {processor.py:743} INFO - Processing file /home/airflow/.local/lib/python3.7/site-packages/airflow/example_dags/example_skip_dag.py for tasks to queue
[2023-04-28T06:13:19.872+0000] {logging_mixin.py:137} INFO - [2023-04-28T06:13:19.871+0000] {dagbag.py:538} INFO - Filling up the DagBag from /home/airflow/.local/lib/python3.7/site-packages/airflow/example_dags/example_skip_dag.py
[2023-04-28T06:13:19.892+0000] {processor.py:753} INFO - DAG(s) dict_keys(['example_skip_dag']) retrieved from /home/airflow/.local/lib/python3.7/site-packages/airflow/example_dags/example_skip_dag.py
[2023-04-28T06:13:19.919+0000] {logging_mixin.py:137} INFO - [2023-04-28T06:13:19.919+0000] {dag.py:2690} INFO - Sync 1 DAGs
[2023-04-28T06:13:19.942+0000] {logging_mixin.py:137} INFO - [2023-04-28T06:13:19.942+0000] {dag.py:3441} INFO - Setting next_dagrun for example_skip_dag to 2023-04-27T06:13:19.942048+00:00, run_after=2023-04-28T06:13:19.942048+00:00
[2023-04-28T06:13:19.958+0000] {processor.py:175} INFO - Processing /home/airflow/.local/lib/python3.7/site-packages/airflow/example_dags/example_skip_dag.py took 0.097 seconds
[2023-04-28T06:13:50.212+0000] {processor.py:153} INFO - Started process (PID=16480) to work on /home/airflow/.local/lib/python3.7/site-packages/airflow/example_dags/example_skip_dag.py
[2023-04-28T06:13:50.213+0000] {processor.py:743} INFO - Processing file /home/airflow/.local/lib/python3.7/site-packages/airflow/example_dags/example_skip_dag.py for tasks to queue
[2023-04-28T06:13:50.213+0000] {logging_mixin.py:137} INFO - [2023-04-28T06:13:50.213+0000] {dagbag.py:538} INFO - Filling up the DagBag from /home/airflow/.local/lib/python3.7/site-packages/airflow/example_dags/example_skip_dag.py
[2023-04-28T06:13:50.225+0000] {processor.py:753} INFO - DAG(s) dict_keys(['example_skip_dag']) retrieved from /home/airflow/.local/lib/python3.7/site-packages/airflow/example_dags/example_skip_dag.py
[2023-04-28T06:13:50.244+0000] {logging_mixin.py:137} INFO - [2023-04-28T06:13:50.244+0000] {dag.py:2690} INFO - Sync 1 DAGs
[2023-04-28T06:13:50.261+0000] {logging_mixin.py:137} INFO - [2023-04-28T06:13:50.261+0000] {dag.py:3441} INFO - Setting next_dagrun for example_skip_dag to 2023-04-27T06:13:50.260967+00:00, run_after=2023-04-28T06:13:50.260967+00:00
[2023-04-28T06:13:50.272+0000] {processor.py:175} INFO - Processing /home/airflow/.local/lib/python3.7/site-packages/airflow/example_dags/example_skip_dag.py took 0.063 seconds
[2023-04-28T06:14:20.646+0000] {processor.py:153} INFO - Started process (PID=16558) to work on /home/airflow/.local/lib/python3.7/site-packages/airflow/example_dags/example_skip_dag.py
[2023-04-28T06:14:20.647+0000] {processor.py:743} INFO - Processing file /home/airflow/.local/lib/python3.7/site-packages/airflow/example_dags/example_skip_dag.py for tasks to queue
[2023-04-28T06:14:20.648+0000] {logging_mixin.py:137} INFO - [2023-04-28T06:14:20.647+0000] {dagbag.py:538} INFO - Filling up the DagBag from /home/airflow/.local/lib/python3.7/site-packages/airflow/example_dags/example_skip_dag.py
[2023-04-28T06:14:20.659+0000] {processor.py:753} INFO - DAG(s) dict_keys(['example_skip_dag']) retrieved from /home/airflow/.local/lib/python3.7/site-packages/airflow/example_dags/example_skip_dag.py
[2023-04-28T06:14:20.679+0000] {logging_mixin.py:137} INFO - [2023-04-28T06:14:20.679+0000] {dag.py:2690} INFO - Sync 1 DAGs
[2023-04-28T06:14:20.694+0000] {logging_mixin.py:137} INFO - [2023-04-28T06:14:20.694+0000] {dag.py:3441} INFO - Setting next_dagrun for example_skip_dag to 2023-04-27T06:14:20.694299+00:00, run_after=2023-04-28T06:14:20.694299+00:00
[2023-04-28T06:14:20.705+0000] {processor.py:175} INFO - Processing /home/airflow/.local/lib/python3.7/site-packages/airflow/example_dags/example_skip_dag.py took 0.062 seconds
[2023-04-28T06:14:50.989+0000] {processor.py:153} INFO - Started process (PID=16623) to work on /home/airflow/.local/lib/python3.7/site-packages/airflow/example_dags/example_skip_dag.py
[2023-04-28T06:14:50.990+0000] {processor.py:743} INFO - Processing file /home/airflow/.local/lib/python3.7/site-packages/airflow/example_dags/example_skip_dag.py for tasks to queue
[2023-04-28T06:14:50.991+0000] {logging_mixin.py:137} INFO - [2023-04-28T06:14:50.991+0000] {dagbag.py:538} INFO - Filling up the DagBag from /home/airflow/.local/lib/python3.7/site-packages/airflow/example_dags/example_skip_dag.py
[2023-04-28T06:14:51.002+0000] {processor.py:753} INFO - DAG(s) dict_keys(['example_skip_dag']) retrieved from /home/airflow/.local/lib/python3.7/site-packages/airflow/example_dags/example_skip_dag.py
[2023-04-28T06:14:51.022+0000] {logging_mixin.py:137} INFO - [2023-04-28T06:14:51.022+0000] {dag.py:2690} INFO - Sync 1 DAGs
[2023-04-28T06:14:51.038+0000] {logging_mixin.py:137} INFO - [2023-04-28T06:14:51.038+0000] {dag.py:3441} INFO - Setting next_dagrun for example_skip_dag to 2023-04-27T06:14:51.038201+00:00, run_after=2023-04-28T06:14:51.038201+00:00
[2023-04-28T06:14:51.050+0000] {processor.py:175} INFO - Processing /home/airflow/.local/lib/python3.7/site-packages/airflow/example_dags/example_skip_dag.py took 0.063 seconds
[2023-04-28T06:15:21.545+0000] {processor.py:153} INFO - Started process (PID=16701) to work on /home/airflow/.local/lib/python3.7/site-packages/airflow/example_dags/example_skip_dag.py
[2023-04-28T06:15:21.546+0000] {processor.py:743} INFO - Processing file /home/airflow/.local/lib/python3.7/site-packages/airflow/example_dags/example_skip_dag.py for tasks to queue
[2023-04-28T06:15:21.547+0000] {logging_mixin.py:137} INFO - [2023-04-28T06:15:21.547+0000] {dagbag.py:538} INFO - Filling up the DagBag from /home/airflow/.local/lib/python3.7/site-packages/airflow/example_dags/example_skip_dag.py
[2023-04-28T06:15:21.558+0000] {processor.py:753} INFO - DAG(s) dict_keys(['example_skip_dag']) retrieved from /home/airflow/.local/lib/python3.7/site-packages/airflow/example_dags/example_skip_dag.py
[2023-04-28T06:15:21.577+0000] {logging_mixin.py:137} INFO - [2023-04-28T06:15:21.577+0000] {dag.py:2690} INFO - Sync 1 DAGs
[2023-04-28T06:15:21.593+0000] {logging_mixin.py:137} INFO - [2023-04-28T06:15:21.593+0000] {dag.py:3441} INFO - Setting next_dagrun for example_skip_dag to 2023-04-27T06:15:21.593156+00:00, run_after=2023-04-28T06:15:21.593156+00:00
[2023-04-28T06:15:21.604+0000] {processor.py:175} INFO - Processing /home/airflow/.local/lib/python3.7/site-packages/airflow/example_dags/example_skip_dag.py took 0.062 seconds
[2023-04-28T06:15:51.921+0000] {processor.py:153} INFO - Started process (PID=16778) to work on /home/airflow/.local/lib/python3.7/site-packages/airflow/example_dags/example_skip_dag.py
[2023-04-28T06:15:51.922+0000] {processor.py:743} INFO - Processing file /home/airflow/.local/lib/python3.7/site-packages/airflow/example_dags/example_skip_dag.py for tasks to queue
[2023-04-28T06:15:51.923+0000] {logging_mixin.py:137} INFO - [2023-04-28T06:15:51.923+0000] {dagbag.py:538} INFO - Filling up the DagBag from /home/airflow/.local/lib/python3.7/site-packages/airflow/example_dags/example_skip_dag.py
[2023-04-28T06:15:51.935+0000] {processor.py:753} INFO - DAG(s) dict_keys(['example_skip_dag']) retrieved from /home/airflow/.local/lib/python3.7/site-packages/airflow/example_dags/example_skip_dag.py
[2023-04-28T06:15:51.954+0000] {logging_mixin.py:137} INFO - [2023-04-28T06:15:51.954+0000] {dag.py:2690} INFO - Sync 1 DAGs
[2023-04-28T06:15:51.970+0000] {logging_mixin.py:137} INFO - [2023-04-28T06:15:51.970+0000] {dag.py:3441} INFO - Setting next_dagrun for example_skip_dag to 2023-04-27T06:15:51.970491+00:00, run_after=2023-04-28T06:15:51.970491+00:00
[2023-04-28T06:15:51.981+0000] {processor.py:175} INFO - Processing /home/airflow/.local/lib/python3.7/site-packages/airflow/example_dags/example_skip_dag.py took 0.063 seconds
[2023-04-28T06:16:22.178+0000] {processor.py:153} INFO - Started process (PID=16843) to work on /home/airflow/.local/lib/python3.7/site-packages/airflow/example_dags/example_skip_dag.py
[2023-04-28T06:16:22.180+0000] {processor.py:743} INFO - Processing file /home/airflow/.local/lib/python3.7/site-packages/airflow/example_dags/example_skip_dag.py for tasks to queue
[2023-04-28T06:16:22.181+0000] {logging_mixin.py:137} INFO - [2023-04-28T06:16:22.181+0000] {dagbag.py:538} INFO - Filling up the DagBag from /home/airflow/.local/lib/python3.7/site-packages/airflow/example_dags/example_skip_dag.py
[2023-04-28T06:16:22.193+0000] {processor.py:753} INFO - DAG(s) dict_keys(['example_skip_dag']) retrieved from /home/airflow/.local/lib/python3.7/site-packages/airflow/example_dags/example_skip_dag.py
[2023-04-28T06:16:22.212+0000] {logging_mixin.py:137} INFO - [2023-04-28T06:16:22.212+0000] {dag.py:2690} INFO - Sync 1 DAGs
[2023-04-28T06:16:22.227+0000] {logging_mixin.py:137} INFO - [2023-04-28T06:16:22.227+0000] {dag.py:3441} INFO - Setting next_dagrun for example_skip_dag to 2023-04-27T06:16:22.227655+00:00, run_after=2023-04-28T06:16:22.227655+00:00
[2023-04-28T06:16:22.238+0000] {processor.py:175} INFO - Processing /home/airflow/.local/lib/python3.7/site-packages/airflow/example_dags/example_skip_dag.py took 0.064 seconds
[2023-04-28T06:16:52.573+0000] {processor.py:153} INFO - Started process (PID=16921) to work on /home/airflow/.local/lib/python3.7/site-packages/airflow/example_dags/example_skip_dag.py
[2023-04-28T06:16:52.574+0000] {processor.py:743} INFO - Processing file /home/airflow/.local/lib/python3.7/site-packages/airflow/example_dags/example_skip_dag.py for tasks to queue
[2023-04-28T06:16:52.575+0000] {logging_mixin.py:137} INFO - [2023-04-28T06:16:52.575+0000] {dagbag.py:538} INFO - Filling up the DagBag from /home/airflow/.local/lib/python3.7/site-packages/airflow/example_dags/example_skip_dag.py
[2023-04-28T06:16:52.586+0000] {processor.py:753} INFO - DAG(s) dict_keys(['example_skip_dag']) retrieved from /home/airflow/.local/lib/python3.7/site-packages/airflow/example_dags/example_skip_dag.py
[2023-04-28T06:16:52.606+0000] {logging_mixin.py:137} INFO - [2023-04-28T06:16:52.606+0000] {dag.py:2690} INFO - Sync 1 DAGs
[2023-04-28T06:16:52.623+0000] {logging_mixin.py:137} INFO - [2023-04-28T06:16:52.623+0000] {dag.py:3441} INFO - Setting next_dagrun for example_skip_dag to 2023-04-27T06:16:52.623079+00:00, run_after=2023-04-28T06:16:52.623079+00:00
[2023-04-28T06:16:52.635+0000] {processor.py:175} INFO - Processing /home/airflow/.local/lib/python3.7/site-packages/airflow/example_dags/example_skip_dag.py took 0.065 seconds
[2023-04-28T06:17:23.098+0000] {processor.py:153} INFO - Started process (PID=16999) to work on /home/airflow/.local/lib/python3.7/site-packages/airflow/example_dags/example_skip_dag.py
[2023-04-28T06:17:23.099+0000] {processor.py:743} INFO - Processing file /home/airflow/.local/lib/python3.7/site-packages/airflow/example_dags/example_skip_dag.py for tasks to queue
[2023-04-28T06:17:23.099+0000] {logging_mixin.py:137} INFO - [2023-04-28T06:17:23.099+0000] {dagbag.py:538} INFO - Filling up the DagBag from /home/airflow/.local/lib/python3.7/site-packages/airflow/example_dags/example_skip_dag.py
[2023-04-28T06:17:23.110+0000] {processor.py:753} INFO - DAG(s) dict_keys(['example_skip_dag']) retrieved from /home/airflow/.local/lib/python3.7/site-packages/airflow/example_dags/example_skip_dag.py
[2023-04-28T06:17:23.129+0000] {logging_mixin.py:137} INFO - [2023-04-28T06:17:23.128+0000] {dag.py:2690} INFO - Sync 1 DAGs
[2023-04-28T06:17:23.143+0000] {logging_mixin.py:137} INFO - [2023-04-28T06:17:23.143+0000] {dag.py:3441} INFO - Setting next_dagrun for example_skip_dag to 2023-04-27T06:17:23.143603+00:00, run_after=2023-04-28T06:17:23.143603+00:00
[2023-04-28T06:17:23.154+0000] {processor.py:175} INFO - Processing /home/airflow/.local/lib/python3.7/site-packages/airflow/example_dags/example_skip_dag.py took 0.059 seconds
[2023-04-28T06:17:53.442+0000] {processor.py:153} INFO - Started process (PID=17065) to work on /home/airflow/.local/lib/python3.7/site-packages/airflow/example_dags/example_skip_dag.py
[2023-04-28T06:17:53.443+0000] {processor.py:743} INFO - Processing file /home/airflow/.local/lib/python3.7/site-packages/airflow/example_dags/example_skip_dag.py for tasks to queue
[2023-04-28T06:17:53.444+0000] {logging_mixin.py:137} INFO - [2023-04-28T06:17:53.444+0000] {dagbag.py:538} INFO - Filling up the DagBag from /home/airflow/.local/lib/python3.7/site-packages/airflow/example_dags/example_skip_dag.py
[2023-04-28T06:17:53.454+0000] {processor.py:753} INFO - DAG(s) dict_keys(['example_skip_dag']) retrieved from /home/airflow/.local/lib/python3.7/site-packages/airflow/example_dags/example_skip_dag.py
[2023-04-28T06:17:53.473+0000] {logging_mixin.py:137} INFO - [2023-04-28T06:17:53.473+0000] {dag.py:2690} INFO - Sync 1 DAGs
[2023-04-28T06:17:53.488+0000] {logging_mixin.py:137} INFO - [2023-04-28T06:17:53.488+0000] {dag.py:3441} INFO - Setting next_dagrun for example_skip_dag to 2023-04-27T06:17:53.488095+00:00, run_after=2023-04-28T06:17:53.488095+00:00
[2023-04-28T06:17:53.498+0000] {processor.py:175} INFO - Processing /home/airflow/.local/lib/python3.7/site-packages/airflow/example_dags/example_skip_dag.py took 0.059 seconds
[2023-04-28T06:18:24.095+0000] {processor.py:153} INFO - Started process (PID=17143) to work on /home/airflow/.local/lib/python3.7/site-packages/airflow/example_dags/example_skip_dag.py
[2023-04-28T06:18:24.096+0000] {processor.py:743} INFO - Processing file /home/airflow/.local/lib/python3.7/site-packages/airflow/example_dags/example_skip_dag.py for tasks to queue
[2023-04-28T06:18:24.097+0000] {logging_mixin.py:137} INFO - [2023-04-28T06:18:24.097+0000] {dagbag.py:538} INFO - Filling up the DagBag from /home/airflow/.local/lib/python3.7/site-packages/airflow/example_dags/example_skip_dag.py
[2023-04-28T06:18:24.108+0000] {processor.py:753} INFO - DAG(s) dict_keys(['example_skip_dag']) retrieved from /home/airflow/.local/lib/python3.7/site-packages/airflow/example_dags/example_skip_dag.py
[2023-04-28T06:18:24.127+0000] {logging_mixin.py:137} INFO - [2023-04-28T06:18:24.127+0000] {dag.py:2690} INFO - Sync 1 DAGs
[2023-04-28T06:18:24.144+0000] {logging_mixin.py:137} INFO - [2023-04-28T06:18:24.144+0000] {dag.py:3441} INFO - Setting next_dagrun for example_skip_dag to 2023-04-27T06:18:24.144143+00:00, run_after=2023-04-28T06:18:24.144143+00:00
[2023-04-28T06:18:24.156+0000] {processor.py:175} INFO - Processing /home/airflow/.local/lib/python3.7/site-packages/airflow/example_dags/example_skip_dag.py took 0.064 seconds
[2023-04-28T06:18:54.405+0000] {processor.py:153} INFO - Started process (PID=17221) to work on /home/airflow/.local/lib/python3.7/site-packages/airflow/example_dags/example_skip_dag.py
[2023-04-28T06:18:54.406+0000] {processor.py:743} INFO - Processing file /home/airflow/.local/lib/python3.7/site-packages/airflow/example_dags/example_skip_dag.py for tasks to queue
[2023-04-28T06:18:54.407+0000] {logging_mixin.py:137} INFO - [2023-04-28T06:18:54.407+0000] {dagbag.py:538} INFO - Filling up the DagBag from /home/airflow/.local/lib/python3.7/site-packages/airflow/example_dags/example_skip_dag.py
[2023-04-28T06:18:54.417+0000] {processor.py:753} INFO - DAG(s) dict_keys(['example_skip_dag']) retrieved from /home/airflow/.local/lib/python3.7/site-packages/airflow/example_dags/example_skip_dag.py
[2023-04-28T06:18:54.436+0000] {logging_mixin.py:137} INFO - [2023-04-28T06:18:54.436+0000] {dag.py:2690} INFO - Sync 1 DAGs
[2023-04-28T06:18:54.452+0000] {logging_mixin.py:137} INFO - [2023-04-28T06:18:54.452+0000] {dag.py:3441} INFO - Setting next_dagrun for example_skip_dag to 2023-04-27T06:18:54.452537+00:00, run_after=2023-04-28T06:18:54.452537+00:00
[2023-04-28T06:18:54.464+0000] {processor.py:175} INFO - Processing /home/airflow/.local/lib/python3.7/site-packages/airflow/example_dags/example_skip_dag.py took 0.062 seconds
