[2023-04-28T00:36:31.839+0000] {processor.py:153} INFO - Started process (PID=14564) to work on /home/airflow/.local/lib/python3.7/site-packages/airflow/example_dags/example_latest_only_with_trigger.py
[2023-04-28T00:36:31.841+0000] {processor.py:743} INFO - Processing file /home/airflow/.local/lib/python3.7/site-packages/airflow/example_dags/example_latest_only_with_trigger.py for tasks to queue
[2023-04-28T00:36:31.842+0000] {logging_mixin.py:137} INFO - [2023-04-28T00:36:31.842+0000] {dagbag.py:538} INFO - Filling up the DagBag from /home/airflow/.local/lib/python3.7/site-packages/airflow/example_dags/example_latest_only_with_trigger.py
[2023-04-28T00:36:31.854+0000] {processor.py:753} INFO - DAG(s) dict_keys(['latest_only_with_trigger']) retrieved from /home/airflow/.local/lib/python3.7/site-packages/airflow/example_dags/example_latest_only_with_trigger.py
[2023-04-28T00:36:31.877+0000] {logging_mixin.py:137} INFO - [2023-04-28T00:36:31.877+0000] {dag.py:2690} INFO - Sync 1 DAGs
[2023-04-28T00:36:31.896+0000] {logging_mixin.py:137} INFO - [2023-04-28T00:36:31.896+0000] {dag.py:3441} INFO - Setting next_dagrun for latest_only_with_trigger to 2023-04-27T20:36:31.896083+00:00, run_after=2023-04-28T00:36:31.896083+00:00
[2023-04-28T00:36:31.923+0000] {processor.py:175} INFO - Processing /home/airflow/.local/lib/python3.7/site-packages/airflow/example_dags/example_latest_only_with_trigger.py took 0.087 seconds
[2023-04-28T01:42:53.307+0000] {processor.py:153} INFO - Started process (PID=14642) to work on /home/airflow/.local/lib/python3.7/site-packages/airflow/example_dags/example_latest_only_with_trigger.py
[2023-04-28T01:42:53.309+0000] {processor.py:743} INFO - Processing file /home/airflow/.local/lib/python3.7/site-packages/airflow/example_dags/example_latest_only_with_trigger.py for tasks to queue
[2023-04-28T01:42:53.310+0000] {logging_mixin.py:137} INFO - [2023-04-28T01:42:53.310+0000] {dagbag.py:538} INFO - Filling up the DagBag from /home/airflow/.local/lib/python3.7/site-packages/airflow/example_dags/example_latest_only_with_trigger.py
[2023-04-28T01:42:53.324+0000] {processor.py:753} INFO - DAG(s) dict_keys(['latest_only_with_trigger']) retrieved from /home/airflow/.local/lib/python3.7/site-packages/airflow/example_dags/example_latest_only_with_trigger.py
[2023-04-28T01:42:53.351+0000] {logging_mixin.py:137} INFO - [2023-04-28T01:42:53.351+0000] {dag.py:2690} INFO - Sync 1 DAGs
[2023-04-28T01:42:53.370+0000] {logging_mixin.py:137} INFO - [2023-04-28T01:42:53.370+0000] {dag.py:3441} INFO - Setting next_dagrun for latest_only_with_trigger to 2023-04-27T21:42:53.370058+00:00, run_after=2023-04-28T01:42:53.370058+00:00
[2023-04-28T01:42:53.383+0000] {processor.py:175} INFO - Processing /home/airflow/.local/lib/python3.7/site-packages/airflow/example_dags/example_latest_only_with_trigger.py took 0.080 seconds
[2023-04-28T02:48:41.185+0000] {processor.py:153} INFO - Started process (PID=14708) to work on /home/airflow/.local/lib/python3.7/site-packages/airflow/example_dags/example_latest_only_with_trigger.py
[2023-04-28T02:48:41.187+0000] {processor.py:743} INFO - Processing file /home/airflow/.local/lib/python3.7/site-packages/airflow/example_dags/example_latest_only_with_trigger.py for tasks to queue
[2023-04-28T02:48:41.187+0000] {logging_mixin.py:137} INFO - [2023-04-28T02:48:41.187+0000] {dagbag.py:538} INFO - Filling up the DagBag from /home/airflow/.local/lib/python3.7/site-packages/airflow/example_dags/example_latest_only_with_trigger.py
[2023-04-28T02:48:41.198+0000] {processor.py:753} INFO - DAG(s) dict_keys(['latest_only_with_trigger']) retrieved from /home/airflow/.local/lib/python3.7/site-packages/airflow/example_dags/example_latest_only_with_trigger.py
[2023-04-28T02:48:41.219+0000] {logging_mixin.py:137} INFO - [2023-04-28T02:48:41.219+0000] {dag.py:2690} INFO - Sync 1 DAGs
[2023-04-28T02:48:41.234+0000] {logging_mixin.py:137} INFO - [2023-04-28T02:48:41.234+0000] {dag.py:3441} INFO - Setting next_dagrun for latest_only_with_trigger to 2023-04-27T22:48:41.234453+00:00, run_after=2023-04-28T02:48:41.234453+00:00
[2023-04-28T02:48:41.246+0000] {processor.py:175} INFO - Processing /home/airflow/.local/lib/python3.7/site-packages/airflow/example_dags/example_latest_only_with_trigger.py took 0.064 seconds
[2023-04-28T03:54:54.508+0000] {processor.py:153} INFO - Started process (PID=14785) to work on /home/airflow/.local/lib/python3.7/site-packages/airflow/example_dags/example_latest_only_with_trigger.py
[2023-04-28T03:54:54.510+0000] {processor.py:743} INFO - Processing file /home/airflow/.local/lib/python3.7/site-packages/airflow/example_dags/example_latest_only_with_trigger.py for tasks to queue
[2023-04-28T03:54:54.511+0000] {logging_mixin.py:137} INFO - [2023-04-28T03:54:54.511+0000] {dagbag.py:538} INFO - Filling up the DagBag from /home/airflow/.local/lib/python3.7/site-packages/airflow/example_dags/example_latest_only_with_trigger.py
[2023-04-28T03:54:54.524+0000] {processor.py:753} INFO - DAG(s) dict_keys(['latest_only_with_trigger']) retrieved from /home/airflow/.local/lib/python3.7/site-packages/airflow/example_dags/example_latest_only_with_trigger.py
[2023-04-28T03:54:54.546+0000] {logging_mixin.py:137} INFO - [2023-04-28T03:54:54.546+0000] {dag.py:2690} INFO - Sync 1 DAGs
[2023-04-28T03:54:54.563+0000] {logging_mixin.py:137} INFO - [2023-04-28T03:54:54.562+0000] {dag.py:3441} INFO - Setting next_dagrun for latest_only_with_trigger to 2023-04-27T23:54:54.562737+00:00, run_after=2023-04-28T03:54:54.562737+00:00
[2023-04-28T03:54:54.575+0000] {processor.py:175} INFO - Processing /home/airflow/.local/lib/python3.7/site-packages/airflow/example_dags/example_latest_only_with_trigger.py took 0.070 seconds
[2023-04-28T05:16:16.524+0000] {processor.py:153} INFO - Started process (PID=14851) to work on /home/airflow/.local/lib/python3.7/site-packages/airflow/example_dags/example_latest_only_with_trigger.py
[2023-04-28T05:16:16.528+0000] {processor.py:743} INFO - Processing file /home/airflow/.local/lib/python3.7/site-packages/airflow/example_dags/example_latest_only_with_trigger.py for tasks to queue
[2023-04-28T05:16:16.529+0000] {logging_mixin.py:137} INFO - [2023-04-28T05:16:16.529+0000] {dagbag.py:538} INFO - Filling up the DagBag from /home/airflow/.local/lib/python3.7/site-packages/airflow/example_dags/example_latest_only_with_trigger.py
[2023-04-28T05:16:16.548+0000] {processor.py:753} INFO - DAG(s) dict_keys(['latest_only_with_trigger']) retrieved from /home/airflow/.local/lib/python3.7/site-packages/airflow/example_dags/example_latest_only_with_trigger.py
[2023-04-28T05:16:16.593+0000] {logging_mixin.py:137} INFO - [2023-04-28T05:16:16.593+0000] {dag.py:2690} INFO - Sync 1 DAGs
[2023-04-28T05:16:16.627+0000] {logging_mixin.py:137} INFO - [2023-04-28T05:16:16.627+0000] {dag.py:3441} INFO - Setting next_dagrun for latest_only_with_trigger to 2023-04-28T01:16:16.627267+00:00, run_after=2023-04-28T05:16:16.627267+00:00
[2023-04-28T05:16:16.654+0000] {processor.py:175} INFO - Processing /home/airflow/.local/lib/python3.7/site-packages/airflow/example_dags/example_latest_only_with_trigger.py took 0.134 seconds
[2023-04-28T05:32:12.978+0000] {processor.py:153} INFO - Started process (PID=14931) to work on /home/airflow/.local/lib/python3.7/site-packages/airflow/example_dags/example_latest_only_with_trigger.py
[2023-04-28T05:32:12.979+0000] {processor.py:743} INFO - Processing file /home/airflow/.local/lib/python3.7/site-packages/airflow/example_dags/example_latest_only_with_trigger.py for tasks to queue
[2023-04-28T05:32:12.980+0000] {logging_mixin.py:137} INFO - [2023-04-28T05:32:12.979+0000] {dagbag.py:538} INFO - Filling up the DagBag from /home/airflow/.local/lib/python3.7/site-packages/airflow/example_dags/example_latest_only_with_trigger.py
[2023-04-28T05:32:12.991+0000] {processor.py:753} INFO - DAG(s) dict_keys(['latest_only_with_trigger']) retrieved from /home/airflow/.local/lib/python3.7/site-packages/airflow/example_dags/example_latest_only_with_trigger.py
[2023-04-28T05:32:13.011+0000] {logging_mixin.py:137} INFO - [2023-04-28T05:32:13.011+0000] {dag.py:2690} INFO - Sync 1 DAGs
[2023-04-28T05:32:13.027+0000] {logging_mixin.py:137} INFO - [2023-04-28T05:32:13.027+0000] {dag.py:3441} INFO - Setting next_dagrun for latest_only_with_trigger to 2023-04-28T01:32:13.026945+00:00, run_after=2023-04-28T05:32:13.026945+00:00
[2023-04-28T05:32:13.038+0000] {processor.py:175} INFO - Processing /home/airflow/.local/lib/python3.7/site-packages/airflow/example_dags/example_latest_only_with_trigger.py took 0.063 seconds
[2023-04-28T05:32:43.217+0000] {processor.py:153} INFO - Started process (PID=15008) to work on /home/airflow/.local/lib/python3.7/site-packages/airflow/example_dags/example_latest_only_with_trigger.py
[2023-04-28T05:32:43.218+0000] {processor.py:743} INFO - Processing file /home/airflow/.local/lib/python3.7/site-packages/airflow/example_dags/example_latest_only_with_trigger.py for tasks to queue
[2023-04-28T05:32:43.219+0000] {logging_mixin.py:137} INFO - [2023-04-28T05:32:43.219+0000] {dagbag.py:538} INFO - Filling up the DagBag from /home/airflow/.local/lib/python3.7/site-packages/airflow/example_dags/example_latest_only_with_trigger.py
[2023-04-28T05:32:43.231+0000] {processor.py:753} INFO - DAG(s) dict_keys(['latest_only_with_trigger']) retrieved from /home/airflow/.local/lib/python3.7/site-packages/airflow/example_dags/example_latest_only_with_trigger.py
[2023-04-28T05:32:43.253+0000] {logging_mixin.py:137} INFO - [2023-04-28T05:32:43.252+0000] {dag.py:2690} INFO - Sync 1 DAGs
[2023-04-28T05:32:43.271+0000] {logging_mixin.py:137} INFO - [2023-04-28T05:32:43.271+0000] {dag.py:3441} INFO - Setting next_dagrun for latest_only_with_trigger to 2023-04-28T01:32:43.270861+00:00, run_after=2023-04-28T05:32:43.270861+00:00
[2023-04-28T05:32:43.283+0000] {processor.py:175} INFO - Processing /home/airflow/.local/lib/python3.7/site-packages/airflow/example_dags/example_latest_only_with_trigger.py took 0.069 seconds
[2023-04-28T06:03:55.849+0000] {processor.py:153} INFO - Started process (PID=15075) to work on /home/airflow/.local/lib/python3.7/site-packages/airflow/example_dags/example_latest_only_with_trigger.py
[2023-04-28T06:03:55.850+0000] {processor.py:743} INFO - Processing file /home/airflow/.local/lib/python3.7/site-packages/airflow/example_dags/example_latest_only_with_trigger.py for tasks to queue
[2023-04-28T06:03:55.851+0000] {logging_mixin.py:137} INFO - [2023-04-28T06:03:55.851+0000] {dagbag.py:538} INFO - Filling up the DagBag from /home/airflow/.local/lib/python3.7/site-packages/airflow/example_dags/example_latest_only_with_trigger.py
[2023-04-28T06:03:55.862+0000] {processor.py:753} INFO - DAG(s) dict_keys(['latest_only_with_trigger']) retrieved from /home/airflow/.local/lib/python3.7/site-packages/airflow/example_dags/example_latest_only_with_trigger.py
[2023-04-28T06:03:55.882+0000] {logging_mixin.py:137} INFO - [2023-04-28T06:03:55.882+0000] {dag.py:2690} INFO - Sync 1 DAGs
[2023-04-28T06:03:55.898+0000] {logging_mixin.py:137} INFO - [2023-04-28T06:03:55.898+0000] {dag.py:3441} INFO - Setting next_dagrun for latest_only_with_trigger to 2023-04-28T02:03:55.898404+00:00, run_after=2023-04-28T06:03:55.898404+00:00
[2023-04-28T06:03:55.911+0000] {processor.py:175} INFO - Processing /home/airflow/.local/lib/python3.7/site-packages/airflow/example_dags/example_latest_only_with_trigger.py took 0.065 seconds
[2023-04-28T06:04:41.406+0000] {processor.py:153} INFO - Started process (PID=15154) to work on /home/airflow/.local/lib/python3.7/site-packages/airflow/example_dags/example_latest_only_with_trigger.py
[2023-04-28T06:04:41.407+0000] {processor.py:743} INFO - Processing file /home/airflow/.local/lib/python3.7/site-packages/airflow/example_dags/example_latest_only_with_trigger.py for tasks to queue
[2023-04-28T06:04:41.408+0000] {logging_mixin.py:137} INFO - [2023-04-28T06:04:41.407+0000] {dagbag.py:538} INFO - Filling up the DagBag from /home/airflow/.local/lib/python3.7/site-packages/airflow/example_dags/example_latest_only_with_trigger.py
[2023-04-28T06:04:41.419+0000] {processor.py:753} INFO - DAG(s) dict_keys(['latest_only_with_trigger']) retrieved from /home/airflow/.local/lib/python3.7/site-packages/airflow/example_dags/example_latest_only_with_trigger.py
[2023-04-28T06:04:41.439+0000] {logging_mixin.py:137} INFO - [2023-04-28T06:04:41.438+0000] {dag.py:2690} INFO - Sync 1 DAGs
[2023-04-28T06:04:41.455+0000] {logging_mixin.py:137} INFO - [2023-04-28T06:04:41.455+0000] {dag.py:3441} INFO - Setting next_dagrun for latest_only_with_trigger to 2023-04-28T02:04:41.455114+00:00, run_after=2023-04-28T06:04:41.455114+00:00
[2023-04-28T06:04:41.466+0000] {processor.py:175} INFO - Processing /home/airflow/.local/lib/python3.7/site-packages/airflow/example_dags/example_latest_only_with_trigger.py took 0.064 seconds
[2023-04-28T06:05:11.999+0000] {processor.py:153} INFO - Started process (PID=15232) to work on /home/airflow/.local/lib/python3.7/site-packages/airflow/example_dags/example_latest_only_with_trigger.py
[2023-04-28T06:05:12.001+0000] {processor.py:743} INFO - Processing file /home/airflow/.local/lib/python3.7/site-packages/airflow/example_dags/example_latest_only_with_trigger.py for tasks to queue
[2023-04-28T06:05:12.001+0000] {logging_mixin.py:137} INFO - [2023-04-28T06:05:12.001+0000] {dagbag.py:538} INFO - Filling up the DagBag from /home/airflow/.local/lib/python3.7/site-packages/airflow/example_dags/example_latest_only_with_trigger.py
[2023-04-28T06:05:12.012+0000] {processor.py:753} INFO - DAG(s) dict_keys(['latest_only_with_trigger']) retrieved from /home/airflow/.local/lib/python3.7/site-packages/airflow/example_dags/example_latest_only_with_trigger.py
[2023-04-28T06:05:12.031+0000] {logging_mixin.py:137} INFO - [2023-04-28T06:05:12.030+0000] {dag.py:2690} INFO - Sync 1 DAGs
[2023-04-28T06:05:12.046+0000] {logging_mixin.py:137} INFO - [2023-04-28T06:05:12.046+0000] {dag.py:3441} INFO - Setting next_dagrun for latest_only_with_trigger to 2023-04-28T02:05:12.046627+00:00, run_after=2023-04-28T06:05:12.046627+00:00
[2023-04-28T06:05:12.058+0000] {processor.py:175} INFO - Processing /home/airflow/.local/lib/python3.7/site-packages/airflow/example_dags/example_latest_only_with_trigger.py took 0.061 seconds
[2023-04-28T06:05:42.499+0000] {processor.py:153} INFO - Started process (PID=15298) to work on /home/airflow/.local/lib/python3.7/site-packages/airflow/example_dags/example_latest_only_with_trigger.py
[2023-04-28T06:05:42.500+0000] {processor.py:743} INFO - Processing file /home/airflow/.local/lib/python3.7/site-packages/airflow/example_dags/example_latest_only_with_trigger.py for tasks to queue
[2023-04-28T06:05:42.501+0000] {logging_mixin.py:137} INFO - [2023-04-28T06:05:42.501+0000] {dagbag.py:538} INFO - Filling up the DagBag from /home/airflow/.local/lib/python3.7/site-packages/airflow/example_dags/example_latest_only_with_trigger.py
[2023-04-28T06:05:42.512+0000] {processor.py:753} INFO - DAG(s) dict_keys(['latest_only_with_trigger']) retrieved from /home/airflow/.local/lib/python3.7/site-packages/airflow/example_dags/example_latest_only_with_trigger.py
[2023-04-28T06:05:42.531+0000] {logging_mixin.py:137} INFO - [2023-04-28T06:05:42.531+0000] {dag.py:2690} INFO - Sync 1 DAGs
[2023-04-28T06:05:42.547+0000] {logging_mixin.py:137} INFO - [2023-04-28T06:05:42.547+0000] {dag.py:3441} INFO - Setting next_dagrun for latest_only_with_trigger to 2023-04-28T02:05:42.547516+00:00, run_after=2023-04-28T06:05:42.547516+00:00
[2023-04-28T06:05:42.560+0000] {processor.py:175} INFO - Processing /home/airflow/.local/lib/python3.7/site-packages/airflow/example_dags/example_latest_only_with_trigger.py took 0.064 seconds
[2023-04-28T06:06:12.771+0000] {processor.py:153} INFO - Started process (PID=15378) to work on /home/airflow/.local/lib/python3.7/site-packages/airflow/example_dags/example_latest_only_with_trigger.py
[2023-04-28T06:06:12.772+0000] {processor.py:743} INFO - Processing file /home/airflow/.local/lib/python3.7/site-packages/airflow/example_dags/example_latest_only_with_trigger.py for tasks to queue
[2023-04-28T06:06:12.773+0000] {logging_mixin.py:137} INFO - [2023-04-28T06:06:12.773+0000] {dagbag.py:538} INFO - Filling up the DagBag from /home/airflow/.local/lib/python3.7/site-packages/airflow/example_dags/example_latest_only_with_trigger.py
[2023-04-28T06:06:12.786+0000] {processor.py:753} INFO - DAG(s) dict_keys(['latest_only_with_trigger']) retrieved from /home/airflow/.local/lib/python3.7/site-packages/airflow/example_dags/example_latest_only_with_trigger.py
[2023-04-28T06:06:12.806+0000] {logging_mixin.py:137} INFO - [2023-04-28T06:06:12.806+0000] {dag.py:2690} INFO - Sync 1 DAGs
[2023-04-28T06:06:12.822+0000] {logging_mixin.py:137} INFO - [2023-04-28T06:06:12.821+0000] {dag.py:3441} INFO - Setting next_dagrun for latest_only_with_trigger to 2023-04-28T02:06:12.821742+00:00, run_after=2023-04-28T06:06:12.821742+00:00
[2023-04-28T06:06:12.833+0000] {processor.py:175} INFO - Processing /home/airflow/.local/lib/python3.7/site-packages/airflow/example_dags/example_latest_only_with_trigger.py took 0.065 seconds
[2023-04-28T06:06:43.469+0000] {processor.py:153} INFO - Started process (PID=15455) to work on /home/airflow/.local/lib/python3.7/site-packages/airflow/example_dags/example_latest_only_with_trigger.py
[2023-04-28T06:06:43.471+0000] {processor.py:743} INFO - Processing file /home/airflow/.local/lib/python3.7/site-packages/airflow/example_dags/example_latest_only_with_trigger.py for tasks to queue
[2023-04-28T06:06:43.472+0000] {logging_mixin.py:137} INFO - [2023-04-28T06:06:43.472+0000] {dagbag.py:538} INFO - Filling up the DagBag from /home/airflow/.local/lib/python3.7/site-packages/airflow/example_dags/example_latest_only_with_trigger.py
[2023-04-28T06:06:43.484+0000] {processor.py:753} INFO - DAG(s) dict_keys(['latest_only_with_trigger']) retrieved from /home/airflow/.local/lib/python3.7/site-packages/airflow/example_dags/example_latest_only_with_trigger.py
[2023-04-28T06:06:43.504+0000] {logging_mixin.py:137} INFO - [2023-04-28T06:06:43.504+0000] {dag.py:2690} INFO - Sync 1 DAGs
[2023-04-28T06:06:43.519+0000] {logging_mixin.py:137} INFO - [2023-04-28T06:06:43.519+0000] {dag.py:3441} INFO - Setting next_dagrun for latest_only_with_trigger to 2023-04-28T02:06:43.519532+00:00, run_after=2023-04-28T06:06:43.519532+00:00
[2023-04-28T06:06:43.531+0000] {processor.py:175} INFO - Processing /home/airflow/.local/lib/python3.7/site-packages/airflow/example_dags/example_latest_only_with_trigger.py took 0.064 seconds
[2023-04-28T06:07:13.841+0000] {processor.py:153} INFO - Started process (PID=15522) to work on /home/airflow/.local/lib/python3.7/site-packages/airflow/example_dags/example_latest_only_with_trigger.py
[2023-04-28T06:07:13.842+0000] {processor.py:743} INFO - Processing file /home/airflow/.local/lib/python3.7/site-packages/airflow/example_dags/example_latest_only_with_trigger.py for tasks to queue
[2023-04-28T06:07:13.843+0000] {logging_mixin.py:137} INFO - [2023-04-28T06:07:13.843+0000] {dagbag.py:538} INFO - Filling up the DagBag from /home/airflow/.local/lib/python3.7/site-packages/airflow/example_dags/example_latest_only_with_trigger.py
[2023-04-28T06:07:13.856+0000] {processor.py:753} INFO - DAG(s) dict_keys(['latest_only_with_trigger']) retrieved from /home/airflow/.local/lib/python3.7/site-packages/airflow/example_dags/example_latest_only_with_trigger.py
[2023-04-28T06:07:13.876+0000] {logging_mixin.py:137} INFO - [2023-04-28T06:07:13.876+0000] {dag.py:2690} INFO - Sync 1 DAGs
[2023-04-28T06:07:13.891+0000] {logging_mixin.py:137} INFO - [2023-04-28T06:07:13.891+0000] {dag.py:3441} INFO - Setting next_dagrun for latest_only_with_trigger to 2023-04-28T02:07:13.891673+00:00, run_after=2023-04-28T06:07:13.891673+00:00
[2023-04-28T06:07:13.906+0000] {processor.py:175} INFO - Processing /home/airflow/.local/lib/python3.7/site-packages/airflow/example_dags/example_latest_only_with_trigger.py took 0.068 seconds
[2023-04-28T06:07:44.379+0000] {processor.py:153} INFO - Started process (PID=15600) to work on /home/airflow/.local/lib/python3.7/site-packages/airflow/example_dags/example_latest_only_with_trigger.py
[2023-04-28T06:07:44.380+0000] {processor.py:743} INFO - Processing file /home/airflow/.local/lib/python3.7/site-packages/airflow/example_dags/example_latest_only_with_trigger.py for tasks to queue
[2023-04-28T06:07:44.381+0000] {logging_mixin.py:137} INFO - [2023-04-28T06:07:44.381+0000] {dagbag.py:538} INFO - Filling up the DagBag from /home/airflow/.local/lib/python3.7/site-packages/airflow/example_dags/example_latest_only_with_trigger.py
[2023-04-28T06:07:44.391+0000] {processor.py:753} INFO - DAG(s) dict_keys(['latest_only_with_trigger']) retrieved from /home/airflow/.local/lib/python3.7/site-packages/airflow/example_dags/example_latest_only_with_trigger.py
[2023-04-28T06:07:44.410+0000] {logging_mixin.py:137} INFO - [2023-04-28T06:07:44.410+0000] {dag.py:2690} INFO - Sync 1 DAGs
[2023-04-28T06:07:44.425+0000] {logging_mixin.py:137} INFO - [2023-04-28T06:07:44.425+0000] {dag.py:3441} INFO - Setting next_dagrun for latest_only_with_trigger to 2023-04-28T02:07:44.424897+00:00, run_after=2023-04-28T06:07:44.424897+00:00
[2023-04-28T06:07:44.436+0000] {processor.py:175} INFO - Processing /home/airflow/.local/lib/python3.7/site-packages/airflow/example_dags/example_latest_only_with_trigger.py took 0.060 seconds
[2023-04-28T06:08:14.792+0000] {processor.py:153} INFO - Started process (PID=15678) to work on /home/airflow/.local/lib/python3.7/site-packages/airflow/example_dags/example_latest_only_with_trigger.py
[2023-04-28T06:08:14.793+0000] {processor.py:743} INFO - Processing file /home/airflow/.local/lib/python3.7/site-packages/airflow/example_dags/example_latest_only_with_trigger.py for tasks to queue
[2023-04-28T06:08:14.794+0000] {logging_mixin.py:137} INFO - [2023-04-28T06:08:14.794+0000] {dagbag.py:538} INFO - Filling up the DagBag from /home/airflow/.local/lib/python3.7/site-packages/airflow/example_dags/example_latest_only_with_trigger.py
[2023-04-28T06:08:14.805+0000] {processor.py:753} INFO - DAG(s) dict_keys(['latest_only_with_trigger']) retrieved from /home/airflow/.local/lib/python3.7/site-packages/airflow/example_dags/example_latest_only_with_trigger.py
[2023-04-28T06:08:14.825+0000] {logging_mixin.py:137} INFO - [2023-04-28T06:08:14.825+0000] {dag.py:2690} INFO - Sync 1 DAGs
[2023-04-28T06:08:14.841+0000] {logging_mixin.py:137} INFO - [2023-04-28T06:08:14.841+0000] {dag.py:3441} INFO - Setting next_dagrun for latest_only_with_trigger to 2023-04-28T02:08:14.841391+00:00, run_after=2023-04-28T06:08:14.841391+00:00
[2023-04-28T06:08:14.853+0000] {processor.py:175} INFO - Processing /home/airflow/.local/lib/python3.7/site-packages/airflow/example_dags/example_latest_only_with_trigger.py took 0.065 seconds
[2023-04-28T06:08:45.332+0000] {processor.py:153} INFO - Started process (PID=15744) to work on /home/airflow/.local/lib/python3.7/site-packages/airflow/example_dags/example_latest_only_with_trigger.py
[2023-04-28T06:08:45.335+0000] {processor.py:743} INFO - Processing file /home/airflow/.local/lib/python3.7/site-packages/airflow/example_dags/example_latest_only_with_trigger.py for tasks to queue
[2023-04-28T06:08:45.337+0000] {logging_mixin.py:137} INFO - [2023-04-28T06:08:45.337+0000] {dagbag.py:538} INFO - Filling up the DagBag from /home/airflow/.local/lib/python3.7/site-packages/airflow/example_dags/example_latest_only_with_trigger.py
[2023-04-28T06:08:45.350+0000] {processor.py:753} INFO - DAG(s) dict_keys(['latest_only_with_trigger']) retrieved from /home/airflow/.local/lib/python3.7/site-packages/airflow/example_dags/example_latest_only_with_trigger.py
[2023-04-28T06:08:45.372+0000] {logging_mixin.py:137} INFO - [2023-04-28T06:08:45.372+0000] {dag.py:2690} INFO - Sync 1 DAGs
[2023-04-28T06:08:45.393+0000] {logging_mixin.py:137} INFO - [2023-04-28T06:08:45.393+0000] {dag.py:3441} INFO - Setting next_dagrun for latest_only_with_trigger to 2023-04-28T02:08:45.393146+00:00, run_after=2023-04-28T06:08:45.393146+00:00
[2023-04-28T06:08:45.404+0000] {processor.py:175} INFO - Processing /home/airflow/.local/lib/python3.7/site-packages/airflow/example_dags/example_latest_only_with_trigger.py took 0.075 seconds
[2023-04-28T06:09:15.735+0000] {processor.py:153} INFO - Started process (PID=15822) to work on /home/airflow/.local/lib/python3.7/site-packages/airflow/example_dags/example_latest_only_with_trigger.py
[2023-04-28T06:09:15.736+0000] {processor.py:743} INFO - Processing file /home/airflow/.local/lib/python3.7/site-packages/airflow/example_dags/example_latest_only_with_trigger.py for tasks to queue
[2023-04-28T06:09:15.737+0000] {logging_mixin.py:137} INFO - [2023-04-28T06:09:15.737+0000] {dagbag.py:538} INFO - Filling up the DagBag from /home/airflow/.local/lib/python3.7/site-packages/airflow/example_dags/example_latest_only_with_trigger.py
[2023-04-28T06:09:15.748+0000] {processor.py:753} INFO - DAG(s) dict_keys(['latest_only_with_trigger']) retrieved from /home/airflow/.local/lib/python3.7/site-packages/airflow/example_dags/example_latest_only_with_trigger.py
[2023-04-28T06:09:15.768+0000] {logging_mixin.py:137} INFO - [2023-04-28T06:09:15.768+0000] {dag.py:2690} INFO - Sync 1 DAGs
[2023-04-28T06:09:15.783+0000] {logging_mixin.py:137} INFO - [2023-04-28T06:09:15.783+0000] {dag.py:3441} INFO - Setting next_dagrun for latest_only_with_trigger to 2023-04-28T02:09:15.783316+00:00, run_after=2023-04-28T06:09:15.783316+00:00
[2023-04-28T06:09:15.796+0000] {processor.py:175} INFO - Processing /home/airflow/.local/lib/python3.7/site-packages/airflow/example_dags/example_latest_only_with_trigger.py took 0.063 seconds
[2023-04-28T06:09:46.744+0000] {processor.py:153} INFO - Started process (PID=15901) to work on /home/airflow/.local/lib/python3.7/site-packages/airflow/example_dags/example_latest_only_with_trigger.py
[2023-04-28T06:09:46.746+0000] {processor.py:743} INFO - Processing file /home/airflow/.local/lib/python3.7/site-packages/airflow/example_dags/example_latest_only_with_trigger.py for tasks to queue
[2023-04-28T06:09:46.746+0000] {logging_mixin.py:137} INFO - [2023-04-28T06:09:46.746+0000] {dagbag.py:538} INFO - Filling up the DagBag from /home/airflow/.local/lib/python3.7/site-packages/airflow/example_dags/example_latest_only_with_trigger.py
[2023-04-28T06:09:46.757+0000] {processor.py:753} INFO - DAG(s) dict_keys(['latest_only_with_trigger']) retrieved from /home/airflow/.local/lib/python3.7/site-packages/airflow/example_dags/example_latest_only_with_trigger.py
[2023-04-28T06:09:46.779+0000] {logging_mixin.py:137} INFO - [2023-04-28T06:09:46.779+0000] {dag.py:2690} INFO - Sync 1 DAGs
[2023-04-28T06:09:46.797+0000] {logging_mixin.py:137} INFO - [2023-04-28T06:09:46.797+0000] {dag.py:3441} INFO - Setting next_dagrun for latest_only_with_trigger to 2023-04-28T02:09:46.797327+00:00, run_after=2023-04-28T06:09:46.797327+00:00
[2023-04-28T06:09:46.809+0000] {processor.py:175} INFO - Processing /home/airflow/.local/lib/python3.7/site-packages/airflow/example_dags/example_latest_only_with_trigger.py took 0.068 seconds
[2023-04-28T06:10:17.046+0000] {processor.py:153} INFO - Started process (PID=15966) to work on /home/airflow/.local/lib/python3.7/site-packages/airflow/example_dags/example_latest_only_with_trigger.py
[2023-04-28T06:10:17.047+0000] {processor.py:743} INFO - Processing file /home/airflow/.local/lib/python3.7/site-packages/airflow/example_dags/example_latest_only_with_trigger.py for tasks to queue
[2023-04-28T06:10:17.048+0000] {logging_mixin.py:137} INFO - [2023-04-28T06:10:17.047+0000] {dagbag.py:538} INFO - Filling up the DagBag from /home/airflow/.local/lib/python3.7/site-packages/airflow/example_dags/example_latest_only_with_trigger.py
[2023-04-28T06:10:17.059+0000] {processor.py:753} INFO - DAG(s) dict_keys(['latest_only_with_trigger']) retrieved from /home/airflow/.local/lib/python3.7/site-packages/airflow/example_dags/example_latest_only_with_trigger.py
[2023-04-28T06:10:17.080+0000] {logging_mixin.py:137} INFO - [2023-04-28T06:10:17.079+0000] {dag.py:2690} INFO - Sync 1 DAGs
[2023-04-28T06:10:17.095+0000] {logging_mixin.py:137} INFO - [2023-04-28T06:10:17.095+0000] {dag.py:3441} INFO - Setting next_dagrun for latest_only_with_trigger to 2023-04-28T02:10:17.095513+00:00, run_after=2023-04-28T06:10:17.095513+00:00
[2023-04-28T06:10:17.107+0000] {processor.py:175} INFO - Processing /home/airflow/.local/lib/python3.7/site-packages/airflow/example_dags/example_latest_only_with_trigger.py took 0.064 seconds
[2023-04-28T06:10:47.426+0000] {processor.py:153} INFO - Started process (PID=16044) to work on /home/airflow/.local/lib/python3.7/site-packages/airflow/example_dags/example_latest_only_with_trigger.py
[2023-04-28T06:10:47.428+0000] {processor.py:743} INFO - Processing file /home/airflow/.local/lib/python3.7/site-packages/airflow/example_dags/example_latest_only_with_trigger.py for tasks to queue
[2023-04-28T06:10:47.429+0000] {logging_mixin.py:137} INFO - [2023-04-28T06:10:47.428+0000] {dagbag.py:538} INFO - Filling up the DagBag from /home/airflow/.local/lib/python3.7/site-packages/airflow/example_dags/example_latest_only_with_trigger.py
[2023-04-28T06:10:47.441+0000] {processor.py:753} INFO - DAG(s) dict_keys(['latest_only_with_trigger']) retrieved from /home/airflow/.local/lib/python3.7/site-packages/airflow/example_dags/example_latest_only_with_trigger.py
[2023-04-28T06:10:47.469+0000] {logging_mixin.py:137} INFO - [2023-04-28T06:10:47.469+0000] {dag.py:2690} INFO - Sync 1 DAGs
[2023-04-28T06:10:47.493+0000] {logging_mixin.py:137} INFO - [2023-04-28T06:10:47.492+0000] {dag.py:3441} INFO - Setting next_dagrun for latest_only_with_trigger to 2023-04-28T02:10:47.492623+00:00, run_after=2023-04-28T06:10:47.492623+00:00
[2023-04-28T06:10:47.508+0000] {processor.py:175} INFO - Processing /home/airflow/.local/lib/python3.7/site-packages/airflow/example_dags/example_latest_only_with_trigger.py took 0.084 seconds
[2023-04-28T06:11:18.064+0000] {processor.py:153} INFO - Started process (PID=16122) to work on /home/airflow/.local/lib/python3.7/site-packages/airflow/example_dags/example_latest_only_with_trigger.py
[2023-04-28T06:11:18.066+0000] {processor.py:743} INFO - Processing file /home/airflow/.local/lib/python3.7/site-packages/airflow/example_dags/example_latest_only_with_trigger.py for tasks to queue
[2023-04-28T06:11:18.067+0000] {logging_mixin.py:137} INFO - [2023-04-28T06:11:18.067+0000] {dagbag.py:538} INFO - Filling up the DagBag from /home/airflow/.local/lib/python3.7/site-packages/airflow/example_dags/example_latest_only_with_trigger.py
[2023-04-28T06:11:18.078+0000] {processor.py:753} INFO - DAG(s) dict_keys(['latest_only_with_trigger']) retrieved from /home/airflow/.local/lib/python3.7/site-packages/airflow/example_dags/example_latest_only_with_trigger.py
[2023-04-28T06:11:18.098+0000] {logging_mixin.py:137} INFO - [2023-04-28T06:11:18.098+0000] {dag.py:2690} INFO - Sync 1 DAGs
[2023-04-28T06:11:18.114+0000] {logging_mixin.py:137} INFO - [2023-04-28T06:11:18.114+0000] {dag.py:3441} INFO - Setting next_dagrun for latest_only_with_trigger to 2023-04-28T02:11:18.114408+00:00, run_after=2023-04-28T06:11:18.114408+00:00
[2023-04-28T06:11:18.126+0000] {processor.py:175} INFO - Processing /home/airflow/.local/lib/python3.7/site-packages/airflow/example_dags/example_latest_only_with_trigger.py took 0.065 seconds
[2023-04-28T06:11:48.450+0000] {processor.py:153} INFO - Started process (PID=16188) to work on /home/airflow/.local/lib/python3.7/site-packages/airflow/example_dags/example_latest_only_with_trigger.py
[2023-04-28T06:11:48.451+0000] {processor.py:743} INFO - Processing file /home/airflow/.local/lib/python3.7/site-packages/airflow/example_dags/example_latest_only_with_trigger.py for tasks to queue
[2023-04-28T06:11:48.452+0000] {logging_mixin.py:137} INFO - [2023-04-28T06:11:48.452+0000] {dagbag.py:538} INFO - Filling up the DagBag from /home/airflow/.local/lib/python3.7/site-packages/airflow/example_dags/example_latest_only_with_trigger.py
[2023-04-28T06:11:48.464+0000] {processor.py:753} INFO - DAG(s) dict_keys(['latest_only_with_trigger']) retrieved from /home/airflow/.local/lib/python3.7/site-packages/airflow/example_dags/example_latest_only_with_trigger.py
[2023-04-28T06:11:48.493+0000] {logging_mixin.py:137} INFO - [2023-04-28T06:11:48.493+0000] {dag.py:2690} INFO - Sync 1 DAGs
[2023-04-28T06:11:48.523+0000] {logging_mixin.py:137} INFO - [2023-04-28T06:11:48.523+0000] {dag.py:3441} INFO - Setting next_dagrun for latest_only_with_trigger to 2023-04-28T02:11:48.523249+00:00, run_after=2023-04-28T06:11:48.523249+00:00
[2023-04-28T06:11:48.543+0000] {processor.py:175} INFO - Processing /home/airflow/.local/lib/python3.7/site-packages/airflow/example_dags/example_latest_only_with_trigger.py took 0.097 seconds
[2023-04-28T06:12:19.103+0000] {processor.py:153} INFO - Started process (PID=16266) to work on /home/airflow/.local/lib/python3.7/site-packages/airflow/example_dags/example_latest_only_with_trigger.py
[2023-04-28T06:12:19.104+0000] {processor.py:743} INFO - Processing file /home/airflow/.local/lib/python3.7/site-packages/airflow/example_dags/example_latest_only_with_trigger.py for tasks to queue
[2023-04-28T06:12:19.105+0000] {logging_mixin.py:137} INFO - [2023-04-28T06:12:19.105+0000] {dagbag.py:538} INFO - Filling up the DagBag from /home/airflow/.local/lib/python3.7/site-packages/airflow/example_dags/example_latest_only_with_trigger.py
[2023-04-28T06:12:19.117+0000] {processor.py:753} INFO - DAG(s) dict_keys(['latest_only_with_trigger']) retrieved from /home/airflow/.local/lib/python3.7/site-packages/airflow/example_dags/example_latest_only_with_trigger.py
[2023-04-28T06:12:19.137+0000] {logging_mixin.py:137} INFO - [2023-04-28T06:12:19.137+0000] {dag.py:2690} INFO - Sync 1 DAGs
[2023-04-28T06:12:19.153+0000] {logging_mixin.py:137} INFO - [2023-04-28T06:12:19.152+0000] {dag.py:3441} INFO - Setting next_dagrun for latest_only_with_trigger to 2023-04-28T02:12:19.152711+00:00, run_after=2023-04-28T06:12:19.152711+00:00
[2023-04-28T06:12:19.164+0000] {processor.py:175} INFO - Processing /home/airflow/.local/lib/python3.7/site-packages/airflow/example_dags/example_latest_only_with_trigger.py took 0.064 seconds
[2023-04-28T06:12:49.778+0000] {processor.py:153} INFO - Started process (PID=16343) to work on /home/airflow/.local/lib/python3.7/site-packages/airflow/example_dags/example_latest_only_with_trigger.py
[2023-04-28T06:12:49.780+0000] {processor.py:743} INFO - Processing file /home/airflow/.local/lib/python3.7/site-packages/airflow/example_dags/example_latest_only_with_trigger.py for tasks to queue
[2023-04-28T06:12:49.780+0000] {logging_mixin.py:137} INFO - [2023-04-28T06:12:49.780+0000] {dagbag.py:538} INFO - Filling up the DagBag from /home/airflow/.local/lib/python3.7/site-packages/airflow/example_dags/example_latest_only_with_trigger.py
[2023-04-28T06:12:49.792+0000] {processor.py:753} INFO - DAG(s) dict_keys(['latest_only_with_trigger']) retrieved from /home/airflow/.local/lib/python3.7/site-packages/airflow/example_dags/example_latest_only_with_trigger.py
[2023-04-28T06:12:49.812+0000] {logging_mixin.py:137} INFO - [2023-04-28T06:12:49.812+0000] {dag.py:2690} INFO - Sync 1 DAGs
[2023-04-28T06:12:49.828+0000] {logging_mixin.py:137} INFO - [2023-04-28T06:12:49.827+0000] {dag.py:3441} INFO - Setting next_dagrun for latest_only_with_trigger to 2023-04-28T02:12:49.827763+00:00, run_after=2023-04-28T06:12:49.827763+00:00
[2023-04-28T06:12:49.839+0000] {processor.py:175} INFO - Processing /home/airflow/.local/lib/python3.7/site-packages/airflow/example_dags/example_latest_only_with_trigger.py took 0.064 seconds
[2023-04-28T06:13:20.340+0000] {processor.py:153} INFO - Started process (PID=16410) to work on /home/airflow/.local/lib/python3.7/site-packages/airflow/example_dags/example_latest_only_with_trigger.py
[2023-04-28T06:13:20.341+0000] {processor.py:743} INFO - Processing file /home/airflow/.local/lib/python3.7/site-packages/airflow/example_dags/example_latest_only_with_trigger.py for tasks to queue
[2023-04-28T06:13:20.342+0000] {logging_mixin.py:137} INFO - [2023-04-28T06:13:20.342+0000] {dagbag.py:538} INFO - Filling up the DagBag from /home/airflow/.local/lib/python3.7/site-packages/airflow/example_dags/example_latest_only_with_trigger.py
[2023-04-28T06:13:20.354+0000] {processor.py:753} INFO - DAG(s) dict_keys(['latest_only_with_trigger']) retrieved from /home/airflow/.local/lib/python3.7/site-packages/airflow/example_dags/example_latest_only_with_trigger.py
[2023-04-28T06:13:20.374+0000] {logging_mixin.py:137} INFO - [2023-04-28T06:13:20.374+0000] {dag.py:2690} INFO - Sync 1 DAGs
[2023-04-28T06:13:20.391+0000] {logging_mixin.py:137} INFO - [2023-04-28T06:13:20.391+0000] {dag.py:3441} INFO - Setting next_dagrun for latest_only_with_trigger to 2023-04-28T02:13:20.391127+00:00, run_after=2023-04-28T06:13:20.391127+00:00
[2023-04-28T06:13:20.403+0000] {processor.py:175} INFO - Processing /home/airflow/.local/lib/python3.7/site-packages/airflow/example_dags/example_latest_only_with_trigger.py took 0.066 seconds
[2023-04-28T06:13:50.689+0000] {processor.py:153} INFO - Started process (PID=16488) to work on /home/airflow/.local/lib/python3.7/site-packages/airflow/example_dags/example_latest_only_with_trigger.py
[2023-04-28T06:13:50.690+0000] {processor.py:743} INFO - Processing file /home/airflow/.local/lib/python3.7/site-packages/airflow/example_dags/example_latest_only_with_trigger.py for tasks to queue
[2023-04-28T06:13:50.691+0000] {logging_mixin.py:137} INFO - [2023-04-28T06:13:50.690+0000] {dagbag.py:538} INFO - Filling up the DagBag from /home/airflow/.local/lib/python3.7/site-packages/airflow/example_dags/example_latest_only_with_trigger.py
[2023-04-28T06:13:50.701+0000] {processor.py:753} INFO - DAG(s) dict_keys(['latest_only_with_trigger']) retrieved from /home/airflow/.local/lib/python3.7/site-packages/airflow/example_dags/example_latest_only_with_trigger.py
[2023-04-28T06:13:50.721+0000] {logging_mixin.py:137} INFO - [2023-04-28T06:13:50.721+0000] {dag.py:2690} INFO - Sync 1 DAGs
[2023-04-28T06:13:50.736+0000] {logging_mixin.py:137} INFO - [2023-04-28T06:13:50.735+0000] {dag.py:3441} INFO - Setting next_dagrun for latest_only_with_trigger to 2023-04-28T02:13:50.735766+00:00, run_after=2023-04-28T06:13:50.735766+00:00
[2023-04-28T06:13:50.746+0000] {processor.py:175} INFO - Processing /home/airflow/.local/lib/python3.7/site-packages/airflow/example_dags/example_latest_only_with_trigger.py took 0.060 seconds
[2023-04-28T06:14:21.031+0000] {processor.py:153} INFO - Started process (PID=16566) to work on /home/airflow/.local/lib/python3.7/site-packages/airflow/example_dags/example_latest_only_with_trigger.py
[2023-04-28T06:14:21.032+0000] {processor.py:743} INFO - Processing file /home/airflow/.local/lib/python3.7/site-packages/airflow/example_dags/example_latest_only_with_trigger.py for tasks to queue
[2023-04-28T06:14:21.033+0000] {logging_mixin.py:137} INFO - [2023-04-28T06:14:21.033+0000] {dagbag.py:538} INFO - Filling up the DagBag from /home/airflow/.local/lib/python3.7/site-packages/airflow/example_dags/example_latest_only_with_trigger.py
[2023-04-28T06:14:21.044+0000] {processor.py:753} INFO - DAG(s) dict_keys(['latest_only_with_trigger']) retrieved from /home/airflow/.local/lib/python3.7/site-packages/airflow/example_dags/example_latest_only_with_trigger.py
[2023-04-28T06:14:21.065+0000] {logging_mixin.py:137} INFO - [2023-04-28T06:14:21.065+0000] {dag.py:2690} INFO - Sync 1 DAGs
[2023-04-28T06:14:21.081+0000] {logging_mixin.py:137} INFO - [2023-04-28T06:14:21.081+0000] {dag.py:3441} INFO - Setting next_dagrun for latest_only_with_trigger to 2023-04-28T02:14:21.081212+00:00, run_after=2023-04-28T06:14:21.081212+00:00
[2023-04-28T06:14:21.093+0000] {processor.py:175} INFO - Processing /home/airflow/.local/lib/python3.7/site-packages/airflow/example_dags/example_latest_only_with_trigger.py took 0.065 seconds
[2023-04-28T06:14:51.469+0000] {processor.py:153} INFO - Started process (PID=16631) to work on /home/airflow/.local/lib/python3.7/site-packages/airflow/example_dags/example_latest_only_with_trigger.py
[2023-04-28T06:14:51.470+0000] {processor.py:743} INFO - Processing file /home/airflow/.local/lib/python3.7/site-packages/airflow/example_dags/example_latest_only_with_trigger.py for tasks to queue
[2023-04-28T06:14:51.471+0000] {logging_mixin.py:137} INFO - [2023-04-28T06:14:51.471+0000] {dagbag.py:538} INFO - Filling up the DagBag from /home/airflow/.local/lib/python3.7/site-packages/airflow/example_dags/example_latest_only_with_trigger.py
[2023-04-28T06:14:51.482+0000] {processor.py:753} INFO - DAG(s) dict_keys(['latest_only_with_trigger']) retrieved from /home/airflow/.local/lib/python3.7/site-packages/airflow/example_dags/example_latest_only_with_trigger.py
[2023-04-28T06:14:51.502+0000] {logging_mixin.py:137} INFO - [2023-04-28T06:14:51.502+0000] {dag.py:2690} INFO - Sync 1 DAGs
[2023-04-28T06:14:51.517+0000] {logging_mixin.py:137} INFO - [2023-04-28T06:14:51.517+0000] {dag.py:3441} INFO - Setting next_dagrun for latest_only_with_trigger to 2023-04-28T02:14:51.517411+00:00, run_after=2023-04-28T06:14:51.517411+00:00
[2023-04-28T06:14:51.529+0000] {processor.py:175} INFO - Processing /home/airflow/.local/lib/python3.7/site-packages/airflow/example_dags/example_latest_only_with_trigger.py took 0.063 seconds
[2023-04-28T06:15:21.921+0000] {processor.py:153} INFO - Started process (PID=16709) to work on /home/airflow/.local/lib/python3.7/site-packages/airflow/example_dags/example_latest_only_with_trigger.py
[2023-04-28T06:15:21.922+0000] {processor.py:743} INFO - Processing file /home/airflow/.local/lib/python3.7/site-packages/airflow/example_dags/example_latest_only_with_trigger.py for tasks to queue
[2023-04-28T06:15:21.923+0000] {logging_mixin.py:137} INFO - [2023-04-28T06:15:21.923+0000] {dagbag.py:538} INFO - Filling up the DagBag from /home/airflow/.local/lib/python3.7/site-packages/airflow/example_dags/example_latest_only_with_trigger.py
[2023-04-28T06:15:21.934+0000] {processor.py:753} INFO - DAG(s) dict_keys(['latest_only_with_trigger']) retrieved from /home/airflow/.local/lib/python3.7/site-packages/airflow/example_dags/example_latest_only_with_trigger.py
[2023-04-28T06:15:21.954+0000] {logging_mixin.py:137} INFO - [2023-04-28T06:15:21.954+0000] {dag.py:2690} INFO - Sync 1 DAGs
[2023-04-28T06:15:21.970+0000] {logging_mixin.py:137} INFO - [2023-04-28T06:15:21.970+0000] {dag.py:3441} INFO - Setting next_dagrun for latest_only_with_trigger to 2023-04-28T02:15:21.969985+00:00, run_after=2023-04-28T06:15:21.969985+00:00
[2023-04-28T06:15:21.981+0000] {processor.py:175} INFO - Processing /home/airflow/.local/lib/python3.7/site-packages/airflow/example_dags/example_latest_only_with_trigger.py took 0.063 seconds
[2023-04-28T06:15:52.300+0000] {processor.py:153} INFO - Started process (PID=16786) to work on /home/airflow/.local/lib/python3.7/site-packages/airflow/example_dags/example_latest_only_with_trigger.py
[2023-04-28T06:15:52.301+0000] {processor.py:743} INFO - Processing file /home/airflow/.local/lib/python3.7/site-packages/airflow/example_dags/example_latest_only_with_trigger.py for tasks to queue
[2023-04-28T06:15:52.302+0000] {logging_mixin.py:137} INFO - [2023-04-28T06:15:52.302+0000] {dagbag.py:538} INFO - Filling up the DagBag from /home/airflow/.local/lib/python3.7/site-packages/airflow/example_dags/example_latest_only_with_trigger.py
[2023-04-28T06:15:52.313+0000] {processor.py:753} INFO - DAG(s) dict_keys(['latest_only_with_trigger']) retrieved from /home/airflow/.local/lib/python3.7/site-packages/airflow/example_dags/example_latest_only_with_trigger.py
[2023-04-28T06:15:52.334+0000] {logging_mixin.py:137} INFO - [2023-04-28T06:15:52.334+0000] {dag.py:2690} INFO - Sync 1 DAGs
[2023-04-28T06:15:52.349+0000] {logging_mixin.py:137} INFO - [2023-04-28T06:15:52.349+0000] {dag.py:3441} INFO - Setting next_dagrun for latest_only_with_trigger to 2023-04-28T02:15:52.349481+00:00, run_after=2023-04-28T06:15:52.349481+00:00
[2023-04-28T06:15:52.365+0000] {processor.py:175} INFO - Processing /home/airflow/.local/lib/python3.7/site-packages/airflow/example_dags/example_latest_only_with_trigger.py took 0.068 seconds
[2023-04-28T06:16:22.563+0000] {processor.py:153} INFO - Started process (PID=16851) to work on /home/airflow/.local/lib/python3.7/site-packages/airflow/example_dags/example_latest_only_with_trigger.py
[2023-04-28T06:16:22.564+0000] {processor.py:743} INFO - Processing file /home/airflow/.local/lib/python3.7/site-packages/airflow/example_dags/example_latest_only_with_trigger.py for tasks to queue
[2023-04-28T06:16:22.565+0000] {logging_mixin.py:137} INFO - [2023-04-28T06:16:22.565+0000] {dagbag.py:538} INFO - Filling up the DagBag from /home/airflow/.local/lib/python3.7/site-packages/airflow/example_dags/example_latest_only_with_trigger.py
[2023-04-28T06:16:22.577+0000] {processor.py:753} INFO - DAG(s) dict_keys(['latest_only_with_trigger']) retrieved from /home/airflow/.local/lib/python3.7/site-packages/airflow/example_dags/example_latest_only_with_trigger.py
[2023-04-28T06:16:22.596+0000] {logging_mixin.py:137} INFO - [2023-04-28T06:16:22.596+0000] {dag.py:2690} INFO - Sync 1 DAGs
[2023-04-28T06:16:22.611+0000] {logging_mixin.py:137} INFO - [2023-04-28T06:16:22.611+0000] {dag.py:3441} INFO - Setting next_dagrun for latest_only_with_trigger to 2023-04-28T02:16:22.611384+00:00, run_after=2023-04-28T06:16:22.611384+00:00
[2023-04-28T06:16:22.622+0000] {processor.py:175} INFO - Processing /home/airflow/.local/lib/python3.7/site-packages/airflow/example_dags/example_latest_only_with_trigger.py took 0.062 seconds
[2023-04-28T06:16:53.077+0000] {processor.py:153} INFO - Started process (PID=16929) to work on /home/airflow/.local/lib/python3.7/site-packages/airflow/example_dags/example_latest_only_with_trigger.py
[2023-04-28T06:16:53.078+0000] {processor.py:743} INFO - Processing file /home/airflow/.local/lib/python3.7/site-packages/airflow/example_dags/example_latest_only_with_trigger.py for tasks to queue
[2023-04-28T06:16:53.079+0000] {logging_mixin.py:137} INFO - [2023-04-28T06:16:53.079+0000] {dagbag.py:538} INFO - Filling up the DagBag from /home/airflow/.local/lib/python3.7/site-packages/airflow/example_dags/example_latest_only_with_trigger.py
[2023-04-28T06:16:53.090+0000] {processor.py:753} INFO - DAG(s) dict_keys(['latest_only_with_trigger']) retrieved from /home/airflow/.local/lib/python3.7/site-packages/airflow/example_dags/example_latest_only_with_trigger.py
[2023-04-28T06:16:53.116+0000] {logging_mixin.py:137} INFO - [2023-04-28T06:16:53.115+0000] {dag.py:2690} INFO - Sync 1 DAGs
[2023-04-28T06:16:53.134+0000] {logging_mixin.py:137} INFO - [2023-04-28T06:16:53.134+0000] {dag.py:3441} INFO - Setting next_dagrun for latest_only_with_trigger to 2023-04-28T02:16:53.134333+00:00, run_after=2023-04-28T06:16:53.134333+00:00
[2023-04-28T06:16:53.147+0000] {processor.py:175} INFO - Processing /home/airflow/.local/lib/python3.7/site-packages/airflow/example_dags/example_latest_only_with_trigger.py took 0.073 seconds
[2023-04-28T06:17:23.483+0000] {processor.py:153} INFO - Started process (PID=17007) to work on /home/airflow/.local/lib/python3.7/site-packages/airflow/example_dags/example_latest_only_with_trigger.py
[2023-04-28T06:17:23.484+0000] {processor.py:743} INFO - Processing file /home/airflow/.local/lib/python3.7/site-packages/airflow/example_dags/example_latest_only_with_trigger.py for tasks to queue
[2023-04-28T06:17:23.485+0000] {logging_mixin.py:137} INFO - [2023-04-28T06:17:23.485+0000] {dagbag.py:538} INFO - Filling up the DagBag from /home/airflow/.local/lib/python3.7/site-packages/airflow/example_dags/example_latest_only_with_trigger.py
[2023-04-28T06:17:23.496+0000] {processor.py:753} INFO - DAG(s) dict_keys(['latest_only_with_trigger']) retrieved from /home/airflow/.local/lib/python3.7/site-packages/airflow/example_dags/example_latest_only_with_trigger.py
[2023-04-28T06:17:23.516+0000] {logging_mixin.py:137} INFO - [2023-04-28T06:17:23.516+0000] {dag.py:2690} INFO - Sync 1 DAGs
[2023-04-28T06:17:23.531+0000] {logging_mixin.py:137} INFO - [2023-04-28T06:17:23.531+0000] {dag.py:3441} INFO - Setting next_dagrun for latest_only_with_trigger to 2023-04-28T02:17:23.531185+00:00, run_after=2023-04-28T06:17:23.531185+00:00
[2023-04-28T06:17:23.543+0000] {processor.py:175} INFO - Processing /home/airflow/.local/lib/python3.7/site-packages/airflow/example_dags/example_latest_only_with_trigger.py took 0.063 seconds
[2023-04-28T06:17:53.898+0000] {processor.py:153} INFO - Started process (PID=17073) to work on /home/airflow/.local/lib/python3.7/site-packages/airflow/example_dags/example_latest_only_with_trigger.py
[2023-04-28T06:17:53.900+0000] {processor.py:743} INFO - Processing file /home/airflow/.local/lib/python3.7/site-packages/airflow/example_dags/example_latest_only_with_trigger.py for tasks to queue
[2023-04-28T06:17:53.900+0000] {logging_mixin.py:137} INFO - [2023-04-28T06:17:53.900+0000] {dagbag.py:538} INFO - Filling up the DagBag from /home/airflow/.local/lib/python3.7/site-packages/airflow/example_dags/example_latest_only_with_trigger.py
[2023-04-28T06:17:53.912+0000] {processor.py:753} INFO - DAG(s) dict_keys(['latest_only_with_trigger']) retrieved from /home/airflow/.local/lib/python3.7/site-packages/airflow/example_dags/example_latest_only_with_trigger.py
[2023-04-28T06:17:53.932+0000] {logging_mixin.py:137} INFO - [2023-04-28T06:17:53.932+0000] {dag.py:2690} INFO - Sync 1 DAGs
[2023-04-28T06:17:53.947+0000] {logging_mixin.py:137} INFO - [2023-04-28T06:17:53.947+0000] {dag.py:3441} INFO - Setting next_dagrun for latest_only_with_trigger to 2023-04-28T02:17:53.947499+00:00, run_after=2023-04-28T06:17:53.947499+00:00
[2023-04-28T06:17:53.959+0000] {processor.py:175} INFO - Processing /home/airflow/.local/lib/python3.7/site-packages/airflow/example_dags/example_latest_only_with_trigger.py took 0.064 seconds
[2023-04-28T06:18:24.494+0000] {processor.py:153} INFO - Started process (PID=17151) to work on /home/airflow/.local/lib/python3.7/site-packages/airflow/example_dags/example_latest_only_with_trigger.py
[2023-04-28T06:18:24.495+0000] {processor.py:743} INFO - Processing file /home/airflow/.local/lib/python3.7/site-packages/airflow/example_dags/example_latest_only_with_trigger.py for tasks to queue
[2023-04-28T06:18:24.496+0000] {logging_mixin.py:137} INFO - [2023-04-28T06:18:24.496+0000] {dagbag.py:538} INFO - Filling up the DagBag from /home/airflow/.local/lib/python3.7/site-packages/airflow/example_dags/example_latest_only_with_trigger.py
[2023-04-28T06:18:24.506+0000] {processor.py:753} INFO - DAG(s) dict_keys(['latest_only_with_trigger']) retrieved from /home/airflow/.local/lib/python3.7/site-packages/airflow/example_dags/example_latest_only_with_trigger.py
[2023-04-28T06:18:24.528+0000] {logging_mixin.py:137} INFO - [2023-04-28T06:18:24.528+0000] {dag.py:2690} INFO - Sync 1 DAGs
[2023-04-28T06:18:24.544+0000] {logging_mixin.py:137} INFO - [2023-04-28T06:18:24.544+0000] {dag.py:3441} INFO - Setting next_dagrun for latest_only_with_trigger to 2023-04-28T02:18:24.543977+00:00, run_after=2023-04-28T06:18:24.543977+00:00
[2023-04-28T06:18:24.556+0000] {processor.py:175} INFO - Processing /home/airflow/.local/lib/python3.7/site-packages/airflow/example_dags/example_latest_only_with_trigger.py took 0.066 seconds
[2023-04-28T06:18:54.821+0000] {processor.py:153} INFO - Started process (PID=17229) to work on /home/airflow/.local/lib/python3.7/site-packages/airflow/example_dags/example_latest_only_with_trigger.py
[2023-04-28T06:18:54.822+0000] {processor.py:743} INFO - Processing file /home/airflow/.local/lib/python3.7/site-packages/airflow/example_dags/example_latest_only_with_trigger.py for tasks to queue
[2023-04-28T06:18:54.823+0000] {logging_mixin.py:137} INFO - [2023-04-28T06:18:54.823+0000] {dagbag.py:538} INFO - Filling up the DagBag from /home/airflow/.local/lib/python3.7/site-packages/airflow/example_dags/example_latest_only_with_trigger.py
[2023-04-28T06:18:54.834+0000] {processor.py:753} INFO - DAG(s) dict_keys(['latest_only_with_trigger']) retrieved from /home/airflow/.local/lib/python3.7/site-packages/airflow/example_dags/example_latest_only_with_trigger.py
[2023-04-28T06:18:54.855+0000] {logging_mixin.py:137} INFO - [2023-04-28T06:18:54.854+0000] {dag.py:2690} INFO - Sync 1 DAGs
[2023-04-28T06:18:54.871+0000] {logging_mixin.py:137} INFO - [2023-04-28T06:18:54.871+0000] {dag.py:3441} INFO - Setting next_dagrun for latest_only_with_trigger to 2023-04-28T02:18:54.871443+00:00, run_after=2023-04-28T06:18:54.871443+00:00
[2023-04-28T06:18:54.883+0000] {processor.py:175} INFO - Processing /home/airflow/.local/lib/python3.7/site-packages/airflow/example_dags/example_latest_only_with_trigger.py took 0.065 seconds
