[2023-04-28T00:36:32.611+0000] {processor.py:153} INFO - Started process (PID=14575) to work on /home/airflow/.local/lib/python3.7/site-packages/airflow/example_dags/example_branch_operator.py
[2023-04-28T00:36:32.612+0000] {processor.py:743} INFO - Processing file /home/airflow/.local/lib/python3.7/site-packages/airflow/example_dags/example_branch_operator.py for tasks to queue
[2023-04-28T00:36:32.613+0000] {logging_mixin.py:137} INFO - [2023-04-28T00:36:32.613+0000] {dagbag.py:538} INFO - Filling up the DagBag from /home/airflow/.local/lib/python3.7/site-packages/airflow/example_dags/example_branch_operator.py
[2023-04-28T00:36:32.627+0000] {processor.py:753} INFO - DAG(s) dict_keys(['example_branch_operator']) retrieved from /home/airflow/.local/lib/python3.7/site-packages/airflow/example_dags/example_branch_operator.py
[2023-04-28T00:36:32.647+0000] {logging_mixin.py:137} INFO - [2023-04-28T00:36:32.647+0000] {dag.py:2690} INFO - Sync 1 DAGs
[2023-04-28T00:36:32.663+0000] {logging_mixin.py:137} INFO - [2023-04-28T00:36:32.662+0000] {dag.py:3441} INFO - Setting next_dagrun for example_branch_operator to 2023-04-27T00:00:00+00:00, run_after=2023-04-28T00:00:00+00:00
[2023-04-28T00:36:32.674+0000] {processor.py:175} INFO - Processing /home/airflow/.local/lib/python3.7/site-packages/airflow/example_dags/example_branch_operator.py took 0.066 seconds
[2023-04-28T01:42:54.033+0000] {processor.py:153} INFO - Started process (PID=14653) to work on /home/airflow/.local/lib/python3.7/site-packages/airflow/example_dags/example_branch_operator.py
[2023-04-28T01:42:54.034+0000] {processor.py:743} INFO - Processing file /home/airflow/.local/lib/python3.7/site-packages/airflow/example_dags/example_branch_operator.py for tasks to queue
[2023-04-28T01:42:54.035+0000] {logging_mixin.py:137} INFO - [2023-04-28T01:42:54.035+0000] {dagbag.py:538} INFO - Filling up the DagBag from /home/airflow/.local/lib/python3.7/site-packages/airflow/example_dags/example_branch_operator.py
[2023-04-28T01:42:54.047+0000] {processor.py:753} INFO - DAG(s) dict_keys(['example_branch_operator']) retrieved from /home/airflow/.local/lib/python3.7/site-packages/airflow/example_dags/example_branch_operator.py
[2023-04-28T01:42:54.067+0000] {logging_mixin.py:137} INFO - [2023-04-28T01:42:54.067+0000] {dag.py:2690} INFO - Sync 1 DAGs
[2023-04-28T01:42:54.083+0000] {logging_mixin.py:137} INFO - [2023-04-28T01:42:54.082+0000] {dag.py:3441} INFO - Setting next_dagrun for example_branch_operator to 2023-04-27T00:00:00+00:00, run_after=2023-04-28T00:00:00+00:00
[2023-04-28T01:42:54.093+0000] {processor.py:175} INFO - Processing /home/airflow/.local/lib/python3.7/site-packages/airflow/example_dags/example_branch_operator.py took 0.062 seconds
[2023-04-28T02:48:41.949+0000] {processor.py:153} INFO - Started process (PID=14719) to work on /home/airflow/.local/lib/python3.7/site-packages/airflow/example_dags/example_branch_operator.py
[2023-04-28T02:48:41.950+0000] {processor.py:743} INFO - Processing file /home/airflow/.local/lib/python3.7/site-packages/airflow/example_dags/example_branch_operator.py for tasks to queue
[2023-04-28T02:48:41.951+0000] {logging_mixin.py:137} INFO - [2023-04-28T02:48:41.951+0000] {dagbag.py:538} INFO - Filling up the DagBag from /home/airflow/.local/lib/python3.7/site-packages/airflow/example_dags/example_branch_operator.py
[2023-04-28T02:48:41.964+0000] {processor.py:753} INFO - DAG(s) dict_keys(['example_branch_operator']) retrieved from /home/airflow/.local/lib/python3.7/site-packages/airflow/example_dags/example_branch_operator.py
[2023-04-28T02:48:41.986+0000] {logging_mixin.py:137} INFO - [2023-04-28T02:48:41.986+0000] {dag.py:2690} INFO - Sync 1 DAGs
[2023-04-28T02:48:42.004+0000] {logging_mixin.py:137} INFO - [2023-04-28T02:48:42.004+0000] {dag.py:3441} INFO - Setting next_dagrun for example_branch_operator to 2023-04-27T00:00:00+00:00, run_after=2023-04-28T00:00:00+00:00
[2023-04-28T02:48:42.017+0000] {processor.py:175} INFO - Processing /home/airflow/.local/lib/python3.7/site-packages/airflow/example_dags/example_branch_operator.py took 0.070 seconds
[2023-04-28T03:54:55.217+0000] {processor.py:153} INFO - Started process (PID=14796) to work on /home/airflow/.local/lib/python3.7/site-packages/airflow/example_dags/example_branch_operator.py
[2023-04-28T03:54:55.219+0000] {processor.py:743} INFO - Processing file /home/airflow/.local/lib/python3.7/site-packages/airflow/example_dags/example_branch_operator.py for tasks to queue
[2023-04-28T03:54:55.221+0000] {logging_mixin.py:137} INFO - [2023-04-28T03:54:55.221+0000] {dagbag.py:538} INFO - Filling up the DagBag from /home/airflow/.local/lib/python3.7/site-packages/airflow/example_dags/example_branch_operator.py
[2023-04-28T03:54:55.241+0000] {processor.py:753} INFO - DAG(s) dict_keys(['example_branch_operator']) retrieved from /home/airflow/.local/lib/python3.7/site-packages/airflow/example_dags/example_branch_operator.py
[2023-04-28T03:54:55.268+0000] {logging_mixin.py:137} INFO - [2023-04-28T03:54:55.267+0000] {dag.py:2690} INFO - Sync 1 DAGs
[2023-04-28T03:54:55.289+0000] {logging_mixin.py:137} INFO - [2023-04-28T03:54:55.288+0000] {dag.py:3441} INFO - Setting next_dagrun for example_branch_operator to 2023-04-27T00:00:00+00:00, run_after=2023-04-28T00:00:00+00:00
[2023-04-28T03:54:55.303+0000] {processor.py:175} INFO - Processing /home/airflow/.local/lib/python3.7/site-packages/airflow/example_dags/example_branch_operator.py took 0.090 seconds
[2023-04-28T05:16:17.188+0000] {processor.py:153} INFO - Started process (PID=14862) to work on /home/airflow/.local/lib/python3.7/site-packages/airflow/example_dags/example_branch_operator.py
[2023-04-28T05:16:17.190+0000] {processor.py:743} INFO - Processing file /home/airflow/.local/lib/python3.7/site-packages/airflow/example_dags/example_branch_operator.py for tasks to queue
[2023-04-28T05:16:17.191+0000] {logging_mixin.py:137} INFO - [2023-04-28T05:16:17.191+0000] {dagbag.py:538} INFO - Filling up the DagBag from /home/airflow/.local/lib/python3.7/site-packages/airflow/example_dags/example_branch_operator.py
[2023-04-28T05:16:17.205+0000] {processor.py:753} INFO - DAG(s) dict_keys(['example_branch_operator']) retrieved from /home/airflow/.local/lib/python3.7/site-packages/airflow/example_dags/example_branch_operator.py
[2023-04-28T05:16:17.233+0000] {logging_mixin.py:137} INFO - [2023-04-28T05:16:17.232+0000] {dag.py:2690} INFO - Sync 1 DAGs
[2023-04-28T05:16:17.253+0000] {logging_mixin.py:137} INFO - [2023-04-28T05:16:17.253+0000] {dag.py:3441} INFO - Setting next_dagrun for example_branch_operator to 2023-04-27T00:00:00+00:00, run_after=2023-04-28T00:00:00+00:00
[2023-04-28T05:16:17.266+0000] {processor.py:175} INFO - Processing /home/airflow/.local/lib/python3.7/site-packages/airflow/example_dags/example_branch_operator.py took 0.081 seconds
[2023-04-28T05:32:13.480+0000] {processor.py:153} INFO - Started process (PID=14942) to work on /home/airflow/.local/lib/python3.7/site-packages/airflow/example_dags/example_branch_operator.py
[2023-04-28T05:32:13.481+0000] {processor.py:743} INFO - Processing file /home/airflow/.local/lib/python3.7/site-packages/airflow/example_dags/example_branch_operator.py for tasks to queue
[2023-04-28T05:32:13.482+0000] {logging_mixin.py:137} INFO - [2023-04-28T05:32:13.482+0000] {dagbag.py:538} INFO - Filling up the DagBag from /home/airflow/.local/lib/python3.7/site-packages/airflow/example_dags/example_branch_operator.py
[2023-04-28T05:32:13.495+0000] {processor.py:753} INFO - DAG(s) dict_keys(['example_branch_operator']) retrieved from /home/airflow/.local/lib/python3.7/site-packages/airflow/example_dags/example_branch_operator.py
[2023-04-28T05:32:13.516+0000] {logging_mixin.py:137} INFO - [2023-04-28T05:32:13.516+0000] {dag.py:2690} INFO - Sync 1 DAGs
[2023-04-28T05:32:13.533+0000] {logging_mixin.py:137} INFO - [2023-04-28T05:32:13.532+0000] {dag.py:3441} INFO - Setting next_dagrun for example_branch_operator to 2023-04-27T00:00:00+00:00, run_after=2023-04-28T00:00:00+00:00
[2023-04-28T05:32:13.545+0000] {processor.py:175} INFO - Processing /home/airflow/.local/lib/python3.7/site-packages/airflow/example_dags/example_branch_operator.py took 0.067 seconds
[2023-04-28T05:32:44.030+0000] {processor.py:153} INFO - Started process (PID=15019) to work on /home/airflow/.local/lib/python3.7/site-packages/airflow/example_dags/example_branch_operator.py
[2023-04-28T05:32:44.031+0000] {processor.py:743} INFO - Processing file /home/airflow/.local/lib/python3.7/site-packages/airflow/example_dags/example_branch_operator.py for tasks to queue
[2023-04-28T05:32:44.031+0000] {logging_mixin.py:137} INFO - [2023-04-28T05:32:44.031+0000] {dagbag.py:538} INFO - Filling up the DagBag from /home/airflow/.local/lib/python3.7/site-packages/airflow/example_dags/example_branch_operator.py
[2023-04-28T05:32:44.044+0000] {processor.py:753} INFO - DAG(s) dict_keys(['example_branch_operator']) retrieved from /home/airflow/.local/lib/python3.7/site-packages/airflow/example_dags/example_branch_operator.py
[2023-04-28T05:32:44.065+0000] {logging_mixin.py:137} INFO - [2023-04-28T05:32:44.065+0000] {dag.py:2690} INFO - Sync 1 DAGs
[2023-04-28T05:32:44.082+0000] {logging_mixin.py:137} INFO - [2023-04-28T05:32:44.082+0000] {dag.py:3441} INFO - Setting next_dagrun for example_branch_operator to 2023-04-27T00:00:00+00:00, run_after=2023-04-28T00:00:00+00:00
[2023-04-28T05:32:44.097+0000] {processor.py:175} INFO - Processing /home/airflow/.local/lib/python3.7/site-packages/airflow/example_dags/example_branch_operator.py took 0.071 seconds
[2023-04-28T06:03:56.472+0000] {processor.py:153} INFO - Started process (PID=15096) to work on /home/airflow/.local/lib/python3.7/site-packages/airflow/example_dags/example_branch_operator.py
[2023-04-28T06:03:56.473+0000] {processor.py:743} INFO - Processing file /home/airflow/.local/lib/python3.7/site-packages/airflow/example_dags/example_branch_operator.py for tasks to queue
[2023-04-28T06:03:56.474+0000] {logging_mixin.py:137} INFO - [2023-04-28T06:03:56.474+0000] {dagbag.py:538} INFO - Filling up the DagBag from /home/airflow/.local/lib/python3.7/site-packages/airflow/example_dags/example_branch_operator.py
[2023-04-28T06:03:56.490+0000] {processor.py:753} INFO - DAG(s) dict_keys(['example_branch_operator']) retrieved from /home/airflow/.local/lib/python3.7/site-packages/airflow/example_dags/example_branch_operator.py
[2023-04-28T06:03:56.522+0000] {logging_mixin.py:137} INFO - [2023-04-28T06:03:56.522+0000] {dag.py:2690} INFO - Sync 1 DAGs
[2023-04-28T06:03:56.539+0000] {logging_mixin.py:137} INFO - [2023-04-28T06:03:56.539+0000] {dag.py:3441} INFO - Setting next_dagrun for example_branch_operator to 2023-04-27T00:00:00+00:00, run_after=2023-04-28T00:00:00+00:00
[2023-04-28T06:03:56.552+0000] {processor.py:175} INFO - Processing /home/airflow/.local/lib/python3.7/site-packages/airflow/example_dags/example_branch_operator.py took 0.083 seconds
[2023-04-28T06:04:41.950+0000] {processor.py:153} INFO - Started process (PID=15165) to work on /home/airflow/.local/lib/python3.7/site-packages/airflow/example_dags/example_branch_operator.py
[2023-04-28T06:04:41.952+0000] {processor.py:743} INFO - Processing file /home/airflow/.local/lib/python3.7/site-packages/airflow/example_dags/example_branch_operator.py for tasks to queue
[2023-04-28T06:04:41.953+0000] {logging_mixin.py:137} INFO - [2023-04-28T06:04:41.952+0000] {dagbag.py:538} INFO - Filling up the DagBag from /home/airflow/.local/lib/python3.7/site-packages/airflow/example_dags/example_branch_operator.py
[2023-04-28T06:04:41.967+0000] {processor.py:753} INFO - DAG(s) dict_keys(['example_branch_operator']) retrieved from /home/airflow/.local/lib/python3.7/site-packages/airflow/example_dags/example_branch_operator.py
[2023-04-28T06:04:41.992+0000] {logging_mixin.py:137} INFO - [2023-04-28T06:04:41.992+0000] {dag.py:2690} INFO - Sync 1 DAGs
[2023-04-28T06:04:42.009+0000] {logging_mixin.py:137} INFO - [2023-04-28T06:04:42.009+0000] {dag.py:3441} INFO - Setting next_dagrun for example_branch_operator to 2023-04-27T00:00:00+00:00, run_after=2023-04-28T00:00:00+00:00
[2023-04-28T06:04:42.020+0000] {processor.py:175} INFO - Processing /home/airflow/.local/lib/python3.7/site-packages/airflow/example_dags/example_branch_operator.py took 0.072 seconds
[2023-04-28T06:05:12.657+0000] {processor.py:153} INFO - Started process (PID=15243) to work on /home/airflow/.local/lib/python3.7/site-packages/airflow/example_dags/example_branch_operator.py
[2023-04-28T06:05:12.659+0000] {processor.py:743} INFO - Processing file /home/airflow/.local/lib/python3.7/site-packages/airflow/example_dags/example_branch_operator.py for tasks to queue
[2023-04-28T06:05:12.660+0000] {logging_mixin.py:137} INFO - [2023-04-28T06:05:12.660+0000] {dagbag.py:538} INFO - Filling up the DagBag from /home/airflow/.local/lib/python3.7/site-packages/airflow/example_dags/example_branch_operator.py
[2023-04-28T06:05:12.676+0000] {processor.py:753} INFO - DAG(s) dict_keys(['example_branch_operator']) retrieved from /home/airflow/.local/lib/python3.7/site-packages/airflow/example_dags/example_branch_operator.py
[2023-04-28T06:05:12.706+0000] {logging_mixin.py:137} INFO - [2023-04-28T06:05:12.706+0000] {dag.py:2690} INFO - Sync 1 DAGs
[2023-04-28T06:05:12.727+0000] {logging_mixin.py:137} INFO - [2023-04-28T06:05:12.727+0000] {dag.py:3441} INFO - Setting next_dagrun for example_branch_operator to 2023-04-27T00:00:00+00:00, run_after=2023-04-28T00:00:00+00:00
[2023-04-28T06:05:12.740+0000] {processor.py:175} INFO - Processing /home/airflow/.local/lib/python3.7/site-packages/airflow/example_dags/example_branch_operator.py took 0.089 seconds
[2023-04-28T06:05:43.040+0000] {processor.py:153} INFO - Started process (PID=15309) to work on /home/airflow/.local/lib/python3.7/site-packages/airflow/example_dags/example_branch_operator.py
[2023-04-28T06:05:43.042+0000] {processor.py:743} INFO - Processing file /home/airflow/.local/lib/python3.7/site-packages/airflow/example_dags/example_branch_operator.py for tasks to queue
[2023-04-28T06:05:43.043+0000] {logging_mixin.py:137} INFO - [2023-04-28T06:05:43.043+0000] {dagbag.py:538} INFO - Filling up the DagBag from /home/airflow/.local/lib/python3.7/site-packages/airflow/example_dags/example_branch_operator.py
[2023-04-28T06:05:43.056+0000] {processor.py:753} INFO - DAG(s) dict_keys(['example_branch_operator']) retrieved from /home/airflow/.local/lib/python3.7/site-packages/airflow/example_dags/example_branch_operator.py
[2023-04-28T06:05:43.078+0000] {logging_mixin.py:137} INFO - [2023-04-28T06:05:43.078+0000] {dag.py:2690} INFO - Sync 1 DAGs
[2023-04-28T06:05:43.095+0000] {logging_mixin.py:137} INFO - [2023-04-28T06:05:43.095+0000] {dag.py:3441} INFO - Setting next_dagrun for example_branch_operator to 2023-04-27T00:00:00+00:00, run_after=2023-04-28T00:00:00+00:00
[2023-04-28T06:05:43.108+0000] {processor.py:175} INFO - Processing /home/airflow/.local/lib/python3.7/site-packages/airflow/example_dags/example_branch_operator.py took 0.070 seconds
[2023-04-28T06:06:13.331+0000] {processor.py:153} INFO - Started process (PID=15389) to work on /home/airflow/.local/lib/python3.7/site-packages/airflow/example_dags/example_branch_operator.py
[2023-04-28T06:06:13.332+0000] {processor.py:743} INFO - Processing file /home/airflow/.local/lib/python3.7/site-packages/airflow/example_dags/example_branch_operator.py for tasks to queue
[2023-04-28T06:06:13.333+0000] {logging_mixin.py:137} INFO - [2023-04-28T06:06:13.332+0000] {dagbag.py:538} INFO - Filling up the DagBag from /home/airflow/.local/lib/python3.7/site-packages/airflow/example_dags/example_branch_operator.py
[2023-04-28T06:06:13.345+0000] {processor.py:753} INFO - DAG(s) dict_keys(['example_branch_operator']) retrieved from /home/airflow/.local/lib/python3.7/site-packages/airflow/example_dags/example_branch_operator.py
[2023-04-28T06:06:13.366+0000] {logging_mixin.py:137} INFO - [2023-04-28T06:06:13.366+0000] {dag.py:2690} INFO - Sync 1 DAGs
[2023-04-28T06:06:13.383+0000] {logging_mixin.py:137} INFO - [2023-04-28T06:06:13.382+0000] {dag.py:3441} INFO - Setting next_dagrun for example_branch_operator to 2023-04-27T00:00:00+00:00, run_after=2023-04-28T00:00:00+00:00
[2023-04-28T06:06:13.394+0000] {processor.py:175} INFO - Processing /home/airflow/.local/lib/python3.7/site-packages/airflow/example_dags/example_branch_operator.py took 0.066 seconds
[2023-04-28T06:06:44.046+0000] {processor.py:153} INFO - Started process (PID=15466) to work on /home/airflow/.local/lib/python3.7/site-packages/airflow/example_dags/example_branch_operator.py
[2023-04-28T06:06:44.048+0000] {processor.py:743} INFO - Processing file /home/airflow/.local/lib/python3.7/site-packages/airflow/example_dags/example_branch_operator.py for tasks to queue
[2023-04-28T06:06:44.049+0000] {logging_mixin.py:137} INFO - [2023-04-28T06:06:44.049+0000] {dagbag.py:538} INFO - Filling up the DagBag from /home/airflow/.local/lib/python3.7/site-packages/airflow/example_dags/example_branch_operator.py
[2023-04-28T06:06:44.063+0000] {processor.py:753} INFO - DAG(s) dict_keys(['example_branch_operator']) retrieved from /home/airflow/.local/lib/python3.7/site-packages/airflow/example_dags/example_branch_operator.py
[2023-04-28T06:06:44.090+0000] {logging_mixin.py:137} INFO - [2023-04-28T06:06:44.090+0000] {dag.py:2690} INFO - Sync 1 DAGs
[2023-04-28T06:06:44.107+0000] {logging_mixin.py:137} INFO - [2023-04-28T06:06:44.107+0000] {dag.py:3441} INFO - Setting next_dagrun for example_branch_operator to 2023-04-27T00:00:00+00:00, run_after=2023-04-28T00:00:00+00:00
[2023-04-28T06:06:44.126+0000] {processor.py:175} INFO - Processing /home/airflow/.local/lib/python3.7/site-packages/airflow/example_dags/example_branch_operator.py took 0.083 seconds
[2023-04-28T06:07:14.401+0000] {processor.py:153} INFO - Started process (PID=15533) to work on /home/airflow/.local/lib/python3.7/site-packages/airflow/example_dags/example_branch_operator.py
[2023-04-28T06:07:14.403+0000] {processor.py:743} INFO - Processing file /home/airflow/.local/lib/python3.7/site-packages/airflow/example_dags/example_branch_operator.py for tasks to queue
[2023-04-28T06:07:14.403+0000] {logging_mixin.py:137} INFO - [2023-04-28T06:07:14.403+0000] {dagbag.py:538} INFO - Filling up the DagBag from /home/airflow/.local/lib/python3.7/site-packages/airflow/example_dags/example_branch_operator.py
[2023-04-28T06:07:14.416+0000] {processor.py:753} INFO - DAG(s) dict_keys(['example_branch_operator']) retrieved from /home/airflow/.local/lib/python3.7/site-packages/airflow/example_dags/example_branch_operator.py
[2023-04-28T06:07:14.435+0000] {logging_mixin.py:137} INFO - [2023-04-28T06:07:14.435+0000] {dag.py:2690} INFO - Sync 1 DAGs
[2023-04-28T06:07:14.450+0000] {logging_mixin.py:137} INFO - [2023-04-28T06:07:14.450+0000] {dag.py:3441} INFO - Setting next_dagrun for example_branch_operator to 2023-04-27T00:00:00+00:00, run_after=2023-04-28T00:00:00+00:00
[2023-04-28T06:07:14.460+0000] {processor.py:175} INFO - Processing /home/airflow/.local/lib/python3.7/site-packages/airflow/example_dags/example_branch_operator.py took 0.062 seconds
[2023-04-28T06:07:44.924+0000] {processor.py:153} INFO - Started process (PID=15611) to work on /home/airflow/.local/lib/python3.7/site-packages/airflow/example_dags/example_branch_operator.py
[2023-04-28T06:07:44.925+0000] {processor.py:743} INFO - Processing file /home/airflow/.local/lib/python3.7/site-packages/airflow/example_dags/example_branch_operator.py for tasks to queue
[2023-04-28T06:07:44.926+0000] {logging_mixin.py:137} INFO - [2023-04-28T06:07:44.926+0000] {dagbag.py:538} INFO - Filling up the DagBag from /home/airflow/.local/lib/python3.7/site-packages/airflow/example_dags/example_branch_operator.py
[2023-04-28T06:07:44.939+0000] {processor.py:753} INFO - DAG(s) dict_keys(['example_branch_operator']) retrieved from /home/airflow/.local/lib/python3.7/site-packages/airflow/example_dags/example_branch_operator.py
[2023-04-28T06:07:44.962+0000] {logging_mixin.py:137} INFO - [2023-04-28T06:07:44.962+0000] {dag.py:2690} INFO - Sync 1 DAGs
[2023-04-28T06:07:44.979+0000] {logging_mixin.py:137} INFO - [2023-04-28T06:07:44.979+0000] {dag.py:3441} INFO - Setting next_dagrun for example_branch_operator to 2023-04-27T00:00:00+00:00, run_after=2023-04-28T00:00:00+00:00
[2023-04-28T06:07:44.991+0000] {processor.py:175} INFO - Processing /home/airflow/.local/lib/python3.7/site-packages/airflow/example_dags/example_branch_operator.py took 0.069 seconds
[2023-04-28T06:08:15.278+0000] {processor.py:153} INFO - Started process (PID=15689) to work on /home/airflow/.local/lib/python3.7/site-packages/airflow/example_dags/example_branch_operator.py
[2023-04-28T06:08:15.279+0000] {processor.py:743} INFO - Processing file /home/airflow/.local/lib/python3.7/site-packages/airflow/example_dags/example_branch_operator.py for tasks to queue
[2023-04-28T06:08:15.280+0000] {logging_mixin.py:137} INFO - [2023-04-28T06:08:15.280+0000] {dagbag.py:538} INFO - Filling up the DagBag from /home/airflow/.local/lib/python3.7/site-packages/airflow/example_dags/example_branch_operator.py
[2023-04-28T06:08:15.293+0000] {processor.py:753} INFO - DAG(s) dict_keys(['example_branch_operator']) retrieved from /home/airflow/.local/lib/python3.7/site-packages/airflow/example_dags/example_branch_operator.py
[2023-04-28T06:08:15.313+0000] {logging_mixin.py:137} INFO - [2023-04-28T06:08:15.313+0000] {dag.py:2690} INFO - Sync 1 DAGs
[2023-04-28T06:08:15.330+0000] {logging_mixin.py:137} INFO - [2023-04-28T06:08:15.330+0000] {dag.py:3441} INFO - Setting next_dagrun for example_branch_operator to 2023-04-27T00:00:00+00:00, run_after=2023-04-28T00:00:00+00:00
[2023-04-28T06:08:15.342+0000] {processor.py:175} INFO - Processing /home/airflow/.local/lib/python3.7/site-packages/airflow/example_dags/example_branch_operator.py took 0.067 seconds
[2023-04-28T06:08:45.841+0000] {processor.py:153} INFO - Started process (PID=15755) to work on /home/airflow/.local/lib/python3.7/site-packages/airflow/example_dags/example_branch_operator.py
[2023-04-28T06:08:45.842+0000] {processor.py:743} INFO - Processing file /home/airflow/.local/lib/python3.7/site-packages/airflow/example_dags/example_branch_operator.py for tasks to queue
[2023-04-28T06:08:45.842+0000] {logging_mixin.py:137} INFO - [2023-04-28T06:08:45.842+0000] {dagbag.py:538} INFO - Filling up the DagBag from /home/airflow/.local/lib/python3.7/site-packages/airflow/example_dags/example_branch_operator.py
[2023-04-28T06:08:45.855+0000] {processor.py:753} INFO - DAG(s) dict_keys(['example_branch_operator']) retrieved from /home/airflow/.local/lib/python3.7/site-packages/airflow/example_dags/example_branch_operator.py
[2023-04-28T06:08:45.876+0000] {logging_mixin.py:137} INFO - [2023-04-28T06:08:45.876+0000] {dag.py:2690} INFO - Sync 1 DAGs
[2023-04-28T06:08:45.892+0000] {logging_mixin.py:137} INFO - [2023-04-28T06:08:45.892+0000] {dag.py:3441} INFO - Setting next_dagrun for example_branch_operator to 2023-04-27T00:00:00+00:00, run_after=2023-04-28T00:00:00+00:00
[2023-04-28T06:08:45.904+0000] {processor.py:175} INFO - Processing /home/airflow/.local/lib/python3.7/site-packages/airflow/example_dags/example_branch_operator.py took 0.066 seconds
[2023-04-28T06:09:16.269+0000] {processor.py:153} INFO - Started process (PID=15833) to work on /home/airflow/.local/lib/python3.7/site-packages/airflow/example_dags/example_branch_operator.py
[2023-04-28T06:09:16.270+0000] {processor.py:743} INFO - Processing file /home/airflow/.local/lib/python3.7/site-packages/airflow/example_dags/example_branch_operator.py for tasks to queue
[2023-04-28T06:09:16.271+0000] {logging_mixin.py:137} INFO - [2023-04-28T06:09:16.271+0000] {dagbag.py:538} INFO - Filling up the DagBag from /home/airflow/.local/lib/python3.7/site-packages/airflow/example_dags/example_branch_operator.py
[2023-04-28T06:09:16.284+0000] {processor.py:753} INFO - DAG(s) dict_keys(['example_branch_operator']) retrieved from /home/airflow/.local/lib/python3.7/site-packages/airflow/example_dags/example_branch_operator.py
[2023-04-28T06:09:16.306+0000] {logging_mixin.py:137} INFO - [2023-04-28T06:09:16.306+0000] {dag.py:2690} INFO - Sync 1 DAGs
[2023-04-28T06:09:16.323+0000] {logging_mixin.py:137} INFO - [2023-04-28T06:09:16.323+0000] {dag.py:3441} INFO - Setting next_dagrun for example_branch_operator to 2023-04-27T00:00:00+00:00, run_after=2023-04-28T00:00:00+00:00
[2023-04-28T06:09:16.335+0000] {processor.py:175} INFO - Processing /home/airflow/.local/lib/python3.7/site-packages/airflow/example_dags/example_branch_operator.py took 0.068 seconds
[2023-04-28T06:09:47.268+0000] {processor.py:153} INFO - Started process (PID=15912) to work on /home/airflow/.local/lib/python3.7/site-packages/airflow/example_dags/example_branch_operator.py
[2023-04-28T06:09:47.269+0000] {processor.py:743} INFO - Processing file /home/airflow/.local/lib/python3.7/site-packages/airflow/example_dags/example_branch_operator.py for tasks to queue
[2023-04-28T06:09:47.270+0000] {logging_mixin.py:137} INFO - [2023-04-28T06:09:47.270+0000] {dagbag.py:538} INFO - Filling up the DagBag from /home/airflow/.local/lib/python3.7/site-packages/airflow/example_dags/example_branch_operator.py
[2023-04-28T06:09:47.283+0000] {processor.py:753} INFO - DAG(s) dict_keys(['example_branch_operator']) retrieved from /home/airflow/.local/lib/python3.7/site-packages/airflow/example_dags/example_branch_operator.py
[2023-04-28T06:09:47.305+0000] {logging_mixin.py:137} INFO - [2023-04-28T06:09:47.305+0000] {dag.py:2690} INFO - Sync 1 DAGs
[2023-04-28T06:09:47.324+0000] {logging_mixin.py:137} INFO - [2023-04-28T06:09:47.324+0000] {dag.py:3441} INFO - Setting next_dagrun for example_branch_operator to 2023-04-27T00:00:00+00:00, run_after=2023-04-28T00:00:00+00:00
[2023-04-28T06:09:47.336+0000] {processor.py:175} INFO - Processing /home/airflow/.local/lib/python3.7/site-packages/airflow/example_dags/example_branch_operator.py took 0.071 seconds
[2023-04-28T06:10:17.547+0000] {processor.py:153} INFO - Started process (PID=15977) to work on /home/airflow/.local/lib/python3.7/site-packages/airflow/example_dags/example_branch_operator.py
[2023-04-28T06:10:17.548+0000] {processor.py:743} INFO - Processing file /home/airflow/.local/lib/python3.7/site-packages/airflow/example_dags/example_branch_operator.py for tasks to queue
[2023-04-28T06:10:17.549+0000] {logging_mixin.py:137} INFO - [2023-04-28T06:10:17.549+0000] {dagbag.py:538} INFO - Filling up the DagBag from /home/airflow/.local/lib/python3.7/site-packages/airflow/example_dags/example_branch_operator.py
[2023-04-28T06:10:17.562+0000] {processor.py:753} INFO - DAG(s) dict_keys(['example_branch_operator']) retrieved from /home/airflow/.local/lib/python3.7/site-packages/airflow/example_dags/example_branch_operator.py
[2023-04-28T06:10:17.584+0000] {logging_mixin.py:137} INFO - [2023-04-28T06:10:17.584+0000] {dag.py:2690} INFO - Sync 1 DAGs
[2023-04-28T06:10:17.601+0000] {logging_mixin.py:137} INFO - [2023-04-28T06:10:17.601+0000] {dag.py:3441} INFO - Setting next_dagrun for example_branch_operator to 2023-04-27T00:00:00+00:00, run_after=2023-04-28T00:00:00+00:00
[2023-04-28T06:10:17.623+0000] {processor.py:175} INFO - Processing /home/airflow/.local/lib/python3.7/site-packages/airflow/example_dags/example_branch_operator.py took 0.079 seconds
[2023-04-28T06:10:48.015+0000] {processor.py:153} INFO - Started process (PID=16055) to work on /home/airflow/.local/lib/python3.7/site-packages/airflow/example_dags/example_branch_operator.py
[2023-04-28T06:10:48.016+0000] {processor.py:743} INFO - Processing file /home/airflow/.local/lib/python3.7/site-packages/airflow/example_dags/example_branch_operator.py for tasks to queue
[2023-04-28T06:10:48.017+0000] {logging_mixin.py:137} INFO - [2023-04-28T06:10:48.017+0000] {dagbag.py:538} INFO - Filling up the DagBag from /home/airflow/.local/lib/python3.7/site-packages/airflow/example_dags/example_branch_operator.py
[2023-04-28T06:10:48.030+0000] {processor.py:753} INFO - DAG(s) dict_keys(['example_branch_operator']) retrieved from /home/airflow/.local/lib/python3.7/site-packages/airflow/example_dags/example_branch_operator.py
[2023-04-28T06:10:48.052+0000] {logging_mixin.py:137} INFO - [2023-04-28T06:10:48.051+0000] {dag.py:2690} INFO - Sync 1 DAGs
[2023-04-28T06:10:48.070+0000] {logging_mixin.py:137} INFO - [2023-04-28T06:10:48.070+0000] {dag.py:3441} INFO - Setting next_dagrun for example_branch_operator to 2023-04-27T00:00:00+00:00, run_after=2023-04-28T00:00:00+00:00
[2023-04-28T06:10:48.082+0000] {processor.py:175} INFO - Processing /home/airflow/.local/lib/python3.7/site-packages/airflow/example_dags/example_branch_operator.py took 0.071 seconds
[2023-04-28T06:11:18.568+0000] {processor.py:153} INFO - Started process (PID=16133) to work on /home/airflow/.local/lib/python3.7/site-packages/airflow/example_dags/example_branch_operator.py
[2023-04-28T06:11:18.569+0000] {processor.py:743} INFO - Processing file /home/airflow/.local/lib/python3.7/site-packages/airflow/example_dags/example_branch_operator.py for tasks to queue
[2023-04-28T06:11:18.570+0000] {logging_mixin.py:137} INFO - [2023-04-28T06:11:18.569+0000] {dagbag.py:538} INFO - Filling up the DagBag from /home/airflow/.local/lib/python3.7/site-packages/airflow/example_dags/example_branch_operator.py
[2023-04-28T06:11:18.582+0000] {processor.py:753} INFO - DAG(s) dict_keys(['example_branch_operator']) retrieved from /home/airflow/.local/lib/python3.7/site-packages/airflow/example_dags/example_branch_operator.py
[2023-04-28T06:11:18.603+0000] {logging_mixin.py:137} INFO - [2023-04-28T06:11:18.603+0000] {dag.py:2690} INFO - Sync 1 DAGs
[2023-04-28T06:11:18.621+0000] {logging_mixin.py:137} INFO - [2023-04-28T06:11:18.621+0000] {dag.py:3441} INFO - Setting next_dagrun for example_branch_operator to 2023-04-27T00:00:00+00:00, run_after=2023-04-28T00:00:00+00:00
[2023-04-28T06:11:18.633+0000] {processor.py:175} INFO - Processing /home/airflow/.local/lib/python3.7/site-packages/airflow/example_dags/example_branch_operator.py took 0.068 seconds
[2023-04-28T06:11:49.165+0000] {processor.py:153} INFO - Started process (PID=16199) to work on /home/airflow/.local/lib/python3.7/site-packages/airflow/example_dags/example_branch_operator.py
[2023-04-28T06:11:49.167+0000] {processor.py:743} INFO - Processing file /home/airflow/.local/lib/python3.7/site-packages/airflow/example_dags/example_branch_operator.py for tasks to queue
[2023-04-28T06:11:49.168+0000] {logging_mixin.py:137} INFO - [2023-04-28T06:11:49.168+0000] {dagbag.py:538} INFO - Filling up the DagBag from /home/airflow/.local/lib/python3.7/site-packages/airflow/example_dags/example_branch_operator.py
[2023-04-28T06:11:49.185+0000] {processor.py:753} INFO - DAG(s) dict_keys(['example_branch_operator']) retrieved from /home/airflow/.local/lib/python3.7/site-packages/airflow/example_dags/example_branch_operator.py
[2023-04-28T06:11:49.213+0000] {logging_mixin.py:137} INFO - [2023-04-28T06:11:49.213+0000] {dag.py:2690} INFO - Sync 1 DAGs
[2023-04-28T06:11:49.235+0000] {logging_mixin.py:137} INFO - [2023-04-28T06:11:49.235+0000] {dag.py:3441} INFO - Setting next_dagrun for example_branch_operator to 2023-04-27T00:00:00+00:00, run_after=2023-04-28T00:00:00+00:00
[2023-04-28T06:11:49.249+0000] {processor.py:175} INFO - Processing /home/airflow/.local/lib/python3.7/site-packages/airflow/example_dags/example_branch_operator.py took 0.088 seconds
[2023-04-28T06:12:19.662+0000] {processor.py:153} INFO - Started process (PID=16277) to work on /home/airflow/.local/lib/python3.7/site-packages/airflow/example_dags/example_branch_operator.py
[2023-04-28T06:12:19.663+0000] {processor.py:743} INFO - Processing file /home/airflow/.local/lib/python3.7/site-packages/airflow/example_dags/example_branch_operator.py for tasks to queue
[2023-04-28T06:12:19.664+0000] {logging_mixin.py:137} INFO - [2023-04-28T06:12:19.664+0000] {dagbag.py:538} INFO - Filling up the DagBag from /home/airflow/.local/lib/python3.7/site-packages/airflow/example_dags/example_branch_operator.py
[2023-04-28T06:12:19.678+0000] {processor.py:753} INFO - DAG(s) dict_keys(['example_branch_operator']) retrieved from /home/airflow/.local/lib/python3.7/site-packages/airflow/example_dags/example_branch_operator.py
[2023-04-28T06:12:19.700+0000] {logging_mixin.py:137} INFO - [2023-04-28T06:12:19.700+0000] {dag.py:2690} INFO - Sync 1 DAGs
[2023-04-28T06:12:19.717+0000] {logging_mixin.py:137} INFO - [2023-04-28T06:12:19.717+0000] {dag.py:3441} INFO - Setting next_dagrun for example_branch_operator to 2023-04-27T00:00:00+00:00, run_after=2023-04-28T00:00:00+00:00
[2023-04-28T06:12:19.730+0000] {processor.py:175} INFO - Processing /home/airflow/.local/lib/python3.7/site-packages/airflow/example_dags/example_branch_operator.py took 0.071 seconds
[2023-04-28T06:12:50.281+0000] {processor.py:153} INFO - Started process (PID=16354) to work on /home/airflow/.local/lib/python3.7/site-packages/airflow/example_dags/example_branch_operator.py
[2023-04-28T06:12:50.282+0000] {processor.py:743} INFO - Processing file /home/airflow/.local/lib/python3.7/site-packages/airflow/example_dags/example_branch_operator.py for tasks to queue
[2023-04-28T06:12:50.282+0000] {logging_mixin.py:137} INFO - [2023-04-28T06:12:50.282+0000] {dagbag.py:538} INFO - Filling up the DagBag from /home/airflow/.local/lib/python3.7/site-packages/airflow/example_dags/example_branch_operator.py
[2023-04-28T06:12:50.295+0000] {processor.py:753} INFO - DAG(s) dict_keys(['example_branch_operator']) retrieved from /home/airflow/.local/lib/python3.7/site-packages/airflow/example_dags/example_branch_operator.py
[2023-04-28T06:12:50.316+0000] {logging_mixin.py:137} INFO - [2023-04-28T06:12:50.316+0000] {dag.py:2690} INFO - Sync 1 DAGs
[2023-04-28T06:12:50.334+0000] {logging_mixin.py:137} INFO - [2023-04-28T06:12:50.333+0000] {dag.py:3441} INFO - Setting next_dagrun for example_branch_operator to 2023-04-27T00:00:00+00:00, run_after=2023-04-28T00:00:00+00:00
[2023-04-28T06:12:50.346+0000] {processor.py:175} INFO - Processing /home/airflow/.local/lib/python3.7/site-packages/airflow/example_dags/example_branch_operator.py took 0.068 seconds
[2023-04-28T06:13:20.836+0000] {processor.py:153} INFO - Started process (PID=16421) to work on /home/airflow/.local/lib/python3.7/site-packages/airflow/example_dags/example_branch_operator.py
[2023-04-28T06:13:20.838+0000] {processor.py:743} INFO - Processing file /home/airflow/.local/lib/python3.7/site-packages/airflow/example_dags/example_branch_operator.py for tasks to queue
[2023-04-28T06:13:20.838+0000] {logging_mixin.py:137} INFO - [2023-04-28T06:13:20.838+0000] {dagbag.py:538} INFO - Filling up the DagBag from /home/airflow/.local/lib/python3.7/site-packages/airflow/example_dags/example_branch_operator.py
[2023-04-28T06:13:20.851+0000] {processor.py:753} INFO - DAG(s) dict_keys(['example_branch_operator']) retrieved from /home/airflow/.local/lib/python3.7/site-packages/airflow/example_dags/example_branch_operator.py
[2023-04-28T06:13:20.873+0000] {logging_mixin.py:137} INFO - [2023-04-28T06:13:20.872+0000] {dag.py:2690} INFO - Sync 1 DAGs
[2023-04-28T06:13:20.890+0000] {logging_mixin.py:137} INFO - [2023-04-28T06:13:20.890+0000] {dag.py:3441} INFO - Setting next_dagrun for example_branch_operator to 2023-04-27T00:00:00+00:00, run_after=2023-04-28T00:00:00+00:00
[2023-04-28T06:13:20.902+0000] {processor.py:175} INFO - Processing /home/airflow/.local/lib/python3.7/site-packages/airflow/example_dags/example_branch_operator.py took 0.068 seconds
[2023-04-28T06:13:51.233+0000] {processor.py:153} INFO - Started process (PID=16499) to work on /home/airflow/.local/lib/python3.7/site-packages/airflow/example_dags/example_branch_operator.py
[2023-04-28T06:13:51.234+0000] {processor.py:743} INFO - Processing file /home/airflow/.local/lib/python3.7/site-packages/airflow/example_dags/example_branch_operator.py for tasks to queue
[2023-04-28T06:13:51.235+0000] {logging_mixin.py:137} INFO - [2023-04-28T06:13:51.235+0000] {dagbag.py:538} INFO - Filling up the DagBag from /home/airflow/.local/lib/python3.7/site-packages/airflow/example_dags/example_branch_operator.py
[2023-04-28T06:13:51.249+0000] {processor.py:753} INFO - DAG(s) dict_keys(['example_branch_operator']) retrieved from /home/airflow/.local/lib/python3.7/site-packages/airflow/example_dags/example_branch_operator.py
[2023-04-28T06:13:51.273+0000] {logging_mixin.py:137} INFO - [2023-04-28T06:13:51.273+0000] {dag.py:2690} INFO - Sync 1 DAGs
[2023-04-28T06:13:51.289+0000] {logging_mixin.py:137} INFO - [2023-04-28T06:13:51.289+0000] {dag.py:3441} INFO - Setting next_dagrun for example_branch_operator to 2023-04-27T00:00:00+00:00, run_after=2023-04-28T00:00:00+00:00
[2023-04-28T06:13:51.302+0000] {processor.py:175} INFO - Processing /home/airflow/.local/lib/python3.7/site-packages/airflow/example_dags/example_branch_operator.py took 0.072 seconds
[2023-04-28T06:14:21.594+0000] {processor.py:153} INFO - Started process (PID=16577) to work on /home/airflow/.local/lib/python3.7/site-packages/airflow/example_dags/example_branch_operator.py
[2023-04-28T06:14:21.595+0000] {processor.py:743} INFO - Processing file /home/airflow/.local/lib/python3.7/site-packages/airflow/example_dags/example_branch_operator.py for tasks to queue
[2023-04-28T06:14:21.596+0000] {logging_mixin.py:137} INFO - [2023-04-28T06:14:21.596+0000] {dagbag.py:538} INFO - Filling up the DagBag from /home/airflow/.local/lib/python3.7/site-packages/airflow/example_dags/example_branch_operator.py
[2023-04-28T06:14:21.608+0000] {processor.py:753} INFO - DAG(s) dict_keys(['example_branch_operator']) retrieved from /home/airflow/.local/lib/python3.7/site-packages/airflow/example_dags/example_branch_operator.py
[2023-04-28T06:14:21.628+0000] {logging_mixin.py:137} INFO - [2023-04-28T06:14:21.628+0000] {dag.py:2690} INFO - Sync 1 DAGs
[2023-04-28T06:14:21.643+0000] {logging_mixin.py:137} INFO - [2023-04-28T06:14:21.643+0000] {dag.py:3441} INFO - Setting next_dagrun for example_branch_operator to 2023-04-27T00:00:00+00:00, run_after=2023-04-28T00:00:00+00:00
[2023-04-28T06:14:21.653+0000] {processor.py:175} INFO - Processing /home/airflow/.local/lib/python3.7/site-packages/airflow/example_dags/example_branch_operator.py took 0.062 seconds
[2023-04-28T06:14:52.110+0000] {processor.py:153} INFO - Started process (PID=16642) to work on /home/airflow/.local/lib/python3.7/site-packages/airflow/example_dags/example_branch_operator.py
[2023-04-28T06:14:52.112+0000] {processor.py:743} INFO - Processing file /home/airflow/.local/lib/python3.7/site-packages/airflow/example_dags/example_branch_operator.py for tasks to queue
[2023-04-28T06:14:52.112+0000] {logging_mixin.py:137} INFO - [2023-04-28T06:14:52.112+0000] {dagbag.py:538} INFO - Filling up the DagBag from /home/airflow/.local/lib/python3.7/site-packages/airflow/example_dags/example_branch_operator.py
[2023-04-28T06:14:52.124+0000] {processor.py:753} INFO - DAG(s) dict_keys(['example_branch_operator']) retrieved from /home/airflow/.local/lib/python3.7/site-packages/airflow/example_dags/example_branch_operator.py
[2023-04-28T06:14:52.151+0000] {logging_mixin.py:137} INFO - [2023-04-28T06:14:52.151+0000] {dag.py:2690} INFO - Sync 1 DAGs
[2023-04-28T06:14:52.171+0000] {logging_mixin.py:137} INFO - [2023-04-28T06:14:52.171+0000] {dag.py:3441} INFO - Setting next_dagrun for example_branch_operator to 2023-04-27T00:00:00+00:00, run_after=2023-04-28T00:00:00+00:00
[2023-04-28T06:14:52.185+0000] {processor.py:175} INFO - Processing /home/airflow/.local/lib/python3.7/site-packages/airflow/example_dags/example_branch_operator.py took 0.077 seconds
[2023-04-28T06:15:22.448+0000] {processor.py:153} INFO - Started process (PID=16720) to work on /home/airflow/.local/lib/python3.7/site-packages/airflow/example_dags/example_branch_operator.py
[2023-04-28T06:15:22.450+0000] {processor.py:743} INFO - Processing file /home/airflow/.local/lib/python3.7/site-packages/airflow/example_dags/example_branch_operator.py for tasks to queue
[2023-04-28T06:15:22.451+0000] {logging_mixin.py:137} INFO - [2023-04-28T06:15:22.451+0000] {dagbag.py:538} INFO - Filling up the DagBag from /home/airflow/.local/lib/python3.7/site-packages/airflow/example_dags/example_branch_operator.py
[2023-04-28T06:15:22.470+0000] {processor.py:753} INFO - DAG(s) dict_keys(['example_branch_operator']) retrieved from /home/airflow/.local/lib/python3.7/site-packages/airflow/example_dags/example_branch_operator.py
[2023-04-28T06:15:22.493+0000] {logging_mixin.py:137} INFO - [2023-04-28T06:15:22.493+0000] {dag.py:2690} INFO - Sync 1 DAGs
[2023-04-28T06:15:22.513+0000] {logging_mixin.py:137} INFO - [2023-04-28T06:15:22.513+0000] {dag.py:3441} INFO - Setting next_dagrun for example_branch_operator to 2023-04-27T00:00:00+00:00, run_after=2023-04-28T00:00:00+00:00
[2023-04-28T06:15:22.527+0000] {processor.py:175} INFO - Processing /home/airflow/.local/lib/python3.7/site-packages/airflow/example_dags/example_branch_operator.py took 0.082 seconds
[2023-04-28T06:15:52.780+0000] {processor.py:153} INFO - Started process (PID=16797) to work on /home/airflow/.local/lib/python3.7/site-packages/airflow/example_dags/example_branch_operator.py
[2023-04-28T06:15:52.782+0000] {processor.py:743} INFO - Processing file /home/airflow/.local/lib/python3.7/site-packages/airflow/example_dags/example_branch_operator.py for tasks to queue
[2023-04-28T06:15:52.782+0000] {logging_mixin.py:137} INFO - [2023-04-28T06:15:52.782+0000] {dagbag.py:538} INFO - Filling up the DagBag from /home/airflow/.local/lib/python3.7/site-packages/airflow/example_dags/example_branch_operator.py
[2023-04-28T06:15:52.795+0000] {processor.py:753} INFO - DAG(s) dict_keys(['example_branch_operator']) retrieved from /home/airflow/.local/lib/python3.7/site-packages/airflow/example_dags/example_branch_operator.py
[2023-04-28T06:15:52.816+0000] {logging_mixin.py:137} INFO - [2023-04-28T06:15:52.816+0000] {dag.py:2690} INFO - Sync 1 DAGs
[2023-04-28T06:15:52.832+0000] {logging_mixin.py:137} INFO - [2023-04-28T06:15:52.832+0000] {dag.py:3441} INFO - Setting next_dagrun for example_branch_operator to 2023-04-27T00:00:00+00:00, run_after=2023-04-28T00:00:00+00:00
[2023-04-28T06:15:52.844+0000] {processor.py:175} INFO - Processing /home/airflow/.local/lib/python3.7/site-packages/airflow/example_dags/example_branch_operator.py took 0.067 seconds
[2023-04-28T06:16:23.109+0000] {processor.py:153} INFO - Started process (PID=16862) to work on /home/airflow/.local/lib/python3.7/site-packages/airflow/example_dags/example_branch_operator.py
[2023-04-28T06:16:23.111+0000] {processor.py:743} INFO - Processing file /home/airflow/.local/lib/python3.7/site-packages/airflow/example_dags/example_branch_operator.py for tasks to queue
[2023-04-28T06:16:23.112+0000] {logging_mixin.py:137} INFO - [2023-04-28T06:16:23.112+0000] {dagbag.py:538} INFO - Filling up the DagBag from /home/airflow/.local/lib/python3.7/site-packages/airflow/example_dags/example_branch_operator.py
[2023-04-28T06:16:23.125+0000] {processor.py:753} INFO - DAG(s) dict_keys(['example_branch_operator']) retrieved from /home/airflow/.local/lib/python3.7/site-packages/airflow/example_dags/example_branch_operator.py
[2023-04-28T06:16:23.146+0000] {logging_mixin.py:137} INFO - [2023-04-28T06:16:23.146+0000] {dag.py:2690} INFO - Sync 1 DAGs
[2023-04-28T06:16:23.162+0000] {logging_mixin.py:137} INFO - [2023-04-28T06:16:23.161+0000] {dag.py:3441} INFO - Setting next_dagrun for example_branch_operator to 2023-04-27T00:00:00+00:00, run_after=2023-04-28T00:00:00+00:00
[2023-04-28T06:16:23.173+0000] {processor.py:175} INFO - Processing /home/airflow/.local/lib/python3.7/site-packages/airflow/example_dags/example_branch_operator.py took 0.067 seconds
[2023-04-28T06:16:53.708+0000] {processor.py:153} INFO - Started process (PID=16940) to work on /home/airflow/.local/lib/python3.7/site-packages/airflow/example_dags/example_branch_operator.py
[2023-04-28T06:16:53.709+0000] {processor.py:743} INFO - Processing file /home/airflow/.local/lib/python3.7/site-packages/airflow/example_dags/example_branch_operator.py for tasks to queue
[2023-04-28T06:16:53.710+0000] {logging_mixin.py:137} INFO - [2023-04-28T06:16:53.710+0000] {dagbag.py:538} INFO - Filling up the DagBag from /home/airflow/.local/lib/python3.7/site-packages/airflow/example_dags/example_branch_operator.py
[2023-04-28T06:16:53.723+0000] {processor.py:753} INFO - DAG(s) dict_keys(['example_branch_operator']) retrieved from /home/airflow/.local/lib/python3.7/site-packages/airflow/example_dags/example_branch_operator.py
[2023-04-28T06:16:53.744+0000] {logging_mixin.py:137} INFO - [2023-04-28T06:16:53.744+0000] {dag.py:2690} INFO - Sync 1 DAGs
[2023-04-28T06:16:53.763+0000] {logging_mixin.py:137} INFO - [2023-04-28T06:16:53.763+0000] {dag.py:3441} INFO - Setting next_dagrun for example_branch_operator to 2023-04-27T00:00:00+00:00, run_after=2023-04-28T00:00:00+00:00
[2023-04-28T06:16:53.774+0000] {processor.py:175} INFO - Processing /home/airflow/.local/lib/python3.7/site-packages/airflow/example_dags/example_branch_operator.py took 0.069 seconds
[2023-04-28T06:17:24.019+0000] {processor.py:153} INFO - Started process (PID=17018) to work on /home/airflow/.local/lib/python3.7/site-packages/airflow/example_dags/example_branch_operator.py
[2023-04-28T06:17:24.020+0000] {processor.py:743} INFO - Processing file /home/airflow/.local/lib/python3.7/site-packages/airflow/example_dags/example_branch_operator.py for tasks to queue
[2023-04-28T06:17:24.021+0000] {logging_mixin.py:137} INFO - [2023-04-28T06:17:24.021+0000] {dagbag.py:538} INFO - Filling up the DagBag from /home/airflow/.local/lib/python3.7/site-packages/airflow/example_dags/example_branch_operator.py
[2023-04-28T06:17:24.035+0000] {processor.py:753} INFO - DAG(s) dict_keys(['example_branch_operator']) retrieved from /home/airflow/.local/lib/python3.7/site-packages/airflow/example_dags/example_branch_operator.py
[2023-04-28T06:17:24.056+0000] {logging_mixin.py:137} INFO - [2023-04-28T06:17:24.056+0000] {dag.py:2690} INFO - Sync 1 DAGs
[2023-04-28T06:17:24.073+0000] {logging_mixin.py:137} INFO - [2023-04-28T06:17:24.073+0000] {dag.py:3441} INFO - Setting next_dagrun for example_branch_operator to 2023-04-27T00:00:00+00:00, run_after=2023-04-28T00:00:00+00:00
[2023-04-28T06:17:24.084+0000] {processor.py:175} INFO - Processing /home/airflow/.local/lib/python3.7/site-packages/airflow/example_dags/example_branch_operator.py took 0.067 seconds
[2023-04-28T06:17:54.520+0000] {processor.py:153} INFO - Started process (PID=17093) to work on /home/airflow/.local/lib/python3.7/site-packages/airflow/example_dags/example_branch_operator.py
[2023-04-28T06:17:54.522+0000] {processor.py:743} INFO - Processing file /home/airflow/.local/lib/python3.7/site-packages/airflow/example_dags/example_branch_operator.py for tasks to queue
[2023-04-28T06:17:54.523+0000] {logging_mixin.py:137} INFO - [2023-04-28T06:17:54.523+0000] {dagbag.py:538} INFO - Filling up the DagBag from /home/airflow/.local/lib/python3.7/site-packages/airflow/example_dags/example_branch_operator.py
[2023-04-28T06:17:54.537+0000] {processor.py:753} INFO - DAG(s) dict_keys(['example_branch_operator']) retrieved from /home/airflow/.local/lib/python3.7/site-packages/airflow/example_dags/example_branch_operator.py
[2023-04-28T06:17:54.561+0000] {logging_mixin.py:137} INFO - [2023-04-28T06:17:54.561+0000] {dag.py:2690} INFO - Sync 1 DAGs
[2023-04-28T06:17:54.587+0000] {logging_mixin.py:137} INFO - [2023-04-28T06:17:54.587+0000] {dag.py:3441} INFO - Setting next_dagrun for example_branch_operator to 2023-04-27T00:00:00+00:00, run_after=2023-04-28T00:00:00+00:00
[2023-04-28T06:17:54.601+0000] {processor.py:175} INFO - Processing /home/airflow/.local/lib/python3.7/site-packages/airflow/example_dags/example_branch_operator.py took 0.084 seconds
[2023-04-28T06:18:25.027+0000] {processor.py:153} INFO - Started process (PID=17162) to work on /home/airflow/.local/lib/python3.7/site-packages/airflow/example_dags/example_branch_operator.py
[2023-04-28T06:18:25.028+0000] {processor.py:743} INFO - Processing file /home/airflow/.local/lib/python3.7/site-packages/airflow/example_dags/example_branch_operator.py for tasks to queue
[2023-04-28T06:18:25.029+0000] {logging_mixin.py:137} INFO - [2023-04-28T06:18:25.029+0000] {dagbag.py:538} INFO - Filling up the DagBag from /home/airflow/.local/lib/python3.7/site-packages/airflow/example_dags/example_branch_operator.py
[2023-04-28T06:18:25.042+0000] {processor.py:753} INFO - DAG(s) dict_keys(['example_branch_operator']) retrieved from /home/airflow/.local/lib/python3.7/site-packages/airflow/example_dags/example_branch_operator.py
[2023-04-28T06:18:25.063+0000] {logging_mixin.py:137} INFO - [2023-04-28T06:18:25.063+0000] {dag.py:2690} INFO - Sync 1 DAGs
[2023-04-28T06:18:25.080+0000] {logging_mixin.py:137} INFO - [2023-04-28T06:18:25.080+0000] {dag.py:3441} INFO - Setting next_dagrun for example_branch_operator to 2023-04-27T00:00:00+00:00, run_after=2023-04-28T00:00:00+00:00
[2023-04-28T06:18:25.092+0000] {processor.py:175} INFO - Processing /home/airflow/.local/lib/python3.7/site-packages/airflow/example_dags/example_branch_operator.py took 0.068 seconds
[2023-04-28T06:18:55.348+0000] {processor.py:153} INFO - Started process (PID=17240) to work on /home/airflow/.local/lib/python3.7/site-packages/airflow/example_dags/example_branch_operator.py
[2023-04-28T06:18:55.350+0000] {processor.py:743} INFO - Processing file /home/airflow/.local/lib/python3.7/site-packages/airflow/example_dags/example_branch_operator.py for tasks to queue
[2023-04-28T06:18:55.351+0000] {logging_mixin.py:137} INFO - [2023-04-28T06:18:55.351+0000] {dagbag.py:538} INFO - Filling up the DagBag from /home/airflow/.local/lib/python3.7/site-packages/airflow/example_dags/example_branch_operator.py
[2023-04-28T06:18:55.364+0000] {processor.py:753} INFO - DAG(s) dict_keys(['example_branch_operator']) retrieved from /home/airflow/.local/lib/python3.7/site-packages/airflow/example_dags/example_branch_operator.py
[2023-04-28T06:18:55.386+0000] {logging_mixin.py:137} INFO - [2023-04-28T06:18:55.386+0000] {dag.py:2690} INFO - Sync 1 DAGs
[2023-04-28T06:18:55.403+0000] {logging_mixin.py:137} INFO - [2023-04-28T06:18:55.403+0000] {dag.py:3441} INFO - Setting next_dagrun for example_branch_operator to 2023-04-27T00:00:00+00:00, run_after=2023-04-28T00:00:00+00:00
[2023-04-28T06:18:55.415+0000] {processor.py:175} INFO - Processing /home/airflow/.local/lib/python3.7/site-packages/airflow/example_dags/example_branch_operator.py took 0.069 seconds
