[2023-04-28T00:36:30.009+0000] {processor.py:153} INFO - Started process (PID=14539) to work on /home/airflow/.local/lib/python3.7/site-packages/airflow/example_dags/example_task_group_decorator.py
[2023-04-28T00:36:30.011+0000] {processor.py:743} INFO - Processing file /home/airflow/.local/lib/python3.7/site-packages/airflow/example_dags/example_task_group_decorator.py for tasks to queue
[2023-04-28T00:36:30.012+0000] {logging_mixin.py:137} INFO - [2023-04-28T00:36:30.012+0000] {dagbag.py:538} INFO - Filling up the DagBag from /home/airflow/.local/lib/python3.7/site-packages/airflow/example_dags/example_task_group_decorator.py
[2023-04-28T00:36:30.042+0000] {processor.py:753} INFO - DAG(s) dict_keys(['example_task_group_decorator']) retrieved from /home/airflow/.local/lib/python3.7/site-packages/airflow/example_dags/example_task_group_decorator.py
[2023-04-28T00:36:30.081+0000] {logging_mixin.py:137} INFO - [2023-04-28T00:36:30.081+0000] {dag.py:2690} INFO - Sync 1 DAGs
[2023-04-28T00:36:30.110+0000] {logging_mixin.py:137} INFO - [2023-04-28T00:36:30.110+0000] {dag.py:3441} INFO - Setting next_dagrun for example_task_group_decorator to 2023-04-27T00:36:30.110520+00:00, run_after=2023-04-28T00:36:30.110520+00:00
[2023-04-28T00:36:30.142+0000] {processor.py:175} INFO - Processing /home/airflow/.local/lib/python3.7/site-packages/airflow/example_dags/example_task_group_decorator.py took 0.140 seconds
[2023-04-28T01:42:51.400+0000] {processor.py:153} INFO - Started process (PID=14609) to work on /home/airflow/.local/lib/python3.7/site-packages/airflow/example_dags/example_task_group_decorator.py
[2023-04-28T01:42:51.401+0000] {processor.py:743} INFO - Processing file /home/airflow/.local/lib/python3.7/site-packages/airflow/example_dags/example_task_group_decorator.py for tasks to queue
[2023-04-28T01:42:51.402+0000] {logging_mixin.py:137} INFO - [2023-04-28T01:42:51.402+0000] {dagbag.py:538} INFO - Filling up the DagBag from /home/airflow/.local/lib/python3.7/site-packages/airflow/example_dags/example_task_group_decorator.py
[2023-04-28T01:42:51.421+0000] {processor.py:753} INFO - DAG(s) dict_keys(['example_task_group_decorator']) retrieved from /home/airflow/.local/lib/python3.7/site-packages/airflow/example_dags/example_task_group_decorator.py
[2023-04-28T01:42:51.441+0000] {logging_mixin.py:137} INFO - [2023-04-28T01:42:51.441+0000] {dag.py:2690} INFO - Sync 1 DAGs
[2023-04-28T01:42:51.457+0000] {logging_mixin.py:137} INFO - [2023-04-28T01:42:51.457+0000] {dag.py:3441} INFO - Setting next_dagrun for example_task_group_decorator to 2023-04-27T01:42:51.457043+00:00, run_after=2023-04-28T01:42:51.457043+00:00
[2023-04-28T01:42:51.469+0000] {processor.py:175} INFO - Processing /home/airflow/.local/lib/python3.7/site-packages/airflow/example_dags/example_task_group_decorator.py took 0.072 seconds
[2023-04-28T02:48:40.004+0000] {processor.py:153} INFO - Started process (PID=14687) to work on /home/airflow/.local/lib/python3.7/site-packages/airflow/example_dags/example_task_group_decorator.py
[2023-04-28T02:48:40.007+0000] {processor.py:743} INFO - Processing file /home/airflow/.local/lib/python3.7/site-packages/airflow/example_dags/example_task_group_decorator.py for tasks to queue
[2023-04-28T02:48:40.009+0000] {logging_mixin.py:137} INFO - [2023-04-28T02:48:40.008+0000] {dagbag.py:538} INFO - Filling up the DagBag from /home/airflow/.local/lib/python3.7/site-packages/airflow/example_dags/example_task_group_decorator.py
[2023-04-28T02:48:40.051+0000] {processor.py:753} INFO - DAG(s) dict_keys(['example_task_group_decorator']) retrieved from /home/airflow/.local/lib/python3.7/site-packages/airflow/example_dags/example_task_group_decorator.py
[2023-04-28T02:48:40.101+0000] {logging_mixin.py:137} INFO - [2023-04-28T02:48:40.101+0000] {dag.py:2690} INFO - Sync 1 DAGs
[2023-04-28T02:48:40.121+0000] {logging_mixin.py:137} INFO - [2023-04-28T02:48:40.121+0000] {dag.py:3441} INFO - Setting next_dagrun for example_task_group_decorator to 2023-04-27T02:48:40.120789+00:00, run_after=2023-04-28T02:48:40.120789+00:00
[2023-04-28T02:48:40.137+0000] {processor.py:175} INFO - Processing /home/airflow/.local/lib/python3.7/site-packages/airflow/example_dags/example_task_group_decorator.py took 0.138 seconds
[2023-04-28T03:54:53.185+0000] {processor.py:153} INFO - Started process (PID=14764) to work on /home/airflow/.local/lib/python3.7/site-packages/airflow/example_dags/example_task_group_decorator.py
[2023-04-28T03:54:53.188+0000] {processor.py:743} INFO - Processing file /home/airflow/.local/lib/python3.7/site-packages/airflow/example_dags/example_task_group_decorator.py for tasks to queue
[2023-04-28T03:54:53.190+0000] {logging_mixin.py:137} INFO - [2023-04-28T03:54:53.190+0000] {dagbag.py:538} INFO - Filling up the DagBag from /home/airflow/.local/lib/python3.7/site-packages/airflow/example_dags/example_task_group_decorator.py
[2023-04-28T03:54:53.239+0000] {processor.py:753} INFO - DAG(s) dict_keys(['example_task_group_decorator']) retrieved from /home/airflow/.local/lib/python3.7/site-packages/airflow/example_dags/example_task_group_decorator.py
[2023-04-28T03:54:53.279+0000] {logging_mixin.py:137} INFO - [2023-04-28T03:54:53.279+0000] {dag.py:2690} INFO - Sync 1 DAGs
[2023-04-28T03:54:53.308+0000] {logging_mixin.py:137} INFO - [2023-04-28T03:54:53.308+0000] {dag.py:3441} INFO - Setting next_dagrun for example_task_group_decorator to 2023-04-27T03:54:53.308086+00:00, run_after=2023-04-28T03:54:53.308086+00:00
[2023-04-28T03:54:53.336+0000] {processor.py:175} INFO - Processing /home/airflow/.local/lib/python3.7/site-packages/airflow/example_dags/example_task_group_decorator.py took 0.162 seconds
[2023-04-28T05:16:14.989+0000] {processor.py:153} INFO - Started process (PID=14830) to work on /home/airflow/.local/lib/python3.7/site-packages/airflow/example_dags/example_task_group_decorator.py
[2023-04-28T05:16:14.991+0000] {processor.py:743} INFO - Processing file /home/airflow/.local/lib/python3.7/site-packages/airflow/example_dags/example_task_group_decorator.py for tasks to queue
[2023-04-28T05:16:14.991+0000] {logging_mixin.py:137} INFO - [2023-04-28T05:16:14.991+0000] {dagbag.py:538} INFO - Filling up the DagBag from /home/airflow/.local/lib/python3.7/site-packages/airflow/example_dags/example_task_group_decorator.py
[2023-04-28T05:16:15.011+0000] {processor.py:753} INFO - DAG(s) dict_keys(['example_task_group_decorator']) retrieved from /home/airflow/.local/lib/python3.7/site-packages/airflow/example_dags/example_task_group_decorator.py
[2023-04-28T05:16:15.032+0000] {logging_mixin.py:137} INFO - [2023-04-28T05:16:15.032+0000] {dag.py:2690} INFO - Sync 1 DAGs
[2023-04-28T05:16:15.048+0000] {logging_mixin.py:137} INFO - [2023-04-28T05:16:15.048+0000] {dag.py:3441} INFO - Setting next_dagrun for example_task_group_decorator to 2023-04-27T05:16:15.047929+00:00, run_after=2023-04-28T05:16:15.047929+00:00
[2023-04-28T05:16:15.060+0000] {processor.py:175} INFO - Processing /home/airflow/.local/lib/python3.7/site-packages/airflow/example_dags/example_task_group_decorator.py took 0.073 seconds
[2023-04-28T05:32:11.484+0000] {processor.py:153} INFO - Started process (PID=14910) to work on /home/airflow/.local/lib/python3.7/site-packages/airflow/example_dags/example_task_group_decorator.py
[2023-04-28T05:32:11.487+0000] {processor.py:743} INFO - Processing file /home/airflow/.local/lib/python3.7/site-packages/airflow/example_dags/example_task_group_decorator.py for tasks to queue
[2023-04-28T05:32:11.491+0000] {logging_mixin.py:137} INFO - [2023-04-28T05:32:11.491+0000] {dagbag.py:538} INFO - Filling up the DagBag from /home/airflow/.local/lib/python3.7/site-packages/airflow/example_dags/example_task_group_decorator.py
[2023-04-28T05:32:11.554+0000] {processor.py:753} INFO - DAG(s) dict_keys(['example_task_group_decorator']) retrieved from /home/airflow/.local/lib/python3.7/site-packages/airflow/example_dags/example_task_group_decorator.py
[2023-04-28T05:32:11.604+0000] {logging_mixin.py:137} INFO - [2023-04-28T05:32:11.604+0000] {dag.py:2690} INFO - Sync 1 DAGs
[2023-04-28T05:32:11.635+0000] {logging_mixin.py:137} INFO - [2023-04-28T05:32:11.634+0000] {dag.py:3441} INFO - Setting next_dagrun for example_task_group_decorator to 2023-04-27T05:32:11.634675+00:00, run_after=2023-04-28T05:32:11.634675+00:00
[2023-04-28T05:32:11.661+0000] {processor.py:175} INFO - Processing /home/airflow/.local/lib/python3.7/site-packages/airflow/example_dags/example_task_group_decorator.py took 0.188 seconds
[2023-04-28T05:32:42.137+0000] {processor.py:153} INFO - Started process (PID=14987) to work on /home/airflow/.local/lib/python3.7/site-packages/airflow/example_dags/example_task_group_decorator.py
[2023-04-28T05:32:42.138+0000] {processor.py:743} INFO - Processing file /home/airflow/.local/lib/python3.7/site-packages/airflow/example_dags/example_task_group_decorator.py for tasks to queue
[2023-04-28T05:32:42.139+0000] {logging_mixin.py:137} INFO - [2023-04-28T05:32:42.139+0000] {dagbag.py:538} INFO - Filling up the DagBag from /home/airflow/.local/lib/python3.7/site-packages/airflow/example_dags/example_task_group_decorator.py
[2023-04-28T05:32:42.158+0000] {processor.py:753} INFO - DAG(s) dict_keys(['example_task_group_decorator']) retrieved from /home/airflow/.local/lib/python3.7/site-packages/airflow/example_dags/example_task_group_decorator.py
[2023-04-28T05:32:42.178+0000] {logging_mixin.py:137} INFO - [2023-04-28T05:32:42.178+0000] {dag.py:2690} INFO - Sync 1 DAGs
[2023-04-28T05:32:42.193+0000] {logging_mixin.py:137} INFO - [2023-04-28T05:32:42.193+0000] {dag.py:3441} INFO - Setting next_dagrun for example_task_group_decorator to 2023-04-27T05:32:42.192846+00:00, run_after=2023-04-28T05:32:42.192846+00:00
[2023-04-28T05:32:42.204+0000] {processor.py:175} INFO - Processing /home/airflow/.local/lib/python3.7/site-packages/airflow/example_dags/example_task_group_decorator.py took 0.070 seconds
[2023-04-28T06:03:54.322+0000] {processor.py:153} INFO - Started process (PID=15054) to work on /home/airflow/.local/lib/python3.7/site-packages/airflow/example_dags/example_task_group_decorator.py
[2023-04-28T06:03:54.326+0000] {processor.py:743} INFO - Processing file /home/airflow/.local/lib/python3.7/site-packages/airflow/example_dags/example_task_group_decorator.py for tasks to queue
[2023-04-28T06:03:54.328+0000] {logging_mixin.py:137} INFO - [2023-04-28T06:03:54.327+0000] {dagbag.py:538} INFO - Filling up the DagBag from /home/airflow/.local/lib/python3.7/site-packages/airflow/example_dags/example_task_group_decorator.py
[2023-04-28T06:03:54.371+0000] {processor.py:753} INFO - DAG(s) dict_keys(['example_task_group_decorator']) retrieved from /home/airflow/.local/lib/python3.7/site-packages/airflow/example_dags/example_task_group_decorator.py
[2023-04-28T06:03:54.413+0000] {logging_mixin.py:137} INFO - [2023-04-28T06:03:54.413+0000] {dag.py:2690} INFO - Sync 1 DAGs
[2023-04-28T06:03:54.444+0000] {logging_mixin.py:137} INFO - [2023-04-28T06:03:54.443+0000] {dag.py:3441} INFO - Setting next_dagrun for example_task_group_decorator to 2023-04-27T06:03:54.443721+00:00, run_after=2023-04-28T06:03:54.443721+00:00
[2023-04-28T06:03:54.475+0000] {processor.py:175} INFO - Processing /home/airflow/.local/lib/python3.7/site-packages/airflow/example_dags/example_task_group_decorator.py took 0.157 seconds
[2023-04-28T06:04:40.267+0000] {processor.py:153} INFO - Started process (PID=15133) to work on /home/airflow/.local/lib/python3.7/site-packages/airflow/example_dags/example_task_group_decorator.py
[2023-04-28T06:04:40.268+0000] {processor.py:743} INFO - Processing file /home/airflow/.local/lib/python3.7/site-packages/airflow/example_dags/example_task_group_decorator.py for tasks to queue
[2023-04-28T06:04:40.269+0000] {logging_mixin.py:137} INFO - [2023-04-28T06:04:40.269+0000] {dagbag.py:538} INFO - Filling up the DagBag from /home/airflow/.local/lib/python3.7/site-packages/airflow/example_dags/example_task_group_decorator.py
[2023-04-28T06:04:40.288+0000] {processor.py:753} INFO - DAG(s) dict_keys(['example_task_group_decorator']) retrieved from /home/airflow/.local/lib/python3.7/site-packages/airflow/example_dags/example_task_group_decorator.py
[2023-04-28T06:04:40.313+0000] {logging_mixin.py:137} INFO - [2023-04-28T06:04:40.313+0000] {dag.py:2690} INFO - Sync 1 DAGs
[2023-04-28T06:04:40.330+0000] {logging_mixin.py:137} INFO - [2023-04-28T06:04:40.330+0000] {dag.py:3441} INFO - Setting next_dagrun for example_task_group_decorator to 2023-04-27T06:04:40.329957+00:00, run_after=2023-04-28T06:04:40.329957+00:00
[2023-04-28T06:04:40.342+0000] {processor.py:175} INFO - Processing /home/airflow/.local/lib/python3.7/site-packages/airflow/example_dags/example_task_group_decorator.py took 0.078 seconds
[2023-04-28T06:05:10.689+0000] {processor.py:153} INFO - Started process (PID=15211) to work on /home/airflow/.local/lib/python3.7/site-packages/airflow/example_dags/example_task_group_decorator.py
[2023-04-28T06:05:10.690+0000] {processor.py:743} INFO - Processing file /home/airflow/.local/lib/python3.7/site-packages/airflow/example_dags/example_task_group_decorator.py for tasks to queue
[2023-04-28T06:05:10.691+0000] {logging_mixin.py:137} INFO - [2023-04-28T06:05:10.691+0000] {dagbag.py:538} INFO - Filling up the DagBag from /home/airflow/.local/lib/python3.7/site-packages/airflow/example_dags/example_task_group_decorator.py
[2023-04-28T06:05:10.713+0000] {processor.py:753} INFO - DAG(s) dict_keys(['example_task_group_decorator']) retrieved from /home/airflow/.local/lib/python3.7/site-packages/airflow/example_dags/example_task_group_decorator.py
[2023-04-28T06:05:10.735+0000] {logging_mixin.py:137} INFO - [2023-04-28T06:05:10.735+0000] {dag.py:2690} INFO - Sync 1 DAGs
[2023-04-28T06:05:10.753+0000] {logging_mixin.py:137} INFO - [2023-04-28T06:05:10.753+0000] {dag.py:3441} INFO - Setting next_dagrun for example_task_group_decorator to 2023-04-27T06:05:10.753351+00:00, run_after=2023-04-28T06:05:10.753351+00:00
[2023-04-28T06:05:10.766+0000] {processor.py:175} INFO - Processing /home/airflow/.local/lib/python3.7/site-packages/airflow/example_dags/example_task_group_decorator.py took 0.082 seconds
[2023-04-28T06:05:41.451+0000] {processor.py:153} INFO - Started process (PID=15277) to work on /home/airflow/.local/lib/python3.7/site-packages/airflow/example_dags/example_task_group_decorator.py
[2023-04-28T06:05:41.452+0000] {processor.py:743} INFO - Processing file /home/airflow/.local/lib/python3.7/site-packages/airflow/example_dags/example_task_group_decorator.py for tasks to queue
[2023-04-28T06:05:41.453+0000] {logging_mixin.py:137} INFO - [2023-04-28T06:05:41.453+0000] {dagbag.py:538} INFO - Filling up the DagBag from /home/airflow/.local/lib/python3.7/site-packages/airflow/example_dags/example_task_group_decorator.py
[2023-04-28T06:05:41.472+0000] {processor.py:753} INFO - DAG(s) dict_keys(['example_task_group_decorator']) retrieved from /home/airflow/.local/lib/python3.7/site-packages/airflow/example_dags/example_task_group_decorator.py
[2023-04-28T06:05:41.492+0000] {logging_mixin.py:137} INFO - [2023-04-28T06:05:41.492+0000] {dag.py:2690} INFO - Sync 1 DAGs
[2023-04-28T06:05:41.507+0000] {logging_mixin.py:137} INFO - [2023-04-28T06:05:41.507+0000] {dag.py:3441} INFO - Setting next_dagrun for example_task_group_decorator to 2023-04-27T06:05:41.507082+00:00, run_after=2023-04-28T06:05:41.507082+00:00
[2023-04-28T06:05:41.520+0000] {processor.py:175} INFO - Processing /home/airflow/.local/lib/python3.7/site-packages/airflow/example_dags/example_task_group_decorator.py took 0.072 seconds
[2023-04-28T06:06:11.721+0000] {processor.py:153} INFO - Started process (PID=15357) to work on /home/airflow/.local/lib/python3.7/site-packages/airflow/example_dags/example_task_group_decorator.py
[2023-04-28T06:06:11.722+0000] {processor.py:743} INFO - Processing file /home/airflow/.local/lib/python3.7/site-packages/airflow/example_dags/example_task_group_decorator.py for tasks to queue
[2023-04-28T06:06:11.723+0000] {logging_mixin.py:137} INFO - [2023-04-28T06:06:11.723+0000] {dagbag.py:538} INFO - Filling up the DagBag from /home/airflow/.local/lib/python3.7/site-packages/airflow/example_dags/example_task_group_decorator.py
[2023-04-28T06:06:11.742+0000] {processor.py:753} INFO - DAG(s) dict_keys(['example_task_group_decorator']) retrieved from /home/airflow/.local/lib/python3.7/site-packages/airflow/example_dags/example_task_group_decorator.py
[2023-04-28T06:06:11.762+0000] {logging_mixin.py:137} INFO - [2023-04-28T06:06:11.762+0000] {dag.py:2690} INFO - Sync 1 DAGs
[2023-04-28T06:06:11.778+0000] {logging_mixin.py:137} INFO - [2023-04-28T06:06:11.778+0000] {dag.py:3441} INFO - Setting next_dagrun for example_task_group_decorator to 2023-04-27T06:06:11.778058+00:00, run_after=2023-04-28T06:06:11.778058+00:00
[2023-04-28T06:06:11.793+0000] {processor.py:175} INFO - Processing /home/airflow/.local/lib/python3.7/site-packages/airflow/example_dags/example_task_group_decorator.py took 0.075 seconds
[2023-04-28T06:06:42.111+0000] {processor.py:153} INFO - Started process (PID=15434) to work on /home/airflow/.local/lib/python3.7/site-packages/airflow/example_dags/example_task_group_decorator.py
[2023-04-28T06:06:42.113+0000] {processor.py:743} INFO - Processing file /home/airflow/.local/lib/python3.7/site-packages/airflow/example_dags/example_task_group_decorator.py for tasks to queue
[2023-04-28T06:06:42.114+0000] {logging_mixin.py:137} INFO - [2023-04-28T06:06:42.113+0000] {dagbag.py:538} INFO - Filling up the DagBag from /home/airflow/.local/lib/python3.7/site-packages/airflow/example_dags/example_task_group_decorator.py
[2023-04-28T06:06:42.135+0000] {processor.py:753} INFO - DAG(s) dict_keys(['example_task_group_decorator']) retrieved from /home/airflow/.local/lib/python3.7/site-packages/airflow/example_dags/example_task_group_decorator.py
[2023-04-28T06:06:42.157+0000] {logging_mixin.py:137} INFO - [2023-04-28T06:06:42.157+0000] {dag.py:2690} INFO - Sync 1 DAGs
[2023-04-28T06:06:42.182+0000] {logging_mixin.py:137} INFO - [2023-04-28T06:06:42.182+0000] {dag.py:3441} INFO - Setting next_dagrun for example_task_group_decorator to 2023-04-27T06:06:42.182443+00:00, run_after=2023-04-28T06:06:42.182443+00:00
[2023-04-28T06:06:42.197+0000] {processor.py:175} INFO - Processing /home/airflow/.local/lib/python3.7/site-packages/airflow/example_dags/example_task_group_decorator.py took 0.090 seconds
[2023-04-28T06:07:12.800+0000] {processor.py:153} INFO - Started process (PID=15501) to work on /home/airflow/.local/lib/python3.7/site-packages/airflow/example_dags/example_task_group_decorator.py
[2023-04-28T06:07:12.801+0000] {processor.py:743} INFO - Processing file /home/airflow/.local/lib/python3.7/site-packages/airflow/example_dags/example_task_group_decorator.py for tasks to queue
[2023-04-28T06:07:12.802+0000] {logging_mixin.py:137} INFO - [2023-04-28T06:07:12.802+0000] {dagbag.py:538} INFO - Filling up the DagBag from /home/airflow/.local/lib/python3.7/site-packages/airflow/example_dags/example_task_group_decorator.py
[2023-04-28T06:07:12.821+0000] {processor.py:753} INFO - DAG(s) dict_keys(['example_task_group_decorator']) retrieved from /home/airflow/.local/lib/python3.7/site-packages/airflow/example_dags/example_task_group_decorator.py
[2023-04-28T06:07:12.841+0000] {logging_mixin.py:137} INFO - [2023-04-28T06:07:12.841+0000] {dag.py:2690} INFO - Sync 1 DAGs
[2023-04-28T06:07:12.856+0000] {logging_mixin.py:137} INFO - [2023-04-28T06:07:12.856+0000] {dag.py:3441} INFO - Setting next_dagrun for example_task_group_decorator to 2023-04-27T06:07:12.856531+00:00, run_after=2023-04-28T06:07:12.856531+00:00
[2023-04-28T06:07:12.868+0000] {processor.py:175} INFO - Processing /home/airflow/.local/lib/python3.7/site-packages/airflow/example_dags/example_task_group_decorator.py took 0.071 seconds
[2023-04-28T06:07:43.192+0000] {processor.py:153} INFO - Started process (PID=15579) to work on /home/airflow/.local/lib/python3.7/site-packages/airflow/example_dags/example_task_group_decorator.py
[2023-04-28T06:07:43.193+0000] {processor.py:743} INFO - Processing file /home/airflow/.local/lib/python3.7/site-packages/airflow/example_dags/example_task_group_decorator.py for tasks to queue
[2023-04-28T06:07:43.194+0000] {logging_mixin.py:137} INFO - [2023-04-28T06:07:43.193+0000] {dagbag.py:538} INFO - Filling up the DagBag from /home/airflow/.local/lib/python3.7/site-packages/airflow/example_dags/example_task_group_decorator.py
[2023-04-28T06:07:43.213+0000] {processor.py:753} INFO - DAG(s) dict_keys(['example_task_group_decorator']) retrieved from /home/airflow/.local/lib/python3.7/site-packages/airflow/example_dags/example_task_group_decorator.py
[2023-04-28T06:07:43.234+0000] {logging_mixin.py:137} INFO - [2023-04-28T06:07:43.234+0000] {dag.py:2690} INFO - Sync 1 DAGs
[2023-04-28T06:07:43.250+0000] {logging_mixin.py:137} INFO - [2023-04-28T06:07:43.250+0000] {dag.py:3441} INFO - Setting next_dagrun for example_task_group_decorator to 2023-04-27T06:07:43.250303+00:00, run_after=2023-04-28T06:07:43.250303+00:00
[2023-04-28T06:07:43.263+0000] {processor.py:175} INFO - Processing /home/airflow/.local/lib/python3.7/site-packages/airflow/example_dags/example_task_group_decorator.py took 0.073 seconds
[2023-04-28T06:08:13.645+0000] {processor.py:153} INFO - Started process (PID=15657) to work on /home/airflow/.local/lib/python3.7/site-packages/airflow/example_dags/example_task_group_decorator.py
[2023-04-28T06:08:13.647+0000] {processor.py:743} INFO - Processing file /home/airflow/.local/lib/python3.7/site-packages/airflow/example_dags/example_task_group_decorator.py for tasks to queue
[2023-04-28T06:08:13.648+0000] {logging_mixin.py:137} INFO - [2023-04-28T06:08:13.648+0000] {dagbag.py:538} INFO - Filling up the DagBag from /home/airflow/.local/lib/python3.7/site-packages/airflow/example_dags/example_task_group_decorator.py
[2023-04-28T06:08:13.674+0000] {processor.py:753} INFO - DAG(s) dict_keys(['example_task_group_decorator']) retrieved from /home/airflow/.local/lib/python3.7/site-packages/airflow/example_dags/example_task_group_decorator.py
[2023-04-28T06:08:13.712+0000] {logging_mixin.py:137} INFO - [2023-04-28T06:08:13.712+0000] {dag.py:2690} INFO - Sync 1 DAGs
[2023-04-28T06:08:13.737+0000] {logging_mixin.py:137} INFO - [2023-04-28T06:08:13.737+0000] {dag.py:3441} INFO - Setting next_dagrun for example_task_group_decorator to 2023-04-27T06:08:13.737218+00:00, run_after=2023-04-28T06:08:13.737218+00:00
[2023-04-28T06:08:13.759+0000] {processor.py:175} INFO - Processing /home/airflow/.local/lib/python3.7/site-packages/airflow/example_dags/example_task_group_decorator.py took 0.120 seconds
[2023-04-28T06:08:44.038+0000] {processor.py:153} INFO - Started process (PID=15723) to work on /home/airflow/.local/lib/python3.7/site-packages/airflow/example_dags/example_task_group_decorator.py
[2023-04-28T06:08:44.039+0000] {processor.py:743} INFO - Processing file /home/airflow/.local/lib/python3.7/site-packages/airflow/example_dags/example_task_group_decorator.py for tasks to queue
[2023-04-28T06:08:44.040+0000] {logging_mixin.py:137} INFO - [2023-04-28T06:08:44.040+0000] {dagbag.py:538} INFO - Filling up the DagBag from /home/airflow/.local/lib/python3.7/site-packages/airflow/example_dags/example_task_group_decorator.py
[2023-04-28T06:08:44.062+0000] {processor.py:753} INFO - DAG(s) dict_keys(['example_task_group_decorator']) retrieved from /home/airflow/.local/lib/python3.7/site-packages/airflow/example_dags/example_task_group_decorator.py
[2023-04-28T06:08:44.085+0000] {logging_mixin.py:137} INFO - [2023-04-28T06:08:44.085+0000] {dag.py:2690} INFO - Sync 1 DAGs
[2023-04-28T06:08:44.104+0000] {logging_mixin.py:137} INFO - [2023-04-28T06:08:44.103+0000] {dag.py:3441} INFO - Setting next_dagrun for example_task_group_decorator to 2023-04-27T06:08:44.103688+00:00, run_after=2023-04-28T06:08:44.103688+00:00
[2023-04-28T06:08:44.121+0000] {processor.py:175} INFO - Processing /home/airflow/.local/lib/python3.7/site-packages/airflow/example_dags/example_task_group_decorator.py took 0.086 seconds
[2023-04-28T06:09:14.599+0000] {processor.py:153} INFO - Started process (PID=15801) to work on /home/airflow/.local/lib/python3.7/site-packages/airflow/example_dags/example_task_group_decorator.py
[2023-04-28T06:09:14.600+0000] {processor.py:743} INFO - Processing file /home/airflow/.local/lib/python3.7/site-packages/airflow/example_dags/example_task_group_decorator.py for tasks to queue
[2023-04-28T06:09:14.601+0000] {logging_mixin.py:137} INFO - [2023-04-28T06:09:14.601+0000] {dagbag.py:538} INFO - Filling up the DagBag from /home/airflow/.local/lib/python3.7/site-packages/airflow/example_dags/example_task_group_decorator.py
[2023-04-28T06:09:14.620+0000] {processor.py:753} INFO - DAG(s) dict_keys(['example_task_group_decorator']) retrieved from /home/airflow/.local/lib/python3.7/site-packages/airflow/example_dags/example_task_group_decorator.py
[2023-04-28T06:09:14.641+0000] {logging_mixin.py:137} INFO - [2023-04-28T06:09:14.641+0000] {dag.py:2690} INFO - Sync 1 DAGs
[2023-04-28T06:09:14.657+0000] {logging_mixin.py:137} INFO - [2023-04-28T06:09:14.657+0000] {dag.py:3441} INFO - Setting next_dagrun for example_task_group_decorator to 2023-04-27T06:09:14.656881+00:00, run_after=2023-04-28T06:09:14.656881+00:00
[2023-04-28T06:09:14.670+0000] {processor.py:175} INFO - Processing /home/airflow/.local/lib/python3.7/site-packages/airflow/example_dags/example_task_group_decorator.py took 0.074 seconds
[2023-04-28T06:09:45.249+0000] {processor.py:153} INFO - Started process (PID=15877) to work on /home/airflow/.local/lib/python3.7/site-packages/airflow/example_dags/example_task_group_decorator.py
[2023-04-28T06:09:45.251+0000] {processor.py:743} INFO - Processing file /home/airflow/.local/lib/python3.7/site-packages/airflow/example_dags/example_task_group_decorator.py for tasks to queue
[2023-04-28T06:09:45.258+0000] {logging_mixin.py:137} INFO - [2023-04-28T06:09:45.257+0000] {dagbag.py:538} INFO - Filling up the DagBag from /home/airflow/.local/lib/python3.7/site-packages/airflow/example_dags/example_task_group_decorator.py
[2023-04-28T06:09:45.333+0000] {processor.py:753} INFO - DAG(s) dict_keys(['example_task_group_decorator']) retrieved from /home/airflow/.local/lib/python3.7/site-packages/airflow/example_dags/example_task_group_decorator.py
[2023-04-28T06:09:45.417+0000] {logging_mixin.py:137} INFO - [2023-04-28T06:09:45.416+0000] {dag.py:2690} INFO - Sync 1 DAGs
[2023-04-28T06:09:45.482+0000] {logging_mixin.py:137} INFO - [2023-04-28T06:09:45.482+0000] {dag.py:3441} INFO - Setting next_dagrun for example_task_group_decorator to 2023-04-27T06:09:45.482495+00:00, run_after=2023-04-28T06:09:45.482495+00:00
[2023-04-28T06:09:45.499+0000] {processor.py:175} INFO - Processing /home/airflow/.local/lib/python3.7/site-packages/airflow/example_dags/example_task_group_decorator.py took 0.258 seconds
[2023-04-28T06:10:15.979+0000] {processor.py:153} INFO - Started process (PID=15945) to work on /home/airflow/.local/lib/python3.7/site-packages/airflow/example_dags/example_task_group_decorator.py
[2023-04-28T06:10:15.980+0000] {processor.py:743} INFO - Processing file /home/airflow/.local/lib/python3.7/site-packages/airflow/example_dags/example_task_group_decorator.py for tasks to queue
[2023-04-28T06:10:15.981+0000] {logging_mixin.py:137} INFO - [2023-04-28T06:10:15.981+0000] {dagbag.py:538} INFO - Filling up the DagBag from /home/airflow/.local/lib/python3.7/site-packages/airflow/example_dags/example_task_group_decorator.py
[2023-04-28T06:10:16.001+0000] {processor.py:753} INFO - DAG(s) dict_keys(['example_task_group_decorator']) retrieved from /home/airflow/.local/lib/python3.7/site-packages/airflow/example_dags/example_task_group_decorator.py
[2023-04-28T06:10:16.023+0000] {logging_mixin.py:137} INFO - [2023-04-28T06:10:16.023+0000] {dag.py:2690} INFO - Sync 1 DAGs
[2023-04-28T06:10:16.039+0000] {logging_mixin.py:137} INFO - [2023-04-28T06:10:16.039+0000] {dag.py:3441} INFO - Setting next_dagrun for example_task_group_decorator to 2023-04-27T06:10:16.039295+00:00, run_after=2023-04-28T06:10:16.039295+00:00
[2023-04-28T06:10:16.052+0000] {processor.py:175} INFO - Processing /home/airflow/.local/lib/python3.7/site-packages/airflow/example_dags/example_task_group_decorator.py took 0.076 seconds
[2023-04-28T06:10:46.349+0000] {processor.py:153} INFO - Started process (PID=16023) to work on /home/airflow/.local/lib/python3.7/site-packages/airflow/example_dags/example_task_group_decorator.py
[2023-04-28T06:10:46.350+0000] {processor.py:743} INFO - Processing file /home/airflow/.local/lib/python3.7/site-packages/airflow/example_dags/example_task_group_decorator.py for tasks to queue
[2023-04-28T06:10:46.351+0000] {logging_mixin.py:137} INFO - [2023-04-28T06:10:46.351+0000] {dagbag.py:538} INFO - Filling up the DagBag from /home/airflow/.local/lib/python3.7/site-packages/airflow/example_dags/example_task_group_decorator.py
[2023-04-28T06:10:46.371+0000] {processor.py:753} INFO - DAG(s) dict_keys(['example_task_group_decorator']) retrieved from /home/airflow/.local/lib/python3.7/site-packages/airflow/example_dags/example_task_group_decorator.py
[2023-04-28T06:10:46.394+0000] {logging_mixin.py:137} INFO - [2023-04-28T06:10:46.394+0000] {dag.py:2690} INFO - Sync 1 DAGs
[2023-04-28T06:10:46.409+0000] {logging_mixin.py:137} INFO - [2023-04-28T06:10:46.409+0000] {dag.py:3441} INFO - Setting next_dagrun for example_task_group_decorator to 2023-04-27T06:10:46.409447+00:00, run_after=2023-04-28T06:10:46.409447+00:00
[2023-04-28T06:10:46.423+0000] {processor.py:175} INFO - Processing /home/airflow/.local/lib/python3.7/site-packages/airflow/example_dags/example_task_group_decorator.py took 0.076 seconds
[2023-04-28T06:11:16.781+0000] {processor.py:153} INFO - Started process (PID=16101) to work on /home/airflow/.local/lib/python3.7/site-packages/airflow/example_dags/example_task_group_decorator.py
[2023-04-28T06:11:16.783+0000] {processor.py:743} INFO - Processing file /home/airflow/.local/lib/python3.7/site-packages/airflow/example_dags/example_task_group_decorator.py for tasks to queue
[2023-04-28T06:11:16.783+0000] {logging_mixin.py:137} INFO - [2023-04-28T06:11:16.783+0000] {dagbag.py:538} INFO - Filling up the DagBag from /home/airflow/.local/lib/python3.7/site-packages/airflow/example_dags/example_task_group_decorator.py
[2023-04-28T06:11:16.806+0000] {processor.py:753} INFO - DAG(s) dict_keys(['example_task_group_decorator']) retrieved from /home/airflow/.local/lib/python3.7/site-packages/airflow/example_dags/example_task_group_decorator.py
[2023-04-28T06:11:16.831+0000] {logging_mixin.py:137} INFO - [2023-04-28T06:11:16.831+0000] {dag.py:2690} INFO - Sync 1 DAGs
[2023-04-28T06:11:16.854+0000] {logging_mixin.py:137} INFO - [2023-04-28T06:11:16.854+0000] {dag.py:3441} INFO - Setting next_dagrun for example_task_group_decorator to 2023-04-27T06:11:16.854383+00:00, run_after=2023-04-28T06:11:16.854383+00:00
[2023-04-28T06:11:16.868+0000] {processor.py:175} INFO - Processing /home/airflow/.local/lib/python3.7/site-packages/airflow/example_dags/example_task_group_decorator.py took 0.090 seconds
[2023-04-28T06:11:47.318+0000] {processor.py:153} INFO - Started process (PID=16167) to work on /home/airflow/.local/lib/python3.7/site-packages/airflow/example_dags/example_task_group_decorator.py
[2023-04-28T06:11:47.319+0000] {processor.py:743} INFO - Processing file /home/airflow/.local/lib/python3.7/site-packages/airflow/example_dags/example_task_group_decorator.py for tasks to queue
[2023-04-28T06:11:47.320+0000] {logging_mixin.py:137} INFO - [2023-04-28T06:11:47.320+0000] {dagbag.py:538} INFO - Filling up the DagBag from /home/airflow/.local/lib/python3.7/site-packages/airflow/example_dags/example_task_group_decorator.py
[2023-04-28T06:11:47.339+0000] {processor.py:753} INFO - DAG(s) dict_keys(['example_task_group_decorator']) retrieved from /home/airflow/.local/lib/python3.7/site-packages/airflow/example_dags/example_task_group_decorator.py
[2023-04-28T06:11:47.361+0000] {logging_mixin.py:137} INFO - [2023-04-28T06:11:47.360+0000] {dag.py:2690} INFO - Sync 1 DAGs
[2023-04-28T06:11:47.377+0000] {logging_mixin.py:137} INFO - [2023-04-28T06:11:47.377+0000] {dag.py:3441} INFO - Setting next_dagrun for example_task_group_decorator to 2023-04-27T06:11:47.377397+00:00, run_after=2023-04-28T06:11:47.377397+00:00
[2023-04-28T06:11:47.389+0000] {processor.py:175} INFO - Processing /home/airflow/.local/lib/python3.7/site-packages/airflow/example_dags/example_task_group_decorator.py took 0.074 seconds
[2023-04-28T06:12:18.052+0000] {processor.py:153} INFO - Started process (PID=16245) to work on /home/airflow/.local/lib/python3.7/site-packages/airflow/example_dags/example_task_group_decorator.py
[2023-04-28T06:12:18.054+0000] {processor.py:743} INFO - Processing file /home/airflow/.local/lib/python3.7/site-packages/airflow/example_dags/example_task_group_decorator.py for tasks to queue
[2023-04-28T06:12:18.054+0000] {logging_mixin.py:137} INFO - [2023-04-28T06:12:18.054+0000] {dagbag.py:538} INFO - Filling up the DagBag from /home/airflow/.local/lib/python3.7/site-packages/airflow/example_dags/example_task_group_decorator.py
[2023-04-28T06:12:18.073+0000] {processor.py:753} INFO - DAG(s) dict_keys(['example_task_group_decorator']) retrieved from /home/airflow/.local/lib/python3.7/site-packages/airflow/example_dags/example_task_group_decorator.py
[2023-04-28T06:12:18.095+0000] {logging_mixin.py:137} INFO - [2023-04-28T06:12:18.095+0000] {dag.py:2690} INFO - Sync 1 DAGs
[2023-04-28T06:12:18.111+0000] {logging_mixin.py:137} INFO - [2023-04-28T06:12:18.111+0000] {dag.py:3441} INFO - Setting next_dagrun for example_task_group_decorator to 2023-04-27T06:12:18.111093+00:00, run_after=2023-04-28T06:12:18.111093+00:00
[2023-04-28T06:12:18.123+0000] {processor.py:175} INFO - Processing /home/airflow/.local/lib/python3.7/site-packages/airflow/example_dags/example_task_group_decorator.py took 0.074 seconds
[2023-04-28T06:12:48.500+0000] {processor.py:153} INFO - Started process (PID=16322) to work on /home/airflow/.local/lib/python3.7/site-packages/airflow/example_dags/example_task_group_decorator.py
[2023-04-28T06:12:48.503+0000] {processor.py:743} INFO - Processing file /home/airflow/.local/lib/python3.7/site-packages/airflow/example_dags/example_task_group_decorator.py for tasks to queue
[2023-04-28T06:12:48.505+0000] {logging_mixin.py:137} INFO - [2023-04-28T06:12:48.505+0000] {dagbag.py:538} INFO - Filling up the DagBag from /home/airflow/.local/lib/python3.7/site-packages/airflow/example_dags/example_task_group_decorator.py
[2023-04-28T06:12:48.537+0000] {processor.py:753} INFO - DAG(s) dict_keys(['example_task_group_decorator']) retrieved from /home/airflow/.local/lib/python3.7/site-packages/airflow/example_dags/example_task_group_decorator.py
[2023-04-28T06:12:48.564+0000] {logging_mixin.py:137} INFO - [2023-04-28T06:12:48.564+0000] {dag.py:2690} INFO - Sync 1 DAGs
[2023-04-28T06:12:48.586+0000] {logging_mixin.py:137} INFO - [2023-04-28T06:12:48.586+0000] {dag.py:3441} INFO - Setting next_dagrun for example_task_group_decorator to 2023-04-27T06:12:48.586318+00:00, run_after=2023-04-28T06:12:48.586318+00:00
[2023-04-28T06:12:48.609+0000] {processor.py:175} INFO - Processing /home/airflow/.local/lib/python3.7/site-packages/airflow/example_dags/example_task_group_decorator.py took 0.113 seconds
[2023-04-28T06:13:19.003+0000] {processor.py:153} INFO - Started process (PID=16389) to work on /home/airflow/.local/lib/python3.7/site-packages/airflow/example_dags/example_task_group_decorator.py
[2023-04-28T06:13:19.005+0000] {processor.py:743} INFO - Processing file /home/airflow/.local/lib/python3.7/site-packages/airflow/example_dags/example_task_group_decorator.py for tasks to queue
[2023-04-28T06:13:19.005+0000] {logging_mixin.py:137} INFO - [2023-04-28T06:13:19.005+0000] {dagbag.py:538} INFO - Filling up the DagBag from /home/airflow/.local/lib/python3.7/site-packages/airflow/example_dags/example_task_group_decorator.py
[2023-04-28T06:13:19.027+0000] {processor.py:753} INFO - DAG(s) dict_keys(['example_task_group_decorator']) retrieved from /home/airflow/.local/lib/python3.7/site-packages/airflow/example_dags/example_task_group_decorator.py
[2023-04-28T06:13:19.052+0000] {logging_mixin.py:137} INFO - [2023-04-28T06:13:19.052+0000] {dag.py:2690} INFO - Sync 1 DAGs
[2023-04-28T06:13:19.073+0000] {logging_mixin.py:137} INFO - [2023-04-28T06:13:19.073+0000] {dag.py:3441} INFO - Setting next_dagrun for example_task_group_decorator to 2023-04-27T06:13:19.072864+00:00, run_after=2023-04-28T06:13:19.072864+00:00
[2023-04-28T06:13:19.087+0000] {processor.py:175} INFO - Processing /home/airflow/.local/lib/python3.7/site-packages/airflow/example_dags/example_task_group_decorator.py took 0.087 seconds
[2023-04-28T06:13:49.553+0000] {processor.py:153} INFO - Started process (PID=16467) to work on /home/airflow/.local/lib/python3.7/site-packages/airflow/example_dags/example_task_group_decorator.py
[2023-04-28T06:13:49.554+0000] {processor.py:743} INFO - Processing file /home/airflow/.local/lib/python3.7/site-packages/airflow/example_dags/example_task_group_decorator.py for tasks to queue
[2023-04-28T06:13:49.555+0000] {logging_mixin.py:137} INFO - [2023-04-28T06:13:49.555+0000] {dagbag.py:538} INFO - Filling up the DagBag from /home/airflow/.local/lib/python3.7/site-packages/airflow/example_dags/example_task_group_decorator.py
[2023-04-28T06:13:49.574+0000] {processor.py:753} INFO - DAG(s) dict_keys(['example_task_group_decorator']) retrieved from /home/airflow/.local/lib/python3.7/site-packages/airflow/example_dags/example_task_group_decorator.py
[2023-04-28T06:13:49.596+0000] {logging_mixin.py:137} INFO - [2023-04-28T06:13:49.595+0000] {dag.py:2690} INFO - Sync 1 DAGs
[2023-04-28T06:13:49.611+0000] {logging_mixin.py:137} INFO - [2023-04-28T06:13:49.610+0000] {dag.py:3441} INFO - Setting next_dagrun for example_task_group_decorator to 2023-04-27T06:13:49.610764+00:00, run_after=2023-04-28T06:13:49.610764+00:00
[2023-04-28T06:13:49.623+0000] {processor.py:175} INFO - Processing /home/airflow/.local/lib/python3.7/site-packages/airflow/example_dags/example_task_group_decorator.py took 0.072 seconds
[2023-04-28T06:14:19.986+0000] {processor.py:153} INFO - Started process (PID=16545) to work on /home/airflow/.local/lib/python3.7/site-packages/airflow/example_dags/example_task_group_decorator.py
[2023-04-28T06:14:19.987+0000] {processor.py:743} INFO - Processing file /home/airflow/.local/lib/python3.7/site-packages/airflow/example_dags/example_task_group_decorator.py for tasks to queue
[2023-04-28T06:14:19.988+0000] {logging_mixin.py:137} INFO - [2023-04-28T06:14:19.988+0000] {dagbag.py:538} INFO - Filling up the DagBag from /home/airflow/.local/lib/python3.7/site-packages/airflow/example_dags/example_task_group_decorator.py
[2023-04-28T06:14:20.007+0000] {processor.py:753} INFO - DAG(s) dict_keys(['example_task_group_decorator']) retrieved from /home/airflow/.local/lib/python3.7/site-packages/airflow/example_dags/example_task_group_decorator.py
[2023-04-28T06:14:20.028+0000] {logging_mixin.py:137} INFO - [2023-04-28T06:14:20.028+0000] {dag.py:2690} INFO - Sync 1 DAGs
[2023-04-28T06:14:20.043+0000] {logging_mixin.py:137} INFO - [2023-04-28T06:14:20.043+0000] {dag.py:3441} INFO - Setting next_dagrun for example_task_group_decorator to 2023-04-27T06:14:20.042875+00:00, run_after=2023-04-28T06:14:20.042875+00:00
[2023-04-28T06:14:20.054+0000] {processor.py:175} INFO - Processing /home/airflow/.local/lib/python3.7/site-packages/airflow/example_dags/example_task_group_decorator.py took 0.071 seconds
[2023-04-28T06:14:50.313+0000] {processor.py:153} INFO - Started process (PID=16610) to work on /home/airflow/.local/lib/python3.7/site-packages/airflow/example_dags/example_task_group_decorator.py
[2023-04-28T06:14:50.314+0000] {processor.py:743} INFO - Processing file /home/airflow/.local/lib/python3.7/site-packages/airflow/example_dags/example_task_group_decorator.py for tasks to queue
[2023-04-28T06:14:50.315+0000] {logging_mixin.py:137} INFO - [2023-04-28T06:14:50.315+0000] {dagbag.py:538} INFO - Filling up the DagBag from /home/airflow/.local/lib/python3.7/site-packages/airflow/example_dags/example_task_group_decorator.py
[2023-04-28T06:14:50.334+0000] {processor.py:753} INFO - DAG(s) dict_keys(['example_task_group_decorator']) retrieved from /home/airflow/.local/lib/python3.7/site-packages/airflow/example_dags/example_task_group_decorator.py
[2023-04-28T06:14:50.356+0000] {logging_mixin.py:137} INFO - [2023-04-28T06:14:50.355+0000] {dag.py:2690} INFO - Sync 1 DAGs
[2023-04-28T06:14:50.371+0000] {logging_mixin.py:137} INFO - [2023-04-28T06:14:50.371+0000] {dag.py:3441} INFO - Setting next_dagrun for example_task_group_decorator to 2023-04-27T06:14:50.371569+00:00, run_after=2023-04-28T06:14:50.371569+00:00
[2023-04-28T06:14:50.387+0000] {processor.py:175} INFO - Processing /home/airflow/.local/lib/python3.7/site-packages/airflow/example_dags/example_task_group_decorator.py took 0.077 seconds
[2023-04-28T06:15:20.882+0000] {processor.py:153} INFO - Started process (PID=16688) to work on /home/airflow/.local/lib/python3.7/site-packages/airflow/example_dags/example_task_group_decorator.py
[2023-04-28T06:15:20.883+0000] {processor.py:743} INFO - Processing file /home/airflow/.local/lib/python3.7/site-packages/airflow/example_dags/example_task_group_decorator.py for tasks to queue
[2023-04-28T06:15:20.884+0000] {logging_mixin.py:137} INFO - [2023-04-28T06:15:20.884+0000] {dagbag.py:538} INFO - Filling up the DagBag from /home/airflow/.local/lib/python3.7/site-packages/airflow/example_dags/example_task_group_decorator.py
[2023-04-28T06:15:20.902+0000] {processor.py:753} INFO - DAG(s) dict_keys(['example_task_group_decorator']) retrieved from /home/airflow/.local/lib/python3.7/site-packages/airflow/example_dags/example_task_group_decorator.py
[2023-04-28T06:15:20.923+0000] {logging_mixin.py:137} INFO - [2023-04-28T06:15:20.923+0000] {dag.py:2690} INFO - Sync 1 DAGs
[2023-04-28T06:15:20.938+0000] {logging_mixin.py:137} INFO - [2023-04-28T06:15:20.938+0000] {dag.py:3441} INFO - Setting next_dagrun for example_task_group_decorator to 2023-04-27T06:15:20.938140+00:00, run_after=2023-04-28T06:15:20.938140+00:00
[2023-04-28T06:15:20.950+0000] {processor.py:175} INFO - Processing /home/airflow/.local/lib/python3.7/site-packages/airflow/example_dags/example_task_group_decorator.py took 0.071 seconds
[2023-04-28T06:15:51.260+0000] {processor.py:153} INFO - Started process (PID=16765) to work on /home/airflow/.local/lib/python3.7/site-packages/airflow/example_dags/example_task_group_decorator.py
[2023-04-28T06:15:51.262+0000] {processor.py:743} INFO - Processing file /home/airflow/.local/lib/python3.7/site-packages/airflow/example_dags/example_task_group_decorator.py for tasks to queue
[2023-04-28T06:15:51.263+0000] {logging_mixin.py:137} INFO - [2023-04-28T06:15:51.262+0000] {dagbag.py:538} INFO - Filling up the DagBag from /home/airflow/.local/lib/python3.7/site-packages/airflow/example_dags/example_task_group_decorator.py
[2023-04-28T06:15:51.282+0000] {processor.py:753} INFO - DAG(s) dict_keys(['example_task_group_decorator']) retrieved from /home/airflow/.local/lib/python3.7/site-packages/airflow/example_dags/example_task_group_decorator.py
[2023-04-28T06:15:51.303+0000] {logging_mixin.py:137} INFO - [2023-04-28T06:15:51.303+0000] {dag.py:2690} INFO - Sync 1 DAGs
[2023-04-28T06:15:51.318+0000] {logging_mixin.py:137} INFO - [2023-04-28T06:15:51.318+0000] {dag.py:3441} INFO - Setting next_dagrun for example_task_group_decorator to 2023-04-27T06:15:51.318315+00:00, run_after=2023-04-28T06:15:51.318315+00:00
[2023-04-28T06:15:51.331+0000] {processor.py:175} INFO - Processing /home/airflow/.local/lib/python3.7/site-packages/airflow/example_dags/example_task_group_decorator.py took 0.073 seconds
[2023-04-28T06:16:21.511+0000] {processor.py:153} INFO - Started process (PID=16830) to work on /home/airflow/.local/lib/python3.7/site-packages/airflow/example_dags/example_task_group_decorator.py
[2023-04-28T06:16:21.513+0000] {processor.py:743} INFO - Processing file /home/airflow/.local/lib/python3.7/site-packages/airflow/example_dags/example_task_group_decorator.py for tasks to queue
[2023-04-28T06:16:21.514+0000] {logging_mixin.py:137} INFO - [2023-04-28T06:16:21.513+0000] {dagbag.py:538} INFO - Filling up the DagBag from /home/airflow/.local/lib/python3.7/site-packages/airflow/example_dags/example_task_group_decorator.py
[2023-04-28T06:16:21.533+0000] {processor.py:753} INFO - DAG(s) dict_keys(['example_task_group_decorator']) retrieved from /home/airflow/.local/lib/python3.7/site-packages/airflow/example_dags/example_task_group_decorator.py
[2023-04-28T06:16:21.553+0000] {logging_mixin.py:137} INFO - [2023-04-28T06:16:21.553+0000] {dag.py:2690} INFO - Sync 1 DAGs
[2023-04-28T06:16:21.569+0000] {logging_mixin.py:137} INFO - [2023-04-28T06:16:21.568+0000] {dag.py:3441} INFO - Setting next_dagrun for example_task_group_decorator to 2023-04-27T06:16:21.568741+00:00, run_after=2023-04-28T06:16:21.568741+00:00
[2023-04-28T06:16:21.582+0000] {processor.py:175} INFO - Processing /home/airflow/.local/lib/python3.7/site-packages/airflow/example_dags/example_task_group_decorator.py took 0.074 seconds
[2023-04-28T06:16:51.816+0000] {processor.py:153} INFO - Started process (PID=16908) to work on /home/airflow/.local/lib/python3.7/site-packages/airflow/example_dags/example_task_group_decorator.py
[2023-04-28T06:16:51.817+0000] {processor.py:743} INFO - Processing file /home/airflow/.local/lib/python3.7/site-packages/airflow/example_dags/example_task_group_decorator.py for tasks to queue
[2023-04-28T06:16:51.818+0000] {logging_mixin.py:137} INFO - [2023-04-28T06:16:51.818+0000] {dagbag.py:538} INFO - Filling up the DagBag from /home/airflow/.local/lib/python3.7/site-packages/airflow/example_dags/example_task_group_decorator.py
[2023-04-28T06:16:51.837+0000] {processor.py:753} INFO - DAG(s) dict_keys(['example_task_group_decorator']) retrieved from /home/airflow/.local/lib/python3.7/site-packages/airflow/example_dags/example_task_group_decorator.py
[2023-04-28T06:16:51.858+0000] {logging_mixin.py:137} INFO - [2023-04-28T06:16:51.858+0000] {dag.py:2690} INFO - Sync 1 DAGs
[2023-04-28T06:16:51.874+0000] {logging_mixin.py:137} INFO - [2023-04-28T06:16:51.874+0000] {dag.py:3441} INFO - Setting next_dagrun for example_task_group_decorator to 2023-04-27T06:16:51.874003+00:00, run_after=2023-04-28T06:16:51.874003+00:00
[2023-04-28T06:16:51.886+0000] {processor.py:175} INFO - Processing /home/airflow/.local/lib/python3.7/site-packages/airflow/example_dags/example_task_group_decorator.py took 0.073 seconds
[2023-04-28T06:17:22.436+0000] {processor.py:153} INFO - Started process (PID=16986) to work on /home/airflow/.local/lib/python3.7/site-packages/airflow/example_dags/example_task_group_decorator.py
[2023-04-28T06:17:22.437+0000] {processor.py:743} INFO - Processing file /home/airflow/.local/lib/python3.7/site-packages/airflow/example_dags/example_task_group_decorator.py for tasks to queue
[2023-04-28T06:17:22.438+0000] {logging_mixin.py:137} INFO - [2023-04-28T06:17:22.438+0000] {dagbag.py:538} INFO - Filling up the DagBag from /home/airflow/.local/lib/python3.7/site-packages/airflow/example_dags/example_task_group_decorator.py
[2023-04-28T06:17:22.457+0000] {processor.py:753} INFO - DAG(s) dict_keys(['example_task_group_decorator']) retrieved from /home/airflow/.local/lib/python3.7/site-packages/airflow/example_dags/example_task_group_decorator.py
[2023-04-28T06:17:22.478+0000] {logging_mixin.py:137} INFO - [2023-04-28T06:17:22.478+0000] {dag.py:2690} INFO - Sync 1 DAGs
[2023-04-28T06:17:22.493+0000] {logging_mixin.py:137} INFO - [2023-04-28T06:17:22.493+0000] {dag.py:3441} INFO - Setting next_dagrun for example_task_group_decorator to 2023-04-27T06:17:22.493654+00:00, run_after=2023-04-28T06:17:22.493654+00:00
[2023-04-28T06:17:22.505+0000] {processor.py:175} INFO - Processing /home/airflow/.local/lib/python3.7/site-packages/airflow/example_dags/example_task_group_decorator.py took 0.072 seconds
[2023-04-28T06:17:52.783+0000] {processor.py:153} INFO - Started process (PID=17052) to work on /home/airflow/.local/lib/python3.7/site-packages/airflow/example_dags/example_task_group_decorator.py
[2023-04-28T06:17:52.785+0000] {processor.py:743} INFO - Processing file /home/airflow/.local/lib/python3.7/site-packages/airflow/example_dags/example_task_group_decorator.py for tasks to queue
[2023-04-28T06:17:52.786+0000] {logging_mixin.py:137} INFO - [2023-04-28T06:17:52.785+0000] {dagbag.py:538} INFO - Filling up the DagBag from /home/airflow/.local/lib/python3.7/site-packages/airflow/example_dags/example_task_group_decorator.py
[2023-04-28T06:17:52.805+0000] {processor.py:753} INFO - DAG(s) dict_keys(['example_task_group_decorator']) retrieved from /home/airflow/.local/lib/python3.7/site-packages/airflow/example_dags/example_task_group_decorator.py
[2023-04-28T06:17:52.826+0000] {logging_mixin.py:137} INFO - [2023-04-28T06:17:52.826+0000] {dag.py:2690} INFO - Sync 1 DAGs
[2023-04-28T06:17:52.842+0000] {logging_mixin.py:137} INFO - [2023-04-28T06:17:52.842+0000] {dag.py:3441} INFO - Setting next_dagrun for example_task_group_decorator to 2023-04-27T06:17:52.841844+00:00, run_after=2023-04-28T06:17:52.841844+00:00
[2023-04-28T06:17:52.854+0000] {processor.py:175} INFO - Processing /home/airflow/.local/lib/python3.7/site-packages/airflow/example_dags/example_task_group_decorator.py took 0.073 seconds
[2023-04-28T06:18:23.433+0000] {processor.py:153} INFO - Started process (PID=17130) to work on /home/airflow/.local/lib/python3.7/site-packages/airflow/example_dags/example_task_group_decorator.py
[2023-04-28T06:18:23.434+0000] {processor.py:743} INFO - Processing file /home/airflow/.local/lib/python3.7/site-packages/airflow/example_dags/example_task_group_decorator.py for tasks to queue
[2023-04-28T06:18:23.435+0000] {logging_mixin.py:137} INFO - [2023-04-28T06:18:23.435+0000] {dagbag.py:538} INFO - Filling up the DagBag from /home/airflow/.local/lib/python3.7/site-packages/airflow/example_dags/example_task_group_decorator.py
[2023-04-28T06:18:23.454+0000] {processor.py:753} INFO - DAG(s) dict_keys(['example_task_group_decorator']) retrieved from /home/airflow/.local/lib/python3.7/site-packages/airflow/example_dags/example_task_group_decorator.py
[2023-04-28T06:18:23.475+0000] {logging_mixin.py:137} INFO - [2023-04-28T06:18:23.475+0000] {dag.py:2690} INFO - Sync 1 DAGs
[2023-04-28T06:18:23.491+0000] {logging_mixin.py:137} INFO - [2023-04-28T06:18:23.491+0000] {dag.py:3441} INFO - Setting next_dagrun for example_task_group_decorator to 2023-04-27T06:18:23.490888+00:00, run_after=2023-04-28T06:18:23.490888+00:00
[2023-04-28T06:18:23.504+0000] {processor.py:175} INFO - Processing /home/airflow/.local/lib/python3.7/site-packages/airflow/example_dags/example_task_group_decorator.py took 0.074 seconds
[2023-04-28T06:18:53.741+0000] {processor.py:153} INFO - Started process (PID=17208) to work on /home/airflow/.local/lib/python3.7/site-packages/airflow/example_dags/example_task_group_decorator.py
[2023-04-28T06:18:53.743+0000] {processor.py:743} INFO - Processing file /home/airflow/.local/lib/python3.7/site-packages/airflow/example_dags/example_task_group_decorator.py for tasks to queue
[2023-04-28T06:18:53.743+0000] {logging_mixin.py:137} INFO - [2023-04-28T06:18:53.743+0000] {dagbag.py:538} INFO - Filling up the DagBag from /home/airflow/.local/lib/python3.7/site-packages/airflow/example_dags/example_task_group_decorator.py
[2023-04-28T06:18:53.763+0000] {processor.py:753} INFO - DAG(s) dict_keys(['example_task_group_decorator']) retrieved from /home/airflow/.local/lib/python3.7/site-packages/airflow/example_dags/example_task_group_decorator.py
[2023-04-28T06:18:53.783+0000] {logging_mixin.py:137} INFO - [2023-04-28T06:18:53.783+0000] {dag.py:2690} INFO - Sync 1 DAGs
[2023-04-28T06:18:53.799+0000] {logging_mixin.py:137} INFO - [2023-04-28T06:18:53.799+0000] {dag.py:3441} INFO - Setting next_dagrun for example_task_group_decorator to 2023-04-27T06:18:53.799118+00:00, run_after=2023-04-28T06:18:53.799118+00:00
[2023-04-28T06:18:53.811+0000] {processor.py:175} INFO - Processing /home/airflow/.local/lib/python3.7/site-packages/airflow/example_dags/example_task_group_decorator.py took 0.073 seconds
