[2023-04-28T00:36:30.306+0000] {processor.py:153} INFO - Started process (PID=14543) to work on /home/airflow/.local/lib/python3.7/site-packages/airflow/example_dags/example_bash_operator.py
[2023-04-28T00:36:30.307+0000] {processor.py:743} INFO - Processing file /home/airflow/.local/lib/python3.7/site-packages/airflow/example_dags/example_bash_operator.py for tasks to queue
[2023-04-28T00:36:30.309+0000] {logging_mixin.py:137} INFO - [2023-04-28T00:36:30.309+0000] {dagbag.py:538} INFO - Filling up the DagBag from /home/airflow/.local/lib/python3.7/site-packages/airflow/example_dags/example_bash_operator.py
[2023-04-28T00:36:30.328+0000] {processor.py:753} INFO - DAG(s) dict_keys(['example_bash_operator']) retrieved from /home/airflow/.local/lib/python3.7/site-packages/airflow/example_dags/example_bash_operator.py
[2023-04-28T00:36:30.356+0000] {logging_mixin.py:137} INFO - [2023-04-28T00:36:30.355+0000] {dag.py:2690} INFO - Sync 1 DAGs
[2023-04-28T00:36:30.376+0000] {logging_mixin.py:137} INFO - [2023-04-28T00:36:30.376+0000] {dag.py:3441} INFO - Setting next_dagrun for example_bash_operator to 2023-04-27T00:00:00+00:00, run_after=2023-04-28T00:00:00+00:00
[2023-04-28T00:36:30.389+0000] {processor.py:175} INFO - Processing /home/airflow/.local/lib/python3.7/site-packages/airflow/example_dags/example_bash_operator.py took 0.087 seconds
[2023-04-28T01:42:51.598+0000] {processor.py:153} INFO - Started process (PID=14613) to work on /home/airflow/.local/lib/python3.7/site-packages/airflow/example_dags/example_bash_operator.py
[2023-04-28T01:42:51.599+0000] {processor.py:743} INFO - Processing file /home/airflow/.local/lib/python3.7/site-packages/airflow/example_dags/example_bash_operator.py for tasks to queue
[2023-04-28T01:42:51.600+0000] {logging_mixin.py:137} INFO - [2023-04-28T01:42:51.600+0000] {dagbag.py:538} INFO - Filling up the DagBag from /home/airflow/.local/lib/python3.7/site-packages/airflow/example_dags/example_bash_operator.py
[2023-04-28T01:42:51.616+0000] {processor.py:753} INFO - DAG(s) dict_keys(['example_bash_operator']) retrieved from /home/airflow/.local/lib/python3.7/site-packages/airflow/example_dags/example_bash_operator.py
[2023-04-28T01:42:51.640+0000] {logging_mixin.py:137} INFO - [2023-04-28T01:42:51.640+0000] {dag.py:2690} INFO - Sync 1 DAGs
[2023-04-28T01:42:51.660+0000] {logging_mixin.py:137} INFO - [2023-04-28T01:42:51.660+0000] {dag.py:3441} INFO - Setting next_dagrun for example_bash_operator to 2023-04-27T00:00:00+00:00, run_after=2023-04-28T00:00:00+00:00
[2023-04-28T01:42:51.671+0000] {processor.py:175} INFO - Processing /home/airflow/.local/lib/python3.7/site-packages/airflow/example_dags/example_bash_operator.py took 0.076 seconds
[2023-04-28T02:48:40.255+0000] {processor.py:153} INFO - Started process (PID=14691) to work on /home/airflow/.local/lib/python3.7/site-packages/airflow/example_dags/example_bash_operator.py
[2023-04-28T02:48:40.256+0000] {processor.py:743} INFO - Processing file /home/airflow/.local/lib/python3.7/site-packages/airflow/example_dags/example_bash_operator.py for tasks to queue
[2023-04-28T02:48:40.256+0000] {logging_mixin.py:137} INFO - [2023-04-28T02:48:40.256+0000] {dagbag.py:538} INFO - Filling up the DagBag from /home/airflow/.local/lib/python3.7/site-packages/airflow/example_dags/example_bash_operator.py
[2023-04-28T02:48:40.272+0000] {processor.py:753} INFO - DAG(s) dict_keys(['example_bash_operator']) retrieved from /home/airflow/.local/lib/python3.7/site-packages/airflow/example_dags/example_bash_operator.py
[2023-04-28T02:48:40.297+0000] {logging_mixin.py:137} INFO - [2023-04-28T02:48:40.297+0000] {dag.py:2690} INFO - Sync 1 DAGs
[2023-04-28T02:48:40.313+0000] {logging_mixin.py:137} INFO - [2023-04-28T02:48:40.312+0000] {dag.py:3441} INFO - Setting next_dagrun for example_bash_operator to 2023-04-27T00:00:00+00:00, run_after=2023-04-28T00:00:00+00:00
[2023-04-28T02:48:40.322+0000] {processor.py:175} INFO - Processing /home/airflow/.local/lib/python3.7/site-packages/airflow/example_dags/example_bash_operator.py took 0.070 seconds
[2023-04-28T03:54:53.525+0000] {processor.py:153} INFO - Started process (PID=14768) to work on /home/airflow/.local/lib/python3.7/site-packages/airflow/example_dags/example_bash_operator.py
[2023-04-28T03:54:53.526+0000] {processor.py:743} INFO - Processing file /home/airflow/.local/lib/python3.7/site-packages/airflow/example_dags/example_bash_operator.py for tasks to queue
[2023-04-28T03:54:53.527+0000] {logging_mixin.py:137} INFO - [2023-04-28T03:54:53.527+0000] {dagbag.py:538} INFO - Filling up the DagBag from /home/airflow/.local/lib/python3.7/site-packages/airflow/example_dags/example_bash_operator.py
[2023-04-28T03:54:53.545+0000] {processor.py:753} INFO - DAG(s) dict_keys(['example_bash_operator']) retrieved from /home/airflow/.local/lib/python3.7/site-packages/airflow/example_dags/example_bash_operator.py
[2023-04-28T03:54:53.571+0000] {logging_mixin.py:137} INFO - [2023-04-28T03:54:53.571+0000] {dag.py:2690} INFO - Sync 1 DAGs
[2023-04-28T03:54:53.588+0000] {logging_mixin.py:137} INFO - [2023-04-28T03:54:53.588+0000] {dag.py:3441} INFO - Setting next_dagrun for example_bash_operator to 2023-04-27T00:00:00+00:00, run_after=2023-04-28T00:00:00+00:00
[2023-04-28T03:54:53.600+0000] {processor.py:175} INFO - Processing /home/airflow/.local/lib/python3.7/site-packages/airflow/example_dags/example_bash_operator.py took 0.078 seconds
[2023-04-28T05:16:15.182+0000] {processor.py:153} INFO - Started process (PID=14834) to work on /home/airflow/.local/lib/python3.7/site-packages/airflow/example_dags/example_bash_operator.py
[2023-04-28T05:16:15.183+0000] {processor.py:743} INFO - Processing file /home/airflow/.local/lib/python3.7/site-packages/airflow/example_dags/example_bash_operator.py for tasks to queue
[2023-04-28T05:16:15.184+0000] {logging_mixin.py:137} INFO - [2023-04-28T05:16:15.184+0000] {dagbag.py:538} INFO - Filling up the DagBag from /home/airflow/.local/lib/python3.7/site-packages/airflow/example_dags/example_bash_operator.py
[2023-04-28T05:16:15.200+0000] {processor.py:753} INFO - DAG(s) dict_keys(['example_bash_operator']) retrieved from /home/airflow/.local/lib/python3.7/site-packages/airflow/example_dags/example_bash_operator.py
[2023-04-28T05:16:15.224+0000] {logging_mixin.py:137} INFO - [2023-04-28T05:16:15.223+0000] {dag.py:2690} INFO - Sync 1 DAGs
[2023-04-28T05:16:15.241+0000] {logging_mixin.py:137} INFO - [2023-04-28T05:16:15.241+0000] {dag.py:3441} INFO - Setting next_dagrun for example_bash_operator to 2023-04-27T00:00:00+00:00, run_after=2023-04-28T00:00:00+00:00
[2023-04-28T05:16:15.252+0000] {processor.py:175} INFO - Processing /home/airflow/.local/lib/python3.7/site-packages/airflow/example_dags/example_bash_operator.py took 0.073 seconds
[2023-04-28T05:32:11.944+0000] {processor.py:153} INFO - Started process (PID=14914) to work on /home/airflow/.local/lib/python3.7/site-packages/airflow/example_dags/example_bash_operator.py
[2023-04-28T05:32:11.948+0000] {processor.py:743} INFO - Processing file /home/airflow/.local/lib/python3.7/site-packages/airflow/example_dags/example_bash_operator.py for tasks to queue
[2023-04-28T05:32:11.949+0000] {logging_mixin.py:137} INFO - [2023-04-28T05:32:11.949+0000] {dagbag.py:538} INFO - Filling up the DagBag from /home/airflow/.local/lib/python3.7/site-packages/airflow/example_dags/example_bash_operator.py
[2023-04-28T05:32:11.981+0000] {processor.py:753} INFO - DAG(s) dict_keys(['example_bash_operator']) retrieved from /home/airflow/.local/lib/python3.7/site-packages/airflow/example_dags/example_bash_operator.py
[2023-04-28T05:32:12.023+0000] {logging_mixin.py:137} INFO - [2023-04-28T05:32:12.023+0000] {dag.py:2690} INFO - Sync 1 DAGs
[2023-04-28T05:32:12.058+0000] {logging_mixin.py:137} INFO - [2023-04-28T05:32:12.058+0000] {dag.py:3441} INFO - Setting next_dagrun for example_bash_operator to 2023-04-27T00:00:00+00:00, run_after=2023-04-28T00:00:00+00:00
[2023-04-28T05:32:12.089+0000] {processor.py:175} INFO - Processing /home/airflow/.local/lib/python3.7/site-packages/airflow/example_dags/example_bash_operator.py took 0.149 seconds
[2023-04-28T05:32:42.324+0000] {processor.py:153} INFO - Started process (PID=14991) to work on /home/airflow/.local/lib/python3.7/site-packages/airflow/example_dags/example_bash_operator.py
[2023-04-28T05:32:42.325+0000] {processor.py:743} INFO - Processing file /home/airflow/.local/lib/python3.7/site-packages/airflow/example_dags/example_bash_operator.py for tasks to queue
[2023-04-28T05:32:42.326+0000] {logging_mixin.py:137} INFO - [2023-04-28T05:32:42.326+0000] {dagbag.py:538} INFO - Filling up the DagBag from /home/airflow/.local/lib/python3.7/site-packages/airflow/example_dags/example_bash_operator.py
[2023-04-28T05:32:42.342+0000] {processor.py:753} INFO - DAG(s) dict_keys(['example_bash_operator']) retrieved from /home/airflow/.local/lib/python3.7/site-packages/airflow/example_dags/example_bash_operator.py
[2023-04-28T05:32:42.366+0000] {logging_mixin.py:137} INFO - [2023-04-28T05:32:42.366+0000] {dag.py:2690} INFO - Sync 1 DAGs
[2023-04-28T05:32:42.381+0000] {logging_mixin.py:137} INFO - [2023-04-28T05:32:42.381+0000] {dag.py:3441} INFO - Setting next_dagrun for example_bash_operator to 2023-04-27T00:00:00+00:00, run_after=2023-04-28T00:00:00+00:00
[2023-04-28T05:32:42.394+0000] {processor.py:175} INFO - Processing /home/airflow/.local/lib/python3.7/site-packages/airflow/example_dags/example_bash_operator.py took 0.072 seconds
[2023-04-28T06:03:54.916+0000] {processor.py:153} INFO - Started process (PID=15058) to work on /home/airflow/.local/lib/python3.7/site-packages/airflow/example_dags/example_bash_operator.py
[2023-04-28T06:03:54.920+0000] {processor.py:743} INFO - Processing file /home/airflow/.local/lib/python3.7/site-packages/airflow/example_dags/example_bash_operator.py for tasks to queue
[2023-04-28T06:03:54.921+0000] {logging_mixin.py:137} INFO - [2023-04-28T06:03:54.921+0000] {dagbag.py:538} INFO - Filling up the DagBag from /home/airflow/.local/lib/python3.7/site-packages/airflow/example_dags/example_bash_operator.py
[2023-04-28T06:03:54.954+0000] {processor.py:753} INFO - DAG(s) dict_keys(['example_bash_operator']) retrieved from /home/airflow/.local/lib/python3.7/site-packages/airflow/example_dags/example_bash_operator.py
[2023-04-28T06:03:55.008+0000] {logging_mixin.py:137} INFO - [2023-04-28T06:03:55.008+0000] {dag.py:2690} INFO - Sync 1 DAGs
[2023-04-28T06:03:55.032+0000] {logging_mixin.py:137} INFO - [2023-04-28T06:03:55.032+0000] {dag.py:3441} INFO - Setting next_dagrun for example_bash_operator to 2023-04-27T00:00:00+00:00, run_after=2023-04-28T00:00:00+00:00
[2023-04-28T06:03:55.042+0000] {processor.py:175} INFO - Processing /home/airflow/.local/lib/python3.7/site-packages/airflow/example_dags/example_bash_operator.py took 0.131 seconds
[2023-04-28T06:04:40.464+0000] {processor.py:153} INFO - Started process (PID=15137) to work on /home/airflow/.local/lib/python3.7/site-packages/airflow/example_dags/example_bash_operator.py
[2023-04-28T06:04:40.466+0000] {processor.py:743} INFO - Processing file /home/airflow/.local/lib/python3.7/site-packages/airflow/example_dags/example_bash_operator.py for tasks to queue
[2023-04-28T06:04:40.467+0000] {logging_mixin.py:137} INFO - [2023-04-28T06:04:40.467+0000] {dagbag.py:538} INFO - Filling up the DagBag from /home/airflow/.local/lib/python3.7/site-packages/airflow/example_dags/example_bash_operator.py
[2023-04-28T06:04:40.482+0000] {processor.py:753} INFO - DAG(s) dict_keys(['example_bash_operator']) retrieved from /home/airflow/.local/lib/python3.7/site-packages/airflow/example_dags/example_bash_operator.py
[2023-04-28T06:04:40.506+0000] {logging_mixin.py:137} INFO - [2023-04-28T06:04:40.506+0000] {dag.py:2690} INFO - Sync 1 DAGs
[2023-04-28T06:04:40.525+0000] {logging_mixin.py:137} INFO - [2023-04-28T06:04:40.525+0000] {dag.py:3441} INFO - Setting next_dagrun for example_bash_operator to 2023-04-27T00:00:00+00:00, run_after=2023-04-28T00:00:00+00:00
[2023-04-28T06:04:40.536+0000] {processor.py:175} INFO - Processing /home/airflow/.local/lib/python3.7/site-packages/airflow/example_dags/example_bash_operator.py took 0.074 seconds
[2023-04-28T06:05:10.925+0000] {processor.py:153} INFO - Started process (PID=15215) to work on /home/airflow/.local/lib/python3.7/site-packages/airflow/example_dags/example_bash_operator.py
[2023-04-28T06:05:10.927+0000] {processor.py:743} INFO - Processing file /home/airflow/.local/lib/python3.7/site-packages/airflow/example_dags/example_bash_operator.py for tasks to queue
[2023-04-28T06:05:10.929+0000] {logging_mixin.py:137} INFO - [2023-04-28T06:05:10.929+0000] {dagbag.py:538} INFO - Filling up the DagBag from /home/airflow/.local/lib/python3.7/site-packages/airflow/example_dags/example_bash_operator.py
[2023-04-28T06:05:10.953+0000] {processor.py:753} INFO - DAG(s) dict_keys(['example_bash_operator']) retrieved from /home/airflow/.local/lib/python3.7/site-packages/airflow/example_dags/example_bash_operator.py
[2023-04-28T06:05:10.987+0000] {logging_mixin.py:137} INFO - [2023-04-28T06:05:10.987+0000] {dag.py:2690} INFO - Sync 1 DAGs
[2023-04-28T06:05:11.004+0000] {logging_mixin.py:137} INFO - [2023-04-28T06:05:11.004+0000] {dag.py:3441} INFO - Setting next_dagrun for example_bash_operator to 2023-04-27T00:00:00+00:00, run_after=2023-04-28T00:00:00+00:00
[2023-04-28T06:05:11.027+0000] {processor.py:175} INFO - Processing /home/airflow/.local/lib/python3.7/site-packages/airflow/example_dags/example_bash_operator.py took 0.106 seconds
[2023-04-28T06:05:41.638+0000] {processor.py:153} INFO - Started process (PID=15281) to work on /home/airflow/.local/lib/python3.7/site-packages/airflow/example_dags/example_bash_operator.py
[2023-04-28T06:05:41.639+0000] {processor.py:743} INFO - Processing file /home/airflow/.local/lib/python3.7/site-packages/airflow/example_dags/example_bash_operator.py for tasks to queue
[2023-04-28T06:05:41.640+0000] {logging_mixin.py:137} INFO - [2023-04-28T06:05:41.640+0000] {dagbag.py:538} INFO - Filling up the DagBag from /home/airflow/.local/lib/python3.7/site-packages/airflow/example_dags/example_bash_operator.py
[2023-04-28T06:05:41.655+0000] {processor.py:753} INFO - DAG(s) dict_keys(['example_bash_operator']) retrieved from /home/airflow/.local/lib/python3.7/site-packages/airflow/example_dags/example_bash_operator.py
[2023-04-28T06:05:41.679+0000] {logging_mixin.py:137} INFO - [2023-04-28T06:05:41.679+0000] {dag.py:2690} INFO - Sync 1 DAGs
[2023-04-28T06:05:41.696+0000] {logging_mixin.py:137} INFO - [2023-04-28T06:05:41.696+0000] {dag.py:3441} INFO - Setting next_dagrun for example_bash_operator to 2023-04-27T00:00:00+00:00, run_after=2023-04-28T00:00:00+00:00
[2023-04-28T06:05:41.707+0000] {processor.py:175} INFO - Processing /home/airflow/.local/lib/python3.7/site-packages/airflow/example_dags/example_bash_operator.py took 0.073 seconds
[2023-04-28T06:06:11.917+0000] {processor.py:153} INFO - Started process (PID=15361) to work on /home/airflow/.local/lib/python3.7/site-packages/airflow/example_dags/example_bash_operator.py
[2023-04-28T06:06:11.919+0000] {processor.py:743} INFO - Processing file /home/airflow/.local/lib/python3.7/site-packages/airflow/example_dags/example_bash_operator.py for tasks to queue
[2023-04-28T06:06:11.919+0000] {logging_mixin.py:137} INFO - [2023-04-28T06:06:11.919+0000] {dagbag.py:538} INFO - Filling up the DagBag from /home/airflow/.local/lib/python3.7/site-packages/airflow/example_dags/example_bash_operator.py
[2023-04-28T06:06:11.935+0000] {processor.py:753} INFO - DAG(s) dict_keys(['example_bash_operator']) retrieved from /home/airflow/.local/lib/python3.7/site-packages/airflow/example_dags/example_bash_operator.py
[2023-04-28T06:06:11.959+0000] {logging_mixin.py:137} INFO - [2023-04-28T06:06:11.959+0000] {dag.py:2690} INFO - Sync 1 DAGs
[2023-04-28T06:06:11.976+0000] {logging_mixin.py:137} INFO - [2023-04-28T06:06:11.976+0000] {dag.py:3441} INFO - Setting next_dagrun for example_bash_operator to 2023-04-27T00:00:00+00:00, run_after=2023-04-28T00:00:00+00:00
[2023-04-28T06:06:11.987+0000] {processor.py:175} INFO - Processing /home/airflow/.local/lib/python3.7/site-packages/airflow/example_dags/example_bash_operator.py took 0.073 seconds
[2023-04-28T06:06:42.344+0000] {processor.py:153} INFO - Started process (PID=15438) to work on /home/airflow/.local/lib/python3.7/site-packages/airflow/example_dags/example_bash_operator.py
[2023-04-28T06:06:42.346+0000] {processor.py:743} INFO - Processing file /home/airflow/.local/lib/python3.7/site-packages/airflow/example_dags/example_bash_operator.py for tasks to queue
[2023-04-28T06:06:42.347+0000] {logging_mixin.py:137} INFO - [2023-04-28T06:06:42.347+0000] {dagbag.py:538} INFO - Filling up the DagBag from /home/airflow/.local/lib/python3.7/site-packages/airflow/example_dags/example_bash_operator.py
[2023-04-28T06:06:42.366+0000] {processor.py:753} INFO - DAG(s) dict_keys(['example_bash_operator']) retrieved from /home/airflow/.local/lib/python3.7/site-packages/airflow/example_dags/example_bash_operator.py
[2023-04-28T06:06:42.394+0000] {logging_mixin.py:137} INFO - [2023-04-28T06:06:42.394+0000] {dag.py:2690} INFO - Sync 1 DAGs
[2023-04-28T06:06:42.412+0000] {logging_mixin.py:137} INFO - [2023-04-28T06:06:42.412+0000] {dag.py:3441} INFO - Setting next_dagrun for example_bash_operator to 2023-04-27T00:00:00+00:00, run_after=2023-04-28T00:00:00+00:00
[2023-04-28T06:06:42.427+0000] {processor.py:175} INFO - Processing /home/airflow/.local/lib/python3.7/site-packages/airflow/example_dags/example_bash_operator.py took 0.086 seconds
[2023-04-28T06:07:12.988+0000] {processor.py:153} INFO - Started process (PID=15505) to work on /home/airflow/.local/lib/python3.7/site-packages/airflow/example_dags/example_bash_operator.py
[2023-04-28T06:07:12.989+0000] {processor.py:743} INFO - Processing file /home/airflow/.local/lib/python3.7/site-packages/airflow/example_dags/example_bash_operator.py for tasks to queue
[2023-04-28T06:07:12.990+0000] {logging_mixin.py:137} INFO - [2023-04-28T06:07:12.990+0000] {dagbag.py:538} INFO - Filling up the DagBag from /home/airflow/.local/lib/python3.7/site-packages/airflow/example_dags/example_bash_operator.py
[2023-04-28T06:07:13.006+0000] {processor.py:753} INFO - DAG(s) dict_keys(['example_bash_operator']) retrieved from /home/airflow/.local/lib/python3.7/site-packages/airflow/example_dags/example_bash_operator.py
[2023-04-28T06:07:13.030+0000] {logging_mixin.py:137} INFO - [2023-04-28T06:07:13.030+0000] {dag.py:2690} INFO - Sync 1 DAGs
[2023-04-28T06:07:13.046+0000] {logging_mixin.py:137} INFO - [2023-04-28T06:07:13.046+0000] {dag.py:3441} INFO - Setting next_dagrun for example_bash_operator to 2023-04-27T00:00:00+00:00, run_after=2023-04-28T00:00:00+00:00
[2023-04-28T06:07:13.058+0000] {processor.py:175} INFO - Processing /home/airflow/.local/lib/python3.7/site-packages/airflow/example_dags/example_bash_operator.py took 0.073 seconds
[2023-04-28T06:07:43.413+0000] {processor.py:153} INFO - Started process (PID=15583) to work on /home/airflow/.local/lib/python3.7/site-packages/airflow/example_dags/example_bash_operator.py
[2023-04-28T06:07:43.415+0000] {processor.py:743} INFO - Processing file /home/airflow/.local/lib/python3.7/site-packages/airflow/example_dags/example_bash_operator.py for tasks to queue
[2023-04-28T06:07:43.416+0000] {logging_mixin.py:137} INFO - [2023-04-28T06:07:43.416+0000] {dagbag.py:538} INFO - Filling up the DagBag from /home/airflow/.local/lib/python3.7/site-packages/airflow/example_dags/example_bash_operator.py
[2023-04-28T06:07:43.434+0000] {processor.py:753} INFO - DAG(s) dict_keys(['example_bash_operator']) retrieved from /home/airflow/.local/lib/python3.7/site-packages/airflow/example_dags/example_bash_operator.py
[2023-04-28T06:07:43.461+0000] {logging_mixin.py:137} INFO - [2023-04-28T06:07:43.461+0000] {dag.py:2690} INFO - Sync 1 DAGs
[2023-04-28T06:07:43.479+0000] {logging_mixin.py:137} INFO - [2023-04-28T06:07:43.479+0000] {dag.py:3441} INFO - Setting next_dagrun for example_bash_operator to 2023-04-27T00:00:00+00:00, run_after=2023-04-28T00:00:00+00:00
[2023-04-28T06:07:43.494+0000] {processor.py:175} INFO - Processing /home/airflow/.local/lib/python3.7/site-packages/airflow/example_dags/example_bash_operator.py took 0.084 seconds
[2023-04-28T06:08:13.893+0000] {processor.py:153} INFO - Started process (PID=15661) to work on /home/airflow/.local/lib/python3.7/site-packages/airflow/example_dags/example_bash_operator.py
[2023-04-28T06:08:13.894+0000] {processor.py:743} INFO - Processing file /home/airflow/.local/lib/python3.7/site-packages/airflow/example_dags/example_bash_operator.py for tasks to queue
[2023-04-28T06:08:13.895+0000] {logging_mixin.py:137} INFO - [2023-04-28T06:08:13.895+0000] {dagbag.py:538} INFO - Filling up the DagBag from /home/airflow/.local/lib/python3.7/site-packages/airflow/example_dags/example_bash_operator.py
[2023-04-28T06:08:13.911+0000] {processor.py:753} INFO - DAG(s) dict_keys(['example_bash_operator']) retrieved from /home/airflow/.local/lib/python3.7/site-packages/airflow/example_dags/example_bash_operator.py
[2023-04-28T06:08:13.935+0000] {logging_mixin.py:137} INFO - [2023-04-28T06:08:13.935+0000] {dag.py:2690} INFO - Sync 1 DAGs
[2023-04-28T06:08:13.952+0000] {logging_mixin.py:137} INFO - [2023-04-28T06:08:13.952+0000] {dag.py:3441} INFO - Setting next_dagrun for example_bash_operator to 2023-04-27T00:00:00+00:00, run_after=2023-04-28T00:00:00+00:00
[2023-04-28T06:08:13.963+0000] {processor.py:175} INFO - Processing /home/airflow/.local/lib/python3.7/site-packages/airflow/example_dags/example_bash_operator.py took 0.073 seconds
[2023-04-28T06:08:44.330+0000] {processor.py:153} INFO - Started process (PID=15727) to work on /home/airflow/.local/lib/python3.7/site-packages/airflow/example_dags/example_bash_operator.py
[2023-04-28T06:08:44.333+0000] {processor.py:743} INFO - Processing file /home/airflow/.local/lib/python3.7/site-packages/airflow/example_dags/example_bash_operator.py for tasks to queue
[2023-04-28T06:08:44.335+0000] {logging_mixin.py:137} INFO - [2023-04-28T06:08:44.335+0000] {dagbag.py:538} INFO - Filling up the DagBag from /home/airflow/.local/lib/python3.7/site-packages/airflow/example_dags/example_bash_operator.py
[2023-04-28T06:08:44.358+0000] {processor.py:753} INFO - DAG(s) dict_keys(['example_bash_operator']) retrieved from /home/airflow/.local/lib/python3.7/site-packages/airflow/example_dags/example_bash_operator.py
[2023-04-28T06:08:44.394+0000] {logging_mixin.py:137} INFO - [2023-04-28T06:08:44.394+0000] {dag.py:2690} INFO - Sync 1 DAGs
[2023-04-28T06:08:44.416+0000] {logging_mixin.py:137} INFO - [2023-04-28T06:08:44.416+0000] {dag.py:3441} INFO - Setting next_dagrun for example_bash_operator to 2023-04-27T00:00:00+00:00, run_after=2023-04-28T00:00:00+00:00
[2023-04-28T06:08:44.433+0000] {processor.py:175} INFO - Processing /home/airflow/.local/lib/python3.7/site-packages/airflow/example_dags/example_bash_operator.py took 0.109 seconds
[2023-04-28T06:09:14.794+0000] {processor.py:153} INFO - Started process (PID=15805) to work on /home/airflow/.local/lib/python3.7/site-packages/airflow/example_dags/example_bash_operator.py
[2023-04-28T06:09:14.795+0000] {processor.py:743} INFO - Processing file /home/airflow/.local/lib/python3.7/site-packages/airflow/example_dags/example_bash_operator.py for tasks to queue
[2023-04-28T06:09:14.796+0000] {logging_mixin.py:137} INFO - [2023-04-28T06:09:14.796+0000] {dagbag.py:538} INFO - Filling up the DagBag from /home/airflow/.local/lib/python3.7/site-packages/airflow/example_dags/example_bash_operator.py
[2023-04-28T06:09:14.812+0000] {processor.py:753} INFO - DAG(s) dict_keys(['example_bash_operator']) retrieved from /home/airflow/.local/lib/python3.7/site-packages/airflow/example_dags/example_bash_operator.py
[2023-04-28T06:09:14.836+0000] {logging_mixin.py:137} INFO - [2023-04-28T06:09:14.836+0000] {dag.py:2690} INFO - Sync 1 DAGs
[2023-04-28T06:09:14.859+0000] {logging_mixin.py:137} INFO - [2023-04-28T06:09:14.858+0000] {dag.py:3441} INFO - Setting next_dagrun for example_bash_operator to 2023-04-27T00:00:00+00:00, run_after=2023-04-28T00:00:00+00:00
[2023-04-28T06:09:14.896+0000] {processor.py:175} INFO - Processing /home/airflow/.local/lib/python3.7/site-packages/airflow/example_dags/example_bash_operator.py took 0.105 seconds
[2023-04-28T06:09:45.684+0000] {processor.py:153} INFO - Started process (PID=15881) to work on /home/airflow/.local/lib/python3.7/site-packages/airflow/example_dags/example_bash_operator.py
[2023-04-28T06:09:45.689+0000] {processor.py:743} INFO - Processing file /home/airflow/.local/lib/python3.7/site-packages/airflow/example_dags/example_bash_operator.py for tasks to queue
[2023-04-28T06:09:45.690+0000] {logging_mixin.py:137} INFO - [2023-04-28T06:09:45.690+0000] {dagbag.py:538} INFO - Filling up the DagBag from /home/airflow/.local/lib/python3.7/site-packages/airflow/example_dags/example_bash_operator.py
[2023-04-28T06:09:45.716+0000] {processor.py:753} INFO - DAG(s) dict_keys(['example_bash_operator']) retrieved from /home/airflow/.local/lib/python3.7/site-packages/airflow/example_dags/example_bash_operator.py
[2023-04-28T06:09:45.751+0000] {logging_mixin.py:137} INFO - [2023-04-28T06:09:45.751+0000] {dag.py:2690} INFO - Sync 1 DAGs
[2023-04-28T06:09:45.807+0000] {logging_mixin.py:137} INFO - [2023-04-28T06:09:45.807+0000] {dag.py:3441} INFO - Setting next_dagrun for example_bash_operator to 2023-04-27T00:00:00+00:00, run_after=2023-04-28T00:00:00+00:00
[2023-04-28T06:09:45.831+0000] {processor.py:175} INFO - Processing /home/airflow/.local/lib/python3.7/site-packages/airflow/example_dags/example_bash_operator.py took 0.150 seconds
[2023-04-28T06:10:16.182+0000] {processor.py:153} INFO - Started process (PID=15949) to work on /home/airflow/.local/lib/python3.7/site-packages/airflow/example_dags/example_bash_operator.py
[2023-04-28T06:10:16.183+0000] {processor.py:743} INFO - Processing file /home/airflow/.local/lib/python3.7/site-packages/airflow/example_dags/example_bash_operator.py for tasks to queue
[2023-04-28T06:10:16.184+0000] {logging_mixin.py:137} INFO - [2023-04-28T06:10:16.184+0000] {dagbag.py:538} INFO - Filling up the DagBag from /home/airflow/.local/lib/python3.7/site-packages/airflow/example_dags/example_bash_operator.py
[2023-04-28T06:10:16.200+0000] {processor.py:753} INFO - DAG(s) dict_keys(['example_bash_operator']) retrieved from /home/airflow/.local/lib/python3.7/site-packages/airflow/example_dags/example_bash_operator.py
[2023-04-28T06:10:16.224+0000] {logging_mixin.py:137} INFO - [2023-04-28T06:10:16.224+0000] {dag.py:2690} INFO - Sync 1 DAGs
[2023-04-28T06:10:16.241+0000] {logging_mixin.py:137} INFO - [2023-04-28T06:10:16.241+0000] {dag.py:3441} INFO - Setting next_dagrun for example_bash_operator to 2023-04-27T00:00:00+00:00, run_after=2023-04-28T00:00:00+00:00
[2023-04-28T06:10:16.253+0000] {processor.py:175} INFO - Processing /home/airflow/.local/lib/python3.7/site-packages/airflow/example_dags/example_bash_operator.py took 0.074 seconds
[2023-04-28T06:10:46.554+0000] {processor.py:153} INFO - Started process (PID=16027) to work on /home/airflow/.local/lib/python3.7/site-packages/airflow/example_dags/example_bash_operator.py
[2023-04-28T06:10:46.556+0000] {processor.py:743} INFO - Processing file /home/airflow/.local/lib/python3.7/site-packages/airflow/example_dags/example_bash_operator.py for tasks to queue
[2023-04-28T06:10:46.557+0000] {logging_mixin.py:137} INFO - [2023-04-28T06:10:46.556+0000] {dagbag.py:538} INFO - Filling up the DagBag from /home/airflow/.local/lib/python3.7/site-packages/airflow/example_dags/example_bash_operator.py
[2023-04-28T06:10:46.572+0000] {processor.py:753} INFO - DAG(s) dict_keys(['example_bash_operator']) retrieved from /home/airflow/.local/lib/python3.7/site-packages/airflow/example_dags/example_bash_operator.py
[2023-04-28T06:10:46.597+0000] {logging_mixin.py:137} INFO - [2023-04-28T06:10:46.597+0000] {dag.py:2690} INFO - Sync 1 DAGs
[2023-04-28T06:10:46.623+0000] {logging_mixin.py:137} INFO - [2023-04-28T06:10:46.623+0000] {dag.py:3441} INFO - Setting next_dagrun for example_bash_operator to 2023-04-27T00:00:00+00:00, run_after=2023-04-28T00:00:00+00:00
[2023-04-28T06:10:46.637+0000] {processor.py:175} INFO - Processing /home/airflow/.local/lib/python3.7/site-packages/airflow/example_dags/example_bash_operator.py took 0.086 seconds
[2023-04-28T06:11:17.042+0000] {processor.py:153} INFO - Started process (PID=16105) to work on /home/airflow/.local/lib/python3.7/site-packages/airflow/example_dags/example_bash_operator.py
[2023-04-28T06:11:17.044+0000] {processor.py:743} INFO - Processing file /home/airflow/.local/lib/python3.7/site-packages/airflow/example_dags/example_bash_operator.py for tasks to queue
[2023-04-28T06:11:17.045+0000] {logging_mixin.py:137} INFO - [2023-04-28T06:11:17.045+0000] {dagbag.py:538} INFO - Filling up the DagBag from /home/airflow/.local/lib/python3.7/site-packages/airflow/example_dags/example_bash_operator.py
[2023-04-28T06:11:17.063+0000] {processor.py:753} INFO - DAG(s) dict_keys(['example_bash_operator']) retrieved from /home/airflow/.local/lib/python3.7/site-packages/airflow/example_dags/example_bash_operator.py
[2023-04-28T06:11:17.098+0000] {logging_mixin.py:137} INFO - [2023-04-28T06:11:17.098+0000] {dag.py:2690} INFO - Sync 1 DAGs
[2023-04-28T06:11:17.121+0000] {logging_mixin.py:137} INFO - [2023-04-28T06:11:17.120+0000] {dag.py:3441} INFO - Setting next_dagrun for example_bash_operator to 2023-04-27T00:00:00+00:00, run_after=2023-04-28T00:00:00+00:00
[2023-04-28T06:11:17.136+0000] {processor.py:175} INFO - Processing /home/airflow/.local/lib/python3.7/site-packages/airflow/example_dags/example_bash_operator.py took 0.108 seconds
[2023-04-28T06:11:47.512+0000] {processor.py:153} INFO - Started process (PID=16171) to work on /home/airflow/.local/lib/python3.7/site-packages/airflow/example_dags/example_bash_operator.py
[2023-04-28T06:11:47.514+0000] {processor.py:743} INFO - Processing file /home/airflow/.local/lib/python3.7/site-packages/airflow/example_dags/example_bash_operator.py for tasks to queue
[2023-04-28T06:11:47.515+0000] {logging_mixin.py:137} INFO - [2023-04-28T06:11:47.514+0000] {dagbag.py:538} INFO - Filling up the DagBag from /home/airflow/.local/lib/python3.7/site-packages/airflow/example_dags/example_bash_operator.py
[2023-04-28T06:11:47.530+0000] {processor.py:753} INFO - DAG(s) dict_keys(['example_bash_operator']) retrieved from /home/airflow/.local/lib/python3.7/site-packages/airflow/example_dags/example_bash_operator.py
[2023-04-28T06:11:47.555+0000] {logging_mixin.py:137} INFO - [2023-04-28T06:11:47.555+0000] {dag.py:2690} INFO - Sync 1 DAGs
[2023-04-28T06:11:47.572+0000] {logging_mixin.py:137} INFO - [2023-04-28T06:11:47.572+0000] {dag.py:3441} INFO - Setting next_dagrun for example_bash_operator to 2023-04-27T00:00:00+00:00, run_after=2023-04-28T00:00:00+00:00
[2023-04-28T06:11:47.584+0000] {processor.py:175} INFO - Processing /home/airflow/.local/lib/python3.7/site-packages/airflow/example_dags/example_bash_operator.py took 0.074 seconds
[2023-04-28T06:12:18.245+0000] {processor.py:153} INFO - Started process (PID=16249) to work on /home/airflow/.local/lib/python3.7/site-packages/airflow/example_dags/example_bash_operator.py
[2023-04-28T06:12:18.247+0000] {processor.py:743} INFO - Processing file /home/airflow/.local/lib/python3.7/site-packages/airflow/example_dags/example_bash_operator.py for tasks to queue
[2023-04-28T06:12:18.247+0000] {logging_mixin.py:137} INFO - [2023-04-28T06:12:18.247+0000] {dagbag.py:538} INFO - Filling up the DagBag from /home/airflow/.local/lib/python3.7/site-packages/airflow/example_dags/example_bash_operator.py
[2023-04-28T06:12:18.263+0000] {processor.py:753} INFO - DAG(s) dict_keys(['example_bash_operator']) retrieved from /home/airflow/.local/lib/python3.7/site-packages/airflow/example_dags/example_bash_operator.py
[2023-04-28T06:12:18.288+0000] {logging_mixin.py:137} INFO - [2023-04-28T06:12:18.288+0000] {dag.py:2690} INFO - Sync 1 DAGs
[2023-04-28T06:12:18.305+0000] {logging_mixin.py:137} INFO - [2023-04-28T06:12:18.305+0000] {dag.py:3441} INFO - Setting next_dagrun for example_bash_operator to 2023-04-27T00:00:00+00:00, run_after=2023-04-28T00:00:00+00:00
[2023-04-28T06:12:18.317+0000] {processor.py:175} INFO - Processing /home/airflow/.local/lib/python3.7/site-packages/airflow/example_dags/example_bash_operator.py took 0.075 seconds
[2023-04-28T06:12:48.868+0000] {processor.py:153} INFO - Started process (PID=16326) to work on /home/airflow/.local/lib/python3.7/site-packages/airflow/example_dags/example_bash_operator.py
[2023-04-28T06:12:48.870+0000] {processor.py:743} INFO - Processing file /home/airflow/.local/lib/python3.7/site-packages/airflow/example_dags/example_bash_operator.py for tasks to queue
[2023-04-28T06:12:48.872+0000] {logging_mixin.py:137} INFO - [2023-04-28T06:12:48.872+0000] {dagbag.py:538} INFO - Filling up the DagBag from /home/airflow/.local/lib/python3.7/site-packages/airflow/example_dags/example_bash_operator.py
[2023-04-28T06:12:48.896+0000] {processor.py:753} INFO - DAG(s) dict_keys(['example_bash_operator']) retrieved from /home/airflow/.local/lib/python3.7/site-packages/airflow/example_dags/example_bash_operator.py
[2023-04-28T06:12:48.925+0000] {logging_mixin.py:137} INFO - [2023-04-28T06:12:48.925+0000] {dag.py:2690} INFO - Sync 1 DAGs
[2023-04-28T06:12:48.942+0000] {logging_mixin.py:137} INFO - [2023-04-28T06:12:48.942+0000] {dag.py:3441} INFO - Setting next_dagrun for example_bash_operator to 2023-04-27T00:00:00+00:00, run_after=2023-04-28T00:00:00+00:00
[2023-04-28T06:12:48.954+0000] {processor.py:175} INFO - Processing /home/airflow/.local/lib/python3.7/site-packages/airflow/example_dags/example_bash_operator.py took 0.094 seconds
[2023-04-28T06:13:19.239+0000] {processor.py:153} INFO - Started process (PID=16393) to work on /home/airflow/.local/lib/python3.7/site-packages/airflow/example_dags/example_bash_operator.py
[2023-04-28T06:13:19.240+0000] {processor.py:743} INFO - Processing file /home/airflow/.local/lib/python3.7/site-packages/airflow/example_dags/example_bash_operator.py for tasks to queue
[2023-04-28T06:13:19.241+0000] {logging_mixin.py:137} INFO - [2023-04-28T06:13:19.241+0000] {dagbag.py:538} INFO - Filling up the DagBag from /home/airflow/.local/lib/python3.7/site-packages/airflow/example_dags/example_bash_operator.py
[2023-04-28T06:13:19.258+0000] {processor.py:753} INFO - DAG(s) dict_keys(['example_bash_operator']) retrieved from /home/airflow/.local/lib/python3.7/site-packages/airflow/example_dags/example_bash_operator.py
[2023-04-28T06:13:19.287+0000] {logging_mixin.py:137} INFO - [2023-04-28T06:13:19.287+0000] {dag.py:2690} INFO - Sync 1 DAGs
[2023-04-28T06:13:19.308+0000] {logging_mixin.py:137} INFO - [2023-04-28T06:13:19.308+0000] {dag.py:3441} INFO - Setting next_dagrun for example_bash_operator to 2023-04-27T00:00:00+00:00, run_after=2023-04-28T00:00:00+00:00
[2023-04-28T06:13:19.321+0000] {processor.py:175} INFO - Processing /home/airflow/.local/lib/python3.7/site-packages/airflow/example_dags/example_bash_operator.py took 0.086 seconds
[2023-04-28T06:13:49.743+0000] {processor.py:153} INFO - Started process (PID=16471) to work on /home/airflow/.local/lib/python3.7/site-packages/airflow/example_dags/example_bash_operator.py
[2023-04-28T06:13:49.745+0000] {processor.py:743} INFO - Processing file /home/airflow/.local/lib/python3.7/site-packages/airflow/example_dags/example_bash_operator.py for tasks to queue
[2023-04-28T06:13:49.745+0000] {logging_mixin.py:137} INFO - [2023-04-28T06:13:49.745+0000] {dagbag.py:538} INFO - Filling up the DagBag from /home/airflow/.local/lib/python3.7/site-packages/airflow/example_dags/example_bash_operator.py
[2023-04-28T06:13:49.761+0000] {processor.py:753} INFO - DAG(s) dict_keys(['example_bash_operator']) retrieved from /home/airflow/.local/lib/python3.7/site-packages/airflow/example_dags/example_bash_operator.py
[2023-04-28T06:13:49.785+0000] {logging_mixin.py:137} INFO - [2023-04-28T06:13:49.785+0000] {dag.py:2690} INFO - Sync 1 DAGs
[2023-04-28T06:13:49.802+0000] {logging_mixin.py:137} INFO - [2023-04-28T06:13:49.802+0000] {dag.py:3441} INFO - Setting next_dagrun for example_bash_operator to 2023-04-27T00:00:00+00:00, run_after=2023-04-28T00:00:00+00:00
[2023-04-28T06:13:49.814+0000] {processor.py:175} INFO - Processing /home/airflow/.local/lib/python3.7/site-packages/airflow/example_dags/example_bash_operator.py took 0.073 seconds
[2023-04-28T06:14:20.176+0000] {processor.py:153} INFO - Started process (PID=16549) to work on /home/airflow/.local/lib/python3.7/site-packages/airflow/example_dags/example_bash_operator.py
[2023-04-28T06:14:20.177+0000] {processor.py:743} INFO - Processing file /home/airflow/.local/lib/python3.7/site-packages/airflow/example_dags/example_bash_operator.py for tasks to queue
[2023-04-28T06:14:20.178+0000] {logging_mixin.py:137} INFO - [2023-04-28T06:14:20.178+0000] {dagbag.py:538} INFO - Filling up the DagBag from /home/airflow/.local/lib/python3.7/site-packages/airflow/example_dags/example_bash_operator.py
[2023-04-28T06:14:20.194+0000] {processor.py:753} INFO - DAG(s) dict_keys(['example_bash_operator']) retrieved from /home/airflow/.local/lib/python3.7/site-packages/airflow/example_dags/example_bash_operator.py
[2023-04-28T06:14:20.218+0000] {logging_mixin.py:137} INFO - [2023-04-28T06:14:20.218+0000] {dag.py:2690} INFO - Sync 1 DAGs
[2023-04-28T06:14:20.234+0000] {logging_mixin.py:137} INFO - [2023-04-28T06:14:20.234+0000] {dag.py:3441} INFO - Setting next_dagrun for example_bash_operator to 2023-04-27T00:00:00+00:00, run_after=2023-04-28T00:00:00+00:00
[2023-04-28T06:14:20.246+0000] {processor.py:175} INFO - Processing /home/airflow/.local/lib/python3.7/site-packages/airflow/example_dags/example_bash_operator.py took 0.073 seconds
[2023-04-28T06:14:50.512+0000] {processor.py:153} INFO - Started process (PID=16614) to work on /home/airflow/.local/lib/python3.7/site-packages/airflow/example_dags/example_bash_operator.py
[2023-04-28T06:14:50.513+0000] {processor.py:743} INFO - Processing file /home/airflow/.local/lib/python3.7/site-packages/airflow/example_dags/example_bash_operator.py for tasks to queue
[2023-04-28T06:14:50.514+0000] {logging_mixin.py:137} INFO - [2023-04-28T06:14:50.514+0000] {dagbag.py:538} INFO - Filling up the DagBag from /home/airflow/.local/lib/python3.7/site-packages/airflow/example_dags/example_bash_operator.py
[2023-04-28T06:14:50.530+0000] {processor.py:753} INFO - DAG(s) dict_keys(['example_bash_operator']) retrieved from /home/airflow/.local/lib/python3.7/site-packages/airflow/example_dags/example_bash_operator.py
[2023-04-28T06:14:50.555+0000] {logging_mixin.py:137} INFO - [2023-04-28T06:14:50.555+0000] {dag.py:2690} INFO - Sync 1 DAGs
[2023-04-28T06:14:50.572+0000] {logging_mixin.py:137} INFO - [2023-04-28T06:14:50.572+0000] {dag.py:3441} INFO - Setting next_dagrun for example_bash_operator to 2023-04-27T00:00:00+00:00, run_after=2023-04-28T00:00:00+00:00
[2023-04-28T06:14:50.584+0000] {processor.py:175} INFO - Processing /home/airflow/.local/lib/python3.7/site-packages/airflow/example_dags/example_bash_operator.py took 0.075 seconds
[2023-04-28T06:15:21.072+0000] {processor.py:153} INFO - Started process (PID=16692) to work on /home/airflow/.local/lib/python3.7/site-packages/airflow/example_dags/example_bash_operator.py
[2023-04-28T06:15:21.073+0000] {processor.py:743} INFO - Processing file /home/airflow/.local/lib/python3.7/site-packages/airflow/example_dags/example_bash_operator.py for tasks to queue
[2023-04-28T06:15:21.074+0000] {logging_mixin.py:137} INFO - [2023-04-28T06:15:21.074+0000] {dagbag.py:538} INFO - Filling up the DagBag from /home/airflow/.local/lib/python3.7/site-packages/airflow/example_dags/example_bash_operator.py
[2023-04-28T06:15:21.091+0000] {processor.py:753} INFO - DAG(s) dict_keys(['example_bash_operator']) retrieved from /home/airflow/.local/lib/python3.7/site-packages/airflow/example_dags/example_bash_operator.py
[2023-04-28T06:15:21.115+0000] {logging_mixin.py:137} INFO - [2023-04-28T06:15:21.115+0000] {dag.py:2690} INFO - Sync 1 DAGs
[2023-04-28T06:15:21.132+0000] {logging_mixin.py:137} INFO - [2023-04-28T06:15:21.132+0000] {dag.py:3441} INFO - Setting next_dagrun for example_bash_operator to 2023-04-27T00:00:00+00:00, run_after=2023-04-28T00:00:00+00:00
[2023-04-28T06:15:21.144+0000] {processor.py:175} INFO - Processing /home/airflow/.local/lib/python3.7/site-packages/airflow/example_dags/example_bash_operator.py took 0.075 seconds
[2023-04-28T06:15:51.458+0000] {processor.py:153} INFO - Started process (PID=16769) to work on /home/airflow/.local/lib/python3.7/site-packages/airflow/example_dags/example_bash_operator.py
[2023-04-28T06:15:51.459+0000] {processor.py:743} INFO - Processing file /home/airflow/.local/lib/python3.7/site-packages/airflow/example_dags/example_bash_operator.py for tasks to queue
[2023-04-28T06:15:51.460+0000] {logging_mixin.py:137} INFO - [2023-04-28T06:15:51.460+0000] {dagbag.py:538} INFO - Filling up the DagBag from /home/airflow/.local/lib/python3.7/site-packages/airflow/example_dags/example_bash_operator.py
[2023-04-28T06:15:51.476+0000] {processor.py:753} INFO - DAG(s) dict_keys(['example_bash_operator']) retrieved from /home/airflow/.local/lib/python3.7/site-packages/airflow/example_dags/example_bash_operator.py
[2023-04-28T06:15:51.500+0000] {logging_mixin.py:137} INFO - [2023-04-28T06:15:51.500+0000] {dag.py:2690} INFO - Sync 1 DAGs
[2023-04-28T06:15:51.517+0000] {logging_mixin.py:137} INFO - [2023-04-28T06:15:51.517+0000] {dag.py:3441} INFO - Setting next_dagrun for example_bash_operator to 2023-04-27T00:00:00+00:00, run_after=2023-04-28T00:00:00+00:00
[2023-04-28T06:15:51.529+0000] {processor.py:175} INFO - Processing /home/airflow/.local/lib/python3.7/site-packages/airflow/example_dags/example_bash_operator.py took 0.074 seconds
[2023-04-28T06:16:21.702+0000] {processor.py:153} INFO - Started process (PID=16834) to work on /home/airflow/.local/lib/python3.7/site-packages/airflow/example_dags/example_bash_operator.py
[2023-04-28T06:16:21.703+0000] {processor.py:743} INFO - Processing file /home/airflow/.local/lib/python3.7/site-packages/airflow/example_dags/example_bash_operator.py for tasks to queue
[2023-04-28T06:16:21.704+0000] {logging_mixin.py:137} INFO - [2023-04-28T06:16:21.704+0000] {dagbag.py:538} INFO - Filling up the DagBag from /home/airflow/.local/lib/python3.7/site-packages/airflow/example_dags/example_bash_operator.py
[2023-04-28T06:16:21.720+0000] {processor.py:753} INFO - DAG(s) dict_keys(['example_bash_operator']) retrieved from /home/airflow/.local/lib/python3.7/site-packages/airflow/example_dags/example_bash_operator.py
[2023-04-28T06:16:21.744+0000] {logging_mixin.py:137} INFO - [2023-04-28T06:16:21.744+0000] {dag.py:2690} INFO - Sync 1 DAGs
[2023-04-28T06:16:21.761+0000] {logging_mixin.py:137} INFO - [2023-04-28T06:16:21.760+0000] {dag.py:3441} INFO - Setting next_dagrun for example_bash_operator to 2023-04-27T00:00:00+00:00, run_after=2023-04-28T00:00:00+00:00
[2023-04-28T06:16:21.772+0000] {processor.py:175} INFO - Processing /home/airflow/.local/lib/python3.7/site-packages/airflow/example_dags/example_bash_operator.py took 0.073 seconds
[2023-04-28T06:16:52.008+0000] {processor.py:153} INFO - Started process (PID=16912) to work on /home/airflow/.local/lib/python3.7/site-packages/airflow/example_dags/example_bash_operator.py
[2023-04-28T06:16:52.009+0000] {processor.py:743} INFO - Processing file /home/airflow/.local/lib/python3.7/site-packages/airflow/example_dags/example_bash_operator.py for tasks to queue
[2023-04-28T06:16:52.009+0000] {logging_mixin.py:137} INFO - [2023-04-28T06:16:52.009+0000] {dagbag.py:538} INFO - Filling up the DagBag from /home/airflow/.local/lib/python3.7/site-packages/airflow/example_dags/example_bash_operator.py
[2023-04-28T06:16:52.025+0000] {processor.py:753} INFO - DAG(s) dict_keys(['example_bash_operator']) retrieved from /home/airflow/.local/lib/python3.7/site-packages/airflow/example_dags/example_bash_operator.py
[2023-04-28T06:16:52.049+0000] {logging_mixin.py:137} INFO - [2023-04-28T06:16:52.049+0000] {dag.py:2690} INFO - Sync 1 DAGs
[2023-04-28T06:16:52.067+0000] {logging_mixin.py:137} INFO - [2023-04-28T06:16:52.066+0000] {dag.py:3441} INFO - Setting next_dagrun for example_bash_operator to 2023-04-27T00:00:00+00:00, run_after=2023-04-28T00:00:00+00:00
[2023-04-28T06:16:52.080+0000] {processor.py:175} INFO - Processing /home/airflow/.local/lib/python3.7/site-packages/airflow/example_dags/example_bash_operator.py took 0.076 seconds
[2023-04-28T06:17:22.628+0000] {processor.py:153} INFO - Started process (PID=16990) to work on /home/airflow/.local/lib/python3.7/site-packages/airflow/example_dags/example_bash_operator.py
[2023-04-28T06:17:22.629+0000] {processor.py:743} INFO - Processing file /home/airflow/.local/lib/python3.7/site-packages/airflow/example_dags/example_bash_operator.py for tasks to queue
[2023-04-28T06:17:22.630+0000] {logging_mixin.py:137} INFO - [2023-04-28T06:17:22.630+0000] {dagbag.py:538} INFO - Filling up the DagBag from /home/airflow/.local/lib/python3.7/site-packages/airflow/example_dags/example_bash_operator.py
[2023-04-28T06:17:22.646+0000] {processor.py:753} INFO - DAG(s) dict_keys(['example_bash_operator']) retrieved from /home/airflow/.local/lib/python3.7/site-packages/airflow/example_dags/example_bash_operator.py
[2023-04-28T06:17:22.670+0000] {logging_mixin.py:137} INFO - [2023-04-28T06:17:22.670+0000] {dag.py:2690} INFO - Sync 1 DAGs
[2023-04-28T06:17:22.687+0000] {logging_mixin.py:137} INFO - [2023-04-28T06:17:22.687+0000] {dag.py:3441} INFO - Setting next_dagrun for example_bash_operator to 2023-04-27T00:00:00+00:00, run_after=2023-04-28T00:00:00+00:00
[2023-04-28T06:17:22.698+0000] {processor.py:175} INFO - Processing /home/airflow/.local/lib/python3.7/site-packages/airflow/example_dags/example_bash_operator.py took 0.073 seconds
[2023-04-28T06:17:52.973+0000] {processor.py:153} INFO - Started process (PID=17056) to work on /home/airflow/.local/lib/python3.7/site-packages/airflow/example_dags/example_bash_operator.py
[2023-04-28T06:17:52.975+0000] {processor.py:743} INFO - Processing file /home/airflow/.local/lib/python3.7/site-packages/airflow/example_dags/example_bash_operator.py for tasks to queue
[2023-04-28T06:17:52.976+0000] {logging_mixin.py:137} INFO - [2023-04-28T06:17:52.975+0000] {dagbag.py:538} INFO - Filling up the DagBag from /home/airflow/.local/lib/python3.7/site-packages/airflow/example_dags/example_bash_operator.py
[2023-04-28T06:17:52.991+0000] {processor.py:753} INFO - DAG(s) dict_keys(['example_bash_operator']) retrieved from /home/airflow/.local/lib/python3.7/site-packages/airflow/example_dags/example_bash_operator.py
[2023-04-28T06:17:53.015+0000] {logging_mixin.py:137} INFO - [2023-04-28T06:17:53.015+0000] {dag.py:2690} INFO - Sync 1 DAGs
[2023-04-28T06:17:53.032+0000] {logging_mixin.py:137} INFO - [2023-04-28T06:17:53.032+0000] {dag.py:3441} INFO - Setting next_dagrun for example_bash_operator to 2023-04-27T00:00:00+00:00, run_after=2023-04-28T00:00:00+00:00
[2023-04-28T06:17:53.044+0000] {processor.py:175} INFO - Processing /home/airflow/.local/lib/python3.7/site-packages/airflow/example_dags/example_bash_operator.py took 0.073 seconds
[2023-04-28T06:18:23.625+0000] {processor.py:153} INFO - Started process (PID=17134) to work on /home/airflow/.local/lib/python3.7/site-packages/airflow/example_dags/example_bash_operator.py
[2023-04-28T06:18:23.626+0000] {processor.py:743} INFO - Processing file /home/airflow/.local/lib/python3.7/site-packages/airflow/example_dags/example_bash_operator.py for tasks to queue
[2023-04-28T06:18:23.626+0000] {logging_mixin.py:137} INFO - [2023-04-28T06:18:23.626+0000] {dagbag.py:538} INFO - Filling up the DagBag from /home/airflow/.local/lib/python3.7/site-packages/airflow/example_dags/example_bash_operator.py
[2023-04-28T06:18:23.642+0000] {processor.py:753} INFO - DAG(s) dict_keys(['example_bash_operator']) retrieved from /home/airflow/.local/lib/python3.7/site-packages/airflow/example_dags/example_bash_operator.py
[2023-04-28T06:18:23.667+0000] {logging_mixin.py:137} INFO - [2023-04-28T06:18:23.667+0000] {dag.py:2690} INFO - Sync 1 DAGs
[2023-04-28T06:18:23.684+0000] {logging_mixin.py:137} INFO - [2023-04-28T06:18:23.684+0000] {dag.py:3441} INFO - Setting next_dagrun for example_bash_operator to 2023-04-27T00:00:00+00:00, run_after=2023-04-28T00:00:00+00:00
[2023-04-28T06:18:23.697+0000] {processor.py:175} INFO - Processing /home/airflow/.local/lib/python3.7/site-packages/airflow/example_dags/example_bash_operator.py took 0.075 seconds
[2023-04-28T06:18:53.933+0000] {processor.py:153} INFO - Started process (PID=17212) to work on /home/airflow/.local/lib/python3.7/site-packages/airflow/example_dags/example_bash_operator.py
[2023-04-28T06:18:53.934+0000] {processor.py:743} INFO - Processing file /home/airflow/.local/lib/python3.7/site-packages/airflow/example_dags/example_bash_operator.py for tasks to queue
[2023-04-28T06:18:53.935+0000] {logging_mixin.py:137} INFO - [2023-04-28T06:18:53.935+0000] {dagbag.py:538} INFO - Filling up the DagBag from /home/airflow/.local/lib/python3.7/site-packages/airflow/example_dags/example_bash_operator.py
[2023-04-28T06:18:53.951+0000] {processor.py:753} INFO - DAG(s) dict_keys(['example_bash_operator']) retrieved from /home/airflow/.local/lib/python3.7/site-packages/airflow/example_dags/example_bash_operator.py
[2023-04-28T06:18:53.975+0000] {logging_mixin.py:137} INFO - [2023-04-28T06:18:53.975+0000] {dag.py:2690} INFO - Sync 1 DAGs
[2023-04-28T06:18:53.992+0000] {logging_mixin.py:137} INFO - [2023-04-28T06:18:53.992+0000] {dag.py:3441} INFO - Setting next_dagrun for example_bash_operator to 2023-04-27T00:00:00+00:00, run_after=2023-04-28T00:00:00+00:00
[2023-04-28T06:18:54.004+0000] {processor.py:175} INFO - Processing /home/airflow/.local/lib/python3.7/site-packages/airflow/example_dags/example_bash_operator.py took 0.075 seconds
