[2023-04-28T00:36:32.632+0000] {processor.py:153} INFO - Started process (PID=14576) to work on /home/airflow/.local/lib/python3.7/site-packages/airflow/example_dags/example_branch_day_of_week_operator.py
[2023-04-28T00:36:32.633+0000] {processor.py:743} INFO - Processing file /home/airflow/.local/lib/python3.7/site-packages/airflow/example_dags/example_branch_day_of_week_operator.py for tasks to queue
[2023-04-28T00:36:32.634+0000] {logging_mixin.py:137} INFO - [2023-04-28T00:36:32.633+0000] {dagbag.py:538} INFO - Filling up the DagBag from /home/airflow/.local/lib/python3.7/site-packages/airflow/example_dags/example_branch_day_of_week_operator.py
[2023-04-28T00:36:32.646+0000] {processor.py:753} INFO - DAG(s) dict_keys(['example_weekday_branch_operator']) retrieved from /home/airflow/.local/lib/python3.7/site-packages/airflow/example_dags/example_branch_day_of_week_operator.py
[2023-04-28T00:36:32.666+0000] {logging_mixin.py:137} INFO - [2023-04-28T00:36:32.666+0000] {dag.py:2690} INFO - Sync 1 DAGs
[2023-04-28T00:36:32.683+0000] {logging_mixin.py:137} INFO - [2023-04-28T00:36:32.683+0000] {dag.py:3441} INFO - Setting next_dagrun for example_weekday_branch_operator to 2023-04-27T00:00:00+00:00, run_after=2023-04-28T00:00:00+00:00
[2023-04-28T00:36:32.694+0000] {processor.py:175} INFO - Processing /home/airflow/.local/lib/python3.7/site-packages/airflow/example_dags/example_branch_day_of_week_operator.py took 0.065 seconds
[2023-04-28T01:42:54.119+0000] {processor.py:153} INFO - Started process (PID=14654) to work on /home/airflow/.local/lib/python3.7/site-packages/airflow/example_dags/example_branch_day_of_week_operator.py
[2023-04-28T01:42:54.120+0000] {processor.py:743} INFO - Processing file /home/airflow/.local/lib/python3.7/site-packages/airflow/example_dags/example_branch_day_of_week_operator.py for tasks to queue
[2023-04-28T01:42:54.120+0000] {logging_mixin.py:137} INFO - [2023-04-28T01:42:54.120+0000] {dagbag.py:538} INFO - Filling up the DagBag from /home/airflow/.local/lib/python3.7/site-packages/airflow/example_dags/example_branch_day_of_week_operator.py
[2023-04-28T01:42:54.132+0000] {processor.py:753} INFO - DAG(s) dict_keys(['example_weekday_branch_operator']) retrieved from /home/airflow/.local/lib/python3.7/site-packages/airflow/example_dags/example_branch_day_of_week_operator.py
[2023-04-28T01:42:54.151+0000] {logging_mixin.py:137} INFO - [2023-04-28T01:42:54.151+0000] {dag.py:2690} INFO - Sync 1 DAGs
[2023-04-28T01:42:54.169+0000] {logging_mixin.py:137} INFO - [2023-04-28T01:42:54.169+0000] {dag.py:3441} INFO - Setting next_dagrun for example_weekday_branch_operator to 2023-04-27T00:00:00+00:00, run_after=2023-04-28T00:00:00+00:00
[2023-04-28T01:42:54.181+0000] {processor.py:175} INFO - Processing /home/airflow/.local/lib/python3.7/site-packages/airflow/example_dags/example_branch_day_of_week_operator.py took 0.065 seconds
[2023-04-28T02:48:42.021+0000] {processor.py:153} INFO - Started process (PID=14720) to work on /home/airflow/.local/lib/python3.7/site-packages/airflow/example_dags/example_branch_day_of_week_operator.py
[2023-04-28T02:48:42.022+0000] {processor.py:743} INFO - Processing file /home/airflow/.local/lib/python3.7/site-packages/airflow/example_dags/example_branch_day_of_week_operator.py for tasks to queue
[2023-04-28T02:48:42.023+0000] {logging_mixin.py:137} INFO - [2023-04-28T02:48:42.023+0000] {dagbag.py:538} INFO - Filling up the DagBag from /home/airflow/.local/lib/python3.7/site-packages/airflow/example_dags/example_branch_day_of_week_operator.py
[2023-04-28T02:48:42.036+0000] {processor.py:753} INFO - DAG(s) dict_keys(['example_weekday_branch_operator']) retrieved from /home/airflow/.local/lib/python3.7/site-packages/airflow/example_dags/example_branch_day_of_week_operator.py
[2023-04-28T02:48:42.058+0000] {logging_mixin.py:137} INFO - [2023-04-28T02:48:42.058+0000] {dag.py:2690} INFO - Sync 1 DAGs
[2023-04-28T02:48:42.077+0000] {logging_mixin.py:137} INFO - [2023-04-28T02:48:42.077+0000] {dag.py:3441} INFO - Setting next_dagrun for example_weekday_branch_operator to 2023-04-27T00:00:00+00:00, run_after=2023-04-28T00:00:00+00:00
[2023-04-28T02:48:42.089+0000] {processor.py:175} INFO - Processing /home/airflow/.local/lib/python3.7/site-packages/airflow/example_dags/example_branch_day_of_week_operator.py took 0.071 seconds
[2023-04-28T03:54:55.339+0000] {processor.py:153} INFO - Started process (PID=14797) to work on /home/airflow/.local/lib/python3.7/site-packages/airflow/example_dags/example_branch_day_of_week_operator.py
[2023-04-28T03:54:55.340+0000] {processor.py:743} INFO - Processing file /home/airflow/.local/lib/python3.7/site-packages/airflow/example_dags/example_branch_day_of_week_operator.py for tasks to queue
[2023-04-28T03:54:55.341+0000] {logging_mixin.py:137} INFO - [2023-04-28T03:54:55.341+0000] {dagbag.py:538} INFO - Filling up the DagBag from /home/airflow/.local/lib/python3.7/site-packages/airflow/example_dags/example_branch_day_of_week_operator.py
[2023-04-28T03:54:55.355+0000] {processor.py:753} INFO - DAG(s) dict_keys(['example_weekday_branch_operator']) retrieved from /home/airflow/.local/lib/python3.7/site-packages/airflow/example_dags/example_branch_day_of_week_operator.py
[2023-04-28T03:54:55.374+0000] {logging_mixin.py:137} INFO - [2023-04-28T03:54:55.374+0000] {dag.py:2690} INFO - Sync 1 DAGs
[2023-04-28T03:54:55.389+0000] {logging_mixin.py:137} INFO - [2023-04-28T03:54:55.389+0000] {dag.py:3441} INFO - Setting next_dagrun for example_weekday_branch_operator to 2023-04-27T00:00:00+00:00, run_after=2023-04-28T00:00:00+00:00
[2023-04-28T03:54:55.399+0000] {processor.py:175} INFO - Processing /home/airflow/.local/lib/python3.7/site-packages/airflow/example_dags/example_branch_day_of_week_operator.py took 0.063 seconds
[2023-04-28T05:16:17.260+0000] {processor.py:153} INFO - Started process (PID=14871) to work on /home/airflow/.local/lib/python3.7/site-packages/airflow/example_dags/example_branch_day_of_week_operator.py
[2023-04-28T05:16:17.261+0000] {processor.py:743} INFO - Processing file /home/airflow/.local/lib/python3.7/site-packages/airflow/example_dags/example_branch_day_of_week_operator.py for tasks to queue
[2023-04-28T05:16:17.262+0000] {logging_mixin.py:137} INFO - [2023-04-28T05:16:17.262+0000] {dagbag.py:538} INFO - Filling up the DagBag from /home/airflow/.local/lib/python3.7/site-packages/airflow/example_dags/example_branch_day_of_week_operator.py
[2023-04-28T05:16:17.276+0000] {processor.py:753} INFO - DAG(s) dict_keys(['example_weekday_branch_operator']) retrieved from /home/airflow/.local/lib/python3.7/site-packages/airflow/example_dags/example_branch_day_of_week_operator.py
[2023-04-28T05:16:17.300+0000] {logging_mixin.py:137} INFO - [2023-04-28T05:16:17.300+0000] {dag.py:2690} INFO - Sync 1 DAGs
[2023-04-28T05:16:17.319+0000] {logging_mixin.py:137} INFO - [2023-04-28T05:16:17.319+0000] {dag.py:3441} INFO - Setting next_dagrun for example_weekday_branch_operator to 2023-04-27T00:00:00+00:00, run_after=2023-04-28T00:00:00+00:00
[2023-04-28T05:16:17.336+0000] {processor.py:175} INFO - Processing /home/airflow/.local/lib/python3.7/site-packages/airflow/example_dags/example_branch_day_of_week_operator.py took 0.079 seconds
[2023-04-28T05:32:13.554+0000] {processor.py:153} INFO - Started process (PID=14943) to work on /home/airflow/.local/lib/python3.7/site-packages/airflow/example_dags/example_branch_day_of_week_operator.py
[2023-04-28T05:32:13.555+0000] {processor.py:743} INFO - Processing file /home/airflow/.local/lib/python3.7/site-packages/airflow/example_dags/example_branch_day_of_week_operator.py for tasks to queue
[2023-04-28T05:32:13.556+0000] {logging_mixin.py:137} INFO - [2023-04-28T05:32:13.556+0000] {dagbag.py:538} INFO - Filling up the DagBag from /home/airflow/.local/lib/python3.7/site-packages/airflow/example_dags/example_branch_day_of_week_operator.py
[2023-04-28T05:32:13.569+0000] {processor.py:753} INFO - DAG(s) dict_keys(['example_weekday_branch_operator']) retrieved from /home/airflow/.local/lib/python3.7/site-packages/airflow/example_dags/example_branch_day_of_week_operator.py
[2023-04-28T05:32:13.589+0000] {logging_mixin.py:137} INFO - [2023-04-28T05:32:13.589+0000] {dag.py:2690} INFO - Sync 1 DAGs
[2023-04-28T05:32:13.606+0000] {logging_mixin.py:137} INFO - [2023-04-28T05:32:13.605+0000] {dag.py:3441} INFO - Setting next_dagrun for example_weekday_branch_operator to 2023-04-27T00:00:00+00:00, run_after=2023-04-28T00:00:00+00:00
[2023-04-28T05:32:13.617+0000] {processor.py:175} INFO - Processing /home/airflow/.local/lib/python3.7/site-packages/airflow/example_dags/example_branch_day_of_week_operator.py took 0.066 seconds
[2023-04-28T05:32:44.131+0000] {processor.py:153} INFO - Started process (PID=15020) to work on /home/airflow/.local/lib/python3.7/site-packages/airflow/example_dags/example_branch_day_of_week_operator.py
[2023-04-28T05:32:44.132+0000] {processor.py:743} INFO - Processing file /home/airflow/.local/lib/python3.7/site-packages/airflow/example_dags/example_branch_day_of_week_operator.py for tasks to queue
[2023-04-28T05:32:44.134+0000] {logging_mixin.py:137} INFO - [2023-04-28T05:32:44.134+0000] {dagbag.py:538} INFO - Filling up the DagBag from /home/airflow/.local/lib/python3.7/site-packages/airflow/example_dags/example_branch_day_of_week_operator.py
[2023-04-28T05:32:44.152+0000] {processor.py:753} INFO - DAG(s) dict_keys(['example_weekday_branch_operator']) retrieved from /home/airflow/.local/lib/python3.7/site-packages/airflow/example_dags/example_branch_day_of_week_operator.py
[2023-04-28T05:32:44.183+0000] {logging_mixin.py:137} INFO - [2023-04-28T05:32:44.183+0000] {dag.py:2690} INFO - Sync 1 DAGs
[2023-04-28T05:32:44.206+0000] {logging_mixin.py:137} INFO - [2023-04-28T05:32:44.206+0000] {dag.py:3441} INFO - Setting next_dagrun for example_weekday_branch_operator to 2023-04-27T00:00:00+00:00, run_after=2023-04-28T00:00:00+00:00
[2023-04-28T05:32:44.221+0000] {processor.py:175} INFO - Processing /home/airflow/.local/lib/python3.7/site-packages/airflow/example_dags/example_branch_day_of_week_operator.py took 0.094 seconds
[2023-04-28T06:03:56.497+0000] {processor.py:153} INFO - Started process (PID=15097) to work on /home/airflow/.local/lib/python3.7/site-packages/airflow/example_dags/example_branch_day_of_week_operator.py
[2023-04-28T06:03:56.498+0000] {processor.py:743} INFO - Processing file /home/airflow/.local/lib/python3.7/site-packages/airflow/example_dags/example_branch_day_of_week_operator.py for tasks to queue
[2023-04-28T06:03:56.499+0000] {logging_mixin.py:137} INFO - [2023-04-28T06:03:56.499+0000] {dagbag.py:538} INFO - Filling up the DagBag from /home/airflow/.local/lib/python3.7/site-packages/airflow/example_dags/example_branch_day_of_week_operator.py
[2023-04-28T06:03:56.514+0000] {processor.py:753} INFO - DAG(s) dict_keys(['example_weekday_branch_operator']) retrieved from /home/airflow/.local/lib/python3.7/site-packages/airflow/example_dags/example_branch_day_of_week_operator.py
[2023-04-28T06:03:56.552+0000] {logging_mixin.py:137} INFO - [2023-04-28T06:03:56.552+0000] {dag.py:2690} INFO - Sync 1 DAGs
[2023-04-28T06:03:56.569+0000] {logging_mixin.py:137} INFO - [2023-04-28T06:03:56.569+0000] {dag.py:3441} INFO - Setting next_dagrun for example_weekday_branch_operator to 2023-04-27T00:00:00+00:00, run_after=2023-04-28T00:00:00+00:00
[2023-04-28T06:03:56.596+0000] {processor.py:175} INFO - Processing /home/airflow/.local/lib/python3.7/site-packages/airflow/example_dags/example_branch_day_of_week_operator.py took 0.102 seconds
[2023-04-28T06:04:41.993+0000] {processor.py:153} INFO - Started process (PID=15166) to work on /home/airflow/.local/lib/python3.7/site-packages/airflow/example_dags/example_branch_day_of_week_operator.py
[2023-04-28T06:04:41.994+0000] {processor.py:743} INFO - Processing file /home/airflow/.local/lib/python3.7/site-packages/airflow/example_dags/example_branch_day_of_week_operator.py for tasks to queue
[2023-04-28T06:04:41.995+0000] {logging_mixin.py:137} INFO - [2023-04-28T06:04:41.995+0000] {dagbag.py:538} INFO - Filling up the DagBag from /home/airflow/.local/lib/python3.7/site-packages/airflow/example_dags/example_branch_day_of_week_operator.py
[2023-04-28T06:04:42.007+0000] {processor.py:753} INFO - DAG(s) dict_keys(['example_weekday_branch_operator']) retrieved from /home/airflow/.local/lib/python3.7/site-packages/airflow/example_dags/example_branch_day_of_week_operator.py
[2023-04-28T06:04:42.027+0000] {logging_mixin.py:137} INFO - [2023-04-28T06:04:42.027+0000] {dag.py:2690} INFO - Sync 1 DAGs
[2023-04-28T06:04:42.045+0000] {logging_mixin.py:137} INFO - [2023-04-28T06:04:42.045+0000] {dag.py:3441} INFO - Setting next_dagrun for example_weekday_branch_operator to 2023-04-27T00:00:00+00:00, run_after=2023-04-28T00:00:00+00:00
[2023-04-28T06:04:42.056+0000] {processor.py:175} INFO - Processing /home/airflow/.local/lib/python3.7/site-packages/airflow/example_dags/example_branch_day_of_week_operator.py took 0.066 seconds
[2023-04-28T06:05:12.685+0000] {processor.py:153} INFO - Started process (PID=15244) to work on /home/airflow/.local/lib/python3.7/site-packages/airflow/example_dags/example_branch_day_of_week_operator.py
[2023-04-28T06:05:12.687+0000] {processor.py:743} INFO - Processing file /home/airflow/.local/lib/python3.7/site-packages/airflow/example_dags/example_branch_day_of_week_operator.py for tasks to queue
[2023-04-28T06:05:12.689+0000] {logging_mixin.py:137} INFO - [2023-04-28T06:05:12.689+0000] {dagbag.py:538} INFO - Filling up the DagBag from /home/airflow/.local/lib/python3.7/site-packages/airflow/example_dags/example_branch_day_of_week_operator.py
[2023-04-28T06:05:12.703+0000] {processor.py:753} INFO - DAG(s) dict_keys(['example_weekday_branch_operator']) retrieved from /home/airflow/.local/lib/python3.7/site-packages/airflow/example_dags/example_branch_day_of_week_operator.py
[2023-04-28T06:05:12.732+0000] {logging_mixin.py:137} INFO - [2023-04-28T06:05:12.732+0000] {dag.py:2690} INFO - Sync 1 DAGs
[2023-04-28T06:05:12.751+0000] {logging_mixin.py:137} INFO - [2023-04-28T06:05:12.751+0000] {dag.py:3441} INFO - Setting next_dagrun for example_weekday_branch_operator to 2023-04-27T00:00:00+00:00, run_after=2023-04-28T00:00:00+00:00
[2023-04-28T06:05:12.766+0000] {processor.py:175} INFO - Processing /home/airflow/.local/lib/python3.7/site-packages/airflow/example_dags/example_branch_day_of_week_operator.py took 0.086 seconds
[2023-04-28T06:05:43.089+0000] {processor.py:153} INFO - Started process (PID=15310) to work on /home/airflow/.local/lib/python3.7/site-packages/airflow/example_dags/example_branch_day_of_week_operator.py
[2023-04-28T06:05:43.091+0000] {processor.py:743} INFO - Processing file /home/airflow/.local/lib/python3.7/site-packages/airflow/example_dags/example_branch_day_of_week_operator.py for tasks to queue
[2023-04-28T06:05:43.091+0000] {logging_mixin.py:137} INFO - [2023-04-28T06:05:43.091+0000] {dagbag.py:538} INFO - Filling up the DagBag from /home/airflow/.local/lib/python3.7/site-packages/airflow/example_dags/example_branch_day_of_week_operator.py
[2023-04-28T06:05:43.105+0000] {processor.py:753} INFO - DAG(s) dict_keys(['example_weekday_branch_operator']) retrieved from /home/airflow/.local/lib/python3.7/site-packages/airflow/example_dags/example_branch_day_of_week_operator.py
[2023-04-28T06:05:43.136+0000] {logging_mixin.py:137} INFO - [2023-04-28T06:05:43.136+0000] {dag.py:2690} INFO - Sync 1 DAGs
[2023-04-28T06:05:43.153+0000] {logging_mixin.py:137} INFO - [2023-04-28T06:05:43.153+0000] {dag.py:3441} INFO - Setting next_dagrun for example_weekday_branch_operator to 2023-04-27T00:00:00+00:00, run_after=2023-04-28T00:00:00+00:00
[2023-04-28T06:05:43.169+0000] {processor.py:175} INFO - Processing /home/airflow/.local/lib/python3.7/site-packages/airflow/example_dags/example_branch_day_of_week_operator.py took 0.082 seconds
[2023-04-28T06:06:13.413+0000] {processor.py:153} INFO - Started process (PID=15390) to work on /home/airflow/.local/lib/python3.7/site-packages/airflow/example_dags/example_branch_day_of_week_operator.py
[2023-04-28T06:06:13.414+0000] {processor.py:743} INFO - Processing file /home/airflow/.local/lib/python3.7/site-packages/airflow/example_dags/example_branch_day_of_week_operator.py for tasks to queue
[2023-04-28T06:06:13.415+0000] {logging_mixin.py:137} INFO - [2023-04-28T06:06:13.414+0000] {dagbag.py:538} INFO - Filling up the DagBag from /home/airflow/.local/lib/python3.7/site-packages/airflow/example_dags/example_branch_day_of_week_operator.py
[2023-04-28T06:06:13.427+0000] {processor.py:753} INFO - DAG(s) dict_keys(['example_weekday_branch_operator']) retrieved from /home/airflow/.local/lib/python3.7/site-packages/airflow/example_dags/example_branch_day_of_week_operator.py
[2023-04-28T06:06:13.446+0000] {logging_mixin.py:137} INFO - [2023-04-28T06:06:13.446+0000] {dag.py:2690} INFO - Sync 1 DAGs
[2023-04-28T06:06:13.462+0000] {logging_mixin.py:137} INFO - [2023-04-28T06:06:13.462+0000] {dag.py:3441} INFO - Setting next_dagrun for example_weekday_branch_operator to 2023-04-27T00:00:00+00:00, run_after=2023-04-28T00:00:00+00:00
[2023-04-28T06:06:13.474+0000] {processor.py:175} INFO - Processing /home/airflow/.local/lib/python3.7/site-packages/airflow/example_dags/example_branch_day_of_week_operator.py took 0.064 seconds
[2023-04-28T06:06:44.139+0000] {processor.py:153} INFO - Started process (PID=15467) to work on /home/airflow/.local/lib/python3.7/site-packages/airflow/example_dags/example_branch_day_of_week_operator.py
[2023-04-28T06:06:44.141+0000] {processor.py:743} INFO - Processing file /home/airflow/.local/lib/python3.7/site-packages/airflow/example_dags/example_branch_day_of_week_operator.py for tasks to queue
[2023-04-28T06:06:44.141+0000] {logging_mixin.py:137} INFO - [2023-04-28T06:06:44.141+0000] {dagbag.py:538} INFO - Filling up the DagBag from /home/airflow/.local/lib/python3.7/site-packages/airflow/example_dags/example_branch_day_of_week_operator.py
[2023-04-28T06:06:44.154+0000] {processor.py:753} INFO - DAG(s) dict_keys(['example_weekday_branch_operator']) retrieved from /home/airflow/.local/lib/python3.7/site-packages/airflow/example_dags/example_branch_day_of_week_operator.py
[2023-04-28T06:06:44.177+0000] {logging_mixin.py:137} INFO - [2023-04-28T06:06:44.177+0000] {dag.py:2690} INFO - Sync 1 DAGs
[2023-04-28T06:06:44.196+0000] {logging_mixin.py:137} INFO - [2023-04-28T06:06:44.196+0000] {dag.py:3441} INFO - Setting next_dagrun for example_weekday_branch_operator to 2023-04-27T00:00:00+00:00, run_after=2023-04-28T00:00:00+00:00
[2023-04-28T06:06:44.207+0000] {processor.py:175} INFO - Processing /home/airflow/.local/lib/python3.7/site-packages/airflow/example_dags/example_branch_day_of_week_operator.py took 0.071 seconds
[2023-04-28T06:07:14.486+0000] {processor.py:153} INFO - Started process (PID=15534) to work on /home/airflow/.local/lib/python3.7/site-packages/airflow/example_dags/example_branch_day_of_week_operator.py
[2023-04-28T06:07:14.487+0000] {processor.py:743} INFO - Processing file /home/airflow/.local/lib/python3.7/site-packages/airflow/example_dags/example_branch_day_of_week_operator.py for tasks to queue
[2023-04-28T06:07:14.488+0000] {logging_mixin.py:137} INFO - [2023-04-28T06:07:14.488+0000] {dagbag.py:538} INFO - Filling up the DagBag from /home/airflow/.local/lib/python3.7/site-packages/airflow/example_dags/example_branch_day_of_week_operator.py
[2023-04-28T06:07:14.500+0000] {processor.py:753} INFO - DAG(s) dict_keys(['example_weekday_branch_operator']) retrieved from /home/airflow/.local/lib/python3.7/site-packages/airflow/example_dags/example_branch_day_of_week_operator.py
[2023-04-28T06:07:14.519+0000] {logging_mixin.py:137} INFO - [2023-04-28T06:07:14.519+0000] {dag.py:2690} INFO - Sync 1 DAGs
[2023-04-28T06:07:14.534+0000] {logging_mixin.py:137} INFO - [2023-04-28T06:07:14.534+0000] {dag.py:3441} INFO - Setting next_dagrun for example_weekday_branch_operator to 2023-04-27T00:00:00+00:00, run_after=2023-04-28T00:00:00+00:00
[2023-04-28T06:07:14.544+0000] {processor.py:175} INFO - Processing /home/airflow/.local/lib/python3.7/site-packages/airflow/example_dags/example_branch_day_of_week_operator.py took 0.061 seconds
[2023-04-28T06:07:44.963+0000] {processor.py:153} INFO - Started process (PID=15612) to work on /home/airflow/.local/lib/python3.7/site-packages/airflow/example_dags/example_branch_day_of_week_operator.py
[2023-04-28T06:07:44.964+0000] {processor.py:743} INFO - Processing file /home/airflow/.local/lib/python3.7/site-packages/airflow/example_dags/example_branch_day_of_week_operator.py for tasks to queue
[2023-04-28T06:07:44.966+0000] {logging_mixin.py:137} INFO - [2023-04-28T06:07:44.966+0000] {dagbag.py:538} INFO - Filling up the DagBag from /home/airflow/.local/lib/python3.7/site-packages/airflow/example_dags/example_branch_day_of_week_operator.py
[2023-04-28T06:07:44.977+0000] {processor.py:753} INFO - DAG(s) dict_keys(['example_weekday_branch_operator']) retrieved from /home/airflow/.local/lib/python3.7/site-packages/airflow/example_dags/example_branch_day_of_week_operator.py
[2023-04-28T06:07:44.998+0000] {logging_mixin.py:137} INFO - [2023-04-28T06:07:44.998+0000] {dag.py:2690} INFO - Sync 1 DAGs
[2023-04-28T06:07:45.016+0000] {logging_mixin.py:137} INFO - [2023-04-28T06:07:45.016+0000] {dag.py:3441} INFO - Setting next_dagrun for example_weekday_branch_operator to 2023-04-27T00:00:00+00:00, run_after=2023-04-28T00:00:00+00:00
[2023-04-28T06:07:45.028+0000] {processor.py:175} INFO - Processing /home/airflow/.local/lib/python3.7/site-packages/airflow/example_dags/example_branch_day_of_week_operator.py took 0.067 seconds
[2023-04-28T06:08:15.354+0000] {processor.py:153} INFO - Started process (PID=15690) to work on /home/airflow/.local/lib/python3.7/site-packages/airflow/example_dags/example_branch_day_of_week_operator.py
[2023-04-28T06:08:15.355+0000] {processor.py:743} INFO - Processing file /home/airflow/.local/lib/python3.7/site-packages/airflow/example_dags/example_branch_day_of_week_operator.py for tasks to queue
[2023-04-28T06:08:15.355+0000] {logging_mixin.py:137} INFO - [2023-04-28T06:08:15.355+0000] {dagbag.py:538} INFO - Filling up the DagBag from /home/airflow/.local/lib/python3.7/site-packages/airflow/example_dags/example_branch_day_of_week_operator.py
[2023-04-28T06:08:15.368+0000] {processor.py:753} INFO - DAG(s) dict_keys(['example_weekday_branch_operator']) retrieved from /home/airflow/.local/lib/python3.7/site-packages/airflow/example_dags/example_branch_day_of_week_operator.py
[2023-04-28T06:08:15.387+0000] {logging_mixin.py:137} INFO - [2023-04-28T06:08:15.387+0000] {dag.py:2690} INFO - Sync 1 DAGs
[2023-04-28T06:08:15.404+0000] {logging_mixin.py:137} INFO - [2023-04-28T06:08:15.404+0000] {dag.py:3441} INFO - Setting next_dagrun for example_weekday_branch_operator to 2023-04-27T00:00:00+00:00, run_after=2023-04-28T00:00:00+00:00
[2023-04-28T06:08:15.415+0000] {processor.py:175} INFO - Processing /home/airflow/.local/lib/python3.7/site-packages/airflow/example_dags/example_branch_day_of_week_operator.py took 0.064 seconds
[2023-04-28T06:08:45.910+0000] {processor.py:153} INFO - Started process (PID=15756) to work on /home/airflow/.local/lib/python3.7/site-packages/airflow/example_dags/example_branch_day_of_week_operator.py
[2023-04-28T06:08:45.912+0000] {processor.py:743} INFO - Processing file /home/airflow/.local/lib/python3.7/site-packages/airflow/example_dags/example_branch_day_of_week_operator.py for tasks to queue
[2023-04-28T06:08:45.913+0000] {logging_mixin.py:137} INFO - [2023-04-28T06:08:45.912+0000] {dagbag.py:538} INFO - Filling up the DagBag from /home/airflow/.local/lib/python3.7/site-packages/airflow/example_dags/example_branch_day_of_week_operator.py
[2023-04-28T06:08:45.924+0000] {processor.py:753} INFO - DAG(s) dict_keys(['example_weekday_branch_operator']) retrieved from /home/airflow/.local/lib/python3.7/site-packages/airflow/example_dags/example_branch_day_of_week_operator.py
[2023-04-28T06:08:45.945+0000] {logging_mixin.py:137} INFO - [2023-04-28T06:08:45.945+0000] {dag.py:2690} INFO - Sync 1 DAGs
[2023-04-28T06:08:45.961+0000] {logging_mixin.py:137} INFO - [2023-04-28T06:08:45.961+0000] {dag.py:3441} INFO - Setting next_dagrun for example_weekday_branch_operator to 2023-04-27T00:00:00+00:00, run_after=2023-04-28T00:00:00+00:00
[2023-04-28T06:08:45.973+0000] {processor.py:175} INFO - Processing /home/airflow/.local/lib/python3.7/site-packages/airflow/example_dags/example_branch_day_of_week_operator.py took 0.066 seconds
[2023-04-28T06:09:16.308+0000] {processor.py:153} INFO - Started process (PID=15834) to work on /home/airflow/.local/lib/python3.7/site-packages/airflow/example_dags/example_branch_day_of_week_operator.py
[2023-04-28T06:09:16.309+0000] {processor.py:743} INFO - Processing file /home/airflow/.local/lib/python3.7/site-packages/airflow/example_dags/example_branch_day_of_week_operator.py for tasks to queue
[2023-04-28T06:09:16.309+0000] {logging_mixin.py:137} INFO - [2023-04-28T06:09:16.309+0000] {dagbag.py:538} INFO - Filling up the DagBag from /home/airflow/.local/lib/python3.7/site-packages/airflow/example_dags/example_branch_day_of_week_operator.py
[2023-04-28T06:09:16.321+0000] {processor.py:753} INFO - DAG(s) dict_keys(['example_weekday_branch_operator']) retrieved from /home/airflow/.local/lib/python3.7/site-packages/airflow/example_dags/example_branch_day_of_week_operator.py
[2023-04-28T06:09:16.342+0000] {logging_mixin.py:137} INFO - [2023-04-28T06:09:16.341+0000] {dag.py:2690} INFO - Sync 1 DAGs
[2023-04-28T06:09:16.359+0000] {logging_mixin.py:137} INFO - [2023-04-28T06:09:16.358+0000] {dag.py:3441} INFO - Setting next_dagrun for example_weekday_branch_operator to 2023-04-27T00:00:00+00:00, run_after=2023-04-28T00:00:00+00:00
[2023-04-28T06:09:16.370+0000] {processor.py:175} INFO - Processing /home/airflow/.local/lib/python3.7/site-packages/airflow/example_dags/example_branch_day_of_week_operator.py took 0.065 seconds
[2023-04-28T06:09:47.326+0000] {processor.py:153} INFO - Started process (PID=15913) to work on /home/airflow/.local/lib/python3.7/site-packages/airflow/example_dags/example_branch_day_of_week_operator.py
[2023-04-28T06:09:47.327+0000] {processor.py:743} INFO - Processing file /home/airflow/.local/lib/python3.7/site-packages/airflow/example_dags/example_branch_day_of_week_operator.py for tasks to queue
[2023-04-28T06:09:47.328+0000] {logging_mixin.py:137} INFO - [2023-04-28T06:09:47.328+0000] {dagbag.py:538} INFO - Filling up the DagBag from /home/airflow/.local/lib/python3.7/site-packages/airflow/example_dags/example_branch_day_of_week_operator.py
[2023-04-28T06:09:47.340+0000] {processor.py:753} INFO - DAG(s) dict_keys(['example_weekday_branch_operator']) retrieved from /home/airflow/.local/lib/python3.7/site-packages/airflow/example_dags/example_branch_day_of_week_operator.py
[2023-04-28T06:09:47.362+0000] {logging_mixin.py:137} INFO - [2023-04-28T06:09:47.362+0000] {dag.py:2690} INFO - Sync 1 DAGs
[2023-04-28T06:09:47.380+0000] {logging_mixin.py:137} INFO - [2023-04-28T06:09:47.380+0000] {dag.py:3441} INFO - Setting next_dagrun for example_weekday_branch_operator to 2023-04-27T00:00:00+00:00, run_after=2023-04-28T00:00:00+00:00
[2023-04-28T06:09:47.392+0000] {processor.py:175} INFO - Processing /home/airflow/.local/lib/python3.7/site-packages/airflow/example_dags/example_branch_day_of_week_operator.py took 0.069 seconds
[2023-04-28T06:10:17.632+0000] {processor.py:153} INFO - Started process (PID=15978) to work on /home/airflow/.local/lib/python3.7/site-packages/airflow/example_dags/example_branch_day_of_week_operator.py
[2023-04-28T06:10:17.634+0000] {processor.py:743} INFO - Processing file /home/airflow/.local/lib/python3.7/site-packages/airflow/example_dags/example_branch_day_of_week_operator.py for tasks to queue
[2023-04-28T06:10:17.635+0000] {logging_mixin.py:137} INFO - [2023-04-28T06:10:17.634+0000] {dagbag.py:538} INFO - Filling up the DagBag from /home/airflow/.local/lib/python3.7/site-packages/airflow/example_dags/example_branch_day_of_week_operator.py
[2023-04-28T06:10:17.651+0000] {processor.py:753} INFO - DAG(s) dict_keys(['example_weekday_branch_operator']) retrieved from /home/airflow/.local/lib/python3.7/site-packages/airflow/example_dags/example_branch_day_of_week_operator.py
[2023-04-28T06:10:17.694+0000] {logging_mixin.py:137} INFO - [2023-04-28T06:10:17.694+0000] {dag.py:2690} INFO - Sync 1 DAGs
[2023-04-28T06:10:17.719+0000] {logging_mixin.py:137} INFO - [2023-04-28T06:10:17.719+0000] {dag.py:3441} INFO - Setting next_dagrun for example_weekday_branch_operator to 2023-04-27T00:00:00+00:00, run_after=2023-04-28T00:00:00+00:00
[2023-04-28T06:10:17.747+0000] {processor.py:175} INFO - Processing /home/airflow/.local/lib/python3.7/site-packages/airflow/example_dags/example_branch_day_of_week_operator.py took 0.119 seconds
[2023-04-28T06:10:48.088+0000] {processor.py:153} INFO - Started process (PID=16056) to work on /home/airflow/.local/lib/python3.7/site-packages/airflow/example_dags/example_branch_day_of_week_operator.py
[2023-04-28T06:10:48.090+0000] {processor.py:743} INFO - Processing file /home/airflow/.local/lib/python3.7/site-packages/airflow/example_dags/example_branch_day_of_week_operator.py for tasks to queue
[2023-04-28T06:10:48.091+0000] {logging_mixin.py:137} INFO - [2023-04-28T06:10:48.091+0000] {dagbag.py:538} INFO - Filling up the DagBag from /home/airflow/.local/lib/python3.7/site-packages/airflow/example_dags/example_branch_day_of_week_operator.py
[2023-04-28T06:10:48.103+0000] {processor.py:753} INFO - DAG(s) dict_keys(['example_weekday_branch_operator']) retrieved from /home/airflow/.local/lib/python3.7/site-packages/airflow/example_dags/example_branch_day_of_week_operator.py
[2023-04-28T06:10:48.127+0000] {logging_mixin.py:137} INFO - [2023-04-28T06:10:48.127+0000] {dag.py:2690} INFO - Sync 1 DAGs
[2023-04-28T06:10:48.143+0000] {logging_mixin.py:137} INFO - [2023-04-28T06:10:48.143+0000] {dag.py:3441} INFO - Setting next_dagrun for example_weekday_branch_operator to 2023-04-27T00:00:00+00:00, run_after=2023-04-28T00:00:00+00:00
[2023-04-28T06:10:48.155+0000] {processor.py:175} INFO - Processing /home/airflow/.local/lib/python3.7/site-packages/airflow/example_dags/example_branch_day_of_week_operator.py took 0.070 seconds
[2023-04-28T06:11:18.632+0000] {processor.py:153} INFO - Started process (PID=16134) to work on /home/airflow/.local/lib/python3.7/site-packages/airflow/example_dags/example_branch_day_of_week_operator.py
[2023-04-28T06:11:18.633+0000] {processor.py:743} INFO - Processing file /home/airflow/.local/lib/python3.7/site-packages/airflow/example_dags/example_branch_day_of_week_operator.py for tasks to queue
[2023-04-28T06:11:18.634+0000] {logging_mixin.py:137} INFO - [2023-04-28T06:11:18.634+0000] {dagbag.py:538} INFO - Filling up the DagBag from /home/airflow/.local/lib/python3.7/site-packages/airflow/example_dags/example_branch_day_of_week_operator.py
[2023-04-28T06:11:18.647+0000] {processor.py:753} INFO - DAG(s) dict_keys(['example_weekday_branch_operator']) retrieved from /home/airflow/.local/lib/python3.7/site-packages/airflow/example_dags/example_branch_day_of_week_operator.py
[2023-04-28T06:11:18.669+0000] {logging_mixin.py:137} INFO - [2023-04-28T06:11:18.669+0000] {dag.py:2690} INFO - Sync 1 DAGs
[2023-04-28T06:11:18.685+0000] {logging_mixin.py:137} INFO - [2023-04-28T06:11:18.685+0000] {dag.py:3441} INFO - Setting next_dagrun for example_weekday_branch_operator to 2023-04-27T00:00:00+00:00, run_after=2023-04-28T00:00:00+00:00
[2023-04-28T06:11:18.697+0000] {processor.py:175} INFO - Processing /home/airflow/.local/lib/python3.7/site-packages/airflow/example_dags/example_branch_day_of_week_operator.py took 0.068 seconds
[2023-04-28T06:11:49.242+0000] {processor.py:153} INFO - Started process (PID=16200) to work on /home/airflow/.local/lib/python3.7/site-packages/airflow/example_dags/example_branch_day_of_week_operator.py
[2023-04-28T06:11:49.244+0000] {processor.py:743} INFO - Processing file /home/airflow/.local/lib/python3.7/site-packages/airflow/example_dags/example_branch_day_of_week_operator.py for tasks to queue
[2023-04-28T06:11:49.245+0000] {logging_mixin.py:137} INFO - [2023-04-28T06:11:49.245+0000] {dagbag.py:538} INFO - Filling up the DagBag from /home/airflow/.local/lib/python3.7/site-packages/airflow/example_dags/example_branch_day_of_week_operator.py
[2023-04-28T06:11:49.264+0000] {processor.py:753} INFO - DAG(s) dict_keys(['example_weekday_branch_operator']) retrieved from /home/airflow/.local/lib/python3.7/site-packages/airflow/example_dags/example_branch_day_of_week_operator.py
[2023-04-28T06:11:49.289+0000] {logging_mixin.py:137} INFO - [2023-04-28T06:11:49.289+0000] {dag.py:2690} INFO - Sync 1 DAGs
[2023-04-28T06:11:49.311+0000] {logging_mixin.py:137} INFO - [2023-04-28T06:11:49.311+0000] {dag.py:3441} INFO - Setting next_dagrun for example_weekday_branch_operator to 2023-04-27T00:00:00+00:00, run_after=2023-04-28T00:00:00+00:00
[2023-04-28T06:11:49.338+0000] {processor.py:175} INFO - Processing /home/airflow/.local/lib/python3.7/site-packages/airflow/example_dags/example_branch_day_of_week_operator.py took 0.098 seconds
[2023-04-28T06:12:19.742+0000] {processor.py:153} INFO - Started process (PID=16278) to work on /home/airflow/.local/lib/python3.7/site-packages/airflow/example_dags/example_branch_day_of_week_operator.py
[2023-04-28T06:12:19.743+0000] {processor.py:743} INFO - Processing file /home/airflow/.local/lib/python3.7/site-packages/airflow/example_dags/example_branch_day_of_week_operator.py for tasks to queue
[2023-04-28T06:12:19.744+0000] {logging_mixin.py:137} INFO - [2023-04-28T06:12:19.744+0000] {dagbag.py:538} INFO - Filling up the DagBag from /home/airflow/.local/lib/python3.7/site-packages/airflow/example_dags/example_branch_day_of_week_operator.py
[2023-04-28T06:12:19.757+0000] {processor.py:753} INFO - DAG(s) dict_keys(['example_weekday_branch_operator']) retrieved from /home/airflow/.local/lib/python3.7/site-packages/airflow/example_dags/example_branch_day_of_week_operator.py
[2023-04-28T06:12:19.777+0000] {logging_mixin.py:137} INFO - [2023-04-28T06:12:19.777+0000] {dag.py:2690} INFO - Sync 1 DAGs
[2023-04-28T06:12:19.793+0000] {logging_mixin.py:137} INFO - [2023-04-28T06:12:19.793+0000] {dag.py:3441} INFO - Setting next_dagrun for example_weekday_branch_operator to 2023-04-27T00:00:00+00:00, run_after=2023-04-28T00:00:00+00:00
[2023-04-28T06:12:19.805+0000] {processor.py:175} INFO - Processing /home/airflow/.local/lib/python3.7/site-packages/airflow/example_dags/example_branch_day_of_week_operator.py took 0.066 seconds
[2023-04-28T06:12:50.353+0000] {processor.py:153} INFO - Started process (PID=16355) to work on /home/airflow/.local/lib/python3.7/site-packages/airflow/example_dags/example_branch_day_of_week_operator.py
[2023-04-28T06:12:50.354+0000] {processor.py:743} INFO - Processing file /home/airflow/.local/lib/python3.7/site-packages/airflow/example_dags/example_branch_day_of_week_operator.py for tasks to queue
[2023-04-28T06:12:50.355+0000] {logging_mixin.py:137} INFO - [2023-04-28T06:12:50.355+0000] {dagbag.py:538} INFO - Filling up the DagBag from /home/airflow/.local/lib/python3.7/site-packages/airflow/example_dags/example_branch_day_of_week_operator.py
[2023-04-28T06:12:50.368+0000] {processor.py:753} INFO - DAG(s) dict_keys(['example_weekday_branch_operator']) retrieved from /home/airflow/.local/lib/python3.7/site-packages/airflow/example_dags/example_branch_day_of_week_operator.py
[2023-04-28T06:12:50.389+0000] {logging_mixin.py:137} INFO - [2023-04-28T06:12:50.389+0000] {dag.py:2690} INFO - Sync 1 DAGs
[2023-04-28T06:12:50.405+0000] {logging_mixin.py:137} INFO - [2023-04-28T06:12:50.405+0000] {dag.py:3441} INFO - Setting next_dagrun for example_weekday_branch_operator to 2023-04-27T00:00:00+00:00, run_after=2023-04-28T00:00:00+00:00
[2023-04-28T06:12:50.416+0000] {processor.py:175} INFO - Processing /home/airflow/.local/lib/python3.7/site-packages/airflow/example_dags/example_branch_day_of_week_operator.py took 0.066 seconds
[2023-04-28T06:13:20.913+0000] {processor.py:153} INFO - Started process (PID=16422) to work on /home/airflow/.local/lib/python3.7/site-packages/airflow/example_dags/example_branch_day_of_week_operator.py
[2023-04-28T06:13:20.914+0000] {processor.py:743} INFO - Processing file /home/airflow/.local/lib/python3.7/site-packages/airflow/example_dags/example_branch_day_of_week_operator.py for tasks to queue
[2023-04-28T06:13:20.915+0000] {logging_mixin.py:137} INFO - [2023-04-28T06:13:20.915+0000] {dagbag.py:538} INFO - Filling up the DagBag from /home/airflow/.local/lib/python3.7/site-packages/airflow/example_dags/example_branch_day_of_week_operator.py
[2023-04-28T06:13:20.928+0000] {processor.py:753} INFO - DAG(s) dict_keys(['example_weekday_branch_operator']) retrieved from /home/airflow/.local/lib/python3.7/site-packages/airflow/example_dags/example_branch_day_of_week_operator.py
[2023-04-28T06:13:20.951+0000] {logging_mixin.py:137} INFO - [2023-04-28T06:13:20.951+0000] {dag.py:2690} INFO - Sync 1 DAGs
[2023-04-28T06:13:20.967+0000] {logging_mixin.py:137} INFO - [2023-04-28T06:13:20.967+0000] {dag.py:3441} INFO - Setting next_dagrun for example_weekday_branch_operator to 2023-04-27T00:00:00+00:00, run_after=2023-04-28T00:00:00+00:00
[2023-04-28T06:13:20.978+0000] {processor.py:175} INFO - Processing /home/airflow/.local/lib/python3.7/site-packages/airflow/example_dags/example_branch_day_of_week_operator.py took 0.068 seconds
[2023-04-28T06:13:51.267+0000] {processor.py:153} INFO - Started process (PID=16500) to work on /home/airflow/.local/lib/python3.7/site-packages/airflow/example_dags/example_branch_day_of_week_operator.py
[2023-04-28T06:13:51.269+0000] {processor.py:743} INFO - Processing file /home/airflow/.local/lib/python3.7/site-packages/airflow/example_dags/example_branch_day_of_week_operator.py for tasks to queue
[2023-04-28T06:13:51.270+0000] {logging_mixin.py:137} INFO - [2023-04-28T06:13:51.270+0000] {dagbag.py:538} INFO - Filling up the DagBag from /home/airflow/.local/lib/python3.7/site-packages/airflow/example_dags/example_branch_day_of_week_operator.py
[2023-04-28T06:13:51.282+0000] {processor.py:753} INFO - DAG(s) dict_keys(['example_weekday_branch_operator']) retrieved from /home/airflow/.local/lib/python3.7/site-packages/airflow/example_dags/example_branch_day_of_week_operator.py
[2023-04-28T06:13:51.305+0000] {logging_mixin.py:137} INFO - [2023-04-28T06:13:51.305+0000] {dag.py:2690} INFO - Sync 1 DAGs
[2023-04-28T06:13:51.323+0000] {logging_mixin.py:137} INFO - [2023-04-28T06:13:51.322+0000] {dag.py:3441} INFO - Setting next_dagrun for example_weekday_branch_operator to 2023-04-27T00:00:00+00:00, run_after=2023-04-28T00:00:00+00:00
[2023-04-28T06:13:51.338+0000] {processor.py:175} INFO - Processing /home/airflow/.local/lib/python3.7/site-packages/airflow/example_dags/example_branch_day_of_week_operator.py took 0.074 seconds
[2023-04-28T06:14:21.679+0000] {processor.py:153} INFO - Started process (PID=16578) to work on /home/airflow/.local/lib/python3.7/site-packages/airflow/example_dags/example_branch_day_of_week_operator.py
[2023-04-28T06:14:21.680+0000] {processor.py:743} INFO - Processing file /home/airflow/.local/lib/python3.7/site-packages/airflow/example_dags/example_branch_day_of_week_operator.py for tasks to queue
[2023-04-28T06:14:21.681+0000] {logging_mixin.py:137} INFO - [2023-04-28T06:14:21.681+0000] {dagbag.py:538} INFO - Filling up the DagBag from /home/airflow/.local/lib/python3.7/site-packages/airflow/example_dags/example_branch_day_of_week_operator.py
[2023-04-28T06:14:21.693+0000] {processor.py:753} INFO - DAG(s) dict_keys(['example_weekday_branch_operator']) retrieved from /home/airflow/.local/lib/python3.7/site-packages/airflow/example_dags/example_branch_day_of_week_operator.py
[2023-04-28T06:14:21.714+0000] {logging_mixin.py:137} INFO - [2023-04-28T06:14:21.714+0000] {dag.py:2690} INFO - Sync 1 DAGs
[2023-04-28T06:14:21.731+0000] {logging_mixin.py:137} INFO - [2023-04-28T06:14:21.731+0000] {dag.py:3441} INFO - Setting next_dagrun for example_weekday_branch_operator to 2023-04-27T00:00:00+00:00, run_after=2023-04-28T00:00:00+00:00
[2023-04-28T06:14:21.742+0000] {processor.py:175} INFO - Processing /home/airflow/.local/lib/python3.7/site-packages/airflow/example_dags/example_branch_day_of_week_operator.py took 0.065 seconds
[2023-04-28T06:14:52.209+0000] {processor.py:153} INFO - Started process (PID=16643) to work on /home/airflow/.local/lib/python3.7/site-packages/airflow/example_dags/example_branch_day_of_week_operator.py
[2023-04-28T06:14:52.211+0000] {processor.py:743} INFO - Processing file /home/airflow/.local/lib/python3.7/site-packages/airflow/example_dags/example_branch_day_of_week_operator.py for tasks to queue
[2023-04-28T06:14:52.212+0000] {logging_mixin.py:137} INFO - [2023-04-28T06:14:52.211+0000] {dagbag.py:538} INFO - Filling up the DagBag from /home/airflow/.local/lib/python3.7/site-packages/airflow/example_dags/example_branch_day_of_week_operator.py
[2023-04-28T06:14:52.224+0000] {processor.py:753} INFO - DAG(s) dict_keys(['example_weekday_branch_operator']) retrieved from /home/airflow/.local/lib/python3.7/site-packages/airflow/example_dags/example_branch_day_of_week_operator.py
[2023-04-28T06:14:52.245+0000] {logging_mixin.py:137} INFO - [2023-04-28T06:14:52.244+0000] {dag.py:2690} INFO - Sync 1 DAGs
[2023-04-28T06:14:52.261+0000] {logging_mixin.py:137} INFO - [2023-04-28T06:14:52.261+0000] {dag.py:3441} INFO - Setting next_dagrun for example_weekday_branch_operator to 2023-04-27T00:00:00+00:00, run_after=2023-04-28T00:00:00+00:00
[2023-04-28T06:14:52.273+0000] {processor.py:175} INFO - Processing /home/airflow/.local/lib/python3.7/site-packages/airflow/example_dags/example_branch_day_of_week_operator.py took 0.066 seconds
[2023-04-28T06:15:22.546+0000] {processor.py:153} INFO - Started process (PID=16721) to work on /home/airflow/.local/lib/python3.7/site-packages/airflow/example_dags/example_branch_day_of_week_operator.py
[2023-04-28T06:15:22.547+0000] {processor.py:743} INFO - Processing file /home/airflow/.local/lib/python3.7/site-packages/airflow/example_dags/example_branch_day_of_week_operator.py for tasks to queue
[2023-04-28T06:15:22.548+0000] {logging_mixin.py:137} INFO - [2023-04-28T06:15:22.548+0000] {dagbag.py:538} INFO - Filling up the DagBag from /home/airflow/.local/lib/python3.7/site-packages/airflow/example_dags/example_branch_day_of_week_operator.py
[2023-04-28T06:15:22.563+0000] {processor.py:753} INFO - DAG(s) dict_keys(['example_weekday_branch_operator']) retrieved from /home/airflow/.local/lib/python3.7/site-packages/airflow/example_dags/example_branch_day_of_week_operator.py
[2023-04-28T06:15:22.585+0000] {logging_mixin.py:137} INFO - [2023-04-28T06:15:22.585+0000] {dag.py:2690} INFO - Sync 1 DAGs
[2023-04-28T06:15:22.605+0000] {logging_mixin.py:137} INFO - [2023-04-28T06:15:22.605+0000] {dag.py:3441} INFO - Setting next_dagrun for example_weekday_branch_operator to 2023-04-27T00:00:00+00:00, run_after=2023-04-28T00:00:00+00:00
[2023-04-28T06:15:22.618+0000] {processor.py:175} INFO - Processing /home/airflow/.local/lib/python3.7/site-packages/airflow/example_dags/example_branch_day_of_week_operator.py took 0.078 seconds
[2023-04-28T06:15:52.857+0000] {processor.py:153} INFO - Started process (PID=16798) to work on /home/airflow/.local/lib/python3.7/site-packages/airflow/example_dags/example_branch_day_of_week_operator.py
[2023-04-28T06:15:52.859+0000] {processor.py:743} INFO - Processing file /home/airflow/.local/lib/python3.7/site-packages/airflow/example_dags/example_branch_day_of_week_operator.py for tasks to queue
[2023-04-28T06:15:52.859+0000] {logging_mixin.py:137} INFO - [2023-04-28T06:15:52.859+0000] {dagbag.py:538} INFO - Filling up the DagBag from /home/airflow/.local/lib/python3.7/site-packages/airflow/example_dags/example_branch_day_of_week_operator.py
[2023-04-28T06:15:52.872+0000] {processor.py:753} INFO - DAG(s) dict_keys(['example_weekday_branch_operator']) retrieved from /home/airflow/.local/lib/python3.7/site-packages/airflow/example_dags/example_branch_day_of_week_operator.py
[2023-04-28T06:15:52.891+0000] {logging_mixin.py:137} INFO - [2023-04-28T06:15:52.891+0000] {dag.py:2690} INFO - Sync 1 DAGs
[2023-04-28T06:15:52.907+0000] {logging_mixin.py:137} INFO - [2023-04-28T06:15:52.907+0000] {dag.py:3441} INFO - Setting next_dagrun for example_weekday_branch_operator to 2023-04-27T00:00:00+00:00, run_after=2023-04-28T00:00:00+00:00
[2023-04-28T06:15:52.918+0000] {processor.py:175} INFO - Processing /home/airflow/.local/lib/python3.7/site-packages/airflow/example_dags/example_branch_day_of_week_operator.py took 0.064 seconds
[2023-04-28T06:16:23.130+0000] {processor.py:153} INFO - Started process (PID=16863) to work on /home/airflow/.local/lib/python3.7/site-packages/airflow/example_dags/example_branch_day_of_week_operator.py
[2023-04-28T06:16:23.132+0000] {processor.py:743} INFO - Processing file /home/airflow/.local/lib/python3.7/site-packages/airflow/example_dags/example_branch_day_of_week_operator.py for tasks to queue
[2023-04-28T06:16:23.132+0000] {logging_mixin.py:137} INFO - [2023-04-28T06:16:23.132+0000] {dagbag.py:538} INFO - Filling up the DagBag from /home/airflow/.local/lib/python3.7/site-packages/airflow/example_dags/example_branch_day_of_week_operator.py
[2023-04-28T06:16:23.144+0000] {processor.py:753} INFO - DAG(s) dict_keys(['example_weekday_branch_operator']) retrieved from /home/airflow/.local/lib/python3.7/site-packages/airflow/example_dags/example_branch_day_of_week_operator.py
[2023-04-28T06:16:23.165+0000] {logging_mixin.py:137} INFO - [2023-04-28T06:16:23.165+0000] {dag.py:2690} INFO - Sync 1 DAGs
[2023-04-28T06:16:23.181+0000] {logging_mixin.py:137} INFO - [2023-04-28T06:16:23.181+0000] {dag.py:3441} INFO - Setting next_dagrun for example_weekday_branch_operator to 2023-04-27T00:00:00+00:00, run_after=2023-04-28T00:00:00+00:00
[2023-04-28T06:16:23.193+0000] {processor.py:175} INFO - Processing /home/airflow/.local/lib/python3.7/site-packages/airflow/example_dags/example_branch_day_of_week_operator.py took 0.065 seconds
[2023-04-28T06:16:53.759+0000] {processor.py:153} INFO - Started process (PID=16941) to work on /home/airflow/.local/lib/python3.7/site-packages/airflow/example_dags/example_branch_day_of_week_operator.py
[2023-04-28T06:16:53.760+0000] {processor.py:743} INFO - Processing file /home/airflow/.local/lib/python3.7/site-packages/airflow/example_dags/example_branch_day_of_week_operator.py for tasks to queue
[2023-04-28T06:16:53.761+0000] {logging_mixin.py:137} INFO - [2023-04-28T06:16:53.761+0000] {dagbag.py:538} INFO - Filling up the DagBag from /home/airflow/.local/lib/python3.7/site-packages/airflow/example_dags/example_branch_day_of_week_operator.py
[2023-04-28T06:16:53.773+0000] {processor.py:753} INFO - DAG(s) dict_keys(['example_weekday_branch_operator']) retrieved from /home/airflow/.local/lib/python3.7/site-packages/airflow/example_dags/example_branch_day_of_week_operator.py
[2023-04-28T06:16:53.795+0000] {logging_mixin.py:137} INFO - [2023-04-28T06:16:53.795+0000] {dag.py:2690} INFO - Sync 1 DAGs
[2023-04-28T06:16:53.812+0000] {logging_mixin.py:137} INFO - [2023-04-28T06:16:53.812+0000] {dag.py:3441} INFO - Setting next_dagrun for example_weekday_branch_operator to 2023-04-27T00:00:00+00:00, run_after=2023-04-28T00:00:00+00:00
[2023-04-28T06:16:53.823+0000] {processor.py:175} INFO - Processing /home/airflow/.local/lib/python3.7/site-packages/airflow/example_dags/example_branch_day_of_week_operator.py took 0.067 seconds
[2023-04-28T06:17:24.055+0000] {processor.py:153} INFO - Started process (PID=17019) to work on /home/airflow/.local/lib/python3.7/site-packages/airflow/example_dags/example_branch_day_of_week_operator.py
[2023-04-28T06:17:24.056+0000] {processor.py:743} INFO - Processing file /home/airflow/.local/lib/python3.7/site-packages/airflow/example_dags/example_branch_day_of_week_operator.py for tasks to queue
[2023-04-28T06:17:24.057+0000] {logging_mixin.py:137} INFO - [2023-04-28T06:17:24.057+0000] {dagbag.py:538} INFO - Filling up the DagBag from /home/airflow/.local/lib/python3.7/site-packages/airflow/example_dags/example_branch_day_of_week_operator.py
[2023-04-28T06:17:24.069+0000] {processor.py:753} INFO - DAG(s) dict_keys(['example_weekday_branch_operator']) retrieved from /home/airflow/.local/lib/python3.7/site-packages/airflow/example_dags/example_branch_day_of_week_operator.py
[2023-04-28T06:17:24.090+0000] {logging_mixin.py:137} INFO - [2023-04-28T06:17:24.090+0000] {dag.py:2690} INFO - Sync 1 DAGs
[2023-04-28T06:17:24.107+0000] {logging_mixin.py:137} INFO - [2023-04-28T06:17:24.107+0000] {dag.py:3441} INFO - Setting next_dagrun for example_weekday_branch_operator to 2023-04-27T00:00:00+00:00, run_after=2023-04-28T00:00:00+00:00
[2023-04-28T06:17:24.118+0000] {processor.py:175} INFO - Processing /home/airflow/.local/lib/python3.7/site-packages/airflow/example_dags/example_branch_day_of_week_operator.py took 0.066 seconds
[2023-04-28T06:17:54.575+0000] {processor.py:153} INFO - Started process (PID=17094) to work on /home/airflow/.local/lib/python3.7/site-packages/airflow/example_dags/example_branch_day_of_week_operator.py
[2023-04-28T06:17:54.577+0000] {processor.py:743} INFO - Processing file /home/airflow/.local/lib/python3.7/site-packages/airflow/example_dags/example_branch_day_of_week_operator.py for tasks to queue
[2023-04-28T06:17:54.581+0000] {logging_mixin.py:137} INFO - [2023-04-28T06:17:54.581+0000] {dagbag.py:538} INFO - Filling up the DagBag from /home/airflow/.local/lib/python3.7/site-packages/airflow/example_dags/example_branch_day_of_week_operator.py
[2023-04-28T06:17:54.599+0000] {processor.py:753} INFO - DAG(s) dict_keys(['example_weekday_branch_operator']) retrieved from /home/airflow/.local/lib/python3.7/site-packages/airflow/example_dags/example_branch_day_of_week_operator.py
[2023-04-28T06:17:54.625+0000] {logging_mixin.py:137} INFO - [2023-04-28T06:17:54.624+0000] {dag.py:2690} INFO - Sync 1 DAGs
[2023-04-28T06:17:54.647+0000] {logging_mixin.py:137} INFO - [2023-04-28T06:17:54.647+0000] {dag.py:3441} INFO - Setting next_dagrun for example_weekday_branch_operator to 2023-04-27T00:00:00+00:00, run_after=2023-04-28T00:00:00+00:00
[2023-04-28T06:17:54.659+0000] {processor.py:175} INFO - Processing /home/airflow/.local/lib/python3.7/site-packages/airflow/example_dags/example_branch_day_of_week_operator.py took 0.087 seconds
[2023-04-28T06:18:25.069+0000] {processor.py:153} INFO - Started process (PID=17163) to work on /home/airflow/.local/lib/python3.7/site-packages/airflow/example_dags/example_branch_day_of_week_operator.py
[2023-04-28T06:18:25.071+0000] {processor.py:743} INFO - Processing file /home/airflow/.local/lib/python3.7/site-packages/airflow/example_dags/example_branch_day_of_week_operator.py for tasks to queue
[2023-04-28T06:18:25.071+0000] {logging_mixin.py:137} INFO - [2023-04-28T06:18:25.071+0000] {dagbag.py:538} INFO - Filling up the DagBag from /home/airflow/.local/lib/python3.7/site-packages/airflow/example_dags/example_branch_day_of_week_operator.py
[2023-04-28T06:18:25.083+0000] {processor.py:753} INFO - DAG(s) dict_keys(['example_weekday_branch_operator']) retrieved from /home/airflow/.local/lib/python3.7/site-packages/airflow/example_dags/example_branch_day_of_week_operator.py
[2023-04-28T06:18:25.104+0000] {logging_mixin.py:137} INFO - [2023-04-28T06:18:25.104+0000] {dag.py:2690} INFO - Sync 1 DAGs
[2023-04-28T06:18:25.121+0000] {logging_mixin.py:137} INFO - [2023-04-28T06:18:25.121+0000] {dag.py:3441} INFO - Setting next_dagrun for example_weekday_branch_operator to 2023-04-27T00:00:00+00:00, run_after=2023-04-28T00:00:00+00:00
[2023-04-28T06:18:25.132+0000] {processor.py:175} INFO - Processing /home/airflow/.local/lib/python3.7/site-packages/airflow/example_dags/example_branch_day_of_week_operator.py took 0.066 seconds
[2023-04-28T06:18:55.394+0000] {processor.py:153} INFO - Started process (PID=17241) to work on /home/airflow/.local/lib/python3.7/site-packages/airflow/example_dags/example_branch_day_of_week_operator.py
[2023-04-28T06:18:55.395+0000] {processor.py:743} INFO - Processing file /home/airflow/.local/lib/python3.7/site-packages/airflow/example_dags/example_branch_day_of_week_operator.py for tasks to queue
[2023-04-28T06:18:55.396+0000] {logging_mixin.py:137} INFO - [2023-04-28T06:18:55.395+0000] {dagbag.py:538} INFO - Filling up the DagBag from /home/airflow/.local/lib/python3.7/site-packages/airflow/example_dags/example_branch_day_of_week_operator.py
[2023-04-28T06:18:55.408+0000] {processor.py:753} INFO - DAG(s) dict_keys(['example_weekday_branch_operator']) retrieved from /home/airflow/.local/lib/python3.7/site-packages/airflow/example_dags/example_branch_day_of_week_operator.py
[2023-04-28T06:18:55.430+0000] {logging_mixin.py:137} INFO - [2023-04-28T06:18:55.430+0000] {dag.py:2690} INFO - Sync 1 DAGs
[2023-04-28T06:18:55.454+0000] {logging_mixin.py:137} INFO - [2023-04-28T06:18:55.454+0000] {dag.py:3441} INFO - Setting next_dagrun for example_weekday_branch_operator to 2023-04-27T00:00:00+00:00, run_after=2023-04-28T00:00:00+00:00
[2023-04-28T06:18:55.467+0000] {processor.py:175} INFO - Processing /home/airflow/.local/lib/python3.7/site-packages/airflow/example_dags/example_branch_day_of_week_operator.py took 0.076 seconds
