[2023-04-28T00:36:31.248+0000] {processor.py:153} INFO - Started process (PID=14557) to work on /home/airflow/.local/lib/python3.7/site-packages/airflow/example_dags/example_time_delta_sensor_async.py
[2023-04-28T00:36:31.253+0000] {processor.py:743} INFO - Processing file /home/airflow/.local/lib/python3.7/site-packages/airflow/example_dags/example_time_delta_sensor_async.py for tasks to queue
[2023-04-28T00:36:31.255+0000] {logging_mixin.py:137} INFO - [2023-04-28T00:36:31.254+0000] {dagbag.py:538} INFO - Filling up the DagBag from /home/airflow/.local/lib/python3.7/site-packages/airflow/example_dags/example_time_delta_sensor_async.py
[2023-04-28T00:36:31.278+0000] {processor.py:753} INFO - DAG(s) dict_keys(['example_time_delta_sensor_async']) retrieved from /home/airflow/.local/lib/python3.7/site-packages/airflow/example_dags/example_time_delta_sensor_async.py
[2023-04-28T00:36:31.326+0000] {logging_mixin.py:137} INFO - [2023-04-28T00:36:31.326+0000] {dag.py:2690} INFO - Sync 1 DAGs
[2023-04-28T00:36:31.352+0000] {logging_mixin.py:137} INFO - [2023-04-28T00:36:31.352+0000] {dag.py:3441} INFO - Setting next_dagrun for example_time_delta_sensor_async to None, run_after=None
[2023-04-28T00:36:31.381+0000] {processor.py:175} INFO - Processing /home/airflow/.local/lib/python3.7/site-packages/airflow/example_dags/example_time_delta_sensor_async.py took 0.136 seconds
[2023-04-28T01:42:52.748+0000] {processor.py:153} INFO - Started process (PID=14632) to work on /home/airflow/.local/lib/python3.7/site-packages/airflow/example_dags/example_time_delta_sensor_async.py
[2023-04-28T01:42:52.750+0000] {processor.py:743} INFO - Processing file /home/airflow/.local/lib/python3.7/site-packages/airflow/example_dags/example_time_delta_sensor_async.py for tasks to queue
[2023-04-28T01:42:52.751+0000] {logging_mixin.py:137} INFO - [2023-04-28T01:42:52.751+0000] {dagbag.py:538} INFO - Filling up the DagBag from /home/airflow/.local/lib/python3.7/site-packages/airflow/example_dags/example_time_delta_sensor_async.py
[2023-04-28T01:42:52.765+0000] {processor.py:753} INFO - DAG(s) dict_keys(['example_time_delta_sensor_async']) retrieved from /home/airflow/.local/lib/python3.7/site-packages/airflow/example_dags/example_time_delta_sensor_async.py
[2023-04-28T01:42:52.788+0000] {logging_mixin.py:137} INFO - [2023-04-28T01:42:52.788+0000] {dag.py:2690} INFO - Sync 1 DAGs
[2023-04-28T01:42:52.805+0000] {logging_mixin.py:137} INFO - [2023-04-28T01:42:52.805+0000] {dag.py:3441} INFO - Setting next_dagrun for example_time_delta_sensor_async to None, run_after=None
[2023-04-28T01:42:52.826+0000] {processor.py:175} INFO - Processing /home/airflow/.local/lib/python3.7/site-packages/airflow/example_dags/example_time_delta_sensor_async.py took 0.081 seconds
[2023-04-28T02:48:40.819+0000] {processor.py:153} INFO - Started process (PID=14701) to work on /home/airflow/.local/lib/python3.7/site-packages/airflow/example_dags/example_time_delta_sensor_async.py
[2023-04-28T02:48:40.820+0000] {processor.py:743} INFO - Processing file /home/airflow/.local/lib/python3.7/site-packages/airflow/example_dags/example_time_delta_sensor_async.py for tasks to queue
[2023-04-28T02:48:40.820+0000] {logging_mixin.py:137} INFO - [2023-04-28T02:48:40.820+0000] {dagbag.py:538} INFO - Filling up the DagBag from /home/airflow/.local/lib/python3.7/site-packages/airflow/example_dags/example_time_delta_sensor_async.py
[2023-04-28T02:48:40.830+0000] {processor.py:753} INFO - DAG(s) dict_keys(['example_time_delta_sensor_async']) retrieved from /home/airflow/.local/lib/python3.7/site-packages/airflow/example_dags/example_time_delta_sensor_async.py
[2023-04-28T02:48:40.850+0000] {logging_mixin.py:137} INFO - [2023-04-28T02:48:40.850+0000] {dag.py:2690} INFO - Sync 1 DAGs
[2023-04-28T02:48:40.866+0000] {logging_mixin.py:137} INFO - [2023-04-28T02:48:40.866+0000] {dag.py:3441} INFO - Setting next_dagrun for example_time_delta_sensor_async to None, run_after=None
[2023-04-28T02:48:40.877+0000] {processor.py:175} INFO - Processing /home/airflow/.local/lib/python3.7/site-packages/airflow/example_dags/example_time_delta_sensor_async.py took 0.062 seconds
[2023-04-28T03:54:54.035+0000] {processor.py:153} INFO - Started process (PID=14778) to work on /home/airflow/.local/lib/python3.7/site-packages/airflow/example_dags/example_time_delta_sensor_async.py
[2023-04-28T03:54:54.041+0000] {processor.py:743} INFO - Processing file /home/airflow/.local/lib/python3.7/site-packages/airflow/example_dags/example_time_delta_sensor_async.py for tasks to queue
[2023-04-28T03:54:54.043+0000] {logging_mixin.py:137} INFO - [2023-04-28T03:54:54.042+0000] {dagbag.py:538} INFO - Filling up the DagBag from /home/airflow/.local/lib/python3.7/site-packages/airflow/example_dags/example_time_delta_sensor_async.py
[2023-04-28T03:54:54.053+0000] {processor.py:753} INFO - DAG(s) dict_keys(['example_time_delta_sensor_async']) retrieved from /home/airflow/.local/lib/python3.7/site-packages/airflow/example_dags/example_time_delta_sensor_async.py
[2023-04-28T03:54:54.078+0000] {logging_mixin.py:137} INFO - [2023-04-28T03:54:54.078+0000] {dag.py:2690} INFO - Sync 1 DAGs
[2023-04-28T03:54:54.098+0000] {logging_mixin.py:137} INFO - [2023-04-28T03:54:54.098+0000] {dag.py:3441} INFO - Setting next_dagrun for example_time_delta_sensor_async to None, run_after=None
[2023-04-28T03:54:54.117+0000] {processor.py:175} INFO - Processing /home/airflow/.local/lib/python3.7/site-packages/airflow/example_dags/example_time_delta_sensor_async.py took 0.085 seconds
[2023-04-28T05:16:15.720+0000] {processor.py:153} INFO - Started process (PID=14844) to work on /home/airflow/.local/lib/python3.7/site-packages/airflow/example_dags/example_time_delta_sensor_async.py
[2023-04-28T05:16:15.724+0000] {processor.py:743} INFO - Processing file /home/airflow/.local/lib/python3.7/site-packages/airflow/example_dags/example_time_delta_sensor_async.py for tasks to queue
[2023-04-28T05:16:15.731+0000] {logging_mixin.py:137} INFO - [2023-04-28T05:16:15.731+0000] {dagbag.py:538} INFO - Filling up the DagBag from /home/airflow/.local/lib/python3.7/site-packages/airflow/example_dags/example_time_delta_sensor_async.py
[2023-04-28T05:16:15.753+0000] {processor.py:753} INFO - DAG(s) dict_keys(['example_time_delta_sensor_async']) retrieved from /home/airflow/.local/lib/python3.7/site-packages/airflow/example_dags/example_time_delta_sensor_async.py
[2023-04-28T05:16:15.789+0000] {logging_mixin.py:137} INFO - [2023-04-28T05:16:15.789+0000] {dag.py:2690} INFO - Sync 1 DAGs
[2023-04-28T05:16:15.833+0000] {logging_mixin.py:137} INFO - [2023-04-28T05:16:15.833+0000] {dag.py:3441} INFO - Setting next_dagrun for example_time_delta_sensor_async to None, run_after=None
[2023-04-28T05:16:15.871+0000] {processor.py:175} INFO - Processing /home/airflow/.local/lib/python3.7/site-packages/airflow/example_dags/example_time_delta_sensor_async.py took 0.155 seconds
[2023-04-28T05:32:12.614+0000] {processor.py:153} INFO - Started process (PID=14924) to work on /home/airflow/.local/lib/python3.7/site-packages/airflow/example_dags/example_time_delta_sensor_async.py
[2023-04-28T05:32:12.615+0000] {processor.py:743} INFO - Processing file /home/airflow/.local/lib/python3.7/site-packages/airflow/example_dags/example_time_delta_sensor_async.py for tasks to queue
[2023-04-28T05:32:12.615+0000] {logging_mixin.py:137} INFO - [2023-04-28T05:32:12.615+0000] {dagbag.py:538} INFO - Filling up the DagBag from /home/airflow/.local/lib/python3.7/site-packages/airflow/example_dags/example_time_delta_sensor_async.py
[2023-04-28T05:32:12.625+0000] {processor.py:753} INFO - DAG(s) dict_keys(['example_time_delta_sensor_async']) retrieved from /home/airflow/.local/lib/python3.7/site-packages/airflow/example_dags/example_time_delta_sensor_async.py
[2023-04-28T05:32:12.645+0000] {logging_mixin.py:137} INFO - [2023-04-28T05:32:12.645+0000] {dag.py:2690} INFO - Sync 1 DAGs
[2023-04-28T05:32:12.661+0000] {logging_mixin.py:137} INFO - [2023-04-28T05:32:12.661+0000] {dag.py:3441} INFO - Setting next_dagrun for example_time_delta_sensor_async to None, run_after=None
[2023-04-28T05:32:12.674+0000] {processor.py:175} INFO - Processing /home/airflow/.local/lib/python3.7/site-packages/airflow/example_dags/example_time_delta_sensor_async.py took 0.063 seconds
[2023-04-28T05:32:42.796+0000] {processor.py:153} INFO - Started process (PID=15001) to work on /home/airflow/.local/lib/python3.7/site-packages/airflow/example_dags/example_time_delta_sensor_async.py
[2023-04-28T05:32:42.797+0000] {processor.py:743} INFO - Processing file /home/airflow/.local/lib/python3.7/site-packages/airflow/example_dags/example_time_delta_sensor_async.py for tasks to queue
[2023-04-28T05:32:42.798+0000] {logging_mixin.py:137} INFO - [2023-04-28T05:32:42.798+0000] {dagbag.py:538} INFO - Filling up the DagBag from /home/airflow/.local/lib/python3.7/site-packages/airflow/example_dags/example_time_delta_sensor_async.py
[2023-04-28T05:32:42.807+0000] {processor.py:753} INFO - DAG(s) dict_keys(['example_time_delta_sensor_async']) retrieved from /home/airflow/.local/lib/python3.7/site-packages/airflow/example_dags/example_time_delta_sensor_async.py
[2023-04-28T05:32:42.827+0000] {logging_mixin.py:137} INFO - [2023-04-28T05:32:42.827+0000] {dag.py:2690} INFO - Sync 1 DAGs
[2023-04-28T05:32:42.842+0000] {logging_mixin.py:137} INFO - [2023-04-28T05:32:42.842+0000] {dag.py:3441} INFO - Setting next_dagrun for example_time_delta_sensor_async to None, run_after=None
[2023-04-28T05:32:42.854+0000] {processor.py:175} INFO - Processing /home/airflow/.local/lib/python3.7/site-packages/airflow/example_dags/example_time_delta_sensor_async.py took 0.060 seconds
[2023-04-28T06:03:55.527+0000] {processor.py:153} INFO - Started process (PID=15068) to work on /home/airflow/.local/lib/python3.7/site-packages/airflow/example_dags/example_time_delta_sensor_async.py
[2023-04-28T06:03:55.529+0000] {processor.py:743} INFO - Processing file /home/airflow/.local/lib/python3.7/site-packages/airflow/example_dags/example_time_delta_sensor_async.py for tasks to queue
[2023-04-28T06:03:55.530+0000] {logging_mixin.py:137} INFO - [2023-04-28T06:03:55.529+0000] {dagbag.py:538} INFO - Filling up the DagBag from /home/airflow/.local/lib/python3.7/site-packages/airflow/example_dags/example_time_delta_sensor_async.py
[2023-04-28T06:03:55.539+0000] {processor.py:753} INFO - DAG(s) dict_keys(['example_time_delta_sensor_async']) retrieved from /home/airflow/.local/lib/python3.7/site-packages/airflow/example_dags/example_time_delta_sensor_async.py
[2023-04-28T06:03:55.560+0000] {logging_mixin.py:137} INFO - [2023-04-28T06:03:55.560+0000] {dag.py:2690} INFO - Sync 1 DAGs
[2023-04-28T06:03:55.575+0000] {logging_mixin.py:137} INFO - [2023-04-28T06:03:55.574+0000] {dag.py:3441} INFO - Setting next_dagrun for example_time_delta_sensor_async to None, run_after=None
[2023-04-28T06:03:55.586+0000] {processor.py:175} INFO - Processing /home/airflow/.local/lib/python3.7/site-packages/airflow/example_dags/example_time_delta_sensor_async.py took 0.062 seconds
[2023-04-28T06:04:41.045+0000] {processor.py:153} INFO - Started process (PID=15147) to work on /home/airflow/.local/lib/python3.7/site-packages/airflow/example_dags/example_time_delta_sensor_async.py
[2023-04-28T06:04:41.046+0000] {processor.py:743} INFO - Processing file /home/airflow/.local/lib/python3.7/site-packages/airflow/example_dags/example_time_delta_sensor_async.py for tasks to queue
[2023-04-28T06:04:41.047+0000] {logging_mixin.py:137} INFO - [2023-04-28T06:04:41.047+0000] {dagbag.py:538} INFO - Filling up the DagBag from /home/airflow/.local/lib/python3.7/site-packages/airflow/example_dags/example_time_delta_sensor_async.py
[2023-04-28T06:04:41.056+0000] {processor.py:753} INFO - DAG(s) dict_keys(['example_time_delta_sensor_async']) retrieved from /home/airflow/.local/lib/python3.7/site-packages/airflow/example_dags/example_time_delta_sensor_async.py
[2023-04-28T06:04:41.076+0000] {logging_mixin.py:137} INFO - [2023-04-28T06:04:41.075+0000] {dag.py:2690} INFO - Sync 1 DAGs
[2023-04-28T06:04:41.092+0000] {logging_mixin.py:137} INFO - [2023-04-28T06:04:41.092+0000] {dag.py:3441} INFO - Setting next_dagrun for example_time_delta_sensor_async to None, run_after=None
[2023-04-28T06:04:41.104+0000] {processor.py:175} INFO - Processing /home/airflow/.local/lib/python3.7/site-packages/airflow/example_dags/example_time_delta_sensor_async.py took 0.062 seconds
[2023-04-28T06:05:11.540+0000] {processor.py:153} INFO - Started process (PID=15225) to work on /home/airflow/.local/lib/python3.7/site-packages/airflow/example_dags/example_time_delta_sensor_async.py
[2023-04-28T06:05:11.541+0000] {processor.py:743} INFO - Processing file /home/airflow/.local/lib/python3.7/site-packages/airflow/example_dags/example_time_delta_sensor_async.py for tasks to queue
[2023-04-28T06:05:11.542+0000] {logging_mixin.py:137} INFO - [2023-04-28T06:05:11.542+0000] {dagbag.py:538} INFO - Filling up the DagBag from /home/airflow/.local/lib/python3.7/site-packages/airflow/example_dags/example_time_delta_sensor_async.py
[2023-04-28T06:05:11.552+0000] {processor.py:753} INFO - DAG(s) dict_keys(['example_time_delta_sensor_async']) retrieved from /home/airflow/.local/lib/python3.7/site-packages/airflow/example_dags/example_time_delta_sensor_async.py
[2023-04-28T06:05:11.572+0000] {logging_mixin.py:137} INFO - [2023-04-28T06:05:11.572+0000] {dag.py:2690} INFO - Sync 1 DAGs
[2023-04-28T06:05:11.587+0000] {logging_mixin.py:137} INFO - [2023-04-28T06:05:11.587+0000] {dag.py:3441} INFO - Setting next_dagrun for example_time_delta_sensor_async to None, run_after=None
[2023-04-28T06:05:11.599+0000] {processor.py:175} INFO - Processing /home/airflow/.local/lib/python3.7/site-packages/airflow/example_dags/example_time_delta_sensor_async.py took 0.062 seconds
[2023-04-28T06:05:42.115+0000] {processor.py:153} INFO - Started process (PID=15291) to work on /home/airflow/.local/lib/python3.7/site-packages/airflow/example_dags/example_time_delta_sensor_async.py
[2023-04-28T06:05:42.116+0000] {processor.py:743} INFO - Processing file /home/airflow/.local/lib/python3.7/site-packages/airflow/example_dags/example_time_delta_sensor_async.py for tasks to queue
[2023-04-28T06:05:42.117+0000] {logging_mixin.py:137} INFO - [2023-04-28T06:05:42.117+0000] {dagbag.py:538} INFO - Filling up the DagBag from /home/airflow/.local/lib/python3.7/site-packages/airflow/example_dags/example_time_delta_sensor_async.py
[2023-04-28T06:05:42.126+0000] {processor.py:753} INFO - DAG(s) dict_keys(['example_time_delta_sensor_async']) retrieved from /home/airflow/.local/lib/python3.7/site-packages/airflow/example_dags/example_time_delta_sensor_async.py
[2023-04-28T06:05:42.146+0000] {logging_mixin.py:137} INFO - [2023-04-28T06:05:42.146+0000] {dag.py:2690} INFO - Sync 1 DAGs
[2023-04-28T06:05:42.161+0000] {logging_mixin.py:137} INFO - [2023-04-28T06:05:42.161+0000] {dag.py:3441} INFO - Setting next_dagrun for example_time_delta_sensor_async to None, run_after=None
[2023-04-28T06:05:42.172+0000] {processor.py:175} INFO - Processing /home/airflow/.local/lib/python3.7/site-packages/airflow/example_dags/example_time_delta_sensor_async.py took 0.060 seconds
[2023-04-28T06:06:12.402+0000] {processor.py:153} INFO - Started process (PID=15371) to work on /home/airflow/.local/lib/python3.7/site-packages/airflow/example_dags/example_time_delta_sensor_async.py
[2023-04-28T06:06:12.403+0000] {processor.py:743} INFO - Processing file /home/airflow/.local/lib/python3.7/site-packages/airflow/example_dags/example_time_delta_sensor_async.py for tasks to queue
[2023-04-28T06:06:12.404+0000] {logging_mixin.py:137} INFO - [2023-04-28T06:06:12.403+0000] {dagbag.py:538} INFO - Filling up the DagBag from /home/airflow/.local/lib/python3.7/site-packages/airflow/example_dags/example_time_delta_sensor_async.py
[2023-04-28T06:06:12.413+0000] {processor.py:753} INFO - DAG(s) dict_keys(['example_time_delta_sensor_async']) retrieved from /home/airflow/.local/lib/python3.7/site-packages/airflow/example_dags/example_time_delta_sensor_async.py
[2023-04-28T06:06:12.433+0000] {logging_mixin.py:137} INFO - [2023-04-28T06:06:12.433+0000] {dag.py:2690} INFO - Sync 1 DAGs
[2023-04-28T06:06:12.450+0000] {logging_mixin.py:137} INFO - [2023-04-28T06:06:12.450+0000] {dag.py:3441} INFO - Setting next_dagrun for example_time_delta_sensor_async to None, run_after=None
[2023-04-28T06:06:12.461+0000] {processor.py:175} INFO - Processing /home/airflow/.local/lib/python3.7/site-packages/airflow/example_dags/example_time_delta_sensor_async.py took 0.062 seconds
[2023-04-28T06:06:42.982+0000] {processor.py:153} INFO - Started process (PID=15448) to work on /home/airflow/.local/lib/python3.7/site-packages/airflow/example_dags/example_time_delta_sensor_async.py
[2023-04-28T06:06:42.983+0000] {processor.py:743} INFO - Processing file /home/airflow/.local/lib/python3.7/site-packages/airflow/example_dags/example_time_delta_sensor_async.py for tasks to queue
[2023-04-28T06:06:42.984+0000] {logging_mixin.py:137} INFO - [2023-04-28T06:06:42.984+0000] {dagbag.py:538} INFO - Filling up the DagBag from /home/airflow/.local/lib/python3.7/site-packages/airflow/example_dags/example_time_delta_sensor_async.py
[2023-04-28T06:06:42.996+0000] {processor.py:753} INFO - DAG(s) dict_keys(['example_time_delta_sensor_async']) retrieved from /home/airflow/.local/lib/python3.7/site-packages/airflow/example_dags/example_time_delta_sensor_async.py
[2023-04-28T06:06:43.045+0000] {logging_mixin.py:137} INFO - [2023-04-28T06:06:43.045+0000] {dag.py:2690} INFO - Sync 1 DAGs
[2023-04-28T06:06:43.079+0000] {logging_mixin.py:137} INFO - [2023-04-28T06:06:43.079+0000] {dag.py:3441} INFO - Setting next_dagrun for example_time_delta_sensor_async to None, run_after=None
[2023-04-28T06:06:43.098+0000] {processor.py:175} INFO - Processing /home/airflow/.local/lib/python3.7/site-packages/airflow/example_dags/example_time_delta_sensor_async.py took 0.120 seconds
[2023-04-28T06:07:13.475+0000] {processor.py:153} INFO - Started process (PID=15515) to work on /home/airflow/.local/lib/python3.7/site-packages/airflow/example_dags/example_time_delta_sensor_async.py
[2023-04-28T06:07:13.477+0000] {processor.py:743} INFO - Processing file /home/airflow/.local/lib/python3.7/site-packages/airflow/example_dags/example_time_delta_sensor_async.py for tasks to queue
[2023-04-28T06:07:13.478+0000] {logging_mixin.py:137} INFO - [2023-04-28T06:07:13.477+0000] {dagbag.py:538} INFO - Filling up the DagBag from /home/airflow/.local/lib/python3.7/site-packages/airflow/example_dags/example_time_delta_sensor_async.py
[2023-04-28T06:07:13.487+0000] {processor.py:753} INFO - DAG(s) dict_keys(['example_time_delta_sensor_async']) retrieved from /home/airflow/.local/lib/python3.7/site-packages/airflow/example_dags/example_time_delta_sensor_async.py
[2023-04-28T06:07:13.508+0000] {logging_mixin.py:137} INFO - [2023-04-28T06:07:13.508+0000] {dag.py:2690} INFO - Sync 1 DAGs
[2023-04-28T06:07:13.524+0000] {logging_mixin.py:137} INFO - [2023-04-28T06:07:13.524+0000] {dag.py:3441} INFO - Setting next_dagrun for example_time_delta_sensor_async to None, run_after=None
[2023-04-28T06:07:13.535+0000] {processor.py:175} INFO - Processing /home/airflow/.local/lib/python3.7/site-packages/airflow/example_dags/example_time_delta_sensor_async.py took 0.063 seconds
[2023-04-28T06:07:43.907+0000] {processor.py:153} INFO - Started process (PID=15593) to work on /home/airflow/.local/lib/python3.7/site-packages/airflow/example_dags/example_time_delta_sensor_async.py
[2023-04-28T06:07:43.908+0000] {processor.py:743} INFO - Processing file /home/airflow/.local/lib/python3.7/site-packages/airflow/example_dags/example_time_delta_sensor_async.py for tasks to queue
[2023-04-28T06:07:43.909+0000] {logging_mixin.py:137} INFO - [2023-04-28T06:07:43.909+0000] {dagbag.py:538} INFO - Filling up the DagBag from /home/airflow/.local/lib/python3.7/site-packages/airflow/example_dags/example_time_delta_sensor_async.py
[2023-04-28T06:07:43.918+0000] {processor.py:753} INFO - DAG(s) dict_keys(['example_time_delta_sensor_async']) retrieved from /home/airflow/.local/lib/python3.7/site-packages/airflow/example_dags/example_time_delta_sensor_async.py
[2023-04-28T06:07:43.938+0000] {logging_mixin.py:137} INFO - [2023-04-28T06:07:43.938+0000] {dag.py:2690} INFO - Sync 1 DAGs
[2023-04-28T06:07:43.954+0000] {logging_mixin.py:137} INFO - [2023-04-28T06:07:43.953+0000] {dag.py:3441} INFO - Setting next_dagrun for example_time_delta_sensor_async to None, run_after=None
[2023-04-28T06:07:43.966+0000] {processor.py:175} INFO - Processing /home/airflow/.local/lib/python3.7/site-packages/airflow/example_dags/example_time_delta_sensor_async.py took 0.061 seconds
[2023-04-28T06:08:14.382+0000] {processor.py:153} INFO - Started process (PID=15671) to work on /home/airflow/.local/lib/python3.7/site-packages/airflow/example_dags/example_time_delta_sensor_async.py
[2023-04-28T06:08:14.383+0000] {processor.py:743} INFO - Processing file /home/airflow/.local/lib/python3.7/site-packages/airflow/example_dags/example_time_delta_sensor_async.py for tasks to queue
[2023-04-28T06:08:14.384+0000] {logging_mixin.py:137} INFO - [2023-04-28T06:08:14.384+0000] {dagbag.py:538} INFO - Filling up the DagBag from /home/airflow/.local/lib/python3.7/site-packages/airflow/example_dags/example_time_delta_sensor_async.py
[2023-04-28T06:08:14.394+0000] {processor.py:753} INFO - DAG(s) dict_keys(['example_time_delta_sensor_async']) retrieved from /home/airflow/.local/lib/python3.7/site-packages/airflow/example_dags/example_time_delta_sensor_async.py
[2023-04-28T06:08:14.415+0000] {logging_mixin.py:137} INFO - [2023-04-28T06:08:14.415+0000] {dag.py:2690} INFO - Sync 1 DAGs
[2023-04-28T06:08:14.431+0000] {logging_mixin.py:137} INFO - [2023-04-28T06:08:14.431+0000] {dag.py:3441} INFO - Setting next_dagrun for example_time_delta_sensor_async to None, run_after=None
[2023-04-28T06:08:14.449+0000] {processor.py:175} INFO - Processing /home/airflow/.local/lib/python3.7/site-packages/airflow/example_dags/example_time_delta_sensor_async.py took 0.070 seconds
[2023-04-28T06:08:44.936+0000] {processor.py:153} INFO - Started process (PID=15737) to work on /home/airflow/.local/lib/python3.7/site-packages/airflow/example_dags/example_time_delta_sensor_async.py
[2023-04-28T06:08:44.943+0000] {processor.py:743} INFO - Processing file /home/airflow/.local/lib/python3.7/site-packages/airflow/example_dags/example_time_delta_sensor_async.py for tasks to queue
[2023-04-28T06:08:44.946+0000] {logging_mixin.py:137} INFO - [2023-04-28T06:08:44.946+0000] {dagbag.py:538} INFO - Filling up the DagBag from /home/airflow/.local/lib/python3.7/site-packages/airflow/example_dags/example_time_delta_sensor_async.py
[2023-04-28T06:08:44.958+0000] {processor.py:753} INFO - DAG(s) dict_keys(['example_time_delta_sensor_async']) retrieved from /home/airflow/.local/lib/python3.7/site-packages/airflow/example_dags/example_time_delta_sensor_async.py
[2023-04-28T06:08:44.997+0000] {logging_mixin.py:137} INFO - [2023-04-28T06:08:44.996+0000] {dag.py:2690} INFO - Sync 1 DAGs
[2023-04-28T06:08:45.015+0000] {logging_mixin.py:137} INFO - [2023-04-28T06:08:45.015+0000] {dag.py:3441} INFO - Setting next_dagrun for example_time_delta_sensor_async to None, run_after=None
[2023-04-28T06:08:45.027+0000] {processor.py:175} INFO - Processing /home/airflow/.local/lib/python3.7/site-packages/airflow/example_dags/example_time_delta_sensor_async.py took 0.095 seconds
[2023-04-28T06:09:15.428+0000] {processor.py:153} INFO - Started process (PID=15815) to work on /home/airflow/.local/lib/python3.7/site-packages/airflow/example_dags/example_time_delta_sensor_async.py
[2023-04-28T06:09:15.429+0000] {processor.py:743} INFO - Processing file /home/airflow/.local/lib/python3.7/site-packages/airflow/example_dags/example_time_delta_sensor_async.py for tasks to queue
[2023-04-28T06:09:15.430+0000] {logging_mixin.py:137} INFO - [2023-04-28T06:09:15.430+0000] {dagbag.py:538} INFO - Filling up the DagBag from /home/airflow/.local/lib/python3.7/site-packages/airflow/example_dags/example_time_delta_sensor_async.py
[2023-04-28T06:09:15.440+0000] {processor.py:753} INFO - DAG(s) dict_keys(['example_time_delta_sensor_async']) retrieved from /home/airflow/.local/lib/python3.7/site-packages/airflow/example_dags/example_time_delta_sensor_async.py
[2023-04-28T06:09:15.462+0000] {logging_mixin.py:137} INFO - [2023-04-28T06:09:15.462+0000] {dag.py:2690} INFO - Sync 1 DAGs
[2023-04-28T06:09:15.478+0000] {logging_mixin.py:137} INFO - [2023-04-28T06:09:15.478+0000] {dag.py:3441} INFO - Setting next_dagrun for example_time_delta_sensor_async to None, run_after=None
[2023-04-28T06:09:15.490+0000] {processor.py:175} INFO - Processing /home/airflow/.local/lib/python3.7/site-packages/airflow/example_dags/example_time_delta_sensor_async.py took 0.065 seconds
[2023-04-28T06:09:46.351+0000] {processor.py:153} INFO - Started process (PID=15894) to work on /home/airflow/.local/lib/python3.7/site-packages/airflow/example_dags/example_time_delta_sensor_async.py
[2023-04-28T06:09:46.353+0000] {processor.py:743} INFO - Processing file /home/airflow/.local/lib/python3.7/site-packages/airflow/example_dags/example_time_delta_sensor_async.py for tasks to queue
[2023-04-28T06:09:46.354+0000] {logging_mixin.py:137} INFO - [2023-04-28T06:09:46.354+0000] {dagbag.py:538} INFO - Filling up the DagBag from /home/airflow/.local/lib/python3.7/site-packages/airflow/example_dags/example_time_delta_sensor_async.py
[2023-04-28T06:09:46.365+0000] {processor.py:753} INFO - DAG(s) dict_keys(['example_time_delta_sensor_async']) retrieved from /home/airflow/.local/lib/python3.7/site-packages/airflow/example_dags/example_time_delta_sensor_async.py
[2023-04-28T06:09:46.395+0000] {logging_mixin.py:137} INFO - [2023-04-28T06:09:46.395+0000] {dag.py:2690} INFO - Sync 1 DAGs
[2023-04-28T06:09:46.415+0000] {logging_mixin.py:137} INFO - [2023-04-28T06:09:46.415+0000] {dag.py:3441} INFO - Setting next_dagrun for example_time_delta_sensor_async to None, run_after=None
[2023-04-28T06:09:46.428+0000] {processor.py:175} INFO - Processing /home/airflow/.local/lib/python3.7/site-packages/airflow/example_dags/example_time_delta_sensor_async.py took 0.080 seconds
[2023-04-28T06:10:16.680+0000] {processor.py:153} INFO - Started process (PID=15959) to work on /home/airflow/.local/lib/python3.7/site-packages/airflow/example_dags/example_time_delta_sensor_async.py
[2023-04-28T06:10:16.682+0000] {processor.py:743} INFO - Processing file /home/airflow/.local/lib/python3.7/site-packages/airflow/example_dags/example_time_delta_sensor_async.py for tasks to queue
[2023-04-28T06:10:16.682+0000] {logging_mixin.py:137} INFO - [2023-04-28T06:10:16.682+0000] {dagbag.py:538} INFO - Filling up the DagBag from /home/airflow/.local/lib/python3.7/site-packages/airflow/example_dags/example_time_delta_sensor_async.py
[2023-04-28T06:10:16.692+0000] {processor.py:753} INFO - DAG(s) dict_keys(['example_time_delta_sensor_async']) retrieved from /home/airflow/.local/lib/python3.7/site-packages/airflow/example_dags/example_time_delta_sensor_async.py
[2023-04-28T06:10:16.712+0000] {logging_mixin.py:137} INFO - [2023-04-28T06:10:16.712+0000] {dag.py:2690} INFO - Sync 1 DAGs
[2023-04-28T06:10:16.728+0000] {logging_mixin.py:137} INFO - [2023-04-28T06:10:16.728+0000] {dag.py:3441} INFO - Setting next_dagrun for example_time_delta_sensor_async to None, run_after=None
[2023-04-28T06:10:16.740+0000] {processor.py:175} INFO - Processing /home/airflow/.local/lib/python3.7/site-packages/airflow/example_dags/example_time_delta_sensor_async.py took 0.062 seconds
[2023-04-28T06:10:47.060+0000] {processor.py:153} INFO - Started process (PID=16037) to work on /home/airflow/.local/lib/python3.7/site-packages/airflow/example_dags/example_time_delta_sensor_async.py
[2023-04-28T06:10:47.061+0000] {processor.py:743} INFO - Processing file /home/airflow/.local/lib/python3.7/site-packages/airflow/example_dags/example_time_delta_sensor_async.py for tasks to queue
[2023-04-28T06:10:47.062+0000] {logging_mixin.py:137} INFO - [2023-04-28T06:10:47.062+0000] {dagbag.py:538} INFO - Filling up the DagBag from /home/airflow/.local/lib/python3.7/site-packages/airflow/example_dags/example_time_delta_sensor_async.py
[2023-04-28T06:10:47.071+0000] {processor.py:753} INFO - DAG(s) dict_keys(['example_time_delta_sensor_async']) retrieved from /home/airflow/.local/lib/python3.7/site-packages/airflow/example_dags/example_time_delta_sensor_async.py
[2023-04-28T06:10:47.092+0000] {logging_mixin.py:137} INFO - [2023-04-28T06:10:47.092+0000] {dag.py:2690} INFO - Sync 1 DAGs
[2023-04-28T06:10:47.109+0000] {logging_mixin.py:137} INFO - [2023-04-28T06:10:47.109+0000] {dag.py:3441} INFO - Setting next_dagrun for example_time_delta_sensor_async to None, run_after=None
[2023-04-28T06:10:47.120+0000] {processor.py:175} INFO - Processing /home/airflow/.local/lib/python3.7/site-packages/airflow/example_dags/example_time_delta_sensor_async.py took 0.063 seconds
[2023-04-28T06:11:17.692+0000] {processor.py:153} INFO - Started process (PID=16115) to work on /home/airflow/.local/lib/python3.7/site-packages/airflow/example_dags/example_time_delta_sensor_async.py
[2023-04-28T06:11:17.693+0000] {processor.py:743} INFO - Processing file /home/airflow/.local/lib/python3.7/site-packages/airflow/example_dags/example_time_delta_sensor_async.py for tasks to queue
[2023-04-28T06:11:17.694+0000] {logging_mixin.py:137} INFO - [2023-04-28T06:11:17.694+0000] {dagbag.py:538} INFO - Filling up the DagBag from /home/airflow/.local/lib/python3.7/site-packages/airflow/example_dags/example_time_delta_sensor_async.py
[2023-04-28T06:11:17.705+0000] {processor.py:753} INFO - DAG(s) dict_keys(['example_time_delta_sensor_async']) retrieved from /home/airflow/.local/lib/python3.7/site-packages/airflow/example_dags/example_time_delta_sensor_async.py
[2023-04-28T06:11:17.726+0000] {logging_mixin.py:137} INFO - [2023-04-28T06:11:17.726+0000] {dag.py:2690} INFO - Sync 1 DAGs
[2023-04-28T06:11:17.743+0000] {logging_mixin.py:137} INFO - [2023-04-28T06:11:17.743+0000] {dag.py:3441} INFO - Setting next_dagrun for example_time_delta_sensor_async to None, run_after=None
[2023-04-28T06:11:17.756+0000] {processor.py:175} INFO - Processing /home/airflow/.local/lib/python3.7/site-packages/airflow/example_dags/example_time_delta_sensor_async.py took 0.067 seconds
[2023-04-28T06:11:48.002+0000] {processor.py:153} INFO - Started process (PID=16181) to work on /home/airflow/.local/lib/python3.7/site-packages/airflow/example_dags/example_time_delta_sensor_async.py
[2023-04-28T06:11:48.004+0000] {processor.py:743} INFO - Processing file /home/airflow/.local/lib/python3.7/site-packages/airflow/example_dags/example_time_delta_sensor_async.py for tasks to queue
[2023-04-28T06:11:48.004+0000] {logging_mixin.py:137} INFO - [2023-04-28T06:11:48.004+0000] {dagbag.py:538} INFO - Filling up the DagBag from /home/airflow/.local/lib/python3.7/site-packages/airflow/example_dags/example_time_delta_sensor_async.py
[2023-04-28T06:11:48.014+0000] {processor.py:753} INFO - DAG(s) dict_keys(['example_time_delta_sensor_async']) retrieved from /home/airflow/.local/lib/python3.7/site-packages/airflow/example_dags/example_time_delta_sensor_async.py
[2023-04-28T06:11:48.035+0000] {logging_mixin.py:137} INFO - [2023-04-28T06:11:48.035+0000] {dag.py:2690} INFO - Sync 1 DAGs
[2023-04-28T06:11:48.051+0000] {logging_mixin.py:137} INFO - [2023-04-28T06:11:48.051+0000] {dag.py:3441} INFO - Setting next_dagrun for example_time_delta_sensor_async to None, run_after=None
[2023-04-28T06:11:48.063+0000] {processor.py:175} INFO - Processing /home/airflow/.local/lib/python3.7/site-packages/airflow/example_dags/example_time_delta_sensor_async.py took 0.063 seconds
[2023-04-28T06:12:18.736+0000] {processor.py:153} INFO - Started process (PID=16259) to work on /home/airflow/.local/lib/python3.7/site-packages/airflow/example_dags/example_time_delta_sensor_async.py
[2023-04-28T06:12:18.738+0000] {processor.py:743} INFO - Processing file /home/airflow/.local/lib/python3.7/site-packages/airflow/example_dags/example_time_delta_sensor_async.py for tasks to queue
[2023-04-28T06:12:18.739+0000] {logging_mixin.py:137} INFO - [2023-04-28T06:12:18.738+0000] {dagbag.py:538} INFO - Filling up the DagBag from /home/airflow/.local/lib/python3.7/site-packages/airflow/example_dags/example_time_delta_sensor_async.py
[2023-04-28T06:12:18.748+0000] {processor.py:753} INFO - DAG(s) dict_keys(['example_time_delta_sensor_async']) retrieved from /home/airflow/.local/lib/python3.7/site-packages/airflow/example_dags/example_time_delta_sensor_async.py
[2023-04-28T06:12:18.768+0000] {logging_mixin.py:137} INFO - [2023-04-28T06:12:18.768+0000] {dag.py:2690} INFO - Sync 1 DAGs
[2023-04-28T06:12:18.785+0000] {logging_mixin.py:137} INFO - [2023-04-28T06:12:18.785+0000] {dag.py:3441} INFO - Setting next_dagrun for example_time_delta_sensor_async to None, run_after=None
[2023-04-28T06:12:18.797+0000] {processor.py:175} INFO - Processing /home/airflow/.local/lib/python3.7/site-packages/airflow/example_dags/example_time_delta_sensor_async.py took 0.063 seconds
[2023-04-28T06:12:49.411+0000] {processor.py:153} INFO - Started process (PID=16336) to work on /home/airflow/.local/lib/python3.7/site-packages/airflow/example_dags/example_time_delta_sensor_async.py
[2023-04-28T06:12:49.412+0000] {processor.py:743} INFO - Processing file /home/airflow/.local/lib/python3.7/site-packages/airflow/example_dags/example_time_delta_sensor_async.py for tasks to queue
[2023-04-28T06:12:49.413+0000] {logging_mixin.py:137} INFO - [2023-04-28T06:12:49.413+0000] {dagbag.py:538} INFO - Filling up the DagBag from /home/airflow/.local/lib/python3.7/site-packages/airflow/example_dags/example_time_delta_sensor_async.py
[2023-04-28T06:12:49.423+0000] {processor.py:753} INFO - DAG(s) dict_keys(['example_time_delta_sensor_async']) retrieved from /home/airflow/.local/lib/python3.7/site-packages/airflow/example_dags/example_time_delta_sensor_async.py
[2023-04-28T06:12:49.443+0000] {logging_mixin.py:137} INFO - [2023-04-28T06:12:49.443+0000] {dag.py:2690} INFO - Sync 1 DAGs
[2023-04-28T06:12:49.459+0000] {logging_mixin.py:137} INFO - [2023-04-28T06:12:49.459+0000] {dag.py:3441} INFO - Setting next_dagrun for example_time_delta_sensor_async to None, run_after=None
[2023-04-28T06:12:49.471+0000] {processor.py:175} INFO - Processing /home/airflow/.local/lib/python3.7/site-packages/airflow/example_dags/example_time_delta_sensor_async.py took 0.063 seconds
[2023-04-28T06:13:19.896+0000] {processor.py:153} INFO - Started process (PID=16403) to work on /home/airflow/.local/lib/python3.7/site-packages/airflow/example_dags/example_time_delta_sensor_async.py
[2023-04-28T06:13:19.898+0000] {processor.py:743} INFO - Processing file /home/airflow/.local/lib/python3.7/site-packages/airflow/example_dags/example_time_delta_sensor_async.py for tasks to queue
[2023-04-28T06:13:19.899+0000] {logging_mixin.py:137} INFO - [2023-04-28T06:13:19.899+0000] {dagbag.py:538} INFO - Filling up the DagBag from /home/airflow/.local/lib/python3.7/site-packages/airflow/example_dags/example_time_delta_sensor_async.py
[2023-04-28T06:13:19.912+0000] {processor.py:753} INFO - DAG(s) dict_keys(['example_time_delta_sensor_async']) retrieved from /home/airflow/.local/lib/python3.7/site-packages/airflow/example_dags/example_time_delta_sensor_async.py
[2023-04-28T06:13:19.943+0000] {logging_mixin.py:137} INFO - [2023-04-28T06:13:19.942+0000] {dag.py:2690} INFO - Sync 1 DAGs
[2023-04-28T06:13:19.966+0000] {logging_mixin.py:137} INFO - [2023-04-28T06:13:19.966+0000] {dag.py:3441} INFO - Setting next_dagrun for example_time_delta_sensor_async to None, run_after=None
[2023-04-28T06:13:19.986+0000] {processor.py:175} INFO - Processing /home/airflow/.local/lib/python3.7/site-packages/airflow/example_dags/example_time_delta_sensor_async.py took 0.096 seconds
[2023-04-28T06:13:50.223+0000] {processor.py:153} INFO - Started process (PID=16481) to work on /home/airflow/.local/lib/python3.7/site-packages/airflow/example_dags/example_time_delta_sensor_async.py
[2023-04-28T06:13:50.224+0000] {processor.py:743} INFO - Processing file /home/airflow/.local/lib/python3.7/site-packages/airflow/example_dags/example_time_delta_sensor_async.py for tasks to queue
[2023-04-28T06:13:50.225+0000] {logging_mixin.py:137} INFO - [2023-04-28T06:13:50.225+0000] {dagbag.py:538} INFO - Filling up the DagBag from /home/airflow/.local/lib/python3.7/site-packages/airflow/example_dags/example_time_delta_sensor_async.py
[2023-04-28T06:13:50.235+0000] {processor.py:753} INFO - DAG(s) dict_keys(['example_time_delta_sensor_async']) retrieved from /home/airflow/.local/lib/python3.7/site-packages/airflow/example_dags/example_time_delta_sensor_async.py
[2023-04-28T06:13:50.256+0000] {logging_mixin.py:137} INFO - [2023-04-28T06:13:50.256+0000] {dag.py:2690} INFO - Sync 1 DAGs
[2023-04-28T06:13:50.272+0000] {logging_mixin.py:137} INFO - [2023-04-28T06:13:50.272+0000] {dag.py:3441} INFO - Setting next_dagrun for example_time_delta_sensor_async to None, run_after=None
[2023-04-28T06:13:50.284+0000] {processor.py:175} INFO - Processing /home/airflow/.local/lib/python3.7/site-packages/airflow/example_dags/example_time_delta_sensor_async.py took 0.063 seconds
[2023-04-28T06:14:20.661+0000] {processor.py:153} INFO - Started process (PID=16559) to work on /home/airflow/.local/lib/python3.7/site-packages/airflow/example_dags/example_time_delta_sensor_async.py
[2023-04-28T06:14:20.662+0000] {processor.py:743} INFO - Processing file /home/airflow/.local/lib/python3.7/site-packages/airflow/example_dags/example_time_delta_sensor_async.py for tasks to queue
[2023-04-28T06:14:20.663+0000] {logging_mixin.py:137} INFO - [2023-04-28T06:14:20.663+0000] {dagbag.py:538} INFO - Filling up the DagBag from /home/airflow/.local/lib/python3.7/site-packages/airflow/example_dags/example_time_delta_sensor_async.py
[2023-04-28T06:14:20.672+0000] {processor.py:753} INFO - DAG(s) dict_keys(['example_time_delta_sensor_async']) retrieved from /home/airflow/.local/lib/python3.7/site-packages/airflow/example_dags/example_time_delta_sensor_async.py
[2023-04-28T06:14:20.693+0000] {logging_mixin.py:137} INFO - [2023-04-28T06:14:20.693+0000] {dag.py:2690} INFO - Sync 1 DAGs
[2023-04-28T06:14:20.708+0000] {logging_mixin.py:137} INFO - [2023-04-28T06:14:20.708+0000] {dag.py:3441} INFO - Setting next_dagrun for example_time_delta_sensor_async to None, run_after=None
[2023-04-28T06:14:20.721+0000] {processor.py:175} INFO - Processing /home/airflow/.local/lib/python3.7/site-packages/airflow/example_dags/example_time_delta_sensor_async.py took 0.062 seconds
[2023-04-28T06:14:51.000+0000] {processor.py:153} INFO - Started process (PID=16624) to work on /home/airflow/.local/lib/python3.7/site-packages/airflow/example_dags/example_time_delta_sensor_async.py
[2023-04-28T06:14:51.001+0000] {processor.py:743} INFO - Processing file /home/airflow/.local/lib/python3.7/site-packages/airflow/example_dags/example_time_delta_sensor_async.py for tasks to queue
[2023-04-28T06:14:51.002+0000] {logging_mixin.py:137} INFO - [2023-04-28T06:14:51.002+0000] {dagbag.py:538} INFO - Filling up the DagBag from /home/airflow/.local/lib/python3.7/site-packages/airflow/example_dags/example_time_delta_sensor_async.py
[2023-04-28T06:14:51.012+0000] {processor.py:753} INFO - DAG(s) dict_keys(['example_time_delta_sensor_async']) retrieved from /home/airflow/.local/lib/python3.7/site-packages/airflow/example_dags/example_time_delta_sensor_async.py
[2023-04-28T06:14:51.033+0000] {logging_mixin.py:137} INFO - [2023-04-28T06:14:51.033+0000] {dag.py:2690} INFO - Sync 1 DAGs
[2023-04-28T06:14:51.048+0000] {logging_mixin.py:137} INFO - [2023-04-28T06:14:51.048+0000] {dag.py:3441} INFO - Setting next_dagrun for example_time_delta_sensor_async to None, run_after=None
[2023-04-28T06:14:51.061+0000] {processor.py:175} INFO - Processing /home/airflow/.local/lib/python3.7/site-packages/airflow/example_dags/example_time_delta_sensor_async.py took 0.064 seconds
[2023-04-28T06:15:21.560+0000] {processor.py:153} INFO - Started process (PID=16702) to work on /home/airflow/.local/lib/python3.7/site-packages/airflow/example_dags/example_time_delta_sensor_async.py
[2023-04-28T06:15:21.561+0000] {processor.py:743} INFO - Processing file /home/airflow/.local/lib/python3.7/site-packages/airflow/example_dags/example_time_delta_sensor_async.py for tasks to queue
[2023-04-28T06:15:21.561+0000] {logging_mixin.py:137} INFO - [2023-04-28T06:15:21.561+0000] {dagbag.py:538} INFO - Filling up the DagBag from /home/airflow/.local/lib/python3.7/site-packages/airflow/example_dags/example_time_delta_sensor_async.py
[2023-04-28T06:15:21.571+0000] {processor.py:753} INFO - DAG(s) dict_keys(['example_time_delta_sensor_async']) retrieved from /home/airflow/.local/lib/python3.7/site-packages/airflow/example_dags/example_time_delta_sensor_async.py
[2023-04-28T06:15:21.595+0000] {logging_mixin.py:137} INFO - [2023-04-28T06:15:21.595+0000] {dag.py:2690} INFO - Sync 1 DAGs
[2023-04-28T06:15:21.612+0000] {logging_mixin.py:137} INFO - [2023-04-28T06:15:21.612+0000] {dag.py:3441} INFO - Setting next_dagrun for example_time_delta_sensor_async to None, run_after=None
[2023-04-28T06:15:21.623+0000] {processor.py:175} INFO - Processing /home/airflow/.local/lib/python3.7/site-packages/airflow/example_dags/example_time_delta_sensor_async.py took 0.067 seconds
[2023-04-28T06:15:51.938+0000] {processor.py:153} INFO - Started process (PID=16779) to work on /home/airflow/.local/lib/python3.7/site-packages/airflow/example_dags/example_time_delta_sensor_async.py
[2023-04-28T06:15:51.939+0000] {processor.py:743} INFO - Processing file /home/airflow/.local/lib/python3.7/site-packages/airflow/example_dags/example_time_delta_sensor_async.py for tasks to queue
[2023-04-28T06:15:51.940+0000] {logging_mixin.py:137} INFO - [2023-04-28T06:15:51.940+0000] {dagbag.py:538} INFO - Filling up the DagBag from /home/airflow/.local/lib/python3.7/site-packages/airflow/example_dags/example_time_delta_sensor_async.py
[2023-04-28T06:15:51.949+0000] {processor.py:753} INFO - DAG(s) dict_keys(['example_time_delta_sensor_async']) retrieved from /home/airflow/.local/lib/python3.7/site-packages/airflow/example_dags/example_time_delta_sensor_async.py
[2023-04-28T06:15:51.970+0000] {logging_mixin.py:137} INFO - [2023-04-28T06:15:51.970+0000] {dag.py:2690} INFO - Sync 1 DAGs
[2023-04-28T06:15:51.985+0000] {logging_mixin.py:137} INFO - [2023-04-28T06:15:51.985+0000] {dag.py:3441} INFO - Setting next_dagrun for example_time_delta_sensor_async to None, run_after=None
[2023-04-28T06:15:51.997+0000] {processor.py:175} INFO - Processing /home/airflow/.local/lib/python3.7/site-packages/airflow/example_dags/example_time_delta_sensor_async.py took 0.062 seconds
[2023-04-28T06:16:22.193+0000] {processor.py:153} INFO - Started process (PID=16844) to work on /home/airflow/.local/lib/python3.7/site-packages/airflow/example_dags/example_time_delta_sensor_async.py
[2023-04-28T06:16:22.196+0000] {processor.py:743} INFO - Processing file /home/airflow/.local/lib/python3.7/site-packages/airflow/example_dags/example_time_delta_sensor_async.py for tasks to queue
[2023-04-28T06:16:22.197+0000] {logging_mixin.py:137} INFO - [2023-04-28T06:16:22.197+0000] {dagbag.py:538} INFO - Filling up the DagBag from /home/airflow/.local/lib/python3.7/site-packages/airflow/example_dags/example_time_delta_sensor_async.py
[2023-04-28T06:16:22.206+0000] {processor.py:753} INFO - DAG(s) dict_keys(['example_time_delta_sensor_async']) retrieved from /home/airflow/.local/lib/python3.7/site-packages/airflow/example_dags/example_time_delta_sensor_async.py
[2023-04-28T06:16:22.227+0000] {logging_mixin.py:137} INFO - [2023-04-28T06:16:22.226+0000] {dag.py:2690} INFO - Sync 1 DAGs
[2023-04-28T06:16:22.242+0000] {logging_mixin.py:137} INFO - [2023-04-28T06:16:22.242+0000] {dag.py:3441} INFO - Setting next_dagrun for example_time_delta_sensor_async to None, run_after=None
[2023-04-28T06:16:22.255+0000] {processor.py:175} INFO - Processing /home/airflow/.local/lib/python3.7/site-packages/airflow/example_dags/example_time_delta_sensor_async.py took 0.065 seconds
[2023-04-28T06:16:52.662+0000] {processor.py:153} INFO - Started process (PID=16922) to work on /home/airflow/.local/lib/python3.7/site-packages/airflow/example_dags/example_time_delta_sensor_async.py
[2023-04-28T06:16:52.663+0000] {processor.py:743} INFO - Processing file /home/airflow/.local/lib/python3.7/site-packages/airflow/example_dags/example_time_delta_sensor_async.py for tasks to queue
[2023-04-28T06:16:52.665+0000] {logging_mixin.py:137} INFO - [2023-04-28T06:16:52.664+0000] {dagbag.py:538} INFO - Filling up the DagBag from /home/airflow/.local/lib/python3.7/site-packages/airflow/example_dags/example_time_delta_sensor_async.py
[2023-04-28T06:16:52.676+0000] {processor.py:753} INFO - DAG(s) dict_keys(['example_time_delta_sensor_async']) retrieved from /home/airflow/.local/lib/python3.7/site-packages/airflow/example_dags/example_time_delta_sensor_async.py
[2023-04-28T06:16:52.698+0000] {logging_mixin.py:137} INFO - [2023-04-28T06:16:52.698+0000] {dag.py:2690} INFO - Sync 1 DAGs
[2023-04-28T06:16:52.718+0000] {logging_mixin.py:137} INFO - [2023-04-28T06:16:52.718+0000] {dag.py:3441} INFO - Setting next_dagrun for example_time_delta_sensor_async to None, run_after=None
[2023-04-28T06:16:52.732+0000] {processor.py:175} INFO - Processing /home/airflow/.local/lib/python3.7/site-packages/airflow/example_dags/example_time_delta_sensor_async.py took 0.073 seconds
[2023-04-28T06:17:23.179+0000] {processor.py:153} INFO - Started process (PID=17000) to work on /home/airflow/.local/lib/python3.7/site-packages/airflow/example_dags/example_time_delta_sensor_async.py
[2023-04-28T06:17:23.180+0000] {processor.py:743} INFO - Processing file /home/airflow/.local/lib/python3.7/site-packages/airflow/example_dags/example_time_delta_sensor_async.py for tasks to queue
[2023-04-28T06:17:23.181+0000] {logging_mixin.py:137} INFO - [2023-04-28T06:17:23.181+0000] {dagbag.py:538} INFO - Filling up the DagBag from /home/airflow/.local/lib/python3.7/site-packages/airflow/example_dags/example_time_delta_sensor_async.py
[2023-04-28T06:17:23.191+0000] {processor.py:753} INFO - DAG(s) dict_keys(['example_time_delta_sensor_async']) retrieved from /home/airflow/.local/lib/python3.7/site-packages/airflow/example_dags/example_time_delta_sensor_async.py
[2023-04-28T06:17:23.212+0000] {logging_mixin.py:137} INFO - [2023-04-28T06:17:23.212+0000] {dag.py:2690} INFO - Sync 1 DAGs
[2023-04-28T06:17:23.228+0000] {logging_mixin.py:137} INFO - [2023-04-28T06:17:23.228+0000] {dag.py:3441} INFO - Setting next_dagrun for example_time_delta_sensor_async to None, run_after=None
[2023-04-28T06:17:23.238+0000] {processor.py:175} INFO - Processing /home/airflow/.local/lib/python3.7/site-packages/airflow/example_dags/example_time_delta_sensor_async.py took 0.063 seconds
[2023-04-28T06:17:53.523+0000] {processor.py:153} INFO - Started process (PID=17066) to work on /home/airflow/.local/lib/python3.7/site-packages/airflow/example_dags/example_time_delta_sensor_async.py
[2023-04-28T06:17:53.525+0000] {processor.py:743} INFO - Processing file /home/airflow/.local/lib/python3.7/site-packages/airflow/example_dags/example_time_delta_sensor_async.py for tasks to queue
[2023-04-28T06:17:53.525+0000] {logging_mixin.py:137} INFO - [2023-04-28T06:17:53.525+0000] {dagbag.py:538} INFO - Filling up the DagBag from /home/airflow/.local/lib/python3.7/site-packages/airflow/example_dags/example_time_delta_sensor_async.py
[2023-04-28T06:17:53.535+0000] {processor.py:753} INFO - DAG(s) dict_keys(['example_time_delta_sensor_async']) retrieved from /home/airflow/.local/lib/python3.7/site-packages/airflow/example_dags/example_time_delta_sensor_async.py
[2023-04-28T06:17:53.556+0000] {logging_mixin.py:137} INFO - [2023-04-28T06:17:53.556+0000] {dag.py:2690} INFO - Sync 1 DAGs
[2023-04-28T06:17:53.571+0000] {logging_mixin.py:137} INFO - [2023-04-28T06:17:53.571+0000] {dag.py:3441} INFO - Setting next_dagrun for example_time_delta_sensor_async to None, run_after=None
[2023-04-28T06:17:53.582+0000] {processor.py:175} INFO - Processing /home/airflow/.local/lib/python3.7/site-packages/airflow/example_dags/example_time_delta_sensor_async.py took 0.062 seconds
[2023-04-28T06:18:24.111+0000] {processor.py:153} INFO - Started process (PID=17144) to work on /home/airflow/.local/lib/python3.7/site-packages/airflow/example_dags/example_time_delta_sensor_async.py
[2023-04-28T06:18:24.113+0000] {processor.py:743} INFO - Processing file /home/airflow/.local/lib/python3.7/site-packages/airflow/example_dags/example_time_delta_sensor_async.py for tasks to queue
[2023-04-28T06:18:24.113+0000] {logging_mixin.py:137} INFO - [2023-04-28T06:18:24.113+0000] {dagbag.py:538} INFO - Filling up the DagBag from /home/airflow/.local/lib/python3.7/site-packages/airflow/example_dags/example_time_delta_sensor_async.py
[2023-04-28T06:18:24.123+0000] {processor.py:753} INFO - DAG(s) dict_keys(['example_time_delta_sensor_async']) retrieved from /home/airflow/.local/lib/python3.7/site-packages/airflow/example_dags/example_time_delta_sensor_async.py
[2023-04-28T06:18:24.143+0000] {logging_mixin.py:137} INFO - [2023-04-28T06:18:24.143+0000] {dag.py:2690} INFO - Sync 1 DAGs
[2023-04-28T06:18:24.159+0000] {logging_mixin.py:137} INFO - [2023-04-28T06:18:24.159+0000] {dag.py:3441} INFO - Setting next_dagrun for example_time_delta_sensor_async to None, run_after=None
[2023-04-28T06:18:24.171+0000] {processor.py:175} INFO - Processing /home/airflow/.local/lib/python3.7/site-packages/airflow/example_dags/example_time_delta_sensor_async.py took 0.063 seconds
[2023-04-28T06:18:54.417+0000] {processor.py:153} INFO - Started process (PID=17222) to work on /home/airflow/.local/lib/python3.7/site-packages/airflow/example_dags/example_time_delta_sensor_async.py
[2023-04-28T06:18:54.418+0000] {processor.py:743} INFO - Processing file /home/airflow/.local/lib/python3.7/site-packages/airflow/example_dags/example_time_delta_sensor_async.py for tasks to queue
[2023-04-28T06:18:54.419+0000] {logging_mixin.py:137} INFO - [2023-04-28T06:18:54.419+0000] {dagbag.py:538} INFO - Filling up the DagBag from /home/airflow/.local/lib/python3.7/site-packages/airflow/example_dags/example_time_delta_sensor_async.py
[2023-04-28T06:18:54.428+0000] {processor.py:753} INFO - DAG(s) dict_keys(['example_time_delta_sensor_async']) retrieved from /home/airflow/.local/lib/python3.7/site-packages/airflow/example_dags/example_time_delta_sensor_async.py
[2023-04-28T06:18:54.449+0000] {logging_mixin.py:137} INFO - [2023-04-28T06:18:54.448+0000] {dag.py:2690} INFO - Sync 1 DAGs
[2023-04-28T06:18:54.464+0000] {logging_mixin.py:137} INFO - [2023-04-28T06:18:54.464+0000] {dag.py:3441} INFO - Setting next_dagrun for example_time_delta_sensor_async to None, run_after=None
[2023-04-28T06:18:54.477+0000] {processor.py:175} INFO - Processing /home/airflow/.local/lib/python3.7/site-packages/airflow/example_dags/example_time_delta_sensor_async.py took 0.063 seconds
