[2023-04-28T00:36:30.711+0000] {processor.py:153} INFO - Started process (PID=14552) to work on /home/airflow/.local/lib/python3.7/site-packages/airflow/example_dags/example_dynamic_task_mapping.py
[2023-04-28T00:36:30.713+0000] {processor.py:743} INFO - Processing file /home/airflow/.local/lib/python3.7/site-packages/airflow/example_dags/example_dynamic_task_mapping.py for tasks to queue
[2023-04-28T00:36:30.718+0000] {logging_mixin.py:137} INFO - [2023-04-28T00:36:30.718+0000] {dagbag.py:538} INFO - Filling up the DagBag from /home/airflow/.local/lib/python3.7/site-packages/airflow/example_dags/example_dynamic_task_mapping.py
[2023-04-28T00:36:30.753+0000] {processor.py:753} INFO - DAG(s) dict_keys(['example_dynamic_task_mapping']) retrieved from /home/airflow/.local/lib/python3.7/site-packages/airflow/example_dags/example_dynamic_task_mapping.py
[2023-04-28T00:36:30.807+0000] {logging_mixin.py:137} INFO - [2023-04-28T00:36:30.807+0000] {dag.py:2690} INFO - Sync 1 DAGs
[2023-04-28T00:36:30.837+0000] {logging_mixin.py:137} INFO - [2023-04-28T00:36:30.837+0000] {dag.py:3441} INFO - Setting next_dagrun for example_dynamic_task_mapping to 2022-03-04T00:00:00+00:00, run_after=2022-03-05T00:00:00+00:00
[2023-04-28T00:36:30.868+0000] {processor.py:175} INFO - Processing /home/airflow/.local/lib/python3.7/site-packages/airflow/example_dags/example_dynamic_task_mapping.py took 0.161 seconds
[2023-04-28T01:42:51.949+0000] {processor.py:153} INFO - Started process (PID=14618) to work on /home/airflow/.local/lib/python3.7/site-packages/airflow/example_dags/example_dynamic_task_mapping.py
[2023-04-28T01:42:51.951+0000] {processor.py:743} INFO - Processing file /home/airflow/.local/lib/python3.7/site-packages/airflow/example_dags/example_dynamic_task_mapping.py for tasks to queue
[2023-04-28T01:42:51.952+0000] {logging_mixin.py:137} INFO - [2023-04-28T01:42:51.952+0000] {dagbag.py:538} INFO - Filling up the DagBag from /home/airflow/.local/lib/python3.7/site-packages/airflow/example_dags/example_dynamic_task_mapping.py
[2023-04-28T01:42:51.976+0000] {processor.py:753} INFO - DAG(s) dict_keys(['example_dynamic_task_mapping']) retrieved from /home/airflow/.local/lib/python3.7/site-packages/airflow/example_dags/example_dynamic_task_mapping.py
[2023-04-28T01:42:52.009+0000] {logging_mixin.py:137} INFO - [2023-04-28T01:42:52.009+0000] {dag.py:2690} INFO - Sync 1 DAGs
[2023-04-28T01:42:52.041+0000] {logging_mixin.py:137} INFO - [2023-04-28T01:42:52.041+0000] {dag.py:3441} INFO - Setting next_dagrun for example_dynamic_task_mapping to 2022-03-04T00:00:00+00:00, run_after=2022-03-05T00:00:00+00:00
[2023-04-28T01:42:52.061+0000] {processor.py:175} INFO - Processing /home/airflow/.local/lib/python3.7/site-packages/airflow/example_dags/example_dynamic_task_mapping.py took 0.116 seconds
[2023-04-28T02:48:40.610+0000] {processor.py:153} INFO - Started process (PID=14696) to work on /home/airflow/.local/lib/python3.7/site-packages/airflow/example_dags/example_dynamic_task_mapping.py
[2023-04-28T02:48:40.611+0000] {processor.py:743} INFO - Processing file /home/airflow/.local/lib/python3.7/site-packages/airflow/example_dags/example_dynamic_task_mapping.py for tasks to queue
[2023-04-28T02:48:40.612+0000] {logging_mixin.py:137} INFO - [2023-04-28T02:48:40.611+0000] {dagbag.py:538} INFO - Filling up the DagBag from /home/airflow/.local/lib/python3.7/site-packages/airflow/example_dags/example_dynamic_task_mapping.py
[2023-04-28T02:48:40.628+0000] {processor.py:753} INFO - DAG(s) dict_keys(['example_dynamic_task_mapping']) retrieved from /home/airflow/.local/lib/python3.7/site-packages/airflow/example_dags/example_dynamic_task_mapping.py
[2023-04-28T02:48:40.651+0000] {logging_mixin.py:137} INFO - [2023-04-28T02:48:40.651+0000] {dag.py:2690} INFO - Sync 1 DAGs
[2023-04-28T02:48:40.667+0000] {logging_mixin.py:137} INFO - [2023-04-28T02:48:40.667+0000] {dag.py:3441} INFO - Setting next_dagrun for example_dynamic_task_mapping to 2022-03-04T00:00:00+00:00, run_after=2022-03-05T00:00:00+00:00
[2023-04-28T02:48:40.678+0000] {processor.py:175} INFO - Processing /home/airflow/.local/lib/python3.7/site-packages/airflow/example_dags/example_dynamic_task_mapping.py took 0.071 seconds
[2023-04-28T03:54:53.780+0000] {processor.py:153} INFO - Started process (PID=14773) to work on /home/airflow/.local/lib/python3.7/site-packages/airflow/example_dags/example_dynamic_task_mapping.py
[2023-04-28T03:54:53.781+0000] {processor.py:743} INFO - Processing file /home/airflow/.local/lib/python3.7/site-packages/airflow/example_dags/example_dynamic_task_mapping.py for tasks to queue
[2023-04-28T03:54:53.782+0000] {logging_mixin.py:137} INFO - [2023-04-28T03:54:53.782+0000] {dagbag.py:538} INFO - Filling up the DagBag from /home/airflow/.local/lib/python3.7/site-packages/airflow/example_dags/example_dynamic_task_mapping.py
[2023-04-28T03:54:53.799+0000] {processor.py:753} INFO - DAG(s) dict_keys(['example_dynamic_task_mapping']) retrieved from /home/airflow/.local/lib/python3.7/site-packages/airflow/example_dags/example_dynamic_task_mapping.py
[2023-04-28T03:54:53.818+0000] {logging_mixin.py:137} INFO - [2023-04-28T03:54:53.818+0000] {dag.py:2690} INFO - Sync 1 DAGs
[2023-04-28T03:54:53.834+0000] {logging_mixin.py:137} INFO - [2023-04-28T03:54:53.834+0000] {dag.py:3441} INFO - Setting next_dagrun for example_dynamic_task_mapping to 2022-03-04T00:00:00+00:00, run_after=2022-03-05T00:00:00+00:00
[2023-04-28T03:54:53.845+0000] {processor.py:175} INFO - Processing /home/airflow/.local/lib/python3.7/site-packages/airflow/example_dags/example_dynamic_task_mapping.py took 0.069 seconds
[2023-04-28T05:16:15.447+0000] {processor.py:153} INFO - Started process (PID=14839) to work on /home/airflow/.local/lib/python3.7/site-packages/airflow/example_dags/example_dynamic_task_mapping.py
[2023-04-28T05:16:15.448+0000] {processor.py:743} INFO - Processing file /home/airflow/.local/lib/python3.7/site-packages/airflow/example_dags/example_dynamic_task_mapping.py for tasks to queue
[2023-04-28T05:16:15.449+0000] {logging_mixin.py:137} INFO - [2023-04-28T05:16:15.448+0000] {dagbag.py:538} INFO - Filling up the DagBag from /home/airflow/.local/lib/python3.7/site-packages/airflow/example_dags/example_dynamic_task_mapping.py
[2023-04-28T05:16:15.466+0000] {processor.py:753} INFO - DAG(s) dict_keys(['example_dynamic_task_mapping']) retrieved from /home/airflow/.local/lib/python3.7/site-packages/airflow/example_dags/example_dynamic_task_mapping.py
[2023-04-28T05:16:15.485+0000] {logging_mixin.py:137} INFO - [2023-04-28T05:16:15.485+0000] {dag.py:2690} INFO - Sync 1 DAGs
[2023-04-28T05:16:15.501+0000] {logging_mixin.py:137} INFO - [2023-04-28T05:16:15.501+0000] {dag.py:3441} INFO - Setting next_dagrun for example_dynamic_task_mapping to 2022-03-04T00:00:00+00:00, run_after=2022-03-05T00:00:00+00:00
[2023-04-28T05:16:15.512+0000] {processor.py:175} INFO - Processing /home/airflow/.local/lib/python3.7/site-packages/airflow/example_dags/example_dynamic_task_mapping.py took 0.068 seconds
[2023-04-28T05:32:12.384+0000] {processor.py:153} INFO - Started process (PID=14919) to work on /home/airflow/.local/lib/python3.7/site-packages/airflow/example_dags/example_dynamic_task_mapping.py
[2023-04-28T05:32:12.385+0000] {processor.py:743} INFO - Processing file /home/airflow/.local/lib/python3.7/site-packages/airflow/example_dags/example_dynamic_task_mapping.py for tasks to queue
[2023-04-28T05:32:12.385+0000] {logging_mixin.py:137} INFO - [2023-04-28T05:32:12.385+0000] {dagbag.py:538} INFO - Filling up the DagBag from /home/airflow/.local/lib/python3.7/site-packages/airflow/example_dags/example_dynamic_task_mapping.py
[2023-04-28T05:32:12.402+0000] {processor.py:753} INFO - DAG(s) dict_keys(['example_dynamic_task_mapping']) retrieved from /home/airflow/.local/lib/python3.7/site-packages/airflow/example_dags/example_dynamic_task_mapping.py
[2023-04-28T05:32:12.425+0000] {logging_mixin.py:137} INFO - [2023-04-28T05:32:12.425+0000] {dag.py:2690} INFO - Sync 1 DAGs
[2023-04-28T05:32:12.440+0000] {logging_mixin.py:137} INFO - [2023-04-28T05:32:12.440+0000] {dag.py:3441} INFO - Setting next_dagrun for example_dynamic_task_mapping to 2022-03-04T00:00:00+00:00, run_after=2022-03-05T00:00:00+00:00
[2023-04-28T05:32:12.452+0000] {processor.py:175} INFO - Processing /home/airflow/.local/lib/python3.7/site-packages/airflow/example_dags/example_dynamic_task_mapping.py took 0.071 seconds
[2023-04-28T05:32:42.585+0000] {processor.py:153} INFO - Started process (PID=14996) to work on /home/airflow/.local/lib/python3.7/site-packages/airflow/example_dags/example_dynamic_task_mapping.py
[2023-04-28T05:32:42.586+0000] {processor.py:743} INFO - Processing file /home/airflow/.local/lib/python3.7/site-packages/airflow/example_dags/example_dynamic_task_mapping.py for tasks to queue
[2023-04-28T05:32:42.587+0000] {logging_mixin.py:137} INFO - [2023-04-28T05:32:42.587+0000] {dagbag.py:538} INFO - Filling up the DagBag from /home/airflow/.local/lib/python3.7/site-packages/airflow/example_dags/example_dynamic_task_mapping.py
[2023-04-28T05:32:42.604+0000] {processor.py:753} INFO - DAG(s) dict_keys(['example_dynamic_task_mapping']) retrieved from /home/airflow/.local/lib/python3.7/site-packages/airflow/example_dags/example_dynamic_task_mapping.py
[2023-04-28T05:32:42.622+0000] {logging_mixin.py:137} INFO - [2023-04-28T05:32:42.622+0000] {dag.py:2690} INFO - Sync 1 DAGs
[2023-04-28T05:32:42.637+0000] {logging_mixin.py:137} INFO - [2023-04-28T05:32:42.637+0000] {dag.py:3441} INFO - Setting next_dagrun for example_dynamic_task_mapping to 2022-03-04T00:00:00+00:00, run_after=2022-03-05T00:00:00+00:00
[2023-04-28T05:32:42.648+0000] {processor.py:175} INFO - Processing /home/airflow/.local/lib/python3.7/site-packages/airflow/example_dags/example_dynamic_task_mapping.py took 0.066 seconds
[2023-04-28T06:03:55.255+0000] {processor.py:153} INFO - Started process (PID=15063) to work on /home/airflow/.local/lib/python3.7/site-packages/airflow/example_dags/example_dynamic_task_mapping.py
[2023-04-28T06:03:55.256+0000] {processor.py:743} INFO - Processing file /home/airflow/.local/lib/python3.7/site-packages/airflow/example_dags/example_dynamic_task_mapping.py for tasks to queue
[2023-04-28T06:03:55.257+0000] {logging_mixin.py:137} INFO - [2023-04-28T06:03:55.257+0000] {dagbag.py:538} INFO - Filling up the DagBag from /home/airflow/.local/lib/python3.7/site-packages/airflow/example_dags/example_dynamic_task_mapping.py
[2023-04-28T06:03:55.271+0000] {processor.py:753} INFO - DAG(s) dict_keys(['example_dynamic_task_mapping']) retrieved from /home/airflow/.local/lib/python3.7/site-packages/airflow/example_dags/example_dynamic_task_mapping.py
[2023-04-28T06:03:55.290+0000] {logging_mixin.py:137} INFO - [2023-04-28T06:03:55.290+0000] {dag.py:2690} INFO - Sync 1 DAGs
[2023-04-28T06:03:55.305+0000] {logging_mixin.py:137} INFO - [2023-04-28T06:03:55.305+0000] {dag.py:3441} INFO - Setting next_dagrun for example_dynamic_task_mapping to 2022-03-04T00:00:00+00:00, run_after=2022-03-05T00:00:00+00:00
[2023-04-28T06:03:55.315+0000] {processor.py:175} INFO - Processing /home/airflow/.local/lib/python3.7/site-packages/airflow/example_dags/example_dynamic_task_mapping.py took 0.063 seconds
[2023-04-28T06:04:40.755+0000] {processor.py:153} INFO - Started process (PID=15142) to work on /home/airflow/.local/lib/python3.7/site-packages/airflow/example_dags/example_dynamic_task_mapping.py
[2023-04-28T06:04:40.756+0000] {processor.py:743} INFO - Processing file /home/airflow/.local/lib/python3.7/site-packages/airflow/example_dags/example_dynamic_task_mapping.py for tasks to queue
[2023-04-28T06:04:40.757+0000] {logging_mixin.py:137} INFO - [2023-04-28T06:04:40.757+0000] {dagbag.py:538} INFO - Filling up the DagBag from /home/airflow/.local/lib/python3.7/site-packages/airflow/example_dags/example_dynamic_task_mapping.py
[2023-04-28T06:04:40.773+0000] {processor.py:753} INFO - DAG(s) dict_keys(['example_dynamic_task_mapping']) retrieved from /home/airflow/.local/lib/python3.7/site-packages/airflow/example_dags/example_dynamic_task_mapping.py
[2023-04-28T06:04:40.791+0000] {logging_mixin.py:137} INFO - [2023-04-28T06:04:40.790+0000] {dag.py:2690} INFO - Sync 1 DAGs
[2023-04-28T06:04:40.805+0000] {logging_mixin.py:137} INFO - [2023-04-28T06:04:40.805+0000] {dag.py:3441} INFO - Setting next_dagrun for example_dynamic_task_mapping to 2022-03-04T00:00:00+00:00, run_after=2022-03-05T00:00:00+00:00
[2023-04-28T06:04:40.816+0000] {processor.py:175} INFO - Processing /home/airflow/.local/lib/python3.7/site-packages/airflow/example_dags/example_dynamic_task_mapping.py took 0.064 seconds
[2023-04-28T06:05:11.322+0000] {processor.py:153} INFO - Started process (PID=15220) to work on /home/airflow/.local/lib/python3.7/site-packages/airflow/example_dags/example_dynamic_task_mapping.py
[2023-04-28T06:05:11.323+0000] {processor.py:743} INFO - Processing file /home/airflow/.local/lib/python3.7/site-packages/airflow/example_dags/example_dynamic_task_mapping.py for tasks to queue
[2023-04-28T06:05:11.324+0000] {logging_mixin.py:137} INFO - [2023-04-28T06:05:11.324+0000] {dagbag.py:538} INFO - Filling up the DagBag from /home/airflow/.local/lib/python3.7/site-packages/airflow/example_dags/example_dynamic_task_mapping.py
[2023-04-28T06:05:11.341+0000] {processor.py:753} INFO - DAG(s) dict_keys(['example_dynamic_task_mapping']) retrieved from /home/airflow/.local/lib/python3.7/site-packages/airflow/example_dags/example_dynamic_task_mapping.py
[2023-04-28T06:05:11.361+0000] {logging_mixin.py:137} INFO - [2023-04-28T06:05:11.361+0000] {dag.py:2690} INFO - Sync 1 DAGs
[2023-04-28T06:05:11.376+0000] {logging_mixin.py:137} INFO - [2023-04-28T06:05:11.376+0000] {dag.py:3441} INFO - Setting next_dagrun for example_dynamic_task_mapping to 2022-03-04T00:00:00+00:00, run_after=2022-03-05T00:00:00+00:00
[2023-04-28T06:05:11.387+0000] {processor.py:175} INFO - Processing /home/airflow/.local/lib/python3.7/site-packages/airflow/example_dags/example_dynamic_task_mapping.py took 0.068 seconds
[2023-04-28T06:05:41.901+0000] {processor.py:153} INFO - Started process (PID=15286) to work on /home/airflow/.local/lib/python3.7/site-packages/airflow/example_dags/example_dynamic_task_mapping.py
[2023-04-28T06:05:41.902+0000] {processor.py:743} INFO - Processing file /home/airflow/.local/lib/python3.7/site-packages/airflow/example_dags/example_dynamic_task_mapping.py for tasks to queue
[2023-04-28T06:05:41.903+0000] {logging_mixin.py:137} INFO - [2023-04-28T06:05:41.903+0000] {dagbag.py:538} INFO - Filling up the DagBag from /home/airflow/.local/lib/python3.7/site-packages/airflow/example_dags/example_dynamic_task_mapping.py
[2023-04-28T06:05:41.920+0000] {processor.py:753} INFO - DAG(s) dict_keys(['example_dynamic_task_mapping']) retrieved from /home/airflow/.local/lib/python3.7/site-packages/airflow/example_dags/example_dynamic_task_mapping.py
[2023-04-28T06:05:41.939+0000] {logging_mixin.py:137} INFO - [2023-04-28T06:05:41.939+0000] {dag.py:2690} INFO - Sync 1 DAGs
[2023-04-28T06:05:41.954+0000] {logging_mixin.py:137} INFO - [2023-04-28T06:05:41.954+0000] {dag.py:3441} INFO - Setting next_dagrun for example_dynamic_task_mapping to 2022-03-04T00:00:00+00:00, run_after=2022-03-05T00:00:00+00:00
[2023-04-28T06:05:41.966+0000] {processor.py:175} INFO - Processing /home/airflow/.local/lib/python3.7/site-packages/airflow/example_dags/example_dynamic_task_mapping.py took 0.068 seconds
[2023-04-28T06:06:12.175+0000] {processor.py:153} INFO - Started process (PID=15366) to work on /home/airflow/.local/lib/python3.7/site-packages/airflow/example_dags/example_dynamic_task_mapping.py
[2023-04-28T06:06:12.176+0000] {processor.py:743} INFO - Processing file /home/airflow/.local/lib/python3.7/site-packages/airflow/example_dags/example_dynamic_task_mapping.py for tasks to queue
[2023-04-28T06:06:12.177+0000] {logging_mixin.py:137} INFO - [2023-04-28T06:06:12.177+0000] {dagbag.py:538} INFO - Filling up the DagBag from /home/airflow/.local/lib/python3.7/site-packages/airflow/example_dags/example_dynamic_task_mapping.py
[2023-04-28T06:06:12.193+0000] {processor.py:753} INFO - DAG(s) dict_keys(['example_dynamic_task_mapping']) retrieved from /home/airflow/.local/lib/python3.7/site-packages/airflow/example_dags/example_dynamic_task_mapping.py
[2023-04-28T06:06:12.213+0000] {logging_mixin.py:137} INFO - [2023-04-28T06:06:12.213+0000] {dag.py:2690} INFO - Sync 1 DAGs
[2023-04-28T06:06:12.230+0000] {logging_mixin.py:137} INFO - [2023-04-28T06:06:12.229+0000] {dag.py:3441} INFO - Setting next_dagrun for example_dynamic_task_mapping to 2022-03-04T00:00:00+00:00, run_after=2022-03-05T00:00:00+00:00
[2023-04-28T06:06:12.240+0000] {processor.py:175} INFO - Processing /home/airflow/.local/lib/python3.7/site-packages/airflow/example_dags/example_dynamic_task_mapping.py took 0.068 seconds
[2023-04-28T06:06:42.695+0000] {processor.py:153} INFO - Started process (PID=15443) to work on /home/airflow/.local/lib/python3.7/site-packages/airflow/example_dags/example_dynamic_task_mapping.py
[2023-04-28T06:06:42.699+0000] {processor.py:743} INFO - Processing file /home/airflow/.local/lib/python3.7/site-packages/airflow/example_dags/example_dynamic_task_mapping.py for tasks to queue
[2023-04-28T06:06:42.699+0000] {logging_mixin.py:137} INFO - [2023-04-28T06:06:42.699+0000] {dagbag.py:538} INFO - Filling up the DagBag from /home/airflow/.local/lib/python3.7/site-packages/airflow/example_dags/example_dynamic_task_mapping.py
[2023-04-28T06:06:42.724+0000] {processor.py:753} INFO - DAG(s) dict_keys(['example_dynamic_task_mapping']) retrieved from /home/airflow/.local/lib/python3.7/site-packages/airflow/example_dags/example_dynamic_task_mapping.py
[2023-04-28T06:06:42.744+0000] {logging_mixin.py:137} INFO - [2023-04-28T06:06:42.744+0000] {dag.py:2690} INFO - Sync 1 DAGs
[2023-04-28T06:06:42.762+0000] {logging_mixin.py:137} INFO - [2023-04-28T06:06:42.762+0000] {dag.py:3441} INFO - Setting next_dagrun for example_dynamic_task_mapping to 2022-03-04T00:00:00+00:00, run_after=2022-03-05T00:00:00+00:00
[2023-04-28T06:06:42.783+0000] {processor.py:175} INFO - Processing /home/airflow/.local/lib/python3.7/site-packages/airflow/example_dags/example_dynamic_task_mapping.py took 0.091 seconds
[2023-04-28T06:07:13.249+0000] {processor.py:153} INFO - Started process (PID=15510) to work on /home/airflow/.local/lib/python3.7/site-packages/airflow/example_dags/example_dynamic_task_mapping.py
[2023-04-28T06:07:13.251+0000] {processor.py:743} INFO - Processing file /home/airflow/.local/lib/python3.7/site-packages/airflow/example_dags/example_dynamic_task_mapping.py for tasks to queue
[2023-04-28T06:07:13.251+0000] {logging_mixin.py:137} INFO - [2023-04-28T06:07:13.251+0000] {dagbag.py:538} INFO - Filling up the DagBag from /home/airflow/.local/lib/python3.7/site-packages/airflow/example_dags/example_dynamic_task_mapping.py
[2023-04-28T06:07:13.269+0000] {processor.py:753} INFO - DAG(s) dict_keys(['example_dynamic_task_mapping']) retrieved from /home/airflow/.local/lib/python3.7/site-packages/airflow/example_dags/example_dynamic_task_mapping.py
[2023-04-28T06:07:13.288+0000] {logging_mixin.py:137} INFO - [2023-04-28T06:07:13.288+0000] {dag.py:2690} INFO - Sync 1 DAGs
[2023-04-28T06:07:13.304+0000] {logging_mixin.py:137} INFO - [2023-04-28T06:07:13.304+0000] {dag.py:3441} INFO - Setting next_dagrun for example_dynamic_task_mapping to 2022-03-04T00:00:00+00:00, run_after=2022-03-05T00:00:00+00:00
[2023-04-28T06:07:13.315+0000] {processor.py:175} INFO - Processing /home/airflow/.local/lib/python3.7/site-packages/airflow/example_dags/example_dynamic_task_mapping.py took 0.068 seconds
[2023-04-28T06:07:43.686+0000] {processor.py:153} INFO - Started process (PID=15588) to work on /home/airflow/.local/lib/python3.7/site-packages/airflow/example_dags/example_dynamic_task_mapping.py
[2023-04-28T06:07:43.687+0000] {processor.py:743} INFO - Processing file /home/airflow/.local/lib/python3.7/site-packages/airflow/example_dags/example_dynamic_task_mapping.py for tasks to queue
[2023-04-28T06:07:43.688+0000] {logging_mixin.py:137} INFO - [2023-04-28T06:07:43.688+0000] {dagbag.py:538} INFO - Filling up the DagBag from /home/airflow/.local/lib/python3.7/site-packages/airflow/example_dags/example_dynamic_task_mapping.py
[2023-04-28T06:07:43.705+0000] {processor.py:753} INFO - DAG(s) dict_keys(['example_dynamic_task_mapping']) retrieved from /home/airflow/.local/lib/python3.7/site-packages/airflow/example_dags/example_dynamic_task_mapping.py
[2023-04-28T06:07:43.725+0000] {logging_mixin.py:137} INFO - [2023-04-28T06:07:43.724+0000] {dag.py:2690} INFO - Sync 1 DAGs
[2023-04-28T06:07:43.740+0000] {logging_mixin.py:137} INFO - [2023-04-28T06:07:43.740+0000] {dag.py:3441} INFO - Setting next_dagrun for example_dynamic_task_mapping to 2022-03-04T00:00:00+00:00, run_after=2022-03-05T00:00:00+00:00
[2023-04-28T06:07:43.751+0000] {processor.py:175} INFO - Processing /home/airflow/.local/lib/python3.7/site-packages/airflow/example_dags/example_dynamic_task_mapping.py took 0.068 seconds
[2023-04-28T06:08:14.164+0000] {processor.py:153} INFO - Started process (PID=15666) to work on /home/airflow/.local/lib/python3.7/site-packages/airflow/example_dags/example_dynamic_task_mapping.py
[2023-04-28T06:08:14.165+0000] {processor.py:743} INFO - Processing file /home/airflow/.local/lib/python3.7/site-packages/airflow/example_dags/example_dynamic_task_mapping.py for tasks to queue
[2023-04-28T06:08:14.166+0000] {logging_mixin.py:137} INFO - [2023-04-28T06:08:14.166+0000] {dagbag.py:538} INFO - Filling up the DagBag from /home/airflow/.local/lib/python3.7/site-packages/airflow/example_dags/example_dynamic_task_mapping.py
[2023-04-28T06:08:14.183+0000] {processor.py:753} INFO - DAG(s) dict_keys(['example_dynamic_task_mapping']) retrieved from /home/airflow/.local/lib/python3.7/site-packages/airflow/example_dags/example_dynamic_task_mapping.py
[2023-04-28T06:08:14.202+0000] {logging_mixin.py:137} INFO - [2023-04-28T06:08:14.202+0000] {dag.py:2690} INFO - Sync 1 DAGs
[2023-04-28T06:08:14.218+0000] {logging_mixin.py:137} INFO - [2023-04-28T06:08:14.218+0000] {dag.py:3441} INFO - Setting next_dagrun for example_dynamic_task_mapping to 2022-03-04T00:00:00+00:00, run_after=2022-03-05T00:00:00+00:00
[2023-04-28T06:08:14.229+0000] {processor.py:175} INFO - Processing /home/airflow/.local/lib/python3.7/site-packages/airflow/example_dags/example_dynamic_task_mapping.py took 0.069 seconds
[2023-04-28T06:08:44.647+0000] {processor.py:153} INFO - Started process (PID=15732) to work on /home/airflow/.local/lib/python3.7/site-packages/airflow/example_dags/example_dynamic_task_mapping.py
[2023-04-28T06:08:44.648+0000] {processor.py:743} INFO - Processing file /home/airflow/.local/lib/python3.7/site-packages/airflow/example_dags/example_dynamic_task_mapping.py for tasks to queue
[2023-04-28T06:08:44.649+0000] {logging_mixin.py:137} INFO - [2023-04-28T06:08:44.649+0000] {dagbag.py:538} INFO - Filling up the DagBag from /home/airflow/.local/lib/python3.7/site-packages/airflow/example_dags/example_dynamic_task_mapping.py
[2023-04-28T06:08:44.668+0000] {processor.py:753} INFO - DAG(s) dict_keys(['example_dynamic_task_mapping']) retrieved from /home/airflow/.local/lib/python3.7/site-packages/airflow/example_dags/example_dynamic_task_mapping.py
[2023-04-28T06:08:44.695+0000] {logging_mixin.py:137} INFO - [2023-04-28T06:08:44.695+0000] {dag.py:2690} INFO - Sync 1 DAGs
[2023-04-28T06:08:44.718+0000] {logging_mixin.py:137} INFO - [2023-04-28T06:08:44.718+0000] {dag.py:3441} INFO - Setting next_dagrun for example_dynamic_task_mapping to 2022-03-04T00:00:00+00:00, run_after=2022-03-05T00:00:00+00:00
[2023-04-28T06:08:44.734+0000] {processor.py:175} INFO - Processing /home/airflow/.local/lib/python3.7/site-packages/airflow/example_dags/example_dynamic_task_mapping.py took 0.090 seconds
[2023-04-28T06:09:15.106+0000] {processor.py:153} INFO - Started process (PID=15810) to work on /home/airflow/.local/lib/python3.7/site-packages/airflow/example_dags/example_dynamic_task_mapping.py
[2023-04-28T06:09:15.107+0000] {processor.py:743} INFO - Processing file /home/airflow/.local/lib/python3.7/site-packages/airflow/example_dags/example_dynamic_task_mapping.py for tasks to queue
[2023-04-28T06:09:15.108+0000] {logging_mixin.py:137} INFO - [2023-04-28T06:09:15.108+0000] {dagbag.py:538} INFO - Filling up the DagBag from /home/airflow/.local/lib/python3.7/site-packages/airflow/example_dags/example_dynamic_task_mapping.py
[2023-04-28T06:09:15.126+0000] {processor.py:753} INFO - DAG(s) dict_keys(['example_dynamic_task_mapping']) retrieved from /home/airflow/.local/lib/python3.7/site-packages/airflow/example_dags/example_dynamic_task_mapping.py
[2023-04-28T06:09:15.145+0000] {logging_mixin.py:137} INFO - [2023-04-28T06:09:15.145+0000] {dag.py:2690} INFO - Sync 1 DAGs
[2023-04-28T06:09:15.161+0000] {logging_mixin.py:137} INFO - [2023-04-28T06:09:15.161+0000] {dag.py:3441} INFO - Setting next_dagrun for example_dynamic_task_mapping to 2022-03-04T00:00:00+00:00, run_after=2022-03-05T00:00:00+00:00
[2023-04-28T06:09:15.174+0000] {processor.py:175} INFO - Processing /home/airflow/.local/lib/python3.7/site-packages/airflow/example_dags/example_dynamic_task_mapping.py took 0.071 seconds
[2023-04-28T06:09:45.994+0000] {processor.py:153} INFO - Started process (PID=15889) to work on /home/airflow/.local/lib/python3.7/site-packages/airflow/example_dags/example_dynamic_task_mapping.py
[2023-04-28T06:09:45.996+0000] {processor.py:743} INFO - Processing file /home/airflow/.local/lib/python3.7/site-packages/airflow/example_dags/example_dynamic_task_mapping.py for tasks to queue
[2023-04-28T06:09:45.996+0000] {logging_mixin.py:137} INFO - [2023-04-28T06:09:45.996+0000] {dagbag.py:538} INFO - Filling up the DagBag from /home/airflow/.local/lib/python3.7/site-packages/airflow/example_dags/example_dynamic_task_mapping.py
[2023-04-28T06:09:46.015+0000] {processor.py:753} INFO - DAG(s) dict_keys(['example_dynamic_task_mapping']) retrieved from /home/airflow/.local/lib/python3.7/site-packages/airflow/example_dags/example_dynamic_task_mapping.py
[2023-04-28T06:09:46.054+0000] {logging_mixin.py:137} INFO - [2023-04-28T06:09:46.053+0000] {dag.py:2690} INFO - Sync 1 DAGs
[2023-04-28T06:09:46.076+0000] {logging_mixin.py:137} INFO - [2023-04-28T06:09:46.076+0000] {dag.py:3441} INFO - Setting next_dagrun for example_dynamic_task_mapping to 2022-03-04T00:00:00+00:00, run_after=2022-03-05T00:00:00+00:00
[2023-04-28T06:09:46.093+0000] {processor.py:175} INFO - Processing /home/airflow/.local/lib/python3.7/site-packages/airflow/example_dags/example_dynamic_task_mapping.py took 0.101 seconds
[2023-04-28T06:10:16.450+0000] {processor.py:153} INFO - Started process (PID=15954) to work on /home/airflow/.local/lib/python3.7/site-packages/airflow/example_dags/example_dynamic_task_mapping.py
[2023-04-28T06:10:16.452+0000] {processor.py:743} INFO - Processing file /home/airflow/.local/lib/python3.7/site-packages/airflow/example_dags/example_dynamic_task_mapping.py for tasks to queue
[2023-04-28T06:10:16.452+0000] {logging_mixin.py:137} INFO - [2023-04-28T06:10:16.452+0000] {dagbag.py:538} INFO - Filling up the DagBag from /home/airflow/.local/lib/python3.7/site-packages/airflow/example_dags/example_dynamic_task_mapping.py
[2023-04-28T06:10:16.470+0000] {processor.py:753} INFO - DAG(s) dict_keys(['example_dynamic_task_mapping']) retrieved from /home/airflow/.local/lib/python3.7/site-packages/airflow/example_dags/example_dynamic_task_mapping.py
[2023-04-28T06:10:16.491+0000] {logging_mixin.py:137} INFO - [2023-04-28T06:10:16.491+0000] {dag.py:2690} INFO - Sync 1 DAGs
[2023-04-28T06:10:16.508+0000] {logging_mixin.py:137} INFO - [2023-04-28T06:10:16.508+0000] {dag.py:3441} INFO - Setting next_dagrun for example_dynamic_task_mapping to 2022-03-04T00:00:00+00:00, run_after=2022-03-05T00:00:00+00:00
[2023-04-28T06:10:16.519+0000] {processor.py:175} INFO - Processing /home/airflow/.local/lib/python3.7/site-packages/airflow/example_dags/example_dynamic_task_mapping.py took 0.071 seconds
[2023-04-28T06:10:46.829+0000] {processor.py:153} INFO - Started process (PID=16032) to work on /home/airflow/.local/lib/python3.7/site-packages/airflow/example_dags/example_dynamic_task_mapping.py
[2023-04-28T06:10:46.830+0000] {processor.py:743} INFO - Processing file /home/airflow/.local/lib/python3.7/site-packages/airflow/example_dags/example_dynamic_task_mapping.py for tasks to queue
[2023-04-28T06:10:46.831+0000] {logging_mixin.py:137} INFO - [2023-04-28T06:10:46.831+0000] {dagbag.py:538} INFO - Filling up the DagBag from /home/airflow/.local/lib/python3.7/site-packages/airflow/example_dags/example_dynamic_task_mapping.py
[2023-04-28T06:10:46.848+0000] {processor.py:753} INFO - DAG(s) dict_keys(['example_dynamic_task_mapping']) retrieved from /home/airflow/.local/lib/python3.7/site-packages/airflow/example_dags/example_dynamic_task_mapping.py
[2023-04-28T06:10:46.870+0000] {logging_mixin.py:137} INFO - [2023-04-28T06:10:46.870+0000] {dag.py:2690} INFO - Sync 1 DAGs
[2023-04-28T06:10:46.885+0000] {logging_mixin.py:137} INFO - [2023-04-28T06:10:46.885+0000] {dag.py:3441} INFO - Setting next_dagrun for example_dynamic_task_mapping to 2022-03-04T00:00:00+00:00, run_after=2022-03-05T00:00:00+00:00
[2023-04-28T06:10:46.896+0000] {processor.py:175} INFO - Processing /home/airflow/.local/lib/python3.7/site-packages/airflow/example_dags/example_dynamic_task_mapping.py took 0.070 seconds
[2023-04-28T06:11:17.393+0000] {processor.py:153} INFO - Started process (PID=16110) to work on /home/airflow/.local/lib/python3.7/site-packages/airflow/example_dags/example_dynamic_task_mapping.py
[2023-04-28T06:11:17.395+0000] {processor.py:743} INFO - Processing file /home/airflow/.local/lib/python3.7/site-packages/airflow/example_dags/example_dynamic_task_mapping.py for tasks to queue
[2023-04-28T06:11:17.396+0000] {logging_mixin.py:137} INFO - [2023-04-28T06:11:17.396+0000] {dagbag.py:538} INFO - Filling up the DagBag from /home/airflow/.local/lib/python3.7/site-packages/airflow/example_dags/example_dynamic_task_mapping.py
[2023-04-28T06:11:17.421+0000] {processor.py:753} INFO - DAG(s) dict_keys(['example_dynamic_task_mapping']) retrieved from /home/airflow/.local/lib/python3.7/site-packages/airflow/example_dags/example_dynamic_task_mapping.py
[2023-04-28T06:11:17.448+0000] {logging_mixin.py:137} INFO - [2023-04-28T06:11:17.448+0000] {dag.py:2690} INFO - Sync 1 DAGs
[2023-04-28T06:11:17.469+0000] {logging_mixin.py:137} INFO - [2023-04-28T06:11:17.469+0000] {dag.py:3441} INFO - Setting next_dagrun for example_dynamic_task_mapping to 2022-03-04T00:00:00+00:00, run_after=2022-03-05T00:00:00+00:00
[2023-04-28T06:11:17.481+0000] {processor.py:175} INFO - Processing /home/airflow/.local/lib/python3.7/site-packages/airflow/example_dags/example_dynamic_task_mapping.py took 0.092 seconds
[2023-04-28T06:11:47.779+0000] {processor.py:153} INFO - Started process (PID=16176) to work on /home/airflow/.local/lib/python3.7/site-packages/airflow/example_dags/example_dynamic_task_mapping.py
[2023-04-28T06:11:47.781+0000] {processor.py:743} INFO - Processing file /home/airflow/.local/lib/python3.7/site-packages/airflow/example_dags/example_dynamic_task_mapping.py for tasks to queue
[2023-04-28T06:11:47.781+0000] {logging_mixin.py:137} INFO - [2023-04-28T06:11:47.781+0000] {dagbag.py:538} INFO - Filling up the DagBag from /home/airflow/.local/lib/python3.7/site-packages/airflow/example_dags/example_dynamic_task_mapping.py
[2023-04-28T06:11:47.798+0000] {processor.py:753} INFO - DAG(s) dict_keys(['example_dynamic_task_mapping']) retrieved from /home/airflow/.local/lib/python3.7/site-packages/airflow/example_dags/example_dynamic_task_mapping.py
[2023-04-28T06:11:47.818+0000] {logging_mixin.py:137} INFO - [2023-04-28T06:11:47.817+0000] {dag.py:2690} INFO - Sync 1 DAGs
[2023-04-28T06:11:47.834+0000] {logging_mixin.py:137} INFO - [2023-04-28T06:11:47.834+0000] {dag.py:3441} INFO - Setting next_dagrun for example_dynamic_task_mapping to 2022-03-04T00:00:00+00:00, run_after=2022-03-05T00:00:00+00:00
[2023-04-28T06:11:47.845+0000] {processor.py:175} INFO - Processing /home/airflow/.local/lib/python3.7/site-packages/airflow/example_dags/example_dynamic_task_mapping.py took 0.069 seconds
[2023-04-28T06:12:18.507+0000] {processor.py:153} INFO - Started process (PID=16254) to work on /home/airflow/.local/lib/python3.7/site-packages/airflow/example_dags/example_dynamic_task_mapping.py
[2023-04-28T06:12:18.509+0000] {processor.py:743} INFO - Processing file /home/airflow/.local/lib/python3.7/site-packages/airflow/example_dags/example_dynamic_task_mapping.py for tasks to queue
[2023-04-28T06:12:18.510+0000] {logging_mixin.py:137} INFO - [2023-04-28T06:12:18.509+0000] {dagbag.py:538} INFO - Filling up the DagBag from /home/airflow/.local/lib/python3.7/site-packages/airflow/example_dags/example_dynamic_task_mapping.py
[2023-04-28T06:12:18.527+0000] {processor.py:753} INFO - DAG(s) dict_keys(['example_dynamic_task_mapping']) retrieved from /home/airflow/.local/lib/python3.7/site-packages/airflow/example_dags/example_dynamic_task_mapping.py
[2023-04-28T06:12:18.547+0000] {logging_mixin.py:137} INFO - [2023-04-28T06:12:18.547+0000] {dag.py:2690} INFO - Sync 1 DAGs
[2023-04-28T06:12:18.563+0000] {logging_mixin.py:137} INFO - [2023-04-28T06:12:18.563+0000] {dag.py:3441} INFO - Setting next_dagrun for example_dynamic_task_mapping to 2022-03-04T00:00:00+00:00, run_after=2022-03-05T00:00:00+00:00
[2023-04-28T06:12:18.573+0000] {processor.py:175} INFO - Processing /home/airflow/.local/lib/python3.7/site-packages/airflow/example_dags/example_dynamic_task_mapping.py took 0.069 seconds
[2023-04-28T06:12:49.177+0000] {processor.py:153} INFO - Started process (PID=16331) to work on /home/airflow/.local/lib/python3.7/site-packages/airflow/example_dags/example_dynamic_task_mapping.py
[2023-04-28T06:12:49.178+0000] {processor.py:743} INFO - Processing file /home/airflow/.local/lib/python3.7/site-packages/airflow/example_dags/example_dynamic_task_mapping.py for tasks to queue
[2023-04-28T06:12:49.179+0000] {logging_mixin.py:137} INFO - [2023-04-28T06:12:49.179+0000] {dagbag.py:538} INFO - Filling up the DagBag from /home/airflow/.local/lib/python3.7/site-packages/airflow/example_dags/example_dynamic_task_mapping.py
[2023-04-28T06:12:49.197+0000] {processor.py:753} INFO - DAG(s) dict_keys(['example_dynamic_task_mapping']) retrieved from /home/airflow/.local/lib/python3.7/site-packages/airflow/example_dags/example_dynamic_task_mapping.py
[2023-04-28T06:12:49.217+0000] {logging_mixin.py:137} INFO - [2023-04-28T06:12:49.217+0000] {dag.py:2690} INFO - Sync 1 DAGs
[2023-04-28T06:12:49.233+0000] {logging_mixin.py:137} INFO - [2023-04-28T06:12:49.233+0000] {dag.py:3441} INFO - Setting next_dagrun for example_dynamic_task_mapping to 2022-03-04T00:00:00+00:00, run_after=2022-03-05T00:00:00+00:00
[2023-04-28T06:12:49.244+0000] {processor.py:175} INFO - Processing /home/airflow/.local/lib/python3.7/site-packages/airflow/example_dags/example_dynamic_task_mapping.py took 0.070 seconds
[2023-04-28T06:13:19.594+0000] {processor.py:153} INFO - Started process (PID=16398) to work on /home/airflow/.local/lib/python3.7/site-packages/airflow/example_dags/example_dynamic_task_mapping.py
[2023-04-28T06:13:19.596+0000] {processor.py:743} INFO - Processing file /home/airflow/.local/lib/python3.7/site-packages/airflow/example_dags/example_dynamic_task_mapping.py for tasks to queue
[2023-04-28T06:13:19.597+0000] {logging_mixin.py:137} INFO - [2023-04-28T06:13:19.597+0000] {dagbag.py:538} INFO - Filling up the DagBag from /home/airflow/.local/lib/python3.7/site-packages/airflow/example_dags/example_dynamic_task_mapping.py
[2023-04-28T06:13:19.620+0000] {processor.py:753} INFO - DAG(s) dict_keys(['example_dynamic_task_mapping']) retrieved from /home/airflow/.local/lib/python3.7/site-packages/airflow/example_dags/example_dynamic_task_mapping.py
[2023-04-28T06:13:19.645+0000] {logging_mixin.py:137} INFO - [2023-04-28T06:13:19.645+0000] {dag.py:2690} INFO - Sync 1 DAGs
[2023-04-28T06:13:19.662+0000] {logging_mixin.py:137} INFO - [2023-04-28T06:13:19.662+0000] {dag.py:3441} INFO - Setting next_dagrun for example_dynamic_task_mapping to 2022-03-04T00:00:00+00:00, run_after=2022-03-05T00:00:00+00:00
[2023-04-28T06:13:19.674+0000] {processor.py:175} INFO - Processing /home/airflow/.local/lib/python3.7/site-packages/airflow/example_dags/example_dynamic_task_mapping.py took 0.083 seconds
[2023-04-28T06:13:50.006+0000] {processor.py:153} INFO - Started process (PID=16476) to work on /home/airflow/.local/lib/python3.7/site-packages/airflow/example_dags/example_dynamic_task_mapping.py
[2023-04-28T06:13:50.007+0000] {processor.py:743} INFO - Processing file /home/airflow/.local/lib/python3.7/site-packages/airflow/example_dags/example_dynamic_task_mapping.py for tasks to queue
[2023-04-28T06:13:50.008+0000] {logging_mixin.py:137} INFO - [2023-04-28T06:13:50.008+0000] {dagbag.py:538} INFO - Filling up the DagBag from /home/airflow/.local/lib/python3.7/site-packages/airflow/example_dags/example_dynamic_task_mapping.py
[2023-04-28T06:13:50.025+0000] {processor.py:753} INFO - DAG(s) dict_keys(['example_dynamic_task_mapping']) retrieved from /home/airflow/.local/lib/python3.7/site-packages/airflow/example_dags/example_dynamic_task_mapping.py
[2023-04-28T06:13:50.045+0000] {logging_mixin.py:137} INFO - [2023-04-28T06:13:50.045+0000] {dag.py:2690} INFO - Sync 1 DAGs
[2023-04-28T06:13:50.061+0000] {logging_mixin.py:137} INFO - [2023-04-28T06:13:50.061+0000] {dag.py:3441} INFO - Setting next_dagrun for example_dynamic_task_mapping to 2022-03-04T00:00:00+00:00, run_after=2022-03-05T00:00:00+00:00
[2023-04-28T06:13:50.071+0000] {processor.py:175} INFO - Processing /home/airflow/.local/lib/python3.7/site-packages/airflow/example_dags/example_dynamic_task_mapping.py took 0.069 seconds
[2023-04-28T06:14:20.439+0000] {processor.py:153} INFO - Started process (PID=16554) to work on /home/airflow/.local/lib/python3.7/site-packages/airflow/example_dags/example_dynamic_task_mapping.py
[2023-04-28T06:14:20.441+0000] {processor.py:743} INFO - Processing file /home/airflow/.local/lib/python3.7/site-packages/airflow/example_dags/example_dynamic_task_mapping.py for tasks to queue
[2023-04-28T06:14:20.441+0000] {logging_mixin.py:137} INFO - [2023-04-28T06:14:20.441+0000] {dagbag.py:538} INFO - Filling up the DagBag from /home/airflow/.local/lib/python3.7/site-packages/airflow/example_dags/example_dynamic_task_mapping.py
[2023-04-28T06:14:20.459+0000] {processor.py:753} INFO - DAG(s) dict_keys(['example_dynamic_task_mapping']) retrieved from /home/airflow/.local/lib/python3.7/site-packages/airflow/example_dags/example_dynamic_task_mapping.py
[2023-04-28T06:14:20.479+0000] {logging_mixin.py:137} INFO - [2023-04-28T06:14:20.479+0000] {dag.py:2690} INFO - Sync 1 DAGs
[2023-04-28T06:14:20.495+0000] {logging_mixin.py:137} INFO - [2023-04-28T06:14:20.495+0000] {dag.py:3441} INFO - Setting next_dagrun for example_dynamic_task_mapping to 2022-03-04T00:00:00+00:00, run_after=2022-03-05T00:00:00+00:00
[2023-04-28T06:14:20.506+0000] {processor.py:175} INFO - Processing /home/airflow/.local/lib/python3.7/site-packages/airflow/example_dags/example_dynamic_task_mapping.py took 0.069 seconds
[2023-04-28T06:14:50.776+0000] {processor.py:153} INFO - Started process (PID=16619) to work on /home/airflow/.local/lib/python3.7/site-packages/airflow/example_dags/example_dynamic_task_mapping.py
[2023-04-28T06:14:50.777+0000] {processor.py:743} INFO - Processing file /home/airflow/.local/lib/python3.7/site-packages/airflow/example_dags/example_dynamic_task_mapping.py for tasks to queue
[2023-04-28T06:14:50.778+0000] {logging_mixin.py:137} INFO - [2023-04-28T06:14:50.778+0000] {dagbag.py:538} INFO - Filling up the DagBag from /home/airflow/.local/lib/python3.7/site-packages/airflow/example_dags/example_dynamic_task_mapping.py
[2023-04-28T06:14:50.795+0000] {processor.py:753} INFO - DAG(s) dict_keys(['example_dynamic_task_mapping']) retrieved from /home/airflow/.local/lib/python3.7/site-packages/airflow/example_dags/example_dynamic_task_mapping.py
[2023-04-28T06:14:50.815+0000] {logging_mixin.py:137} INFO - [2023-04-28T06:14:50.815+0000] {dag.py:2690} INFO - Sync 1 DAGs
[2023-04-28T06:14:50.831+0000] {logging_mixin.py:137} INFO - [2023-04-28T06:14:50.831+0000] {dag.py:3441} INFO - Setting next_dagrun for example_dynamic_task_mapping to 2022-03-04T00:00:00+00:00, run_after=2022-03-05T00:00:00+00:00
[2023-04-28T06:14:50.842+0000] {processor.py:175} INFO - Processing /home/airflow/.local/lib/python3.7/site-packages/airflow/example_dags/example_dynamic_task_mapping.py took 0.068 seconds
[2023-04-28T06:15:21.341+0000] {processor.py:153} INFO - Started process (PID=16697) to work on /home/airflow/.local/lib/python3.7/site-packages/airflow/example_dags/example_dynamic_task_mapping.py
[2023-04-28T06:15:21.342+0000] {processor.py:743} INFO - Processing file /home/airflow/.local/lib/python3.7/site-packages/airflow/example_dags/example_dynamic_task_mapping.py for tasks to queue
[2023-04-28T06:15:21.343+0000] {logging_mixin.py:137} INFO - [2023-04-28T06:15:21.343+0000] {dagbag.py:538} INFO - Filling up the DagBag from /home/airflow/.local/lib/python3.7/site-packages/airflow/example_dags/example_dynamic_task_mapping.py
[2023-04-28T06:15:21.360+0000] {processor.py:753} INFO - DAG(s) dict_keys(['example_dynamic_task_mapping']) retrieved from /home/airflow/.local/lib/python3.7/site-packages/airflow/example_dags/example_dynamic_task_mapping.py
[2023-04-28T06:15:21.379+0000] {logging_mixin.py:137} INFO - [2023-04-28T06:15:21.379+0000] {dag.py:2690} INFO - Sync 1 DAGs
[2023-04-28T06:15:21.396+0000] {logging_mixin.py:137} INFO - [2023-04-28T06:15:21.396+0000] {dag.py:3441} INFO - Setting next_dagrun for example_dynamic_task_mapping to 2022-03-04T00:00:00+00:00, run_after=2022-03-05T00:00:00+00:00
[2023-04-28T06:15:21.406+0000] {processor.py:175} INFO - Processing /home/airflow/.local/lib/python3.7/site-packages/airflow/example_dags/example_dynamic_task_mapping.py took 0.068 seconds
[2023-04-28T06:15:51.715+0000] {processor.py:153} INFO - Started process (PID=16774) to work on /home/airflow/.local/lib/python3.7/site-packages/airflow/example_dags/example_dynamic_task_mapping.py
[2023-04-28T06:15:51.716+0000] {processor.py:743} INFO - Processing file /home/airflow/.local/lib/python3.7/site-packages/airflow/example_dags/example_dynamic_task_mapping.py for tasks to queue
[2023-04-28T06:15:51.717+0000] {logging_mixin.py:137} INFO - [2023-04-28T06:15:51.717+0000] {dagbag.py:538} INFO - Filling up the DagBag from /home/airflow/.local/lib/python3.7/site-packages/airflow/example_dags/example_dynamic_task_mapping.py
[2023-04-28T06:15:51.734+0000] {processor.py:753} INFO - DAG(s) dict_keys(['example_dynamic_task_mapping']) retrieved from /home/airflow/.local/lib/python3.7/site-packages/airflow/example_dags/example_dynamic_task_mapping.py
[2023-04-28T06:15:51.753+0000] {logging_mixin.py:137} INFO - [2023-04-28T06:15:51.753+0000] {dag.py:2690} INFO - Sync 1 DAGs
[2023-04-28T06:15:51.769+0000] {logging_mixin.py:137} INFO - [2023-04-28T06:15:51.768+0000] {dag.py:3441} INFO - Setting next_dagrun for example_dynamic_task_mapping to 2022-03-04T00:00:00+00:00, run_after=2022-03-05T00:00:00+00:00
[2023-04-28T06:15:51.779+0000] {processor.py:175} INFO - Processing /home/airflow/.local/lib/python3.7/site-packages/airflow/example_dags/example_dynamic_task_mapping.py took 0.066 seconds
[2023-04-28T06:16:21.969+0000] {processor.py:153} INFO - Started process (PID=16839) to work on /home/airflow/.local/lib/python3.7/site-packages/airflow/example_dags/example_dynamic_task_mapping.py
[2023-04-28T06:16:21.970+0000] {processor.py:743} INFO - Processing file /home/airflow/.local/lib/python3.7/site-packages/airflow/example_dags/example_dynamic_task_mapping.py for tasks to queue
[2023-04-28T06:16:21.971+0000] {logging_mixin.py:137} INFO - [2023-04-28T06:16:21.970+0000] {dagbag.py:538} INFO - Filling up the DagBag from /home/airflow/.local/lib/python3.7/site-packages/airflow/example_dags/example_dynamic_task_mapping.py
[2023-04-28T06:16:21.989+0000] {processor.py:753} INFO - DAG(s) dict_keys(['example_dynamic_task_mapping']) retrieved from /home/airflow/.local/lib/python3.7/site-packages/airflow/example_dags/example_dynamic_task_mapping.py
[2023-04-28T06:16:22.010+0000] {logging_mixin.py:137} INFO - [2023-04-28T06:16:22.010+0000] {dag.py:2690} INFO - Sync 1 DAGs
[2023-04-28T06:16:22.025+0000] {logging_mixin.py:137} INFO - [2023-04-28T06:16:22.025+0000] {dag.py:3441} INFO - Setting next_dagrun for example_dynamic_task_mapping to 2022-03-04T00:00:00+00:00, run_after=2022-03-05T00:00:00+00:00
[2023-04-28T06:16:22.037+0000] {processor.py:175} INFO - Processing /home/airflow/.local/lib/python3.7/site-packages/airflow/example_dags/example_dynamic_task_mapping.py took 0.071 seconds
[2023-04-28T06:16:52.332+0000] {processor.py:153} INFO - Started process (PID=16917) to work on /home/airflow/.local/lib/python3.7/site-packages/airflow/example_dags/example_dynamic_task_mapping.py
[2023-04-28T06:16:52.335+0000] {processor.py:743} INFO - Processing file /home/airflow/.local/lib/python3.7/site-packages/airflow/example_dags/example_dynamic_task_mapping.py for tasks to queue
[2023-04-28T06:16:52.339+0000] {logging_mixin.py:137} INFO - [2023-04-28T06:16:52.339+0000] {dagbag.py:538} INFO - Filling up the DagBag from /home/airflow/.local/lib/python3.7/site-packages/airflow/example_dags/example_dynamic_task_mapping.py
[2023-04-28T06:16:52.357+0000] {processor.py:753} INFO - DAG(s) dict_keys(['example_dynamic_task_mapping']) retrieved from /home/airflow/.local/lib/python3.7/site-packages/airflow/example_dags/example_dynamic_task_mapping.py
[2023-04-28T06:16:52.377+0000] {logging_mixin.py:137} INFO - [2023-04-28T06:16:52.376+0000] {dag.py:2690} INFO - Sync 1 DAGs
[2023-04-28T06:16:52.393+0000] {logging_mixin.py:137} INFO - [2023-04-28T06:16:52.393+0000] {dag.py:3441} INFO - Setting next_dagrun for example_dynamic_task_mapping to 2022-03-04T00:00:00+00:00, run_after=2022-03-05T00:00:00+00:00
[2023-04-28T06:16:52.405+0000] {processor.py:175} INFO - Processing /home/airflow/.local/lib/python3.7/site-packages/airflow/example_dags/example_dynamic_task_mapping.py took 0.076 seconds
[2023-04-28T06:17:22.895+0000] {processor.py:153} INFO - Started process (PID=16995) to work on /home/airflow/.local/lib/python3.7/site-packages/airflow/example_dags/example_dynamic_task_mapping.py
[2023-04-28T06:17:22.897+0000] {processor.py:743} INFO - Processing file /home/airflow/.local/lib/python3.7/site-packages/airflow/example_dags/example_dynamic_task_mapping.py for tasks to queue
[2023-04-28T06:17:22.898+0000] {logging_mixin.py:137} INFO - [2023-04-28T06:17:22.897+0000] {dagbag.py:538} INFO - Filling up the DagBag from /home/airflow/.local/lib/python3.7/site-packages/airflow/example_dags/example_dynamic_task_mapping.py
[2023-04-28T06:17:22.915+0000] {processor.py:753} INFO - DAG(s) dict_keys(['example_dynamic_task_mapping']) retrieved from /home/airflow/.local/lib/python3.7/site-packages/airflow/example_dags/example_dynamic_task_mapping.py
[2023-04-28T06:17:22.934+0000] {logging_mixin.py:137} INFO - [2023-04-28T06:17:22.934+0000] {dag.py:2690} INFO - Sync 1 DAGs
[2023-04-28T06:17:22.949+0000] {logging_mixin.py:137} INFO - [2023-04-28T06:17:22.949+0000] {dag.py:3441} INFO - Setting next_dagrun for example_dynamic_task_mapping to 2022-03-04T00:00:00+00:00, run_after=2022-03-05T00:00:00+00:00
[2023-04-28T06:17:22.960+0000] {processor.py:175} INFO - Processing /home/airflow/.local/lib/python3.7/site-packages/airflow/example_dags/example_dynamic_task_mapping.py took 0.067 seconds
[2023-04-28T06:17:53.240+0000] {processor.py:153} INFO - Started process (PID=17061) to work on /home/airflow/.local/lib/python3.7/site-packages/airflow/example_dags/example_dynamic_task_mapping.py
[2023-04-28T06:17:53.242+0000] {processor.py:743} INFO - Processing file /home/airflow/.local/lib/python3.7/site-packages/airflow/example_dags/example_dynamic_task_mapping.py for tasks to queue
[2023-04-28T06:17:53.242+0000] {logging_mixin.py:137} INFO - [2023-04-28T06:17:53.242+0000] {dagbag.py:538} INFO - Filling up the DagBag from /home/airflow/.local/lib/python3.7/site-packages/airflow/example_dags/example_dynamic_task_mapping.py
[2023-04-28T06:17:53.260+0000] {processor.py:753} INFO - DAG(s) dict_keys(['example_dynamic_task_mapping']) retrieved from /home/airflow/.local/lib/python3.7/site-packages/airflow/example_dags/example_dynamic_task_mapping.py
[2023-04-28T06:17:53.279+0000] {logging_mixin.py:137} INFO - [2023-04-28T06:17:53.279+0000] {dag.py:2690} INFO - Sync 1 DAGs
[2023-04-28T06:17:53.294+0000] {logging_mixin.py:137} INFO - [2023-04-28T06:17:53.294+0000] {dag.py:3441} INFO - Setting next_dagrun for example_dynamic_task_mapping to 2022-03-04T00:00:00+00:00, run_after=2022-03-05T00:00:00+00:00
[2023-04-28T06:17:53.304+0000] {processor.py:175} INFO - Processing /home/airflow/.local/lib/python3.7/site-packages/airflow/example_dags/example_dynamic_task_mapping.py took 0.067 seconds
[2023-04-28T06:18:23.889+0000] {processor.py:153} INFO - Started process (PID=17139) to work on /home/airflow/.local/lib/python3.7/site-packages/airflow/example_dags/example_dynamic_task_mapping.py
[2023-04-28T06:18:23.890+0000] {processor.py:743} INFO - Processing file /home/airflow/.local/lib/python3.7/site-packages/airflow/example_dags/example_dynamic_task_mapping.py for tasks to queue
[2023-04-28T06:18:23.891+0000] {logging_mixin.py:137} INFO - [2023-04-28T06:18:23.891+0000] {dagbag.py:538} INFO - Filling up the DagBag from /home/airflow/.local/lib/python3.7/site-packages/airflow/example_dags/example_dynamic_task_mapping.py
[2023-04-28T06:18:23.909+0000] {processor.py:753} INFO - DAG(s) dict_keys(['example_dynamic_task_mapping']) retrieved from /home/airflow/.local/lib/python3.7/site-packages/airflow/example_dags/example_dynamic_task_mapping.py
[2023-04-28T06:18:23.928+0000] {logging_mixin.py:137} INFO - [2023-04-28T06:18:23.928+0000] {dag.py:2690} INFO - Sync 1 DAGs
[2023-04-28T06:18:23.944+0000] {logging_mixin.py:137} INFO - [2023-04-28T06:18:23.944+0000] {dag.py:3441} INFO - Setting next_dagrun for example_dynamic_task_mapping to 2022-03-04T00:00:00+00:00, run_after=2022-03-05T00:00:00+00:00
[2023-04-28T06:18:23.955+0000] {processor.py:175} INFO - Processing /home/airflow/.local/lib/python3.7/site-packages/airflow/example_dags/example_dynamic_task_mapping.py took 0.068 seconds
[2023-04-28T06:18:54.197+0000] {processor.py:153} INFO - Started process (PID=17217) to work on /home/airflow/.local/lib/python3.7/site-packages/airflow/example_dags/example_dynamic_task_mapping.py
[2023-04-28T06:18:54.198+0000] {processor.py:743} INFO - Processing file /home/airflow/.local/lib/python3.7/site-packages/airflow/example_dags/example_dynamic_task_mapping.py for tasks to queue
[2023-04-28T06:18:54.199+0000] {logging_mixin.py:137} INFO - [2023-04-28T06:18:54.199+0000] {dagbag.py:538} INFO - Filling up the DagBag from /home/airflow/.local/lib/python3.7/site-packages/airflow/example_dags/example_dynamic_task_mapping.py
[2023-04-28T06:18:54.216+0000] {processor.py:753} INFO - DAG(s) dict_keys(['example_dynamic_task_mapping']) retrieved from /home/airflow/.local/lib/python3.7/site-packages/airflow/example_dags/example_dynamic_task_mapping.py
[2023-04-28T06:18:54.236+0000] {logging_mixin.py:137} INFO - [2023-04-28T06:18:54.236+0000] {dag.py:2690} INFO - Sync 1 DAGs
[2023-04-28T06:18:54.252+0000] {logging_mixin.py:137} INFO - [2023-04-28T06:18:54.252+0000] {dag.py:3441} INFO - Setting next_dagrun for example_dynamic_task_mapping to 2022-03-04T00:00:00+00:00, run_after=2022-03-05T00:00:00+00:00
[2023-04-28T06:18:54.263+0000] {processor.py:175} INFO - Processing /home/airflow/.local/lib/python3.7/site-packages/airflow/example_dags/example_dynamic_task_mapping.py took 0.068 seconds
