[2023-04-28T00:36:30.397+0000] {processor.py:153} INFO - Started process (PID=14544) to work on /home/airflow/.local/lib/python3.7/site-packages/airflow/example_dags/example_short_circuit_operator.py
[2023-04-28T00:36:30.398+0000] {processor.py:743} INFO - Processing file /home/airflow/.local/lib/python3.7/site-packages/airflow/example_dags/example_short_circuit_operator.py for tasks to queue
[2023-04-28T00:36:30.399+0000] {logging_mixin.py:137} INFO - [2023-04-28T00:36:30.399+0000] {dagbag.py:538} INFO - Filling up the DagBag from /home/airflow/.local/lib/python3.7/site-packages/airflow/example_dags/example_short_circuit_operator.py
[2023-04-28T00:36:30.413+0000] {processor.py:753} INFO - DAG(s) dict_keys(['example_short_circuit_operator']) retrieved from /home/airflow/.local/lib/python3.7/site-packages/airflow/example_dags/example_short_circuit_operator.py
[2023-04-28T00:36:30.437+0000] {logging_mixin.py:137} INFO - [2023-04-28T00:36:30.437+0000] {dag.py:2690} INFO - Sync 1 DAGs
[2023-04-28T00:36:30.456+0000] {logging_mixin.py:137} INFO - [2023-04-28T00:36:30.456+0000] {dag.py:3441} INFO - Setting next_dagrun for example_short_circuit_operator to 2023-04-27T00:36:30.456200+00:00, run_after=2023-04-28T00:36:30.456200+00:00
[2023-04-28T00:36:30.469+0000] {processor.py:175} INFO - Processing /home/airflow/.local/lib/python3.7/site-packages/airflow/example_dags/example_short_circuit_operator.py took 0.076 seconds
[2023-04-28T01:42:51.702+0000] {processor.py:153} INFO - Started process (PID=14614) to work on /home/airflow/.local/lib/python3.7/site-packages/airflow/example_dags/example_short_circuit_operator.py
[2023-04-28T01:42:51.703+0000] {processor.py:743} INFO - Processing file /home/airflow/.local/lib/python3.7/site-packages/airflow/example_dags/example_short_circuit_operator.py for tasks to queue
[2023-04-28T01:42:51.703+0000] {logging_mixin.py:137} INFO - [2023-04-28T01:42:51.703+0000] {dagbag.py:538} INFO - Filling up the DagBag from /home/airflow/.local/lib/python3.7/site-packages/airflow/example_dags/example_short_circuit_operator.py
[2023-04-28T01:42:51.718+0000] {processor.py:753} INFO - DAG(s) dict_keys(['example_short_circuit_operator']) retrieved from /home/airflow/.local/lib/python3.7/site-packages/airflow/example_dags/example_short_circuit_operator.py
[2023-04-28T01:42:51.742+0000] {logging_mixin.py:137} INFO - [2023-04-28T01:42:51.741+0000] {dag.py:2690} INFO - Sync 1 DAGs
[2023-04-28T01:42:51.763+0000] {logging_mixin.py:137} INFO - [2023-04-28T01:42:51.763+0000] {dag.py:3441} INFO - Setting next_dagrun for example_short_circuit_operator to 2023-04-27T01:42:51.763536+00:00, run_after=2023-04-28T01:42:51.763536+00:00
[2023-04-28T01:42:51.779+0000] {processor.py:175} INFO - Processing /home/airflow/.local/lib/python3.7/site-packages/airflow/example_dags/example_short_circuit_operator.py took 0.080 seconds
[2023-04-28T02:48:40.346+0000] {processor.py:153} INFO - Started process (PID=14692) to work on /home/airflow/.local/lib/python3.7/site-packages/airflow/example_dags/example_short_circuit_operator.py
[2023-04-28T02:48:40.347+0000] {processor.py:743} INFO - Processing file /home/airflow/.local/lib/python3.7/site-packages/airflow/example_dags/example_short_circuit_operator.py for tasks to queue
[2023-04-28T02:48:40.348+0000] {logging_mixin.py:137} INFO - [2023-04-28T02:48:40.348+0000] {dagbag.py:538} INFO - Filling up the DagBag from /home/airflow/.local/lib/python3.7/site-packages/airflow/example_dags/example_short_circuit_operator.py
[2023-04-28T02:48:40.359+0000] {processor.py:753} INFO - DAG(s) dict_keys(['example_short_circuit_operator']) retrieved from /home/airflow/.local/lib/python3.7/site-packages/airflow/example_dags/example_short_circuit_operator.py
[2023-04-28T02:48:40.378+0000] {logging_mixin.py:137} INFO - [2023-04-28T02:48:40.378+0000] {dag.py:2690} INFO - Sync 1 DAGs
[2023-04-28T02:48:40.393+0000] {logging_mixin.py:137} INFO - [2023-04-28T02:48:40.393+0000] {dag.py:3441} INFO - Setting next_dagrun for example_short_circuit_operator to 2023-04-27T02:48:40.393229+00:00, run_after=2023-04-28T02:48:40.393229+00:00
[2023-04-28T02:48:40.404+0000] {processor.py:175} INFO - Processing /home/airflow/.local/lib/python3.7/site-packages/airflow/example_dags/example_short_circuit_operator.py took 0.060 seconds
[2023-04-28T03:54:53.591+0000] {processor.py:153} INFO - Started process (PID=14769) to work on /home/airflow/.local/lib/python3.7/site-packages/airflow/example_dags/example_short_circuit_operator.py
[2023-04-28T03:54:53.593+0000] {processor.py:743} INFO - Processing file /home/airflow/.local/lib/python3.7/site-packages/airflow/example_dags/example_short_circuit_operator.py for tasks to queue
[2023-04-28T03:54:53.593+0000] {logging_mixin.py:137} INFO - [2023-04-28T03:54:53.593+0000] {dagbag.py:538} INFO - Filling up the DagBag from /home/airflow/.local/lib/python3.7/site-packages/airflow/example_dags/example_short_circuit_operator.py
[2023-04-28T03:54:53.606+0000] {processor.py:753} INFO - DAG(s) dict_keys(['example_short_circuit_operator']) retrieved from /home/airflow/.local/lib/python3.7/site-packages/airflow/example_dags/example_short_circuit_operator.py
[2023-04-28T03:54:53.628+0000] {logging_mixin.py:137} INFO - [2023-04-28T03:54:53.627+0000] {dag.py:2690} INFO - Sync 1 DAGs
[2023-04-28T03:54:53.643+0000] {logging_mixin.py:137} INFO - [2023-04-28T03:54:53.643+0000] {dag.py:3441} INFO - Setting next_dagrun for example_short_circuit_operator to 2023-04-27T03:54:53.643360+00:00, run_after=2023-04-28T03:54:53.643360+00:00
[2023-04-28T03:54:53.655+0000] {processor.py:175} INFO - Processing /home/airflow/.local/lib/python3.7/site-packages/airflow/example_dags/example_short_circuit_operator.py took 0.066 seconds
[2023-04-28T05:16:15.260+0000] {processor.py:153} INFO - Started process (PID=14835) to work on /home/airflow/.local/lib/python3.7/site-packages/airflow/example_dags/example_short_circuit_operator.py
[2023-04-28T05:16:15.262+0000] {processor.py:743} INFO - Processing file /home/airflow/.local/lib/python3.7/site-packages/airflow/example_dags/example_short_circuit_operator.py for tasks to queue
[2023-04-28T05:16:15.262+0000] {logging_mixin.py:137} INFO - [2023-04-28T05:16:15.262+0000] {dagbag.py:538} INFO - Filling up the DagBag from /home/airflow/.local/lib/python3.7/site-packages/airflow/example_dags/example_short_circuit_operator.py
[2023-04-28T05:16:15.276+0000] {processor.py:753} INFO - DAG(s) dict_keys(['example_short_circuit_operator']) retrieved from /home/airflow/.local/lib/python3.7/site-packages/airflow/example_dags/example_short_circuit_operator.py
[2023-04-28T05:16:15.297+0000] {logging_mixin.py:137} INFO - [2023-04-28T05:16:15.297+0000] {dag.py:2690} INFO - Sync 1 DAGs
[2023-04-28T05:16:15.313+0000] {logging_mixin.py:137} INFO - [2023-04-28T05:16:15.313+0000] {dag.py:3441} INFO - Setting next_dagrun for example_short_circuit_operator to 2023-04-27T05:16:15.313203+00:00, run_after=2023-04-28T05:16:15.313203+00:00
[2023-04-28T05:16:15.324+0000] {processor.py:175} INFO - Processing /home/airflow/.local/lib/python3.7/site-packages/airflow/example_dags/example_short_circuit_operator.py took 0.067 seconds
[2023-04-28T05:32:12.086+0000] {processor.py:153} INFO - Started process (PID=14915) to work on /home/airflow/.local/lib/python3.7/site-packages/airflow/example_dags/example_short_circuit_operator.py
[2023-04-28T05:32:12.089+0000] {processor.py:743} INFO - Processing file /home/airflow/.local/lib/python3.7/site-packages/airflow/example_dags/example_short_circuit_operator.py for tasks to queue
[2023-04-28T05:32:12.090+0000] {logging_mixin.py:137} INFO - [2023-04-28T05:32:12.090+0000] {dagbag.py:538} INFO - Filling up the DagBag from /home/airflow/.local/lib/python3.7/site-packages/airflow/example_dags/example_short_circuit_operator.py
[2023-04-28T05:32:12.116+0000] {processor.py:753} INFO - DAG(s) dict_keys(['example_short_circuit_operator']) retrieved from /home/airflow/.local/lib/python3.7/site-packages/airflow/example_dags/example_short_circuit_operator.py
[2023-04-28T05:32:12.154+0000] {logging_mixin.py:137} INFO - [2023-04-28T05:32:12.154+0000] {dag.py:2690} INFO - Sync 1 DAGs
[2023-04-28T05:32:12.184+0000] {logging_mixin.py:137} INFO - [2023-04-28T05:32:12.184+0000] {dag.py:3441} INFO - Setting next_dagrun for example_short_circuit_operator to 2023-04-27T05:32:12.184486+00:00, run_after=2023-04-28T05:32:12.184486+00:00
[2023-04-28T05:32:12.213+0000] {processor.py:175} INFO - Processing /home/airflow/.local/lib/python3.7/site-packages/airflow/example_dags/example_short_circuit_operator.py took 0.139 seconds
[2023-04-28T05:32:42.403+0000] {processor.py:153} INFO - Started process (PID=14992) to work on /home/airflow/.local/lib/python3.7/site-packages/airflow/example_dags/example_short_circuit_operator.py
[2023-04-28T05:32:42.405+0000] {processor.py:743} INFO - Processing file /home/airflow/.local/lib/python3.7/site-packages/airflow/example_dags/example_short_circuit_operator.py for tasks to queue
[2023-04-28T05:32:42.406+0000] {logging_mixin.py:137} INFO - [2023-04-28T05:32:42.406+0000] {dagbag.py:538} INFO - Filling up the DagBag from /home/airflow/.local/lib/python3.7/site-packages/airflow/example_dags/example_short_circuit_operator.py
[2023-04-28T05:32:42.418+0000] {processor.py:753} INFO - DAG(s) dict_keys(['example_short_circuit_operator']) retrieved from /home/airflow/.local/lib/python3.7/site-packages/airflow/example_dags/example_short_circuit_operator.py
[2023-04-28T05:32:42.437+0000] {logging_mixin.py:137} INFO - [2023-04-28T05:32:42.437+0000] {dag.py:2690} INFO - Sync 1 DAGs
[2023-04-28T05:32:42.452+0000] {logging_mixin.py:137} INFO - [2023-04-28T05:32:42.452+0000] {dag.py:3441} INFO - Setting next_dagrun for example_short_circuit_operator to 2023-04-27T05:32:42.452678+00:00, run_after=2023-04-28T05:32:42.452678+00:00
[2023-04-28T05:32:42.464+0000] {processor.py:175} INFO - Processing /home/airflow/.local/lib/python3.7/site-packages/airflow/example_dags/example_short_circuit_operator.py took 0.064 seconds
[2023-04-28T06:03:54.928+0000] {processor.py:153} INFO - Started process (PID=15059) to work on /home/airflow/.local/lib/python3.7/site-packages/airflow/example_dags/example_short_circuit_operator.py
[2023-04-28T06:03:54.933+0000] {processor.py:743} INFO - Processing file /home/airflow/.local/lib/python3.7/site-packages/airflow/example_dags/example_short_circuit_operator.py for tasks to queue
[2023-04-28T06:03:54.935+0000] {logging_mixin.py:137} INFO - [2023-04-28T06:03:54.934+0000] {dagbag.py:538} INFO - Filling up the DagBag from /home/airflow/.local/lib/python3.7/site-packages/airflow/example_dags/example_short_circuit_operator.py
[2023-04-28T06:03:54.957+0000] {processor.py:753} INFO - DAG(s) dict_keys(['example_short_circuit_operator']) retrieved from /home/airflow/.local/lib/python3.7/site-packages/airflow/example_dags/example_short_circuit_operator.py
[2023-04-28T06:03:55.007+0000] {logging_mixin.py:137} INFO - [2023-04-28T06:03:55.007+0000] {dag.py:2690} INFO - Sync 1 DAGs
[2023-04-28T06:03:55.026+0000] {logging_mixin.py:137} INFO - [2023-04-28T06:03:55.026+0000] {dag.py:3441} INFO - Setting next_dagrun for example_short_circuit_operator to 2023-04-27T06:03:55.026229+00:00, run_after=2023-04-28T06:03:55.026229+00:00
[2023-04-28T06:03:55.039+0000] {processor.py:175} INFO - Processing /home/airflow/.local/lib/python3.7/site-packages/airflow/example_dags/example_short_circuit_operator.py took 0.115 seconds
[2023-04-28T06:04:40.571+0000] {processor.py:153} INFO - Started process (PID=15138) to work on /home/airflow/.local/lib/python3.7/site-packages/airflow/example_dags/example_short_circuit_operator.py
[2023-04-28T06:04:40.572+0000] {processor.py:743} INFO - Processing file /home/airflow/.local/lib/python3.7/site-packages/airflow/example_dags/example_short_circuit_operator.py for tasks to queue
[2023-04-28T06:04:40.574+0000] {logging_mixin.py:137} INFO - [2023-04-28T06:04:40.574+0000] {dagbag.py:538} INFO - Filling up the DagBag from /home/airflow/.local/lib/python3.7/site-packages/airflow/example_dags/example_short_circuit_operator.py
[2023-04-28T06:04:40.586+0000] {processor.py:753} INFO - DAG(s) dict_keys(['example_short_circuit_operator']) retrieved from /home/airflow/.local/lib/python3.7/site-packages/airflow/example_dags/example_short_circuit_operator.py
[2023-04-28T06:04:40.605+0000] {logging_mixin.py:137} INFO - [2023-04-28T06:04:40.605+0000] {dag.py:2690} INFO - Sync 1 DAGs
[2023-04-28T06:04:40.621+0000] {logging_mixin.py:137} INFO - [2023-04-28T06:04:40.621+0000] {dag.py:3441} INFO - Setting next_dagrun for example_short_circuit_operator to 2023-04-27T06:04:40.621549+00:00, run_after=2023-04-28T06:04:40.621549+00:00
[2023-04-28T06:04:40.632+0000] {processor.py:175} INFO - Processing /home/airflow/.local/lib/python3.7/site-packages/airflow/example_dags/example_short_circuit_operator.py took 0.063 seconds
[2023-04-28T06:05:11.045+0000] {processor.py:153} INFO - Started process (PID=15216) to work on /home/airflow/.local/lib/python3.7/site-packages/airflow/example_dags/example_short_circuit_operator.py
[2023-04-28T06:05:11.052+0000] {processor.py:743} INFO - Processing file /home/airflow/.local/lib/python3.7/site-packages/airflow/example_dags/example_short_circuit_operator.py for tasks to queue
[2023-04-28T06:05:11.053+0000] {logging_mixin.py:137} INFO - [2023-04-28T06:05:11.053+0000] {dagbag.py:538} INFO - Filling up the DagBag from /home/airflow/.local/lib/python3.7/site-packages/airflow/example_dags/example_short_circuit_operator.py
[2023-04-28T06:05:11.075+0000] {processor.py:753} INFO - DAG(s) dict_keys(['example_short_circuit_operator']) retrieved from /home/airflow/.local/lib/python3.7/site-packages/airflow/example_dags/example_short_circuit_operator.py
[2023-04-28T06:05:11.103+0000] {logging_mixin.py:137} INFO - [2023-04-28T06:05:11.103+0000] {dag.py:2690} INFO - Sync 1 DAGs
[2023-04-28T06:05:11.128+0000] {logging_mixin.py:137} INFO - [2023-04-28T06:05:11.128+0000] {dag.py:3441} INFO - Setting next_dagrun for example_short_circuit_operator to 2023-04-27T06:05:11.127819+00:00, run_after=2023-04-28T06:05:11.127819+00:00
[2023-04-28T06:05:11.143+0000] {processor.py:175} INFO - Processing /home/airflow/.local/lib/python3.7/site-packages/airflow/example_dags/example_short_circuit_operator.py took 0.101 seconds
[2023-04-28T06:05:41.713+0000] {processor.py:153} INFO - Started process (PID=15282) to work on /home/airflow/.local/lib/python3.7/site-packages/airflow/example_dags/example_short_circuit_operator.py
[2023-04-28T06:05:41.714+0000] {processor.py:743} INFO - Processing file /home/airflow/.local/lib/python3.7/site-packages/airflow/example_dags/example_short_circuit_operator.py for tasks to queue
[2023-04-28T06:05:41.715+0000] {logging_mixin.py:137} INFO - [2023-04-28T06:05:41.715+0000] {dagbag.py:538} INFO - Filling up the DagBag from /home/airflow/.local/lib/python3.7/site-packages/airflow/example_dags/example_short_circuit_operator.py
[2023-04-28T06:05:41.728+0000] {processor.py:753} INFO - DAG(s) dict_keys(['example_short_circuit_operator']) retrieved from /home/airflow/.local/lib/python3.7/site-packages/airflow/example_dags/example_short_circuit_operator.py
[2023-04-28T06:05:41.748+0000] {logging_mixin.py:137} INFO - [2023-04-28T06:05:41.748+0000] {dag.py:2690} INFO - Sync 1 DAGs
[2023-04-28T06:05:41.763+0000] {logging_mixin.py:137} INFO - [2023-04-28T06:05:41.763+0000] {dag.py:3441} INFO - Setting next_dagrun for example_short_circuit_operator to 2023-04-27T06:05:41.763421+00:00, run_after=2023-04-28T06:05:41.763421+00:00
[2023-04-28T06:05:41.774+0000] {processor.py:175} INFO - Processing /home/airflow/.local/lib/python3.7/site-packages/airflow/example_dags/example_short_circuit_operator.py took 0.065 seconds
[2023-04-28T06:06:11.992+0000] {processor.py:153} INFO - Started process (PID=15362) to work on /home/airflow/.local/lib/python3.7/site-packages/airflow/example_dags/example_short_circuit_operator.py
[2023-04-28T06:06:11.993+0000] {processor.py:743} INFO - Processing file /home/airflow/.local/lib/python3.7/site-packages/airflow/example_dags/example_short_circuit_operator.py for tasks to queue
[2023-04-28T06:06:11.994+0000] {logging_mixin.py:137} INFO - [2023-04-28T06:06:11.993+0000] {dagbag.py:538} INFO - Filling up the DagBag from /home/airflow/.local/lib/python3.7/site-packages/airflow/example_dags/example_short_circuit_operator.py
[2023-04-28T06:06:12.007+0000] {processor.py:753} INFO - DAG(s) dict_keys(['example_short_circuit_operator']) retrieved from /home/airflow/.local/lib/python3.7/site-packages/airflow/example_dags/example_short_circuit_operator.py
[2023-04-28T06:06:12.027+0000] {logging_mixin.py:137} INFO - [2023-04-28T06:06:12.027+0000] {dag.py:2690} INFO - Sync 1 DAGs
[2023-04-28T06:06:12.043+0000] {logging_mixin.py:137} INFO - [2023-04-28T06:06:12.043+0000] {dag.py:3441} INFO - Setting next_dagrun for example_short_circuit_operator to 2023-04-27T06:06:12.042977+00:00, run_after=2023-04-28T06:06:12.042977+00:00
[2023-04-28T06:06:12.054+0000] {processor.py:175} INFO - Processing /home/airflow/.local/lib/python3.7/site-packages/airflow/example_dags/example_short_circuit_operator.py took 0.065 seconds
[2023-04-28T06:06:42.452+0000] {processor.py:153} INFO - Started process (PID=15439) to work on /home/airflow/.local/lib/python3.7/site-packages/airflow/example_dags/example_short_circuit_operator.py
[2023-04-28T06:06:42.453+0000] {processor.py:743} INFO - Processing file /home/airflow/.local/lib/python3.7/site-packages/airflow/example_dags/example_short_circuit_operator.py for tasks to queue
[2023-04-28T06:06:42.454+0000] {logging_mixin.py:137} INFO - [2023-04-28T06:06:42.454+0000] {dagbag.py:538} INFO - Filling up the DagBag from /home/airflow/.local/lib/python3.7/site-packages/airflow/example_dags/example_short_circuit_operator.py
[2023-04-28T06:06:42.468+0000] {processor.py:753} INFO - DAG(s) dict_keys(['example_short_circuit_operator']) retrieved from /home/airflow/.local/lib/python3.7/site-packages/airflow/example_dags/example_short_circuit_operator.py
[2023-04-28T06:06:42.493+0000] {logging_mixin.py:137} INFO - [2023-04-28T06:06:42.493+0000] {dag.py:2690} INFO - Sync 1 DAGs
[2023-04-28T06:06:42.512+0000] {logging_mixin.py:137} INFO - [2023-04-28T06:06:42.512+0000] {dag.py:3441} INFO - Setting next_dagrun for example_short_circuit_operator to 2023-04-27T06:06:42.512267+00:00, run_after=2023-04-28T06:06:42.512267+00:00
[2023-04-28T06:06:42.526+0000] {processor.py:175} INFO - Processing /home/airflow/.local/lib/python3.7/site-packages/airflow/example_dags/example_short_circuit_operator.py took 0.083 seconds
[2023-04-28T06:07:13.064+0000] {processor.py:153} INFO - Started process (PID=15506) to work on /home/airflow/.local/lib/python3.7/site-packages/airflow/example_dags/example_short_circuit_operator.py
[2023-04-28T06:07:13.066+0000] {processor.py:743} INFO - Processing file /home/airflow/.local/lib/python3.7/site-packages/airflow/example_dags/example_short_circuit_operator.py for tasks to queue
[2023-04-28T06:07:13.066+0000] {logging_mixin.py:137} INFO - [2023-04-28T06:07:13.066+0000] {dagbag.py:538} INFO - Filling up the DagBag from /home/airflow/.local/lib/python3.7/site-packages/airflow/example_dags/example_short_circuit_operator.py
[2023-04-28T06:07:13.079+0000] {processor.py:753} INFO - DAG(s) dict_keys(['example_short_circuit_operator']) retrieved from /home/airflow/.local/lib/python3.7/site-packages/airflow/example_dags/example_short_circuit_operator.py
[2023-04-28T06:07:13.100+0000] {logging_mixin.py:137} INFO - [2023-04-28T06:07:13.100+0000] {dag.py:2690} INFO - Sync 1 DAGs
[2023-04-28T06:07:13.115+0000] {logging_mixin.py:137} INFO - [2023-04-28T06:07:13.115+0000] {dag.py:3441} INFO - Setting next_dagrun for example_short_circuit_operator to 2023-04-27T06:07:13.115297+00:00, run_after=2023-04-28T06:07:13.115297+00:00
[2023-04-28T06:07:13.127+0000] {processor.py:175} INFO - Processing /home/airflow/.local/lib/python3.7/site-packages/airflow/example_dags/example_short_circuit_operator.py took 0.065 seconds
[2023-04-28T06:07:43.498+0000] {processor.py:153} INFO - Started process (PID=15584) to work on /home/airflow/.local/lib/python3.7/site-packages/airflow/example_dags/example_short_circuit_operator.py
[2023-04-28T06:07:43.500+0000] {processor.py:743} INFO - Processing file /home/airflow/.local/lib/python3.7/site-packages/airflow/example_dags/example_short_circuit_operator.py for tasks to queue
[2023-04-28T06:07:43.501+0000] {logging_mixin.py:137} INFO - [2023-04-28T06:07:43.501+0000] {dagbag.py:538} INFO - Filling up the DagBag from /home/airflow/.local/lib/python3.7/site-packages/airflow/example_dags/example_short_circuit_operator.py
[2023-04-28T06:07:43.514+0000] {processor.py:753} INFO - DAG(s) dict_keys(['example_short_circuit_operator']) retrieved from /home/airflow/.local/lib/python3.7/site-packages/airflow/example_dags/example_short_circuit_operator.py
[2023-04-28T06:07:43.535+0000] {logging_mixin.py:137} INFO - [2023-04-28T06:07:43.535+0000] {dag.py:2690} INFO - Sync 1 DAGs
[2023-04-28T06:07:43.550+0000] {logging_mixin.py:137} INFO - [2023-04-28T06:07:43.550+0000] {dag.py:3441} INFO - Setting next_dagrun for example_short_circuit_operator to 2023-04-27T06:07:43.550577+00:00, run_after=2023-04-28T06:07:43.550577+00:00
[2023-04-28T06:07:43.562+0000] {processor.py:175} INFO - Processing /home/airflow/.local/lib/python3.7/site-packages/airflow/example_dags/example_short_circuit_operator.py took 0.068 seconds
[2023-04-28T06:08:13.972+0000] {processor.py:153} INFO - Started process (PID=15662) to work on /home/airflow/.local/lib/python3.7/site-packages/airflow/example_dags/example_short_circuit_operator.py
[2023-04-28T06:08:13.973+0000] {processor.py:743} INFO - Processing file /home/airflow/.local/lib/python3.7/site-packages/airflow/example_dags/example_short_circuit_operator.py for tasks to queue
[2023-04-28T06:08:13.974+0000] {logging_mixin.py:137} INFO - [2023-04-28T06:08:13.974+0000] {dagbag.py:538} INFO - Filling up the DagBag from /home/airflow/.local/lib/python3.7/site-packages/airflow/example_dags/example_short_circuit_operator.py
[2023-04-28T06:08:13.987+0000] {processor.py:753} INFO - DAG(s) dict_keys(['example_short_circuit_operator']) retrieved from /home/airflow/.local/lib/python3.7/site-packages/airflow/example_dags/example_short_circuit_operator.py
[2023-04-28T06:08:14.008+0000] {logging_mixin.py:137} INFO - [2023-04-28T06:08:14.008+0000] {dag.py:2690} INFO - Sync 1 DAGs
[2023-04-28T06:08:14.024+0000] {logging_mixin.py:137} INFO - [2023-04-28T06:08:14.024+0000] {dag.py:3441} INFO - Setting next_dagrun for example_short_circuit_operator to 2023-04-27T06:08:14.024166+00:00, run_after=2023-04-28T06:08:14.024166+00:00
[2023-04-28T06:08:14.039+0000] {processor.py:175} INFO - Processing /home/airflow/.local/lib/python3.7/site-packages/airflow/example_dags/example_short_circuit_operator.py took 0.069 seconds
[2023-04-28T06:08:44.433+0000] {processor.py:153} INFO - Started process (PID=15728) to work on /home/airflow/.local/lib/python3.7/site-packages/airflow/example_dags/example_short_circuit_operator.py
[2023-04-28T06:08:44.434+0000] {processor.py:743} INFO - Processing file /home/airflow/.local/lib/python3.7/site-packages/airflow/example_dags/example_short_circuit_operator.py for tasks to queue
[2023-04-28T06:08:44.435+0000] {logging_mixin.py:137} INFO - [2023-04-28T06:08:44.435+0000] {dagbag.py:538} INFO - Filling up the DagBag from /home/airflow/.local/lib/python3.7/site-packages/airflow/example_dags/example_short_circuit_operator.py
[2023-04-28T06:08:44.450+0000] {processor.py:753} INFO - DAG(s) dict_keys(['example_short_circuit_operator']) retrieved from /home/airflow/.local/lib/python3.7/site-packages/airflow/example_dags/example_short_circuit_operator.py
[2023-04-28T06:08:44.475+0000] {logging_mixin.py:137} INFO - [2023-04-28T06:08:44.475+0000] {dag.py:2690} INFO - Sync 1 DAGs
[2023-04-28T06:08:44.492+0000] {logging_mixin.py:137} INFO - [2023-04-28T06:08:44.492+0000] {dag.py:3441} INFO - Setting next_dagrun for example_short_circuit_operator to 2023-04-27T06:08:44.491947+00:00, run_after=2023-04-28T06:08:44.491947+00:00
[2023-04-28T06:08:44.503+0000] {processor.py:175} INFO - Processing /home/airflow/.local/lib/python3.7/site-packages/airflow/example_dags/example_short_circuit_operator.py took 0.074 seconds
[2023-04-28T06:09:14.906+0000] {processor.py:153} INFO - Started process (PID=15806) to work on /home/airflow/.local/lib/python3.7/site-packages/airflow/example_dags/example_short_circuit_operator.py
[2023-04-28T06:09:14.913+0000] {processor.py:743} INFO - Processing file /home/airflow/.local/lib/python3.7/site-packages/airflow/example_dags/example_short_circuit_operator.py for tasks to queue
[2023-04-28T06:09:14.914+0000] {logging_mixin.py:137} INFO - [2023-04-28T06:09:14.914+0000] {dagbag.py:538} INFO - Filling up the DagBag from /home/airflow/.local/lib/python3.7/site-packages/airflow/example_dags/example_short_circuit_operator.py
[2023-04-28T06:09:14.929+0000] {processor.py:753} INFO - DAG(s) dict_keys(['example_short_circuit_operator']) retrieved from /home/airflow/.local/lib/python3.7/site-packages/airflow/example_dags/example_short_circuit_operator.py
[2023-04-28T06:09:14.950+0000] {logging_mixin.py:137} INFO - [2023-04-28T06:09:14.950+0000] {dag.py:2690} INFO - Sync 1 DAGs
[2023-04-28T06:09:14.966+0000] {logging_mixin.py:137} INFO - [2023-04-28T06:09:14.966+0000] {dag.py:3441} INFO - Setting next_dagrun for example_short_circuit_operator to 2023-04-27T06:09:14.965843+00:00, run_after=2023-04-28T06:09:14.965843+00:00
[2023-04-28T06:09:14.978+0000] {processor.py:175} INFO - Processing /home/airflow/.local/lib/python3.7/site-packages/airflow/example_dags/example_short_circuit_operator.py took 0.075 seconds
[2023-04-28T06:09:45.719+0000] {processor.py:153} INFO - Started process (PID=15882) to work on /home/airflow/.local/lib/python3.7/site-packages/airflow/example_dags/example_short_circuit_operator.py
[2023-04-28T06:09:45.723+0000] {processor.py:743} INFO - Processing file /home/airflow/.local/lib/python3.7/site-packages/airflow/example_dags/example_short_circuit_operator.py for tasks to queue
[2023-04-28T06:09:45.725+0000] {logging_mixin.py:137} INFO - [2023-04-28T06:09:45.725+0000] {dagbag.py:538} INFO - Filling up the DagBag from /home/airflow/.local/lib/python3.7/site-packages/airflow/example_dags/example_short_circuit_operator.py
[2023-04-28T06:09:45.749+0000] {processor.py:753} INFO - DAG(s) dict_keys(['example_short_circuit_operator']) retrieved from /home/airflow/.local/lib/python3.7/site-packages/airflow/example_dags/example_short_circuit_operator.py
[2023-04-28T06:09:45.784+0000] {logging_mixin.py:137} INFO - [2023-04-28T06:09:45.784+0000] {dag.py:2690} INFO - Sync 1 DAGs
[2023-04-28T06:09:45.814+0000] {logging_mixin.py:137} INFO - [2023-04-28T06:09:45.814+0000] {dag.py:3441} INFO - Setting next_dagrun for example_short_circuit_operator to 2023-04-27T06:09:45.813863+00:00, run_after=2023-04-28T06:09:45.813863+00:00
[2023-04-28T06:09:45.826+0000] {processor.py:175} INFO - Processing /home/airflow/.local/lib/python3.7/site-packages/airflow/example_dags/example_short_circuit_operator.py took 0.110 seconds
[2023-04-28T06:10:16.253+0000] {processor.py:153} INFO - Started process (PID=15950) to work on /home/airflow/.local/lib/python3.7/site-packages/airflow/example_dags/example_short_circuit_operator.py
[2023-04-28T06:10:16.254+0000] {processor.py:743} INFO - Processing file /home/airflow/.local/lib/python3.7/site-packages/airflow/example_dags/example_short_circuit_operator.py for tasks to queue
[2023-04-28T06:10:16.255+0000] {logging_mixin.py:137} INFO - [2023-04-28T06:10:16.255+0000] {dagbag.py:538} INFO - Filling up the DagBag from /home/airflow/.local/lib/python3.7/site-packages/airflow/example_dags/example_short_circuit_operator.py
[2023-04-28T06:10:16.268+0000] {processor.py:753} INFO - DAG(s) dict_keys(['example_short_circuit_operator']) retrieved from /home/airflow/.local/lib/python3.7/site-packages/airflow/example_dags/example_short_circuit_operator.py
[2023-04-28T06:10:16.291+0000] {logging_mixin.py:137} INFO - [2023-04-28T06:10:16.290+0000] {dag.py:2690} INFO - Sync 1 DAGs
[2023-04-28T06:10:16.309+0000] {logging_mixin.py:137} INFO - [2023-04-28T06:10:16.308+0000] {dag.py:3441} INFO - Setting next_dagrun for example_short_circuit_operator to 2023-04-27T06:10:16.308771+00:00, run_after=2023-04-28T06:10:16.308771+00:00
[2023-04-28T06:10:16.321+0000] {processor.py:175} INFO - Processing /home/airflow/.local/lib/python3.7/site-packages/airflow/example_dags/example_short_circuit_operator.py took 0.071 seconds
[2023-04-28T06:10:46.636+0000] {processor.py:153} INFO - Started process (PID=16028) to work on /home/airflow/.local/lib/python3.7/site-packages/airflow/example_dags/example_short_circuit_operator.py
[2023-04-28T06:10:46.638+0000] {processor.py:743} INFO - Processing file /home/airflow/.local/lib/python3.7/site-packages/airflow/example_dags/example_short_circuit_operator.py for tasks to queue
[2023-04-28T06:10:46.639+0000] {logging_mixin.py:137} INFO - [2023-04-28T06:10:46.638+0000] {dagbag.py:538} INFO - Filling up the DagBag from /home/airflow/.local/lib/python3.7/site-packages/airflow/example_dags/example_short_circuit_operator.py
[2023-04-28T06:10:46.651+0000] {processor.py:753} INFO - DAG(s) dict_keys(['example_short_circuit_operator']) retrieved from /home/airflow/.local/lib/python3.7/site-packages/airflow/example_dags/example_short_circuit_operator.py
[2023-04-28T06:10:46.673+0000] {logging_mixin.py:137} INFO - [2023-04-28T06:10:46.673+0000] {dag.py:2690} INFO - Sync 1 DAGs
[2023-04-28T06:10:46.689+0000] {logging_mixin.py:137} INFO - [2023-04-28T06:10:46.689+0000] {dag.py:3441} INFO - Setting next_dagrun for example_short_circuit_operator to 2023-04-27T06:10:46.689584+00:00, run_after=2023-04-28T06:10:46.689584+00:00
[2023-04-28T06:10:46.700+0000] {processor.py:175} INFO - Processing /home/airflow/.local/lib/python3.7/site-packages/airflow/example_dags/example_short_circuit_operator.py took 0.068 seconds
[2023-04-28T06:11:17.130+0000] {processor.py:153} INFO - Started process (PID=16106) to work on /home/airflow/.local/lib/python3.7/site-packages/airflow/example_dags/example_short_circuit_operator.py
[2023-04-28T06:11:17.131+0000] {processor.py:743} INFO - Processing file /home/airflow/.local/lib/python3.7/site-packages/airflow/example_dags/example_short_circuit_operator.py for tasks to queue
[2023-04-28T06:11:17.133+0000] {logging_mixin.py:137} INFO - [2023-04-28T06:11:17.133+0000] {dagbag.py:538} INFO - Filling up the DagBag from /home/airflow/.local/lib/python3.7/site-packages/airflow/example_dags/example_short_circuit_operator.py
[2023-04-28T06:11:17.148+0000] {processor.py:753} INFO - DAG(s) dict_keys(['example_short_circuit_operator']) retrieved from /home/airflow/.local/lib/python3.7/site-packages/airflow/example_dags/example_short_circuit_operator.py
[2023-04-28T06:11:17.174+0000] {logging_mixin.py:137} INFO - [2023-04-28T06:11:17.174+0000] {dag.py:2690} INFO - Sync 1 DAGs
[2023-04-28T06:11:17.193+0000] {logging_mixin.py:137} INFO - [2023-04-28T06:11:17.193+0000] {dag.py:3441} INFO - Setting next_dagrun for example_short_circuit_operator to 2023-04-27T06:11:17.193360+00:00, run_after=2023-04-28T06:11:17.193360+00:00
[2023-04-28T06:11:17.208+0000] {processor.py:175} INFO - Processing /home/airflow/.local/lib/python3.7/site-packages/airflow/example_dags/example_short_circuit_operator.py took 0.082 seconds
[2023-04-28T06:11:47.593+0000] {processor.py:153} INFO - Started process (PID=16172) to work on /home/airflow/.local/lib/python3.7/site-packages/airflow/example_dags/example_short_circuit_operator.py
[2023-04-28T06:11:47.595+0000] {processor.py:743} INFO - Processing file /home/airflow/.local/lib/python3.7/site-packages/airflow/example_dags/example_short_circuit_operator.py for tasks to queue
[2023-04-28T06:11:47.596+0000] {logging_mixin.py:137} INFO - [2023-04-28T06:11:47.596+0000] {dagbag.py:538} INFO - Filling up the DagBag from /home/airflow/.local/lib/python3.7/site-packages/airflow/example_dags/example_short_circuit_operator.py
[2023-04-28T06:11:47.609+0000] {processor.py:753} INFO - DAG(s) dict_keys(['example_short_circuit_operator']) retrieved from /home/airflow/.local/lib/python3.7/site-packages/airflow/example_dags/example_short_circuit_operator.py
[2023-04-28T06:11:47.628+0000] {logging_mixin.py:137} INFO - [2023-04-28T06:11:47.628+0000] {dag.py:2690} INFO - Sync 1 DAGs
[2023-04-28T06:11:47.644+0000] {logging_mixin.py:137} INFO - [2023-04-28T06:11:47.644+0000] {dag.py:3441} INFO - Setting next_dagrun for example_short_circuit_operator to 2023-04-27T06:11:47.644022+00:00, run_after=2023-04-28T06:11:47.644022+00:00
[2023-04-28T06:11:47.656+0000] {processor.py:175} INFO - Processing /home/airflow/.local/lib/python3.7/site-packages/airflow/example_dags/example_short_circuit_operator.py took 0.065 seconds
[2023-04-28T06:12:18.318+0000] {processor.py:153} INFO - Started process (PID=16250) to work on /home/airflow/.local/lib/python3.7/site-packages/airflow/example_dags/example_short_circuit_operator.py
[2023-04-28T06:12:18.320+0000] {processor.py:743} INFO - Processing file /home/airflow/.local/lib/python3.7/site-packages/airflow/example_dags/example_short_circuit_operator.py for tasks to queue
[2023-04-28T06:12:18.321+0000] {logging_mixin.py:137} INFO - [2023-04-28T06:12:18.321+0000] {dagbag.py:538} INFO - Filling up the DagBag from /home/airflow/.local/lib/python3.7/site-packages/airflow/example_dags/example_short_circuit_operator.py
[2023-04-28T06:12:18.334+0000] {processor.py:753} INFO - DAG(s) dict_keys(['example_short_circuit_operator']) retrieved from /home/airflow/.local/lib/python3.7/site-packages/airflow/example_dags/example_short_circuit_operator.py
[2023-04-28T06:12:18.354+0000] {logging_mixin.py:137} INFO - [2023-04-28T06:12:18.354+0000] {dag.py:2690} INFO - Sync 1 DAGs
[2023-04-28T06:12:18.370+0000] {logging_mixin.py:137} INFO - [2023-04-28T06:12:18.370+0000] {dag.py:3441} INFO - Setting next_dagrun for example_short_circuit_operator to 2023-04-27T06:12:18.370336+00:00, run_after=2023-04-28T06:12:18.370336+00:00
[2023-04-28T06:12:18.381+0000] {processor.py:175} INFO - Processing /home/airflow/.local/lib/python3.7/site-packages/airflow/example_dags/example_short_circuit_operator.py took 0.066 seconds
[2023-04-28T06:12:48.965+0000] {processor.py:153} INFO - Started process (PID=16327) to work on /home/airflow/.local/lib/python3.7/site-packages/airflow/example_dags/example_short_circuit_operator.py
[2023-04-28T06:12:48.966+0000] {processor.py:743} INFO - Processing file /home/airflow/.local/lib/python3.7/site-packages/airflow/example_dags/example_short_circuit_operator.py for tasks to queue
[2023-04-28T06:12:48.967+0000] {logging_mixin.py:137} INFO - [2023-04-28T06:12:48.967+0000] {dagbag.py:538} INFO - Filling up the DagBag from /home/airflow/.local/lib/python3.7/site-packages/airflow/example_dags/example_short_circuit_operator.py
[2023-04-28T06:12:48.981+0000] {processor.py:753} INFO - DAG(s) dict_keys(['example_short_circuit_operator']) retrieved from /home/airflow/.local/lib/python3.7/site-packages/airflow/example_dags/example_short_circuit_operator.py
[2023-04-28T06:12:49.001+0000] {logging_mixin.py:137} INFO - [2023-04-28T06:12:49.001+0000] {dag.py:2690} INFO - Sync 1 DAGs
[2023-04-28T06:12:49.033+0000] {logging_mixin.py:137} INFO - [2023-04-28T06:12:49.033+0000] {dag.py:3441} INFO - Setting next_dagrun for example_short_circuit_operator to 2023-04-27T06:12:49.032760+00:00, run_after=2023-04-28T06:12:49.032760+00:00
[2023-04-28T06:12:49.045+0000] {processor.py:175} INFO - Processing /home/airflow/.local/lib/python3.7/site-packages/airflow/example_dags/example_short_circuit_operator.py took 0.083 seconds
[2023-04-28T06:13:19.339+0000] {processor.py:153} INFO - Started process (PID=16394) to work on /home/airflow/.local/lib/python3.7/site-packages/airflow/example_dags/example_short_circuit_operator.py
[2023-04-28T06:13:19.340+0000] {processor.py:743} INFO - Processing file /home/airflow/.local/lib/python3.7/site-packages/airflow/example_dags/example_short_circuit_operator.py for tasks to queue
[2023-04-28T06:13:19.341+0000] {logging_mixin.py:137} INFO - [2023-04-28T06:13:19.341+0000] {dagbag.py:538} INFO - Filling up the DagBag from /home/airflow/.local/lib/python3.7/site-packages/airflow/example_dags/example_short_circuit_operator.py
[2023-04-28T06:13:19.355+0000] {processor.py:753} INFO - DAG(s) dict_keys(['example_short_circuit_operator']) retrieved from /home/airflow/.local/lib/python3.7/site-packages/airflow/example_dags/example_short_circuit_operator.py
[2023-04-28T06:13:19.375+0000] {logging_mixin.py:137} INFO - [2023-04-28T06:13:19.375+0000] {dag.py:2690} INFO - Sync 1 DAGs
[2023-04-28T06:13:19.394+0000] {logging_mixin.py:137} INFO - [2023-04-28T06:13:19.394+0000] {dag.py:3441} INFO - Setting next_dagrun for example_short_circuit_operator to 2023-04-27T06:13:19.393991+00:00, run_after=2023-04-28T06:13:19.393991+00:00
[2023-04-28T06:13:19.415+0000] {processor.py:175} INFO - Processing /home/airflow/.local/lib/python3.7/site-packages/airflow/example_dags/example_short_circuit_operator.py took 0.082 seconds
[2023-04-28T06:13:49.819+0000] {processor.py:153} INFO - Started process (PID=16472) to work on /home/airflow/.local/lib/python3.7/site-packages/airflow/example_dags/example_short_circuit_operator.py
[2023-04-28T06:13:49.821+0000] {processor.py:743} INFO - Processing file /home/airflow/.local/lib/python3.7/site-packages/airflow/example_dags/example_short_circuit_operator.py for tasks to queue
[2023-04-28T06:13:49.821+0000] {logging_mixin.py:137} INFO - [2023-04-28T06:13:49.821+0000] {dagbag.py:538} INFO - Filling up the DagBag from /home/airflow/.local/lib/python3.7/site-packages/airflow/example_dags/example_short_circuit_operator.py
[2023-04-28T06:13:49.834+0000] {processor.py:753} INFO - DAG(s) dict_keys(['example_short_circuit_operator']) retrieved from /home/airflow/.local/lib/python3.7/site-packages/airflow/example_dags/example_short_circuit_operator.py
[2023-04-28T06:13:49.854+0000] {logging_mixin.py:137} INFO - [2023-04-28T06:13:49.854+0000] {dag.py:2690} INFO - Sync 1 DAGs
[2023-04-28T06:13:49.871+0000] {logging_mixin.py:137} INFO - [2023-04-28T06:13:49.871+0000] {dag.py:3441} INFO - Setting next_dagrun for example_short_circuit_operator to 2023-04-27T06:13:49.871192+00:00, run_after=2023-04-28T06:13:49.871192+00:00
[2023-04-28T06:13:49.883+0000] {processor.py:175} INFO - Processing /home/airflow/.local/lib/python3.7/site-packages/airflow/example_dags/example_short_circuit_operator.py took 0.067 seconds
[2023-04-28T06:14:20.255+0000] {processor.py:153} INFO - Started process (PID=16550) to work on /home/airflow/.local/lib/python3.7/site-packages/airflow/example_dags/example_short_circuit_operator.py
[2023-04-28T06:14:20.256+0000] {processor.py:743} INFO - Processing file /home/airflow/.local/lib/python3.7/site-packages/airflow/example_dags/example_short_circuit_operator.py for tasks to queue
[2023-04-28T06:14:20.257+0000] {logging_mixin.py:137} INFO - [2023-04-28T06:14:20.256+0000] {dagbag.py:538} INFO - Filling up the DagBag from /home/airflow/.local/lib/python3.7/site-packages/airflow/example_dags/example_short_circuit_operator.py
[2023-04-28T06:14:20.269+0000] {processor.py:753} INFO - DAG(s) dict_keys(['example_short_circuit_operator']) retrieved from /home/airflow/.local/lib/python3.7/site-packages/airflow/example_dags/example_short_circuit_operator.py
[2023-04-28T06:14:20.289+0000] {logging_mixin.py:137} INFO - [2023-04-28T06:14:20.289+0000] {dag.py:2690} INFO - Sync 1 DAGs
[2023-04-28T06:14:20.305+0000] {logging_mixin.py:137} INFO - [2023-04-28T06:14:20.305+0000] {dag.py:3441} INFO - Setting next_dagrun for example_short_circuit_operator to 2023-04-27T06:14:20.304832+00:00, run_after=2023-04-28T06:14:20.304832+00:00
[2023-04-28T06:14:20.316+0000] {processor.py:175} INFO - Processing /home/airflow/.local/lib/python3.7/site-packages/airflow/example_dags/example_short_circuit_operator.py took 0.064 seconds
[2023-04-28T06:14:50.591+0000] {processor.py:153} INFO - Started process (PID=16615) to work on /home/airflow/.local/lib/python3.7/site-packages/airflow/example_dags/example_short_circuit_operator.py
[2023-04-28T06:14:50.592+0000] {processor.py:743} INFO - Processing file /home/airflow/.local/lib/python3.7/site-packages/airflow/example_dags/example_short_circuit_operator.py for tasks to queue
[2023-04-28T06:14:50.592+0000] {logging_mixin.py:137} INFO - [2023-04-28T06:14:50.592+0000] {dagbag.py:538} INFO - Filling up the DagBag from /home/airflow/.local/lib/python3.7/site-packages/airflow/example_dags/example_short_circuit_operator.py
[2023-04-28T06:14:50.605+0000] {processor.py:753} INFO - DAG(s) dict_keys(['example_short_circuit_operator']) retrieved from /home/airflow/.local/lib/python3.7/site-packages/airflow/example_dags/example_short_circuit_operator.py
[2023-04-28T06:14:50.626+0000] {logging_mixin.py:137} INFO - [2023-04-28T06:14:50.626+0000] {dag.py:2690} INFO - Sync 1 DAGs
[2023-04-28T06:14:50.642+0000] {logging_mixin.py:137} INFO - [2023-04-28T06:14:50.642+0000] {dag.py:3441} INFO - Setting next_dagrun for example_short_circuit_operator to 2023-04-27T06:14:50.641875+00:00, run_after=2023-04-28T06:14:50.641875+00:00
[2023-04-28T06:14:50.654+0000] {processor.py:175} INFO - Processing /home/airflow/.local/lib/python3.7/site-packages/airflow/example_dags/example_short_circuit_operator.py took 0.066 seconds
[2023-04-28T06:15:21.151+0000] {processor.py:153} INFO - Started process (PID=16693) to work on /home/airflow/.local/lib/python3.7/site-packages/airflow/example_dags/example_short_circuit_operator.py
[2023-04-28T06:15:21.153+0000] {processor.py:743} INFO - Processing file /home/airflow/.local/lib/python3.7/site-packages/airflow/example_dags/example_short_circuit_operator.py for tasks to queue
[2023-04-28T06:15:21.153+0000] {logging_mixin.py:137} INFO - [2023-04-28T06:15:21.153+0000] {dagbag.py:538} INFO - Filling up the DagBag from /home/airflow/.local/lib/python3.7/site-packages/airflow/example_dags/example_short_circuit_operator.py
[2023-04-28T06:15:21.166+0000] {processor.py:753} INFO - DAG(s) dict_keys(['example_short_circuit_operator']) retrieved from /home/airflow/.local/lib/python3.7/site-packages/airflow/example_dags/example_short_circuit_operator.py
[2023-04-28T06:15:21.187+0000] {logging_mixin.py:137} INFO - [2023-04-28T06:15:21.187+0000] {dag.py:2690} INFO - Sync 1 DAGs
[2023-04-28T06:15:21.204+0000] {logging_mixin.py:137} INFO - [2023-04-28T06:15:21.204+0000] {dag.py:3441} INFO - Setting next_dagrun for example_short_circuit_operator to 2023-04-27T06:15:21.203839+00:00, run_after=2023-04-28T06:15:21.203839+00:00
[2023-04-28T06:15:21.215+0000] {processor.py:175} INFO - Processing /home/airflow/.local/lib/python3.7/site-packages/airflow/example_dags/example_short_circuit_operator.py took 0.067 seconds
[2023-04-28T06:15:51.526+0000] {processor.py:153} INFO - Started process (PID=16770) to work on /home/airflow/.local/lib/python3.7/site-packages/airflow/example_dags/example_short_circuit_operator.py
[2023-04-28T06:15:51.528+0000] {processor.py:743} INFO - Processing file /home/airflow/.local/lib/python3.7/site-packages/airflow/example_dags/example_short_circuit_operator.py for tasks to queue
[2023-04-28T06:15:51.528+0000] {logging_mixin.py:137} INFO - [2023-04-28T06:15:51.528+0000] {dagbag.py:538} INFO - Filling up the DagBag from /home/airflow/.local/lib/python3.7/site-packages/airflow/example_dags/example_short_circuit_operator.py
[2023-04-28T06:15:51.541+0000] {processor.py:753} INFO - DAG(s) dict_keys(['example_short_circuit_operator']) retrieved from /home/airflow/.local/lib/python3.7/site-packages/airflow/example_dags/example_short_circuit_operator.py
[2023-04-28T06:15:51.562+0000] {logging_mixin.py:137} INFO - [2023-04-28T06:15:51.562+0000] {dag.py:2690} INFO - Sync 1 DAGs
[2023-04-28T06:15:51.578+0000] {logging_mixin.py:137} INFO - [2023-04-28T06:15:51.577+0000] {dag.py:3441} INFO - Setting next_dagrun for example_short_circuit_operator to 2023-04-27T06:15:51.577746+00:00, run_after=2023-04-28T06:15:51.577746+00:00
[2023-04-28T06:15:51.589+0000] {processor.py:175} INFO - Processing /home/airflow/.local/lib/python3.7/site-packages/airflow/example_dags/example_short_circuit_operator.py took 0.065 seconds
[2023-04-28T06:16:21.777+0000] {processor.py:153} INFO - Started process (PID=16835) to work on /home/airflow/.local/lib/python3.7/site-packages/airflow/example_dags/example_short_circuit_operator.py
[2023-04-28T06:16:21.778+0000] {processor.py:743} INFO - Processing file /home/airflow/.local/lib/python3.7/site-packages/airflow/example_dags/example_short_circuit_operator.py for tasks to queue
[2023-04-28T06:16:21.779+0000] {logging_mixin.py:137} INFO - [2023-04-28T06:16:21.779+0000] {dagbag.py:538} INFO - Filling up the DagBag from /home/airflow/.local/lib/python3.7/site-packages/airflow/example_dags/example_short_circuit_operator.py
[2023-04-28T06:16:21.792+0000] {processor.py:753} INFO - DAG(s) dict_keys(['example_short_circuit_operator']) retrieved from /home/airflow/.local/lib/python3.7/site-packages/airflow/example_dags/example_short_circuit_operator.py
[2023-04-28T06:16:21.812+0000] {logging_mixin.py:137} INFO - [2023-04-28T06:16:21.812+0000] {dag.py:2690} INFO - Sync 1 DAGs
[2023-04-28T06:16:21.828+0000] {logging_mixin.py:137} INFO - [2023-04-28T06:16:21.828+0000] {dag.py:3441} INFO - Setting next_dagrun for example_short_circuit_operator to 2023-04-27T06:16:21.828348+00:00, run_after=2023-04-28T06:16:21.828348+00:00
[2023-04-28T06:16:21.839+0000] {processor.py:175} INFO - Processing /home/airflow/.local/lib/python3.7/site-packages/airflow/example_dags/example_short_circuit_operator.py took 0.066 seconds
[2023-04-28T06:16:52.103+0000] {processor.py:153} INFO - Started process (PID=16913) to work on /home/airflow/.local/lib/python3.7/site-packages/airflow/example_dags/example_short_circuit_operator.py
[2023-04-28T06:16:52.105+0000] {processor.py:743} INFO - Processing file /home/airflow/.local/lib/python3.7/site-packages/airflow/example_dags/example_short_circuit_operator.py for tasks to queue
[2023-04-28T06:16:52.105+0000] {logging_mixin.py:137} INFO - [2023-04-28T06:16:52.105+0000] {dagbag.py:538} INFO - Filling up the DagBag from /home/airflow/.local/lib/python3.7/site-packages/airflow/example_dags/example_short_circuit_operator.py
[2023-04-28T06:16:52.119+0000] {processor.py:753} INFO - DAG(s) dict_keys(['example_short_circuit_operator']) retrieved from /home/airflow/.local/lib/python3.7/site-packages/airflow/example_dags/example_short_circuit_operator.py
[2023-04-28T06:16:52.145+0000] {logging_mixin.py:137} INFO - [2023-04-28T06:16:52.145+0000] {dag.py:2690} INFO - Sync 1 DAGs
[2023-04-28T06:16:52.164+0000] {logging_mixin.py:137} INFO - [2023-04-28T06:16:52.163+0000] {dag.py:3441} INFO - Setting next_dagrun for example_short_circuit_operator to 2023-04-27T06:16:52.163784+00:00, run_after=2023-04-28T06:16:52.163784+00:00
[2023-04-28T06:16:52.177+0000] {processor.py:175} INFO - Processing /home/airflow/.local/lib/python3.7/site-packages/airflow/example_dags/example_short_circuit_operator.py took 0.076 seconds
[2023-04-28T06:17:22.703+0000] {processor.py:153} INFO - Started process (PID=16991) to work on /home/airflow/.local/lib/python3.7/site-packages/airflow/example_dags/example_short_circuit_operator.py
[2023-04-28T06:17:22.704+0000] {processor.py:743} INFO - Processing file /home/airflow/.local/lib/python3.7/site-packages/airflow/example_dags/example_short_circuit_operator.py for tasks to queue
[2023-04-28T06:17:22.705+0000] {logging_mixin.py:137} INFO - [2023-04-28T06:17:22.705+0000] {dagbag.py:538} INFO - Filling up the DagBag from /home/airflow/.local/lib/python3.7/site-packages/airflow/example_dags/example_short_circuit_operator.py
[2023-04-28T06:17:22.718+0000] {processor.py:753} INFO - DAG(s) dict_keys(['example_short_circuit_operator']) retrieved from /home/airflow/.local/lib/python3.7/site-packages/airflow/example_dags/example_short_circuit_operator.py
[2023-04-28T06:17:22.738+0000] {logging_mixin.py:137} INFO - [2023-04-28T06:17:22.737+0000] {dag.py:2690} INFO - Sync 1 DAGs
[2023-04-28T06:17:22.754+0000] {logging_mixin.py:137} INFO - [2023-04-28T06:17:22.754+0000] {dag.py:3441} INFO - Setting next_dagrun for example_short_circuit_operator to 2023-04-27T06:17:22.753850+00:00, run_after=2023-04-28T06:17:22.753850+00:00
[2023-04-28T06:17:22.772+0000] {processor.py:175} INFO - Processing /home/airflow/.local/lib/python3.7/site-packages/airflow/example_dags/example_short_circuit_operator.py took 0.072 seconds
[2023-04-28T06:17:53.054+0000] {processor.py:153} INFO - Started process (PID=17057) to work on /home/airflow/.local/lib/python3.7/site-packages/airflow/example_dags/example_short_circuit_operator.py
[2023-04-28T06:17:53.055+0000] {processor.py:743} INFO - Processing file /home/airflow/.local/lib/python3.7/site-packages/airflow/example_dags/example_short_circuit_operator.py for tasks to queue
[2023-04-28T06:17:53.056+0000] {logging_mixin.py:137} INFO - [2023-04-28T06:17:53.056+0000] {dagbag.py:538} INFO - Filling up the DagBag from /home/airflow/.local/lib/python3.7/site-packages/airflow/example_dags/example_short_circuit_operator.py
[2023-04-28T06:17:53.069+0000] {processor.py:753} INFO - DAG(s) dict_keys(['example_short_circuit_operator']) retrieved from /home/airflow/.local/lib/python3.7/site-packages/airflow/example_dags/example_short_circuit_operator.py
[2023-04-28T06:17:53.088+0000] {logging_mixin.py:137} INFO - [2023-04-28T06:17:53.088+0000] {dag.py:2690} INFO - Sync 1 DAGs
[2023-04-28T06:17:53.103+0000] {logging_mixin.py:137} INFO - [2023-04-28T06:17:53.103+0000] {dag.py:3441} INFO - Setting next_dagrun for example_short_circuit_operator to 2023-04-27T06:17:53.103650+00:00, run_after=2023-04-28T06:17:53.103650+00:00
[2023-04-28T06:17:53.115+0000] {processor.py:175} INFO - Processing /home/airflow/.local/lib/python3.7/site-packages/airflow/example_dags/example_short_circuit_operator.py took 0.065 seconds
[2023-04-28T06:18:23.700+0000] {processor.py:153} INFO - Started process (PID=17135) to work on /home/airflow/.local/lib/python3.7/site-packages/airflow/example_dags/example_short_circuit_operator.py
[2023-04-28T06:18:23.701+0000] {processor.py:743} INFO - Processing file /home/airflow/.local/lib/python3.7/site-packages/airflow/example_dags/example_short_circuit_operator.py for tasks to queue
[2023-04-28T06:18:23.702+0000] {logging_mixin.py:137} INFO - [2023-04-28T06:18:23.702+0000] {dagbag.py:538} INFO - Filling up the DagBag from /home/airflow/.local/lib/python3.7/site-packages/airflow/example_dags/example_short_circuit_operator.py
[2023-04-28T06:18:23.714+0000] {processor.py:753} INFO - DAG(s) dict_keys(['example_short_circuit_operator']) retrieved from /home/airflow/.local/lib/python3.7/site-packages/airflow/example_dags/example_short_circuit_operator.py
[2023-04-28T06:18:23.735+0000] {logging_mixin.py:137} INFO - [2023-04-28T06:18:23.735+0000] {dag.py:2690} INFO - Sync 1 DAGs
[2023-04-28T06:18:23.751+0000] {logging_mixin.py:137} INFO - [2023-04-28T06:18:23.750+0000] {dag.py:3441} INFO - Setting next_dagrun for example_short_circuit_operator to 2023-04-27T06:18:23.750773+00:00, run_after=2023-04-28T06:18:23.750773+00:00
[2023-04-28T06:18:23.763+0000] {processor.py:175} INFO - Processing /home/airflow/.local/lib/python3.7/site-packages/airflow/example_dags/example_short_circuit_operator.py took 0.066 seconds
[2023-04-28T06:18:54.010+0000] {processor.py:153} INFO - Started process (PID=17213) to work on /home/airflow/.local/lib/python3.7/site-packages/airflow/example_dags/example_short_circuit_operator.py
[2023-04-28T06:18:54.011+0000] {processor.py:743} INFO - Processing file /home/airflow/.local/lib/python3.7/site-packages/airflow/example_dags/example_short_circuit_operator.py for tasks to queue
[2023-04-28T06:18:54.012+0000] {logging_mixin.py:137} INFO - [2023-04-28T06:18:54.012+0000] {dagbag.py:538} INFO - Filling up the DagBag from /home/airflow/.local/lib/python3.7/site-packages/airflow/example_dags/example_short_circuit_operator.py
[2023-04-28T06:18:54.025+0000] {processor.py:753} INFO - DAG(s) dict_keys(['example_short_circuit_operator']) retrieved from /home/airflow/.local/lib/python3.7/site-packages/airflow/example_dags/example_short_circuit_operator.py
[2023-04-28T06:18:54.046+0000] {logging_mixin.py:137} INFO - [2023-04-28T06:18:54.046+0000] {dag.py:2690} INFO - Sync 1 DAGs
[2023-04-28T06:18:54.062+0000] {logging_mixin.py:137} INFO - [2023-04-28T06:18:54.062+0000] {dag.py:3441} INFO - Setting next_dagrun for example_short_circuit_operator to 2023-04-27T06:18:54.062252+00:00, run_after=2023-04-28T06:18:54.062252+00:00
[2023-04-28T06:18:54.073+0000] {processor.py:175} INFO - Processing /home/airflow/.local/lib/python3.7/site-packages/airflow/example_dags/example_short_circuit_operator.py took 0.067 seconds
