[2023-04-28T00:36:32.430+0000] {processor.py:153} INFO - Started process (PID=14572) to work on /home/airflow/.local/lib/python3.7/site-packages/airflow/example_dags/example_external_task_marker_dag.py
[2023-04-28T00:36:32.432+0000] {processor.py:743} INFO - Processing file /home/airflow/.local/lib/python3.7/site-packages/airflow/example_dags/example_external_task_marker_dag.py for tasks to queue
[2023-04-28T00:36:32.433+0000] {logging_mixin.py:137} INFO - [2023-04-28T00:36:32.433+0000] {dagbag.py:538} INFO - Filling up the DagBag from /home/airflow/.local/lib/python3.7/site-packages/airflow/example_dags/example_external_task_marker_dag.py
[2023-04-28T00:36:32.448+0000] {processor.py:753} INFO - DAG(s) dict_keys(['example_external_task_marker_child', 'example_external_task_marker_parent']) retrieved from /home/airflow/.local/lib/python3.7/site-packages/airflow/example_dags/example_external_task_marker_dag.py
[2023-04-28T00:36:32.473+0000] {logging_mixin.py:137} INFO - [2023-04-28T00:36:32.473+0000] {dag.py:2690} INFO - Sync 2 DAGs
[2023-04-28T00:36:32.489+0000] {logging_mixin.py:137} INFO - [2023-04-28T00:36:32.489+0000] {dag.py:3441} INFO - Setting next_dagrun for example_external_task_marker_child to None, run_after=None
[2023-04-28T00:36:32.492+0000] {logging_mixin.py:137} INFO - [2023-04-28T00:36:32.492+0000] {dag.py:3441} INFO - Setting next_dagrun for example_external_task_marker_parent to None, run_after=None
[2023-04-28T00:36:32.503+0000] {processor.py:175} INFO - Processing /home/airflow/.local/lib/python3.7/site-packages/airflow/example_dags/example_external_task_marker_dag.py took 0.076 seconds
[2023-04-28T01:42:53.819+0000] {processor.py:153} INFO - Started process (PID=14650) to work on /home/airflow/.local/lib/python3.7/site-packages/airflow/example_dags/example_external_task_marker_dag.py
[2023-04-28T01:42:53.821+0000] {processor.py:743} INFO - Processing file /home/airflow/.local/lib/python3.7/site-packages/airflow/example_dags/example_external_task_marker_dag.py for tasks to queue
[2023-04-28T01:42:53.821+0000] {logging_mixin.py:137} INFO - [2023-04-28T01:42:53.821+0000] {dagbag.py:538} INFO - Filling up the DagBag from /home/airflow/.local/lib/python3.7/site-packages/airflow/example_dags/example_external_task_marker_dag.py
[2023-04-28T01:42:53.834+0000] {processor.py:753} INFO - DAG(s) dict_keys(['example_external_task_marker_parent', 'example_external_task_marker_child']) retrieved from /home/airflow/.local/lib/python3.7/site-packages/airflow/example_dags/example_external_task_marker_dag.py
[2023-04-28T01:42:53.861+0000] {logging_mixin.py:137} INFO - [2023-04-28T01:42:53.861+0000] {dag.py:2690} INFO - Sync 2 DAGs
[2023-04-28T01:42:53.878+0000] {logging_mixin.py:137} INFO - [2023-04-28T01:42:53.878+0000] {dag.py:3441} INFO - Setting next_dagrun for example_external_task_marker_child to None, run_after=None
[2023-04-28T01:42:53.881+0000] {logging_mixin.py:137} INFO - [2023-04-28T01:42:53.881+0000] {dag.py:3441} INFO - Setting next_dagrun for example_external_task_marker_parent to None, run_after=None
[2023-04-28T01:42:53.893+0000] {processor.py:175} INFO - Processing /home/airflow/.local/lib/python3.7/site-packages/airflow/example_dags/example_external_task_marker_dag.py took 0.078 seconds
[2023-04-28T02:48:41.565+0000] {processor.py:153} INFO - Started process (PID=14716) to work on /home/airflow/.local/lib/python3.7/site-packages/airflow/example_dags/example_external_task_marker_dag.py
[2023-04-28T02:48:41.566+0000] {processor.py:743} INFO - Processing file /home/airflow/.local/lib/python3.7/site-packages/airflow/example_dags/example_external_task_marker_dag.py for tasks to queue
[2023-04-28T02:48:41.567+0000] {logging_mixin.py:137} INFO - [2023-04-28T02:48:41.567+0000] {dagbag.py:538} INFO - Filling up the DagBag from /home/airflow/.local/lib/python3.7/site-packages/airflow/example_dags/example_external_task_marker_dag.py
[2023-04-28T02:48:41.801+0000] {processor.py:753} INFO - DAG(s) dict_keys(['example_external_task_marker_parent', 'example_external_task_marker_child']) retrieved from /home/airflow/.local/lib/python3.7/site-packages/airflow/example_dags/example_external_task_marker_dag.py
[2023-04-28T02:48:41.834+0000] {logging_mixin.py:137} INFO - [2023-04-28T02:48:41.834+0000] {dag.py:2690} INFO - Sync 2 DAGs
[2023-04-28T02:48:41.864+0000] {logging_mixin.py:137} INFO - [2023-04-28T02:48:41.864+0000] {dag.py:3441} INFO - Setting next_dagrun for example_external_task_marker_child to None, run_after=None
[2023-04-28T02:48:41.868+0000] {logging_mixin.py:137} INFO - [2023-04-28T02:48:41.868+0000] {dag.py:3441} INFO - Setting next_dagrun for example_external_task_marker_parent to None, run_after=None
[2023-04-28T02:48:41.887+0000] {processor.py:175} INFO - Processing /home/airflow/.local/lib/python3.7/site-packages/airflow/example_dags/example_external_task_marker_dag.py took 0.324 seconds
[2023-04-28T03:54:54.989+0000] {processor.py:153} INFO - Started process (PID=14793) to work on /home/airflow/.local/lib/python3.7/site-packages/airflow/example_dags/example_external_task_marker_dag.py
[2023-04-28T03:54:54.991+0000] {processor.py:743} INFO - Processing file /home/airflow/.local/lib/python3.7/site-packages/airflow/example_dags/example_external_task_marker_dag.py for tasks to queue
[2023-04-28T03:54:54.992+0000] {logging_mixin.py:137} INFO - [2023-04-28T03:54:54.992+0000] {dagbag.py:538} INFO - Filling up the DagBag from /home/airflow/.local/lib/python3.7/site-packages/airflow/example_dags/example_external_task_marker_dag.py
[2023-04-28T03:54:55.002+0000] {processor.py:753} INFO - DAG(s) dict_keys(['example_external_task_marker_child', 'example_external_task_marker_parent']) retrieved from /home/airflow/.local/lib/python3.7/site-packages/airflow/example_dags/example_external_task_marker_dag.py
[2023-04-28T03:54:55.025+0000] {logging_mixin.py:137} INFO - [2023-04-28T03:54:55.025+0000] {dag.py:2690} INFO - Sync 2 DAGs
[2023-04-28T03:54:55.046+0000] {logging_mixin.py:137} INFO - [2023-04-28T03:54:55.046+0000] {dag.py:3441} INFO - Setting next_dagrun for example_external_task_marker_child to None, run_after=None
[2023-04-28T03:54:55.049+0000] {logging_mixin.py:137} INFO - [2023-04-28T03:54:55.048+0000] {dag.py:3441} INFO - Setting next_dagrun for example_external_task_marker_parent to None, run_after=None
[2023-04-28T03:54:55.059+0000] {processor.py:175} INFO - Processing /home/airflow/.local/lib/python3.7/site-packages/airflow/example_dags/example_external_task_marker_dag.py took 0.073 seconds
[2023-04-28T05:16:17.035+0000] {processor.py:153} INFO - Started process (PID=14859) to work on /home/airflow/.local/lib/python3.7/site-packages/airflow/example_dags/example_external_task_marker_dag.py
[2023-04-28T05:16:17.036+0000] {processor.py:743} INFO - Processing file /home/airflow/.local/lib/python3.7/site-packages/airflow/example_dags/example_external_task_marker_dag.py for tasks to queue
[2023-04-28T05:16:17.037+0000] {logging_mixin.py:137} INFO - [2023-04-28T05:16:17.037+0000] {dagbag.py:538} INFO - Filling up the DagBag from /home/airflow/.local/lib/python3.7/site-packages/airflow/example_dags/example_external_task_marker_dag.py
[2023-04-28T05:16:17.048+0000] {processor.py:753} INFO - DAG(s) dict_keys(['example_external_task_marker_parent', 'example_external_task_marker_child']) retrieved from /home/airflow/.local/lib/python3.7/site-packages/airflow/example_dags/example_external_task_marker_dag.py
[2023-04-28T05:16:17.071+0000] {logging_mixin.py:137} INFO - [2023-04-28T05:16:17.070+0000] {dag.py:2690} INFO - Sync 2 DAGs
[2023-04-28T05:16:17.088+0000] {logging_mixin.py:137} INFO - [2023-04-28T05:16:17.087+0000] {dag.py:3441} INFO - Setting next_dagrun for example_external_task_marker_child to None, run_after=None
[2023-04-28T05:16:17.090+0000] {logging_mixin.py:137} INFO - [2023-04-28T05:16:17.090+0000] {dag.py:3441} INFO - Setting next_dagrun for example_external_task_marker_parent to None, run_after=None
[2023-04-28T05:16:17.099+0000] {processor.py:175} INFO - Processing /home/airflow/.local/lib/python3.7/site-packages/airflow/example_dags/example_external_task_marker_dag.py took 0.067 seconds
[2023-04-28T05:32:13.369+0000] {processor.py:153} INFO - Started process (PID=14939) to work on /home/airflow/.local/lib/python3.7/site-packages/airflow/example_dags/example_external_task_marker_dag.py
[2023-04-28T05:32:13.371+0000] {processor.py:743} INFO - Processing file /home/airflow/.local/lib/python3.7/site-packages/airflow/example_dags/example_external_task_marker_dag.py for tasks to queue
[2023-04-28T05:32:13.371+0000] {logging_mixin.py:137} INFO - [2023-04-28T05:32:13.371+0000] {dagbag.py:538} INFO - Filling up the DagBag from /home/airflow/.local/lib/python3.7/site-packages/airflow/example_dags/example_external_task_marker_dag.py
[2023-04-28T05:32:13.383+0000] {processor.py:753} INFO - DAG(s) dict_keys(['example_external_task_marker_child', 'example_external_task_marker_parent']) retrieved from /home/airflow/.local/lib/python3.7/site-packages/airflow/example_dags/example_external_task_marker_dag.py
[2023-04-28T05:32:13.404+0000] {logging_mixin.py:137} INFO - [2023-04-28T05:32:13.404+0000] {dag.py:2690} INFO - Sync 2 DAGs
[2023-04-28T05:32:13.420+0000] {logging_mixin.py:137} INFO - [2023-04-28T05:32:13.419+0000] {dag.py:3441} INFO - Setting next_dagrun for example_external_task_marker_child to None, run_after=None
[2023-04-28T05:32:13.422+0000] {logging_mixin.py:137} INFO - [2023-04-28T05:32:13.422+0000] {dag.py:3441} INFO - Setting next_dagrun for example_external_task_marker_parent to None, run_after=None
[2023-04-28T05:32:13.432+0000] {processor.py:175} INFO - Processing /home/airflow/.local/lib/python3.7/site-packages/airflow/example_dags/example_external_task_marker_dag.py took 0.065 seconds
[2023-04-28T05:32:43.753+0000] {processor.py:153} INFO - Started process (PID=15016) to work on /home/airflow/.local/lib/python3.7/site-packages/airflow/example_dags/example_external_task_marker_dag.py
[2023-04-28T05:32:43.756+0000] {processor.py:743} INFO - Processing file /home/airflow/.local/lib/python3.7/site-packages/airflow/example_dags/example_external_task_marker_dag.py for tasks to queue
[2023-04-28T05:32:43.757+0000] {logging_mixin.py:137} INFO - [2023-04-28T05:32:43.757+0000] {dagbag.py:538} INFO - Filling up the DagBag from /home/airflow/.local/lib/python3.7/site-packages/airflow/example_dags/example_external_task_marker_dag.py
[2023-04-28T05:32:43.779+0000] {processor.py:753} INFO - DAG(s) dict_keys(['example_external_task_marker_child', 'example_external_task_marker_parent']) retrieved from /home/airflow/.local/lib/python3.7/site-packages/airflow/example_dags/example_external_task_marker_dag.py
[2023-04-28T05:32:43.822+0000] {logging_mixin.py:137} INFO - [2023-04-28T05:32:43.821+0000] {dag.py:2690} INFO - Sync 2 DAGs
[2023-04-28T05:32:43.859+0000] {logging_mixin.py:137} INFO - [2023-04-28T05:32:43.858+0000] {dag.py:3441} INFO - Setting next_dagrun for example_external_task_marker_child to None, run_after=None
[2023-04-28T05:32:43.866+0000] {logging_mixin.py:137} INFO - [2023-04-28T05:32:43.866+0000] {dag.py:3441} INFO - Setting next_dagrun for example_external_task_marker_parent to None, run_after=None
[2023-04-28T05:32:43.891+0000] {processor.py:175} INFO - Processing /home/airflow/.local/lib/python3.7/site-packages/airflow/example_dags/example_external_task_marker_dag.py took 0.143 seconds
[2023-04-28T06:03:56.261+0000] {processor.py:153} INFO - Started process (PID=15091) to work on /home/airflow/.local/lib/python3.7/site-packages/airflow/example_dags/example_external_task_marker_dag.py
[2023-04-28T06:03:56.265+0000] {processor.py:743} INFO - Processing file /home/airflow/.local/lib/python3.7/site-packages/airflow/example_dags/example_external_task_marker_dag.py for tasks to queue
[2023-04-28T06:03:56.266+0000] {logging_mixin.py:137} INFO - [2023-04-28T06:03:56.266+0000] {dagbag.py:538} INFO - Filling up the DagBag from /home/airflow/.local/lib/python3.7/site-packages/airflow/example_dags/example_external_task_marker_dag.py
[2023-04-28T06:03:56.278+0000] {processor.py:753} INFO - DAG(s) dict_keys(['example_external_task_marker_parent', 'example_external_task_marker_child']) retrieved from /home/airflow/.local/lib/python3.7/site-packages/airflow/example_dags/example_external_task_marker_dag.py
[2023-04-28T06:03:56.308+0000] {logging_mixin.py:137} INFO - [2023-04-28T06:03:56.308+0000] {dag.py:2690} INFO - Sync 2 DAGs
[2023-04-28T06:03:56.326+0000] {logging_mixin.py:137} INFO - [2023-04-28T06:03:56.326+0000] {dag.py:3441} INFO - Setting next_dagrun for example_external_task_marker_child to None, run_after=None
[2023-04-28T06:03:56.329+0000] {logging_mixin.py:137} INFO - [2023-04-28T06:03:56.329+0000] {dag.py:3441} INFO - Setting next_dagrun for example_external_task_marker_parent to None, run_after=None
[2023-04-28T06:03:56.346+0000] {processor.py:175} INFO - Processing /home/airflow/.local/lib/python3.7/site-packages/airflow/example_dags/example_external_task_marker_dag.py took 0.087 seconds
[2023-04-28T06:04:41.798+0000] {processor.py:153} INFO - Started process (PID=15162) to work on /home/airflow/.local/lib/python3.7/site-packages/airflow/example_dags/example_external_task_marker_dag.py
[2023-04-28T06:04:41.799+0000] {processor.py:743} INFO - Processing file /home/airflow/.local/lib/python3.7/site-packages/airflow/example_dags/example_external_task_marker_dag.py for tasks to queue
[2023-04-28T06:04:41.800+0000] {logging_mixin.py:137} INFO - [2023-04-28T06:04:41.800+0000] {dagbag.py:538} INFO - Filling up the DagBag from /home/airflow/.local/lib/python3.7/site-packages/airflow/example_dags/example_external_task_marker_dag.py
[2023-04-28T06:04:41.810+0000] {processor.py:753} INFO - DAG(s) dict_keys(['example_external_task_marker_parent', 'example_external_task_marker_child']) retrieved from /home/airflow/.local/lib/python3.7/site-packages/airflow/example_dags/example_external_task_marker_dag.py
[2023-04-28T06:04:41.832+0000] {logging_mixin.py:137} INFO - [2023-04-28T06:04:41.832+0000] {dag.py:2690} INFO - Sync 2 DAGs
[2023-04-28T06:04:41.849+0000] {logging_mixin.py:137} INFO - [2023-04-28T06:04:41.849+0000] {dag.py:3441} INFO - Setting next_dagrun for example_external_task_marker_child to None, run_after=None
[2023-04-28T06:04:41.852+0000] {logging_mixin.py:137} INFO - [2023-04-28T06:04:41.851+0000] {dag.py:3441} INFO - Setting next_dagrun for example_external_task_marker_parent to None, run_after=None
[2023-04-28T06:04:41.862+0000] {processor.py:175} INFO - Processing /home/airflow/.local/lib/python3.7/site-packages/airflow/example_dags/example_external_task_marker_dag.py took 0.067 seconds
[2023-04-28T06:05:12.444+0000] {processor.py:153} INFO - Started process (PID=15240) to work on /home/airflow/.local/lib/python3.7/site-packages/airflow/example_dags/example_external_task_marker_dag.py
[2023-04-28T06:05:12.445+0000] {processor.py:743} INFO - Processing file /home/airflow/.local/lib/python3.7/site-packages/airflow/example_dags/example_external_task_marker_dag.py for tasks to queue
[2023-04-28T06:05:12.446+0000] {logging_mixin.py:137} INFO - [2023-04-28T06:05:12.446+0000] {dagbag.py:538} INFO - Filling up the DagBag from /home/airflow/.local/lib/python3.7/site-packages/airflow/example_dags/example_external_task_marker_dag.py
[2023-04-28T06:05:12.457+0000] {processor.py:753} INFO - DAG(s) dict_keys(['example_external_task_marker_parent', 'example_external_task_marker_child']) retrieved from /home/airflow/.local/lib/python3.7/site-packages/airflow/example_dags/example_external_task_marker_dag.py
[2023-04-28T06:05:12.484+0000] {logging_mixin.py:137} INFO - [2023-04-28T06:05:12.484+0000] {dag.py:2690} INFO - Sync 2 DAGs
[2023-04-28T06:05:12.503+0000] {logging_mixin.py:137} INFO - [2023-04-28T06:05:12.503+0000] {dag.py:3441} INFO - Setting next_dagrun for example_external_task_marker_child to None, run_after=None
[2023-04-28T06:05:12.506+0000] {logging_mixin.py:137} INFO - [2023-04-28T06:05:12.506+0000] {dag.py:3441} INFO - Setting next_dagrun for example_external_task_marker_parent to None, run_after=None
[2023-04-28T06:05:12.527+0000] {processor.py:175} INFO - Processing /home/airflow/.local/lib/python3.7/site-packages/airflow/example_dags/example_external_task_marker_dag.py took 0.086 seconds
[2023-04-28T06:05:42.890+0000] {processor.py:153} INFO - Started process (PID=15306) to work on /home/airflow/.local/lib/python3.7/site-packages/airflow/example_dags/example_external_task_marker_dag.py
[2023-04-28T06:05:42.892+0000] {processor.py:743} INFO - Processing file /home/airflow/.local/lib/python3.7/site-packages/airflow/example_dags/example_external_task_marker_dag.py for tasks to queue
[2023-04-28T06:05:42.893+0000] {logging_mixin.py:137} INFO - [2023-04-28T06:05:42.893+0000] {dagbag.py:538} INFO - Filling up the DagBag from /home/airflow/.local/lib/python3.7/site-packages/airflow/example_dags/example_external_task_marker_dag.py
[2023-04-28T06:05:42.904+0000] {processor.py:753} INFO - DAG(s) dict_keys(['example_external_task_marker_child', 'example_external_task_marker_parent']) retrieved from /home/airflow/.local/lib/python3.7/site-packages/airflow/example_dags/example_external_task_marker_dag.py
[2023-04-28T06:05:42.927+0000] {logging_mixin.py:137} INFO - [2023-04-28T06:05:42.927+0000] {dag.py:2690} INFO - Sync 2 DAGs
[2023-04-28T06:05:42.944+0000] {logging_mixin.py:137} INFO - [2023-04-28T06:05:42.944+0000] {dag.py:3441} INFO - Setting next_dagrun for example_external_task_marker_child to None, run_after=None
[2023-04-28T06:05:42.947+0000] {logging_mixin.py:137} INFO - [2023-04-28T06:05:42.947+0000] {dag.py:3441} INFO - Setting next_dagrun for example_external_task_marker_parent to None, run_after=None
[2023-04-28T06:05:42.958+0000] {processor.py:175} INFO - Processing /home/airflow/.local/lib/python3.7/site-packages/airflow/example_dags/example_external_task_marker_dag.py took 0.070 seconds
[2023-04-28T06:06:13.230+0000] {processor.py:153} INFO - Started process (PID=15386) to work on /home/airflow/.local/lib/python3.7/site-packages/airflow/example_dags/example_external_task_marker_dag.py
[2023-04-28T06:06:13.231+0000] {processor.py:743} INFO - Processing file /home/airflow/.local/lib/python3.7/site-packages/airflow/example_dags/example_external_task_marker_dag.py for tasks to queue
[2023-04-28T06:06:13.232+0000] {logging_mixin.py:137} INFO - [2023-04-28T06:06:13.232+0000] {dagbag.py:538} INFO - Filling up the DagBag from /home/airflow/.local/lib/python3.7/site-packages/airflow/example_dags/example_external_task_marker_dag.py
[2023-04-28T06:06:13.242+0000] {processor.py:753} INFO - DAG(s) dict_keys(['example_external_task_marker_parent', 'example_external_task_marker_child']) retrieved from /home/airflow/.local/lib/python3.7/site-packages/airflow/example_dags/example_external_task_marker_dag.py
[2023-04-28T06:06:13.264+0000] {logging_mixin.py:137} INFO - [2023-04-28T06:06:13.264+0000] {dag.py:2690} INFO - Sync 2 DAGs
[2023-04-28T06:06:13.281+0000] {logging_mixin.py:137} INFO - [2023-04-28T06:06:13.280+0000] {dag.py:3441} INFO - Setting next_dagrun for example_external_task_marker_child to None, run_after=None
[2023-04-28T06:06:13.283+0000] {logging_mixin.py:137} INFO - [2023-04-28T06:06:13.283+0000] {dag.py:3441} INFO - Setting next_dagrun for example_external_task_marker_parent to None, run_after=None
[2023-04-28T06:06:13.293+0000] {processor.py:175} INFO - Processing /home/airflow/.local/lib/python3.7/site-packages/airflow/example_dags/example_external_task_marker_dag.py took 0.066 seconds
[2023-04-28T06:06:43.937+0000] {processor.py:153} INFO - Started process (PID=15463) to work on /home/airflow/.local/lib/python3.7/site-packages/airflow/example_dags/example_external_task_marker_dag.py
[2023-04-28T06:06:43.939+0000] {processor.py:743} INFO - Processing file /home/airflow/.local/lib/python3.7/site-packages/airflow/example_dags/example_external_task_marker_dag.py for tasks to queue
[2023-04-28T06:06:43.939+0000] {logging_mixin.py:137} INFO - [2023-04-28T06:06:43.939+0000] {dagbag.py:538} INFO - Filling up the DagBag from /home/airflow/.local/lib/python3.7/site-packages/airflow/example_dags/example_external_task_marker_dag.py
[2023-04-28T06:06:43.951+0000] {processor.py:753} INFO - DAG(s) dict_keys(['example_external_task_marker_parent', 'example_external_task_marker_child']) retrieved from /home/airflow/.local/lib/python3.7/site-packages/airflow/example_dags/example_external_task_marker_dag.py
[2023-04-28T06:06:43.974+0000] {logging_mixin.py:137} INFO - [2023-04-28T06:06:43.974+0000] {dag.py:2690} INFO - Sync 2 DAGs
[2023-04-28T06:06:43.991+0000] {logging_mixin.py:137} INFO - [2023-04-28T06:06:43.991+0000] {dag.py:3441} INFO - Setting next_dagrun for example_external_task_marker_child to None, run_after=None
[2023-04-28T06:06:43.994+0000] {logging_mixin.py:137} INFO - [2023-04-28T06:06:43.994+0000] {dag.py:3441} INFO - Setting next_dagrun for example_external_task_marker_parent to None, run_after=None
[2023-04-28T06:06:44.004+0000] {processor.py:175} INFO - Processing /home/airflow/.local/lib/python3.7/site-packages/airflow/example_dags/example_external_task_marker_dag.py took 0.070 seconds
[2023-04-28T06:07:14.218+0000] {processor.py:153} INFO - Started process (PID=15530) to work on /home/airflow/.local/lib/python3.7/site-packages/airflow/example_dags/example_external_task_marker_dag.py
[2023-04-28T06:07:14.219+0000] {processor.py:743} INFO - Processing file /home/airflow/.local/lib/python3.7/site-packages/airflow/example_dags/example_external_task_marker_dag.py for tasks to queue
[2023-04-28T06:07:14.220+0000] {logging_mixin.py:137} INFO - [2023-04-28T06:07:14.220+0000] {dagbag.py:538} INFO - Filling up the DagBag from /home/airflow/.local/lib/python3.7/site-packages/airflow/example_dags/example_external_task_marker_dag.py
[2023-04-28T06:07:14.230+0000] {processor.py:753} INFO - DAG(s) dict_keys(['example_external_task_marker_child', 'example_external_task_marker_parent']) retrieved from /home/airflow/.local/lib/python3.7/site-packages/airflow/example_dags/example_external_task_marker_dag.py
[2023-04-28T06:07:14.252+0000] {logging_mixin.py:137} INFO - [2023-04-28T06:07:14.252+0000] {dag.py:2690} INFO - Sync 2 DAGs
[2023-04-28T06:07:14.267+0000] {logging_mixin.py:137} INFO - [2023-04-28T06:07:14.267+0000] {dag.py:3441} INFO - Setting next_dagrun for example_external_task_marker_child to None, run_after=None
[2023-04-28T06:07:14.270+0000] {logging_mixin.py:137} INFO - [2023-04-28T06:07:14.269+0000] {dag.py:3441} INFO - Setting next_dagrun for example_external_task_marker_parent to None, run_after=None
[2023-04-28T06:07:14.281+0000] {processor.py:175} INFO - Processing /home/airflow/.local/lib/python3.7/site-packages/airflow/example_dags/example_external_task_marker_dag.py took 0.066 seconds
[2023-04-28T06:07:44.770+0000] {processor.py:153} INFO - Started process (PID=15608) to work on /home/airflow/.local/lib/python3.7/site-packages/airflow/example_dags/example_external_task_marker_dag.py
[2023-04-28T06:07:44.771+0000] {processor.py:743} INFO - Processing file /home/airflow/.local/lib/python3.7/site-packages/airflow/example_dags/example_external_task_marker_dag.py for tasks to queue
[2023-04-28T06:07:44.772+0000] {logging_mixin.py:137} INFO - [2023-04-28T06:07:44.771+0000] {dagbag.py:538} INFO - Filling up the DagBag from /home/airflow/.local/lib/python3.7/site-packages/airflow/example_dags/example_external_task_marker_dag.py
[2023-04-28T06:07:44.781+0000] {processor.py:753} INFO - DAG(s) dict_keys(['example_external_task_marker_parent', 'example_external_task_marker_child']) retrieved from /home/airflow/.local/lib/python3.7/site-packages/airflow/example_dags/example_external_task_marker_dag.py
[2023-04-28T06:07:44.803+0000] {logging_mixin.py:137} INFO - [2023-04-28T06:07:44.803+0000] {dag.py:2690} INFO - Sync 2 DAGs
[2023-04-28T06:07:44.820+0000] {logging_mixin.py:137} INFO - [2023-04-28T06:07:44.820+0000] {dag.py:3441} INFO - Setting next_dagrun for example_external_task_marker_child to None, run_after=None
[2023-04-28T06:07:44.822+0000] {logging_mixin.py:137} INFO - [2023-04-28T06:07:44.822+0000] {dag.py:3441} INFO - Setting next_dagrun for example_external_task_marker_parent to None, run_after=None
[2023-04-28T06:07:44.833+0000] {processor.py:175} INFO - Processing /home/airflow/.local/lib/python3.7/site-packages/airflow/example_dags/example_external_task_marker_dag.py took 0.067 seconds
[2023-04-28T06:08:15.170+0000] {processor.py:153} INFO - Started process (PID=15686) to work on /home/airflow/.local/lib/python3.7/site-packages/airflow/example_dags/example_external_task_marker_dag.py
[2023-04-28T06:08:15.171+0000] {processor.py:743} INFO - Processing file /home/airflow/.local/lib/python3.7/site-packages/airflow/example_dags/example_external_task_marker_dag.py for tasks to queue
[2023-04-28T06:08:15.172+0000] {logging_mixin.py:137} INFO - [2023-04-28T06:08:15.172+0000] {dagbag.py:538} INFO - Filling up the DagBag from /home/airflow/.local/lib/python3.7/site-packages/airflow/example_dags/example_external_task_marker_dag.py
[2023-04-28T06:08:15.184+0000] {processor.py:753} INFO - DAG(s) dict_keys(['example_external_task_marker_child', 'example_external_task_marker_parent']) retrieved from /home/airflow/.local/lib/python3.7/site-packages/airflow/example_dags/example_external_task_marker_dag.py
[2023-04-28T06:08:15.204+0000] {logging_mixin.py:137} INFO - [2023-04-28T06:08:15.204+0000] {dag.py:2690} INFO - Sync 2 DAGs
[2023-04-28T06:08:15.220+0000] {logging_mixin.py:137} INFO - [2023-04-28T06:08:15.220+0000] {dag.py:3441} INFO - Setting next_dagrun for example_external_task_marker_child to None, run_after=None
[2023-04-28T06:08:15.223+0000] {logging_mixin.py:137} INFO - [2023-04-28T06:08:15.223+0000] {dag.py:3441} INFO - Setting next_dagrun for example_external_task_marker_parent to None, run_after=None
[2023-04-28T06:08:15.232+0000] {processor.py:175} INFO - Processing /home/airflow/.local/lib/python3.7/site-packages/airflow/example_dags/example_external_task_marker_dag.py took 0.065 seconds
[2023-04-28T06:08:45.728+0000] {processor.py:153} INFO - Started process (PID=15752) to work on /home/airflow/.local/lib/python3.7/site-packages/airflow/example_dags/example_external_task_marker_dag.py
[2023-04-28T06:08:45.729+0000] {processor.py:743} INFO - Processing file /home/airflow/.local/lib/python3.7/site-packages/airflow/example_dags/example_external_task_marker_dag.py for tasks to queue
[2023-04-28T06:08:45.730+0000] {logging_mixin.py:137} INFO - [2023-04-28T06:08:45.730+0000] {dagbag.py:538} INFO - Filling up the DagBag from /home/airflow/.local/lib/python3.7/site-packages/airflow/example_dags/example_external_task_marker_dag.py
[2023-04-28T06:08:45.741+0000] {processor.py:753} INFO - DAG(s) dict_keys(['example_external_task_marker_child', 'example_external_task_marker_parent']) retrieved from /home/airflow/.local/lib/python3.7/site-packages/airflow/example_dags/example_external_task_marker_dag.py
[2023-04-28T06:08:45.762+0000] {logging_mixin.py:137} INFO - [2023-04-28T06:08:45.762+0000] {dag.py:2690} INFO - Sync 2 DAGs
[2023-04-28T06:08:45.777+0000] {logging_mixin.py:137} INFO - [2023-04-28T06:08:45.777+0000] {dag.py:3441} INFO - Setting next_dagrun for example_external_task_marker_child to None, run_after=None
[2023-04-28T06:08:45.780+0000] {logging_mixin.py:137} INFO - [2023-04-28T06:08:45.780+0000] {dag.py:3441} INFO - Setting next_dagrun for example_external_task_marker_parent to None, run_after=None
[2023-04-28T06:08:45.790+0000] {processor.py:175} INFO - Processing /home/airflow/.local/lib/python3.7/site-packages/airflow/example_dags/example_external_task_marker_dag.py took 0.065 seconds
[2023-04-28T06:09:16.119+0000] {processor.py:153} INFO - Started process (PID=15830) to work on /home/airflow/.local/lib/python3.7/site-packages/airflow/example_dags/example_external_task_marker_dag.py
[2023-04-28T06:09:16.120+0000] {processor.py:743} INFO - Processing file /home/airflow/.local/lib/python3.7/site-packages/airflow/example_dags/example_external_task_marker_dag.py for tasks to queue
[2023-04-28T06:09:16.121+0000] {logging_mixin.py:137} INFO - [2023-04-28T06:09:16.121+0000] {dagbag.py:538} INFO - Filling up the DagBag from /home/airflow/.local/lib/python3.7/site-packages/airflow/example_dags/example_external_task_marker_dag.py
[2023-04-28T06:09:16.132+0000] {processor.py:753} INFO - DAG(s) dict_keys(['example_external_task_marker_parent', 'example_external_task_marker_child']) retrieved from /home/airflow/.local/lib/python3.7/site-packages/airflow/example_dags/example_external_task_marker_dag.py
[2023-04-28T06:09:16.154+0000] {logging_mixin.py:137} INFO - [2023-04-28T06:09:16.153+0000] {dag.py:2690} INFO - Sync 2 DAGs
[2023-04-28T06:09:16.171+0000] {logging_mixin.py:137} INFO - [2023-04-28T06:09:16.170+0000] {dag.py:3441} INFO - Setting next_dagrun for example_external_task_marker_child to None, run_after=None
[2023-04-28T06:09:16.173+0000] {logging_mixin.py:137} INFO - [2023-04-28T06:09:16.173+0000] {dag.py:3441} INFO - Setting next_dagrun for example_external_task_marker_parent to None, run_after=None
[2023-04-28T06:09:16.183+0000] {processor.py:175} INFO - Processing /home/airflow/.local/lib/python3.7/site-packages/airflow/example_dags/example_external_task_marker_dag.py took 0.067 seconds
[2023-04-28T06:09:47.130+0000] {processor.py:153} INFO - Started process (PID=15909) to work on /home/airflow/.local/lib/python3.7/site-packages/airflow/example_dags/example_external_task_marker_dag.py
[2023-04-28T06:09:47.132+0000] {processor.py:743} INFO - Processing file /home/airflow/.local/lib/python3.7/site-packages/airflow/example_dags/example_external_task_marker_dag.py for tasks to queue
[2023-04-28T06:09:47.133+0000] {logging_mixin.py:137} INFO - [2023-04-28T06:09:47.133+0000] {dagbag.py:538} INFO - Filling up the DagBag from /home/airflow/.local/lib/python3.7/site-packages/airflow/example_dags/example_external_task_marker_dag.py
[2023-04-28T06:09:47.144+0000] {processor.py:753} INFO - DAG(s) dict_keys(['example_external_task_marker_parent', 'example_external_task_marker_child']) retrieved from /home/airflow/.local/lib/python3.7/site-packages/airflow/example_dags/example_external_task_marker_dag.py
[2023-04-28T06:09:47.167+0000] {logging_mixin.py:137} INFO - [2023-04-28T06:09:47.167+0000] {dag.py:2690} INFO - Sync 2 DAGs
[2023-04-28T06:09:47.184+0000] {logging_mixin.py:137} INFO - [2023-04-28T06:09:47.184+0000] {dag.py:3441} INFO - Setting next_dagrun for example_external_task_marker_child to None, run_after=None
[2023-04-28T06:09:47.187+0000] {logging_mixin.py:137} INFO - [2023-04-28T06:09:47.187+0000] {dag.py:3441} INFO - Setting next_dagrun for example_external_task_marker_parent to None, run_after=None
[2023-04-28T06:09:47.197+0000] {processor.py:175} INFO - Processing /home/airflow/.local/lib/python3.7/site-packages/airflow/example_dags/example_external_task_marker_dag.py took 0.070 seconds
[2023-04-28T06:10:17.432+0000] {processor.py:153} INFO - Started process (PID=15974) to work on /home/airflow/.local/lib/python3.7/site-packages/airflow/example_dags/example_external_task_marker_dag.py
[2023-04-28T06:10:17.434+0000] {processor.py:743} INFO - Processing file /home/airflow/.local/lib/python3.7/site-packages/airflow/example_dags/example_external_task_marker_dag.py for tasks to queue
[2023-04-28T06:10:17.434+0000] {logging_mixin.py:137} INFO - [2023-04-28T06:10:17.434+0000] {dagbag.py:538} INFO - Filling up the DagBag from /home/airflow/.local/lib/python3.7/site-packages/airflow/example_dags/example_external_task_marker_dag.py
[2023-04-28T06:10:17.446+0000] {processor.py:753} INFO - DAG(s) dict_keys(['example_external_task_marker_child', 'example_external_task_marker_parent']) retrieved from /home/airflow/.local/lib/python3.7/site-packages/airflow/example_dags/example_external_task_marker_dag.py
[2023-04-28T06:10:17.467+0000] {logging_mixin.py:137} INFO - [2023-04-28T06:10:17.467+0000] {dag.py:2690} INFO - Sync 2 DAGs
[2023-04-28T06:10:17.484+0000] {logging_mixin.py:137} INFO - [2023-04-28T06:10:17.483+0000] {dag.py:3441} INFO - Setting next_dagrun for example_external_task_marker_child to None, run_after=None
[2023-04-28T06:10:17.486+0000] {logging_mixin.py:137} INFO - [2023-04-28T06:10:17.486+0000] {dag.py:3441} INFO - Setting next_dagrun for example_external_task_marker_parent to None, run_after=None
[2023-04-28T06:10:17.496+0000] {processor.py:175} INFO - Processing /home/airflow/.local/lib/python3.7/site-packages/airflow/example_dags/example_external_task_marker_dag.py took 0.067 seconds
[2023-04-28T06:10:47.880+0000] {processor.py:153} INFO - Started process (PID=16052) to work on /home/airflow/.local/lib/python3.7/site-packages/airflow/example_dags/example_external_task_marker_dag.py
[2023-04-28T06:10:47.883+0000] {processor.py:743} INFO - Processing file /home/airflow/.local/lib/python3.7/site-packages/airflow/example_dags/example_external_task_marker_dag.py for tasks to queue
[2023-04-28T06:10:47.884+0000] {logging_mixin.py:137} INFO - [2023-04-28T06:10:47.884+0000] {dagbag.py:538} INFO - Filling up the DagBag from /home/airflow/.local/lib/python3.7/site-packages/airflow/example_dags/example_external_task_marker_dag.py
[2023-04-28T06:10:47.901+0000] {processor.py:753} INFO - DAG(s) dict_keys(['example_external_task_marker_parent', 'example_external_task_marker_child']) retrieved from /home/airflow/.local/lib/python3.7/site-packages/airflow/example_dags/example_external_task_marker_dag.py
[2023-04-28T06:10:47.925+0000] {logging_mixin.py:137} INFO - [2023-04-28T06:10:47.925+0000] {dag.py:2690} INFO - Sync 2 DAGs
[2023-04-28T06:10:47.942+0000] {logging_mixin.py:137} INFO - [2023-04-28T06:10:47.942+0000] {dag.py:3441} INFO - Setting next_dagrun for example_external_task_marker_child to None, run_after=None
[2023-04-28T06:10:47.945+0000] {logging_mixin.py:137} INFO - [2023-04-28T06:10:47.945+0000] {dag.py:3441} INFO - Setting next_dagrun for example_external_task_marker_parent to None, run_after=None
[2023-04-28T06:10:47.956+0000] {processor.py:175} INFO - Processing /home/airflow/.local/lib/python3.7/site-packages/airflow/example_dags/example_external_task_marker_dag.py took 0.079 seconds
[2023-04-28T06:11:18.447+0000] {processor.py:153} INFO - Started process (PID=16130) to work on /home/airflow/.local/lib/python3.7/site-packages/airflow/example_dags/example_external_task_marker_dag.py
[2023-04-28T06:11:18.448+0000] {processor.py:743} INFO - Processing file /home/airflow/.local/lib/python3.7/site-packages/airflow/example_dags/example_external_task_marker_dag.py for tasks to queue
[2023-04-28T06:11:18.449+0000] {logging_mixin.py:137} INFO - [2023-04-28T06:11:18.448+0000] {dagbag.py:538} INFO - Filling up the DagBag from /home/airflow/.local/lib/python3.7/site-packages/airflow/example_dags/example_external_task_marker_dag.py
[2023-04-28T06:11:18.460+0000] {processor.py:753} INFO - DAG(s) dict_keys(['example_external_task_marker_parent', 'example_external_task_marker_child']) retrieved from /home/airflow/.local/lib/python3.7/site-packages/airflow/example_dags/example_external_task_marker_dag.py
[2023-04-28T06:11:18.483+0000] {logging_mixin.py:137} INFO - [2023-04-28T06:11:18.483+0000] {dag.py:2690} INFO - Sync 2 DAGs
[2023-04-28T06:11:18.499+0000] {logging_mixin.py:137} INFO - [2023-04-28T06:11:18.499+0000] {dag.py:3441} INFO - Setting next_dagrun for example_external_task_marker_child to None, run_after=None
[2023-04-28T06:11:18.502+0000] {logging_mixin.py:137} INFO - [2023-04-28T06:11:18.502+0000] {dag.py:3441} INFO - Setting next_dagrun for example_external_task_marker_parent to None, run_after=None
[2023-04-28T06:11:18.512+0000] {processor.py:175} INFO - Processing /home/airflow/.local/lib/python3.7/site-packages/airflow/example_dags/example_external_task_marker_dag.py took 0.068 seconds
[2023-04-28T06:11:48.955+0000] {processor.py:153} INFO - Started process (PID=16196) to work on /home/airflow/.local/lib/python3.7/site-packages/airflow/example_dags/example_external_task_marker_dag.py
[2023-04-28T06:11:48.957+0000] {processor.py:743} INFO - Processing file /home/airflow/.local/lib/python3.7/site-packages/airflow/example_dags/example_external_task_marker_dag.py for tasks to queue
[2023-04-28T06:11:48.958+0000] {logging_mixin.py:137} INFO - [2023-04-28T06:11:48.957+0000] {dagbag.py:538} INFO - Filling up the DagBag from /home/airflow/.local/lib/python3.7/site-packages/airflow/example_dags/example_external_task_marker_dag.py
[2023-04-28T06:11:48.969+0000] {processor.py:753} INFO - DAG(s) dict_keys(['example_external_task_marker_child', 'example_external_task_marker_parent']) retrieved from /home/airflow/.local/lib/python3.7/site-packages/airflow/example_dags/example_external_task_marker_dag.py
[2023-04-28T06:11:49.000+0000] {logging_mixin.py:137} INFO - [2023-04-28T06:11:49.000+0000] {dag.py:2690} INFO - Sync 2 DAGs
[2023-04-28T06:11:49.032+0000] {logging_mixin.py:137} INFO - [2023-04-28T06:11:49.032+0000] {dag.py:3441} INFO - Setting next_dagrun for example_external_task_marker_child to None, run_after=None
[2023-04-28T06:11:49.037+0000] {logging_mixin.py:137} INFO - [2023-04-28T06:11:49.037+0000] {dag.py:3441} INFO - Setting next_dagrun for example_external_task_marker_parent to None, run_after=None
[2023-04-28T06:11:49.052+0000] {processor.py:175} INFO - Processing /home/airflow/.local/lib/python3.7/site-packages/airflow/example_dags/example_external_task_marker_dag.py took 0.100 seconds
[2023-04-28T06:12:19.538+0000] {processor.py:153} INFO - Started process (PID=16274) to work on /home/airflow/.local/lib/python3.7/site-packages/airflow/example_dags/example_external_task_marker_dag.py
[2023-04-28T06:12:19.539+0000] {processor.py:743} INFO - Processing file /home/airflow/.local/lib/python3.7/site-packages/airflow/example_dags/example_external_task_marker_dag.py for tasks to queue
[2023-04-28T06:12:19.541+0000] {logging_mixin.py:137} INFO - [2023-04-28T06:12:19.540+0000] {dagbag.py:538} INFO - Filling up the DagBag from /home/airflow/.local/lib/python3.7/site-packages/airflow/example_dags/example_external_task_marker_dag.py
[2023-04-28T06:12:19.555+0000] {processor.py:753} INFO - DAG(s) dict_keys(['example_external_task_marker_parent', 'example_external_task_marker_child']) retrieved from /home/airflow/.local/lib/python3.7/site-packages/airflow/example_dags/example_external_task_marker_dag.py
[2023-04-28T06:12:19.579+0000] {logging_mixin.py:137} INFO - [2023-04-28T06:12:19.579+0000] {dag.py:2690} INFO - Sync 2 DAGs
[2023-04-28T06:12:19.595+0000] {logging_mixin.py:137} INFO - [2023-04-28T06:12:19.595+0000] {dag.py:3441} INFO - Setting next_dagrun for example_external_task_marker_child to None, run_after=None
[2023-04-28T06:12:19.598+0000] {logging_mixin.py:137} INFO - [2023-04-28T06:12:19.598+0000] {dag.py:3441} INFO - Setting next_dagrun for example_external_task_marker_parent to None, run_after=None
[2023-04-28T06:12:19.609+0000] {processor.py:175} INFO - Processing /home/airflow/.local/lib/python3.7/site-packages/airflow/example_dags/example_external_task_marker_dag.py took 0.074 seconds
[2023-04-28T06:12:50.170+0000] {processor.py:153} INFO - Started process (PID=16351) to work on /home/airflow/.local/lib/python3.7/site-packages/airflow/example_dags/example_external_task_marker_dag.py
[2023-04-28T06:12:50.171+0000] {processor.py:743} INFO - Processing file /home/airflow/.local/lib/python3.7/site-packages/airflow/example_dags/example_external_task_marker_dag.py for tasks to queue
[2023-04-28T06:12:50.172+0000] {logging_mixin.py:137} INFO - [2023-04-28T06:12:50.172+0000] {dagbag.py:538} INFO - Filling up the DagBag from /home/airflow/.local/lib/python3.7/site-packages/airflow/example_dags/example_external_task_marker_dag.py
[2023-04-28T06:12:50.183+0000] {processor.py:753} INFO - DAG(s) dict_keys(['example_external_task_marker_child', 'example_external_task_marker_parent']) retrieved from /home/airflow/.local/lib/python3.7/site-packages/airflow/example_dags/example_external_task_marker_dag.py
[2023-04-28T06:12:50.204+0000] {logging_mixin.py:137} INFO - [2023-04-28T06:12:50.204+0000] {dag.py:2690} INFO - Sync 2 DAGs
[2023-04-28T06:12:50.219+0000] {logging_mixin.py:137} INFO - [2023-04-28T06:12:50.219+0000] {dag.py:3441} INFO - Setting next_dagrun for example_external_task_marker_child to None, run_after=None
[2023-04-28T06:12:50.222+0000] {logging_mixin.py:137} INFO - [2023-04-28T06:12:50.222+0000] {dag.py:3441} INFO - Setting next_dagrun for example_external_task_marker_parent to None, run_after=None
[2023-04-28T06:12:50.232+0000] {processor.py:175} INFO - Processing /home/airflow/.local/lib/python3.7/site-packages/airflow/example_dags/example_external_task_marker_dag.py took 0.065 seconds
[2023-04-28T06:13:20.720+0000] {processor.py:153} INFO - Started process (PID=16418) to work on /home/airflow/.local/lib/python3.7/site-packages/airflow/example_dags/example_external_task_marker_dag.py
[2023-04-28T06:13:20.721+0000] {processor.py:743} INFO - Processing file /home/airflow/.local/lib/python3.7/site-packages/airflow/example_dags/example_external_task_marker_dag.py for tasks to queue
[2023-04-28T06:13:20.722+0000] {logging_mixin.py:137} INFO - [2023-04-28T06:13:20.722+0000] {dagbag.py:538} INFO - Filling up the DagBag from /home/airflow/.local/lib/python3.7/site-packages/airflow/example_dags/example_external_task_marker_dag.py
[2023-04-28T06:13:20.734+0000] {processor.py:753} INFO - DAG(s) dict_keys(['example_external_task_marker_child', 'example_external_task_marker_parent']) retrieved from /home/airflow/.local/lib/python3.7/site-packages/airflow/example_dags/example_external_task_marker_dag.py
[2023-04-28T06:13:20.755+0000] {logging_mixin.py:137} INFO - [2023-04-28T06:13:20.755+0000] {dag.py:2690} INFO - Sync 2 DAGs
[2023-04-28T06:13:20.772+0000] {logging_mixin.py:137} INFO - [2023-04-28T06:13:20.772+0000] {dag.py:3441} INFO - Setting next_dagrun for example_external_task_marker_child to None, run_after=None
[2023-04-28T06:13:20.774+0000] {logging_mixin.py:137} INFO - [2023-04-28T06:13:20.774+0000] {dag.py:3441} INFO - Setting next_dagrun for example_external_task_marker_parent to None, run_after=None
[2023-04-28T06:13:20.785+0000] {processor.py:175} INFO - Processing /home/airflow/.local/lib/python3.7/site-packages/airflow/example_dags/example_external_task_marker_dag.py took 0.069 seconds
[2023-04-28T06:13:51.078+0000] {processor.py:153} INFO - Started process (PID=16496) to work on /home/airflow/.local/lib/python3.7/site-packages/airflow/example_dags/example_external_task_marker_dag.py
[2023-04-28T06:13:51.079+0000] {processor.py:743} INFO - Processing file /home/airflow/.local/lib/python3.7/site-packages/airflow/example_dags/example_external_task_marker_dag.py for tasks to queue
[2023-04-28T06:13:51.080+0000] {logging_mixin.py:137} INFO - [2023-04-28T06:13:51.080+0000] {dagbag.py:538} INFO - Filling up the DagBag from /home/airflow/.local/lib/python3.7/site-packages/airflow/example_dags/example_external_task_marker_dag.py
[2023-04-28T06:13:51.091+0000] {processor.py:753} INFO - DAG(s) dict_keys(['example_external_task_marker_parent', 'example_external_task_marker_child']) retrieved from /home/airflow/.local/lib/python3.7/site-packages/airflow/example_dags/example_external_task_marker_dag.py
[2023-04-28T06:13:51.112+0000] {logging_mixin.py:137} INFO - [2023-04-28T06:13:51.112+0000] {dag.py:2690} INFO - Sync 2 DAGs
[2023-04-28T06:13:51.129+0000] {logging_mixin.py:137} INFO - [2023-04-28T06:13:51.129+0000] {dag.py:3441} INFO - Setting next_dagrun for example_external_task_marker_child to None, run_after=None
[2023-04-28T06:13:51.132+0000] {logging_mixin.py:137} INFO - [2023-04-28T06:13:51.132+0000] {dag.py:3441} INFO - Setting next_dagrun for example_external_task_marker_parent to None, run_after=None
[2023-04-28T06:13:51.142+0000] {processor.py:175} INFO - Processing /home/airflow/.local/lib/python3.7/site-packages/airflow/example_dags/example_external_task_marker_dag.py took 0.067 seconds
[2023-04-28T06:14:21.415+0000] {processor.py:153} INFO - Started process (PID=16574) to work on /home/airflow/.local/lib/python3.7/site-packages/airflow/example_dags/example_external_task_marker_dag.py
[2023-04-28T06:14:21.416+0000] {processor.py:743} INFO - Processing file /home/airflow/.local/lib/python3.7/site-packages/airflow/example_dags/example_external_task_marker_dag.py for tasks to queue
[2023-04-28T06:14:21.417+0000] {logging_mixin.py:137} INFO - [2023-04-28T06:14:21.417+0000] {dagbag.py:538} INFO - Filling up the DagBag from /home/airflow/.local/lib/python3.7/site-packages/airflow/example_dags/example_external_task_marker_dag.py
[2023-04-28T06:14:21.427+0000] {processor.py:753} INFO - DAG(s) dict_keys(['example_external_task_marker_parent', 'example_external_task_marker_child']) retrieved from /home/airflow/.local/lib/python3.7/site-packages/airflow/example_dags/example_external_task_marker_dag.py
[2023-04-28T06:14:21.448+0000] {logging_mixin.py:137} INFO - [2023-04-28T06:14:21.447+0000] {dag.py:2690} INFO - Sync 2 DAGs
[2023-04-28T06:14:21.463+0000] {logging_mixin.py:137} INFO - [2023-04-28T06:14:21.462+0000] {dag.py:3441} INFO - Setting next_dagrun for example_external_task_marker_child to None, run_after=None
[2023-04-28T06:14:21.465+0000] {logging_mixin.py:137} INFO - [2023-04-28T06:14:21.465+0000] {dag.py:3441} INFO - Setting next_dagrun for example_external_task_marker_parent to None, run_after=None
[2023-04-28T06:14:21.475+0000] {processor.py:175} INFO - Processing /home/airflow/.local/lib/python3.7/site-packages/airflow/example_dags/example_external_task_marker_dag.py took 0.062 seconds
[2023-04-28T06:14:51.925+0000] {processor.py:153} INFO - Started process (PID=16639) to work on /home/airflow/.local/lib/python3.7/site-packages/airflow/example_dags/example_external_task_marker_dag.py
[2023-04-28T06:14:51.927+0000] {processor.py:743} INFO - Processing file /home/airflow/.local/lib/python3.7/site-packages/airflow/example_dags/example_external_task_marker_dag.py for tasks to queue
[2023-04-28T06:14:51.927+0000] {logging_mixin.py:137} INFO - [2023-04-28T06:14:51.927+0000] {dagbag.py:538} INFO - Filling up the DagBag from /home/airflow/.local/lib/python3.7/site-packages/airflow/example_dags/example_external_task_marker_dag.py
[2023-04-28T06:14:51.938+0000] {processor.py:753} INFO - DAG(s) dict_keys(['example_external_task_marker_child', 'example_external_task_marker_parent']) retrieved from /home/airflow/.local/lib/python3.7/site-packages/airflow/example_dags/example_external_task_marker_dag.py
[2023-04-28T06:14:51.958+0000] {logging_mixin.py:137} INFO - [2023-04-28T06:14:51.958+0000] {dag.py:2690} INFO - Sync 2 DAGs
[2023-04-28T06:14:51.973+0000] {logging_mixin.py:137} INFO - [2023-04-28T06:14:51.973+0000] {dag.py:3441} INFO - Setting next_dagrun for example_external_task_marker_child to None, run_after=None
[2023-04-28T06:14:51.975+0000] {logging_mixin.py:137} INFO - [2023-04-28T06:14:51.975+0000] {dag.py:3441} INFO - Setting next_dagrun for example_external_task_marker_parent to None, run_after=None
[2023-04-28T06:14:51.985+0000] {processor.py:175} INFO - Processing /home/airflow/.local/lib/python3.7/site-packages/airflow/example_dags/example_external_task_marker_dag.py took 0.063 seconds
[2023-04-28T06:15:22.317+0000] {processor.py:153} INFO - Started process (PID=16717) to work on /home/airflow/.local/lib/python3.7/site-packages/airflow/example_dags/example_external_task_marker_dag.py
[2023-04-28T06:15:22.318+0000] {processor.py:743} INFO - Processing file /home/airflow/.local/lib/python3.7/site-packages/airflow/example_dags/example_external_task_marker_dag.py for tasks to queue
[2023-04-28T06:15:22.319+0000] {logging_mixin.py:137} INFO - [2023-04-28T06:15:22.319+0000] {dagbag.py:538} INFO - Filling up the DagBag from /home/airflow/.local/lib/python3.7/site-packages/airflow/example_dags/example_external_task_marker_dag.py
[2023-04-28T06:15:22.332+0000] {processor.py:753} INFO - DAG(s) dict_keys(['example_external_task_marker_child', 'example_external_task_marker_parent']) retrieved from /home/airflow/.local/lib/python3.7/site-packages/airflow/example_dags/example_external_task_marker_dag.py
[2023-04-28T06:15:22.355+0000] {logging_mixin.py:137} INFO - [2023-04-28T06:15:22.354+0000] {dag.py:2690} INFO - Sync 2 DAGs
[2023-04-28T06:15:22.372+0000] {logging_mixin.py:137} INFO - [2023-04-28T06:15:22.372+0000] {dag.py:3441} INFO - Setting next_dagrun for example_external_task_marker_child to None, run_after=None
[2023-04-28T06:15:22.376+0000] {logging_mixin.py:137} INFO - [2023-04-28T06:15:22.375+0000] {dag.py:3441} INFO - Setting next_dagrun for example_external_task_marker_parent to None, run_after=None
[2023-04-28T06:15:22.386+0000] {processor.py:175} INFO - Processing /home/airflow/.local/lib/python3.7/site-packages/airflow/example_dags/example_external_task_marker_dag.py took 0.072 seconds
[2023-04-28T06:15:52.673+0000] {processor.py:153} INFO - Started process (PID=16794) to work on /home/airflow/.local/lib/python3.7/site-packages/airflow/example_dags/example_external_task_marker_dag.py
[2023-04-28T06:15:52.675+0000] {processor.py:743} INFO - Processing file /home/airflow/.local/lib/python3.7/site-packages/airflow/example_dags/example_external_task_marker_dag.py for tasks to queue
[2023-04-28T06:15:52.675+0000] {logging_mixin.py:137} INFO - [2023-04-28T06:15:52.675+0000] {dagbag.py:538} INFO - Filling up the DagBag from /home/airflow/.local/lib/python3.7/site-packages/airflow/example_dags/example_external_task_marker_dag.py
[2023-04-28T06:15:52.686+0000] {processor.py:753} INFO - DAG(s) dict_keys(['example_external_task_marker_parent', 'example_external_task_marker_child']) retrieved from /home/airflow/.local/lib/python3.7/site-packages/airflow/example_dags/example_external_task_marker_dag.py
[2023-04-28T06:15:52.707+0000] {logging_mixin.py:137} INFO - [2023-04-28T06:15:52.707+0000] {dag.py:2690} INFO - Sync 2 DAGs
[2023-04-28T06:15:52.723+0000] {logging_mixin.py:137} INFO - [2023-04-28T06:15:52.722+0000] {dag.py:3441} INFO - Setting next_dagrun for example_external_task_marker_child to None, run_after=None
[2023-04-28T06:15:52.725+0000] {logging_mixin.py:137} INFO - [2023-04-28T06:15:52.725+0000] {dag.py:3441} INFO - Setting next_dagrun for example_external_task_marker_parent to None, run_after=None
[2023-04-28T06:15:52.735+0000] {processor.py:175} INFO - Processing /home/airflow/.local/lib/python3.7/site-packages/airflow/example_dags/example_external_task_marker_dag.py took 0.064 seconds
[2023-04-28T06:16:22.940+0000] {processor.py:153} INFO - Started process (PID=16859) to work on /home/airflow/.local/lib/python3.7/site-packages/airflow/example_dags/example_external_task_marker_dag.py
[2023-04-28T06:16:22.941+0000] {processor.py:743} INFO - Processing file /home/airflow/.local/lib/python3.7/site-packages/airflow/example_dags/example_external_task_marker_dag.py for tasks to queue
[2023-04-28T06:16:22.942+0000] {logging_mixin.py:137} INFO - [2023-04-28T06:16:22.942+0000] {dagbag.py:538} INFO - Filling up the DagBag from /home/airflow/.local/lib/python3.7/site-packages/airflow/example_dags/example_external_task_marker_dag.py
[2023-04-28T06:16:22.953+0000] {processor.py:753} INFO - DAG(s) dict_keys(['example_external_task_marker_child', 'example_external_task_marker_parent']) retrieved from /home/airflow/.local/lib/python3.7/site-packages/airflow/example_dags/example_external_task_marker_dag.py
[2023-04-28T06:16:22.974+0000] {logging_mixin.py:137} INFO - [2023-04-28T06:16:22.974+0000] {dag.py:2690} INFO - Sync 2 DAGs
[2023-04-28T06:16:22.990+0000] {logging_mixin.py:137} INFO - [2023-04-28T06:16:22.990+0000] {dag.py:3441} INFO - Setting next_dagrun for example_external_task_marker_child to None, run_after=None
[2023-04-28T06:16:22.993+0000] {logging_mixin.py:137} INFO - [2023-04-28T06:16:22.993+0000] {dag.py:3441} INFO - Setting next_dagrun for example_external_task_marker_parent to None, run_after=None
[2023-04-28T06:16:23.003+0000] {processor.py:175} INFO - Processing /home/airflow/.local/lib/python3.7/site-packages/airflow/example_dags/example_external_task_marker_dag.py took 0.066 seconds
[2023-04-28T06:16:53.567+0000] {processor.py:153} INFO - Started process (PID=16937) to work on /home/airflow/.local/lib/python3.7/site-packages/airflow/example_dags/example_external_task_marker_dag.py
[2023-04-28T06:16:53.569+0000] {processor.py:743} INFO - Processing file /home/airflow/.local/lib/python3.7/site-packages/airflow/example_dags/example_external_task_marker_dag.py for tasks to queue
[2023-04-28T06:16:53.569+0000] {logging_mixin.py:137} INFO - [2023-04-28T06:16:53.569+0000] {dagbag.py:538} INFO - Filling up the DagBag from /home/airflow/.local/lib/python3.7/site-packages/airflow/example_dags/example_external_task_marker_dag.py
[2023-04-28T06:16:53.580+0000] {processor.py:753} INFO - DAG(s) dict_keys(['example_external_task_marker_child', 'example_external_task_marker_parent']) retrieved from /home/airflow/.local/lib/python3.7/site-packages/airflow/example_dags/example_external_task_marker_dag.py
[2023-04-28T06:16:53.603+0000] {logging_mixin.py:137} INFO - [2023-04-28T06:16:53.603+0000] {dag.py:2690} INFO - Sync 2 DAGs
[2023-04-28T06:16:53.619+0000] {logging_mixin.py:137} INFO - [2023-04-28T06:16:53.619+0000] {dag.py:3441} INFO - Setting next_dagrun for example_external_task_marker_child to None, run_after=None
[2023-04-28T06:16:53.622+0000] {logging_mixin.py:137} INFO - [2023-04-28T06:16:53.622+0000] {dag.py:3441} INFO - Setting next_dagrun for example_external_task_marker_parent to None, run_after=None
[2023-04-28T06:16:53.632+0000] {processor.py:175} INFO - Processing /home/airflow/.local/lib/python3.7/site-packages/airflow/example_dags/example_external_task_marker_dag.py took 0.068 seconds
[2023-04-28T06:17:23.870+0000] {processor.py:153} INFO - Started process (PID=17015) to work on /home/airflow/.local/lib/python3.7/site-packages/airflow/example_dags/example_external_task_marker_dag.py
[2023-04-28T06:17:23.871+0000] {processor.py:743} INFO - Processing file /home/airflow/.local/lib/python3.7/site-packages/airflow/example_dags/example_external_task_marker_dag.py for tasks to queue
[2023-04-28T06:17:23.872+0000] {logging_mixin.py:137} INFO - [2023-04-28T06:17:23.872+0000] {dagbag.py:538} INFO - Filling up the DagBag from /home/airflow/.local/lib/python3.7/site-packages/airflow/example_dags/example_external_task_marker_dag.py
[2023-04-28T06:17:23.882+0000] {processor.py:753} INFO - DAG(s) dict_keys(['example_external_task_marker_parent', 'example_external_task_marker_child']) retrieved from /home/airflow/.local/lib/python3.7/site-packages/airflow/example_dags/example_external_task_marker_dag.py
[2023-04-28T06:17:23.903+0000] {logging_mixin.py:137} INFO - [2023-04-28T06:17:23.903+0000] {dag.py:2690} INFO - Sync 2 DAGs
[2023-04-28T06:17:23.920+0000] {logging_mixin.py:137} INFO - [2023-04-28T06:17:23.920+0000] {dag.py:3441} INFO - Setting next_dagrun for example_external_task_marker_child to None, run_after=None
[2023-04-28T06:17:23.923+0000] {logging_mixin.py:137} INFO - [2023-04-28T06:17:23.923+0000] {dag.py:3441} INFO - Setting next_dagrun for example_external_task_marker_parent to None, run_after=None
[2023-04-28T06:17:23.932+0000] {processor.py:175} INFO - Processing /home/airflow/.local/lib/python3.7/site-packages/airflow/example_dags/example_external_task_marker_dag.py took 0.066 seconds
[2023-04-28T06:17:54.338+0000] {processor.py:153} INFO - Started process (PID=17090) to work on /home/airflow/.local/lib/python3.7/site-packages/airflow/example_dags/example_external_task_marker_dag.py
[2023-04-28T06:17:54.339+0000] {processor.py:743} INFO - Processing file /home/airflow/.local/lib/python3.7/site-packages/airflow/example_dags/example_external_task_marker_dag.py for tasks to queue
[2023-04-28T06:17:54.340+0000] {logging_mixin.py:137} INFO - [2023-04-28T06:17:54.340+0000] {dagbag.py:538} INFO - Filling up the DagBag from /home/airflow/.local/lib/python3.7/site-packages/airflow/example_dags/example_external_task_marker_dag.py
[2023-04-28T06:17:54.352+0000] {processor.py:753} INFO - DAG(s) dict_keys(['example_external_task_marker_parent', 'example_external_task_marker_child']) retrieved from /home/airflow/.local/lib/python3.7/site-packages/airflow/example_dags/example_external_task_marker_dag.py
[2023-04-28T06:17:54.377+0000] {logging_mixin.py:137} INFO - [2023-04-28T06:17:54.377+0000] {dag.py:2690} INFO - Sync 2 DAGs
[2023-04-28T06:17:54.395+0000] {logging_mixin.py:137} INFO - [2023-04-28T06:17:54.395+0000] {dag.py:3441} INFO - Setting next_dagrun for example_external_task_marker_child to None, run_after=None
[2023-04-28T06:17:54.406+0000] {logging_mixin.py:137} INFO - [2023-04-28T06:17:54.405+0000] {dag.py:3441} INFO - Setting next_dagrun for example_external_task_marker_parent to None, run_after=None
[2023-04-28T06:17:54.417+0000] {processor.py:175} INFO - Processing /home/airflow/.local/lib/python3.7/site-packages/airflow/example_dags/example_external_task_marker_dag.py took 0.083 seconds
[2023-04-28T06:18:24.878+0000] {processor.py:153} INFO - Started process (PID=17159) to work on /home/airflow/.local/lib/python3.7/site-packages/airflow/example_dags/example_external_task_marker_dag.py
[2023-04-28T06:18:24.880+0000] {processor.py:743} INFO - Processing file /home/airflow/.local/lib/python3.7/site-packages/airflow/example_dags/example_external_task_marker_dag.py for tasks to queue
[2023-04-28T06:18:24.881+0000] {logging_mixin.py:137} INFO - [2023-04-28T06:18:24.881+0000] {dagbag.py:538} INFO - Filling up the DagBag from /home/airflow/.local/lib/python3.7/site-packages/airflow/example_dags/example_external_task_marker_dag.py
[2023-04-28T06:18:24.893+0000] {processor.py:753} INFO - DAG(s) dict_keys(['example_external_task_marker_child', 'example_external_task_marker_parent']) retrieved from /home/airflow/.local/lib/python3.7/site-packages/airflow/example_dags/example_external_task_marker_dag.py
[2023-04-28T06:18:24.915+0000] {logging_mixin.py:137} INFO - [2023-04-28T06:18:24.915+0000] {dag.py:2690} INFO - Sync 2 DAGs
[2023-04-28T06:18:24.932+0000] {logging_mixin.py:137} INFO - [2023-04-28T06:18:24.932+0000] {dag.py:3441} INFO - Setting next_dagrun for example_external_task_marker_child to None, run_after=None
[2023-04-28T06:18:24.934+0000] {logging_mixin.py:137} INFO - [2023-04-28T06:18:24.934+0000] {dag.py:3441} INFO - Setting next_dagrun for example_external_task_marker_parent to None, run_after=None
[2023-04-28T06:18:24.945+0000] {processor.py:175} INFO - Processing /home/airflow/.local/lib/python3.7/site-packages/airflow/example_dags/example_external_task_marker_dag.py took 0.069 seconds
[2023-04-28T06:18:55.204+0000] {processor.py:153} INFO - Started process (PID=17237) to work on /home/airflow/.local/lib/python3.7/site-packages/airflow/example_dags/example_external_task_marker_dag.py
[2023-04-28T06:18:55.205+0000] {processor.py:743} INFO - Processing file /home/airflow/.local/lib/python3.7/site-packages/airflow/example_dags/example_external_task_marker_dag.py for tasks to queue
[2023-04-28T06:18:55.206+0000] {logging_mixin.py:137} INFO - [2023-04-28T06:18:55.206+0000] {dagbag.py:538} INFO - Filling up the DagBag from /home/airflow/.local/lib/python3.7/site-packages/airflow/example_dags/example_external_task_marker_dag.py
[2023-04-28T06:18:55.216+0000] {processor.py:753} INFO - DAG(s) dict_keys(['example_external_task_marker_parent', 'example_external_task_marker_child']) retrieved from /home/airflow/.local/lib/python3.7/site-packages/airflow/example_dags/example_external_task_marker_dag.py
[2023-04-28T06:18:55.238+0000] {logging_mixin.py:137} INFO - [2023-04-28T06:18:55.238+0000] {dag.py:2690} INFO - Sync 2 DAGs
[2023-04-28T06:18:55.256+0000] {logging_mixin.py:137} INFO - [2023-04-28T06:18:55.255+0000] {dag.py:3441} INFO - Setting next_dagrun for example_external_task_marker_child to None, run_after=None
[2023-04-28T06:18:55.258+0000] {logging_mixin.py:137} INFO - [2023-04-28T06:18:55.258+0000] {dag.py:3441} INFO - Setting next_dagrun for example_external_task_marker_parent to None, run_after=None
[2023-04-28T06:18:55.267+0000] {processor.py:175} INFO - Processing /home/airflow/.local/lib/python3.7/site-packages/airflow/example_dags/example_external_task_marker_dag.py took 0.066 seconds
