[2023-04-28T00:36:32.702+0000] {processor.py:153} INFO - Started process (PID=14577) to work on /home/airflow/.local/lib/python3.7/site-packages/airflow/example_dags/example_xcom.py
[2023-04-28T00:36:32.703+0000] {processor.py:743} INFO - Processing file /home/airflow/.local/lib/python3.7/site-packages/airflow/example_dags/example_xcom.py for tasks to queue
[2023-04-28T00:36:32.704+0000] {logging_mixin.py:137} INFO - [2023-04-28T00:36:32.704+0000] {dagbag.py:538} INFO - Filling up the DagBag from /home/airflow/.local/lib/python3.7/site-packages/airflow/example_dags/example_xcom.py
[2023-04-28T00:36:32.721+0000] {processor.py:753} INFO - DAG(s) dict_keys(['example_xcom']) retrieved from /home/airflow/.local/lib/python3.7/site-packages/airflow/example_dags/example_xcom.py
[2023-04-28T00:36:32.741+0000] {logging_mixin.py:137} INFO - [2023-04-28T00:36:32.741+0000] {dag.py:2690} INFO - Sync 1 DAGs
[2023-04-28T00:36:32.756+0000] {logging_mixin.py:137} INFO - [2023-04-28T00:36:32.756+0000] {dag.py:3441} INFO - Setting next_dagrun for example_xcom to 2021-01-01T00:00:00+00:00, run_after=2021-01-01T00:00:00+00:00
[2023-04-28T00:36:32.768+0000] {processor.py:175} INFO - Processing /home/airflow/.local/lib/python3.7/site-packages/airflow/example_dags/example_xcom.py took 0.069 seconds
[2023-04-28T01:42:54.161+0000] {processor.py:153} INFO - Started process (PID=14655) to work on /home/airflow/.local/lib/python3.7/site-packages/airflow/example_dags/example_xcom.py
[2023-04-28T01:42:54.162+0000] {processor.py:743} INFO - Processing file /home/airflow/.local/lib/python3.7/site-packages/airflow/example_dags/example_xcom.py for tasks to queue
[2023-04-28T01:42:54.163+0000] {logging_mixin.py:137} INFO - [2023-04-28T01:42:54.163+0000] {dagbag.py:538} INFO - Filling up the DagBag from /home/airflow/.local/lib/python3.7/site-packages/airflow/example_dags/example_xcom.py
[2023-04-28T01:42:54.181+0000] {processor.py:753} INFO - DAG(s) dict_keys(['example_xcom']) retrieved from /home/airflow/.local/lib/python3.7/site-packages/airflow/example_dags/example_xcom.py
[2023-04-28T01:42:54.203+0000] {logging_mixin.py:137} INFO - [2023-04-28T01:42:54.203+0000] {dag.py:2690} INFO - Sync 1 DAGs
[2023-04-28T01:42:54.220+0000] {logging_mixin.py:137} INFO - [2023-04-28T01:42:54.220+0000] {dag.py:3441} INFO - Setting next_dagrun for example_xcom to 2021-01-01T00:00:00+00:00, run_after=2021-01-01T00:00:00+00:00
[2023-04-28T01:42:54.231+0000] {processor.py:175} INFO - Processing /home/airflow/.local/lib/python3.7/site-packages/airflow/example_dags/example_xcom.py took 0.073 seconds
[2023-04-28T02:48:42.048+0000] {processor.py:153} INFO - Started process (PID=14721) to work on /home/airflow/.local/lib/python3.7/site-packages/airflow/example_dags/example_xcom.py
[2023-04-28T02:48:42.049+0000] {processor.py:743} INFO - Processing file /home/airflow/.local/lib/python3.7/site-packages/airflow/example_dags/example_xcom.py for tasks to queue
[2023-04-28T02:48:42.050+0000] {logging_mixin.py:137} INFO - [2023-04-28T02:48:42.050+0000] {dagbag.py:538} INFO - Filling up the DagBag from /home/airflow/.local/lib/python3.7/site-packages/airflow/example_dags/example_xcom.py
[2023-04-28T02:48:42.067+0000] {processor.py:753} INFO - DAG(s) dict_keys(['example_xcom']) retrieved from /home/airflow/.local/lib/python3.7/site-packages/airflow/example_dags/example_xcom.py
[2023-04-28T02:48:42.090+0000] {logging_mixin.py:137} INFO - [2023-04-28T02:48:42.089+0000] {dag.py:2690} INFO - Sync 1 DAGs
[2023-04-28T02:48:42.106+0000] {logging_mixin.py:137} INFO - [2023-04-28T02:48:42.106+0000] {dag.py:3441} INFO - Setting next_dagrun for example_xcom to 2021-01-01T00:00:00+00:00, run_after=2021-01-01T00:00:00+00:00
[2023-04-28T02:48:42.118+0000] {processor.py:175} INFO - Processing /home/airflow/.local/lib/python3.7/site-packages/airflow/example_dags/example_xcom.py took 0.073 seconds
[2023-04-28T03:54:55.427+0000] {processor.py:153} INFO - Started process (PID=14798) to work on /home/airflow/.local/lib/python3.7/site-packages/airflow/example_dags/example_xcom.py
[2023-04-28T03:54:55.428+0000] {processor.py:743} INFO - Processing file /home/airflow/.local/lib/python3.7/site-packages/airflow/example_dags/example_xcom.py for tasks to queue
[2023-04-28T03:54:55.429+0000] {logging_mixin.py:137} INFO - [2023-04-28T03:54:55.429+0000] {dagbag.py:538} INFO - Filling up the DagBag from /home/airflow/.local/lib/python3.7/site-packages/airflow/example_dags/example_xcom.py
[2023-04-28T03:54:55.446+0000] {processor.py:753} INFO - DAG(s) dict_keys(['example_xcom']) retrieved from /home/airflow/.local/lib/python3.7/site-packages/airflow/example_dags/example_xcom.py
[2023-04-28T03:54:55.465+0000] {logging_mixin.py:137} INFO - [2023-04-28T03:54:55.465+0000] {dag.py:2690} INFO - Sync 1 DAGs
[2023-04-28T03:54:55.479+0000] {logging_mixin.py:137} INFO - [2023-04-28T03:54:55.479+0000] {dag.py:3441} INFO - Setting next_dagrun for example_xcom to 2021-01-01T00:00:00+00:00, run_after=2021-01-01T00:00:00+00:00
[2023-04-28T03:54:55.490+0000] {processor.py:175} INFO - Processing /home/airflow/.local/lib/python3.7/site-packages/airflow/example_dags/example_xcom.py took 0.066 seconds
[2023-04-28T05:16:17.301+0000] {processor.py:153} INFO - Started process (PID=14872) to work on /home/airflow/.local/lib/python3.7/site-packages/airflow/example_dags/example_xcom.py
[2023-04-28T05:16:17.303+0000] {processor.py:743} INFO - Processing file /home/airflow/.local/lib/python3.7/site-packages/airflow/example_dags/example_xcom.py for tasks to queue
[2023-04-28T05:16:17.304+0000] {logging_mixin.py:137} INFO - [2023-04-28T05:16:17.303+0000] {dagbag.py:538} INFO - Filling up the DagBag from /home/airflow/.local/lib/python3.7/site-packages/airflow/example_dags/example_xcom.py
[2023-04-28T05:16:17.322+0000] {processor.py:753} INFO - DAG(s) dict_keys(['example_xcom']) retrieved from /home/airflow/.local/lib/python3.7/site-packages/airflow/example_dags/example_xcom.py
[2023-04-28T05:16:17.351+0000] {logging_mixin.py:137} INFO - [2023-04-28T05:16:17.351+0000] {dag.py:2690} INFO - Sync 1 DAGs
[2023-04-28T05:16:17.371+0000] {logging_mixin.py:137} INFO - [2023-04-28T05:16:17.370+0000] {dag.py:3441} INFO - Setting next_dagrun for example_xcom to 2021-01-01T00:00:00+00:00, run_after=2021-01-01T00:00:00+00:00
[2023-04-28T05:16:17.385+0000] {processor.py:175} INFO - Processing /home/airflow/.local/lib/python3.7/site-packages/airflow/example_dags/example_xcom.py took 0.087 seconds
[2023-04-28T05:32:13.574+0000] {processor.py:153} INFO - Started process (PID=14944) to work on /home/airflow/.local/lib/python3.7/site-packages/airflow/example_dags/example_xcom.py
[2023-04-28T05:32:13.575+0000] {processor.py:743} INFO - Processing file /home/airflow/.local/lib/python3.7/site-packages/airflow/example_dags/example_xcom.py for tasks to queue
[2023-04-28T05:32:13.576+0000] {logging_mixin.py:137} INFO - [2023-04-28T05:32:13.575+0000] {dagbag.py:538} INFO - Filling up the DagBag from /home/airflow/.local/lib/python3.7/site-packages/airflow/example_dags/example_xcom.py
[2023-04-28T05:32:13.592+0000] {processor.py:753} INFO - DAG(s) dict_keys(['example_xcom']) retrieved from /home/airflow/.local/lib/python3.7/site-packages/airflow/example_dags/example_xcom.py
[2023-04-28T05:32:13.612+0000] {logging_mixin.py:137} INFO - [2023-04-28T05:32:13.612+0000] {dag.py:2690} INFO - Sync 1 DAGs
[2023-04-28T05:32:13.628+0000] {logging_mixin.py:137} INFO - [2023-04-28T05:32:13.628+0000] {dag.py:3441} INFO - Setting next_dagrun for example_xcom to 2021-01-01T00:00:00+00:00, run_after=2021-01-01T00:00:00+00:00
[2023-04-28T05:32:13.640+0000] {processor.py:175} INFO - Processing /home/airflow/.local/lib/python3.7/site-packages/airflow/example_dags/example_xcom.py took 0.069 seconds
[2023-04-28T05:32:44.138+0000] {processor.py:153} INFO - Started process (PID=15021) to work on /home/airflow/.local/lib/python3.7/site-packages/airflow/example_dags/example_xcom.py
[2023-04-28T05:32:44.140+0000] {processor.py:743} INFO - Processing file /home/airflow/.local/lib/python3.7/site-packages/airflow/example_dags/example_xcom.py for tasks to queue
[2023-04-28T05:32:44.141+0000] {logging_mixin.py:137} INFO - [2023-04-28T05:32:44.141+0000] {dagbag.py:538} INFO - Filling up the DagBag from /home/airflow/.local/lib/python3.7/site-packages/airflow/example_dags/example_xcom.py
[2023-04-28T05:32:44.172+0000] {processor.py:753} INFO - DAG(s) dict_keys(['example_xcom']) retrieved from /home/airflow/.local/lib/python3.7/site-packages/airflow/example_dags/example_xcom.py
[2023-04-28T05:32:44.202+0000] {logging_mixin.py:137} INFO - [2023-04-28T05:32:44.202+0000] {dag.py:2690} INFO - Sync 1 DAGs
[2023-04-28T05:32:44.223+0000] {logging_mixin.py:137} INFO - [2023-04-28T05:32:44.223+0000] {dag.py:3441} INFO - Setting next_dagrun for example_xcom to 2021-01-01T00:00:00+00:00, run_after=2021-01-01T00:00:00+00:00
[2023-04-28T05:32:44.246+0000] {processor.py:175} INFO - Processing /home/airflow/.local/lib/python3.7/site-packages/airflow/example_dags/example_xcom.py took 0.114 seconds
[2023-04-28T06:03:56.591+0000] {processor.py:153} INFO - Started process (PID=15098) to work on /home/airflow/.local/lib/python3.7/site-packages/airflow/example_dags/example_xcom.py
[2023-04-28T06:03:56.593+0000] {processor.py:743} INFO - Processing file /home/airflow/.local/lib/python3.7/site-packages/airflow/example_dags/example_xcom.py for tasks to queue
[2023-04-28T06:03:56.594+0000] {logging_mixin.py:137} INFO - [2023-04-28T06:03:56.594+0000] {dagbag.py:538} INFO - Filling up the DagBag from /home/airflow/.local/lib/python3.7/site-packages/airflow/example_dags/example_xcom.py
[2023-04-28T06:03:56.616+0000] {processor.py:753} INFO - DAG(s) dict_keys(['example_xcom']) retrieved from /home/airflow/.local/lib/python3.7/site-packages/airflow/example_dags/example_xcom.py
[2023-04-28T06:03:56.641+0000] {logging_mixin.py:137} INFO - [2023-04-28T06:03:56.640+0000] {dag.py:2690} INFO - Sync 1 DAGs
[2023-04-28T06:03:56.663+0000] {logging_mixin.py:137} INFO - [2023-04-28T06:03:56.663+0000] {dag.py:3441} INFO - Setting next_dagrun for example_xcom to 2021-01-01T00:00:00+00:00, run_after=2021-01-01T00:00:00+00:00
[2023-04-28T06:03:56.675+0000] {processor.py:175} INFO - Processing /home/airflow/.local/lib/python3.7/site-packages/airflow/example_dags/example_xcom.py took 0.088 seconds
[2023-04-28T06:04:42.047+0000] {processor.py:153} INFO - Started process (PID=15167) to work on /home/airflow/.local/lib/python3.7/site-packages/airflow/example_dags/example_xcom.py
[2023-04-28T06:04:42.048+0000] {processor.py:743} INFO - Processing file /home/airflow/.local/lib/python3.7/site-packages/airflow/example_dags/example_xcom.py for tasks to queue
[2023-04-28T06:04:42.049+0000] {logging_mixin.py:137} INFO - [2023-04-28T06:04:42.049+0000] {dagbag.py:538} INFO - Filling up the DagBag from /home/airflow/.local/lib/python3.7/site-packages/airflow/example_dags/example_xcom.py
[2023-04-28T06:04:42.065+0000] {processor.py:753} INFO - DAG(s) dict_keys(['example_xcom']) retrieved from /home/airflow/.local/lib/python3.7/site-packages/airflow/example_dags/example_xcom.py
[2023-04-28T06:04:42.087+0000] {logging_mixin.py:137} INFO - [2023-04-28T06:04:42.087+0000] {dag.py:2690} INFO - Sync 1 DAGs
[2023-04-28T06:04:42.102+0000] {logging_mixin.py:137} INFO - [2023-04-28T06:04:42.102+0000] {dag.py:3441} INFO - Setting next_dagrun for example_xcom to 2021-01-01T00:00:00+00:00, run_after=2021-01-01T00:00:00+00:00
[2023-04-28T06:04:42.113+0000] {processor.py:175} INFO - Processing /home/airflow/.local/lib/python3.7/site-packages/airflow/example_dags/example_xcom.py took 0.069 seconds
[2023-04-28T06:05:12.776+0000] {processor.py:153} INFO - Started process (PID=15245) to work on /home/airflow/.local/lib/python3.7/site-packages/airflow/example_dags/example_xcom.py
[2023-04-28T06:05:12.778+0000] {processor.py:743} INFO - Processing file /home/airflow/.local/lib/python3.7/site-packages/airflow/example_dags/example_xcom.py for tasks to queue
[2023-04-28T06:05:12.779+0000] {logging_mixin.py:137} INFO - [2023-04-28T06:05:12.779+0000] {dagbag.py:538} INFO - Filling up the DagBag from /home/airflow/.local/lib/python3.7/site-packages/airflow/example_dags/example_xcom.py
[2023-04-28T06:05:12.800+0000] {processor.py:753} INFO - DAG(s) dict_keys(['example_xcom']) retrieved from /home/airflow/.local/lib/python3.7/site-packages/airflow/example_dags/example_xcom.py
[2023-04-28T06:05:12.826+0000] {logging_mixin.py:137} INFO - [2023-04-28T06:05:12.825+0000] {dag.py:2690} INFO - Sync 1 DAGs
[2023-04-28T06:05:12.844+0000] {logging_mixin.py:137} INFO - [2023-04-28T06:05:12.844+0000] {dag.py:3441} INFO - Setting next_dagrun for example_xcom to 2021-01-01T00:00:00+00:00, run_after=2021-01-01T00:00:00+00:00
[2023-04-28T06:05:12.859+0000] {processor.py:175} INFO - Processing /home/airflow/.local/lib/python3.7/site-packages/airflow/example_dags/example_xcom.py took 0.086 seconds
[2023-04-28T06:05:43.141+0000] {processor.py:153} INFO - Started process (PID=15311) to work on /home/airflow/.local/lib/python3.7/site-packages/airflow/example_dags/example_xcom.py
[2023-04-28T06:05:43.142+0000] {processor.py:743} INFO - Processing file /home/airflow/.local/lib/python3.7/site-packages/airflow/example_dags/example_xcom.py for tasks to queue
[2023-04-28T06:05:43.143+0000] {logging_mixin.py:137} INFO - [2023-04-28T06:05:43.143+0000] {dagbag.py:538} INFO - Filling up the DagBag from /home/airflow/.local/lib/python3.7/site-packages/airflow/example_dags/example_xcom.py
[2023-04-28T06:05:43.161+0000] {processor.py:753} INFO - DAG(s) dict_keys(['example_xcom']) retrieved from /home/airflow/.local/lib/python3.7/site-packages/airflow/example_dags/example_xcom.py
[2023-04-28T06:05:43.182+0000] {logging_mixin.py:137} INFO - [2023-04-28T06:05:43.182+0000] {dag.py:2690} INFO - Sync 1 DAGs
[2023-04-28T06:05:43.198+0000] {logging_mixin.py:137} INFO - [2023-04-28T06:05:43.198+0000] {dag.py:3441} INFO - Setting next_dagrun for example_xcom to 2021-01-01T00:00:00+00:00, run_after=2021-01-01T00:00:00+00:00
[2023-04-28T06:05:43.209+0000] {processor.py:175} INFO - Processing /home/airflow/.local/lib/python3.7/site-packages/airflow/example_dags/example_xcom.py took 0.071 seconds
[2023-04-28T06:06:13.427+0000] {processor.py:153} INFO - Started process (PID=15391) to work on /home/airflow/.local/lib/python3.7/site-packages/airflow/example_dags/example_xcom.py
[2023-04-28T06:06:13.428+0000] {processor.py:743} INFO - Processing file /home/airflow/.local/lib/python3.7/site-packages/airflow/example_dags/example_xcom.py for tasks to queue
[2023-04-28T06:06:13.429+0000] {logging_mixin.py:137} INFO - [2023-04-28T06:06:13.429+0000] {dagbag.py:538} INFO - Filling up the DagBag from /home/airflow/.local/lib/python3.7/site-packages/airflow/example_dags/example_xcom.py
[2023-04-28T06:06:13.444+0000] {processor.py:753} INFO - DAG(s) dict_keys(['example_xcom']) retrieved from /home/airflow/.local/lib/python3.7/site-packages/airflow/example_dags/example_xcom.py
[2023-04-28T06:06:13.464+0000] {logging_mixin.py:137} INFO - [2023-04-28T06:06:13.464+0000] {dag.py:2690} INFO - Sync 1 DAGs
[2023-04-28T06:06:13.480+0000] {logging_mixin.py:137} INFO - [2023-04-28T06:06:13.480+0000] {dag.py:3441} INFO - Setting next_dagrun for example_xcom to 2021-01-01T00:00:00+00:00, run_after=2021-01-01T00:00:00+00:00
[2023-04-28T06:06:13.492+0000] {processor.py:175} INFO - Processing /home/airflow/.local/lib/python3.7/site-packages/airflow/example_dags/example_xcom.py took 0.068 seconds
[2023-04-28T06:06:44.162+0000] {processor.py:153} INFO - Started process (PID=15468) to work on /home/airflow/.local/lib/python3.7/site-packages/airflow/example_dags/example_xcom.py
[2023-04-28T06:06:44.164+0000] {processor.py:743} INFO - Processing file /home/airflow/.local/lib/python3.7/site-packages/airflow/example_dags/example_xcom.py for tasks to queue
[2023-04-28T06:06:44.165+0000] {logging_mixin.py:137} INFO - [2023-04-28T06:06:44.164+0000] {dagbag.py:538} INFO - Filling up the DagBag from /home/airflow/.local/lib/python3.7/site-packages/airflow/example_dags/example_xcom.py
[2023-04-28T06:06:44.182+0000] {processor.py:753} INFO - DAG(s) dict_keys(['example_xcom']) retrieved from /home/airflow/.local/lib/python3.7/site-packages/airflow/example_dags/example_xcom.py
[2023-04-28T06:06:44.205+0000] {logging_mixin.py:137} INFO - [2023-04-28T06:06:44.205+0000] {dag.py:2690} INFO - Sync 1 DAGs
[2023-04-28T06:06:44.222+0000] {logging_mixin.py:137} INFO - [2023-04-28T06:06:44.222+0000] {dag.py:3441} INFO - Setting next_dagrun for example_xcom to 2021-01-01T00:00:00+00:00, run_after=2021-01-01T00:00:00+00:00
[2023-04-28T06:06:44.234+0000] {processor.py:175} INFO - Processing /home/airflow/.local/lib/python3.7/site-packages/airflow/example_dags/example_xcom.py took 0.075 seconds
[2023-04-28T06:07:14.569+0000] {processor.py:153} INFO - Started process (PID=15535) to work on /home/airflow/.local/lib/python3.7/site-packages/airflow/example_dags/example_xcom.py
[2023-04-28T06:07:14.570+0000] {processor.py:743} INFO - Processing file /home/airflow/.local/lib/python3.7/site-packages/airflow/example_dags/example_xcom.py for tasks to queue
[2023-04-28T06:07:14.571+0000] {logging_mixin.py:137} INFO - [2023-04-28T06:07:14.571+0000] {dagbag.py:538} INFO - Filling up the DagBag from /home/airflow/.local/lib/python3.7/site-packages/airflow/example_dags/example_xcom.py
[2023-04-28T06:07:14.587+0000] {processor.py:753} INFO - DAG(s) dict_keys(['example_xcom']) retrieved from /home/airflow/.local/lib/python3.7/site-packages/airflow/example_dags/example_xcom.py
[2023-04-28T06:07:14.606+0000] {logging_mixin.py:137} INFO - [2023-04-28T06:07:14.606+0000] {dag.py:2690} INFO - Sync 1 DAGs
[2023-04-28T06:07:14.621+0000] {logging_mixin.py:137} INFO - [2023-04-28T06:07:14.621+0000] {dag.py:3441} INFO - Setting next_dagrun for example_xcom to 2021-01-01T00:00:00+00:00, run_after=2021-01-01T00:00:00+00:00
[2023-04-28T06:07:14.632+0000] {processor.py:175} INFO - Processing /home/airflow/.local/lib/python3.7/site-packages/airflow/example_dags/example_xcom.py took 0.066 seconds
[2023-04-28T06:07:45.018+0000] {processor.py:153} INFO - Started process (PID=15613) to work on /home/airflow/.local/lib/python3.7/site-packages/airflow/example_dags/example_xcom.py
[2023-04-28T06:07:45.019+0000] {processor.py:743} INFO - Processing file /home/airflow/.local/lib/python3.7/site-packages/airflow/example_dags/example_xcom.py for tasks to queue
[2023-04-28T06:07:45.020+0000] {logging_mixin.py:137} INFO - [2023-04-28T06:07:45.020+0000] {dagbag.py:538} INFO - Filling up the DagBag from /home/airflow/.local/lib/python3.7/site-packages/airflow/example_dags/example_xcom.py
[2023-04-28T06:07:45.036+0000] {processor.py:753} INFO - DAG(s) dict_keys(['example_xcom']) retrieved from /home/airflow/.local/lib/python3.7/site-packages/airflow/example_dags/example_xcom.py
[2023-04-28T06:07:45.057+0000] {logging_mixin.py:137} INFO - [2023-04-28T06:07:45.057+0000] {dag.py:2690} INFO - Sync 1 DAGs
[2023-04-28T06:07:45.073+0000] {logging_mixin.py:137} INFO - [2023-04-28T06:07:45.073+0000] {dag.py:3441} INFO - Setting next_dagrun for example_xcom to 2021-01-01T00:00:00+00:00, run_after=2021-01-01T00:00:00+00:00
[2023-04-28T06:07:45.084+0000] {processor.py:175} INFO - Processing /home/airflow/.local/lib/python3.7/site-packages/airflow/example_dags/example_xcom.py took 0.069 seconds
[2023-04-28T06:08:15.370+0000] {processor.py:153} INFO - Started process (PID=15691) to work on /home/airflow/.local/lib/python3.7/site-packages/airflow/example_dags/example_xcom.py
[2023-04-28T06:08:15.371+0000] {processor.py:743} INFO - Processing file /home/airflow/.local/lib/python3.7/site-packages/airflow/example_dags/example_xcom.py for tasks to queue
[2023-04-28T06:08:15.372+0000] {logging_mixin.py:137} INFO - [2023-04-28T06:08:15.372+0000] {dagbag.py:538} INFO - Filling up the DagBag from /home/airflow/.local/lib/python3.7/site-packages/airflow/example_dags/example_xcom.py
[2023-04-28T06:08:15.388+0000] {processor.py:753} INFO - DAG(s) dict_keys(['example_xcom']) retrieved from /home/airflow/.local/lib/python3.7/site-packages/airflow/example_dags/example_xcom.py
[2023-04-28T06:08:15.408+0000] {logging_mixin.py:137} INFO - [2023-04-28T06:08:15.408+0000] {dag.py:2690} INFO - Sync 1 DAGs
[2023-04-28T06:08:15.424+0000] {logging_mixin.py:137} INFO - [2023-04-28T06:08:15.423+0000] {dag.py:3441} INFO - Setting next_dagrun for example_xcom to 2021-01-01T00:00:00+00:00, run_after=2021-01-01T00:00:00+00:00
[2023-04-28T06:08:15.436+0000] {processor.py:175} INFO - Processing /home/airflow/.local/lib/python3.7/site-packages/airflow/example_dags/example_xcom.py took 0.069 seconds
[2023-04-28T06:08:45.931+0000] {processor.py:153} INFO - Started process (PID=15757) to work on /home/airflow/.local/lib/python3.7/site-packages/airflow/example_dags/example_xcom.py
[2023-04-28T06:08:45.932+0000] {processor.py:743} INFO - Processing file /home/airflow/.local/lib/python3.7/site-packages/airflow/example_dags/example_xcom.py for tasks to queue
[2023-04-28T06:08:45.933+0000] {logging_mixin.py:137} INFO - [2023-04-28T06:08:45.933+0000] {dagbag.py:538} INFO - Filling up the DagBag from /home/airflow/.local/lib/python3.7/site-packages/airflow/example_dags/example_xcom.py
[2023-04-28T06:08:45.949+0000] {processor.py:753} INFO - DAG(s) dict_keys(['example_xcom']) retrieved from /home/airflow/.local/lib/python3.7/site-packages/airflow/example_dags/example_xcom.py
[2023-04-28T06:08:45.969+0000] {logging_mixin.py:137} INFO - [2023-04-28T06:08:45.969+0000] {dag.py:2690} INFO - Sync 1 DAGs
[2023-04-28T06:08:45.986+0000] {logging_mixin.py:137} INFO - [2023-04-28T06:08:45.986+0000] {dag.py:3441} INFO - Setting next_dagrun for example_xcom to 2021-01-01T00:00:00+00:00, run_after=2021-01-01T00:00:00+00:00
[2023-04-28T06:08:45.998+0000] {processor.py:175} INFO - Processing /home/airflow/.local/lib/python3.7/site-packages/airflow/example_dags/example_xcom.py took 0.070 seconds
[2023-04-28T06:09:16.362+0000] {processor.py:153} INFO - Started process (PID=15835) to work on /home/airflow/.local/lib/python3.7/site-packages/airflow/example_dags/example_xcom.py
[2023-04-28T06:09:16.363+0000] {processor.py:743} INFO - Processing file /home/airflow/.local/lib/python3.7/site-packages/airflow/example_dags/example_xcom.py for tasks to queue
[2023-04-28T06:09:16.363+0000] {logging_mixin.py:137} INFO - [2023-04-28T06:09:16.363+0000] {dagbag.py:538} INFO - Filling up the DagBag from /home/airflow/.local/lib/python3.7/site-packages/airflow/example_dags/example_xcom.py
[2023-04-28T06:09:16.380+0000] {processor.py:753} INFO - DAG(s) dict_keys(['example_xcom']) retrieved from /home/airflow/.local/lib/python3.7/site-packages/airflow/example_dags/example_xcom.py
[2023-04-28T06:09:16.401+0000] {logging_mixin.py:137} INFO - [2023-04-28T06:09:16.401+0000] {dag.py:2690} INFO - Sync 1 DAGs
[2023-04-28T06:09:16.417+0000] {logging_mixin.py:137} INFO - [2023-04-28T06:09:16.417+0000] {dag.py:3441} INFO - Setting next_dagrun for example_xcom to 2021-01-01T00:00:00+00:00, run_after=2021-01-01T00:00:00+00:00
[2023-04-28T06:09:16.428+0000] {processor.py:175} INFO - Processing /home/airflow/.local/lib/python3.7/site-packages/airflow/example_dags/example_xcom.py took 0.069 seconds
[2023-04-28T06:09:47.365+0000] {processor.py:153} INFO - Started process (PID=15914) to work on /home/airflow/.local/lib/python3.7/site-packages/airflow/example_dags/example_xcom.py
[2023-04-28T06:09:47.366+0000] {processor.py:743} INFO - Processing file /home/airflow/.local/lib/python3.7/site-packages/airflow/example_dags/example_xcom.py for tasks to queue
[2023-04-28T06:09:47.366+0000] {logging_mixin.py:137} INFO - [2023-04-28T06:09:47.366+0000] {dagbag.py:538} INFO - Filling up the DagBag from /home/airflow/.local/lib/python3.7/site-packages/airflow/example_dags/example_xcom.py
[2023-04-28T06:09:47.383+0000] {processor.py:753} INFO - DAG(s) dict_keys(['example_xcom']) retrieved from /home/airflow/.local/lib/python3.7/site-packages/airflow/example_dags/example_xcom.py
[2023-04-28T06:09:47.404+0000] {logging_mixin.py:137} INFO - [2023-04-28T06:09:47.404+0000] {dag.py:2690} INFO - Sync 1 DAGs
[2023-04-28T06:09:47.421+0000] {logging_mixin.py:137} INFO - [2023-04-28T06:09:47.421+0000] {dag.py:3441} INFO - Setting next_dagrun for example_xcom to 2021-01-01T00:00:00+00:00, run_after=2021-01-01T00:00:00+00:00
[2023-04-28T06:09:47.432+0000] {processor.py:175} INFO - Processing /home/airflow/.local/lib/python3.7/site-packages/airflow/example_dags/example_xcom.py took 0.070 seconds
[2023-04-28T06:10:17.663+0000] {processor.py:153} INFO - Started process (PID=15979) to work on /home/airflow/.local/lib/python3.7/site-packages/airflow/example_dags/example_xcom.py
[2023-04-28T06:10:17.665+0000] {processor.py:743} INFO - Processing file /home/airflow/.local/lib/python3.7/site-packages/airflow/example_dags/example_xcom.py for tasks to queue
[2023-04-28T06:10:17.667+0000] {logging_mixin.py:137} INFO - [2023-04-28T06:10:17.666+0000] {dagbag.py:538} INFO - Filling up the DagBag from /home/airflow/.local/lib/python3.7/site-packages/airflow/example_dags/example_xcom.py
[2023-04-28T06:10:17.703+0000] {processor.py:753} INFO - DAG(s) dict_keys(['example_xcom']) retrieved from /home/airflow/.local/lib/python3.7/site-packages/airflow/example_dags/example_xcom.py
[2023-04-28T06:10:17.737+0000] {logging_mixin.py:137} INFO - [2023-04-28T06:10:17.737+0000] {dag.py:2690} INFO - Sync 1 DAGs
[2023-04-28T06:10:17.762+0000] {logging_mixin.py:137} INFO - [2023-04-28T06:10:17.761+0000] {dag.py:3441} INFO - Setting next_dagrun for example_xcom to 2021-01-01T00:00:00+00:00, run_after=2021-01-01T00:00:00+00:00
[2023-04-28T06:10:17.774+0000] {processor.py:175} INFO - Processing /home/airflow/.local/lib/python3.7/site-packages/airflow/example_dags/example_xcom.py took 0.114 seconds
[2023-04-28T06:10:48.111+0000] {processor.py:153} INFO - Started process (PID=16057) to work on /home/airflow/.local/lib/python3.7/site-packages/airflow/example_dags/example_xcom.py
[2023-04-28T06:10:48.112+0000] {processor.py:743} INFO - Processing file /home/airflow/.local/lib/python3.7/site-packages/airflow/example_dags/example_xcom.py for tasks to queue
[2023-04-28T06:10:48.113+0000] {logging_mixin.py:137} INFO - [2023-04-28T06:10:48.113+0000] {dagbag.py:538} INFO - Filling up the DagBag from /home/airflow/.local/lib/python3.7/site-packages/airflow/example_dags/example_xcom.py
[2023-04-28T06:10:48.129+0000] {processor.py:753} INFO - DAG(s) dict_keys(['example_xcom']) retrieved from /home/airflow/.local/lib/python3.7/site-packages/airflow/example_dags/example_xcom.py
[2023-04-28T06:10:48.149+0000] {logging_mixin.py:137} INFO - [2023-04-28T06:10:48.149+0000] {dag.py:2690} INFO - Sync 1 DAGs
[2023-04-28T06:10:48.168+0000] {logging_mixin.py:137} INFO - [2023-04-28T06:10:48.168+0000] {dag.py:3441} INFO - Setting next_dagrun for example_xcom to 2021-01-01T00:00:00+00:00, run_after=2021-01-01T00:00:00+00:00
[2023-04-28T06:10:48.180+0000] {processor.py:175} INFO - Processing /home/airflow/.local/lib/python3.7/site-packages/airflow/example_dags/example_xcom.py took 0.072 seconds
[2023-04-28T06:11:18.661+0000] {processor.py:153} INFO - Started process (PID=16135) to work on /home/airflow/.local/lib/python3.7/site-packages/airflow/example_dags/example_xcom.py
[2023-04-28T06:11:18.662+0000] {processor.py:743} INFO - Processing file /home/airflow/.local/lib/python3.7/site-packages/airflow/example_dags/example_xcom.py for tasks to queue
[2023-04-28T06:11:18.663+0000] {logging_mixin.py:137} INFO - [2023-04-28T06:11:18.663+0000] {dagbag.py:538} INFO - Filling up the DagBag from /home/airflow/.local/lib/python3.7/site-packages/airflow/example_dags/example_xcom.py
[2023-04-28T06:11:18.679+0000] {processor.py:753} INFO - DAG(s) dict_keys(['example_xcom']) retrieved from /home/airflow/.local/lib/python3.7/site-packages/airflow/example_dags/example_xcom.py
[2023-04-28T06:11:18.701+0000] {logging_mixin.py:137} INFO - [2023-04-28T06:11:18.701+0000] {dag.py:2690} INFO - Sync 1 DAGs
[2023-04-28T06:11:18.718+0000] {logging_mixin.py:137} INFO - [2023-04-28T06:11:18.718+0000] {dag.py:3441} INFO - Setting next_dagrun for example_xcom to 2021-01-01T00:00:00+00:00, run_after=2021-01-01T00:00:00+00:00
[2023-04-28T06:11:18.730+0000] {processor.py:175} INFO - Processing /home/airflow/.local/lib/python3.7/site-packages/airflow/example_dags/example_xcom.py took 0.072 seconds
[2023-04-28T06:11:49.283+0000] {processor.py:153} INFO - Started process (PID=16201) to work on /home/airflow/.local/lib/python3.7/site-packages/airflow/example_dags/example_xcom.py
[2023-04-28T06:11:49.284+0000] {processor.py:743} INFO - Processing file /home/airflow/.local/lib/python3.7/site-packages/airflow/example_dags/example_xcom.py for tasks to queue
[2023-04-28T06:11:49.285+0000] {logging_mixin.py:137} INFO - [2023-04-28T06:11:49.285+0000] {dagbag.py:538} INFO - Filling up the DagBag from /home/airflow/.local/lib/python3.7/site-packages/airflow/example_dags/example_xcom.py
[2023-04-28T06:11:49.309+0000] {processor.py:753} INFO - DAG(s) dict_keys(['example_xcom']) retrieved from /home/airflow/.local/lib/python3.7/site-packages/airflow/example_dags/example_xcom.py
[2023-04-28T06:11:49.336+0000] {logging_mixin.py:137} INFO - [2023-04-28T06:11:49.336+0000] {dag.py:2690} INFO - Sync 1 DAGs
[2023-04-28T06:11:49.359+0000] {logging_mixin.py:137} INFO - [2023-04-28T06:11:49.359+0000] {dag.py:3441} INFO - Setting next_dagrun for example_xcom to 2021-01-01T00:00:00+00:00, run_after=2021-01-01T00:00:00+00:00
[2023-04-28T06:11:49.376+0000] {processor.py:175} INFO - Processing /home/airflow/.local/lib/python3.7/site-packages/airflow/example_dags/example_xcom.py took 0.096 seconds
[2023-04-28T06:12:19.760+0000] {processor.py:153} INFO - Started process (PID=16279) to work on /home/airflow/.local/lib/python3.7/site-packages/airflow/example_dags/example_xcom.py
[2023-04-28T06:12:19.761+0000] {processor.py:743} INFO - Processing file /home/airflow/.local/lib/python3.7/site-packages/airflow/example_dags/example_xcom.py for tasks to queue
[2023-04-28T06:12:19.762+0000] {logging_mixin.py:137} INFO - [2023-04-28T06:12:19.762+0000] {dagbag.py:538} INFO - Filling up the DagBag from /home/airflow/.local/lib/python3.7/site-packages/airflow/example_dags/example_xcom.py
[2023-04-28T06:12:19.779+0000] {processor.py:753} INFO - DAG(s) dict_keys(['example_xcom']) retrieved from /home/airflow/.local/lib/python3.7/site-packages/airflow/example_dags/example_xcom.py
[2023-04-28T06:12:19.799+0000] {logging_mixin.py:137} INFO - [2023-04-28T06:12:19.799+0000] {dag.py:2690} INFO - Sync 1 DAGs
[2023-04-28T06:12:19.816+0000] {logging_mixin.py:137} INFO - [2023-04-28T06:12:19.815+0000] {dag.py:3441} INFO - Setting next_dagrun for example_xcom to 2021-01-01T00:00:00+00:00, run_after=2021-01-01T00:00:00+00:00
[2023-04-28T06:12:19.828+0000] {processor.py:175} INFO - Processing /home/airflow/.local/lib/python3.7/site-packages/airflow/example_dags/example_xcom.py took 0.071 seconds
[2023-04-28T06:12:50.374+0000] {processor.py:153} INFO - Started process (PID=16356) to work on /home/airflow/.local/lib/python3.7/site-packages/airflow/example_dags/example_xcom.py
[2023-04-28T06:12:50.375+0000] {processor.py:743} INFO - Processing file /home/airflow/.local/lib/python3.7/site-packages/airflow/example_dags/example_xcom.py for tasks to queue
[2023-04-28T06:12:50.376+0000] {logging_mixin.py:137} INFO - [2023-04-28T06:12:50.376+0000] {dagbag.py:538} INFO - Filling up the DagBag from /home/airflow/.local/lib/python3.7/site-packages/airflow/example_dags/example_xcom.py
[2023-04-28T06:12:50.392+0000] {processor.py:753} INFO - DAG(s) dict_keys(['example_xcom']) retrieved from /home/airflow/.local/lib/python3.7/site-packages/airflow/example_dags/example_xcom.py
[2023-04-28T06:12:50.413+0000] {logging_mixin.py:137} INFO - [2023-04-28T06:12:50.413+0000] {dag.py:2690} INFO - Sync 1 DAGs
[2023-04-28T06:12:50.430+0000] {logging_mixin.py:137} INFO - [2023-04-28T06:12:50.429+0000] {dag.py:3441} INFO - Setting next_dagrun for example_xcom to 2021-01-01T00:00:00+00:00, run_after=2021-01-01T00:00:00+00:00
[2023-04-28T06:12:50.441+0000] {processor.py:175} INFO - Processing /home/airflow/.local/lib/python3.7/site-packages/airflow/example_dags/example_xcom.py took 0.070 seconds
[2023-04-28T06:13:20.932+0000] {processor.py:153} INFO - Started process (PID=16423) to work on /home/airflow/.local/lib/python3.7/site-packages/airflow/example_dags/example_xcom.py
[2023-04-28T06:13:20.933+0000] {processor.py:743} INFO - Processing file /home/airflow/.local/lib/python3.7/site-packages/airflow/example_dags/example_xcom.py for tasks to queue
[2023-04-28T06:13:20.934+0000] {logging_mixin.py:137} INFO - [2023-04-28T06:13:20.933+0000] {dagbag.py:538} INFO - Filling up the DagBag from /home/airflow/.local/lib/python3.7/site-packages/airflow/example_dags/example_xcom.py
[2023-04-28T06:13:20.950+0000] {processor.py:753} INFO - DAG(s) dict_keys(['example_xcom']) retrieved from /home/airflow/.local/lib/python3.7/site-packages/airflow/example_dags/example_xcom.py
[2023-04-28T06:13:20.970+0000] {logging_mixin.py:137} INFO - [2023-04-28T06:13:20.970+0000] {dag.py:2690} INFO - Sync 1 DAGs
[2023-04-28T06:13:20.987+0000] {logging_mixin.py:137} INFO - [2023-04-28T06:13:20.987+0000] {dag.py:3441} INFO - Setting next_dagrun for example_xcom to 2021-01-01T00:00:00+00:00, run_after=2021-01-01T00:00:00+00:00
[2023-04-28T06:13:20.998+0000] {processor.py:175} INFO - Processing /home/airflow/.local/lib/python3.7/site-packages/airflow/example_dags/example_xcom.py took 0.069 seconds
[2023-04-28T06:13:51.329+0000] {processor.py:153} INFO - Started process (PID=16501) to work on /home/airflow/.local/lib/python3.7/site-packages/airflow/example_dags/example_xcom.py
[2023-04-28T06:13:51.330+0000] {processor.py:743} INFO - Processing file /home/airflow/.local/lib/python3.7/site-packages/airflow/example_dags/example_xcom.py for tasks to queue
[2023-04-28T06:13:51.331+0000] {logging_mixin.py:137} INFO - [2023-04-28T06:13:51.331+0000] {dagbag.py:538} INFO - Filling up the DagBag from /home/airflow/.local/lib/python3.7/site-packages/airflow/example_dags/example_xcom.py
[2023-04-28T06:13:51.348+0000] {processor.py:753} INFO - DAG(s) dict_keys(['example_xcom']) retrieved from /home/airflow/.local/lib/python3.7/site-packages/airflow/example_dags/example_xcom.py
[2023-04-28T06:13:51.369+0000] {logging_mixin.py:137} INFO - [2023-04-28T06:13:51.369+0000] {dag.py:2690} INFO - Sync 1 DAGs
[2023-04-28T06:13:51.384+0000] {logging_mixin.py:137} INFO - [2023-04-28T06:13:51.384+0000] {dag.py:3441} INFO - Setting next_dagrun for example_xcom to 2021-01-01T00:00:00+00:00, run_after=2021-01-01T00:00:00+00:00
[2023-04-28T06:13:51.395+0000] {processor.py:175} INFO - Processing /home/airflow/.local/lib/python3.7/site-packages/airflow/example_dags/example_xcom.py took 0.069 seconds
[2023-04-28T06:14:21.683+0000] {processor.py:153} INFO - Started process (PID=16579) to work on /home/airflow/.local/lib/python3.7/site-packages/airflow/example_dags/example_xcom.py
[2023-04-28T06:14:21.684+0000] {processor.py:743} INFO - Processing file /home/airflow/.local/lib/python3.7/site-packages/airflow/example_dags/example_xcom.py for tasks to queue
[2023-04-28T06:14:21.685+0000] {logging_mixin.py:137} INFO - [2023-04-28T06:14:21.685+0000] {dagbag.py:538} INFO - Filling up the DagBag from /home/airflow/.local/lib/python3.7/site-packages/airflow/example_dags/example_xcom.py
[2023-04-28T06:14:21.701+0000] {processor.py:753} INFO - DAG(s) dict_keys(['example_xcom']) retrieved from /home/airflow/.local/lib/python3.7/site-packages/airflow/example_dags/example_xcom.py
[2023-04-28T06:14:21.721+0000] {logging_mixin.py:137} INFO - [2023-04-28T06:14:21.721+0000] {dag.py:2690} INFO - Sync 1 DAGs
[2023-04-28T06:14:21.736+0000] {logging_mixin.py:137} INFO - [2023-04-28T06:14:21.736+0000] {dag.py:3441} INFO - Setting next_dagrun for example_xcom to 2021-01-01T00:00:00+00:00, run_after=2021-01-01T00:00:00+00:00
[2023-04-28T06:14:21.748+0000] {processor.py:175} INFO - Processing /home/airflow/.local/lib/python3.7/site-packages/airflow/example_dags/example_xcom.py took 0.067 seconds
[2023-04-28T06:14:52.216+0000] {processor.py:153} INFO - Started process (PID=16644) to work on /home/airflow/.local/lib/python3.7/site-packages/airflow/example_dags/example_xcom.py
[2023-04-28T06:14:52.217+0000] {processor.py:743} INFO - Processing file /home/airflow/.local/lib/python3.7/site-packages/airflow/example_dags/example_xcom.py for tasks to queue
[2023-04-28T06:14:52.218+0000] {logging_mixin.py:137} INFO - [2023-04-28T06:14:52.217+0000] {dagbag.py:538} INFO - Filling up the DagBag from /home/airflow/.local/lib/python3.7/site-packages/airflow/example_dags/example_xcom.py
[2023-04-28T06:14:52.233+0000] {processor.py:753} INFO - DAG(s) dict_keys(['example_xcom']) retrieved from /home/airflow/.local/lib/python3.7/site-packages/airflow/example_dags/example_xcom.py
[2023-04-28T06:14:52.254+0000] {logging_mixin.py:137} INFO - [2023-04-28T06:14:52.254+0000] {dag.py:2690} INFO - Sync 1 DAGs
[2023-04-28T06:14:52.270+0000] {logging_mixin.py:137} INFO - [2023-04-28T06:14:52.270+0000] {dag.py:3441} INFO - Setting next_dagrun for example_xcom to 2021-01-01T00:00:00+00:00, run_after=2021-01-01T00:00:00+00:00
[2023-04-28T06:14:52.281+0000] {processor.py:175} INFO - Processing /home/airflow/.local/lib/python3.7/site-packages/airflow/example_dags/example_xcom.py took 0.068 seconds
[2023-04-28T06:15:22.561+0000] {processor.py:153} INFO - Started process (PID=16722) to work on /home/airflow/.local/lib/python3.7/site-packages/airflow/example_dags/example_xcom.py
[2023-04-28T06:15:22.563+0000] {processor.py:743} INFO - Processing file /home/airflow/.local/lib/python3.7/site-packages/airflow/example_dags/example_xcom.py for tasks to queue
[2023-04-28T06:15:22.564+0000] {logging_mixin.py:137} INFO - [2023-04-28T06:15:22.564+0000] {dagbag.py:538} INFO - Filling up the DagBag from /home/airflow/.local/lib/python3.7/site-packages/airflow/example_dags/example_xcom.py
[2023-04-28T06:15:22.583+0000] {processor.py:753} INFO - DAG(s) dict_keys(['example_xcom']) retrieved from /home/airflow/.local/lib/python3.7/site-packages/airflow/example_dags/example_xcom.py
[2023-04-28T06:15:22.607+0000] {logging_mixin.py:137} INFO - [2023-04-28T06:15:22.607+0000] {dag.py:2690} INFO - Sync 1 DAGs
[2023-04-28T06:15:22.626+0000] {logging_mixin.py:137} INFO - [2023-04-28T06:15:22.626+0000] {dag.py:3441} INFO - Setting next_dagrun for example_xcom to 2021-01-01T00:00:00+00:00, run_after=2021-01-01T00:00:00+00:00
[2023-04-28T06:15:22.641+0000] {processor.py:175} INFO - Processing /home/airflow/.local/lib/python3.7/site-packages/airflow/example_dags/example_xcom.py took 0.083 seconds
[2023-04-28T06:15:52.872+0000] {processor.py:153} INFO - Started process (PID=16799) to work on /home/airflow/.local/lib/python3.7/site-packages/airflow/example_dags/example_xcom.py
[2023-04-28T06:15:52.873+0000] {processor.py:743} INFO - Processing file /home/airflow/.local/lib/python3.7/site-packages/airflow/example_dags/example_xcom.py for tasks to queue
[2023-04-28T06:15:52.874+0000] {logging_mixin.py:137} INFO - [2023-04-28T06:15:52.874+0000] {dagbag.py:538} INFO - Filling up the DagBag from /home/airflow/.local/lib/python3.7/site-packages/airflow/example_dags/example_xcom.py
[2023-04-28T06:15:52.890+0000] {processor.py:753} INFO - DAG(s) dict_keys(['example_xcom']) retrieved from /home/airflow/.local/lib/python3.7/site-packages/airflow/example_dags/example_xcom.py
[2023-04-28T06:15:52.910+0000] {logging_mixin.py:137} INFO - [2023-04-28T06:15:52.910+0000] {dag.py:2690} INFO - Sync 1 DAGs
[2023-04-28T06:15:52.926+0000] {logging_mixin.py:137} INFO - [2023-04-28T06:15:52.926+0000] {dag.py:3441} INFO - Setting next_dagrun for example_xcom to 2021-01-01T00:00:00+00:00, run_after=2021-01-01T00:00:00+00:00
[2023-04-28T06:15:52.937+0000] {processor.py:175} INFO - Processing /home/airflow/.local/lib/python3.7/site-packages/airflow/example_dags/example_xcom.py took 0.068 seconds
[2023-04-28T06:16:23.200+0000] {processor.py:153} INFO - Started process (PID=16864) to work on /home/airflow/.local/lib/python3.7/site-packages/airflow/example_dags/example_xcom.py
[2023-04-28T06:16:23.201+0000] {processor.py:743} INFO - Processing file /home/airflow/.local/lib/python3.7/site-packages/airflow/example_dags/example_xcom.py for tasks to queue
[2023-04-28T06:16:23.202+0000] {logging_mixin.py:137} INFO - [2023-04-28T06:16:23.202+0000] {dagbag.py:538} INFO - Filling up the DagBag from /home/airflow/.local/lib/python3.7/site-packages/airflow/example_dags/example_xcom.py
[2023-04-28T06:16:23.219+0000] {processor.py:753} INFO - DAG(s) dict_keys(['example_xcom']) retrieved from /home/airflow/.local/lib/python3.7/site-packages/airflow/example_dags/example_xcom.py
[2023-04-28T06:16:23.239+0000] {logging_mixin.py:137} INFO - [2023-04-28T06:16:23.239+0000] {dag.py:2690} INFO - Sync 1 DAGs
[2023-04-28T06:16:23.255+0000] {logging_mixin.py:137} INFO - [2023-04-28T06:16:23.255+0000] {dag.py:3441} INFO - Setting next_dagrun for example_xcom to 2021-01-01T00:00:00+00:00, run_after=2021-01-01T00:00:00+00:00
[2023-04-28T06:16:23.266+0000] {processor.py:175} INFO - Processing /home/airflow/.local/lib/python3.7/site-packages/airflow/example_dags/example_xcom.py took 0.068 seconds
[2023-04-28T06:16:53.801+0000] {processor.py:153} INFO - Started process (PID=16942) to work on /home/airflow/.local/lib/python3.7/site-packages/airflow/example_dags/example_xcom.py
[2023-04-28T06:16:53.802+0000] {processor.py:743} INFO - Processing file /home/airflow/.local/lib/python3.7/site-packages/airflow/example_dags/example_xcom.py for tasks to queue
[2023-04-28T06:16:53.802+0000] {logging_mixin.py:137} INFO - [2023-04-28T06:16:53.802+0000] {dagbag.py:538} INFO - Filling up the DagBag from /home/airflow/.local/lib/python3.7/site-packages/airflow/example_dags/example_xcom.py
[2023-04-28T06:16:53.818+0000] {processor.py:753} INFO - DAG(s) dict_keys(['example_xcom']) retrieved from /home/airflow/.local/lib/python3.7/site-packages/airflow/example_dags/example_xcom.py
[2023-04-28T06:16:53.840+0000] {logging_mixin.py:137} INFO - [2023-04-28T06:16:53.840+0000] {dag.py:2690} INFO - Sync 1 DAGs
[2023-04-28T06:16:53.857+0000] {logging_mixin.py:137} INFO - [2023-04-28T06:16:53.857+0000] {dag.py:3441} INFO - Setting next_dagrun for example_xcom to 2021-01-01T00:00:00+00:00, run_after=2021-01-01T00:00:00+00:00
[2023-04-28T06:16:53.871+0000] {processor.py:175} INFO - Processing /home/airflow/.local/lib/python3.7/site-packages/airflow/example_dags/example_xcom.py took 0.073 seconds
[2023-04-28T06:17:24.110+0000] {processor.py:153} INFO - Started process (PID=17020) to work on /home/airflow/.local/lib/python3.7/site-packages/airflow/example_dags/example_xcom.py
[2023-04-28T06:17:24.112+0000] {processor.py:743} INFO - Processing file /home/airflow/.local/lib/python3.7/site-packages/airflow/example_dags/example_xcom.py for tasks to queue
[2023-04-28T06:17:24.112+0000] {logging_mixin.py:137} INFO - [2023-04-28T06:17:24.112+0000] {dagbag.py:538} INFO - Filling up the DagBag from /home/airflow/.local/lib/python3.7/site-packages/airflow/example_dags/example_xcom.py
[2023-04-28T06:17:24.129+0000] {processor.py:753} INFO - DAG(s) dict_keys(['example_xcom']) retrieved from /home/airflow/.local/lib/python3.7/site-packages/airflow/example_dags/example_xcom.py
[2023-04-28T06:17:24.151+0000] {logging_mixin.py:137} INFO - [2023-04-28T06:17:24.151+0000] {dag.py:2690} INFO - Sync 1 DAGs
[2023-04-28T06:17:24.166+0000] {logging_mixin.py:137} INFO - [2023-04-28T06:17:24.166+0000] {dag.py:3441} INFO - Setting next_dagrun for example_xcom to 2021-01-01T00:00:00+00:00, run_after=2021-01-01T00:00:00+00:00
[2023-04-28T06:17:24.176+0000] {processor.py:175} INFO - Processing /home/airflow/.local/lib/python3.7/site-packages/airflow/example_dags/example_xcom.py took 0.069 seconds
[2023-04-28T06:17:54.639+0000] {processor.py:153} INFO - Started process (PID=17095) to work on /home/airflow/.local/lib/python3.7/site-packages/airflow/example_dags/example_xcom.py
[2023-04-28T06:17:54.641+0000] {processor.py:743} INFO - Processing file /home/airflow/.local/lib/python3.7/site-packages/airflow/example_dags/example_xcom.py for tasks to queue
[2023-04-28T06:17:54.644+0000] {logging_mixin.py:137} INFO - [2023-04-28T06:17:54.644+0000] {dagbag.py:538} INFO - Filling up the DagBag from /home/airflow/.local/lib/python3.7/site-packages/airflow/example_dags/example_xcom.py
[2023-04-28T06:17:54.677+0000] {processor.py:753} INFO - DAG(s) dict_keys(['example_xcom']) retrieved from /home/airflow/.local/lib/python3.7/site-packages/airflow/example_dags/example_xcom.py
[2023-04-28T06:17:54.735+0000] {logging_mixin.py:137} INFO - [2023-04-28T06:17:54.735+0000] {dag.py:2690} INFO - Sync 1 DAGs
[2023-04-28T06:17:54.753+0000] {logging_mixin.py:137} INFO - [2023-04-28T06:17:54.752+0000] {dag.py:3441} INFO - Setting next_dagrun for example_xcom to 2021-01-01T00:00:00+00:00, run_after=2021-01-01T00:00:00+00:00
[2023-04-28T06:17:54.773+0000] {processor.py:175} INFO - Processing /home/airflow/.local/lib/python3.7/site-packages/airflow/example_dags/example_xcom.py took 0.137 seconds
[2023-04-28T06:18:25.120+0000] {processor.py:153} INFO - Started process (PID=17164) to work on /home/airflow/.local/lib/python3.7/site-packages/airflow/example_dags/example_xcom.py
[2023-04-28T06:18:25.121+0000] {processor.py:743} INFO - Processing file /home/airflow/.local/lib/python3.7/site-packages/airflow/example_dags/example_xcom.py for tasks to queue
[2023-04-28T06:18:25.122+0000] {logging_mixin.py:137} INFO - [2023-04-28T06:18:25.121+0000] {dagbag.py:538} INFO - Filling up the DagBag from /home/airflow/.local/lib/python3.7/site-packages/airflow/example_dags/example_xcom.py
[2023-04-28T06:18:25.138+0000] {processor.py:753} INFO - DAG(s) dict_keys(['example_xcom']) retrieved from /home/airflow/.local/lib/python3.7/site-packages/airflow/example_dags/example_xcom.py
[2023-04-28T06:18:25.160+0000] {logging_mixin.py:137} INFO - [2023-04-28T06:18:25.160+0000] {dag.py:2690} INFO - Sync 1 DAGs
[2023-04-28T06:18:25.176+0000] {logging_mixin.py:137} INFO - [2023-04-28T06:18:25.176+0000] {dag.py:3441} INFO - Setting next_dagrun for example_xcom to 2021-01-01T00:00:00+00:00, run_after=2021-01-01T00:00:00+00:00
[2023-04-28T06:18:25.187+0000] {processor.py:175} INFO - Processing /home/airflow/.local/lib/python3.7/site-packages/airflow/example_dags/example_xcom.py took 0.071 seconds
[2023-04-28T06:18:55.447+0000] {processor.py:153} INFO - Started process (PID=17242) to work on /home/airflow/.local/lib/python3.7/site-packages/airflow/example_dags/example_xcom.py
[2023-04-28T06:18:55.448+0000] {processor.py:743} INFO - Processing file /home/airflow/.local/lib/python3.7/site-packages/airflow/example_dags/example_xcom.py for tasks to queue
[2023-04-28T06:18:55.449+0000] {logging_mixin.py:137} INFO - [2023-04-28T06:18:55.449+0000] {dagbag.py:538} INFO - Filling up the DagBag from /home/airflow/.local/lib/python3.7/site-packages/airflow/example_dags/example_xcom.py
[2023-04-28T06:18:55.466+0000] {processor.py:753} INFO - DAG(s) dict_keys(['example_xcom']) retrieved from /home/airflow/.local/lib/python3.7/site-packages/airflow/example_dags/example_xcom.py
[2023-04-28T06:18:55.493+0000] {logging_mixin.py:137} INFO - [2023-04-28T06:18:55.492+0000] {dag.py:2690} INFO - Sync 1 DAGs
[2023-04-28T06:18:55.512+0000] {logging_mixin.py:137} INFO - [2023-04-28T06:18:55.512+0000] {dag.py:3441} INFO - Setting next_dagrun for example_xcom to 2021-01-01T00:00:00+00:00, run_after=2021-01-01T00:00:00+00:00
[2023-04-28T06:18:55.534+0000] {processor.py:175} INFO - Processing /home/airflow/.local/lib/python3.7/site-packages/airflow/example_dags/example_xcom.py took 0.090 seconds
