[2023-04-28T00:36:31.602+0000] {processor.py:153} INFO - Started process (PID=14561) to work on /home/airflow/.local/lib/python3.7/site-packages/airflow/example_dags/example_dag_decorator.py
[2023-04-28T00:36:31.603+0000] {processor.py:743} INFO - Processing file /home/airflow/.local/lib/python3.7/site-packages/airflow/example_dags/example_dag_decorator.py for tasks to queue
[2023-04-28T00:36:31.604+0000] {logging_mixin.py:137} INFO - [2023-04-28T00:36:31.604+0000] {dagbag.py:538} INFO - Filling up the DagBag from /home/airflow/.local/lib/python3.7/site-packages/airflow/example_dags/example_dag_decorator.py
[2023-04-28T00:36:31.624+0000] {logging_mixin.py:137} INFO - [2023-04-28T00:36:31.624+0000] {taskmixin.py:205} WARNING - Dependency <Task(_PythonDecoratedOperator): prepare_email>, send_email already registered for DAG: example_dag_decorator
[2023-04-28T00:36:31.628+0000] {logging_mixin.py:137} INFO - [2023-04-28T00:36:31.628+0000] {taskmixin.py:205} WARNING - Dependency <Task(EmailOperator): send_email>, prepare_email already registered for DAG: example_dag_decorator
[2023-04-28T00:36:31.649+0000] {processor.py:753} INFO - DAG(s) dict_keys(['example_dag_decorator']) retrieved from /home/airflow/.local/lib/python3.7/site-packages/airflow/example_dags/example_dag_decorator.py
[2023-04-28T00:36:31.742+0000] {logging_mixin.py:137} INFO - [2023-04-28T00:36:31.742+0000] {dag.py:2690} INFO - Sync 1 DAGs
[2023-04-28T00:36:31.771+0000] {logging_mixin.py:137} INFO - [2023-04-28T00:36:31.771+0000] {dag.py:3441} INFO - Setting next_dagrun for example_dag_decorator to None, run_after=None
[2023-04-28T00:36:31.801+0000] {processor.py:175} INFO - Processing /home/airflow/.local/lib/python3.7/site-packages/airflow/example_dags/example_dag_decorator.py took 0.205 seconds
[2023-04-28T01:42:53.022+0000] {processor.py:153} INFO - Started process (PID=14636) to work on /home/airflow/.local/lib/python3.7/site-packages/airflow/example_dags/example_dag_decorator.py
[2023-04-28T01:42:53.023+0000] {processor.py:743} INFO - Processing file /home/airflow/.local/lib/python3.7/site-packages/airflow/example_dags/example_dag_decorator.py for tasks to queue
[2023-04-28T01:42:53.024+0000] {logging_mixin.py:137} INFO - [2023-04-28T01:42:53.024+0000] {dagbag.py:538} INFO - Filling up the DagBag from /home/airflow/.local/lib/python3.7/site-packages/airflow/example_dags/example_dag_decorator.py
[2023-04-28T01:42:53.043+0000] {logging_mixin.py:137} INFO - [2023-04-28T01:42:53.043+0000] {taskmixin.py:205} WARNING - Dependency <Task(_PythonDecoratedOperator): prepare_email>, send_email already registered for DAG: example_dag_decorator
[2023-04-28T01:42:53.050+0000] {logging_mixin.py:137} INFO - [2023-04-28T01:42:53.050+0000] {taskmixin.py:205} WARNING - Dependency <Task(EmailOperator): send_email>, prepare_email already registered for DAG: example_dag_decorator
[2023-04-28T01:42:53.070+0000] {processor.py:753} INFO - DAG(s) dict_keys(['example_dag_decorator']) retrieved from /home/airflow/.local/lib/python3.7/site-packages/airflow/example_dags/example_dag_decorator.py
[2023-04-28T01:42:53.145+0000] {logging_mixin.py:137} INFO - [2023-04-28T01:42:53.145+0000] {dag.py:2690} INFO - Sync 1 DAGs
[2023-04-28T01:42:53.159+0000] {logging_mixin.py:137} INFO - [2023-04-28T01:42:53.159+0000] {dag.py:3441} INFO - Setting next_dagrun for example_dag_decorator to None, run_after=None
[2023-04-28T01:42:53.179+0000] {processor.py:175} INFO - Processing /home/airflow/.local/lib/python3.7/site-packages/airflow/example_dags/example_dag_decorator.py took 0.161 seconds
[2023-04-28T02:48:40.998+0000] {processor.py:153} INFO - Started process (PID=14705) to work on /home/airflow/.local/lib/python3.7/site-packages/airflow/example_dags/example_dag_decorator.py
[2023-04-28T02:48:40.999+0000] {processor.py:743} INFO - Processing file /home/airflow/.local/lib/python3.7/site-packages/airflow/example_dags/example_dag_decorator.py for tasks to queue
[2023-04-28T02:48:41.000+0000] {logging_mixin.py:137} INFO - [2023-04-28T02:48:41.000+0000] {dagbag.py:538} INFO - Filling up the DagBag from /home/airflow/.local/lib/python3.7/site-packages/airflow/example_dags/example_dag_decorator.py
[2023-04-28T02:48:41.012+0000] {logging_mixin.py:137} INFO - [2023-04-28T02:48:41.012+0000] {taskmixin.py:205} WARNING - Dependency <Task(_PythonDecoratedOperator): prepare_email>, send_email already registered for DAG: example_dag_decorator
[2023-04-28T02:48:41.013+0000] {logging_mixin.py:137} INFO - [2023-04-28T02:48:41.013+0000] {taskmixin.py:205} WARNING - Dependency <Task(EmailOperator): send_email>, prepare_email already registered for DAG: example_dag_decorator
[2023-04-28T02:48:41.022+0000] {processor.py:753} INFO - DAG(s) dict_keys(['example_dag_decorator']) retrieved from /home/airflow/.local/lib/python3.7/site-packages/airflow/example_dags/example_dag_decorator.py
[2023-04-28T02:48:41.064+0000] {logging_mixin.py:137} INFO - [2023-04-28T02:48:41.064+0000] {dag.py:2690} INFO - Sync 1 DAGs
[2023-04-28T02:48:41.078+0000] {logging_mixin.py:137} INFO - [2023-04-28T02:48:41.078+0000] {dag.py:3441} INFO - Setting next_dagrun for example_dag_decorator to None, run_after=None
[2023-04-28T02:48:41.092+0000] {processor.py:175} INFO - Processing /home/airflow/.local/lib/python3.7/site-packages/airflow/example_dags/example_dag_decorator.py took 0.096 seconds
[2023-04-28T03:54:54.263+0000] {processor.py:153} INFO - Started process (PID=14782) to work on /home/airflow/.local/lib/python3.7/site-packages/airflow/example_dags/example_dag_decorator.py
[2023-04-28T03:54:54.267+0000] {processor.py:743} INFO - Processing file /home/airflow/.local/lib/python3.7/site-packages/airflow/example_dags/example_dag_decorator.py for tasks to queue
[2023-04-28T03:54:54.268+0000] {logging_mixin.py:137} INFO - [2023-04-28T03:54:54.268+0000] {dagbag.py:538} INFO - Filling up the DagBag from /home/airflow/.local/lib/python3.7/site-packages/airflow/example_dags/example_dag_decorator.py
[2023-04-28T03:54:54.283+0000] {logging_mixin.py:137} INFO - [2023-04-28T03:54:54.283+0000] {taskmixin.py:205} WARNING - Dependency <Task(_PythonDecoratedOperator): prepare_email>, send_email already registered for DAG: example_dag_decorator
[2023-04-28T03:54:54.284+0000] {logging_mixin.py:137} INFO - [2023-04-28T03:54:54.283+0000] {taskmixin.py:205} WARNING - Dependency <Task(EmailOperator): send_email>, prepare_email already registered for DAG: example_dag_decorator
[2023-04-28T03:54:54.294+0000] {processor.py:753} INFO - DAG(s) dict_keys(['example_dag_decorator']) retrieved from /home/airflow/.local/lib/python3.7/site-packages/airflow/example_dags/example_dag_decorator.py
[2023-04-28T03:54:54.353+0000] {logging_mixin.py:137} INFO - [2023-04-28T03:54:54.353+0000] {dag.py:2690} INFO - Sync 1 DAGs
[2023-04-28T03:54:54.369+0000] {logging_mixin.py:137} INFO - [2023-04-28T03:54:54.369+0000] {dag.py:3441} INFO - Setting next_dagrun for example_dag_decorator to None, run_after=None
[2023-04-28T03:54:54.385+0000] {processor.py:175} INFO - Processing /home/airflow/.local/lib/python3.7/site-packages/airflow/example_dags/example_dag_decorator.py took 0.125 seconds
[2023-04-28T05:16:16.159+0000] {processor.py:153} INFO - Started process (PID=14848) to work on /home/airflow/.local/lib/python3.7/site-packages/airflow/example_dags/example_dag_decorator.py
[2023-04-28T05:16:16.164+0000] {processor.py:743} INFO - Processing file /home/airflow/.local/lib/python3.7/site-packages/airflow/example_dags/example_dag_decorator.py for tasks to queue
[2023-04-28T05:16:16.165+0000] {logging_mixin.py:137} INFO - [2023-04-28T05:16:16.165+0000] {dagbag.py:538} INFO - Filling up the DagBag from /home/airflow/.local/lib/python3.7/site-packages/airflow/example_dags/example_dag_decorator.py
[2023-04-28T05:16:16.185+0000] {logging_mixin.py:137} INFO - [2023-04-28T05:16:16.185+0000] {taskmixin.py:205} WARNING - Dependency <Task(_PythonDecoratedOperator): prepare_email>, send_email already registered for DAG: example_dag_decorator
[2023-04-28T05:16:16.188+0000] {logging_mixin.py:137} INFO - [2023-04-28T05:16:16.188+0000] {taskmixin.py:205} WARNING - Dependency <Task(EmailOperator): send_email>, prepare_email already registered for DAG: example_dag_decorator
[2023-04-28T05:16:16.205+0000] {processor.py:753} INFO - DAG(s) dict_keys(['example_dag_decorator']) retrieved from /home/airflow/.local/lib/python3.7/site-packages/airflow/example_dags/example_dag_decorator.py
[2023-04-28T05:16:16.338+0000] {logging_mixin.py:137} INFO - [2023-04-28T05:16:16.338+0000] {dag.py:2690} INFO - Sync 1 DAGs
[2023-04-28T05:16:16.359+0000] {logging_mixin.py:137} INFO - [2023-04-28T05:16:16.359+0000] {dag.py:3441} INFO - Setting next_dagrun for example_dag_decorator to None, run_after=None
[2023-04-28T05:16:16.375+0000] {processor.py:175} INFO - Processing /home/airflow/.local/lib/python3.7/site-packages/airflow/example_dags/example_dag_decorator.py took 0.220 seconds
[2023-04-28T05:32:12.794+0000] {processor.py:153} INFO - Started process (PID=14928) to work on /home/airflow/.local/lib/python3.7/site-packages/airflow/example_dags/example_dag_decorator.py
[2023-04-28T05:32:12.795+0000] {processor.py:743} INFO - Processing file /home/airflow/.local/lib/python3.7/site-packages/airflow/example_dags/example_dag_decorator.py for tasks to queue
[2023-04-28T05:32:12.796+0000] {logging_mixin.py:137} INFO - [2023-04-28T05:32:12.796+0000] {dagbag.py:538} INFO - Filling up the DagBag from /home/airflow/.local/lib/python3.7/site-packages/airflow/example_dags/example_dag_decorator.py
[2023-04-28T05:32:12.808+0000] {logging_mixin.py:137} INFO - [2023-04-28T05:32:12.808+0000] {taskmixin.py:205} WARNING - Dependency <Task(_PythonDecoratedOperator): prepare_email>, send_email already registered for DAG: example_dag_decorator
[2023-04-28T05:32:12.808+0000] {logging_mixin.py:137} INFO - [2023-04-28T05:32:12.808+0000] {taskmixin.py:205} WARNING - Dependency <Task(EmailOperator): send_email>, prepare_email already registered for DAG: example_dag_decorator
[2023-04-28T05:32:12.817+0000] {processor.py:753} INFO - DAG(s) dict_keys(['example_dag_decorator']) retrieved from /home/airflow/.local/lib/python3.7/site-packages/airflow/example_dags/example_dag_decorator.py
[2023-04-28T05:32:12.859+0000] {logging_mixin.py:137} INFO - [2023-04-28T05:32:12.859+0000] {dag.py:2690} INFO - Sync 1 DAGs
[2023-04-28T05:32:12.874+0000] {logging_mixin.py:137} INFO - [2023-04-28T05:32:12.874+0000] {dag.py:3441} INFO - Setting next_dagrun for example_dag_decorator to None, run_after=None
[2023-04-28T05:32:12.888+0000] {processor.py:175} INFO - Processing /home/airflow/.local/lib/python3.7/site-packages/airflow/example_dags/example_dag_decorator.py took 0.097 seconds
[2023-04-28T05:32:43.072+0000] {processor.py:153} INFO - Started process (PID=15005) to work on /home/airflow/.local/lib/python3.7/site-packages/airflow/example_dags/example_dag_decorator.py
[2023-04-28T05:32:43.073+0000] {processor.py:743} INFO - Processing file /home/airflow/.local/lib/python3.7/site-packages/airflow/example_dags/example_dag_decorator.py for tasks to queue
[2023-04-28T05:32:43.074+0000] {logging_mixin.py:137} INFO - [2023-04-28T05:32:43.074+0000] {dagbag.py:538} INFO - Filling up the DagBag from /home/airflow/.local/lib/python3.7/site-packages/airflow/example_dags/example_dag_decorator.py
[2023-04-28T05:32:43.088+0000] {logging_mixin.py:137} INFO - [2023-04-28T05:32:43.088+0000] {taskmixin.py:205} WARNING - Dependency <Task(_PythonDecoratedOperator): prepare_email>, send_email already registered for DAG: example_dag_decorator
[2023-04-28T05:32:43.089+0000] {logging_mixin.py:137} INFO - [2023-04-28T05:32:43.089+0000] {taskmixin.py:205} WARNING - Dependency <Task(EmailOperator): send_email>, prepare_email already registered for DAG: example_dag_decorator
[2023-04-28T05:32:43.098+0000] {processor.py:753} INFO - DAG(s) dict_keys(['example_dag_decorator']) retrieved from /home/airflow/.local/lib/python3.7/site-packages/airflow/example_dags/example_dag_decorator.py
[2023-04-28T05:32:43.147+0000] {logging_mixin.py:137} INFO - [2023-04-28T05:32:43.147+0000] {dag.py:2690} INFO - Sync 1 DAGs
[2023-04-28T05:32:43.164+0000] {logging_mixin.py:137} INFO - [2023-04-28T05:32:43.163+0000] {dag.py:3441} INFO - Setting next_dagrun for example_dag_decorator to None, run_after=None
[2023-04-28T05:32:43.182+0000] {processor.py:175} INFO - Processing /home/airflow/.local/lib/python3.7/site-packages/airflow/example_dags/example_dag_decorator.py took 0.114 seconds
[2023-04-28T06:03:55.703+0000] {processor.py:153} INFO - Started process (PID=15072) to work on /home/airflow/.local/lib/python3.7/site-packages/airflow/example_dags/example_dag_decorator.py
[2023-04-28T06:03:55.704+0000] {processor.py:743} INFO - Processing file /home/airflow/.local/lib/python3.7/site-packages/airflow/example_dags/example_dag_decorator.py for tasks to queue
[2023-04-28T06:03:55.705+0000] {logging_mixin.py:137} INFO - [2023-04-28T06:03:55.705+0000] {dagbag.py:538} INFO - Filling up the DagBag from /home/airflow/.local/lib/python3.7/site-packages/airflow/example_dags/example_dag_decorator.py
[2023-04-28T06:03:55.716+0000] {logging_mixin.py:137} INFO - [2023-04-28T06:03:55.716+0000] {taskmixin.py:205} WARNING - Dependency <Task(_PythonDecoratedOperator): prepare_email>, send_email already registered for DAG: example_dag_decorator
[2023-04-28T06:03:55.717+0000] {logging_mixin.py:137} INFO - [2023-04-28T06:03:55.717+0000] {taskmixin.py:205} WARNING - Dependency <Task(EmailOperator): send_email>, prepare_email already registered for DAG: example_dag_decorator
[2023-04-28T06:03:55.726+0000] {processor.py:753} INFO - DAG(s) dict_keys(['example_dag_decorator']) retrieved from /home/airflow/.local/lib/python3.7/site-packages/airflow/example_dags/example_dag_decorator.py
[2023-04-28T06:03:55.769+0000] {logging_mixin.py:137} INFO - [2023-04-28T06:03:55.769+0000] {dag.py:2690} INFO - Sync 1 DAGs
[2023-04-28T06:03:55.783+0000] {logging_mixin.py:137} INFO - [2023-04-28T06:03:55.783+0000] {dag.py:3441} INFO - Setting next_dagrun for example_dag_decorator to None, run_after=None
[2023-04-28T06:03:55.794+0000] {processor.py:175} INFO - Processing /home/airflow/.local/lib/python3.7/site-packages/airflow/example_dags/example_dag_decorator.py took 0.095 seconds
[2023-04-28T06:04:41.219+0000] {processor.py:153} INFO - Started process (PID=15151) to work on /home/airflow/.local/lib/python3.7/site-packages/airflow/example_dags/example_dag_decorator.py
[2023-04-28T06:04:41.220+0000] {processor.py:743} INFO - Processing file /home/airflow/.local/lib/python3.7/site-packages/airflow/example_dags/example_dag_decorator.py for tasks to queue
[2023-04-28T06:04:41.221+0000] {logging_mixin.py:137} INFO - [2023-04-28T06:04:41.221+0000] {dagbag.py:538} INFO - Filling up the DagBag from /home/airflow/.local/lib/python3.7/site-packages/airflow/example_dags/example_dag_decorator.py
[2023-04-28T06:04:41.233+0000] {logging_mixin.py:137} INFO - [2023-04-28T06:04:41.233+0000] {taskmixin.py:205} WARNING - Dependency <Task(_PythonDecoratedOperator): prepare_email>, send_email already registered for DAG: example_dag_decorator
[2023-04-28T06:04:41.233+0000] {logging_mixin.py:137} INFO - [2023-04-28T06:04:41.233+0000] {taskmixin.py:205} WARNING - Dependency <Task(EmailOperator): send_email>, prepare_email already registered for DAG: example_dag_decorator
[2023-04-28T06:04:41.242+0000] {processor.py:753} INFO - DAG(s) dict_keys(['example_dag_decorator']) retrieved from /home/airflow/.local/lib/python3.7/site-packages/airflow/example_dags/example_dag_decorator.py
[2023-04-28T06:04:41.283+0000] {logging_mixin.py:137} INFO - [2023-04-28T06:04:41.283+0000] {dag.py:2690} INFO - Sync 1 DAGs
[2023-04-28T06:04:41.297+0000] {logging_mixin.py:137} INFO - [2023-04-28T06:04:41.297+0000] {dag.py:3441} INFO - Setting next_dagrun for example_dag_decorator to None, run_after=None
[2023-04-28T06:04:41.310+0000] {processor.py:175} INFO - Processing /home/airflow/.local/lib/python3.7/site-packages/airflow/example_dags/example_dag_decorator.py took 0.095 seconds
[2023-04-28T06:05:11.799+0000] {processor.py:153} INFO - Started process (PID=15229) to work on /home/airflow/.local/lib/python3.7/site-packages/airflow/example_dags/example_dag_decorator.py
[2023-04-28T06:05:11.800+0000] {processor.py:743} INFO - Processing file /home/airflow/.local/lib/python3.7/site-packages/airflow/example_dags/example_dag_decorator.py for tasks to queue
[2023-04-28T06:05:11.801+0000] {logging_mixin.py:137} INFO - [2023-04-28T06:05:11.801+0000] {dagbag.py:538} INFO - Filling up the DagBag from /home/airflow/.local/lib/python3.7/site-packages/airflow/example_dags/example_dag_decorator.py
[2023-04-28T06:05:11.812+0000] {logging_mixin.py:137} INFO - [2023-04-28T06:05:11.812+0000] {taskmixin.py:205} WARNING - Dependency <Task(_PythonDecoratedOperator): prepare_email>, send_email already registered for DAG: example_dag_decorator
[2023-04-28T06:05:11.813+0000] {logging_mixin.py:137} INFO - [2023-04-28T06:05:11.813+0000] {taskmixin.py:205} WARNING - Dependency <Task(EmailOperator): send_email>, prepare_email already registered for DAG: example_dag_decorator
[2023-04-28T06:05:11.822+0000] {processor.py:753} INFO - DAG(s) dict_keys(['example_dag_decorator']) retrieved from /home/airflow/.local/lib/python3.7/site-packages/airflow/example_dags/example_dag_decorator.py
[2023-04-28T06:05:11.860+0000] {logging_mixin.py:137} INFO - [2023-04-28T06:05:11.860+0000] {dag.py:2690} INFO - Sync 1 DAGs
[2023-04-28T06:05:11.873+0000] {logging_mixin.py:137} INFO - [2023-04-28T06:05:11.873+0000] {dag.py:3441} INFO - Setting next_dagrun for example_dag_decorator to None, run_after=None
[2023-04-28T06:05:11.884+0000] {processor.py:175} INFO - Processing /home/airflow/.local/lib/python3.7/site-packages/airflow/example_dags/example_dag_decorator.py took 0.088 seconds
[2023-04-28T06:05:42.375+0000] {processor.py:153} INFO - Started process (PID=15295) to work on /home/airflow/.local/lib/python3.7/site-packages/airflow/example_dags/example_dag_decorator.py
[2023-04-28T06:05:42.376+0000] {processor.py:743} INFO - Processing file /home/airflow/.local/lib/python3.7/site-packages/airflow/example_dags/example_dag_decorator.py for tasks to queue
[2023-04-28T06:05:42.376+0000] {logging_mixin.py:137} INFO - [2023-04-28T06:05:42.376+0000] {dagbag.py:538} INFO - Filling up the DagBag from /home/airflow/.local/lib/python3.7/site-packages/airflow/example_dags/example_dag_decorator.py
[2023-04-28T06:05:42.388+0000] {logging_mixin.py:137} INFO - [2023-04-28T06:05:42.388+0000] {taskmixin.py:205} WARNING - Dependency <Task(_PythonDecoratedOperator): prepare_email>, send_email already registered for DAG: example_dag_decorator
[2023-04-28T06:05:42.389+0000] {logging_mixin.py:137} INFO - [2023-04-28T06:05:42.389+0000] {taskmixin.py:205} WARNING - Dependency <Task(EmailOperator): send_email>, prepare_email already registered for DAG: example_dag_decorator
[2023-04-28T06:05:42.399+0000] {processor.py:753} INFO - DAG(s) dict_keys(['example_dag_decorator']) retrieved from /home/airflow/.local/lib/python3.7/site-packages/airflow/example_dags/example_dag_decorator.py
[2023-04-28T06:05:42.443+0000] {logging_mixin.py:137} INFO - [2023-04-28T06:05:42.443+0000] {dag.py:2690} INFO - Sync 1 DAGs
[2023-04-28T06:05:42.457+0000] {logging_mixin.py:137} INFO - [2023-04-28T06:05:42.457+0000] {dag.py:3441} INFO - Setting next_dagrun for example_dag_decorator to None, run_after=None
[2023-04-28T06:05:42.469+0000] {processor.py:175} INFO - Processing /home/airflow/.local/lib/python3.7/site-packages/airflow/example_dags/example_dag_decorator.py took 0.098 seconds
[2023-04-28T06:06:12.576+0000] {processor.py:153} INFO - Started process (PID=15375) to work on /home/airflow/.local/lib/python3.7/site-packages/airflow/example_dags/example_dag_decorator.py
[2023-04-28T06:06:12.577+0000] {processor.py:743} INFO - Processing file /home/airflow/.local/lib/python3.7/site-packages/airflow/example_dags/example_dag_decorator.py for tasks to queue
[2023-04-28T06:06:12.578+0000] {logging_mixin.py:137} INFO - [2023-04-28T06:06:12.578+0000] {dagbag.py:538} INFO - Filling up the DagBag from /home/airflow/.local/lib/python3.7/site-packages/airflow/example_dags/example_dag_decorator.py
[2023-04-28T06:06:12.590+0000] {logging_mixin.py:137} INFO - [2023-04-28T06:06:12.590+0000] {taskmixin.py:205} WARNING - Dependency <Task(_PythonDecoratedOperator): prepare_email>, send_email already registered for DAG: example_dag_decorator
[2023-04-28T06:06:12.592+0000] {logging_mixin.py:137} INFO - [2023-04-28T06:06:12.592+0000] {taskmixin.py:205} WARNING - Dependency <Task(EmailOperator): send_email>, prepare_email already registered for DAG: example_dag_decorator
[2023-04-28T06:06:12.601+0000] {processor.py:753} INFO - DAG(s) dict_keys(['example_dag_decorator']) retrieved from /home/airflow/.local/lib/python3.7/site-packages/airflow/example_dags/example_dag_decorator.py
[2023-04-28T06:06:12.644+0000] {logging_mixin.py:137} INFO - [2023-04-28T06:06:12.644+0000] {dag.py:2690} INFO - Sync 1 DAGs
[2023-04-28T06:06:12.659+0000] {logging_mixin.py:137} INFO - [2023-04-28T06:06:12.659+0000] {dag.py:3441} INFO - Setting next_dagrun for example_dag_decorator to None, run_after=None
[2023-04-28T06:06:12.670+0000] {processor.py:175} INFO - Processing /home/airflow/.local/lib/python3.7/site-packages/airflow/example_dags/example_dag_decorator.py took 0.097 seconds
[2023-04-28T06:06:43.271+0000] {processor.py:153} INFO - Started process (PID=15452) to work on /home/airflow/.local/lib/python3.7/site-packages/airflow/example_dags/example_dag_decorator.py
[2023-04-28T06:06:43.273+0000] {processor.py:743} INFO - Processing file /home/airflow/.local/lib/python3.7/site-packages/airflow/example_dags/example_dag_decorator.py for tasks to queue
[2023-04-28T06:06:43.273+0000] {logging_mixin.py:137} INFO - [2023-04-28T06:06:43.273+0000] {dagbag.py:538} INFO - Filling up the DagBag from /home/airflow/.local/lib/python3.7/site-packages/airflow/example_dags/example_dag_decorator.py
[2023-04-28T06:06:43.285+0000] {logging_mixin.py:137} INFO - [2023-04-28T06:06:43.285+0000] {taskmixin.py:205} WARNING - Dependency <Task(_PythonDecoratedOperator): prepare_email>, send_email already registered for DAG: example_dag_decorator
[2023-04-28T06:06:43.286+0000] {logging_mixin.py:137} INFO - [2023-04-28T06:06:43.286+0000] {taskmixin.py:205} WARNING - Dependency <Task(EmailOperator): send_email>, prepare_email already registered for DAG: example_dag_decorator
[2023-04-28T06:06:43.295+0000] {processor.py:753} INFO - DAG(s) dict_keys(['example_dag_decorator']) retrieved from /home/airflow/.local/lib/python3.7/site-packages/airflow/example_dags/example_dag_decorator.py
[2023-04-28T06:06:43.338+0000] {logging_mixin.py:137} INFO - [2023-04-28T06:06:43.338+0000] {dag.py:2690} INFO - Sync 1 DAGs
[2023-04-28T06:06:43.353+0000] {logging_mixin.py:137} INFO - [2023-04-28T06:06:43.352+0000] {dag.py:3441} INFO - Setting next_dagrun for example_dag_decorator to None, run_after=None
[2023-04-28T06:06:43.366+0000] {processor.py:175} INFO - Processing /home/airflow/.local/lib/python3.7/site-packages/airflow/example_dags/example_dag_decorator.py took 0.098 seconds
[2023-04-28T06:07:13.650+0000] {processor.py:153} INFO - Started process (PID=15519) to work on /home/airflow/.local/lib/python3.7/site-packages/airflow/example_dags/example_dag_decorator.py
[2023-04-28T06:07:13.651+0000] {processor.py:743} INFO - Processing file /home/airflow/.local/lib/python3.7/site-packages/airflow/example_dags/example_dag_decorator.py for tasks to queue
[2023-04-28T06:07:13.653+0000] {logging_mixin.py:137} INFO - [2023-04-28T06:07:13.653+0000] {dagbag.py:538} INFO - Filling up the DagBag from /home/airflow/.local/lib/python3.7/site-packages/airflow/example_dags/example_dag_decorator.py
[2023-04-28T06:07:13.666+0000] {logging_mixin.py:137} INFO - [2023-04-28T06:07:13.666+0000] {taskmixin.py:205} WARNING - Dependency <Task(_PythonDecoratedOperator): prepare_email>, send_email already registered for DAG: example_dag_decorator
[2023-04-28T06:07:13.667+0000] {logging_mixin.py:137} INFO - [2023-04-28T06:07:13.667+0000] {taskmixin.py:205} WARNING - Dependency <Task(EmailOperator): send_email>, prepare_email already registered for DAG: example_dag_decorator
[2023-04-28T06:07:13.676+0000] {processor.py:753} INFO - DAG(s) dict_keys(['example_dag_decorator']) retrieved from /home/airflow/.local/lib/python3.7/site-packages/airflow/example_dags/example_dag_decorator.py
[2023-04-28T06:07:13.721+0000] {logging_mixin.py:137} INFO - [2023-04-28T06:07:13.721+0000] {dag.py:2690} INFO - Sync 1 DAGs
[2023-04-28T06:07:13.737+0000] {logging_mixin.py:137} INFO - [2023-04-28T06:07:13.737+0000] {dag.py:3441} INFO - Setting next_dagrun for example_dag_decorator to None, run_after=None
[2023-04-28T06:07:13.749+0000] {processor.py:175} INFO - Processing /home/airflow/.local/lib/python3.7/site-packages/airflow/example_dags/example_dag_decorator.py took 0.102 seconds
[2023-04-28T06:07:44.178+0000] {processor.py:153} INFO - Started process (PID=15597) to work on /home/airflow/.local/lib/python3.7/site-packages/airflow/example_dags/example_dag_decorator.py
[2023-04-28T06:07:44.179+0000] {processor.py:743} INFO - Processing file /home/airflow/.local/lib/python3.7/site-packages/airflow/example_dags/example_dag_decorator.py for tasks to queue
[2023-04-28T06:07:44.180+0000] {logging_mixin.py:137} INFO - [2023-04-28T06:07:44.180+0000] {dagbag.py:538} INFO - Filling up the DagBag from /home/airflow/.local/lib/python3.7/site-packages/airflow/example_dags/example_dag_decorator.py
[2023-04-28T06:07:44.191+0000] {logging_mixin.py:137} INFO - [2023-04-28T06:07:44.191+0000] {taskmixin.py:205} WARNING - Dependency <Task(_PythonDecoratedOperator): prepare_email>, send_email already registered for DAG: example_dag_decorator
[2023-04-28T06:07:44.192+0000] {logging_mixin.py:137} INFO - [2023-04-28T06:07:44.192+0000] {taskmixin.py:205} WARNING - Dependency <Task(EmailOperator): send_email>, prepare_email already registered for DAG: example_dag_decorator
[2023-04-28T06:07:44.201+0000] {processor.py:753} INFO - DAG(s) dict_keys(['example_dag_decorator']) retrieved from /home/airflow/.local/lib/python3.7/site-packages/airflow/example_dags/example_dag_decorator.py
[2023-04-28T06:07:44.240+0000] {logging_mixin.py:137} INFO - [2023-04-28T06:07:44.240+0000] {dag.py:2690} INFO - Sync 1 DAGs
[2023-04-28T06:07:44.252+0000] {logging_mixin.py:137} INFO - [2023-04-28T06:07:44.252+0000] {dag.py:3441} INFO - Setting next_dagrun for example_dag_decorator to None, run_after=None
[2023-04-28T06:07:44.263+0000] {processor.py:175} INFO - Processing /home/airflow/.local/lib/python3.7/site-packages/airflow/example_dags/example_dag_decorator.py took 0.088 seconds
[2023-04-28T06:08:14.581+0000] {processor.py:153} INFO - Started process (PID=15675) to work on /home/airflow/.local/lib/python3.7/site-packages/airflow/example_dags/example_dag_decorator.py
[2023-04-28T06:08:14.582+0000] {processor.py:743} INFO - Processing file /home/airflow/.local/lib/python3.7/site-packages/airflow/example_dags/example_dag_decorator.py for tasks to queue
[2023-04-28T06:08:14.583+0000] {logging_mixin.py:137} INFO - [2023-04-28T06:08:14.583+0000] {dagbag.py:538} INFO - Filling up the DagBag from /home/airflow/.local/lib/python3.7/site-packages/airflow/example_dags/example_dag_decorator.py
[2023-04-28T06:08:14.595+0000] {logging_mixin.py:137} INFO - [2023-04-28T06:08:14.595+0000] {taskmixin.py:205} WARNING - Dependency <Task(_PythonDecoratedOperator): prepare_email>, send_email already registered for DAG: example_dag_decorator
[2023-04-28T06:08:14.596+0000] {logging_mixin.py:137} INFO - [2023-04-28T06:08:14.595+0000] {taskmixin.py:205} WARNING - Dependency <Task(EmailOperator): send_email>, prepare_email already registered for DAG: example_dag_decorator
[2023-04-28T06:08:14.605+0000] {processor.py:753} INFO - DAG(s) dict_keys(['example_dag_decorator']) retrieved from /home/airflow/.local/lib/python3.7/site-packages/airflow/example_dags/example_dag_decorator.py
[2023-04-28T06:08:14.647+0000] {logging_mixin.py:137} INFO - [2023-04-28T06:08:14.647+0000] {dag.py:2690} INFO - Sync 1 DAGs
[2023-04-28T06:08:14.661+0000] {logging_mixin.py:137} INFO - [2023-04-28T06:08:14.661+0000] {dag.py:3441} INFO - Setting next_dagrun for example_dag_decorator to None, run_after=None
[2023-04-28T06:08:14.674+0000] {processor.py:175} INFO - Processing /home/airflow/.local/lib/python3.7/site-packages/airflow/example_dags/example_dag_decorator.py took 0.096 seconds
[2023-04-28T06:08:45.144+0000] {processor.py:153} INFO - Started process (PID=15741) to work on /home/airflow/.local/lib/python3.7/site-packages/airflow/example_dags/example_dag_decorator.py
[2023-04-28T06:08:45.146+0000] {processor.py:743} INFO - Processing file /home/airflow/.local/lib/python3.7/site-packages/airflow/example_dags/example_dag_decorator.py for tasks to queue
[2023-04-28T06:08:45.146+0000] {logging_mixin.py:137} INFO - [2023-04-28T06:08:45.146+0000] {dagbag.py:538} INFO - Filling up the DagBag from /home/airflow/.local/lib/python3.7/site-packages/airflow/example_dags/example_dag_decorator.py
[2023-04-28T06:08:45.159+0000] {logging_mixin.py:137} INFO - [2023-04-28T06:08:45.158+0000] {taskmixin.py:205} WARNING - Dependency <Task(_PythonDecoratedOperator): prepare_email>, send_email already registered for DAG: example_dag_decorator
[2023-04-28T06:08:45.159+0000] {logging_mixin.py:137} INFO - [2023-04-28T06:08:45.159+0000] {taskmixin.py:205} WARNING - Dependency <Task(EmailOperator): send_email>, prepare_email already registered for DAG: example_dag_decorator
[2023-04-28T06:08:45.169+0000] {processor.py:753} INFO - DAG(s) dict_keys(['example_dag_decorator']) retrieved from /home/airflow/.local/lib/python3.7/site-packages/airflow/example_dags/example_dag_decorator.py
[2023-04-28T06:08:45.213+0000] {logging_mixin.py:137} INFO - [2023-04-28T06:08:45.213+0000] {dag.py:2690} INFO - Sync 1 DAGs
[2023-04-28T06:08:45.229+0000] {logging_mixin.py:137} INFO - [2023-04-28T06:08:45.228+0000] {dag.py:3441} INFO - Setting next_dagrun for example_dag_decorator to None, run_after=None
[2023-04-28T06:08:45.241+0000] {processor.py:175} INFO - Processing /home/airflow/.local/lib/python3.7/site-packages/airflow/example_dags/example_dag_decorator.py took 0.099 seconds
[2023-04-28T06:09:15.603+0000] {processor.py:153} INFO - Started process (PID=15819) to work on /home/airflow/.local/lib/python3.7/site-packages/airflow/example_dags/example_dag_decorator.py
[2023-04-28T06:09:15.604+0000] {processor.py:743} INFO - Processing file /home/airflow/.local/lib/python3.7/site-packages/airflow/example_dags/example_dag_decorator.py for tasks to queue
[2023-04-28T06:09:15.605+0000] {logging_mixin.py:137} INFO - [2023-04-28T06:09:15.605+0000] {dagbag.py:538} INFO - Filling up the DagBag from /home/airflow/.local/lib/python3.7/site-packages/airflow/example_dags/example_dag_decorator.py
[2023-04-28T06:09:15.618+0000] {logging_mixin.py:137} INFO - [2023-04-28T06:09:15.618+0000] {taskmixin.py:205} WARNING - Dependency <Task(_PythonDecoratedOperator): prepare_email>, send_email already registered for DAG: example_dag_decorator
[2023-04-28T06:09:15.619+0000] {logging_mixin.py:137} INFO - [2023-04-28T06:09:15.618+0000] {taskmixin.py:205} WARNING - Dependency <Task(EmailOperator): send_email>, prepare_email already registered for DAG: example_dag_decorator
[2023-04-28T06:09:15.628+0000] {processor.py:753} INFO - DAG(s) dict_keys(['example_dag_decorator']) retrieved from /home/airflow/.local/lib/python3.7/site-packages/airflow/example_dags/example_dag_decorator.py
[2023-04-28T06:09:15.670+0000] {logging_mixin.py:137} INFO - [2023-04-28T06:09:15.670+0000] {dag.py:2690} INFO - Sync 1 DAGs
[2023-04-28T06:09:15.683+0000] {logging_mixin.py:137} INFO - [2023-04-28T06:09:15.683+0000] {dag.py:3441} INFO - Setting next_dagrun for example_dag_decorator to None, run_after=None
[2023-04-28T06:09:15.695+0000] {processor.py:175} INFO - Processing /home/airflow/.local/lib/python3.7/site-packages/airflow/example_dags/example_dag_decorator.py took 0.094 seconds
[2023-04-28T06:09:46.569+0000] {processor.py:153} INFO - Started process (PID=15898) to work on /home/airflow/.local/lib/python3.7/site-packages/airflow/example_dags/example_dag_decorator.py
[2023-04-28T06:09:46.570+0000] {processor.py:743} INFO - Processing file /home/airflow/.local/lib/python3.7/site-packages/airflow/example_dags/example_dag_decorator.py for tasks to queue
[2023-04-28T06:09:46.571+0000] {logging_mixin.py:137} INFO - [2023-04-28T06:09:46.571+0000] {dagbag.py:538} INFO - Filling up the DagBag from /home/airflow/.local/lib/python3.7/site-packages/airflow/example_dags/example_dag_decorator.py
[2023-04-28T06:09:46.584+0000] {logging_mixin.py:137} INFO - [2023-04-28T06:09:46.584+0000] {taskmixin.py:205} WARNING - Dependency <Task(_PythonDecoratedOperator): prepare_email>, send_email already registered for DAG: example_dag_decorator
[2023-04-28T06:09:46.585+0000] {logging_mixin.py:137} INFO - [2023-04-28T06:09:46.585+0000] {taskmixin.py:205} WARNING - Dependency <Task(EmailOperator): send_email>, prepare_email already registered for DAG: example_dag_decorator
[2023-04-28T06:09:46.595+0000] {processor.py:753} INFO - DAG(s) dict_keys(['example_dag_decorator']) retrieved from /home/airflow/.local/lib/python3.7/site-packages/airflow/example_dags/example_dag_decorator.py
[2023-04-28T06:09:46.640+0000] {logging_mixin.py:137} INFO - [2023-04-28T06:09:46.640+0000] {dag.py:2690} INFO - Sync 1 DAGs
[2023-04-28T06:09:46.654+0000] {logging_mixin.py:137} INFO - [2023-04-28T06:09:46.654+0000] {dag.py:3441} INFO - Setting next_dagrun for example_dag_decorator to None, run_after=None
[2023-04-28T06:09:46.667+0000] {processor.py:175} INFO - Processing /home/airflow/.local/lib/python3.7/site-packages/airflow/example_dags/example_dag_decorator.py took 0.101 seconds
[2023-04-28T06:10:16.861+0000] {processor.py:153} INFO - Started process (PID=15963) to work on /home/airflow/.local/lib/python3.7/site-packages/airflow/example_dags/example_dag_decorator.py
[2023-04-28T06:10:16.862+0000] {processor.py:743} INFO - Processing file /home/airflow/.local/lib/python3.7/site-packages/airflow/example_dags/example_dag_decorator.py for tasks to queue
[2023-04-28T06:10:16.863+0000] {logging_mixin.py:137} INFO - [2023-04-28T06:10:16.863+0000] {dagbag.py:538} INFO - Filling up the DagBag from /home/airflow/.local/lib/python3.7/site-packages/airflow/example_dags/example_dag_decorator.py
[2023-04-28T06:10:16.875+0000] {logging_mixin.py:137} INFO - [2023-04-28T06:10:16.875+0000] {taskmixin.py:205} WARNING - Dependency <Task(_PythonDecoratedOperator): prepare_email>, send_email already registered for DAG: example_dag_decorator
[2023-04-28T06:10:16.876+0000] {logging_mixin.py:137} INFO - [2023-04-28T06:10:16.875+0000] {taskmixin.py:205} WARNING - Dependency <Task(EmailOperator): send_email>, prepare_email already registered for DAG: example_dag_decorator
[2023-04-28T06:10:16.885+0000] {processor.py:753} INFO - DAG(s) dict_keys(['example_dag_decorator']) retrieved from /home/airflow/.local/lib/python3.7/site-packages/airflow/example_dags/example_dag_decorator.py
[2023-04-28T06:10:16.927+0000] {logging_mixin.py:137} INFO - [2023-04-28T06:10:16.927+0000] {dag.py:2690} INFO - Sync 1 DAGs
[2023-04-28T06:10:16.941+0000] {logging_mixin.py:137} INFO - [2023-04-28T06:10:16.941+0000] {dag.py:3441} INFO - Setting next_dagrun for example_dag_decorator to None, run_after=None
[2023-04-28T06:10:16.955+0000] {processor.py:175} INFO - Processing /home/airflow/.local/lib/python3.7/site-packages/airflow/example_dags/example_dag_decorator.py took 0.097 seconds
[2023-04-28T06:10:47.239+0000] {processor.py:153} INFO - Started process (PID=16041) to work on /home/airflow/.local/lib/python3.7/site-packages/airflow/example_dags/example_dag_decorator.py
[2023-04-28T06:10:47.240+0000] {processor.py:743} INFO - Processing file /home/airflow/.local/lib/python3.7/site-packages/airflow/example_dags/example_dag_decorator.py for tasks to queue
[2023-04-28T06:10:47.241+0000] {logging_mixin.py:137} INFO - [2023-04-28T06:10:47.241+0000] {dagbag.py:538} INFO - Filling up the DagBag from /home/airflow/.local/lib/python3.7/site-packages/airflow/example_dags/example_dag_decorator.py
[2023-04-28T06:10:47.254+0000] {logging_mixin.py:137} INFO - [2023-04-28T06:10:47.253+0000] {taskmixin.py:205} WARNING - Dependency <Task(_PythonDecoratedOperator): prepare_email>, send_email already registered for DAG: example_dag_decorator
[2023-04-28T06:10:47.254+0000] {logging_mixin.py:137} INFO - [2023-04-28T06:10:47.254+0000] {taskmixin.py:205} WARNING - Dependency <Task(EmailOperator): send_email>, prepare_email already registered for DAG: example_dag_decorator
[2023-04-28T06:10:47.264+0000] {processor.py:753} INFO - DAG(s) dict_keys(['example_dag_decorator']) retrieved from /home/airflow/.local/lib/python3.7/site-packages/airflow/example_dags/example_dag_decorator.py
[2023-04-28T06:10:47.305+0000] {logging_mixin.py:137} INFO - [2023-04-28T06:10:47.305+0000] {dag.py:2690} INFO - Sync 1 DAGs
[2023-04-28T06:10:47.321+0000] {logging_mixin.py:137} INFO - [2023-04-28T06:10:47.321+0000] {dag.py:3441} INFO - Setting next_dagrun for example_dag_decorator to None, run_after=None
[2023-04-28T06:10:47.333+0000] {processor.py:175} INFO - Processing /home/airflow/.local/lib/python3.7/site-packages/airflow/example_dags/example_dag_decorator.py took 0.096 seconds
[2023-04-28T06:11:17.877+0000] {processor.py:153} INFO - Started process (PID=16119) to work on /home/airflow/.local/lib/python3.7/site-packages/airflow/example_dags/example_dag_decorator.py
[2023-04-28T06:11:17.879+0000] {processor.py:743} INFO - Processing file /home/airflow/.local/lib/python3.7/site-packages/airflow/example_dags/example_dag_decorator.py for tasks to queue
[2023-04-28T06:11:17.880+0000] {logging_mixin.py:137} INFO - [2023-04-28T06:11:17.880+0000] {dagbag.py:538} INFO - Filling up the DagBag from /home/airflow/.local/lib/python3.7/site-packages/airflow/example_dags/example_dag_decorator.py
[2023-04-28T06:11:17.892+0000] {logging_mixin.py:137} INFO - [2023-04-28T06:11:17.892+0000] {taskmixin.py:205} WARNING - Dependency <Task(_PythonDecoratedOperator): prepare_email>, send_email already registered for DAG: example_dag_decorator
[2023-04-28T06:11:17.893+0000] {logging_mixin.py:137} INFO - [2023-04-28T06:11:17.893+0000] {taskmixin.py:205} WARNING - Dependency <Task(EmailOperator): send_email>, prepare_email already registered for DAG: example_dag_decorator
[2023-04-28T06:11:17.902+0000] {processor.py:753} INFO - DAG(s) dict_keys(['example_dag_decorator']) retrieved from /home/airflow/.local/lib/python3.7/site-packages/airflow/example_dags/example_dag_decorator.py
[2023-04-28T06:11:17.944+0000] {logging_mixin.py:137} INFO - [2023-04-28T06:11:17.944+0000] {dag.py:2690} INFO - Sync 1 DAGs
[2023-04-28T06:11:17.959+0000] {logging_mixin.py:137} INFO - [2023-04-28T06:11:17.959+0000] {dag.py:3441} INFO - Setting next_dagrun for example_dag_decorator to None, run_after=None
[2023-04-28T06:11:17.971+0000] {processor.py:175} INFO - Processing /home/airflow/.local/lib/python3.7/site-packages/airflow/example_dags/example_dag_decorator.py took 0.096 seconds
[2023-04-28T06:11:48.284+0000] {processor.py:153} INFO - Started process (PID=16185) to work on /home/airflow/.local/lib/python3.7/site-packages/airflow/example_dags/example_dag_decorator.py
[2023-04-28T06:11:48.285+0000] {processor.py:743} INFO - Processing file /home/airflow/.local/lib/python3.7/site-packages/airflow/example_dags/example_dag_decorator.py for tasks to queue
[2023-04-28T06:11:48.286+0000] {logging_mixin.py:137} INFO - [2023-04-28T06:11:48.286+0000] {dagbag.py:538} INFO - Filling up the DagBag from /home/airflow/.local/lib/python3.7/site-packages/airflow/example_dags/example_dag_decorator.py
[2023-04-28T06:11:48.302+0000] {logging_mixin.py:137} INFO - [2023-04-28T06:11:48.302+0000] {taskmixin.py:205} WARNING - Dependency <Task(_PythonDecoratedOperator): prepare_email>, send_email already registered for DAG: example_dag_decorator
[2023-04-28T06:11:48.302+0000] {logging_mixin.py:137} INFO - [2023-04-28T06:11:48.302+0000] {taskmixin.py:205} WARNING - Dependency <Task(EmailOperator): send_email>, prepare_email already registered for DAG: example_dag_decorator
[2023-04-28T06:11:48.313+0000] {processor.py:753} INFO - DAG(s) dict_keys(['example_dag_decorator']) retrieved from /home/airflow/.local/lib/python3.7/site-packages/airflow/example_dags/example_dag_decorator.py
[2023-04-28T06:11:48.372+0000] {logging_mixin.py:137} INFO - [2023-04-28T06:11:48.371+0000] {dag.py:2690} INFO - Sync 1 DAGs
[2023-04-28T06:11:48.391+0000] {logging_mixin.py:137} INFO - [2023-04-28T06:11:48.391+0000] {dag.py:3441} INFO - Setting next_dagrun for example_dag_decorator to None, run_after=None
[2023-04-28T06:11:48.408+0000] {processor.py:175} INFO - Processing /home/airflow/.local/lib/python3.7/site-packages/airflow/example_dags/example_dag_decorator.py took 0.128 seconds
[2023-04-28T06:12:18.914+0000] {processor.py:153} INFO - Started process (PID=16263) to work on /home/airflow/.local/lib/python3.7/site-packages/airflow/example_dags/example_dag_decorator.py
[2023-04-28T06:12:18.916+0000] {processor.py:743} INFO - Processing file /home/airflow/.local/lib/python3.7/site-packages/airflow/example_dags/example_dag_decorator.py for tasks to queue
[2023-04-28T06:12:18.917+0000] {logging_mixin.py:137} INFO - [2023-04-28T06:12:18.916+0000] {dagbag.py:538} INFO - Filling up the DagBag from /home/airflow/.local/lib/python3.7/site-packages/airflow/example_dags/example_dag_decorator.py
[2023-04-28T06:12:18.929+0000] {logging_mixin.py:137} INFO - [2023-04-28T06:12:18.929+0000] {taskmixin.py:205} WARNING - Dependency <Task(_PythonDecoratedOperator): prepare_email>, send_email already registered for DAG: example_dag_decorator
[2023-04-28T06:12:18.930+0000] {logging_mixin.py:137} INFO - [2023-04-28T06:12:18.930+0000] {taskmixin.py:205} WARNING - Dependency <Task(EmailOperator): send_email>, prepare_email already registered for DAG: example_dag_decorator
[2023-04-28T06:12:18.939+0000] {processor.py:753} INFO - DAG(s) dict_keys(['example_dag_decorator']) retrieved from /home/airflow/.local/lib/python3.7/site-packages/airflow/example_dags/example_dag_decorator.py
[2023-04-28T06:12:18.981+0000] {logging_mixin.py:137} INFO - [2023-04-28T06:12:18.981+0000] {dag.py:2690} INFO - Sync 1 DAGs
[2023-04-28T06:12:18.996+0000] {logging_mixin.py:137} INFO - [2023-04-28T06:12:18.996+0000] {dag.py:3441} INFO - Setting next_dagrun for example_dag_decorator to None, run_after=None
[2023-04-28T06:12:19.009+0000] {processor.py:175} INFO - Processing /home/airflow/.local/lib/python3.7/site-packages/airflow/example_dags/example_dag_decorator.py took 0.097 seconds
[2023-04-28T06:12:49.589+0000] {processor.py:153} INFO - Started process (PID=16340) to work on /home/airflow/.local/lib/python3.7/site-packages/airflow/example_dags/example_dag_decorator.py
[2023-04-28T06:12:49.591+0000] {processor.py:743} INFO - Processing file /home/airflow/.local/lib/python3.7/site-packages/airflow/example_dags/example_dag_decorator.py for tasks to queue
[2023-04-28T06:12:49.591+0000] {logging_mixin.py:137} INFO - [2023-04-28T06:12:49.591+0000] {dagbag.py:538} INFO - Filling up the DagBag from /home/airflow/.local/lib/python3.7/site-packages/airflow/example_dags/example_dag_decorator.py
[2023-04-28T06:12:49.604+0000] {logging_mixin.py:137} INFO - [2023-04-28T06:12:49.604+0000] {taskmixin.py:205} WARNING - Dependency <Task(_PythonDecoratedOperator): prepare_email>, send_email already registered for DAG: example_dag_decorator
[2023-04-28T06:12:49.605+0000] {logging_mixin.py:137} INFO - [2023-04-28T06:12:49.605+0000] {taskmixin.py:205} WARNING - Dependency <Task(EmailOperator): send_email>, prepare_email already registered for DAG: example_dag_decorator
[2023-04-28T06:12:49.614+0000] {processor.py:753} INFO - DAG(s) dict_keys(['example_dag_decorator']) retrieved from /home/airflow/.local/lib/python3.7/site-packages/airflow/example_dags/example_dag_decorator.py
[2023-04-28T06:12:49.658+0000] {logging_mixin.py:137} INFO - [2023-04-28T06:12:49.658+0000] {dag.py:2690} INFO - Sync 1 DAGs
[2023-04-28T06:12:49.673+0000] {logging_mixin.py:137} INFO - [2023-04-28T06:12:49.673+0000] {dag.py:3441} INFO - Setting next_dagrun for example_dag_decorator to None, run_after=None
[2023-04-28T06:12:49.685+0000] {processor.py:175} INFO - Processing /home/airflow/.local/lib/python3.7/site-packages/airflow/example_dags/example_dag_decorator.py took 0.098 seconds
[2023-04-28T06:13:20.128+0000] {processor.py:153} INFO - Started process (PID=16407) to work on /home/airflow/.local/lib/python3.7/site-packages/airflow/example_dags/example_dag_decorator.py
[2023-04-28T06:13:20.129+0000] {processor.py:743} INFO - Processing file /home/airflow/.local/lib/python3.7/site-packages/airflow/example_dags/example_dag_decorator.py for tasks to queue
[2023-04-28T06:13:20.130+0000] {logging_mixin.py:137} INFO - [2023-04-28T06:13:20.130+0000] {dagbag.py:538} INFO - Filling up the DagBag from /home/airflow/.local/lib/python3.7/site-packages/airflow/example_dags/example_dag_decorator.py
[2023-04-28T06:13:20.142+0000] {logging_mixin.py:137} INFO - [2023-04-28T06:13:20.142+0000] {taskmixin.py:205} WARNING - Dependency <Task(_PythonDecoratedOperator): prepare_email>, send_email already registered for DAG: example_dag_decorator
[2023-04-28T06:13:20.143+0000] {logging_mixin.py:137} INFO - [2023-04-28T06:13:20.143+0000] {taskmixin.py:205} WARNING - Dependency <Task(EmailOperator): send_email>, prepare_email already registered for DAG: example_dag_decorator
[2023-04-28T06:13:20.152+0000] {processor.py:753} INFO - DAG(s) dict_keys(['example_dag_decorator']) retrieved from /home/airflow/.local/lib/python3.7/site-packages/airflow/example_dags/example_dag_decorator.py
[2023-04-28T06:13:20.197+0000] {logging_mixin.py:137} INFO - [2023-04-28T06:13:20.196+0000] {dag.py:2690} INFO - Sync 1 DAGs
[2023-04-28T06:13:20.216+0000] {logging_mixin.py:137} INFO - [2023-04-28T06:13:20.216+0000] {dag.py:3441} INFO - Setting next_dagrun for example_dag_decorator to None, run_after=None
[2023-04-28T06:13:20.232+0000] {processor.py:175} INFO - Processing /home/airflow/.local/lib/python3.7/site-packages/airflow/example_dags/example_dag_decorator.py took 0.107 seconds
[2023-04-28T06:13:50.485+0000] {processor.py:153} INFO - Started process (PID=16485) to work on /home/airflow/.local/lib/python3.7/site-packages/airflow/example_dags/example_dag_decorator.py
[2023-04-28T06:13:50.487+0000] {processor.py:743} INFO - Processing file /home/airflow/.local/lib/python3.7/site-packages/airflow/example_dags/example_dag_decorator.py for tasks to queue
[2023-04-28T06:13:50.487+0000] {logging_mixin.py:137} INFO - [2023-04-28T06:13:50.487+0000] {dagbag.py:538} INFO - Filling up the DagBag from /home/airflow/.local/lib/python3.7/site-packages/airflow/example_dags/example_dag_decorator.py
[2023-04-28T06:13:50.499+0000] {logging_mixin.py:137} INFO - [2023-04-28T06:13:50.498+0000] {taskmixin.py:205} WARNING - Dependency <Task(_PythonDecoratedOperator): prepare_email>, send_email already registered for DAG: example_dag_decorator
[2023-04-28T06:13:50.499+0000] {logging_mixin.py:137} INFO - [2023-04-28T06:13:50.499+0000] {taskmixin.py:205} WARNING - Dependency <Task(EmailOperator): send_email>, prepare_email already registered for DAG: example_dag_decorator
[2023-04-28T06:13:50.508+0000] {processor.py:753} INFO - DAG(s) dict_keys(['example_dag_decorator']) retrieved from /home/airflow/.local/lib/python3.7/site-packages/airflow/example_dags/example_dag_decorator.py
[2023-04-28T06:13:50.547+0000] {logging_mixin.py:137} INFO - [2023-04-28T06:13:50.547+0000] {dag.py:2690} INFO - Sync 1 DAGs
[2023-04-28T06:13:50.560+0000] {logging_mixin.py:137} INFO - [2023-04-28T06:13:50.560+0000] {dag.py:3441} INFO - Setting next_dagrun for example_dag_decorator to None, run_after=None
[2023-04-28T06:13:50.571+0000] {processor.py:175} INFO - Processing /home/airflow/.local/lib/python3.7/site-packages/airflow/example_dags/example_dag_decorator.py took 0.089 seconds
[2023-04-28T06:14:20.838+0000] {processor.py:153} INFO - Started process (PID=16563) to work on /home/airflow/.local/lib/python3.7/site-packages/airflow/example_dags/example_dag_decorator.py
[2023-04-28T06:14:20.839+0000] {processor.py:743} INFO - Processing file /home/airflow/.local/lib/python3.7/site-packages/airflow/example_dags/example_dag_decorator.py for tasks to queue
[2023-04-28T06:14:20.840+0000] {logging_mixin.py:137} INFO - [2023-04-28T06:14:20.840+0000] {dagbag.py:538} INFO - Filling up the DagBag from /home/airflow/.local/lib/python3.7/site-packages/airflow/example_dags/example_dag_decorator.py
[2023-04-28T06:14:20.852+0000] {logging_mixin.py:137} INFO - [2023-04-28T06:14:20.852+0000] {taskmixin.py:205} WARNING - Dependency <Task(_PythonDecoratedOperator): prepare_email>, send_email already registered for DAG: example_dag_decorator
[2023-04-28T06:14:20.853+0000] {logging_mixin.py:137} INFO - [2023-04-28T06:14:20.853+0000] {taskmixin.py:205} WARNING - Dependency <Task(EmailOperator): send_email>, prepare_email already registered for DAG: example_dag_decorator
[2023-04-28T06:14:20.863+0000] {processor.py:753} INFO - DAG(s) dict_keys(['example_dag_decorator']) retrieved from /home/airflow/.local/lib/python3.7/site-packages/airflow/example_dags/example_dag_decorator.py
[2023-04-28T06:14:20.904+0000] {logging_mixin.py:137} INFO - [2023-04-28T06:14:20.904+0000] {dag.py:2690} INFO - Sync 1 DAGs
[2023-04-28T06:14:20.919+0000] {logging_mixin.py:137} INFO - [2023-04-28T06:14:20.919+0000] {dag.py:3441} INFO - Setting next_dagrun for example_dag_decorator to None, run_after=None
[2023-04-28T06:14:20.932+0000] {processor.py:175} INFO - Processing /home/airflow/.local/lib/python3.7/site-packages/airflow/example_dags/example_dag_decorator.py took 0.098 seconds
[2023-04-28T06:14:51.266+0000] {processor.py:153} INFO - Started process (PID=16628) to work on /home/airflow/.local/lib/python3.7/site-packages/airflow/example_dags/example_dag_decorator.py
[2023-04-28T06:14:51.267+0000] {processor.py:743} INFO - Processing file /home/airflow/.local/lib/python3.7/site-packages/airflow/example_dags/example_dag_decorator.py for tasks to queue
[2023-04-28T06:14:51.268+0000] {logging_mixin.py:137} INFO - [2023-04-28T06:14:51.268+0000] {dagbag.py:538} INFO - Filling up the DagBag from /home/airflow/.local/lib/python3.7/site-packages/airflow/example_dags/example_dag_decorator.py
[2023-04-28T06:14:51.279+0000] {logging_mixin.py:137} INFO - [2023-04-28T06:14:51.279+0000] {taskmixin.py:205} WARNING - Dependency <Task(_PythonDecoratedOperator): prepare_email>, send_email already registered for DAG: example_dag_decorator
[2023-04-28T06:14:51.280+0000] {logging_mixin.py:137} INFO - [2023-04-28T06:14:51.280+0000] {taskmixin.py:205} WARNING - Dependency <Task(EmailOperator): send_email>, prepare_email already registered for DAG: example_dag_decorator
[2023-04-28T06:14:51.288+0000] {processor.py:753} INFO - DAG(s) dict_keys(['example_dag_decorator']) retrieved from /home/airflow/.local/lib/python3.7/site-packages/airflow/example_dags/example_dag_decorator.py
[2023-04-28T06:14:51.328+0000] {logging_mixin.py:137} INFO - [2023-04-28T06:14:51.328+0000] {dag.py:2690} INFO - Sync 1 DAGs
[2023-04-28T06:14:51.340+0000] {logging_mixin.py:137} INFO - [2023-04-28T06:14:51.340+0000] {dag.py:3441} INFO - Setting next_dagrun for example_dag_decorator to None, run_after=None
[2023-04-28T06:14:51.351+0000] {processor.py:175} INFO - Processing /home/airflow/.local/lib/python3.7/site-packages/airflow/example_dags/example_dag_decorator.py took 0.088 seconds
[2023-04-28T06:15:21.738+0000] {processor.py:153} INFO - Started process (PID=16706) to work on /home/airflow/.local/lib/python3.7/site-packages/airflow/example_dags/example_dag_decorator.py
[2023-04-28T06:15:21.739+0000] {processor.py:743} INFO - Processing file /home/airflow/.local/lib/python3.7/site-packages/airflow/example_dags/example_dag_decorator.py for tasks to queue
[2023-04-28T06:15:21.740+0000] {logging_mixin.py:137} INFO - [2023-04-28T06:15:21.740+0000] {dagbag.py:538} INFO - Filling up the DagBag from /home/airflow/.local/lib/python3.7/site-packages/airflow/example_dags/example_dag_decorator.py
[2023-04-28T06:15:21.752+0000] {logging_mixin.py:137} INFO - [2023-04-28T06:15:21.752+0000] {taskmixin.py:205} WARNING - Dependency <Task(_PythonDecoratedOperator): prepare_email>, send_email already registered for DAG: example_dag_decorator
[2023-04-28T06:15:21.753+0000] {logging_mixin.py:137} INFO - [2023-04-28T06:15:21.753+0000] {taskmixin.py:205} WARNING - Dependency <Task(EmailOperator): send_email>, prepare_email already registered for DAG: example_dag_decorator
[2023-04-28T06:15:21.762+0000] {processor.py:753} INFO - DAG(s) dict_keys(['example_dag_decorator']) retrieved from /home/airflow/.local/lib/python3.7/site-packages/airflow/example_dags/example_dag_decorator.py
[2023-04-28T06:15:21.803+0000] {logging_mixin.py:137} INFO - [2023-04-28T06:15:21.803+0000] {dag.py:2690} INFO - Sync 1 DAGs
[2023-04-28T06:15:21.817+0000] {logging_mixin.py:137} INFO - [2023-04-28T06:15:21.817+0000] {dag.py:3441} INFO - Setting next_dagrun for example_dag_decorator to None, run_after=None
[2023-04-28T06:15:21.831+0000] {processor.py:175} INFO - Processing /home/airflow/.local/lib/python3.7/site-packages/airflow/example_dags/example_dag_decorator.py took 0.096 seconds
[2023-04-28T06:15:52.113+0000] {processor.py:153} INFO - Started process (PID=16783) to work on /home/airflow/.local/lib/python3.7/site-packages/airflow/example_dags/example_dag_decorator.py
[2023-04-28T06:15:52.114+0000] {processor.py:743} INFO - Processing file /home/airflow/.local/lib/python3.7/site-packages/airflow/example_dags/example_dag_decorator.py for tasks to queue
[2023-04-28T06:15:52.115+0000] {logging_mixin.py:137} INFO - [2023-04-28T06:15:52.115+0000] {dagbag.py:538} INFO - Filling up the DagBag from /home/airflow/.local/lib/python3.7/site-packages/airflow/example_dags/example_dag_decorator.py
[2023-04-28T06:15:52.127+0000] {logging_mixin.py:137} INFO - [2023-04-28T06:15:52.127+0000] {taskmixin.py:205} WARNING - Dependency <Task(_PythonDecoratedOperator): prepare_email>, send_email already registered for DAG: example_dag_decorator
[2023-04-28T06:15:52.127+0000] {logging_mixin.py:137} INFO - [2023-04-28T06:15:52.127+0000] {taskmixin.py:205} WARNING - Dependency <Task(EmailOperator): send_email>, prepare_email already registered for DAG: example_dag_decorator
[2023-04-28T06:15:52.137+0000] {processor.py:753} INFO - DAG(s) dict_keys(['example_dag_decorator']) retrieved from /home/airflow/.local/lib/python3.7/site-packages/airflow/example_dags/example_dag_decorator.py
[2023-04-28T06:15:52.178+0000] {logging_mixin.py:137} INFO - [2023-04-28T06:15:52.178+0000] {dag.py:2690} INFO - Sync 1 DAGs
[2023-04-28T06:15:52.193+0000] {logging_mixin.py:137} INFO - [2023-04-28T06:15:52.193+0000] {dag.py:3441} INFO - Setting next_dagrun for example_dag_decorator to None, run_after=None
[2023-04-28T06:15:52.205+0000] {processor.py:175} INFO - Processing /home/airflow/.local/lib/python3.7/site-packages/airflow/example_dags/example_dag_decorator.py took 0.095 seconds
[2023-04-28T06:16:22.369+0000] {processor.py:153} INFO - Started process (PID=16848) to work on /home/airflow/.local/lib/python3.7/site-packages/airflow/example_dags/example_dag_decorator.py
[2023-04-28T06:16:22.371+0000] {processor.py:743} INFO - Processing file /home/airflow/.local/lib/python3.7/site-packages/airflow/example_dags/example_dag_decorator.py for tasks to queue
[2023-04-28T06:16:22.371+0000] {logging_mixin.py:137} INFO - [2023-04-28T06:16:22.371+0000] {dagbag.py:538} INFO - Filling up the DagBag from /home/airflow/.local/lib/python3.7/site-packages/airflow/example_dags/example_dag_decorator.py
[2023-04-28T06:16:22.383+0000] {logging_mixin.py:137} INFO - [2023-04-28T06:16:22.383+0000] {taskmixin.py:205} WARNING - Dependency <Task(_PythonDecoratedOperator): prepare_email>, send_email already registered for DAG: example_dag_decorator
[2023-04-28T06:16:22.384+0000] {logging_mixin.py:137} INFO - [2023-04-28T06:16:22.384+0000] {taskmixin.py:205} WARNING - Dependency <Task(EmailOperator): send_email>, prepare_email already registered for DAG: example_dag_decorator
[2023-04-28T06:16:22.393+0000] {processor.py:753} INFO - DAG(s) dict_keys(['example_dag_decorator']) retrieved from /home/airflow/.local/lib/python3.7/site-packages/airflow/example_dags/example_dag_decorator.py
[2023-04-28T06:16:22.435+0000] {logging_mixin.py:137} INFO - [2023-04-28T06:16:22.434+0000] {dag.py:2690} INFO - Sync 1 DAGs
[2023-04-28T06:16:22.449+0000] {logging_mixin.py:137} INFO - [2023-04-28T06:16:22.449+0000] {dag.py:3441} INFO - Setting next_dagrun for example_dag_decorator to None, run_after=None
[2023-04-28T06:16:22.462+0000] {processor.py:175} INFO - Processing /home/airflow/.local/lib/python3.7/site-packages/airflow/example_dags/example_dag_decorator.py took 0.095 seconds
[2023-04-28T06:16:52.875+0000] {processor.py:153} INFO - Started process (PID=16926) to work on /home/airflow/.local/lib/python3.7/site-packages/airflow/example_dags/example_dag_decorator.py
[2023-04-28T06:16:52.878+0000] {processor.py:743} INFO - Processing file /home/airflow/.local/lib/python3.7/site-packages/airflow/example_dags/example_dag_decorator.py for tasks to queue
[2023-04-28T06:16:52.879+0000] {logging_mixin.py:137} INFO - [2023-04-28T06:16:52.879+0000] {dagbag.py:538} INFO - Filling up the DagBag from /home/airflow/.local/lib/python3.7/site-packages/airflow/example_dags/example_dag_decorator.py
[2023-04-28T06:16:52.912+0000] {logging_mixin.py:137} INFO - [2023-04-28T06:16:52.912+0000] {taskmixin.py:205} WARNING - Dependency <Task(_PythonDecoratedOperator): prepare_email>, send_email already registered for DAG: example_dag_decorator
[2023-04-28T06:16:52.915+0000] {logging_mixin.py:137} INFO - [2023-04-28T06:16:52.914+0000] {taskmixin.py:205} WARNING - Dependency <Task(EmailOperator): send_email>, prepare_email already registered for DAG: example_dag_decorator
[2023-04-28T06:16:52.932+0000] {processor.py:753} INFO - DAG(s) dict_keys(['example_dag_decorator']) retrieved from /home/airflow/.local/lib/python3.7/site-packages/airflow/example_dags/example_dag_decorator.py
[2023-04-28T06:16:52.958+0000] {logging_mixin.py:137} INFO - [2023-04-28T06:16:52.957+0000] {dag.py:2690} INFO - Sync 1 DAGs
[2023-04-28T06:16:52.974+0000] {logging_mixin.py:137} INFO - [2023-04-28T06:16:52.974+0000] {dag.py:3441} INFO - Setting next_dagrun for example_dag_decorator to None, run_after=None
[2023-04-28T06:16:52.986+0000] {processor.py:175} INFO - Processing /home/airflow/.local/lib/python3.7/site-packages/airflow/example_dags/example_dag_decorator.py took 0.120 seconds
[2023-04-28T06:17:23.352+0000] {processor.py:153} INFO - Started process (PID=17004) to work on /home/airflow/.local/lib/python3.7/site-packages/airflow/example_dags/example_dag_decorator.py
[2023-04-28T06:17:23.353+0000] {processor.py:743} INFO - Processing file /home/airflow/.local/lib/python3.7/site-packages/airflow/example_dags/example_dag_decorator.py for tasks to queue
[2023-04-28T06:17:23.354+0000] {logging_mixin.py:137} INFO - [2023-04-28T06:17:23.354+0000] {dagbag.py:538} INFO - Filling up the DagBag from /home/airflow/.local/lib/python3.7/site-packages/airflow/example_dags/example_dag_decorator.py
[2023-04-28T06:17:23.366+0000] {logging_mixin.py:137} INFO - [2023-04-28T06:17:23.366+0000] {taskmixin.py:205} WARNING - Dependency <Task(_PythonDecoratedOperator): prepare_email>, send_email already registered for DAG: example_dag_decorator
[2023-04-28T06:17:23.367+0000] {logging_mixin.py:137} INFO - [2023-04-28T06:17:23.367+0000] {taskmixin.py:205} WARNING - Dependency <Task(EmailOperator): send_email>, prepare_email already registered for DAG: example_dag_decorator
[2023-04-28T06:17:23.377+0000] {processor.py:753} INFO - DAG(s) dict_keys(['example_dag_decorator']) retrieved from /home/airflow/.local/lib/python3.7/site-packages/airflow/example_dags/example_dag_decorator.py
[2023-04-28T06:17:23.419+0000] {logging_mixin.py:137} INFO - [2023-04-28T06:17:23.418+0000] {dag.py:2690} INFO - Sync 1 DAGs
[2023-04-28T06:17:23.432+0000] {logging_mixin.py:137} INFO - [2023-04-28T06:17:23.432+0000] {dag.py:3441} INFO - Setting next_dagrun for example_dag_decorator to None, run_after=None
[2023-04-28T06:17:23.444+0000] {processor.py:175} INFO - Processing /home/airflow/.local/lib/python3.7/site-packages/airflow/example_dags/example_dag_decorator.py took 0.096 seconds
[2023-04-28T06:17:53.697+0000] {processor.py:153} INFO - Started process (PID=17070) to work on /home/airflow/.local/lib/python3.7/site-packages/airflow/example_dags/example_dag_decorator.py
[2023-04-28T06:17:53.698+0000] {processor.py:743} INFO - Processing file /home/airflow/.local/lib/python3.7/site-packages/airflow/example_dags/example_dag_decorator.py for tasks to queue
[2023-04-28T06:17:53.698+0000] {logging_mixin.py:137} INFO - [2023-04-28T06:17:53.698+0000] {dagbag.py:538} INFO - Filling up the DagBag from /home/airflow/.local/lib/python3.7/site-packages/airflow/example_dags/example_dag_decorator.py
[2023-04-28T06:17:53.712+0000] {logging_mixin.py:137} INFO - [2023-04-28T06:17:53.712+0000] {taskmixin.py:205} WARNING - Dependency <Task(_PythonDecoratedOperator): prepare_email>, send_email already registered for DAG: example_dag_decorator
[2023-04-28T06:17:53.712+0000] {logging_mixin.py:137} INFO - [2023-04-28T06:17:53.712+0000] {taskmixin.py:205} WARNING - Dependency <Task(EmailOperator): send_email>, prepare_email already registered for DAG: example_dag_decorator
[2023-04-28T06:17:53.722+0000] {processor.py:753} INFO - DAG(s) dict_keys(['example_dag_decorator']) retrieved from /home/airflow/.local/lib/python3.7/site-packages/airflow/example_dags/example_dag_decorator.py
[2023-04-28T06:17:53.762+0000] {logging_mixin.py:137} INFO - [2023-04-28T06:17:53.762+0000] {dag.py:2690} INFO - Sync 1 DAGs
[2023-04-28T06:17:53.777+0000] {logging_mixin.py:137} INFO - [2023-04-28T06:17:53.777+0000] {dag.py:3441} INFO - Setting next_dagrun for example_dag_decorator to None, run_after=None
[2023-04-28T06:17:53.788+0000] {processor.py:175} INFO - Processing /home/airflow/.local/lib/python3.7/site-packages/airflow/example_dags/example_dag_decorator.py took 0.095 seconds
[2023-04-28T06:18:24.373+0000] {processor.py:153} INFO - Started process (PID=17148) to work on /home/airflow/.local/lib/python3.7/site-packages/airflow/example_dags/example_dag_decorator.py
[2023-04-28T06:18:24.374+0000] {processor.py:743} INFO - Processing file /home/airflow/.local/lib/python3.7/site-packages/airflow/example_dags/example_dag_decorator.py for tasks to queue
[2023-04-28T06:18:24.375+0000] {logging_mixin.py:137} INFO - [2023-04-28T06:18:24.375+0000] {dagbag.py:538} INFO - Filling up the DagBag from /home/airflow/.local/lib/python3.7/site-packages/airflow/example_dags/example_dag_decorator.py
[2023-04-28T06:18:24.388+0000] {logging_mixin.py:137} INFO - [2023-04-28T06:18:24.388+0000] {taskmixin.py:205} WARNING - Dependency <Task(_PythonDecoratedOperator): prepare_email>, send_email already registered for DAG: example_dag_decorator
[2023-04-28T06:18:24.389+0000] {logging_mixin.py:137} INFO - [2023-04-28T06:18:24.389+0000] {taskmixin.py:205} WARNING - Dependency <Task(EmailOperator): send_email>, prepare_email already registered for DAG: example_dag_decorator
[2023-04-28T06:18:24.398+0000] {processor.py:753} INFO - DAG(s) dict_keys(['example_dag_decorator']) retrieved from /home/airflow/.local/lib/python3.7/site-packages/airflow/example_dags/example_dag_decorator.py
[2023-04-28T06:18:24.439+0000] {logging_mixin.py:137} INFO - [2023-04-28T06:18:24.439+0000] {dag.py:2690} INFO - Sync 1 DAGs
[2023-04-28T06:18:24.453+0000] {logging_mixin.py:137} INFO - [2023-04-28T06:18:24.453+0000] {dag.py:3441} INFO - Setting next_dagrun for example_dag_decorator to None, run_after=None
[2023-04-28T06:18:24.465+0000] {processor.py:175} INFO - Processing /home/airflow/.local/lib/python3.7/site-packages/airflow/example_dags/example_dag_decorator.py took 0.094 seconds
[2023-04-28T06:18:54.698+0000] {processor.py:153} INFO - Started process (PID=17226) to work on /home/airflow/.local/lib/python3.7/site-packages/airflow/example_dags/example_dag_decorator.py
[2023-04-28T06:18:54.699+0000] {processor.py:743} INFO - Processing file /home/airflow/.local/lib/python3.7/site-packages/airflow/example_dags/example_dag_decorator.py for tasks to queue
[2023-04-28T06:18:54.700+0000] {logging_mixin.py:137} INFO - [2023-04-28T06:18:54.700+0000] {dagbag.py:538} INFO - Filling up the DagBag from /home/airflow/.local/lib/python3.7/site-packages/airflow/example_dags/example_dag_decorator.py
[2023-04-28T06:18:54.714+0000] {logging_mixin.py:137} INFO - [2023-04-28T06:18:54.713+0000] {taskmixin.py:205} WARNING - Dependency <Task(_PythonDecoratedOperator): prepare_email>, send_email already registered for DAG: example_dag_decorator
[2023-04-28T06:18:54.714+0000] {logging_mixin.py:137} INFO - [2023-04-28T06:18:54.714+0000] {taskmixin.py:205} WARNING - Dependency <Task(EmailOperator): send_email>, prepare_email already registered for DAG: example_dag_decorator
[2023-04-28T06:18:54.724+0000] {processor.py:753} INFO - DAG(s) dict_keys(['example_dag_decorator']) retrieved from /home/airflow/.local/lib/python3.7/site-packages/airflow/example_dags/example_dag_decorator.py
[2023-04-28T06:18:54.765+0000] {logging_mixin.py:137} INFO - [2023-04-28T06:18:54.765+0000] {dag.py:2690} INFO - Sync 1 DAGs
[2023-04-28T06:18:54.779+0000] {logging_mixin.py:137} INFO - [2023-04-28T06:18:54.779+0000] {dag.py:3441} INFO - Setting next_dagrun for example_dag_decorator to None, run_after=None
[2023-04-28T06:18:54.792+0000] {processor.py:175} INFO - Processing /home/airflow/.local/lib/python3.7/site-packages/airflow/example_dags/example_dag_decorator.py took 0.097 seconds
