[2023-04-28T00:36:31.242+0000] {processor.py:153} INFO - Started process (PID=14558) to work on /home/airflow/.local/lib/python3.7/site-packages/airflow/example_dags/example_complex.py
[2023-04-28T00:36:31.243+0000] {processor.py:743} INFO - Processing file /home/airflow/.local/lib/python3.7/site-packages/airflow/example_dags/example_complex.py for tasks to queue
[2023-04-28T00:36:31.247+0000] {logging_mixin.py:137} INFO - [2023-04-28T00:36:31.247+0000] {dagbag.py:538} INFO - Filling up the DagBag from /home/airflow/.local/lib/python3.7/site-packages/airflow/example_dags/example_complex.py
[2023-04-28T00:36:31.267+0000] {logging_mixin.py:137} INFO - [2023-04-28T00:36:31.266+0000] {taskmixin.py:205} WARNING - Dependency <Task(BashOperator): create_entry_group>, delete_entry_group already registered for DAG: example_complex
[2023-04-28T00:36:31.268+0000] {logging_mixin.py:137} INFO - [2023-04-28T00:36:31.267+0000] {taskmixin.py:205} WARNING - Dependency <Task(BashOperator): delete_entry_group>, create_entry_group already registered for DAG: example_complex
[2023-04-28T00:36:31.269+0000] {logging_mixin.py:137} INFO - [2023-04-28T00:36:31.269+0000] {taskmixin.py:205} WARNING - Dependency <Task(BashOperator): create_entry_gcs>, delete_entry already registered for DAG: example_complex
[2023-04-28T00:36:31.269+0000] {logging_mixin.py:137} INFO - [2023-04-28T00:36:31.269+0000] {taskmixin.py:205} WARNING - Dependency <Task(BashOperator): delete_entry>, create_entry_gcs already registered for DAG: example_complex
[2023-04-28T00:36:31.270+0000] {logging_mixin.py:137} INFO - [2023-04-28T00:36:31.270+0000] {taskmixin.py:205} WARNING - Dependency <Task(BashOperator): create_tag>, delete_tag already registered for DAG: example_complex
[2023-04-28T00:36:31.270+0000] {logging_mixin.py:137} INFO - [2023-04-28T00:36:31.270+0000] {taskmixin.py:205} WARNING - Dependency <Task(BashOperator): delete_tag>, create_tag already registered for DAG: example_complex
[2023-04-28T00:36:31.280+0000] {processor.py:753} INFO - DAG(s) dict_keys(['example_complex']) retrieved from /home/airflow/.local/lib/python3.7/site-packages/airflow/example_dags/example_complex.py
[2023-04-28T00:36:31.314+0000] {logging_mixin.py:137} INFO - [2023-04-28T00:36:31.314+0000] {dag.py:2690} INFO - Sync 1 DAGs
[2023-04-28T00:36:31.333+0000] {logging_mixin.py:137} INFO - [2023-04-28T00:36:31.333+0000] {dag.py:3441} INFO - Setting next_dagrun for example_complex to None, run_after=None
[2023-04-28T00:36:31.346+0000] {processor.py:175} INFO - Processing /home/airflow/.local/lib/python3.7/site-packages/airflow/example_dags/example_complex.py took 0.109 seconds
[2023-04-28T01:42:52.755+0000] {processor.py:153} INFO - Started process (PID=14633) to work on /home/airflow/.local/lib/python3.7/site-packages/airflow/example_dags/example_complex.py
[2023-04-28T01:42:52.761+0000] {processor.py:743} INFO - Processing file /home/airflow/.local/lib/python3.7/site-packages/airflow/example_dags/example_complex.py for tasks to queue
[2023-04-28T01:42:52.764+0000] {logging_mixin.py:137} INFO - [2023-04-28T01:42:52.764+0000] {dagbag.py:538} INFO - Filling up the DagBag from /home/airflow/.local/lib/python3.7/site-packages/airflow/example_dags/example_complex.py
[2023-04-28T01:42:52.780+0000] {logging_mixin.py:137} INFO - [2023-04-28T01:42:52.780+0000] {taskmixin.py:205} WARNING - Dependency <Task(BashOperator): create_entry_group>, delete_entry_group already registered for DAG: example_complex
[2023-04-28T01:42:52.781+0000] {logging_mixin.py:137} INFO - [2023-04-28T01:42:52.781+0000] {taskmixin.py:205} WARNING - Dependency <Task(BashOperator): delete_entry_group>, create_entry_group already registered for DAG: example_complex
[2023-04-28T01:42:52.781+0000] {logging_mixin.py:137} INFO - [2023-04-28T01:42:52.781+0000] {taskmixin.py:205} WARNING - Dependency <Task(BashOperator): create_entry_gcs>, delete_entry already registered for DAG: example_complex
[2023-04-28T01:42:52.782+0000] {logging_mixin.py:137} INFO - [2023-04-28T01:42:52.782+0000] {taskmixin.py:205} WARNING - Dependency <Task(BashOperator): delete_entry>, create_entry_gcs already registered for DAG: example_complex
[2023-04-28T01:42:52.783+0000] {logging_mixin.py:137} INFO - [2023-04-28T01:42:52.783+0000] {taskmixin.py:205} WARNING - Dependency <Task(BashOperator): create_tag>, delete_tag already registered for DAG: example_complex
[2023-04-28T01:42:52.783+0000] {logging_mixin.py:137} INFO - [2023-04-28T01:42:52.783+0000] {taskmixin.py:205} WARNING - Dependency <Task(BashOperator): delete_tag>, create_tag already registered for DAG: example_complex
[2023-04-28T01:42:52.790+0000] {processor.py:753} INFO - DAG(s) dict_keys(['example_complex']) retrieved from /home/airflow/.local/lib/python3.7/site-packages/airflow/example_dags/example_complex.py
[2023-04-28T01:42:52.832+0000] {logging_mixin.py:137} INFO - [2023-04-28T01:42:52.832+0000] {dag.py:2690} INFO - Sync 1 DAGs
[2023-04-28T01:42:52.856+0000] {logging_mixin.py:137} INFO - [2023-04-28T01:42:52.856+0000] {dag.py:3441} INFO - Setting next_dagrun for example_complex to None, run_after=None
[2023-04-28T01:42:52.904+0000] {processor.py:175} INFO - Processing /home/airflow/.local/lib/python3.7/site-packages/airflow/example_dags/example_complex.py took 0.152 seconds
[2023-04-28T02:48:40.893+0000] {processor.py:153} INFO - Started process (PID=14702) to work on /home/airflow/.local/lib/python3.7/site-packages/airflow/example_dags/example_complex.py
[2023-04-28T02:48:40.894+0000] {processor.py:743} INFO - Processing file /home/airflow/.local/lib/python3.7/site-packages/airflow/example_dags/example_complex.py for tasks to queue
[2023-04-28T02:48:40.894+0000] {logging_mixin.py:137} INFO - [2023-04-28T02:48:40.894+0000] {dagbag.py:538} INFO - Filling up the DagBag from /home/airflow/.local/lib/python3.7/site-packages/airflow/example_dags/example_complex.py
[2023-04-28T02:48:40.903+0000] {logging_mixin.py:137} INFO - [2023-04-28T02:48:40.903+0000] {taskmixin.py:205} WARNING - Dependency <Task(BashOperator): create_entry_group>, delete_entry_group already registered for DAG: example_complex
[2023-04-28T02:48:40.903+0000] {logging_mixin.py:137} INFO - [2023-04-28T02:48:40.903+0000] {taskmixin.py:205} WARNING - Dependency <Task(BashOperator): delete_entry_group>, create_entry_group already registered for DAG: example_complex
[2023-04-28T02:48:40.904+0000] {logging_mixin.py:137} INFO - [2023-04-28T02:48:40.904+0000] {taskmixin.py:205} WARNING - Dependency <Task(BashOperator): create_entry_gcs>, delete_entry already registered for DAG: example_complex
[2023-04-28T02:48:40.904+0000] {logging_mixin.py:137} INFO - [2023-04-28T02:48:40.904+0000] {taskmixin.py:205} WARNING - Dependency <Task(BashOperator): delete_entry>, create_entry_gcs already registered for DAG: example_complex
[2023-04-28T02:48:40.904+0000] {logging_mixin.py:137} INFO - [2023-04-28T02:48:40.904+0000] {taskmixin.py:205} WARNING - Dependency <Task(BashOperator): create_tag>, delete_tag already registered for DAG: example_complex
[2023-04-28T02:48:40.905+0000] {logging_mixin.py:137} INFO - [2023-04-28T02:48:40.905+0000] {taskmixin.py:205} WARNING - Dependency <Task(BashOperator): delete_tag>, create_tag already registered for DAG: example_complex
[2023-04-28T02:48:40.910+0000] {processor.py:753} INFO - DAG(s) dict_keys(['example_complex']) retrieved from /home/airflow/.local/lib/python3.7/site-packages/airflow/example_dags/example_complex.py
[2023-04-28T02:48:40.933+0000] {logging_mixin.py:137} INFO - [2023-04-28T02:48:40.933+0000] {dag.py:2690} INFO - Sync 1 DAGs
[2023-04-28T02:48:40.949+0000] {logging_mixin.py:137} INFO - [2023-04-28T02:48:40.948+0000] {dag.py:3441} INFO - Setting next_dagrun for example_complex to None, run_after=None
[2023-04-28T02:48:40.960+0000] {processor.py:175} INFO - Processing /home/airflow/.local/lib/python3.7/site-packages/airflow/example_dags/example_complex.py took 0.070 seconds
[2023-04-28T03:54:54.109+0000] {processor.py:153} INFO - Started process (PID=14779) to work on /home/airflow/.local/lib/python3.7/site-packages/airflow/example_dags/example_complex.py
[2023-04-28T03:54:54.110+0000] {processor.py:743} INFO - Processing file /home/airflow/.local/lib/python3.7/site-packages/airflow/example_dags/example_complex.py for tasks to queue
[2023-04-28T03:54:54.112+0000] {logging_mixin.py:137} INFO - [2023-04-28T03:54:54.111+0000] {dagbag.py:538} INFO - Filling up the DagBag from /home/airflow/.local/lib/python3.7/site-packages/airflow/example_dags/example_complex.py
[2023-04-28T03:54:54.121+0000] {logging_mixin.py:137} INFO - [2023-04-28T03:54:54.120+0000] {taskmixin.py:205} WARNING - Dependency <Task(BashOperator): create_entry_group>, delete_entry_group already registered for DAG: example_complex
[2023-04-28T03:54:54.121+0000] {logging_mixin.py:137} INFO - [2023-04-28T03:54:54.121+0000] {taskmixin.py:205} WARNING - Dependency <Task(BashOperator): delete_entry_group>, create_entry_group already registered for DAG: example_complex
[2023-04-28T03:54:54.122+0000] {logging_mixin.py:137} INFO - [2023-04-28T03:54:54.122+0000] {taskmixin.py:205} WARNING - Dependency <Task(BashOperator): create_entry_gcs>, delete_entry already registered for DAG: example_complex
[2023-04-28T03:54:54.122+0000] {logging_mixin.py:137} INFO - [2023-04-28T03:54:54.122+0000] {taskmixin.py:205} WARNING - Dependency <Task(BashOperator): delete_entry>, create_entry_gcs already registered for DAG: example_complex
[2023-04-28T03:54:54.123+0000] {logging_mixin.py:137} INFO - [2023-04-28T03:54:54.123+0000] {taskmixin.py:205} WARNING - Dependency <Task(BashOperator): create_tag>, delete_tag already registered for DAG: example_complex
[2023-04-28T03:54:54.123+0000] {logging_mixin.py:137} INFO - [2023-04-28T03:54:54.123+0000] {taskmixin.py:205} WARNING - Dependency <Task(BashOperator): delete_tag>, create_tag already registered for DAG: example_complex
[2023-04-28T03:54:54.130+0000] {processor.py:753} INFO - DAG(s) dict_keys(['example_complex']) retrieved from /home/airflow/.local/lib/python3.7/site-packages/airflow/example_dags/example_complex.py
[2023-04-28T03:54:54.160+0000] {logging_mixin.py:137} INFO - [2023-04-28T03:54:54.159+0000] {dag.py:2690} INFO - Sync 1 DAGs
[2023-04-28T03:54:54.182+0000] {logging_mixin.py:137} INFO - [2023-04-28T03:54:54.182+0000] {dag.py:3441} INFO - Setting next_dagrun for example_complex to None, run_after=None
[2023-04-28T03:54:54.196+0000] {processor.py:175} INFO - Processing /home/airflow/.local/lib/python3.7/site-packages/airflow/example_dags/example_complex.py took 0.090 seconds
[2023-04-28T05:16:15.872+0000] {processor.py:153} INFO - Started process (PID=14845) to work on /home/airflow/.local/lib/python3.7/site-packages/airflow/example_dags/example_complex.py
[2023-04-28T05:16:15.879+0000] {processor.py:743} INFO - Processing file /home/airflow/.local/lib/python3.7/site-packages/airflow/example_dags/example_complex.py for tasks to queue
[2023-04-28T05:16:15.882+0000] {logging_mixin.py:137} INFO - [2023-04-28T05:16:15.882+0000] {dagbag.py:538} INFO - Filling up the DagBag from /home/airflow/.local/lib/python3.7/site-packages/airflow/example_dags/example_complex.py
[2023-04-28T05:16:15.908+0000] {logging_mixin.py:137} INFO - [2023-04-28T05:16:15.908+0000] {taskmixin.py:205} WARNING - Dependency <Task(BashOperator): create_entry_group>, delete_entry_group already registered for DAG: example_complex
[2023-04-28T05:16:15.912+0000] {logging_mixin.py:137} INFO - [2023-04-28T05:16:15.912+0000] {taskmixin.py:205} WARNING - Dependency <Task(BashOperator): delete_entry_group>, create_entry_group already registered for DAG: example_complex
[2023-04-28T05:16:15.914+0000] {logging_mixin.py:137} INFO - [2023-04-28T05:16:15.914+0000] {taskmixin.py:205} WARNING - Dependency <Task(BashOperator): create_entry_gcs>, delete_entry already registered for DAG: example_complex
[2023-04-28T05:16:15.914+0000] {logging_mixin.py:137} INFO - [2023-04-28T05:16:15.914+0000] {taskmixin.py:205} WARNING - Dependency <Task(BashOperator): delete_entry>, create_entry_gcs already registered for DAG: example_complex
[2023-04-28T05:16:15.915+0000] {logging_mixin.py:137} INFO - [2023-04-28T05:16:15.915+0000] {taskmixin.py:205} WARNING - Dependency <Task(BashOperator): create_tag>, delete_tag already registered for DAG: example_complex
[2023-04-28T05:16:15.916+0000] {logging_mixin.py:137} INFO - [2023-04-28T05:16:15.916+0000] {taskmixin.py:205} WARNING - Dependency <Task(BashOperator): delete_tag>, create_tag already registered for DAG: example_complex
[2023-04-28T05:16:15.928+0000] {processor.py:753} INFO - DAG(s) dict_keys(['example_complex']) retrieved from /home/airflow/.local/lib/python3.7/site-packages/airflow/example_dags/example_complex.py
[2023-04-28T05:16:15.979+0000] {logging_mixin.py:137} INFO - [2023-04-28T05:16:15.978+0000] {dag.py:2690} INFO - Sync 1 DAGs
[2023-04-28T05:16:16.007+0000] {logging_mixin.py:137} INFO - [2023-04-28T05:16:16.007+0000] {dag.py:3441} INFO - Setting next_dagrun for example_complex to None, run_after=None
[2023-04-28T05:16:16.026+0000] {processor.py:175} INFO - Processing /home/airflow/.local/lib/python3.7/site-packages/airflow/example_dags/example_complex.py took 0.164 seconds
[2023-04-28T05:32:12.682+0000] {processor.py:153} INFO - Started process (PID=14925) to work on /home/airflow/.local/lib/python3.7/site-packages/airflow/example_dags/example_complex.py
[2023-04-28T05:32:12.684+0000] {processor.py:743} INFO - Processing file /home/airflow/.local/lib/python3.7/site-packages/airflow/example_dags/example_complex.py for tasks to queue
[2023-04-28T05:32:12.684+0000] {logging_mixin.py:137} INFO - [2023-04-28T05:32:12.684+0000] {dagbag.py:538} INFO - Filling up the DagBag from /home/airflow/.local/lib/python3.7/site-packages/airflow/example_dags/example_complex.py
[2023-04-28T05:32:12.693+0000] {logging_mixin.py:137} INFO - [2023-04-28T05:32:12.693+0000] {taskmixin.py:205} WARNING - Dependency <Task(BashOperator): create_entry_group>, delete_entry_group already registered for DAG: example_complex
[2023-04-28T05:32:12.694+0000] {logging_mixin.py:137} INFO - [2023-04-28T05:32:12.694+0000] {taskmixin.py:205} WARNING - Dependency <Task(BashOperator): delete_entry_group>, create_entry_group already registered for DAG: example_complex
[2023-04-28T05:32:12.694+0000] {logging_mixin.py:137} INFO - [2023-04-28T05:32:12.694+0000] {taskmixin.py:205} WARNING - Dependency <Task(BashOperator): create_entry_gcs>, delete_entry already registered for DAG: example_complex
[2023-04-28T05:32:12.695+0000] {logging_mixin.py:137} INFO - [2023-04-28T05:32:12.695+0000] {taskmixin.py:205} WARNING - Dependency <Task(BashOperator): delete_entry>, create_entry_gcs already registered for DAG: example_complex
[2023-04-28T05:32:12.695+0000] {logging_mixin.py:137} INFO - [2023-04-28T05:32:12.695+0000] {taskmixin.py:205} WARNING - Dependency <Task(BashOperator): create_tag>, delete_tag already registered for DAG: example_complex
[2023-04-28T05:32:12.695+0000] {logging_mixin.py:137} INFO - [2023-04-28T05:32:12.695+0000] {taskmixin.py:205} WARNING - Dependency <Task(BashOperator): delete_tag>, create_tag already registered for DAG: example_complex
[2023-04-28T05:32:12.701+0000] {processor.py:753} INFO - DAG(s) dict_keys(['example_complex']) retrieved from /home/airflow/.local/lib/python3.7/site-packages/airflow/example_dags/example_complex.py
[2023-04-28T05:32:12.724+0000] {logging_mixin.py:137} INFO - [2023-04-28T05:32:12.724+0000] {dag.py:2690} INFO - Sync 1 DAGs
[2023-04-28T05:32:12.739+0000] {logging_mixin.py:137} INFO - [2023-04-28T05:32:12.739+0000] {dag.py:3441} INFO - Setting next_dagrun for example_complex to None, run_after=None
[2023-04-28T05:32:12.750+0000] {processor.py:175} INFO - Processing /home/airflow/.local/lib/python3.7/site-packages/airflow/example_dags/example_complex.py took 0.070 seconds
[2023-04-28T05:32:42.871+0000] {processor.py:153} INFO - Started process (PID=15002) to work on /home/airflow/.local/lib/python3.7/site-packages/airflow/example_dags/example_complex.py
[2023-04-28T05:32:42.872+0000] {processor.py:743} INFO - Processing file /home/airflow/.local/lib/python3.7/site-packages/airflow/example_dags/example_complex.py for tasks to queue
[2023-04-28T05:32:42.873+0000] {logging_mixin.py:137} INFO - [2023-04-28T05:32:42.873+0000] {dagbag.py:538} INFO - Filling up the DagBag from /home/airflow/.local/lib/python3.7/site-packages/airflow/example_dags/example_complex.py
[2023-04-28T05:32:42.882+0000] {logging_mixin.py:137} INFO - [2023-04-28T05:32:42.881+0000] {taskmixin.py:205} WARNING - Dependency <Task(BashOperator): create_entry_group>, delete_entry_group already registered for DAG: example_complex
[2023-04-28T05:32:42.882+0000] {logging_mixin.py:137} INFO - [2023-04-28T05:32:42.882+0000] {taskmixin.py:205} WARNING - Dependency <Task(BashOperator): delete_entry_group>, create_entry_group already registered for DAG: example_complex
[2023-04-28T05:32:42.883+0000] {logging_mixin.py:137} INFO - [2023-04-28T05:32:42.883+0000] {taskmixin.py:205} WARNING - Dependency <Task(BashOperator): create_entry_gcs>, delete_entry already registered for DAG: example_complex
[2023-04-28T05:32:42.883+0000] {logging_mixin.py:137} INFO - [2023-04-28T05:32:42.883+0000] {taskmixin.py:205} WARNING - Dependency <Task(BashOperator): delete_entry>, create_entry_gcs already registered for DAG: example_complex
[2023-04-28T05:32:42.884+0000] {logging_mixin.py:137} INFO - [2023-04-28T05:32:42.884+0000] {taskmixin.py:205} WARNING - Dependency <Task(BashOperator): create_tag>, delete_tag already registered for DAG: example_complex
[2023-04-28T05:32:42.884+0000] {logging_mixin.py:137} INFO - [2023-04-28T05:32:42.884+0000] {taskmixin.py:205} WARNING - Dependency <Task(BashOperator): delete_tag>, create_tag already registered for DAG: example_complex
[2023-04-28T05:32:42.889+0000] {processor.py:753} INFO - DAG(s) dict_keys(['example_complex']) retrieved from /home/airflow/.local/lib/python3.7/site-packages/airflow/example_dags/example_complex.py
[2023-04-28T05:32:42.912+0000] {logging_mixin.py:137} INFO - [2023-04-28T05:32:42.912+0000] {dag.py:2690} INFO - Sync 1 DAGs
[2023-04-28T05:32:42.926+0000] {logging_mixin.py:137} INFO - [2023-04-28T05:32:42.926+0000] {dag.py:3441} INFO - Setting next_dagrun for example_complex to None, run_after=None
[2023-04-28T05:32:42.937+0000] {processor.py:175} INFO - Processing /home/airflow/.local/lib/python3.7/site-packages/airflow/example_dags/example_complex.py took 0.068 seconds
[2023-04-28T06:03:55.546+0000] {processor.py:153} INFO - Started process (PID=15069) to work on /home/airflow/.local/lib/python3.7/site-packages/airflow/example_dags/example_complex.py
[2023-04-28T06:03:55.547+0000] {processor.py:743} INFO - Processing file /home/airflow/.local/lib/python3.7/site-packages/airflow/example_dags/example_complex.py for tasks to queue
[2023-04-28T06:03:55.548+0000] {logging_mixin.py:137} INFO - [2023-04-28T06:03:55.548+0000] {dagbag.py:538} INFO - Filling up the DagBag from /home/airflow/.local/lib/python3.7/site-packages/airflow/example_dags/example_complex.py
[2023-04-28T06:03:55.556+0000] {logging_mixin.py:137} INFO - [2023-04-28T06:03:55.556+0000] {taskmixin.py:205} WARNING - Dependency <Task(BashOperator): create_entry_group>, delete_entry_group already registered for DAG: example_complex
[2023-04-28T06:03:55.557+0000] {logging_mixin.py:137} INFO - [2023-04-28T06:03:55.557+0000] {taskmixin.py:205} WARNING - Dependency <Task(BashOperator): delete_entry_group>, create_entry_group already registered for DAG: example_complex
[2023-04-28T06:03:55.558+0000] {logging_mixin.py:137} INFO - [2023-04-28T06:03:55.557+0000] {taskmixin.py:205} WARNING - Dependency <Task(BashOperator): create_entry_gcs>, delete_entry already registered for DAG: example_complex
[2023-04-28T06:03:55.558+0000] {logging_mixin.py:137} INFO - [2023-04-28T06:03:55.558+0000] {taskmixin.py:205} WARNING - Dependency <Task(BashOperator): delete_entry>, create_entry_gcs already registered for DAG: example_complex
[2023-04-28T06:03:55.558+0000] {logging_mixin.py:137} INFO - [2023-04-28T06:03:55.558+0000] {taskmixin.py:205} WARNING - Dependency <Task(BashOperator): create_tag>, delete_tag already registered for DAG: example_complex
[2023-04-28T06:03:55.559+0000] {logging_mixin.py:137} INFO - [2023-04-28T06:03:55.559+0000] {taskmixin.py:205} WARNING - Dependency <Task(BashOperator): delete_tag>, create_tag already registered for DAG: example_complex
[2023-04-28T06:03:55.564+0000] {processor.py:753} INFO - DAG(s) dict_keys(['example_complex']) retrieved from /home/airflow/.local/lib/python3.7/site-packages/airflow/example_dags/example_complex.py
[2023-04-28T06:03:55.587+0000] {logging_mixin.py:137} INFO - [2023-04-28T06:03:55.587+0000] {dag.py:2690} INFO - Sync 1 DAGs
[2023-04-28T06:03:55.604+0000] {logging_mixin.py:137} INFO - [2023-04-28T06:03:55.604+0000] {dag.py:3441} INFO - Setting next_dagrun for example_complex to None, run_after=None
[2023-04-28T06:03:55.617+0000] {processor.py:175} INFO - Processing /home/airflow/.local/lib/python3.7/site-packages/airflow/example_dags/example_complex.py took 0.073 seconds
[2023-04-28T06:04:41.113+0000] {processor.py:153} INFO - Started process (PID=15148) to work on /home/airflow/.local/lib/python3.7/site-packages/airflow/example_dags/example_complex.py
[2023-04-28T06:04:41.114+0000] {processor.py:743} INFO - Processing file /home/airflow/.local/lib/python3.7/site-packages/airflow/example_dags/example_complex.py for tasks to queue
[2023-04-28T06:04:41.115+0000] {logging_mixin.py:137} INFO - [2023-04-28T06:04:41.115+0000] {dagbag.py:538} INFO - Filling up the DagBag from /home/airflow/.local/lib/python3.7/site-packages/airflow/example_dags/example_complex.py
[2023-04-28T06:04:41.123+0000] {logging_mixin.py:137} INFO - [2023-04-28T06:04:41.123+0000] {taskmixin.py:205} WARNING - Dependency <Task(BashOperator): create_entry_group>, delete_entry_group already registered for DAG: example_complex
[2023-04-28T06:04:41.124+0000] {logging_mixin.py:137} INFO - [2023-04-28T06:04:41.124+0000] {taskmixin.py:205} WARNING - Dependency <Task(BashOperator): delete_entry_group>, create_entry_group already registered for DAG: example_complex
[2023-04-28T06:04:41.125+0000] {logging_mixin.py:137} INFO - [2023-04-28T06:04:41.125+0000] {taskmixin.py:205} WARNING - Dependency <Task(BashOperator): create_entry_gcs>, delete_entry already registered for DAG: example_complex
[2023-04-28T06:04:41.125+0000] {logging_mixin.py:137} INFO - [2023-04-28T06:04:41.125+0000] {taskmixin.py:205} WARNING - Dependency <Task(BashOperator): delete_entry>, create_entry_gcs already registered for DAG: example_complex
[2023-04-28T06:04:41.125+0000] {logging_mixin.py:137} INFO - [2023-04-28T06:04:41.125+0000] {taskmixin.py:205} WARNING - Dependency <Task(BashOperator): create_tag>, delete_tag already registered for DAG: example_complex
[2023-04-28T06:04:41.126+0000] {logging_mixin.py:137} INFO - [2023-04-28T06:04:41.126+0000] {taskmixin.py:205} WARNING - Dependency <Task(BashOperator): delete_tag>, create_tag already registered for DAG: example_complex
[2023-04-28T06:04:41.131+0000] {processor.py:753} INFO - DAG(s) dict_keys(['example_complex']) retrieved from /home/airflow/.local/lib/python3.7/site-packages/airflow/example_dags/example_complex.py
[2023-04-28T06:04:41.153+0000] {logging_mixin.py:137} INFO - [2023-04-28T06:04:41.153+0000] {dag.py:2690} INFO - Sync 1 DAGs
[2023-04-28T06:04:41.169+0000] {logging_mixin.py:137} INFO - [2023-04-28T06:04:41.169+0000] {dag.py:3441} INFO - Setting next_dagrun for example_complex to None, run_after=None
[2023-04-28T06:04:41.179+0000] {processor.py:175} INFO - Processing /home/airflow/.local/lib/python3.7/site-packages/airflow/example_dags/example_complex.py took 0.069 seconds
[2023-04-28T06:05:11.612+0000] {processor.py:153} INFO - Started process (PID=15226) to work on /home/airflow/.local/lib/python3.7/site-packages/airflow/example_dags/example_complex.py
[2023-04-28T06:05:11.613+0000] {processor.py:743} INFO - Processing file /home/airflow/.local/lib/python3.7/site-packages/airflow/example_dags/example_complex.py for tasks to queue
[2023-04-28T06:05:11.614+0000] {logging_mixin.py:137} INFO - [2023-04-28T06:05:11.614+0000] {dagbag.py:538} INFO - Filling up the DagBag from /home/airflow/.local/lib/python3.7/site-packages/airflow/example_dags/example_complex.py
[2023-04-28T06:05:11.623+0000] {logging_mixin.py:137} INFO - [2023-04-28T06:05:11.623+0000] {taskmixin.py:205} WARNING - Dependency <Task(BashOperator): create_entry_group>, delete_entry_group already registered for DAG: example_complex
[2023-04-28T06:05:11.624+0000] {logging_mixin.py:137} INFO - [2023-04-28T06:05:11.624+0000] {taskmixin.py:205} WARNING - Dependency <Task(BashOperator): delete_entry_group>, create_entry_group already registered for DAG: example_complex
[2023-04-28T06:05:11.625+0000] {logging_mixin.py:137} INFO - [2023-04-28T06:05:11.625+0000] {taskmixin.py:205} WARNING - Dependency <Task(BashOperator): create_entry_gcs>, delete_entry already registered for DAG: example_complex
[2023-04-28T06:05:11.625+0000] {logging_mixin.py:137} INFO - [2023-04-28T06:05:11.625+0000] {taskmixin.py:205} WARNING - Dependency <Task(BashOperator): delete_entry>, create_entry_gcs already registered for DAG: example_complex
[2023-04-28T06:05:11.625+0000] {logging_mixin.py:137} INFO - [2023-04-28T06:05:11.625+0000] {taskmixin.py:205} WARNING - Dependency <Task(BashOperator): create_tag>, delete_tag already registered for DAG: example_complex
[2023-04-28T06:05:11.626+0000] {logging_mixin.py:137} INFO - [2023-04-28T06:05:11.626+0000] {taskmixin.py:205} WARNING - Dependency <Task(BashOperator): delete_tag>, create_tag already registered for DAG: example_complex
[2023-04-28T06:05:11.631+0000] {processor.py:753} INFO - DAG(s) dict_keys(['example_complex']) retrieved from /home/airflow/.local/lib/python3.7/site-packages/airflow/example_dags/example_complex.py
[2023-04-28T06:05:11.654+0000] {logging_mixin.py:137} INFO - [2023-04-28T06:05:11.654+0000] {dag.py:2690} INFO - Sync 1 DAGs
[2023-04-28T06:05:11.669+0000] {logging_mixin.py:137} INFO - [2023-04-28T06:05:11.669+0000] {dag.py:3441} INFO - Setting next_dagrun for example_complex to None, run_after=None
[2023-04-28T06:05:11.680+0000] {processor.py:175} INFO - Processing /home/airflow/.local/lib/python3.7/site-packages/airflow/example_dags/example_complex.py took 0.071 seconds
[2023-04-28T06:05:42.188+0000] {processor.py:153} INFO - Started process (PID=15292) to work on /home/airflow/.local/lib/python3.7/site-packages/airflow/example_dags/example_complex.py
[2023-04-28T06:05:42.190+0000] {processor.py:743} INFO - Processing file /home/airflow/.local/lib/python3.7/site-packages/airflow/example_dags/example_complex.py for tasks to queue
[2023-04-28T06:05:42.191+0000] {logging_mixin.py:137} INFO - [2023-04-28T06:05:42.191+0000] {dagbag.py:538} INFO - Filling up the DagBag from /home/airflow/.local/lib/python3.7/site-packages/airflow/example_dags/example_complex.py
[2023-04-28T06:05:42.199+0000] {logging_mixin.py:137} INFO - [2023-04-28T06:05:42.199+0000] {taskmixin.py:205} WARNING - Dependency <Task(BashOperator): create_entry_group>, delete_entry_group already registered for DAG: example_complex
[2023-04-28T06:05:42.199+0000] {logging_mixin.py:137} INFO - [2023-04-28T06:05:42.199+0000] {taskmixin.py:205} WARNING - Dependency <Task(BashOperator): delete_entry_group>, create_entry_group already registered for DAG: example_complex
[2023-04-28T06:05:42.200+0000] {logging_mixin.py:137} INFO - [2023-04-28T06:05:42.199+0000] {taskmixin.py:205} WARNING - Dependency <Task(BashOperator): create_entry_gcs>, delete_entry already registered for DAG: example_complex
[2023-04-28T06:05:42.200+0000] {logging_mixin.py:137} INFO - [2023-04-28T06:05:42.200+0000] {taskmixin.py:205} WARNING - Dependency <Task(BashOperator): delete_entry>, create_entry_gcs already registered for DAG: example_complex
[2023-04-28T06:05:42.200+0000] {logging_mixin.py:137} INFO - [2023-04-28T06:05:42.200+0000] {taskmixin.py:205} WARNING - Dependency <Task(BashOperator): create_tag>, delete_tag already registered for DAG: example_complex
[2023-04-28T06:05:42.201+0000] {logging_mixin.py:137} INFO - [2023-04-28T06:05:42.201+0000] {taskmixin.py:205} WARNING - Dependency <Task(BashOperator): delete_tag>, create_tag already registered for DAG: example_complex
[2023-04-28T06:05:42.206+0000] {processor.py:753} INFO - DAG(s) dict_keys(['example_complex']) retrieved from /home/airflow/.local/lib/python3.7/site-packages/airflow/example_dags/example_complex.py
[2023-04-28T06:05:42.228+0000] {logging_mixin.py:137} INFO - [2023-04-28T06:05:42.228+0000] {dag.py:2690} INFO - Sync 1 DAGs
[2023-04-28T06:05:42.244+0000] {logging_mixin.py:137} INFO - [2023-04-28T06:05:42.243+0000] {dag.py:3441} INFO - Setting next_dagrun for example_complex to None, run_after=None
[2023-04-28T06:05:42.255+0000] {processor.py:175} INFO - Processing /home/airflow/.local/lib/python3.7/site-packages/airflow/example_dags/example_complex.py took 0.069 seconds
[2023-04-28T06:06:12.467+0000] {processor.py:153} INFO - Started process (PID=15372) to work on /home/airflow/.local/lib/python3.7/site-packages/airflow/example_dags/example_complex.py
[2023-04-28T06:06:12.469+0000] {processor.py:743} INFO - Processing file /home/airflow/.local/lib/python3.7/site-packages/airflow/example_dags/example_complex.py for tasks to queue
[2023-04-28T06:06:12.469+0000] {logging_mixin.py:137} INFO - [2023-04-28T06:06:12.469+0000] {dagbag.py:538} INFO - Filling up the DagBag from /home/airflow/.local/lib/python3.7/site-packages/airflow/example_dags/example_complex.py
[2023-04-28T06:06:12.478+0000] {logging_mixin.py:137} INFO - [2023-04-28T06:06:12.477+0000] {taskmixin.py:205} WARNING - Dependency <Task(BashOperator): create_entry_group>, delete_entry_group already registered for DAG: example_complex
[2023-04-28T06:06:12.478+0000] {logging_mixin.py:137} INFO - [2023-04-28T06:06:12.478+0000] {taskmixin.py:205} WARNING - Dependency <Task(BashOperator): delete_entry_group>, create_entry_group already registered for DAG: example_complex
[2023-04-28T06:06:12.479+0000] {logging_mixin.py:137} INFO - [2023-04-28T06:06:12.479+0000] {taskmixin.py:205} WARNING - Dependency <Task(BashOperator): create_entry_gcs>, delete_entry already registered for DAG: example_complex
[2023-04-28T06:06:12.479+0000] {logging_mixin.py:137} INFO - [2023-04-28T06:06:12.479+0000] {taskmixin.py:205} WARNING - Dependency <Task(BashOperator): delete_entry>, create_entry_gcs already registered for DAG: example_complex
[2023-04-28T06:06:12.479+0000] {logging_mixin.py:137} INFO - [2023-04-28T06:06:12.479+0000] {taskmixin.py:205} WARNING - Dependency <Task(BashOperator): create_tag>, delete_tag already registered for DAG: example_complex
[2023-04-28T06:06:12.480+0000] {logging_mixin.py:137} INFO - [2023-04-28T06:06:12.480+0000] {taskmixin.py:205} WARNING - Dependency <Task(BashOperator): delete_tag>, create_tag already registered for DAG: example_complex
[2023-04-28T06:06:12.485+0000] {processor.py:753} INFO - DAG(s) dict_keys(['example_complex']) retrieved from /home/airflow/.local/lib/python3.7/site-packages/airflow/example_dags/example_complex.py
[2023-04-28T06:06:12.508+0000] {logging_mixin.py:137} INFO - [2023-04-28T06:06:12.508+0000] {dag.py:2690} INFO - Sync 1 DAGs
[2023-04-28T06:06:12.524+0000] {logging_mixin.py:137} INFO - [2023-04-28T06:06:12.523+0000] {dag.py:3441} INFO - Setting next_dagrun for example_complex to None, run_after=None
[2023-04-28T06:06:12.535+0000] {processor.py:175} INFO - Processing /home/airflow/.local/lib/python3.7/site-packages/airflow/example_dags/example_complex.py took 0.070 seconds
[2023-04-28T06:06:43.090+0000] {processor.py:153} INFO - Started process (PID=15449) to work on /home/airflow/.local/lib/python3.7/site-packages/airflow/example_dags/example_complex.py
[2023-04-28T06:06:43.092+0000] {processor.py:743} INFO - Processing file /home/airflow/.local/lib/python3.7/site-packages/airflow/example_dags/example_complex.py for tasks to queue
[2023-04-28T06:06:43.094+0000] {logging_mixin.py:137} INFO - [2023-04-28T06:06:43.094+0000] {dagbag.py:538} INFO - Filling up the DagBag from /home/airflow/.local/lib/python3.7/site-packages/airflow/example_dags/example_complex.py
[2023-04-28T06:06:43.124+0000] {logging_mixin.py:137} INFO - [2023-04-28T06:06:43.124+0000] {taskmixin.py:205} WARNING - Dependency <Task(BashOperator): create_entry_group>, delete_entry_group already registered for DAG: example_complex
[2023-04-28T06:06:43.125+0000] {logging_mixin.py:137} INFO - [2023-04-28T06:06:43.125+0000] {taskmixin.py:205} WARNING - Dependency <Task(BashOperator): delete_entry_group>, create_entry_group already registered for DAG: example_complex
[2023-04-28T06:06:43.126+0000] {logging_mixin.py:137} INFO - [2023-04-28T06:06:43.126+0000] {taskmixin.py:205} WARNING - Dependency <Task(BashOperator): create_entry_gcs>, delete_entry already registered for DAG: example_complex
[2023-04-28T06:06:43.127+0000] {logging_mixin.py:137} INFO - [2023-04-28T06:06:43.127+0000] {taskmixin.py:205} WARNING - Dependency <Task(BashOperator): delete_entry>, create_entry_gcs already registered for DAG: example_complex
[2023-04-28T06:06:43.128+0000] {logging_mixin.py:137} INFO - [2023-04-28T06:06:43.128+0000] {taskmixin.py:205} WARNING - Dependency <Task(BashOperator): create_tag>, delete_tag already registered for DAG: example_complex
[2023-04-28T06:06:43.128+0000] {logging_mixin.py:137} INFO - [2023-04-28T06:06:43.128+0000] {taskmixin.py:205} WARNING - Dependency <Task(BashOperator): delete_tag>, create_tag already registered for DAG: example_complex
[2023-04-28T06:06:43.137+0000] {processor.py:753} INFO - DAG(s) dict_keys(['example_complex']) retrieved from /home/airflow/.local/lib/python3.7/site-packages/airflow/example_dags/example_complex.py
[2023-04-28T06:06:43.170+0000] {logging_mixin.py:137} INFO - [2023-04-28T06:06:43.170+0000] {dag.py:2690} INFO - Sync 1 DAGs
[2023-04-28T06:06:43.194+0000] {logging_mixin.py:137} INFO - [2023-04-28T06:06:43.193+0000] {dag.py:3441} INFO - Setting next_dagrun for example_complex to None, run_after=None
[2023-04-28T06:06:43.209+0000] {processor.py:175} INFO - Processing /home/airflow/.local/lib/python3.7/site-packages/airflow/example_dags/example_complex.py took 0.123 seconds
[2023-04-28T06:07:13.543+0000] {processor.py:153} INFO - Started process (PID=15516) to work on /home/airflow/.local/lib/python3.7/site-packages/airflow/example_dags/example_complex.py
[2023-04-28T06:07:13.544+0000] {processor.py:743} INFO - Processing file /home/airflow/.local/lib/python3.7/site-packages/airflow/example_dags/example_complex.py for tasks to queue
[2023-04-28T06:07:13.545+0000] {logging_mixin.py:137} INFO - [2023-04-28T06:07:13.545+0000] {dagbag.py:538} INFO - Filling up the DagBag from /home/airflow/.local/lib/python3.7/site-packages/airflow/example_dags/example_complex.py
[2023-04-28T06:07:13.553+0000] {logging_mixin.py:137} INFO - [2023-04-28T06:07:13.553+0000] {taskmixin.py:205} WARNING - Dependency <Task(BashOperator): create_entry_group>, delete_entry_group already registered for DAG: example_complex
[2023-04-28T06:07:13.554+0000] {logging_mixin.py:137} INFO - [2023-04-28T06:07:13.554+0000] {taskmixin.py:205} WARNING - Dependency <Task(BashOperator): delete_entry_group>, create_entry_group already registered for DAG: example_complex
[2023-04-28T06:07:13.554+0000] {logging_mixin.py:137} INFO - [2023-04-28T06:07:13.554+0000] {taskmixin.py:205} WARNING - Dependency <Task(BashOperator): create_entry_gcs>, delete_entry already registered for DAG: example_complex
[2023-04-28T06:07:13.555+0000] {logging_mixin.py:137} INFO - [2023-04-28T06:07:13.555+0000] {taskmixin.py:205} WARNING - Dependency <Task(BashOperator): delete_entry>, create_entry_gcs already registered for DAG: example_complex
[2023-04-28T06:07:13.555+0000] {logging_mixin.py:137} INFO - [2023-04-28T06:07:13.555+0000] {taskmixin.py:205} WARNING - Dependency <Task(BashOperator): create_tag>, delete_tag already registered for DAG: example_complex
[2023-04-28T06:07:13.556+0000] {logging_mixin.py:137} INFO - [2023-04-28T06:07:13.556+0000] {taskmixin.py:205} WARNING - Dependency <Task(BashOperator): delete_tag>, create_tag already registered for DAG: example_complex
[2023-04-28T06:07:13.562+0000] {processor.py:753} INFO - DAG(s) dict_keys(['example_complex']) retrieved from /home/airflow/.local/lib/python3.7/site-packages/airflow/example_dags/example_complex.py
[2023-04-28T06:07:13.584+0000] {logging_mixin.py:137} INFO - [2023-04-28T06:07:13.584+0000] {dag.py:2690} INFO - Sync 1 DAGs
[2023-04-28T06:07:13.599+0000] {logging_mixin.py:137} INFO - [2023-04-28T06:07:13.599+0000] {dag.py:3441} INFO - Setting next_dagrun for example_complex to None, run_after=None
[2023-04-28T06:07:13.610+0000] {processor.py:175} INFO - Processing /home/airflow/.local/lib/python3.7/site-packages/airflow/example_dags/example_complex.py took 0.070 seconds
[2023-04-28T06:07:43.977+0000] {processor.py:153} INFO - Started process (PID=15594) to work on /home/airflow/.local/lib/python3.7/site-packages/airflow/example_dags/example_complex.py
[2023-04-28T06:07:43.978+0000] {processor.py:743} INFO - Processing file /home/airflow/.local/lib/python3.7/site-packages/airflow/example_dags/example_complex.py for tasks to queue
[2023-04-28T06:07:43.979+0000] {logging_mixin.py:137} INFO - [2023-04-28T06:07:43.979+0000] {dagbag.py:538} INFO - Filling up the DagBag from /home/airflow/.local/lib/python3.7/site-packages/airflow/example_dags/example_complex.py
[2023-04-28T06:07:43.987+0000] {logging_mixin.py:137} INFO - [2023-04-28T06:07:43.987+0000] {taskmixin.py:205} WARNING - Dependency <Task(BashOperator): create_entry_group>, delete_entry_group already registered for DAG: example_complex
[2023-04-28T06:07:43.988+0000] {logging_mixin.py:137} INFO - [2023-04-28T06:07:43.988+0000] {taskmixin.py:205} WARNING - Dependency <Task(BashOperator): delete_entry_group>, create_entry_group already registered for DAG: example_complex
[2023-04-28T06:07:43.988+0000] {logging_mixin.py:137} INFO - [2023-04-28T06:07:43.988+0000] {taskmixin.py:205} WARNING - Dependency <Task(BashOperator): create_entry_gcs>, delete_entry already registered for DAG: example_complex
[2023-04-28T06:07:43.988+0000] {logging_mixin.py:137} INFO - [2023-04-28T06:07:43.988+0000] {taskmixin.py:205} WARNING - Dependency <Task(BashOperator): delete_entry>, create_entry_gcs already registered for DAG: example_complex
[2023-04-28T06:07:43.989+0000] {logging_mixin.py:137} INFO - [2023-04-28T06:07:43.989+0000] {taskmixin.py:205} WARNING - Dependency <Task(BashOperator): create_tag>, delete_tag already registered for DAG: example_complex
[2023-04-28T06:07:43.989+0000] {logging_mixin.py:137} INFO - [2023-04-28T06:07:43.989+0000] {taskmixin.py:205} WARNING - Dependency <Task(BashOperator): delete_tag>, create_tag already registered for DAG: example_complex
[2023-04-28T06:07:43.995+0000] {processor.py:753} INFO - DAG(s) dict_keys(['example_complex']) retrieved from /home/airflow/.local/lib/python3.7/site-packages/airflow/example_dags/example_complex.py
[2023-04-28T06:07:44.018+0000] {logging_mixin.py:137} INFO - [2023-04-28T06:07:44.018+0000] {dag.py:2690} INFO - Sync 1 DAGs
[2023-04-28T06:07:44.033+0000] {logging_mixin.py:137} INFO - [2023-04-28T06:07:44.033+0000] {dag.py:3441} INFO - Setting next_dagrun for example_complex to None, run_after=None
[2023-04-28T06:07:44.045+0000] {processor.py:175} INFO - Processing /home/airflow/.local/lib/python3.7/site-packages/airflow/example_dags/example_complex.py took 0.071 seconds
[2023-04-28T06:08:14.468+0000] {processor.py:153} INFO - Started process (PID=15672) to work on /home/airflow/.local/lib/python3.7/site-packages/airflow/example_dags/example_complex.py
[2023-04-28T06:08:14.471+0000] {processor.py:743} INFO - Processing file /home/airflow/.local/lib/python3.7/site-packages/airflow/example_dags/example_complex.py for tasks to queue
[2023-04-28T06:08:14.472+0000] {logging_mixin.py:137} INFO - [2023-04-28T06:08:14.472+0000] {dagbag.py:538} INFO - Filling up the DagBag from /home/airflow/.local/lib/python3.7/site-packages/airflow/example_dags/example_complex.py
[2023-04-28T06:08:14.481+0000] {logging_mixin.py:137} INFO - [2023-04-28T06:08:14.481+0000] {taskmixin.py:205} WARNING - Dependency <Task(BashOperator): create_entry_group>, delete_entry_group already registered for DAG: example_complex
[2023-04-28T06:08:14.482+0000] {logging_mixin.py:137} INFO - [2023-04-28T06:08:14.481+0000] {taskmixin.py:205} WARNING - Dependency <Task(BashOperator): delete_entry_group>, create_entry_group already registered for DAG: example_complex
[2023-04-28T06:08:14.482+0000] {logging_mixin.py:137} INFO - [2023-04-28T06:08:14.482+0000] {taskmixin.py:205} WARNING - Dependency <Task(BashOperator): create_entry_gcs>, delete_entry already registered for DAG: example_complex
[2023-04-28T06:08:14.483+0000] {logging_mixin.py:137} INFO - [2023-04-28T06:08:14.483+0000] {taskmixin.py:205} WARNING - Dependency <Task(BashOperator): delete_entry>, create_entry_gcs already registered for DAG: example_complex
[2023-04-28T06:08:14.483+0000] {logging_mixin.py:137} INFO - [2023-04-28T06:08:14.483+0000] {taskmixin.py:205} WARNING - Dependency <Task(BashOperator): create_tag>, delete_tag already registered for DAG: example_complex
[2023-04-28T06:08:14.483+0000] {logging_mixin.py:137} INFO - [2023-04-28T06:08:14.483+0000] {taskmixin.py:205} WARNING - Dependency <Task(BashOperator): delete_tag>, create_tag already registered for DAG: example_complex
[2023-04-28T06:08:14.489+0000] {processor.py:753} INFO - DAG(s) dict_keys(['example_complex']) retrieved from /home/airflow/.local/lib/python3.7/site-packages/airflow/example_dags/example_complex.py
[2023-04-28T06:08:14.512+0000] {logging_mixin.py:137} INFO - [2023-04-28T06:08:14.512+0000] {dag.py:2690} INFO - Sync 1 DAGs
[2023-04-28T06:08:14.528+0000] {logging_mixin.py:137} INFO - [2023-04-28T06:08:14.528+0000] {dag.py:3441} INFO - Setting next_dagrun for example_complex to None, run_after=None
[2023-04-28T06:08:14.541+0000] {processor.py:175} INFO - Processing /home/airflow/.local/lib/python3.7/site-packages/airflow/example_dags/example_complex.py took 0.077 seconds
[2023-04-28T06:08:45.037+0000] {processor.py:153} INFO - Started process (PID=15738) to work on /home/airflow/.local/lib/python3.7/site-packages/airflow/example_dags/example_complex.py
[2023-04-28T06:08:45.038+0000] {processor.py:743} INFO - Processing file /home/airflow/.local/lib/python3.7/site-packages/airflow/example_dags/example_complex.py for tasks to queue
[2023-04-28T06:08:45.039+0000] {logging_mixin.py:137} INFO - [2023-04-28T06:08:45.039+0000] {dagbag.py:538} INFO - Filling up the DagBag from /home/airflow/.local/lib/python3.7/site-packages/airflow/example_dags/example_complex.py
[2023-04-28T06:08:45.048+0000] {logging_mixin.py:137} INFO - [2023-04-28T06:08:45.048+0000] {taskmixin.py:205} WARNING - Dependency <Task(BashOperator): create_entry_group>, delete_entry_group already registered for DAG: example_complex
[2023-04-28T06:08:45.049+0000] {logging_mixin.py:137} INFO - [2023-04-28T06:08:45.049+0000] {taskmixin.py:205} WARNING - Dependency <Task(BashOperator): delete_entry_group>, create_entry_group already registered for DAG: example_complex
[2023-04-28T06:08:45.049+0000] {logging_mixin.py:137} INFO - [2023-04-28T06:08:45.049+0000] {taskmixin.py:205} WARNING - Dependency <Task(BashOperator): create_entry_gcs>, delete_entry already registered for DAG: example_complex
[2023-04-28T06:08:45.049+0000] {logging_mixin.py:137} INFO - [2023-04-28T06:08:45.049+0000] {taskmixin.py:205} WARNING - Dependency <Task(BashOperator): delete_entry>, create_entry_gcs already registered for DAG: example_complex
[2023-04-28T06:08:45.050+0000] {logging_mixin.py:137} INFO - [2023-04-28T06:08:45.050+0000] {taskmixin.py:205} WARNING - Dependency <Task(BashOperator): create_tag>, delete_tag already registered for DAG: example_complex
[2023-04-28T06:08:45.050+0000] {logging_mixin.py:137} INFO - [2023-04-28T06:08:45.050+0000] {taskmixin.py:205} WARNING - Dependency <Task(BashOperator): delete_tag>, create_tag already registered for DAG: example_complex
[2023-04-28T06:08:45.056+0000] {processor.py:753} INFO - DAG(s) dict_keys(['example_complex']) retrieved from /home/airflow/.local/lib/python3.7/site-packages/airflow/example_dags/example_complex.py
[2023-04-28T06:08:45.079+0000] {logging_mixin.py:137} INFO - [2023-04-28T06:08:45.078+0000] {dag.py:2690} INFO - Sync 1 DAGs
[2023-04-28T06:08:45.094+0000] {logging_mixin.py:137} INFO - [2023-04-28T06:08:45.094+0000] {dag.py:3441} INFO - Setting next_dagrun for example_complex to None, run_after=None
[2023-04-28T06:08:45.105+0000] {processor.py:175} INFO - Processing /home/airflow/.local/lib/python3.7/site-packages/airflow/example_dags/example_complex.py took 0.071 seconds
[2023-04-28T06:09:15.433+0000] {processor.py:153} INFO - Started process (PID=15816) to work on /home/airflow/.local/lib/python3.7/site-packages/airflow/example_dags/example_complex.py
[2023-04-28T06:09:15.435+0000] {processor.py:743} INFO - Processing file /home/airflow/.local/lib/python3.7/site-packages/airflow/example_dags/example_complex.py for tasks to queue
[2023-04-28T06:09:15.436+0000] {logging_mixin.py:137} INFO - [2023-04-28T06:09:15.436+0000] {dagbag.py:538} INFO - Filling up the DagBag from /home/airflow/.local/lib/python3.7/site-packages/airflow/example_dags/example_complex.py
[2023-04-28T06:09:15.444+0000] {logging_mixin.py:137} INFO - [2023-04-28T06:09:15.444+0000] {taskmixin.py:205} WARNING - Dependency <Task(BashOperator): create_entry_group>, delete_entry_group already registered for DAG: example_complex
[2023-04-28T06:09:15.445+0000] {logging_mixin.py:137} INFO - [2023-04-28T06:09:15.445+0000] {taskmixin.py:205} WARNING - Dependency <Task(BashOperator): delete_entry_group>, create_entry_group already registered for DAG: example_complex
[2023-04-28T06:09:15.446+0000] {logging_mixin.py:137} INFO - [2023-04-28T06:09:15.446+0000] {taskmixin.py:205} WARNING - Dependency <Task(BashOperator): create_entry_gcs>, delete_entry already registered for DAG: example_complex
[2023-04-28T06:09:15.446+0000] {logging_mixin.py:137} INFO - [2023-04-28T06:09:15.446+0000] {taskmixin.py:205} WARNING - Dependency <Task(BashOperator): delete_entry>, create_entry_gcs already registered for DAG: example_complex
[2023-04-28T06:09:15.447+0000] {logging_mixin.py:137} INFO - [2023-04-28T06:09:15.447+0000] {taskmixin.py:205} WARNING - Dependency <Task(BashOperator): create_tag>, delete_tag already registered for DAG: example_complex
[2023-04-28T06:09:15.447+0000] {logging_mixin.py:137} INFO - [2023-04-28T06:09:15.447+0000] {taskmixin.py:205} WARNING - Dependency <Task(BashOperator): delete_tag>, create_tag already registered for DAG: example_complex
[2023-04-28T06:09:15.452+0000] {processor.py:753} INFO - DAG(s) dict_keys(['example_complex']) retrieved from /home/airflow/.local/lib/python3.7/site-packages/airflow/example_dags/example_complex.py
[2023-04-28T06:09:15.478+0000] {logging_mixin.py:137} INFO - [2023-04-28T06:09:15.478+0000] {dag.py:2690} INFO - Sync 1 DAGs
[2023-04-28T06:09:15.494+0000] {logging_mixin.py:137} INFO - [2023-04-28T06:09:15.493+0000] {dag.py:3441} INFO - Setting next_dagrun for example_complex to None, run_after=None
[2023-04-28T06:09:15.507+0000] {processor.py:175} INFO - Processing /home/airflow/.local/lib/python3.7/site-packages/airflow/example_dags/example_complex.py took 0.077 seconds
[2023-04-28T06:09:46.400+0000] {processor.py:153} INFO - Started process (PID=15895) to work on /home/airflow/.local/lib/python3.7/site-packages/airflow/example_dags/example_complex.py
[2023-04-28T06:09:46.401+0000] {processor.py:743} INFO - Processing file /home/airflow/.local/lib/python3.7/site-packages/airflow/example_dags/example_complex.py for tasks to queue
[2023-04-28T06:09:46.402+0000] {logging_mixin.py:137} INFO - [2023-04-28T06:09:46.402+0000] {dagbag.py:538} INFO - Filling up the DagBag from /home/airflow/.local/lib/python3.7/site-packages/airflow/example_dags/example_complex.py
[2023-04-28T06:09:46.412+0000] {logging_mixin.py:137} INFO - [2023-04-28T06:09:46.412+0000] {taskmixin.py:205} WARNING - Dependency <Task(BashOperator): create_entry_group>, delete_entry_group already registered for DAG: example_complex
[2023-04-28T06:09:46.413+0000] {logging_mixin.py:137} INFO - [2023-04-28T06:09:46.413+0000] {taskmixin.py:205} WARNING - Dependency <Task(BashOperator): delete_entry_group>, create_entry_group already registered for DAG: example_complex
[2023-04-28T06:09:46.414+0000] {logging_mixin.py:137} INFO - [2023-04-28T06:09:46.414+0000] {taskmixin.py:205} WARNING - Dependency <Task(BashOperator): create_entry_gcs>, delete_entry already registered for DAG: example_complex
[2023-04-28T06:09:46.414+0000] {logging_mixin.py:137} INFO - [2023-04-28T06:09:46.414+0000] {taskmixin.py:205} WARNING - Dependency <Task(BashOperator): delete_entry>, create_entry_gcs already registered for DAG: example_complex
[2023-04-28T06:09:46.415+0000] {logging_mixin.py:137} INFO - [2023-04-28T06:09:46.415+0000] {taskmixin.py:205} WARNING - Dependency <Task(BashOperator): create_tag>, delete_tag already registered for DAG: example_complex
[2023-04-28T06:09:46.415+0000] {logging_mixin.py:137} INFO - [2023-04-28T06:09:46.415+0000] {taskmixin.py:205} WARNING - Dependency <Task(BashOperator): delete_tag>, create_tag already registered for DAG: example_complex
[2023-04-28T06:09:46.422+0000] {processor.py:753} INFO - DAG(s) dict_keys(['example_complex']) retrieved from /home/airflow/.local/lib/python3.7/site-packages/airflow/example_dags/example_complex.py
[2023-04-28T06:09:46.455+0000] {logging_mixin.py:137} INFO - [2023-04-28T06:09:46.455+0000] {dag.py:2690} INFO - Sync 1 DAGs
[2023-04-28T06:09:46.475+0000] {logging_mixin.py:137} INFO - [2023-04-28T06:09:46.475+0000] {dag.py:3441} INFO - Setting next_dagrun for example_complex to None, run_after=None
[2023-04-28T06:09:46.489+0000] {processor.py:175} INFO - Processing /home/airflow/.local/lib/python3.7/site-packages/airflow/example_dags/example_complex.py took 0.093 seconds
[2023-04-28T06:10:16.748+0000] {processor.py:153} INFO - Started process (PID=15960) to work on /home/airflow/.local/lib/python3.7/site-packages/airflow/example_dags/example_complex.py
[2023-04-28T06:10:16.749+0000] {processor.py:743} INFO - Processing file /home/airflow/.local/lib/python3.7/site-packages/airflow/example_dags/example_complex.py for tasks to queue
[2023-04-28T06:10:16.750+0000] {logging_mixin.py:137} INFO - [2023-04-28T06:10:16.750+0000] {dagbag.py:538} INFO - Filling up the DagBag from /home/airflow/.local/lib/python3.7/site-packages/airflow/example_dags/example_complex.py
[2023-04-28T06:10:16.758+0000] {logging_mixin.py:137} INFO - [2023-04-28T06:10:16.758+0000] {taskmixin.py:205} WARNING - Dependency <Task(BashOperator): create_entry_group>, delete_entry_group already registered for DAG: example_complex
[2023-04-28T06:10:16.759+0000] {logging_mixin.py:137} INFO - [2023-04-28T06:10:16.759+0000] {taskmixin.py:205} WARNING - Dependency <Task(BashOperator): delete_entry_group>, create_entry_group already registered for DAG: example_complex
[2023-04-28T06:10:16.759+0000] {logging_mixin.py:137} INFO - [2023-04-28T06:10:16.759+0000] {taskmixin.py:205} WARNING - Dependency <Task(BashOperator): create_entry_gcs>, delete_entry already registered for DAG: example_complex
[2023-04-28T06:10:16.760+0000] {logging_mixin.py:137} INFO - [2023-04-28T06:10:16.760+0000] {taskmixin.py:205} WARNING - Dependency <Task(BashOperator): delete_entry>, create_entry_gcs already registered for DAG: example_complex
[2023-04-28T06:10:16.760+0000] {logging_mixin.py:137} INFO - [2023-04-28T06:10:16.760+0000] {taskmixin.py:205} WARNING - Dependency <Task(BashOperator): create_tag>, delete_tag already registered for DAG: example_complex
[2023-04-28T06:10:16.761+0000] {logging_mixin.py:137} INFO - [2023-04-28T06:10:16.761+0000] {taskmixin.py:205} WARNING - Dependency <Task(BashOperator): delete_tag>, create_tag already registered for DAG: example_complex
[2023-04-28T06:10:16.767+0000] {processor.py:753} INFO - DAG(s) dict_keys(['example_complex']) retrieved from /home/airflow/.local/lib/python3.7/site-packages/airflow/example_dags/example_complex.py
[2023-04-28T06:10:16.790+0000] {logging_mixin.py:137} INFO - [2023-04-28T06:10:16.790+0000] {dag.py:2690} INFO - Sync 1 DAGs
[2023-04-28T06:10:16.805+0000] {logging_mixin.py:137} INFO - [2023-04-28T06:10:16.805+0000] {dag.py:3441} INFO - Setting next_dagrun for example_complex to None, run_after=None
[2023-04-28T06:10:16.816+0000] {processor.py:175} INFO - Processing /home/airflow/.local/lib/python3.7/site-packages/airflow/example_dags/example_complex.py took 0.071 seconds
[2023-04-28T06:10:47.127+0000] {processor.py:153} INFO - Started process (PID=16038) to work on /home/airflow/.local/lib/python3.7/site-packages/airflow/example_dags/example_complex.py
[2023-04-28T06:10:47.129+0000] {processor.py:743} INFO - Processing file /home/airflow/.local/lib/python3.7/site-packages/airflow/example_dags/example_complex.py for tasks to queue
[2023-04-28T06:10:47.130+0000] {logging_mixin.py:137} INFO - [2023-04-28T06:10:47.130+0000] {dagbag.py:538} INFO - Filling up the DagBag from /home/airflow/.local/lib/python3.7/site-packages/airflow/example_dags/example_complex.py
[2023-04-28T06:10:47.138+0000] {logging_mixin.py:137} INFO - [2023-04-28T06:10:47.138+0000] {taskmixin.py:205} WARNING - Dependency <Task(BashOperator): create_entry_group>, delete_entry_group already registered for DAG: example_complex
[2023-04-28T06:10:47.139+0000] {logging_mixin.py:137} INFO - [2023-04-28T06:10:47.139+0000] {taskmixin.py:205} WARNING - Dependency <Task(BashOperator): delete_entry_group>, create_entry_group already registered for DAG: example_complex
[2023-04-28T06:10:47.139+0000] {logging_mixin.py:137} INFO - [2023-04-28T06:10:47.139+0000] {taskmixin.py:205} WARNING - Dependency <Task(BashOperator): create_entry_gcs>, delete_entry already registered for DAG: example_complex
[2023-04-28T06:10:47.140+0000] {logging_mixin.py:137} INFO - [2023-04-28T06:10:47.140+0000] {taskmixin.py:205} WARNING - Dependency <Task(BashOperator): delete_entry>, create_entry_gcs already registered for DAG: example_complex
[2023-04-28T06:10:47.140+0000] {logging_mixin.py:137} INFO - [2023-04-28T06:10:47.140+0000] {taskmixin.py:205} WARNING - Dependency <Task(BashOperator): create_tag>, delete_tag already registered for DAG: example_complex
[2023-04-28T06:10:47.141+0000] {logging_mixin.py:137} INFO - [2023-04-28T06:10:47.141+0000] {taskmixin.py:205} WARNING - Dependency <Task(BashOperator): delete_tag>, create_tag already registered for DAG: example_complex
[2023-04-28T06:10:47.146+0000] {processor.py:753} INFO - DAG(s) dict_keys(['example_complex']) retrieved from /home/airflow/.local/lib/python3.7/site-packages/airflow/example_dags/example_complex.py
[2023-04-28T06:10:47.169+0000] {logging_mixin.py:137} INFO - [2023-04-28T06:10:47.169+0000] {dag.py:2690} INFO - Sync 1 DAGs
[2023-04-28T06:10:47.184+0000] {logging_mixin.py:137} INFO - [2023-04-28T06:10:47.184+0000] {dag.py:3441} INFO - Setting next_dagrun for example_complex to None, run_after=None
[2023-04-28T06:10:47.195+0000] {processor.py:175} INFO - Processing /home/airflow/.local/lib/python3.7/site-packages/airflow/example_dags/example_complex.py took 0.071 seconds
[2023-04-28T06:11:17.758+0000] {processor.py:153} INFO - Started process (PID=16116) to work on /home/airflow/.local/lib/python3.7/site-packages/airflow/example_dags/example_complex.py
[2023-04-28T06:11:17.759+0000] {processor.py:743} INFO - Processing file /home/airflow/.local/lib/python3.7/site-packages/airflow/example_dags/example_complex.py for tasks to queue
[2023-04-28T06:11:17.760+0000] {logging_mixin.py:137} INFO - [2023-04-28T06:11:17.760+0000] {dagbag.py:538} INFO - Filling up the DagBag from /home/airflow/.local/lib/python3.7/site-packages/airflow/example_dags/example_complex.py
[2023-04-28T06:11:17.769+0000] {logging_mixin.py:137} INFO - [2023-04-28T06:11:17.769+0000] {taskmixin.py:205} WARNING - Dependency <Task(BashOperator): create_entry_group>, delete_entry_group already registered for DAG: example_complex
[2023-04-28T06:11:17.769+0000] {logging_mixin.py:137} INFO - [2023-04-28T06:11:17.769+0000] {taskmixin.py:205} WARNING - Dependency <Task(BashOperator): delete_entry_group>, create_entry_group already registered for DAG: example_complex
[2023-04-28T06:11:17.770+0000] {logging_mixin.py:137} INFO - [2023-04-28T06:11:17.770+0000] {taskmixin.py:205} WARNING - Dependency <Task(BashOperator): create_entry_gcs>, delete_entry already registered for DAG: example_complex
[2023-04-28T06:11:17.770+0000] {logging_mixin.py:137} INFO - [2023-04-28T06:11:17.770+0000] {taskmixin.py:205} WARNING - Dependency <Task(BashOperator): delete_entry>, create_entry_gcs already registered for DAG: example_complex
[2023-04-28T06:11:17.771+0000] {logging_mixin.py:137} INFO - [2023-04-28T06:11:17.771+0000] {taskmixin.py:205} WARNING - Dependency <Task(BashOperator): create_tag>, delete_tag already registered for DAG: example_complex
[2023-04-28T06:11:17.772+0000] {logging_mixin.py:137} INFO - [2023-04-28T06:11:17.771+0000] {taskmixin.py:205} WARNING - Dependency <Task(BashOperator): delete_tag>, create_tag already registered for DAG: example_complex
[2023-04-28T06:11:17.777+0000] {processor.py:753} INFO - DAG(s) dict_keys(['example_complex']) retrieved from /home/airflow/.local/lib/python3.7/site-packages/airflow/example_dags/example_complex.py
[2023-04-28T06:11:17.802+0000] {logging_mixin.py:137} INFO - [2023-04-28T06:11:17.801+0000] {dag.py:2690} INFO - Sync 1 DAGs
[2023-04-28T06:11:17.817+0000] {logging_mixin.py:137} INFO - [2023-04-28T06:11:17.817+0000] {dag.py:3441} INFO - Setting next_dagrun for example_complex to None, run_after=None
[2023-04-28T06:11:17.829+0000] {processor.py:175} INFO - Processing /home/airflow/.local/lib/python3.7/site-packages/airflow/example_dags/example_complex.py took 0.074 seconds
[2023-04-28T06:11:48.077+0000] {processor.py:153} INFO - Started process (PID=16182) to work on /home/airflow/.local/lib/python3.7/site-packages/airflow/example_dags/example_complex.py
[2023-04-28T06:11:48.078+0000] {processor.py:743} INFO - Processing file /home/airflow/.local/lib/python3.7/site-packages/airflow/example_dags/example_complex.py for tasks to queue
[2023-04-28T06:11:48.079+0000] {logging_mixin.py:137} INFO - [2023-04-28T06:11:48.079+0000] {dagbag.py:538} INFO - Filling up the DagBag from /home/airflow/.local/lib/python3.7/site-packages/airflow/example_dags/example_complex.py
[2023-04-28T06:11:48.087+0000] {logging_mixin.py:137} INFO - [2023-04-28T06:11:48.087+0000] {taskmixin.py:205} WARNING - Dependency <Task(BashOperator): create_entry_group>, delete_entry_group already registered for DAG: example_complex
[2023-04-28T06:11:48.088+0000] {logging_mixin.py:137} INFO - [2023-04-28T06:11:48.088+0000] {taskmixin.py:205} WARNING - Dependency <Task(BashOperator): delete_entry_group>, create_entry_group already registered for DAG: example_complex
[2023-04-28T06:11:48.088+0000] {logging_mixin.py:137} INFO - [2023-04-28T06:11:48.088+0000] {taskmixin.py:205} WARNING - Dependency <Task(BashOperator): create_entry_gcs>, delete_entry already registered for DAG: example_complex
[2023-04-28T06:11:48.088+0000] {logging_mixin.py:137} INFO - [2023-04-28T06:11:48.088+0000] {taskmixin.py:205} WARNING - Dependency <Task(BashOperator): delete_entry>, create_entry_gcs already registered for DAG: example_complex
[2023-04-28T06:11:48.089+0000] {logging_mixin.py:137} INFO - [2023-04-28T06:11:48.089+0000] {taskmixin.py:205} WARNING - Dependency <Task(BashOperator): create_tag>, delete_tag already registered for DAG: example_complex
[2023-04-28T06:11:48.089+0000] {logging_mixin.py:137} INFO - [2023-04-28T06:11:48.089+0000] {taskmixin.py:205} WARNING - Dependency <Task(BashOperator): delete_tag>, create_tag already registered for DAG: example_complex
[2023-04-28T06:11:48.095+0000] {processor.py:753} INFO - DAG(s) dict_keys(['example_complex']) retrieved from /home/airflow/.local/lib/python3.7/site-packages/airflow/example_dags/example_complex.py
[2023-04-28T06:11:48.118+0000] {logging_mixin.py:137} INFO - [2023-04-28T06:11:48.118+0000] {dag.py:2690} INFO - Sync 1 DAGs
[2023-04-28T06:11:48.134+0000] {logging_mixin.py:137} INFO - [2023-04-28T06:11:48.134+0000] {dag.py:3441} INFO - Setting next_dagrun for example_complex to None, run_after=None
[2023-04-28T06:11:48.145+0000] {processor.py:175} INFO - Processing /home/airflow/.local/lib/python3.7/site-packages/airflow/example_dags/example_complex.py took 0.071 seconds
[2023-04-28T06:12:18.804+0000] {processor.py:153} INFO - Started process (PID=16260) to work on /home/airflow/.local/lib/python3.7/site-packages/airflow/example_dags/example_complex.py
[2023-04-28T06:12:18.806+0000] {processor.py:743} INFO - Processing file /home/airflow/.local/lib/python3.7/site-packages/airflow/example_dags/example_complex.py for tasks to queue
[2023-04-28T06:12:18.807+0000] {logging_mixin.py:137} INFO - [2023-04-28T06:12:18.806+0000] {dagbag.py:538} INFO - Filling up the DagBag from /home/airflow/.local/lib/python3.7/site-packages/airflow/example_dags/example_complex.py
[2023-04-28T06:12:18.815+0000] {logging_mixin.py:137} INFO - [2023-04-28T06:12:18.815+0000] {taskmixin.py:205} WARNING - Dependency <Task(BashOperator): create_entry_group>, delete_entry_group already registered for DAG: example_complex
[2023-04-28T06:12:18.816+0000] {logging_mixin.py:137} INFO - [2023-04-28T06:12:18.816+0000] {taskmixin.py:205} WARNING - Dependency <Task(BashOperator): delete_entry_group>, create_entry_group already registered for DAG: example_complex
[2023-04-28T06:12:18.817+0000] {logging_mixin.py:137} INFO - [2023-04-28T06:12:18.817+0000] {taskmixin.py:205} WARNING - Dependency <Task(BashOperator): create_entry_gcs>, delete_entry already registered for DAG: example_complex
[2023-04-28T06:12:18.817+0000] {logging_mixin.py:137} INFO - [2023-04-28T06:12:18.817+0000] {taskmixin.py:205} WARNING - Dependency <Task(BashOperator): delete_entry>, create_entry_gcs already registered for DAG: example_complex
[2023-04-28T06:12:18.818+0000] {logging_mixin.py:137} INFO - [2023-04-28T06:12:18.818+0000] {taskmixin.py:205} WARNING - Dependency <Task(BashOperator): create_tag>, delete_tag already registered for DAG: example_complex
[2023-04-28T06:12:18.818+0000] {logging_mixin.py:137} INFO - [2023-04-28T06:12:18.818+0000] {taskmixin.py:205} WARNING - Dependency <Task(BashOperator): delete_tag>, create_tag already registered for DAG: example_complex
[2023-04-28T06:12:18.823+0000] {processor.py:753} INFO - DAG(s) dict_keys(['example_complex']) retrieved from /home/airflow/.local/lib/python3.7/site-packages/airflow/example_dags/example_complex.py
[2023-04-28T06:12:18.849+0000] {logging_mixin.py:137} INFO - [2023-04-28T06:12:18.849+0000] {dag.py:2690} INFO - Sync 1 DAGs
[2023-04-28T06:12:18.865+0000] {logging_mixin.py:137} INFO - [2023-04-28T06:12:18.865+0000] {dag.py:3441} INFO - Setting next_dagrun for example_complex to None, run_after=None
[2023-04-28T06:12:18.875+0000] {processor.py:175} INFO - Processing /home/airflow/.local/lib/python3.7/site-packages/airflow/example_dags/example_complex.py took 0.074 seconds
[2023-04-28T06:12:49.479+0000] {processor.py:153} INFO - Started process (PID=16337) to work on /home/airflow/.local/lib/python3.7/site-packages/airflow/example_dags/example_complex.py
[2023-04-28T06:12:49.480+0000] {processor.py:743} INFO - Processing file /home/airflow/.local/lib/python3.7/site-packages/airflow/example_dags/example_complex.py for tasks to queue
[2023-04-28T06:12:49.481+0000] {logging_mixin.py:137} INFO - [2023-04-28T06:12:49.481+0000] {dagbag.py:538} INFO - Filling up the DagBag from /home/airflow/.local/lib/python3.7/site-packages/airflow/example_dags/example_complex.py
[2023-04-28T06:12:49.490+0000] {logging_mixin.py:137} INFO - [2023-04-28T06:12:49.490+0000] {taskmixin.py:205} WARNING - Dependency <Task(BashOperator): create_entry_group>, delete_entry_group already registered for DAG: example_complex
[2023-04-28T06:12:49.490+0000] {logging_mixin.py:137} INFO - [2023-04-28T06:12:49.490+0000] {taskmixin.py:205} WARNING - Dependency <Task(BashOperator): delete_entry_group>, create_entry_group already registered for DAG: example_complex
[2023-04-28T06:12:49.491+0000] {logging_mixin.py:137} INFO - [2023-04-28T06:12:49.491+0000] {taskmixin.py:205} WARNING - Dependency <Task(BashOperator): create_entry_gcs>, delete_entry already registered for DAG: example_complex
[2023-04-28T06:12:49.491+0000] {logging_mixin.py:137} INFO - [2023-04-28T06:12:49.491+0000] {taskmixin.py:205} WARNING - Dependency <Task(BashOperator): delete_entry>, create_entry_gcs already registered for DAG: example_complex
[2023-04-28T06:12:49.492+0000] {logging_mixin.py:137} INFO - [2023-04-28T06:12:49.492+0000] {taskmixin.py:205} WARNING - Dependency <Task(BashOperator): create_tag>, delete_tag already registered for DAG: example_complex
[2023-04-28T06:12:49.492+0000] {logging_mixin.py:137} INFO - [2023-04-28T06:12:49.492+0000] {taskmixin.py:205} WARNING - Dependency <Task(BashOperator): delete_tag>, create_tag already registered for DAG: example_complex
[2023-04-28T06:12:49.498+0000] {processor.py:753} INFO - DAG(s) dict_keys(['example_complex']) retrieved from /home/airflow/.local/lib/python3.7/site-packages/airflow/example_dags/example_complex.py
[2023-04-28T06:12:49.521+0000] {logging_mixin.py:137} INFO - [2023-04-28T06:12:49.521+0000] {dag.py:2690} INFO - Sync 1 DAGs
[2023-04-28T06:12:49.537+0000] {logging_mixin.py:137} INFO - [2023-04-28T06:12:49.537+0000] {dag.py:3441} INFO - Setting next_dagrun for example_complex to None, run_after=None
[2023-04-28T06:12:49.548+0000] {processor.py:175} INFO - Processing /home/airflow/.local/lib/python3.7/site-packages/airflow/example_dags/example_complex.py took 0.072 seconds
[2023-04-28T06:13:20.008+0000] {processor.py:153} INFO - Started process (PID=16404) to work on /home/airflow/.local/lib/python3.7/site-packages/airflow/example_dags/example_complex.py
[2023-04-28T06:13:20.010+0000] {processor.py:743} INFO - Processing file /home/airflow/.local/lib/python3.7/site-packages/airflow/example_dags/example_complex.py for tasks to queue
[2023-04-28T06:13:20.011+0000] {logging_mixin.py:137} INFO - [2023-04-28T06:13:20.011+0000] {dagbag.py:538} INFO - Filling up the DagBag from /home/airflow/.local/lib/python3.7/site-packages/airflow/example_dags/example_complex.py
[2023-04-28T06:13:20.023+0000] {logging_mixin.py:137} INFO - [2023-04-28T06:13:20.023+0000] {taskmixin.py:205} WARNING - Dependency <Task(BashOperator): create_entry_group>, delete_entry_group already registered for DAG: example_complex
[2023-04-28T06:13:20.024+0000] {logging_mixin.py:137} INFO - [2023-04-28T06:13:20.024+0000] {taskmixin.py:205} WARNING - Dependency <Task(BashOperator): delete_entry_group>, create_entry_group already registered for DAG: example_complex
[2023-04-28T06:13:20.024+0000] {logging_mixin.py:137} INFO - [2023-04-28T06:13:20.024+0000] {taskmixin.py:205} WARNING - Dependency <Task(BashOperator): create_entry_gcs>, delete_entry already registered for DAG: example_complex
[2023-04-28T06:13:20.025+0000] {logging_mixin.py:137} INFO - [2023-04-28T06:13:20.025+0000] {taskmixin.py:205} WARNING - Dependency <Task(BashOperator): delete_entry>, create_entry_gcs already registered for DAG: example_complex
[2023-04-28T06:13:20.026+0000] {logging_mixin.py:137} INFO - [2023-04-28T06:13:20.025+0000] {taskmixin.py:205} WARNING - Dependency <Task(BashOperator): create_tag>, delete_tag already registered for DAG: example_complex
[2023-04-28T06:13:20.026+0000] {logging_mixin.py:137} INFO - [2023-04-28T06:13:20.026+0000] {taskmixin.py:205} WARNING - Dependency <Task(BashOperator): delete_tag>, create_tag already registered for DAG: example_complex
[2023-04-28T06:13:20.033+0000] {processor.py:753} INFO - DAG(s) dict_keys(['example_complex']) retrieved from /home/airflow/.local/lib/python3.7/site-packages/airflow/example_dags/example_complex.py
[2023-04-28T06:13:20.060+0000] {logging_mixin.py:137} INFO - [2023-04-28T06:13:20.060+0000] {dag.py:2690} INFO - Sync 1 DAGs
[2023-04-28T06:13:20.077+0000] {logging_mixin.py:137} INFO - [2023-04-28T06:13:20.077+0000] {dag.py:3441} INFO - Setting next_dagrun for example_complex to None, run_after=None
[2023-04-28T06:13:20.089+0000] {processor.py:175} INFO - Processing /home/airflow/.local/lib/python3.7/site-packages/airflow/example_dags/example_complex.py took 0.085 seconds
[2023-04-28T06:13:50.299+0000] {processor.py:153} INFO - Started process (PID=16482) to work on /home/airflow/.local/lib/python3.7/site-packages/airflow/example_dags/example_complex.py
[2023-04-28T06:13:50.300+0000] {processor.py:743} INFO - Processing file /home/airflow/.local/lib/python3.7/site-packages/airflow/example_dags/example_complex.py for tasks to queue
[2023-04-28T06:13:50.301+0000] {logging_mixin.py:137} INFO - [2023-04-28T06:13:50.301+0000] {dagbag.py:538} INFO - Filling up the DagBag from /home/airflow/.local/lib/python3.7/site-packages/airflow/example_dags/example_complex.py
[2023-04-28T06:13:50.309+0000] {logging_mixin.py:137} INFO - [2023-04-28T06:13:50.309+0000] {taskmixin.py:205} WARNING - Dependency <Task(BashOperator): create_entry_group>, delete_entry_group already registered for DAG: example_complex
[2023-04-28T06:13:50.310+0000] {logging_mixin.py:137} INFO - [2023-04-28T06:13:50.310+0000] {taskmixin.py:205} WARNING - Dependency <Task(BashOperator): delete_entry_group>, create_entry_group already registered for DAG: example_complex
[2023-04-28T06:13:50.310+0000] {logging_mixin.py:137} INFO - [2023-04-28T06:13:50.310+0000] {taskmixin.py:205} WARNING - Dependency <Task(BashOperator): create_entry_gcs>, delete_entry already registered for DAG: example_complex
[2023-04-28T06:13:50.310+0000] {logging_mixin.py:137} INFO - [2023-04-28T06:13:50.310+0000] {taskmixin.py:205} WARNING - Dependency <Task(BashOperator): delete_entry>, create_entry_gcs already registered for DAG: example_complex
[2023-04-28T06:13:50.311+0000] {logging_mixin.py:137} INFO - [2023-04-28T06:13:50.311+0000] {taskmixin.py:205} WARNING - Dependency <Task(BashOperator): create_tag>, delete_tag already registered for DAG: example_complex
[2023-04-28T06:13:50.311+0000] {logging_mixin.py:137} INFO - [2023-04-28T06:13:50.311+0000] {taskmixin.py:205} WARNING - Dependency <Task(BashOperator): delete_tag>, create_tag already registered for DAG: example_complex
[2023-04-28T06:13:50.316+0000] {processor.py:753} INFO - DAG(s) dict_keys(['example_complex']) retrieved from /home/airflow/.local/lib/python3.7/site-packages/airflow/example_dags/example_complex.py
[2023-04-28T06:13:50.339+0000] {logging_mixin.py:137} INFO - [2023-04-28T06:13:50.339+0000] {dag.py:2690} INFO - Sync 1 DAGs
[2023-04-28T06:13:50.355+0000] {logging_mixin.py:137} INFO - [2023-04-28T06:13:50.354+0000] {dag.py:3441} INFO - Setting next_dagrun for example_complex to None, run_after=None
[2023-04-28T06:13:50.365+0000] {processor.py:175} INFO - Processing /home/airflow/.local/lib/python3.7/site-packages/airflow/example_dags/example_complex.py took 0.069 seconds
[2023-04-28T06:14:20.732+0000] {processor.py:153} INFO - Started process (PID=16560) to work on /home/airflow/.local/lib/python3.7/site-packages/airflow/example_dags/example_complex.py
[2023-04-28T06:14:20.733+0000] {processor.py:743} INFO - Processing file /home/airflow/.local/lib/python3.7/site-packages/airflow/example_dags/example_complex.py for tasks to queue
[2023-04-28T06:14:20.734+0000] {logging_mixin.py:137} INFO - [2023-04-28T06:14:20.734+0000] {dagbag.py:538} INFO - Filling up the DagBag from /home/airflow/.local/lib/python3.7/site-packages/airflow/example_dags/example_complex.py
[2023-04-28T06:14:20.742+0000] {logging_mixin.py:137} INFO - [2023-04-28T06:14:20.742+0000] {taskmixin.py:205} WARNING - Dependency <Task(BashOperator): create_entry_group>, delete_entry_group already registered for DAG: example_complex
[2023-04-28T06:14:20.742+0000] {logging_mixin.py:137} INFO - [2023-04-28T06:14:20.742+0000] {taskmixin.py:205} WARNING - Dependency <Task(BashOperator): delete_entry_group>, create_entry_group already registered for DAG: example_complex
[2023-04-28T06:14:20.743+0000] {logging_mixin.py:137} INFO - [2023-04-28T06:14:20.743+0000] {taskmixin.py:205} WARNING - Dependency <Task(BashOperator): create_entry_gcs>, delete_entry already registered for DAG: example_complex
[2023-04-28T06:14:20.743+0000] {logging_mixin.py:137} INFO - [2023-04-28T06:14:20.743+0000] {taskmixin.py:205} WARNING - Dependency <Task(BashOperator): delete_entry>, create_entry_gcs already registered for DAG: example_complex
[2023-04-28T06:14:20.744+0000] {logging_mixin.py:137} INFO - [2023-04-28T06:14:20.744+0000] {taskmixin.py:205} WARNING - Dependency <Task(BashOperator): create_tag>, delete_tag already registered for DAG: example_complex
[2023-04-28T06:14:20.744+0000] {logging_mixin.py:137} INFO - [2023-04-28T06:14:20.744+0000] {taskmixin.py:205} WARNING - Dependency <Task(BashOperator): delete_tag>, create_tag already registered for DAG: example_complex
[2023-04-28T06:14:20.750+0000] {processor.py:753} INFO - DAG(s) dict_keys(['example_complex']) retrieved from /home/airflow/.local/lib/python3.7/site-packages/airflow/example_dags/example_complex.py
[2023-04-28T06:14:20.772+0000] {logging_mixin.py:137} INFO - [2023-04-28T06:14:20.772+0000] {dag.py:2690} INFO - Sync 1 DAGs
[2023-04-28T06:14:20.788+0000] {logging_mixin.py:137} INFO - [2023-04-28T06:14:20.788+0000] {dag.py:3441} INFO - Setting next_dagrun for example_complex to None, run_after=None
[2023-04-28T06:14:20.800+0000] {processor.py:175} INFO - Processing /home/airflow/.local/lib/python3.7/site-packages/airflow/example_dags/example_complex.py took 0.071 seconds
[2023-04-28T06:14:51.078+0000] {processor.py:153} INFO - Started process (PID=16625) to work on /home/airflow/.local/lib/python3.7/site-packages/airflow/example_dags/example_complex.py
[2023-04-28T06:14:51.079+0000] {processor.py:743} INFO - Processing file /home/airflow/.local/lib/python3.7/site-packages/airflow/example_dags/example_complex.py for tasks to queue
[2023-04-28T06:14:51.080+0000] {logging_mixin.py:137} INFO - [2023-04-28T06:14:51.080+0000] {dagbag.py:538} INFO - Filling up the DagBag from /home/airflow/.local/lib/python3.7/site-packages/airflow/example_dags/example_complex.py
[2023-04-28T06:14:51.088+0000] {logging_mixin.py:137} INFO - [2023-04-28T06:14:51.088+0000] {taskmixin.py:205} WARNING - Dependency <Task(BashOperator): create_entry_group>, delete_entry_group already registered for DAG: example_complex
[2023-04-28T06:14:51.088+0000] {logging_mixin.py:137} INFO - [2023-04-28T06:14:51.088+0000] {taskmixin.py:205} WARNING - Dependency <Task(BashOperator): delete_entry_group>, create_entry_group already registered for DAG: example_complex
[2023-04-28T06:14:51.089+0000] {logging_mixin.py:137} INFO - [2023-04-28T06:14:51.089+0000] {taskmixin.py:205} WARNING - Dependency <Task(BashOperator): create_entry_gcs>, delete_entry already registered for DAG: example_complex
[2023-04-28T06:14:51.089+0000] {logging_mixin.py:137} INFO - [2023-04-28T06:14:51.089+0000] {taskmixin.py:205} WARNING - Dependency <Task(BashOperator): delete_entry>, create_entry_gcs already registered for DAG: example_complex
[2023-04-28T06:14:51.089+0000] {logging_mixin.py:137} INFO - [2023-04-28T06:14:51.089+0000] {taskmixin.py:205} WARNING - Dependency <Task(BashOperator): create_tag>, delete_tag already registered for DAG: example_complex
[2023-04-28T06:14:51.090+0000] {logging_mixin.py:137} INFO - [2023-04-28T06:14:51.090+0000] {taskmixin.py:205} WARNING - Dependency <Task(BashOperator): delete_tag>, create_tag already registered for DAG: example_complex
[2023-04-28T06:14:51.095+0000] {processor.py:753} INFO - DAG(s) dict_keys(['example_complex']) retrieved from /home/airflow/.local/lib/python3.7/site-packages/airflow/example_dags/example_complex.py
[2023-04-28T06:14:51.118+0000] {logging_mixin.py:137} INFO - [2023-04-28T06:14:51.118+0000] {dag.py:2690} INFO - Sync 1 DAGs
[2023-04-28T06:14:51.133+0000] {logging_mixin.py:137} INFO - [2023-04-28T06:14:51.133+0000] {dag.py:3441} INFO - Setting next_dagrun for example_complex to None, run_after=None
[2023-04-28T06:14:51.145+0000] {processor.py:175} INFO - Processing /home/airflow/.local/lib/python3.7/site-packages/airflow/example_dags/example_complex.py took 0.070 seconds
[2023-04-28T06:15:21.631+0000] {processor.py:153} INFO - Started process (PID=16703) to work on /home/airflow/.local/lib/python3.7/site-packages/airflow/example_dags/example_complex.py
[2023-04-28T06:15:21.632+0000] {processor.py:743} INFO - Processing file /home/airflow/.local/lib/python3.7/site-packages/airflow/example_dags/example_complex.py for tasks to queue
[2023-04-28T06:15:21.633+0000] {logging_mixin.py:137} INFO - [2023-04-28T06:15:21.633+0000] {dagbag.py:538} INFO - Filling up the DagBag from /home/airflow/.local/lib/python3.7/site-packages/airflow/example_dags/example_complex.py
[2023-04-28T06:15:21.641+0000] {logging_mixin.py:137} INFO - [2023-04-28T06:15:21.641+0000] {taskmixin.py:205} WARNING - Dependency <Task(BashOperator): create_entry_group>, delete_entry_group already registered for DAG: example_complex
[2023-04-28T06:15:21.642+0000] {logging_mixin.py:137} INFO - [2023-04-28T06:15:21.642+0000] {taskmixin.py:205} WARNING - Dependency <Task(BashOperator): delete_entry_group>, create_entry_group already registered for DAG: example_complex
[2023-04-28T06:15:21.642+0000] {logging_mixin.py:137} INFO - [2023-04-28T06:15:21.642+0000] {taskmixin.py:205} WARNING - Dependency <Task(BashOperator): create_entry_gcs>, delete_entry already registered for DAG: example_complex
[2023-04-28T06:15:21.643+0000] {logging_mixin.py:137} INFO - [2023-04-28T06:15:21.643+0000] {taskmixin.py:205} WARNING - Dependency <Task(BashOperator): delete_entry>, create_entry_gcs already registered for DAG: example_complex
[2023-04-28T06:15:21.643+0000] {logging_mixin.py:137} INFO - [2023-04-28T06:15:21.643+0000] {taskmixin.py:205} WARNING - Dependency <Task(BashOperator): create_tag>, delete_tag already registered for DAG: example_complex
[2023-04-28T06:15:21.644+0000] {logging_mixin.py:137} INFO - [2023-04-28T06:15:21.643+0000] {taskmixin.py:205} WARNING - Dependency <Task(BashOperator): delete_tag>, create_tag already registered for DAG: example_complex
[2023-04-28T06:15:21.649+0000] {processor.py:753} INFO - DAG(s) dict_keys(['example_complex']) retrieved from /home/airflow/.local/lib/python3.7/site-packages/airflow/example_dags/example_complex.py
[2023-04-28T06:15:21.671+0000] {logging_mixin.py:137} INFO - [2023-04-28T06:15:21.671+0000] {dag.py:2690} INFO - Sync 1 DAGs
[2023-04-28T06:15:21.687+0000] {logging_mixin.py:137} INFO - [2023-04-28T06:15:21.687+0000] {dag.py:3441} INFO - Setting next_dagrun for example_complex to None, run_after=None
[2023-04-28T06:15:21.698+0000] {processor.py:175} INFO - Processing /home/airflow/.local/lib/python3.7/site-packages/airflow/example_dags/example_complex.py took 0.070 seconds
[2023-04-28T06:15:52.008+0000] {processor.py:153} INFO - Started process (PID=16780) to work on /home/airflow/.local/lib/python3.7/site-packages/airflow/example_dags/example_complex.py
[2023-04-28T06:15:52.010+0000] {processor.py:743} INFO - Processing file /home/airflow/.local/lib/python3.7/site-packages/airflow/example_dags/example_complex.py for tasks to queue
[2023-04-28T06:15:52.010+0000] {logging_mixin.py:137} INFO - [2023-04-28T06:15:52.010+0000] {dagbag.py:538} INFO - Filling up the DagBag from /home/airflow/.local/lib/python3.7/site-packages/airflow/example_dags/example_complex.py
[2023-04-28T06:15:52.019+0000] {logging_mixin.py:137} INFO - [2023-04-28T06:15:52.019+0000] {taskmixin.py:205} WARNING - Dependency <Task(BashOperator): create_entry_group>, delete_entry_group already registered for DAG: example_complex
[2023-04-28T06:15:52.019+0000] {logging_mixin.py:137} INFO - [2023-04-28T06:15:52.019+0000] {taskmixin.py:205} WARNING - Dependency <Task(BashOperator): delete_entry_group>, create_entry_group already registered for DAG: example_complex
[2023-04-28T06:15:52.020+0000] {logging_mixin.py:137} INFO - [2023-04-28T06:15:52.020+0000] {taskmixin.py:205} WARNING - Dependency <Task(BashOperator): create_entry_gcs>, delete_entry already registered for DAG: example_complex
[2023-04-28T06:15:52.020+0000] {logging_mixin.py:137} INFO - [2023-04-28T06:15:52.020+0000] {taskmixin.py:205} WARNING - Dependency <Task(BashOperator): delete_entry>, create_entry_gcs already registered for DAG: example_complex
[2023-04-28T06:15:52.021+0000] {logging_mixin.py:137} INFO - [2023-04-28T06:15:52.021+0000] {taskmixin.py:205} WARNING - Dependency <Task(BashOperator): create_tag>, delete_tag already registered for DAG: example_complex
[2023-04-28T06:15:52.021+0000] {logging_mixin.py:137} INFO - [2023-04-28T06:15:52.021+0000] {taskmixin.py:205} WARNING - Dependency <Task(BashOperator): delete_tag>, create_tag already registered for DAG: example_complex
[2023-04-28T06:15:52.027+0000] {processor.py:753} INFO - DAG(s) dict_keys(['example_complex']) retrieved from /home/airflow/.local/lib/python3.7/site-packages/airflow/example_dags/example_complex.py
[2023-04-28T06:15:52.049+0000] {logging_mixin.py:137} INFO - [2023-04-28T06:15:52.049+0000] {dag.py:2690} INFO - Sync 1 DAGs
[2023-04-28T06:15:52.064+0000] {logging_mixin.py:137} INFO - [2023-04-28T06:15:52.064+0000] {dag.py:3441} INFO - Setting next_dagrun for example_complex to None, run_after=None
[2023-04-28T06:15:52.075+0000] {processor.py:175} INFO - Processing /home/airflow/.local/lib/python3.7/site-packages/airflow/example_dags/example_complex.py took 0.070 seconds
[2023-04-28T06:16:22.265+0000] {processor.py:153} INFO - Started process (PID=16845) to work on /home/airflow/.local/lib/python3.7/site-packages/airflow/example_dags/example_complex.py
[2023-04-28T06:16:22.266+0000] {processor.py:743} INFO - Processing file /home/airflow/.local/lib/python3.7/site-packages/airflow/example_dags/example_complex.py for tasks to queue
[2023-04-28T06:16:22.267+0000] {logging_mixin.py:137} INFO - [2023-04-28T06:16:22.267+0000] {dagbag.py:538} INFO - Filling up the DagBag from /home/airflow/.local/lib/python3.7/site-packages/airflow/example_dags/example_complex.py
[2023-04-28T06:16:22.275+0000] {logging_mixin.py:137} INFO - [2023-04-28T06:16:22.275+0000] {taskmixin.py:205} WARNING - Dependency <Task(BashOperator): create_entry_group>, delete_entry_group already registered for DAG: example_complex
[2023-04-28T06:16:22.276+0000] {logging_mixin.py:137} INFO - [2023-04-28T06:16:22.276+0000] {taskmixin.py:205} WARNING - Dependency <Task(BashOperator): delete_entry_group>, create_entry_group already registered for DAG: example_complex
[2023-04-28T06:16:22.276+0000] {logging_mixin.py:137} INFO - [2023-04-28T06:16:22.276+0000] {taskmixin.py:205} WARNING - Dependency <Task(BashOperator): create_entry_gcs>, delete_entry already registered for DAG: example_complex
[2023-04-28T06:16:22.277+0000] {logging_mixin.py:137} INFO - [2023-04-28T06:16:22.277+0000] {taskmixin.py:205} WARNING - Dependency <Task(BashOperator): delete_entry>, create_entry_gcs already registered for DAG: example_complex
[2023-04-28T06:16:22.277+0000] {logging_mixin.py:137} INFO - [2023-04-28T06:16:22.277+0000] {taskmixin.py:205} WARNING - Dependency <Task(BashOperator): create_tag>, delete_tag already registered for DAG: example_complex
[2023-04-28T06:16:22.278+0000] {logging_mixin.py:137} INFO - [2023-04-28T06:16:22.278+0000] {taskmixin.py:205} WARNING - Dependency <Task(BashOperator): delete_tag>, create_tag already registered for DAG: example_complex
[2023-04-28T06:16:22.284+0000] {processor.py:753} INFO - DAG(s) dict_keys(['example_complex']) retrieved from /home/airflow/.local/lib/python3.7/site-packages/airflow/example_dags/example_complex.py
[2023-04-28T06:16:22.306+0000] {logging_mixin.py:137} INFO - [2023-04-28T06:16:22.306+0000] {dag.py:2690} INFO - Sync 1 DAGs
[2023-04-28T06:16:22.321+0000] {logging_mixin.py:137} INFO - [2023-04-28T06:16:22.321+0000] {dag.py:3441} INFO - Setting next_dagrun for example_complex to None, run_after=None
[2023-04-28T06:16:22.332+0000] {processor.py:175} INFO - Processing /home/airflow/.local/lib/python3.7/site-packages/airflow/example_dags/example_complex.py took 0.070 seconds
[2023-04-28T06:16:52.669+0000] {processor.py:153} INFO - Started process (PID=16923) to work on /home/airflow/.local/lib/python3.7/site-packages/airflow/example_dags/example_complex.py
[2023-04-28T06:16:52.670+0000] {processor.py:743} INFO - Processing file /home/airflow/.local/lib/python3.7/site-packages/airflow/example_dags/example_complex.py for tasks to queue
[2023-04-28T06:16:52.671+0000] {logging_mixin.py:137} INFO - [2023-04-28T06:16:52.671+0000] {dagbag.py:538} INFO - Filling up the DagBag from /home/airflow/.local/lib/python3.7/site-packages/airflow/example_dags/example_complex.py
[2023-04-28T06:16:52.680+0000] {logging_mixin.py:137} INFO - [2023-04-28T06:16:52.679+0000] {taskmixin.py:205} WARNING - Dependency <Task(BashOperator): create_entry_group>, delete_entry_group already registered for DAG: example_complex
[2023-04-28T06:16:52.683+0000] {logging_mixin.py:137} INFO - [2023-04-28T06:16:52.682+0000] {taskmixin.py:205} WARNING - Dependency <Task(BashOperator): delete_entry_group>, create_entry_group already registered for DAG: example_complex
[2023-04-28T06:16:52.685+0000] {logging_mixin.py:137} INFO - [2023-04-28T06:16:52.685+0000] {taskmixin.py:205} WARNING - Dependency <Task(BashOperator): create_entry_gcs>, delete_entry already registered for DAG: example_complex
[2023-04-28T06:16:52.686+0000] {logging_mixin.py:137} INFO - [2023-04-28T06:16:52.686+0000] {taskmixin.py:205} WARNING - Dependency <Task(BashOperator): delete_entry>, create_entry_gcs already registered for DAG: example_complex
[2023-04-28T06:16:52.688+0000] {logging_mixin.py:137} INFO - [2023-04-28T06:16:52.688+0000] {taskmixin.py:205} WARNING - Dependency <Task(BashOperator): create_tag>, delete_tag already registered for DAG: example_complex
[2023-04-28T06:16:52.689+0000] {logging_mixin.py:137} INFO - [2023-04-28T06:16:52.689+0000] {taskmixin.py:205} WARNING - Dependency <Task(BashOperator): delete_tag>, create_tag already registered for DAG: example_complex
[2023-04-28T06:16:52.695+0000] {processor.py:753} INFO - DAG(s) dict_keys(['example_complex']) retrieved from /home/airflow/.local/lib/python3.7/site-packages/airflow/example_dags/example_complex.py
[2023-04-28T06:16:52.720+0000] {logging_mixin.py:137} INFO - [2023-04-28T06:16:52.720+0000] {dag.py:2690} INFO - Sync 1 DAGs
[2023-04-28T06:16:52.739+0000] {logging_mixin.py:137} INFO - [2023-04-28T06:16:52.739+0000] {dag.py:3441} INFO - Setting next_dagrun for example_complex to None, run_after=None
[2023-04-28T06:16:52.756+0000] {processor.py:175} INFO - Processing /home/airflow/.local/lib/python3.7/site-packages/airflow/example_dags/example_complex.py took 0.090 seconds
[2023-04-28T06:17:23.183+0000] {processor.py:153} INFO - Started process (PID=17001) to work on /home/airflow/.local/lib/python3.7/site-packages/airflow/example_dags/example_complex.py
[2023-04-28T06:17:23.184+0000] {processor.py:743} INFO - Processing file /home/airflow/.local/lib/python3.7/site-packages/airflow/example_dags/example_complex.py for tasks to queue
[2023-04-28T06:17:23.185+0000] {logging_mixin.py:137} INFO - [2023-04-28T06:17:23.185+0000] {dagbag.py:538} INFO - Filling up the DagBag from /home/airflow/.local/lib/python3.7/site-packages/airflow/example_dags/example_complex.py
[2023-04-28T06:17:23.193+0000] {logging_mixin.py:137} INFO - [2023-04-28T06:17:23.193+0000] {taskmixin.py:205} WARNING - Dependency <Task(BashOperator): create_entry_group>, delete_entry_group already registered for DAG: example_complex
[2023-04-28T06:17:23.194+0000] {logging_mixin.py:137} INFO - [2023-04-28T06:17:23.194+0000] {taskmixin.py:205} WARNING - Dependency <Task(BashOperator): delete_entry_group>, create_entry_group already registered for DAG: example_complex
[2023-04-28T06:17:23.194+0000] {logging_mixin.py:137} INFO - [2023-04-28T06:17:23.194+0000] {taskmixin.py:205} WARNING - Dependency <Task(BashOperator): create_entry_gcs>, delete_entry already registered for DAG: example_complex
[2023-04-28T06:17:23.194+0000] {logging_mixin.py:137} INFO - [2023-04-28T06:17:23.194+0000] {taskmixin.py:205} WARNING - Dependency <Task(BashOperator): delete_entry>, create_entry_gcs already registered for DAG: example_complex
[2023-04-28T06:17:23.195+0000] {logging_mixin.py:137} INFO - [2023-04-28T06:17:23.195+0000] {taskmixin.py:205} WARNING - Dependency <Task(BashOperator): create_tag>, delete_tag already registered for DAG: example_complex
[2023-04-28T06:17:23.195+0000] {logging_mixin.py:137} INFO - [2023-04-28T06:17:23.195+0000] {taskmixin.py:205} WARNING - Dependency <Task(BashOperator): delete_tag>, create_tag already registered for DAG: example_complex
[2023-04-28T06:17:23.200+0000] {processor.py:753} INFO - DAG(s) dict_keys(['example_complex']) retrieved from /home/airflow/.local/lib/python3.7/site-packages/airflow/example_dags/example_complex.py
[2023-04-28T06:17:23.223+0000] {logging_mixin.py:137} INFO - [2023-04-28T06:17:23.223+0000] {dag.py:2690} INFO - Sync 1 DAGs
[2023-04-28T06:17:23.238+0000] {logging_mixin.py:137} INFO - [2023-04-28T06:17:23.238+0000] {dag.py:3441} INFO - Setting next_dagrun for example_complex to None, run_after=None
[2023-04-28T06:17:23.251+0000] {processor.py:175} INFO - Processing /home/airflow/.local/lib/python3.7/site-packages/airflow/example_dags/example_complex.py took 0.070 seconds
[2023-04-28T06:17:53.528+0000] {processor.py:153} INFO - Started process (PID=17067) to work on /home/airflow/.local/lib/python3.7/site-packages/airflow/example_dags/example_complex.py
[2023-04-28T06:17:53.530+0000] {processor.py:743} INFO - Processing file /home/airflow/.local/lib/python3.7/site-packages/airflow/example_dags/example_complex.py for tasks to queue
[2023-04-28T06:17:53.531+0000] {logging_mixin.py:137} INFO - [2023-04-28T06:17:53.531+0000] {dagbag.py:538} INFO - Filling up the DagBag from /home/airflow/.local/lib/python3.7/site-packages/airflow/example_dags/example_complex.py
[2023-04-28T06:17:53.538+0000] {logging_mixin.py:137} INFO - [2023-04-28T06:17:53.538+0000] {taskmixin.py:205} WARNING - Dependency <Task(BashOperator): create_entry_group>, delete_entry_group already registered for DAG: example_complex
[2023-04-28T06:17:53.539+0000] {logging_mixin.py:137} INFO - [2023-04-28T06:17:53.539+0000] {taskmixin.py:205} WARNING - Dependency <Task(BashOperator): delete_entry_group>, create_entry_group already registered for DAG: example_complex
[2023-04-28T06:17:53.539+0000] {logging_mixin.py:137} INFO - [2023-04-28T06:17:53.539+0000] {taskmixin.py:205} WARNING - Dependency <Task(BashOperator): create_entry_gcs>, delete_entry already registered for DAG: example_complex
[2023-04-28T06:17:53.540+0000] {logging_mixin.py:137} INFO - [2023-04-28T06:17:53.540+0000] {taskmixin.py:205} WARNING - Dependency <Task(BashOperator): delete_entry>, create_entry_gcs already registered for DAG: example_complex
[2023-04-28T06:17:53.540+0000] {logging_mixin.py:137} INFO - [2023-04-28T06:17:53.540+0000] {taskmixin.py:205} WARNING - Dependency <Task(BashOperator): create_tag>, delete_tag already registered for DAG: example_complex
[2023-04-28T06:17:53.541+0000] {logging_mixin.py:137} INFO - [2023-04-28T06:17:53.541+0000] {taskmixin.py:205} WARNING - Dependency <Task(BashOperator): delete_tag>, create_tag already registered for DAG: example_complex
[2023-04-28T06:17:53.546+0000] {processor.py:753} INFO - DAG(s) dict_keys(['example_complex']) retrieved from /home/airflow/.local/lib/python3.7/site-packages/airflow/example_dags/example_complex.py
[2023-04-28T06:17:53.569+0000] {logging_mixin.py:137} INFO - [2023-04-28T06:17:53.569+0000] {dag.py:2690} INFO - Sync 1 DAGs
[2023-04-28T06:17:53.584+0000] {logging_mixin.py:137} INFO - [2023-04-28T06:17:53.584+0000] {dag.py:3441} INFO - Setting next_dagrun for example_complex to None, run_after=None
[2023-04-28T06:17:53.596+0000] {processor.py:175} INFO - Processing /home/airflow/.local/lib/python3.7/site-packages/airflow/example_dags/example_complex.py took 0.071 seconds
[2023-04-28T06:18:24.183+0000] {processor.py:153} INFO - Started process (PID=17145) to work on /home/airflow/.local/lib/python3.7/site-packages/airflow/example_dags/example_complex.py
[2023-04-28T06:18:24.184+0000] {processor.py:743} INFO - Processing file /home/airflow/.local/lib/python3.7/site-packages/airflow/example_dags/example_complex.py for tasks to queue
[2023-04-28T06:18:24.185+0000] {logging_mixin.py:137} INFO - [2023-04-28T06:18:24.185+0000] {dagbag.py:538} INFO - Filling up the DagBag from /home/airflow/.local/lib/python3.7/site-packages/airflow/example_dags/example_complex.py
[2023-04-28T06:18:24.193+0000] {logging_mixin.py:137} INFO - [2023-04-28T06:18:24.193+0000] {taskmixin.py:205} WARNING - Dependency <Task(BashOperator): create_entry_group>, delete_entry_group already registered for DAG: example_complex
[2023-04-28T06:18:24.194+0000] {logging_mixin.py:137} INFO - [2023-04-28T06:18:24.194+0000] {taskmixin.py:205} WARNING - Dependency <Task(BashOperator): delete_entry_group>, create_entry_group already registered for DAG: example_complex
[2023-04-28T06:18:24.194+0000] {logging_mixin.py:137} INFO - [2023-04-28T06:18:24.194+0000] {taskmixin.py:205} WARNING - Dependency <Task(BashOperator): create_entry_gcs>, delete_entry already registered for DAG: example_complex
[2023-04-28T06:18:24.195+0000] {logging_mixin.py:137} INFO - [2023-04-28T06:18:24.195+0000] {taskmixin.py:205} WARNING - Dependency <Task(BashOperator): delete_entry>, create_entry_gcs already registered for DAG: example_complex
[2023-04-28T06:18:24.196+0000] {logging_mixin.py:137} INFO - [2023-04-28T06:18:24.196+0000] {taskmixin.py:205} WARNING - Dependency <Task(BashOperator): create_tag>, delete_tag already registered for DAG: example_complex
[2023-04-28T06:18:24.196+0000] {logging_mixin.py:137} INFO - [2023-04-28T06:18:24.196+0000] {taskmixin.py:205} WARNING - Dependency <Task(BashOperator): delete_tag>, create_tag already registered for DAG: example_complex
[2023-04-28T06:18:24.202+0000] {processor.py:753} INFO - DAG(s) dict_keys(['example_complex']) retrieved from /home/airflow/.local/lib/python3.7/site-packages/airflow/example_dags/example_complex.py
[2023-04-28T06:18:24.226+0000] {logging_mixin.py:137} INFO - [2023-04-28T06:18:24.226+0000] {dag.py:2690} INFO - Sync 1 DAGs
[2023-04-28T06:18:24.241+0000] {logging_mixin.py:137} INFO - [2023-04-28T06:18:24.241+0000] {dag.py:3441} INFO - Setting next_dagrun for example_complex to None, run_after=None
[2023-04-28T06:18:24.253+0000] {processor.py:175} INFO - Processing /home/airflow/.local/lib/python3.7/site-packages/airflow/example_dags/example_complex.py took 0.073 seconds
[2023-04-28T06:18:54.490+0000] {processor.py:153} INFO - Started process (PID=17223) to work on /home/airflow/.local/lib/python3.7/site-packages/airflow/example_dags/example_complex.py
[2023-04-28T06:18:54.491+0000] {processor.py:743} INFO - Processing file /home/airflow/.local/lib/python3.7/site-packages/airflow/example_dags/example_complex.py for tasks to queue
[2023-04-28T06:18:54.492+0000] {logging_mixin.py:137} INFO - [2023-04-28T06:18:54.492+0000] {dagbag.py:538} INFO - Filling up the DagBag from /home/airflow/.local/lib/python3.7/site-packages/airflow/example_dags/example_complex.py
[2023-04-28T06:18:54.500+0000] {logging_mixin.py:137} INFO - [2023-04-28T06:18:54.500+0000] {taskmixin.py:205} WARNING - Dependency <Task(BashOperator): create_entry_group>, delete_entry_group already registered for DAG: example_complex
[2023-04-28T06:18:54.501+0000] {logging_mixin.py:137} INFO - [2023-04-28T06:18:54.501+0000] {taskmixin.py:205} WARNING - Dependency <Task(BashOperator): delete_entry_group>, create_entry_group already registered for DAG: example_complex
[2023-04-28T06:18:54.501+0000] {logging_mixin.py:137} INFO - [2023-04-28T06:18:54.501+0000] {taskmixin.py:205} WARNING - Dependency <Task(BashOperator): create_entry_gcs>, delete_entry already registered for DAG: example_complex
[2023-04-28T06:18:54.502+0000] {logging_mixin.py:137} INFO - [2023-04-28T06:18:54.502+0000] {taskmixin.py:205} WARNING - Dependency <Task(BashOperator): delete_entry>, create_entry_gcs already registered for DAG: example_complex
[2023-04-28T06:18:54.502+0000] {logging_mixin.py:137} INFO - [2023-04-28T06:18:54.502+0000] {taskmixin.py:205} WARNING - Dependency <Task(BashOperator): create_tag>, delete_tag already registered for DAG: example_complex
[2023-04-28T06:18:54.503+0000] {logging_mixin.py:137} INFO - [2023-04-28T06:18:54.503+0000] {taskmixin.py:205} WARNING - Dependency <Task(BashOperator): delete_tag>, create_tag already registered for DAG: example_complex
[2023-04-28T06:18:54.508+0000] {processor.py:753} INFO - DAG(s) dict_keys(['example_complex']) retrieved from /home/airflow/.local/lib/python3.7/site-packages/airflow/example_dags/example_complex.py
[2023-04-28T06:18:54.531+0000] {logging_mixin.py:137} INFO - [2023-04-28T06:18:54.530+0000] {dag.py:2690} INFO - Sync 1 DAGs
[2023-04-28T06:18:54.546+0000] {logging_mixin.py:137} INFO - [2023-04-28T06:18:54.546+0000] {dag.py:3441} INFO - Setting next_dagrun for example_complex to None, run_after=None
[2023-04-28T06:18:54.558+0000] {processor.py:175} INFO - Processing /home/airflow/.local/lib/python3.7/site-packages/airflow/example_dags/example_complex.py took 0.071 seconds
