[2023-04-28T00:36:30.928+0000] {processor.py:153} INFO - Started process (PID=14554) to work on /home/airflow/.local/lib/python3.7/site-packages/airflow/example_dags/example_datasets.py
[2023-04-28T00:36:30.930+0000] {processor.py:743} INFO - Processing file /home/airflow/.local/lib/python3.7/site-packages/airflow/example_dags/example_datasets.py for tasks to queue
[2023-04-28T00:36:30.931+0000] {logging_mixin.py:137} INFO - [2023-04-28T00:36:30.931+0000] {dagbag.py:538} INFO - Filling up the DagBag from /home/airflow/.local/lib/python3.7/site-packages/airflow/example_dags/example_datasets.py
[2023-04-28T00:36:30.960+0000] {processor.py:753} INFO - DAG(s) dict_keys(['dataset_produces_2', 'dataset_consumes_1_and_2', 'dataset_consumes_1', 'dataset_produces_1', 'dataset_consumes_unknown_never_scheduled', 'dataset_consumes_1_never_scheduled']) retrieved from /home/airflow/.local/lib/python3.7/site-packages/airflow/example_dags/example_datasets.py
[2023-04-28T00:36:31.008+0000] {logging_mixin.py:137} INFO - [2023-04-28T00:36:31.008+0000] {dag.py:2690} INFO - Sync 6 DAGs
[2023-04-28T00:36:31.034+0000] {logging_mixin.py:137} INFO - [2023-04-28T00:36:31.034+0000] {dag.py:3441} INFO - Setting next_dagrun for dataset_consumes_1 to None, run_after=None
[2023-04-28T00:36:31.040+0000] {logging_mixin.py:137} INFO - [2023-04-28T00:36:31.040+0000] {dag.py:3441} INFO - Setting next_dagrun for dataset_consumes_1_and_2 to None, run_after=None
[2023-04-28T00:36:31.042+0000] {logging_mixin.py:137} INFO - [2023-04-28T00:36:31.042+0000] {dag.py:3441} INFO - Setting next_dagrun for dataset_consumes_1_never_scheduled to None, run_after=None
[2023-04-28T00:36:31.044+0000] {logging_mixin.py:137} INFO - [2023-04-28T00:36:31.043+0000] {dag.py:3441} INFO - Setting next_dagrun for dataset_consumes_unknown_never_scheduled to None, run_after=None
[2023-04-28T00:36:31.046+0000] {logging_mixin.py:137} INFO - [2023-04-28T00:36:31.046+0000] {dag.py:3441} INFO - Setting next_dagrun for dataset_produces_1 to 2023-04-27T00:00:00+00:00, run_after=2023-04-28T00:00:00+00:00
[2023-04-28T00:36:31.047+0000] {logging_mixin.py:137} INFO - [2023-04-28T00:36:31.047+0000] {dag.py:3441} INFO - Setting next_dagrun for dataset_produces_2 to None, run_after=None
[2023-04-28T00:36:31.069+0000] {processor.py:175} INFO - Processing /home/airflow/.local/lib/python3.7/site-packages/airflow/example_dags/example_datasets.py took 0.150 seconds
[2023-04-28T01:42:52.261+0000] {processor.py:153} INFO - Started process (PID=14627) to work on /home/airflow/.local/lib/python3.7/site-packages/airflow/example_dags/example_datasets.py
[2023-04-28T01:42:52.270+0000] {processor.py:743} INFO - Processing file /home/airflow/.local/lib/python3.7/site-packages/airflow/example_dags/example_datasets.py for tasks to queue
[2023-04-28T01:42:52.270+0000] {logging_mixin.py:137} INFO - [2023-04-28T01:42:52.270+0000] {dagbag.py:538} INFO - Filling up the DagBag from /home/airflow/.local/lib/python3.7/site-packages/airflow/example_dags/example_datasets.py
[2023-04-28T01:42:52.313+0000] {processor.py:753} INFO - DAG(s) dict_keys(['dataset_produces_2', 'dataset_consumes_unknown_never_scheduled', 'dataset_consumes_1_never_scheduled', 'dataset_consumes_1_and_2', 'dataset_produces_1', 'dataset_consumes_1']) retrieved from /home/airflow/.local/lib/python3.7/site-packages/airflow/example_dags/example_datasets.py
[2023-04-28T01:42:52.355+0000] {logging_mixin.py:137} INFO - [2023-04-28T01:42:52.354+0000] {dag.py:2690} INFO - Sync 6 DAGs
[2023-04-28T01:42:52.385+0000] {logging_mixin.py:137} INFO - [2023-04-28T01:42:52.384+0000] {dag.py:3441} INFO - Setting next_dagrun for dataset_consumes_1 to None, run_after=None
[2023-04-28T01:42:52.390+0000] {logging_mixin.py:137} INFO - [2023-04-28T01:42:52.390+0000] {dag.py:3441} INFO - Setting next_dagrun for dataset_consumes_1_and_2 to None, run_after=None
[2023-04-28T01:42:52.394+0000] {logging_mixin.py:137} INFO - [2023-04-28T01:42:52.394+0000] {dag.py:3441} INFO - Setting next_dagrun for dataset_consumes_1_never_scheduled to None, run_after=None
[2023-04-28T01:42:52.397+0000] {logging_mixin.py:137} INFO - [2023-04-28T01:42:52.397+0000] {dag.py:3441} INFO - Setting next_dagrun for dataset_consumes_unknown_never_scheduled to None, run_after=None
[2023-04-28T01:42:52.405+0000] {logging_mixin.py:137} INFO - [2023-04-28T01:42:52.404+0000] {dag.py:3441} INFO - Setting next_dagrun for dataset_produces_1 to 2023-04-27T00:00:00+00:00, run_after=2023-04-28T00:00:00+00:00
[2023-04-28T01:42:52.406+0000] {logging_mixin.py:137} INFO - [2023-04-28T01:42:52.406+0000] {dag.py:3441} INFO - Setting next_dagrun for dataset_produces_2 to None, run_after=None
[2023-04-28T01:42:52.450+0000] {processor.py:175} INFO - Processing /home/airflow/.local/lib/python3.7/site-packages/airflow/example_dags/example_datasets.py took 0.192 seconds
[2023-04-28T02:48:40.708+0000] {processor.py:153} INFO - Started process (PID=14698) to work on /home/airflow/.local/lib/python3.7/site-packages/airflow/example_dags/example_datasets.py
[2023-04-28T02:48:40.709+0000] {processor.py:743} INFO - Processing file /home/airflow/.local/lib/python3.7/site-packages/airflow/example_dags/example_datasets.py for tasks to queue
[2023-04-28T02:48:40.709+0000] {logging_mixin.py:137} INFO - [2023-04-28T02:48:40.709+0000] {dagbag.py:538} INFO - Filling up the DagBag from /home/airflow/.local/lib/python3.7/site-packages/airflow/example_dags/example_datasets.py
[2023-04-28T02:48:40.722+0000] {processor.py:753} INFO - DAG(s) dict_keys(['dataset_consumes_1_and_2', 'dataset_consumes_1', 'dataset_consumes_unknown_never_scheduled', 'dataset_produces_2', 'dataset_produces_1', 'dataset_consumes_1_never_scheduled']) retrieved from /home/airflow/.local/lib/python3.7/site-packages/airflow/example_dags/example_datasets.py
[2023-04-28T02:48:40.749+0000] {logging_mixin.py:137} INFO - [2023-04-28T02:48:40.749+0000] {dag.py:2690} INFO - Sync 6 DAGs
[2023-04-28T02:48:40.765+0000] {logging_mixin.py:137} INFO - [2023-04-28T02:48:40.765+0000] {dag.py:3441} INFO - Setting next_dagrun for dataset_consumes_1 to None, run_after=None
[2023-04-28T02:48:40.768+0000] {logging_mixin.py:137} INFO - [2023-04-28T02:48:40.767+0000] {dag.py:3441} INFO - Setting next_dagrun for dataset_consumes_1_and_2 to None, run_after=None
[2023-04-28T02:48:40.769+0000] {logging_mixin.py:137} INFO - [2023-04-28T02:48:40.769+0000] {dag.py:3441} INFO - Setting next_dagrun for dataset_consumes_1_never_scheduled to None, run_after=None
[2023-04-28T02:48:40.770+0000] {logging_mixin.py:137} INFO - [2023-04-28T02:48:40.769+0000] {dag.py:3441} INFO - Setting next_dagrun for dataset_consumes_unknown_never_scheduled to None, run_after=None
[2023-04-28T02:48:40.771+0000] {logging_mixin.py:137} INFO - [2023-04-28T02:48:40.771+0000] {dag.py:3441} INFO - Setting next_dagrun for dataset_produces_1 to 2023-04-27T00:00:00+00:00, run_after=2023-04-28T00:00:00+00:00
[2023-04-28T02:48:40.772+0000] {logging_mixin.py:137} INFO - [2023-04-28T02:48:40.772+0000] {dag.py:3441} INFO - Setting next_dagrun for dataset_produces_2 to None, run_after=None
[2023-04-28T02:48:40.790+0000] {processor.py:175} INFO - Processing /home/airflow/.local/lib/python3.7/site-packages/airflow/example_dags/example_datasets.py took 0.085 seconds
[2023-04-28T03:54:53.872+0000] {processor.py:153} INFO - Started process (PID=14775) to work on /home/airflow/.local/lib/python3.7/site-packages/airflow/example_dags/example_datasets.py
[2023-04-28T03:54:53.873+0000] {processor.py:743} INFO - Processing file /home/airflow/.local/lib/python3.7/site-packages/airflow/example_dags/example_datasets.py for tasks to queue
[2023-04-28T03:54:53.874+0000] {logging_mixin.py:137} INFO - [2023-04-28T03:54:53.874+0000] {dagbag.py:538} INFO - Filling up the DagBag from /home/airflow/.local/lib/python3.7/site-packages/airflow/example_dags/example_datasets.py
[2023-04-28T03:54:53.887+0000] {processor.py:753} INFO - DAG(s) dict_keys(['dataset_produces_2', 'dataset_produces_1', 'dataset_consumes_1', 'dataset_consumes_1_never_scheduled', 'dataset_consumes_unknown_never_scheduled', 'dataset_consumes_1_and_2']) retrieved from /home/airflow/.local/lib/python3.7/site-packages/airflow/example_dags/example_datasets.py
[2023-04-28T03:54:53.916+0000] {logging_mixin.py:137} INFO - [2023-04-28T03:54:53.916+0000] {dag.py:2690} INFO - Sync 6 DAGs
[2023-04-28T03:54:53.932+0000] {logging_mixin.py:137} INFO - [2023-04-28T03:54:53.932+0000] {dag.py:3441} INFO - Setting next_dagrun for dataset_consumes_1 to None, run_after=None
[2023-04-28T03:54:53.935+0000] {logging_mixin.py:137} INFO - [2023-04-28T03:54:53.935+0000] {dag.py:3441} INFO - Setting next_dagrun for dataset_consumes_1_and_2 to None, run_after=None
[2023-04-28T03:54:53.936+0000] {logging_mixin.py:137} INFO - [2023-04-28T03:54:53.936+0000] {dag.py:3441} INFO - Setting next_dagrun for dataset_consumes_1_never_scheduled to None, run_after=None
[2023-04-28T03:54:53.937+0000] {logging_mixin.py:137} INFO - [2023-04-28T03:54:53.937+0000] {dag.py:3441} INFO - Setting next_dagrun for dataset_consumes_unknown_never_scheduled to None, run_after=None
[2023-04-28T03:54:53.939+0000] {logging_mixin.py:137} INFO - [2023-04-28T03:54:53.939+0000] {dag.py:3441} INFO - Setting next_dagrun for dataset_produces_1 to 2023-04-27T00:00:00+00:00, run_after=2023-04-28T00:00:00+00:00
[2023-04-28T03:54:53.940+0000] {logging_mixin.py:137} INFO - [2023-04-28T03:54:53.940+0000] {dag.py:3441} INFO - Setting next_dagrun for dataset_produces_2 to None, run_after=None
[2023-04-28T03:54:53.958+0000] {processor.py:175} INFO - Processing /home/airflow/.local/lib/python3.7/site-packages/airflow/example_dags/example_datasets.py took 0.089 seconds
[2023-04-28T05:16:15.540+0000] {processor.py:153} INFO - Started process (PID=14841) to work on /home/airflow/.local/lib/python3.7/site-packages/airflow/example_dags/example_datasets.py
[2023-04-28T05:16:15.541+0000] {processor.py:743} INFO - Processing file /home/airflow/.local/lib/python3.7/site-packages/airflow/example_dags/example_datasets.py for tasks to queue
[2023-04-28T05:16:15.542+0000] {logging_mixin.py:137} INFO - [2023-04-28T05:16:15.542+0000] {dagbag.py:538} INFO - Filling up the DagBag from /home/airflow/.local/lib/python3.7/site-packages/airflow/example_dags/example_datasets.py
[2023-04-28T05:16:15.554+0000] {processor.py:753} INFO - DAG(s) dict_keys(['dataset_produces_1', 'dataset_consumes_unknown_never_scheduled', 'dataset_consumes_1_never_scheduled', 'dataset_consumes_1', 'dataset_produces_2', 'dataset_consumes_1_and_2']) retrieved from /home/airflow/.local/lib/python3.7/site-packages/airflow/example_dags/example_datasets.py
[2023-04-28T05:16:15.584+0000] {logging_mixin.py:137} INFO - [2023-04-28T05:16:15.584+0000] {dag.py:2690} INFO - Sync 6 DAGs
[2023-04-28T05:16:15.600+0000] {logging_mixin.py:137} INFO - [2023-04-28T05:16:15.600+0000] {dag.py:3441} INFO - Setting next_dagrun for dataset_consumes_1 to None, run_after=None
[2023-04-28T05:16:15.603+0000] {logging_mixin.py:137} INFO - [2023-04-28T05:16:15.603+0000] {dag.py:3441} INFO - Setting next_dagrun for dataset_consumes_1_and_2 to None, run_after=None
[2023-04-28T05:16:15.604+0000] {logging_mixin.py:137} INFO - [2023-04-28T05:16:15.604+0000] {dag.py:3441} INFO - Setting next_dagrun for dataset_consumes_1_never_scheduled to None, run_after=None
[2023-04-28T05:16:15.605+0000] {logging_mixin.py:137} INFO - [2023-04-28T05:16:15.605+0000] {dag.py:3441} INFO - Setting next_dagrun for dataset_consumes_unknown_never_scheduled to None, run_after=None
[2023-04-28T05:16:15.607+0000] {logging_mixin.py:137} INFO - [2023-04-28T05:16:15.607+0000] {dag.py:3441} INFO - Setting next_dagrun for dataset_produces_1 to 2023-04-27T00:00:00+00:00, run_after=2023-04-28T00:00:00+00:00
[2023-04-28T05:16:15.608+0000] {logging_mixin.py:137} INFO - [2023-04-28T05:16:15.608+0000] {dag.py:3441} INFO - Setting next_dagrun for dataset_produces_2 to None, run_after=None
[2023-04-28T05:16:15.626+0000] {processor.py:175} INFO - Processing /home/airflow/.local/lib/python3.7/site-packages/airflow/example_dags/example_datasets.py took 0.089 seconds
[2023-04-28T05:32:12.480+0000] {processor.py:153} INFO - Started process (PID=14921) to work on /home/airflow/.local/lib/python3.7/site-packages/airflow/example_dags/example_datasets.py
[2023-04-28T05:32:12.481+0000] {processor.py:743} INFO - Processing file /home/airflow/.local/lib/python3.7/site-packages/airflow/example_dags/example_datasets.py for tasks to queue
[2023-04-28T05:32:12.482+0000] {logging_mixin.py:137} INFO - [2023-04-28T05:32:12.482+0000] {dagbag.py:538} INFO - Filling up the DagBag from /home/airflow/.local/lib/python3.7/site-packages/airflow/example_dags/example_datasets.py
[2023-04-28T05:32:12.496+0000] {processor.py:753} INFO - DAG(s) dict_keys(['dataset_produces_1', 'dataset_consumes_1_and_2', 'dataset_consumes_1', 'dataset_consumes_1_never_scheduled', 'dataset_consumes_unknown_never_scheduled', 'dataset_produces_2']) retrieved from /home/airflow/.local/lib/python3.7/site-packages/airflow/example_dags/example_datasets.py
[2023-04-28T05:32:12.525+0000] {logging_mixin.py:137} INFO - [2023-04-28T05:32:12.525+0000] {dag.py:2690} INFO - Sync 6 DAGs
[2023-04-28T05:32:12.542+0000] {logging_mixin.py:137} INFO - [2023-04-28T05:32:12.541+0000] {dag.py:3441} INFO - Setting next_dagrun for dataset_consumes_1 to None, run_after=None
[2023-04-28T05:32:12.544+0000] {logging_mixin.py:137} INFO - [2023-04-28T05:32:12.544+0000] {dag.py:3441} INFO - Setting next_dagrun for dataset_consumes_1_and_2 to None, run_after=None
[2023-04-28T05:32:12.545+0000] {logging_mixin.py:137} INFO - [2023-04-28T05:32:12.545+0000] {dag.py:3441} INFO - Setting next_dagrun for dataset_consumes_1_never_scheduled to None, run_after=None
[2023-04-28T05:32:12.546+0000] {logging_mixin.py:137} INFO - [2023-04-28T05:32:12.546+0000] {dag.py:3441} INFO - Setting next_dagrun for dataset_consumes_unknown_never_scheduled to None, run_after=None
[2023-04-28T05:32:12.548+0000] {logging_mixin.py:137} INFO - [2023-04-28T05:32:12.548+0000] {dag.py:3441} INFO - Setting next_dagrun for dataset_produces_1 to 2023-04-27T00:00:00+00:00, run_after=2023-04-28T00:00:00+00:00
[2023-04-28T05:32:12.549+0000] {logging_mixin.py:137} INFO - [2023-04-28T05:32:12.549+0000] {dag.py:3441} INFO - Setting next_dagrun for dataset_produces_2 to None, run_after=None
[2023-04-28T05:32:12.568+0000] {processor.py:175} INFO - Processing /home/airflow/.local/lib/python3.7/site-packages/airflow/example_dags/example_datasets.py took 0.091 seconds
[2023-04-28T05:32:42.674+0000] {processor.py:153} INFO - Started process (PID=14998) to work on /home/airflow/.local/lib/python3.7/site-packages/airflow/example_dags/example_datasets.py
[2023-04-28T05:32:42.675+0000] {processor.py:743} INFO - Processing file /home/airflow/.local/lib/python3.7/site-packages/airflow/example_dags/example_datasets.py for tasks to queue
[2023-04-28T05:32:42.676+0000] {logging_mixin.py:137} INFO - [2023-04-28T05:32:42.676+0000] {dagbag.py:538} INFO - Filling up the DagBag from /home/airflow/.local/lib/python3.7/site-packages/airflow/example_dags/example_datasets.py
[2023-04-28T05:32:42.690+0000] {processor.py:753} INFO - DAG(s) dict_keys(['dataset_consumes_1', 'dataset_produces_1', 'dataset_consumes_1_never_scheduled', 'dataset_produces_2', 'dataset_consumes_unknown_never_scheduled', 'dataset_consumes_1_and_2']) retrieved from /home/airflow/.local/lib/python3.7/site-packages/airflow/example_dags/example_datasets.py
[2023-04-28T05:32:42.717+0000] {logging_mixin.py:137} INFO - [2023-04-28T05:32:42.716+0000] {dag.py:2690} INFO - Sync 6 DAGs
[2023-04-28T05:32:42.732+0000] {logging_mixin.py:137} INFO - [2023-04-28T05:32:42.732+0000] {dag.py:3441} INFO - Setting next_dagrun for dataset_consumes_1 to None, run_after=None
[2023-04-28T05:32:42.735+0000] {logging_mixin.py:137} INFO - [2023-04-28T05:32:42.735+0000] {dag.py:3441} INFO - Setting next_dagrun for dataset_consumes_1_and_2 to None, run_after=None
[2023-04-28T05:32:42.736+0000] {logging_mixin.py:137} INFO - [2023-04-28T05:32:42.736+0000] {dag.py:3441} INFO - Setting next_dagrun for dataset_consumes_1_never_scheduled to None, run_after=None
[2023-04-28T05:32:42.737+0000] {logging_mixin.py:137} INFO - [2023-04-28T05:32:42.737+0000] {dag.py:3441} INFO - Setting next_dagrun for dataset_consumes_unknown_never_scheduled to None, run_after=None
[2023-04-28T05:32:42.739+0000] {logging_mixin.py:137} INFO - [2023-04-28T05:32:42.739+0000] {dag.py:3441} INFO - Setting next_dagrun for dataset_produces_1 to 2023-04-27T00:00:00+00:00, run_after=2023-04-28T00:00:00+00:00
[2023-04-28T05:32:42.741+0000] {logging_mixin.py:137} INFO - [2023-04-28T05:32:42.741+0000] {dag.py:3441} INFO - Setting next_dagrun for dataset_produces_2 to None, run_after=None
[2023-04-28T05:32:42.758+0000] {processor.py:175} INFO - Processing /home/airflow/.local/lib/python3.7/site-packages/airflow/example_dags/example_datasets.py took 0.087 seconds
[2023-04-28T06:03:55.345+0000] {processor.py:153} INFO - Started process (PID=15065) to work on /home/airflow/.local/lib/python3.7/site-packages/airflow/example_dags/example_datasets.py
[2023-04-28T06:03:55.346+0000] {processor.py:743} INFO - Processing file /home/airflow/.local/lib/python3.7/site-packages/airflow/example_dags/example_datasets.py for tasks to queue
[2023-04-28T06:03:55.346+0000] {logging_mixin.py:137} INFO - [2023-04-28T06:03:55.346+0000] {dagbag.py:538} INFO - Filling up the DagBag from /home/airflow/.local/lib/python3.7/site-packages/airflow/example_dags/example_datasets.py
[2023-04-28T06:03:55.358+0000] {processor.py:753} INFO - DAG(s) dict_keys(['dataset_consumes_1_never_scheduled', 'dataset_consumes_1_and_2', 'dataset_produces_2', 'dataset_consumes_1', 'dataset_produces_1', 'dataset_consumes_unknown_never_scheduled']) retrieved from /home/airflow/.local/lib/python3.7/site-packages/airflow/example_dags/example_datasets.py
[2023-04-28T06:03:55.386+0000] {logging_mixin.py:137} INFO - [2023-04-28T06:03:55.385+0000] {dag.py:2690} INFO - Sync 6 DAGs
[2023-04-28T06:03:55.401+0000] {logging_mixin.py:137} INFO - [2023-04-28T06:03:55.401+0000] {dag.py:3441} INFO - Setting next_dagrun for dataset_consumes_1 to None, run_after=None
[2023-04-28T06:03:55.404+0000] {logging_mixin.py:137} INFO - [2023-04-28T06:03:55.404+0000] {dag.py:3441} INFO - Setting next_dagrun for dataset_consumes_1_and_2 to None, run_after=None
[2023-04-28T06:03:55.406+0000] {logging_mixin.py:137} INFO - [2023-04-28T06:03:55.406+0000] {dag.py:3441} INFO - Setting next_dagrun for dataset_consumes_1_never_scheduled to None, run_after=None
[2023-04-28T06:03:55.407+0000] {logging_mixin.py:137} INFO - [2023-04-28T06:03:55.407+0000] {dag.py:3441} INFO - Setting next_dagrun for dataset_consumes_unknown_never_scheduled to None, run_after=None
[2023-04-28T06:03:55.408+0000] {logging_mixin.py:137} INFO - [2023-04-28T06:03:55.408+0000] {dag.py:3441} INFO - Setting next_dagrun for dataset_produces_1 to 2023-04-27T00:00:00+00:00, run_after=2023-04-28T00:00:00+00:00
[2023-04-28T06:03:55.409+0000] {logging_mixin.py:137} INFO - [2023-04-28T06:03:55.409+0000] {dag.py:3441} INFO - Setting next_dagrun for dataset_produces_2 to None, run_after=None
[2023-04-28T06:03:55.428+0000] {processor.py:175} INFO - Processing /home/airflow/.local/lib/python3.7/site-packages/airflow/example_dags/example_datasets.py took 0.086 seconds
[2023-04-28T06:04:40.932+0000] {processor.py:153} INFO - Started process (PID=15144) to work on /home/airflow/.local/lib/python3.7/site-packages/airflow/example_dags/example_datasets.py
[2023-04-28T06:04:40.934+0000] {processor.py:743} INFO - Processing file /home/airflow/.local/lib/python3.7/site-packages/airflow/example_dags/example_datasets.py for tasks to queue
[2023-04-28T06:04:40.935+0000] {logging_mixin.py:137} INFO - [2023-04-28T06:04:40.935+0000] {dagbag.py:538} INFO - Filling up the DagBag from /home/airflow/.local/lib/python3.7/site-packages/airflow/example_dags/example_datasets.py
[2023-04-28T06:04:40.947+0000] {processor.py:753} INFO - DAG(s) dict_keys(['dataset_consumes_1_and_2', 'dataset_consumes_1', 'dataset_produces_1', 'dataset_consumes_1_never_scheduled', 'dataset_consumes_unknown_never_scheduled', 'dataset_produces_2']) retrieved from /home/airflow/.local/lib/python3.7/site-packages/airflow/example_dags/example_datasets.py
[2023-04-28T06:04:40.974+0000] {logging_mixin.py:137} INFO - [2023-04-28T06:04:40.974+0000] {dag.py:2690} INFO - Sync 6 DAGs
[2023-04-28T06:04:40.990+0000] {logging_mixin.py:137} INFO - [2023-04-28T06:04:40.990+0000] {dag.py:3441} INFO - Setting next_dagrun for dataset_consumes_1 to None, run_after=None
[2023-04-28T06:04:40.992+0000] {logging_mixin.py:137} INFO - [2023-04-28T06:04:40.992+0000] {dag.py:3441} INFO - Setting next_dagrun for dataset_consumes_1_and_2 to None, run_after=None
[2023-04-28T06:04:40.993+0000] {logging_mixin.py:137} INFO - [2023-04-28T06:04:40.993+0000] {dag.py:3441} INFO - Setting next_dagrun for dataset_consumes_1_never_scheduled to None, run_after=None
[2023-04-28T06:04:40.994+0000] {logging_mixin.py:137} INFO - [2023-04-28T06:04:40.994+0000] {dag.py:3441} INFO - Setting next_dagrun for dataset_consumes_unknown_never_scheduled to None, run_after=None
[2023-04-28T06:04:40.996+0000] {logging_mixin.py:137} INFO - [2023-04-28T06:04:40.996+0000] {dag.py:3441} INFO - Setting next_dagrun for dataset_produces_1 to 2023-04-27T00:00:00+00:00, run_after=2023-04-28T00:00:00+00:00
[2023-04-28T06:04:40.997+0000] {logging_mixin.py:137} INFO - [2023-04-28T06:04:40.997+0000] {dag.py:3441} INFO - Setting next_dagrun for dataset_produces_2 to None, run_after=None
[2023-04-28T06:04:41.016+0000] {processor.py:175} INFO - Processing /home/airflow/.local/lib/python3.7/site-packages/airflow/example_dags/example_datasets.py took 0.087 seconds
[2023-04-28T06:05:11.414+0000] {processor.py:153} INFO - Started process (PID=15222) to work on /home/airflow/.local/lib/python3.7/site-packages/airflow/example_dags/example_datasets.py
[2023-04-28T06:05:11.416+0000] {processor.py:743} INFO - Processing file /home/airflow/.local/lib/python3.7/site-packages/airflow/example_dags/example_datasets.py for tasks to queue
[2023-04-28T06:05:11.416+0000] {logging_mixin.py:137} INFO - [2023-04-28T06:05:11.416+0000] {dagbag.py:538} INFO - Filling up the DagBag from /home/airflow/.local/lib/python3.7/site-packages/airflow/example_dags/example_datasets.py
[2023-04-28T06:05:11.429+0000] {processor.py:753} INFO - DAG(s) dict_keys(['dataset_produces_2', 'dataset_consumes_1_and_2', 'dataset_consumes_unknown_never_scheduled', 'dataset_produces_1', 'dataset_consumes_1', 'dataset_consumes_1_never_scheduled']) retrieved from /home/airflow/.local/lib/python3.7/site-packages/airflow/example_dags/example_datasets.py
[2023-04-28T06:05:11.457+0000] {logging_mixin.py:137} INFO - [2023-04-28T06:05:11.457+0000] {dag.py:2690} INFO - Sync 6 DAGs
[2023-04-28T06:05:11.474+0000] {logging_mixin.py:137} INFO - [2023-04-28T06:05:11.473+0000] {dag.py:3441} INFO - Setting next_dagrun for dataset_consumes_1 to None, run_after=None
[2023-04-28T06:05:11.476+0000] {logging_mixin.py:137} INFO - [2023-04-28T06:05:11.476+0000] {dag.py:3441} INFO - Setting next_dagrun for dataset_consumes_1_and_2 to None, run_after=None
[2023-04-28T06:05:11.477+0000] {logging_mixin.py:137} INFO - [2023-04-28T06:05:11.477+0000] {dag.py:3441} INFO - Setting next_dagrun for dataset_consumes_1_never_scheduled to None, run_after=None
[2023-04-28T06:05:11.479+0000] {logging_mixin.py:137} INFO - [2023-04-28T06:05:11.479+0000] {dag.py:3441} INFO - Setting next_dagrun for dataset_consumes_unknown_never_scheduled to None, run_after=None
[2023-04-28T06:05:11.480+0000] {logging_mixin.py:137} INFO - [2023-04-28T06:05:11.480+0000] {dag.py:3441} INFO - Setting next_dagrun for dataset_produces_1 to 2023-04-27T00:00:00+00:00, run_after=2023-04-28T00:00:00+00:00
[2023-04-28T06:05:11.481+0000] {logging_mixin.py:137} INFO - [2023-04-28T06:05:11.481+0000] {dag.py:3441} INFO - Setting next_dagrun for dataset_produces_2 to None, run_after=None
[2023-04-28T06:05:11.499+0000] {processor.py:175} INFO - Processing /home/airflow/.local/lib/python3.7/site-packages/airflow/example_dags/example_datasets.py took 0.088 seconds
[2023-04-28T06:05:41.993+0000] {processor.py:153} INFO - Started process (PID=15288) to work on /home/airflow/.local/lib/python3.7/site-packages/airflow/example_dags/example_datasets.py
[2023-04-28T06:05:41.994+0000] {processor.py:743} INFO - Processing file /home/airflow/.local/lib/python3.7/site-packages/airflow/example_dags/example_datasets.py for tasks to queue
[2023-04-28T06:05:41.995+0000] {logging_mixin.py:137} INFO - [2023-04-28T06:05:41.995+0000] {dagbag.py:538} INFO - Filling up the DagBag from /home/airflow/.local/lib/python3.7/site-packages/airflow/example_dags/example_datasets.py
[2023-04-28T06:05:42.009+0000] {processor.py:753} INFO - DAG(s) dict_keys(['dataset_produces_2', 'dataset_consumes_1', 'dataset_consumes_1_never_scheduled', 'dataset_produces_1', 'dataset_consumes_1_and_2', 'dataset_consumes_unknown_never_scheduled']) retrieved from /home/airflow/.local/lib/python3.7/site-packages/airflow/example_dags/example_datasets.py
[2023-04-28T06:05:42.036+0000] {logging_mixin.py:137} INFO - [2023-04-28T06:05:42.036+0000] {dag.py:2690} INFO - Sync 6 DAGs
[2023-04-28T06:05:42.052+0000] {logging_mixin.py:137} INFO - [2023-04-28T06:05:42.052+0000] {dag.py:3441} INFO - Setting next_dagrun for dataset_consumes_1 to None, run_after=None
[2023-04-28T06:05:42.054+0000] {logging_mixin.py:137} INFO - [2023-04-28T06:05:42.054+0000] {dag.py:3441} INFO - Setting next_dagrun for dataset_consumes_1_and_2 to None, run_after=None
[2023-04-28T06:05:42.056+0000] {logging_mixin.py:137} INFO - [2023-04-28T06:05:42.056+0000] {dag.py:3441} INFO - Setting next_dagrun for dataset_consumes_1_never_scheduled to None, run_after=None
[2023-04-28T06:05:42.057+0000] {logging_mixin.py:137} INFO - [2023-04-28T06:05:42.057+0000] {dag.py:3441} INFO - Setting next_dagrun for dataset_consumes_unknown_never_scheduled to None, run_after=None
[2023-04-28T06:05:42.058+0000] {logging_mixin.py:137} INFO - [2023-04-28T06:05:42.058+0000] {dag.py:3441} INFO - Setting next_dagrun for dataset_produces_1 to 2023-04-27T00:00:00+00:00, run_after=2023-04-28T00:00:00+00:00
[2023-04-28T06:05:42.059+0000] {logging_mixin.py:137} INFO - [2023-04-28T06:05:42.059+0000] {dag.py:3441} INFO - Setting next_dagrun for dataset_produces_2 to None, run_after=None
[2023-04-28T06:05:42.078+0000] {processor.py:175} INFO - Processing /home/airflow/.local/lib/python3.7/site-packages/airflow/example_dags/example_datasets.py took 0.088 seconds
[2023-04-28T06:06:12.266+0000] {processor.py:153} INFO - Started process (PID=15368) to work on /home/airflow/.local/lib/python3.7/site-packages/airflow/example_dags/example_datasets.py
[2023-04-28T06:06:12.267+0000] {processor.py:743} INFO - Processing file /home/airflow/.local/lib/python3.7/site-packages/airflow/example_dags/example_datasets.py for tasks to queue
[2023-04-28T06:06:12.268+0000] {logging_mixin.py:137} INFO - [2023-04-28T06:06:12.268+0000] {dagbag.py:538} INFO - Filling up the DagBag from /home/airflow/.local/lib/python3.7/site-packages/airflow/example_dags/example_datasets.py
[2023-04-28T06:06:12.280+0000] {processor.py:753} INFO - DAG(s) dict_keys(['dataset_consumes_1_and_2', 'dataset_consumes_1', 'dataset_consumes_unknown_never_scheduled', 'dataset_produces_1', 'dataset_produces_2', 'dataset_consumes_1_never_scheduled']) retrieved from /home/airflow/.local/lib/python3.7/site-packages/airflow/example_dags/example_datasets.py
[2023-04-28T06:06:12.310+0000] {logging_mixin.py:137} INFO - [2023-04-28T06:06:12.310+0000] {dag.py:2690} INFO - Sync 6 DAGs
[2023-04-28T06:06:12.327+0000] {logging_mixin.py:137} INFO - [2023-04-28T06:06:12.327+0000] {dag.py:3441} INFO - Setting next_dagrun for dataset_consumes_1 to None, run_after=None
[2023-04-28T06:06:12.329+0000] {logging_mixin.py:137} INFO - [2023-04-28T06:06:12.329+0000] {dag.py:3441} INFO - Setting next_dagrun for dataset_consumes_1_and_2 to None, run_after=None
[2023-04-28T06:06:12.331+0000] {logging_mixin.py:137} INFO - [2023-04-28T06:06:12.330+0000] {dag.py:3441} INFO - Setting next_dagrun for dataset_consumes_1_never_scheduled to None, run_after=None
[2023-04-28T06:06:12.332+0000] {logging_mixin.py:137} INFO - [2023-04-28T06:06:12.332+0000] {dag.py:3441} INFO - Setting next_dagrun for dataset_consumes_unknown_never_scheduled to None, run_after=None
[2023-04-28T06:06:12.333+0000] {logging_mixin.py:137} INFO - [2023-04-28T06:06:12.333+0000] {dag.py:3441} INFO - Setting next_dagrun for dataset_produces_1 to 2023-04-27T00:00:00+00:00, run_after=2023-04-28T00:00:00+00:00
[2023-04-28T06:06:12.335+0000] {logging_mixin.py:137} INFO - [2023-04-28T06:06:12.335+0000] {dag.py:3441} INFO - Setting next_dagrun for dataset_produces_2 to None, run_after=None
[2023-04-28T06:06:12.352+0000] {processor.py:175} INFO - Processing /home/airflow/.local/lib/python3.7/site-packages/airflow/example_dags/example_datasets.py took 0.089 seconds
[2023-04-28T06:06:42.829+0000] {processor.py:153} INFO - Started process (PID=15445) to work on /home/airflow/.local/lib/python3.7/site-packages/airflow/example_dags/example_datasets.py
[2023-04-28T06:06:42.831+0000] {processor.py:743} INFO - Processing file /home/airflow/.local/lib/python3.7/site-packages/airflow/example_dags/example_datasets.py for tasks to queue
[2023-04-28T06:06:42.841+0000] {logging_mixin.py:137} INFO - [2023-04-28T06:06:42.835+0000] {dagbag.py:538} INFO - Filling up the DagBag from /home/airflow/.local/lib/python3.7/site-packages/airflow/example_dags/example_datasets.py
[2023-04-28T06:06:42.856+0000] {processor.py:753} INFO - DAG(s) dict_keys(['dataset_produces_2', 'dataset_consumes_unknown_never_scheduled', 'dataset_produces_1', 'dataset_consumes_1', 'dataset_consumes_1_never_scheduled', 'dataset_consumes_1_and_2']) retrieved from /home/airflow/.local/lib/python3.7/site-packages/airflow/example_dags/example_datasets.py
[2023-04-28T06:06:42.886+0000] {logging_mixin.py:137} INFO - [2023-04-28T06:06:42.885+0000] {dag.py:2690} INFO - Sync 6 DAGs
[2023-04-28T06:06:42.904+0000] {logging_mixin.py:137} INFO - [2023-04-28T06:06:42.904+0000] {dag.py:3441} INFO - Setting next_dagrun for dataset_consumes_1 to None, run_after=None
[2023-04-28T06:06:42.907+0000] {logging_mixin.py:137} INFO - [2023-04-28T06:06:42.907+0000] {dag.py:3441} INFO - Setting next_dagrun for dataset_consumes_1_and_2 to None, run_after=None
[2023-04-28T06:06:42.909+0000] {logging_mixin.py:137} INFO - [2023-04-28T06:06:42.908+0000] {dag.py:3441} INFO - Setting next_dagrun for dataset_consumes_1_never_scheduled to None, run_after=None
[2023-04-28T06:06:42.910+0000] {logging_mixin.py:137} INFO - [2023-04-28T06:06:42.910+0000] {dag.py:3441} INFO - Setting next_dagrun for dataset_consumes_unknown_never_scheduled to None, run_after=None
[2023-04-28T06:06:42.912+0000] {logging_mixin.py:137} INFO - [2023-04-28T06:06:42.912+0000] {dag.py:3441} INFO - Setting next_dagrun for dataset_produces_1 to 2023-04-27T00:00:00+00:00, run_after=2023-04-28T00:00:00+00:00
[2023-04-28T06:06:42.914+0000] {logging_mixin.py:137} INFO - [2023-04-28T06:06:42.914+0000] {dag.py:3441} INFO - Setting next_dagrun for dataset_produces_2 to None, run_after=None
[2023-04-28T06:06:42.934+0000] {processor.py:175} INFO - Processing /home/airflow/.local/lib/python3.7/site-packages/airflow/example_dags/example_datasets.py took 0.108 seconds
[2023-04-28T06:07:13.343+0000] {processor.py:153} INFO - Started process (PID=15512) to work on /home/airflow/.local/lib/python3.7/site-packages/airflow/example_dags/example_datasets.py
[2023-04-28T06:07:13.344+0000] {processor.py:743} INFO - Processing file /home/airflow/.local/lib/python3.7/site-packages/airflow/example_dags/example_datasets.py for tasks to queue
[2023-04-28T06:07:13.345+0000] {logging_mixin.py:137} INFO - [2023-04-28T06:07:13.345+0000] {dagbag.py:538} INFO - Filling up the DagBag from /home/airflow/.local/lib/python3.7/site-packages/airflow/example_dags/example_datasets.py
[2023-04-28T06:07:13.358+0000] {processor.py:753} INFO - DAG(s) dict_keys(['dataset_consumes_1_never_scheduled', 'dataset_consumes_unknown_never_scheduled', 'dataset_produces_1', 'dataset_consumes_1_and_2', 'dataset_consumes_1', 'dataset_produces_2']) retrieved from /home/airflow/.local/lib/python3.7/site-packages/airflow/example_dags/example_datasets.py
[2023-04-28T06:07:13.385+0000] {logging_mixin.py:137} INFO - [2023-04-28T06:07:13.385+0000] {dag.py:2690} INFO - Sync 6 DAGs
[2023-04-28T06:07:13.402+0000] {logging_mixin.py:137} INFO - [2023-04-28T06:07:13.402+0000] {dag.py:3441} INFO - Setting next_dagrun for dataset_consumes_1 to None, run_after=None
[2023-04-28T06:07:13.405+0000] {logging_mixin.py:137} INFO - [2023-04-28T06:07:13.405+0000] {dag.py:3441} INFO - Setting next_dagrun for dataset_consumes_1_and_2 to None, run_after=None
[2023-04-28T06:07:13.406+0000] {logging_mixin.py:137} INFO - [2023-04-28T06:07:13.406+0000] {dag.py:3441} INFO - Setting next_dagrun for dataset_consumes_1_never_scheduled to None, run_after=None
[2023-04-28T06:07:13.407+0000] {logging_mixin.py:137} INFO - [2023-04-28T06:07:13.407+0000] {dag.py:3441} INFO - Setting next_dagrun for dataset_consumes_unknown_never_scheduled to None, run_after=None
[2023-04-28T06:07:13.409+0000] {logging_mixin.py:137} INFO - [2023-04-28T06:07:13.409+0000] {dag.py:3441} INFO - Setting next_dagrun for dataset_produces_1 to 2023-04-27T00:00:00+00:00, run_after=2023-04-28T00:00:00+00:00
[2023-04-28T06:07:13.410+0000] {logging_mixin.py:137} INFO - [2023-04-28T06:07:13.410+0000] {dag.py:3441} INFO - Setting next_dagrun for dataset_produces_2 to None, run_after=None
[2023-04-28T06:07:13.427+0000] {processor.py:175} INFO - Processing /home/airflow/.local/lib/python3.7/site-packages/airflow/example_dags/example_datasets.py took 0.088 seconds
[2023-04-28T06:07:43.778+0000] {processor.py:153} INFO - Started process (PID=15590) to work on /home/airflow/.local/lib/python3.7/site-packages/airflow/example_dags/example_datasets.py
[2023-04-28T06:07:43.779+0000] {processor.py:743} INFO - Processing file /home/airflow/.local/lib/python3.7/site-packages/airflow/example_dags/example_datasets.py for tasks to queue
[2023-04-28T06:07:43.780+0000] {logging_mixin.py:137} INFO - [2023-04-28T06:07:43.780+0000] {dagbag.py:538} INFO - Filling up the DagBag from /home/airflow/.local/lib/python3.7/site-packages/airflow/example_dags/example_datasets.py
[2023-04-28T06:07:43.793+0000] {processor.py:753} INFO - DAG(s) dict_keys(['dataset_consumes_1', 'dataset_produces_2', 'dataset_consumes_unknown_never_scheduled', 'dataset_produces_1', 'dataset_consumes_1_and_2', 'dataset_consumes_1_never_scheduled']) retrieved from /home/airflow/.local/lib/python3.7/site-packages/airflow/example_dags/example_datasets.py
[2023-04-28T06:07:43.821+0000] {logging_mixin.py:137} INFO - [2023-04-28T06:07:43.821+0000] {dag.py:2690} INFO - Sync 6 DAGs
[2023-04-28T06:07:43.837+0000] {logging_mixin.py:137} INFO - [2023-04-28T06:07:43.837+0000] {dag.py:3441} INFO - Setting next_dagrun for dataset_consumes_1 to None, run_after=None
[2023-04-28T06:07:43.839+0000] {logging_mixin.py:137} INFO - [2023-04-28T06:07:43.839+0000] {dag.py:3441} INFO - Setting next_dagrun for dataset_consumes_1_and_2 to None, run_after=None
[2023-04-28T06:07:43.840+0000] {logging_mixin.py:137} INFO - [2023-04-28T06:07:43.840+0000] {dag.py:3441} INFO - Setting next_dagrun for dataset_consumes_1_never_scheduled to None, run_after=None
[2023-04-28T06:07:43.841+0000] {logging_mixin.py:137} INFO - [2023-04-28T06:07:43.841+0000] {dag.py:3441} INFO - Setting next_dagrun for dataset_consumes_unknown_never_scheduled to None, run_after=None
[2023-04-28T06:07:43.843+0000] {logging_mixin.py:137} INFO - [2023-04-28T06:07:43.843+0000] {dag.py:3441} INFO - Setting next_dagrun for dataset_produces_1 to 2023-04-27T00:00:00+00:00, run_after=2023-04-28T00:00:00+00:00
[2023-04-28T06:07:43.844+0000] {logging_mixin.py:137} INFO - [2023-04-28T06:07:43.844+0000] {dag.py:3441} INFO - Setting next_dagrun for dataset_produces_2 to None, run_after=None
[2023-04-28T06:07:43.864+0000] {processor.py:175} INFO - Processing /home/airflow/.local/lib/python3.7/site-packages/airflow/example_dags/example_datasets.py took 0.089 seconds
[2023-04-28T06:08:14.257+0000] {processor.py:153} INFO - Started process (PID=15668) to work on /home/airflow/.local/lib/python3.7/site-packages/airflow/example_dags/example_datasets.py
[2023-04-28T06:08:14.258+0000] {processor.py:743} INFO - Processing file /home/airflow/.local/lib/python3.7/site-packages/airflow/example_dags/example_datasets.py for tasks to queue
[2023-04-28T06:08:14.259+0000] {logging_mixin.py:137} INFO - [2023-04-28T06:08:14.259+0000] {dagbag.py:538} INFO - Filling up the DagBag from /home/airflow/.local/lib/python3.7/site-packages/airflow/example_dags/example_datasets.py
[2023-04-28T06:08:14.274+0000] {processor.py:753} INFO - DAG(s) dict_keys(['dataset_consumes_unknown_never_scheduled', 'dataset_consumes_1_and_2', 'dataset_produces_2', 'dataset_produces_1', 'dataset_consumes_1', 'dataset_consumes_1_never_scheduled']) retrieved from /home/airflow/.local/lib/python3.7/site-packages/airflow/example_dags/example_datasets.py
[2023-04-28T06:08:14.302+0000] {logging_mixin.py:137} INFO - [2023-04-28T06:08:14.302+0000] {dag.py:2690} INFO - Sync 6 DAGs
[2023-04-28T06:08:14.319+0000] {logging_mixin.py:137} INFO - [2023-04-28T06:08:14.319+0000] {dag.py:3441} INFO - Setting next_dagrun for dataset_consumes_1 to None, run_after=None
[2023-04-28T06:08:14.322+0000] {logging_mixin.py:137} INFO - [2023-04-28T06:08:14.322+0000] {dag.py:3441} INFO - Setting next_dagrun for dataset_consumes_1_and_2 to None, run_after=None
[2023-04-28T06:08:14.323+0000] {logging_mixin.py:137} INFO - [2023-04-28T06:08:14.323+0000] {dag.py:3441} INFO - Setting next_dagrun for dataset_consumes_1_never_scheduled to None, run_after=None
[2023-04-28T06:08:14.324+0000] {logging_mixin.py:137} INFO - [2023-04-28T06:08:14.324+0000] {dag.py:3441} INFO - Setting next_dagrun for dataset_consumes_unknown_never_scheduled to None, run_after=None
[2023-04-28T06:08:14.326+0000] {logging_mixin.py:137} INFO - [2023-04-28T06:08:14.326+0000] {dag.py:3441} INFO - Setting next_dagrun for dataset_produces_1 to 2023-04-27T00:00:00+00:00, run_after=2023-04-28T00:00:00+00:00
[2023-04-28T06:08:14.327+0000] {logging_mixin.py:137} INFO - [2023-04-28T06:08:14.327+0000] {dag.py:3441} INFO - Setting next_dagrun for dataset_produces_2 to None, run_after=None
[2023-04-28T06:08:14.345+0000] {processor.py:175} INFO - Processing /home/airflow/.local/lib/python3.7/site-packages/airflow/example_dags/example_datasets.py took 0.091 seconds
[2023-04-28T06:08:44.769+0000] {processor.py:153} INFO - Started process (PID=15734) to work on /home/airflow/.local/lib/python3.7/site-packages/airflow/example_dags/example_datasets.py
[2023-04-28T06:08:44.770+0000] {processor.py:743} INFO - Processing file /home/airflow/.local/lib/python3.7/site-packages/airflow/example_dags/example_datasets.py for tasks to queue
[2023-04-28T06:08:44.771+0000] {logging_mixin.py:137} INFO - [2023-04-28T06:08:44.771+0000] {dagbag.py:538} INFO - Filling up the DagBag from /home/airflow/.local/lib/python3.7/site-packages/airflow/example_dags/example_datasets.py
[2023-04-28T06:08:44.785+0000] {processor.py:753} INFO - DAG(s) dict_keys(['dataset_consumes_1_and_2', 'dataset_produces_2', 'dataset_consumes_1_never_scheduled', 'dataset_produces_1', 'dataset_consumes_1', 'dataset_consumes_unknown_never_scheduled']) retrieved from /home/airflow/.local/lib/python3.7/site-packages/airflow/example_dags/example_datasets.py
[2023-04-28T06:08:44.816+0000] {logging_mixin.py:137} INFO - [2023-04-28T06:08:44.816+0000] {dag.py:2690} INFO - Sync 6 DAGs
[2023-04-28T06:08:44.834+0000] {logging_mixin.py:137} INFO - [2023-04-28T06:08:44.834+0000] {dag.py:3441} INFO - Setting next_dagrun for dataset_consumes_1 to None, run_after=None
[2023-04-28T06:08:44.837+0000] {logging_mixin.py:137} INFO - [2023-04-28T06:08:44.837+0000] {dag.py:3441} INFO - Setting next_dagrun for dataset_consumes_1_and_2 to None, run_after=None
[2023-04-28T06:08:44.839+0000] {logging_mixin.py:137} INFO - [2023-04-28T06:08:44.838+0000] {dag.py:3441} INFO - Setting next_dagrun for dataset_consumes_1_never_scheduled to None, run_after=None
[2023-04-28T06:08:44.840+0000] {logging_mixin.py:137} INFO - [2023-04-28T06:08:44.840+0000] {dag.py:3441} INFO - Setting next_dagrun for dataset_consumes_unknown_never_scheduled to None, run_after=None
[2023-04-28T06:08:44.842+0000] {logging_mixin.py:137} INFO - [2023-04-28T06:08:44.842+0000] {dag.py:3441} INFO - Setting next_dagrun for dataset_produces_1 to 2023-04-27T00:00:00+00:00, run_after=2023-04-28T00:00:00+00:00
[2023-04-28T06:08:44.843+0000] {logging_mixin.py:137} INFO - [2023-04-28T06:08:44.843+0000] {dag.py:3441} INFO - Setting next_dagrun for dataset_produces_2 to None, run_after=None
[2023-04-28T06:08:44.870+0000] {processor.py:175} INFO - Processing /home/airflow/.local/lib/python3.7/site-packages/airflow/example_dags/example_datasets.py took 0.104 seconds
[2023-04-28T06:09:15.211+0000] {processor.py:153} INFO - Started process (PID=15812) to work on /home/airflow/.local/lib/python3.7/site-packages/airflow/example_dags/example_datasets.py
[2023-04-28T06:09:15.212+0000] {processor.py:743} INFO - Processing file /home/airflow/.local/lib/python3.7/site-packages/airflow/example_dags/example_datasets.py for tasks to queue
[2023-04-28T06:09:15.213+0000] {logging_mixin.py:137} INFO - [2023-04-28T06:09:15.213+0000] {dagbag.py:538} INFO - Filling up the DagBag from /home/airflow/.local/lib/python3.7/site-packages/airflow/example_dags/example_datasets.py
[2023-04-28T06:09:15.229+0000] {processor.py:753} INFO - DAG(s) dict_keys(['dataset_consumes_unknown_never_scheduled', 'dataset_produces_2', 'dataset_produces_1', 'dataset_consumes_1_never_scheduled', 'dataset_consumes_1', 'dataset_consumes_1_and_2']) retrieved from /home/airflow/.local/lib/python3.7/site-packages/airflow/example_dags/example_datasets.py
[2023-04-28T06:09:15.257+0000] {logging_mixin.py:137} INFO - [2023-04-28T06:09:15.257+0000] {dag.py:2690} INFO - Sync 6 DAGs
[2023-04-28T06:09:15.274+0000] {logging_mixin.py:137} INFO - [2023-04-28T06:09:15.274+0000] {dag.py:3441} INFO - Setting next_dagrun for dataset_consumes_1 to None, run_after=None
[2023-04-28T06:09:15.277+0000] {logging_mixin.py:137} INFO - [2023-04-28T06:09:15.277+0000] {dag.py:3441} INFO - Setting next_dagrun for dataset_consumes_1_and_2 to None, run_after=None
[2023-04-28T06:09:15.278+0000] {logging_mixin.py:137} INFO - [2023-04-28T06:09:15.278+0000] {dag.py:3441} INFO - Setting next_dagrun for dataset_consumes_1_never_scheduled to None, run_after=None
[2023-04-28T06:09:15.279+0000] {logging_mixin.py:137} INFO - [2023-04-28T06:09:15.279+0000] {dag.py:3441} INFO - Setting next_dagrun for dataset_consumes_unknown_never_scheduled to None, run_after=None
[2023-04-28T06:09:15.281+0000] {logging_mixin.py:137} INFO - [2023-04-28T06:09:15.281+0000] {dag.py:3441} INFO - Setting next_dagrun for dataset_produces_1 to 2023-04-27T00:00:00+00:00, run_after=2023-04-28T00:00:00+00:00
[2023-04-28T06:09:15.283+0000] {logging_mixin.py:137} INFO - [2023-04-28T06:09:15.283+0000] {dag.py:3441} INFO - Setting next_dagrun for dataset_produces_2 to None, run_after=None
[2023-04-28T06:09:15.304+0000] {processor.py:175} INFO - Processing /home/airflow/.local/lib/python3.7/site-packages/airflow/example_dags/example_datasets.py took 0.098 seconds
[2023-04-28T06:09:46.148+0000] {processor.py:153} INFO - Started process (PID=15891) to work on /home/airflow/.local/lib/python3.7/site-packages/airflow/example_dags/example_datasets.py
[2023-04-28T06:09:46.153+0000] {processor.py:743} INFO - Processing file /home/airflow/.local/lib/python3.7/site-packages/airflow/example_dags/example_datasets.py for tasks to queue
[2023-04-28T06:09:46.154+0000] {logging_mixin.py:137} INFO - [2023-04-28T06:09:46.154+0000] {dagbag.py:538} INFO - Filling up the DagBag from /home/airflow/.local/lib/python3.7/site-packages/airflow/example_dags/example_datasets.py
[2023-04-28T06:09:46.171+0000] {processor.py:753} INFO - DAG(s) dict_keys(['dataset_produces_2', 'dataset_consumes_1', 'dataset_consumes_unknown_never_scheduled', 'dataset_consumes_1_and_2', 'dataset_produces_1', 'dataset_consumes_1_never_scheduled']) retrieved from /home/airflow/.local/lib/python3.7/site-packages/airflow/example_dags/example_datasets.py
[2023-04-28T06:09:46.212+0000] {logging_mixin.py:137} INFO - [2023-04-28T06:09:46.212+0000] {dag.py:2690} INFO - Sync 6 DAGs
[2023-04-28T06:09:46.235+0000] {logging_mixin.py:137} INFO - [2023-04-28T06:09:46.235+0000] {dag.py:3441} INFO - Setting next_dagrun for dataset_consumes_1 to None, run_after=None
[2023-04-28T06:09:46.238+0000] {logging_mixin.py:137} INFO - [2023-04-28T06:09:46.238+0000] {dag.py:3441} INFO - Setting next_dagrun for dataset_consumes_1_and_2 to None, run_after=None
[2023-04-28T06:09:46.244+0000] {logging_mixin.py:137} INFO - [2023-04-28T06:09:46.244+0000] {dag.py:3441} INFO - Setting next_dagrun for dataset_consumes_1_never_scheduled to None, run_after=None
[2023-04-28T06:09:46.246+0000] {logging_mixin.py:137} INFO - [2023-04-28T06:09:46.246+0000] {dag.py:3441} INFO - Setting next_dagrun for dataset_consumes_unknown_never_scheduled to None, run_after=None
[2023-04-28T06:09:46.248+0000] {logging_mixin.py:137} INFO - [2023-04-28T06:09:46.248+0000] {dag.py:3441} INFO - Setting next_dagrun for dataset_produces_1 to 2023-04-27T00:00:00+00:00, run_after=2023-04-28T00:00:00+00:00
[2023-04-28T06:09:46.250+0000] {logging_mixin.py:137} INFO - [2023-04-28T06:09:46.250+0000] {dag.py:3441} INFO - Setting next_dagrun for dataset_produces_2 to None, run_after=None
[2023-04-28T06:09:46.272+0000] {processor.py:175} INFO - Processing /home/airflow/.local/lib/python3.7/site-packages/airflow/example_dags/example_datasets.py took 0.127 seconds
[2023-04-28T06:10:16.547+0000] {processor.py:153} INFO - Started process (PID=15956) to work on /home/airflow/.local/lib/python3.7/site-packages/airflow/example_dags/example_datasets.py
[2023-04-28T06:10:16.548+0000] {processor.py:743} INFO - Processing file /home/airflow/.local/lib/python3.7/site-packages/airflow/example_dags/example_datasets.py for tasks to queue
[2023-04-28T06:10:16.549+0000] {logging_mixin.py:137} INFO - [2023-04-28T06:10:16.548+0000] {dagbag.py:538} INFO - Filling up the DagBag from /home/airflow/.local/lib/python3.7/site-packages/airflow/example_dags/example_datasets.py
[2023-04-28T06:10:16.561+0000] {processor.py:753} INFO - DAG(s) dict_keys(['dataset_consumes_1', 'dataset_consumes_1_and_2', 'dataset_consumes_unknown_never_scheduled', 'dataset_produces_2', 'dataset_produces_1', 'dataset_consumes_1_never_scheduled']) retrieved from /home/airflow/.local/lib/python3.7/site-packages/airflow/example_dags/example_datasets.py
[2023-04-28T06:10:16.591+0000] {logging_mixin.py:137} INFO - [2023-04-28T06:10:16.591+0000] {dag.py:2690} INFO - Sync 6 DAGs
[2023-04-28T06:10:16.608+0000] {logging_mixin.py:137} INFO - [2023-04-28T06:10:16.608+0000] {dag.py:3441} INFO - Setting next_dagrun for dataset_consumes_1 to None, run_after=None
[2023-04-28T06:10:16.611+0000] {logging_mixin.py:137} INFO - [2023-04-28T06:10:16.611+0000] {dag.py:3441} INFO - Setting next_dagrun for dataset_consumes_1_and_2 to None, run_after=None
[2023-04-28T06:10:16.612+0000] {logging_mixin.py:137} INFO - [2023-04-28T06:10:16.612+0000] {dag.py:3441} INFO - Setting next_dagrun for dataset_consumes_1_never_scheduled to None, run_after=None
[2023-04-28T06:10:16.613+0000] {logging_mixin.py:137} INFO - [2023-04-28T06:10:16.613+0000] {dag.py:3441} INFO - Setting next_dagrun for dataset_consumes_unknown_never_scheduled to None, run_after=None
[2023-04-28T06:10:16.615+0000] {logging_mixin.py:137} INFO - [2023-04-28T06:10:16.615+0000] {dag.py:3441} INFO - Setting next_dagrun for dataset_produces_1 to 2023-04-27T00:00:00+00:00, run_after=2023-04-28T00:00:00+00:00
[2023-04-28T06:10:16.616+0000] {logging_mixin.py:137} INFO - [2023-04-28T06:10:16.616+0000] {dag.py:3441} INFO - Setting next_dagrun for dataset_produces_2 to None, run_after=None
[2023-04-28T06:10:16.634+0000] {processor.py:175} INFO - Processing /home/airflow/.local/lib/python3.7/site-packages/airflow/example_dags/example_datasets.py took 0.090 seconds
[2023-04-28T06:10:46.923+0000] {processor.py:153} INFO - Started process (PID=16034) to work on /home/airflow/.local/lib/python3.7/site-packages/airflow/example_dags/example_datasets.py
[2023-04-28T06:10:46.925+0000] {processor.py:743} INFO - Processing file /home/airflow/.local/lib/python3.7/site-packages/airflow/example_dags/example_datasets.py for tasks to queue
[2023-04-28T06:10:46.926+0000] {logging_mixin.py:137} INFO - [2023-04-28T06:10:46.926+0000] {dagbag.py:538} INFO - Filling up the DagBag from /home/airflow/.local/lib/python3.7/site-packages/airflow/example_dags/example_datasets.py
[2023-04-28T06:10:46.938+0000] {processor.py:753} INFO - DAG(s) dict_keys(['dataset_produces_1', 'dataset_consumes_1', 'dataset_consumes_unknown_never_scheduled', 'dataset_produces_2', 'dataset_consumes_1_and_2', 'dataset_consumes_1_never_scheduled']) retrieved from /home/airflow/.local/lib/python3.7/site-packages/airflow/example_dags/example_datasets.py
[2023-04-28T06:10:46.969+0000] {logging_mixin.py:137} INFO - [2023-04-28T06:10:46.969+0000] {dag.py:2690} INFO - Sync 6 DAGs
[2023-04-28T06:10:46.985+0000] {logging_mixin.py:137} INFO - [2023-04-28T06:10:46.985+0000] {dag.py:3441} INFO - Setting next_dagrun for dataset_consumes_1 to None, run_after=None
[2023-04-28T06:10:46.987+0000] {logging_mixin.py:137} INFO - [2023-04-28T06:10:46.987+0000] {dag.py:3441} INFO - Setting next_dagrun for dataset_consumes_1_and_2 to None, run_after=None
[2023-04-28T06:10:46.989+0000] {logging_mixin.py:137} INFO - [2023-04-28T06:10:46.989+0000] {dag.py:3441} INFO - Setting next_dagrun for dataset_consumes_1_never_scheduled to None, run_after=None
[2023-04-28T06:10:46.990+0000] {logging_mixin.py:137} INFO - [2023-04-28T06:10:46.990+0000] {dag.py:3441} INFO - Setting next_dagrun for dataset_consumes_unknown_never_scheduled to None, run_after=None
[2023-04-28T06:10:46.991+0000] {logging_mixin.py:137} INFO - [2023-04-28T06:10:46.991+0000] {dag.py:3441} INFO - Setting next_dagrun for dataset_produces_1 to 2023-04-27T00:00:00+00:00, run_after=2023-04-28T00:00:00+00:00
[2023-04-28T06:10:46.992+0000] {logging_mixin.py:137} INFO - [2023-04-28T06:10:46.992+0000] {dag.py:3441} INFO - Setting next_dagrun for dataset_produces_2 to None, run_after=None
[2023-04-28T06:10:47.010+0000] {processor.py:175} INFO - Processing /home/airflow/.local/lib/python3.7/site-packages/airflow/example_dags/example_datasets.py took 0.089 seconds
[2023-04-28T06:11:17.515+0000] {processor.py:153} INFO - Started process (PID=16112) to work on /home/airflow/.local/lib/python3.7/site-packages/airflow/example_dags/example_datasets.py
[2023-04-28T06:11:17.516+0000] {processor.py:743} INFO - Processing file /home/airflow/.local/lib/python3.7/site-packages/airflow/example_dags/example_datasets.py for tasks to queue
[2023-04-28T06:11:17.517+0000] {logging_mixin.py:137} INFO - [2023-04-28T06:11:17.517+0000] {dagbag.py:538} INFO - Filling up the DagBag from /home/airflow/.local/lib/python3.7/site-packages/airflow/example_dags/example_datasets.py
[2023-04-28T06:11:17.531+0000] {processor.py:753} INFO - DAG(s) dict_keys(['dataset_consumes_unknown_never_scheduled', 'dataset_consumes_1', 'dataset_produces_1', 'dataset_consumes_1_and_2', 'dataset_consumes_1_never_scheduled', 'dataset_produces_2']) retrieved from /home/airflow/.local/lib/python3.7/site-packages/airflow/example_dags/example_datasets.py
[2023-04-28T06:11:17.568+0000] {logging_mixin.py:137} INFO - [2023-04-28T06:11:17.568+0000] {dag.py:2690} INFO - Sync 6 DAGs
[2023-04-28T06:11:17.586+0000] {logging_mixin.py:137} INFO - [2023-04-28T06:11:17.586+0000] {dag.py:3441} INFO - Setting next_dagrun for dataset_consumes_1 to None, run_after=None
[2023-04-28T06:11:17.589+0000] {logging_mixin.py:137} INFO - [2023-04-28T06:11:17.589+0000] {dag.py:3441} INFO - Setting next_dagrun for dataset_consumes_1_and_2 to None, run_after=None
[2023-04-28T06:11:17.591+0000] {logging_mixin.py:137} INFO - [2023-04-28T06:11:17.591+0000] {dag.py:3441} INFO - Setting next_dagrun for dataset_consumes_1_never_scheduled to None, run_after=None
[2023-04-28T06:11:17.592+0000] {logging_mixin.py:137} INFO - [2023-04-28T06:11:17.592+0000] {dag.py:3441} INFO - Setting next_dagrun for dataset_consumes_unknown_never_scheduled to None, run_after=None
[2023-04-28T06:11:17.594+0000] {logging_mixin.py:137} INFO - [2023-04-28T06:11:17.593+0000] {dag.py:3441} INFO - Setting next_dagrun for dataset_produces_1 to 2023-04-27T00:00:00+00:00, run_after=2023-04-28T00:00:00+00:00
[2023-04-28T06:11:17.595+0000] {logging_mixin.py:137} INFO - [2023-04-28T06:11:17.595+0000] {dag.py:3441} INFO - Setting next_dagrun for dataset_produces_2 to None, run_after=None
[2023-04-28T06:11:17.620+0000] {processor.py:175} INFO - Processing /home/airflow/.local/lib/python3.7/site-packages/airflow/example_dags/example_datasets.py took 0.108 seconds
[2023-04-28T06:11:47.873+0000] {processor.py:153} INFO - Started process (PID=16178) to work on /home/airflow/.local/lib/python3.7/site-packages/airflow/example_dags/example_datasets.py
[2023-04-28T06:11:47.875+0000] {processor.py:743} INFO - Processing file /home/airflow/.local/lib/python3.7/site-packages/airflow/example_dags/example_datasets.py for tasks to queue
[2023-04-28T06:11:47.876+0000] {logging_mixin.py:137} INFO - [2023-04-28T06:11:47.875+0000] {dagbag.py:538} INFO - Filling up the DagBag from /home/airflow/.local/lib/python3.7/site-packages/airflow/example_dags/example_datasets.py
[2023-04-28T06:11:47.888+0000] {processor.py:753} INFO - DAG(s) dict_keys(['dataset_consumes_1', 'dataset_consumes_unknown_never_scheduled', 'dataset_produces_2', 'dataset_consumes_1_never_scheduled', 'dataset_produces_1', 'dataset_consumes_1_and_2']) retrieved from /home/airflow/.local/lib/python3.7/site-packages/airflow/example_dags/example_datasets.py
[2023-04-28T06:11:47.918+0000] {logging_mixin.py:137} INFO - [2023-04-28T06:11:47.918+0000] {dag.py:2690} INFO - Sync 6 DAGs
[2023-04-28T06:11:47.935+0000] {logging_mixin.py:137} INFO - [2023-04-28T06:11:47.935+0000] {dag.py:3441} INFO - Setting next_dagrun for dataset_consumes_1 to None, run_after=None
[2023-04-28T06:11:47.938+0000] {logging_mixin.py:137} INFO - [2023-04-28T06:11:47.938+0000] {dag.py:3441} INFO - Setting next_dagrun for dataset_consumes_1_and_2 to None, run_after=None
[2023-04-28T06:11:47.939+0000] {logging_mixin.py:137} INFO - [2023-04-28T06:11:47.939+0000] {dag.py:3441} INFO - Setting next_dagrun for dataset_consumes_1_never_scheduled to None, run_after=None
[2023-04-28T06:11:47.941+0000] {logging_mixin.py:137} INFO - [2023-04-28T06:11:47.941+0000] {dag.py:3441} INFO - Setting next_dagrun for dataset_consumes_unknown_never_scheduled to None, run_after=None
[2023-04-28T06:11:47.943+0000] {logging_mixin.py:137} INFO - [2023-04-28T06:11:47.943+0000] {dag.py:3441} INFO - Setting next_dagrun for dataset_produces_1 to 2023-04-27T00:00:00+00:00, run_after=2023-04-28T00:00:00+00:00
[2023-04-28T06:11:47.945+0000] {logging_mixin.py:137} INFO - [2023-04-28T06:11:47.945+0000] {dag.py:3441} INFO - Setting next_dagrun for dataset_produces_2 to None, run_after=None
[2023-04-28T06:11:47.963+0000] {processor.py:175} INFO - Processing /home/airflow/.local/lib/python3.7/site-packages/airflow/example_dags/example_datasets.py took 0.093 seconds
[2023-04-28T06:12:18.601+0000] {processor.py:153} INFO - Started process (PID=16256) to work on /home/airflow/.local/lib/python3.7/site-packages/airflow/example_dags/example_datasets.py
[2023-04-28T06:12:18.602+0000] {processor.py:743} INFO - Processing file /home/airflow/.local/lib/python3.7/site-packages/airflow/example_dags/example_datasets.py for tasks to queue
[2023-04-28T06:12:18.603+0000] {logging_mixin.py:137} INFO - [2023-04-28T06:12:18.602+0000] {dagbag.py:538} INFO - Filling up the DagBag from /home/airflow/.local/lib/python3.7/site-packages/airflow/example_dags/example_datasets.py
[2023-04-28T06:12:18.615+0000] {processor.py:753} INFO - DAG(s) dict_keys(['dataset_produces_2', 'dataset_consumes_1', 'dataset_consumes_1_and_2', 'dataset_consumes_1_never_scheduled', 'dataset_consumes_unknown_never_scheduled', 'dataset_produces_1']) retrieved from /home/airflow/.local/lib/python3.7/site-packages/airflow/example_dags/example_datasets.py
[2023-04-28T06:12:18.645+0000] {logging_mixin.py:137} INFO - [2023-04-28T06:12:18.645+0000] {dag.py:2690} INFO - Sync 6 DAGs
[2023-04-28T06:12:18.661+0000] {logging_mixin.py:137} INFO - [2023-04-28T06:12:18.661+0000] {dag.py:3441} INFO - Setting next_dagrun for dataset_consumes_1 to None, run_after=None
[2023-04-28T06:12:18.664+0000] {logging_mixin.py:137} INFO - [2023-04-28T06:12:18.664+0000] {dag.py:3441} INFO - Setting next_dagrun for dataset_consumes_1_and_2 to None, run_after=None
[2023-04-28T06:12:18.665+0000] {logging_mixin.py:137} INFO - [2023-04-28T06:12:18.665+0000] {dag.py:3441} INFO - Setting next_dagrun for dataset_consumes_1_never_scheduled to None, run_after=None
[2023-04-28T06:12:18.667+0000] {logging_mixin.py:137} INFO - [2023-04-28T06:12:18.667+0000] {dag.py:3441} INFO - Setting next_dagrun for dataset_consumes_unknown_never_scheduled to None, run_after=None
[2023-04-28T06:12:18.669+0000] {logging_mixin.py:137} INFO - [2023-04-28T06:12:18.669+0000] {dag.py:3441} INFO - Setting next_dagrun for dataset_produces_1 to 2023-04-27T00:00:00+00:00, run_after=2023-04-28T00:00:00+00:00
[2023-04-28T06:12:18.670+0000] {logging_mixin.py:137} INFO - [2023-04-28T06:12:18.670+0000] {dag.py:3441} INFO - Setting next_dagrun for dataset_produces_2 to None, run_after=None
[2023-04-28T06:12:18.687+0000] {processor.py:175} INFO - Processing /home/airflow/.local/lib/python3.7/site-packages/airflow/example_dags/example_datasets.py took 0.089 seconds
[2023-04-28T06:12:49.273+0000] {processor.py:153} INFO - Started process (PID=16333) to work on /home/airflow/.local/lib/python3.7/site-packages/airflow/example_dags/example_datasets.py
[2023-04-28T06:12:49.274+0000] {processor.py:743} INFO - Processing file /home/airflow/.local/lib/python3.7/site-packages/airflow/example_dags/example_datasets.py for tasks to queue
[2023-04-28T06:12:49.275+0000] {logging_mixin.py:137} INFO - [2023-04-28T06:12:49.275+0000] {dagbag.py:538} INFO - Filling up the DagBag from /home/airflow/.local/lib/python3.7/site-packages/airflow/example_dags/example_datasets.py
[2023-04-28T06:12:49.288+0000] {processor.py:753} INFO - DAG(s) dict_keys(['dataset_produces_2', 'dataset_consumes_1', 'dataset_consumes_1_and_2', 'dataset_produces_1', 'dataset_consumes_unknown_never_scheduled', 'dataset_consumes_1_never_scheduled']) retrieved from /home/airflow/.local/lib/python3.7/site-packages/airflow/example_dags/example_datasets.py
[2023-04-28T06:12:49.319+0000] {logging_mixin.py:137} INFO - [2023-04-28T06:12:49.319+0000] {dag.py:2690} INFO - Sync 6 DAGs
[2023-04-28T06:12:49.335+0000] {logging_mixin.py:137} INFO - [2023-04-28T06:12:49.335+0000] {dag.py:3441} INFO - Setting next_dagrun for dataset_consumes_1 to None, run_after=None
[2023-04-28T06:12:49.338+0000] {logging_mixin.py:137} INFO - [2023-04-28T06:12:49.338+0000] {dag.py:3441} INFO - Setting next_dagrun for dataset_consumes_1_and_2 to None, run_after=None
[2023-04-28T06:12:49.339+0000] {logging_mixin.py:137} INFO - [2023-04-28T06:12:49.339+0000] {dag.py:3441} INFO - Setting next_dagrun for dataset_consumes_1_never_scheduled to None, run_after=None
[2023-04-28T06:12:49.340+0000] {logging_mixin.py:137} INFO - [2023-04-28T06:12:49.340+0000] {dag.py:3441} INFO - Setting next_dagrun for dataset_consumes_unknown_never_scheduled to None, run_after=None
[2023-04-28T06:12:49.342+0000] {logging_mixin.py:137} INFO - [2023-04-28T06:12:49.342+0000] {dag.py:3441} INFO - Setting next_dagrun for dataset_produces_1 to 2023-04-27T00:00:00+00:00, run_after=2023-04-28T00:00:00+00:00
[2023-04-28T06:12:49.343+0000] {logging_mixin.py:137} INFO - [2023-04-28T06:12:49.343+0000] {dag.py:3441} INFO - Setting next_dagrun for dataset_produces_2 to None, run_after=None
[2023-04-28T06:12:49.362+0000] {processor.py:175} INFO - Processing /home/airflow/.local/lib/python3.7/site-packages/airflow/example_dags/example_datasets.py took 0.092 seconds
[2023-04-28T06:13:19.708+0000] {processor.py:153} INFO - Started process (PID=16400) to work on /home/airflow/.local/lib/python3.7/site-packages/airflow/example_dags/example_datasets.py
[2023-04-28T06:13:19.709+0000] {processor.py:743} INFO - Processing file /home/airflow/.local/lib/python3.7/site-packages/airflow/example_dags/example_datasets.py for tasks to queue
[2023-04-28T06:13:19.710+0000] {logging_mixin.py:137} INFO - [2023-04-28T06:13:19.710+0000] {dagbag.py:538} INFO - Filling up the DagBag from /home/airflow/.local/lib/python3.7/site-packages/airflow/example_dags/example_datasets.py
[2023-04-28T06:13:19.724+0000] {processor.py:753} INFO - DAG(s) dict_keys(['dataset_produces_1', 'dataset_consumes_unknown_never_scheduled', 'dataset_consumes_1_and_2', 'dataset_produces_2', 'dataset_consumes_1', 'dataset_consumes_1_never_scheduled']) retrieved from /home/airflow/.local/lib/python3.7/site-packages/airflow/example_dags/example_datasets.py
[2023-04-28T06:13:19.755+0000] {logging_mixin.py:137} INFO - [2023-04-28T06:13:19.755+0000] {dag.py:2690} INFO - Sync 6 DAGs
[2023-04-28T06:13:19.773+0000] {logging_mixin.py:137} INFO - [2023-04-28T06:13:19.773+0000] {dag.py:3441} INFO - Setting next_dagrun for dataset_consumes_1 to None, run_after=None
[2023-04-28T06:13:19.776+0000] {logging_mixin.py:137} INFO - [2023-04-28T06:13:19.776+0000] {dag.py:3441} INFO - Setting next_dagrun for dataset_consumes_1_and_2 to None, run_after=None
[2023-04-28T06:13:19.777+0000] {logging_mixin.py:137} INFO - [2023-04-28T06:13:19.777+0000] {dag.py:3441} INFO - Setting next_dagrun for dataset_consumes_1_never_scheduled to None, run_after=None
[2023-04-28T06:13:19.778+0000] {logging_mixin.py:137} INFO - [2023-04-28T06:13:19.778+0000] {dag.py:3441} INFO - Setting next_dagrun for dataset_consumes_unknown_never_scheduled to None, run_after=None
[2023-04-28T06:13:19.780+0000] {logging_mixin.py:137} INFO - [2023-04-28T06:13:19.780+0000] {dag.py:3441} INFO - Setting next_dagrun for dataset_produces_1 to 2023-04-27T00:00:00+00:00, run_after=2023-04-28T00:00:00+00:00
[2023-04-28T06:13:19.782+0000] {logging_mixin.py:137} INFO - [2023-04-28T06:13:19.782+0000] {dag.py:3441} INFO - Setting next_dagrun for dataset_produces_2 to None, run_after=None
[2023-04-28T06:13:19.818+0000] {processor.py:175} INFO - Processing /home/airflow/.local/lib/python3.7/site-packages/airflow/example_dags/example_datasets.py took 0.113 seconds
[2023-04-28T06:13:50.100+0000] {processor.py:153} INFO - Started process (PID=16478) to work on /home/airflow/.local/lib/python3.7/site-packages/airflow/example_dags/example_datasets.py
[2023-04-28T06:13:50.102+0000] {processor.py:743} INFO - Processing file /home/airflow/.local/lib/python3.7/site-packages/airflow/example_dags/example_datasets.py for tasks to queue
[2023-04-28T06:13:50.102+0000] {logging_mixin.py:137} INFO - [2023-04-28T06:13:50.102+0000] {dagbag.py:538} INFO - Filling up the DagBag from /home/airflow/.local/lib/python3.7/site-packages/airflow/example_dags/example_datasets.py
[2023-04-28T06:13:50.116+0000] {processor.py:753} INFO - DAG(s) dict_keys(['dataset_produces_2', 'dataset_produces_1', 'dataset_consumes_unknown_never_scheduled', 'dataset_consumes_1', 'dataset_consumes_1_and_2', 'dataset_consumes_1_never_scheduled']) retrieved from /home/airflow/.local/lib/python3.7/site-packages/airflow/example_dags/example_datasets.py
[2023-04-28T06:13:50.144+0000] {logging_mixin.py:137} INFO - [2023-04-28T06:13:50.144+0000] {dag.py:2690} INFO - Sync 6 DAGs
[2023-04-28T06:13:50.160+0000] {logging_mixin.py:137} INFO - [2023-04-28T06:13:50.160+0000] {dag.py:3441} INFO - Setting next_dagrun for dataset_consumes_1 to None, run_after=None
[2023-04-28T06:13:50.163+0000] {logging_mixin.py:137} INFO - [2023-04-28T06:13:50.163+0000] {dag.py:3441} INFO - Setting next_dagrun for dataset_consumes_1_and_2 to None, run_after=None
[2023-04-28T06:13:50.164+0000] {logging_mixin.py:137} INFO - [2023-04-28T06:13:50.164+0000] {dag.py:3441} INFO - Setting next_dagrun for dataset_consumes_1_never_scheduled to None, run_after=None
[2023-04-28T06:13:50.165+0000] {logging_mixin.py:137} INFO - [2023-04-28T06:13:50.165+0000] {dag.py:3441} INFO - Setting next_dagrun for dataset_consumes_unknown_never_scheduled to None, run_after=None
[2023-04-28T06:13:50.167+0000] {logging_mixin.py:137} INFO - [2023-04-28T06:13:50.167+0000] {dag.py:3441} INFO - Setting next_dagrun for dataset_produces_1 to 2023-04-27T00:00:00+00:00, run_after=2023-04-28T00:00:00+00:00
[2023-04-28T06:13:50.168+0000] {logging_mixin.py:137} INFO - [2023-04-28T06:13:50.168+0000] {dag.py:3441} INFO - Setting next_dagrun for dataset_produces_2 to None, run_after=None
[2023-04-28T06:13:50.185+0000] {processor.py:175} INFO - Processing /home/airflow/.local/lib/python3.7/site-packages/airflow/example_dags/example_datasets.py took 0.087 seconds
[2023-04-28T06:14:20.533+0000] {processor.py:153} INFO - Started process (PID=16556) to work on /home/airflow/.local/lib/python3.7/site-packages/airflow/example_dags/example_datasets.py
[2023-04-28T06:14:20.535+0000] {processor.py:743} INFO - Processing file /home/airflow/.local/lib/python3.7/site-packages/airflow/example_dags/example_datasets.py for tasks to queue
[2023-04-28T06:14:20.535+0000] {logging_mixin.py:137} INFO - [2023-04-28T06:14:20.535+0000] {dagbag.py:538} INFO - Filling up the DagBag from /home/airflow/.local/lib/python3.7/site-packages/airflow/example_dags/example_datasets.py
[2023-04-28T06:14:20.549+0000] {processor.py:753} INFO - DAG(s) dict_keys(['dataset_consumes_1_never_scheduled', 'dataset_consumes_1', 'dataset_produces_2', 'dataset_produces_1', 'dataset_consumes_unknown_never_scheduled', 'dataset_consumes_1_and_2']) retrieved from /home/airflow/.local/lib/python3.7/site-packages/airflow/example_dags/example_datasets.py
[2023-04-28T06:14:20.577+0000] {logging_mixin.py:137} INFO - [2023-04-28T06:14:20.577+0000] {dag.py:2690} INFO - Sync 6 DAGs
[2023-04-28T06:14:20.593+0000] {logging_mixin.py:137} INFO - [2023-04-28T06:14:20.593+0000] {dag.py:3441} INFO - Setting next_dagrun for dataset_consumes_1 to None, run_after=None
[2023-04-28T06:14:20.596+0000] {logging_mixin.py:137} INFO - [2023-04-28T06:14:20.596+0000] {dag.py:3441} INFO - Setting next_dagrun for dataset_consumes_1_and_2 to None, run_after=None
[2023-04-28T06:14:20.597+0000] {logging_mixin.py:137} INFO - [2023-04-28T06:14:20.597+0000] {dag.py:3441} INFO - Setting next_dagrun for dataset_consumes_1_never_scheduled to None, run_after=None
[2023-04-28T06:14:20.598+0000] {logging_mixin.py:137} INFO - [2023-04-28T06:14:20.598+0000] {dag.py:3441} INFO - Setting next_dagrun for dataset_consumes_unknown_never_scheduled to None, run_after=None
[2023-04-28T06:14:20.600+0000] {logging_mixin.py:137} INFO - [2023-04-28T06:14:20.600+0000] {dag.py:3441} INFO - Setting next_dagrun for dataset_produces_1 to 2023-04-27T00:00:00+00:00, run_after=2023-04-28T00:00:00+00:00
[2023-04-28T06:14:20.601+0000] {logging_mixin.py:137} INFO - [2023-04-28T06:14:20.601+0000] {dag.py:3441} INFO - Setting next_dagrun for dataset_produces_2 to None, run_after=None
[2023-04-28T06:14:20.619+0000] {processor.py:175} INFO - Processing /home/airflow/.local/lib/python3.7/site-packages/airflow/example_dags/example_datasets.py took 0.088 seconds
[2023-04-28T06:14:50.869+0000] {processor.py:153} INFO - Started process (PID=16621) to work on /home/airflow/.local/lib/python3.7/site-packages/airflow/example_dags/example_datasets.py
[2023-04-28T06:14:50.871+0000] {processor.py:743} INFO - Processing file /home/airflow/.local/lib/python3.7/site-packages/airflow/example_dags/example_datasets.py for tasks to queue
[2023-04-28T06:14:50.871+0000] {logging_mixin.py:137} INFO - [2023-04-28T06:14:50.871+0000] {dagbag.py:538} INFO - Filling up the DagBag from /home/airflow/.local/lib/python3.7/site-packages/airflow/example_dags/example_datasets.py
[2023-04-28T06:14:50.885+0000] {processor.py:753} INFO - DAG(s) dict_keys(['dataset_produces_2', 'dataset_consumes_unknown_never_scheduled', 'dataset_produces_1', 'dataset_consumes_1_never_scheduled', 'dataset_consumes_1_and_2', 'dataset_consumes_1']) retrieved from /home/airflow/.local/lib/python3.7/site-packages/airflow/example_dags/example_datasets.py
[2023-04-28T06:14:50.915+0000] {logging_mixin.py:137} INFO - [2023-04-28T06:14:50.915+0000] {dag.py:2690} INFO - Sync 6 DAGs
[2023-04-28T06:14:50.931+0000] {logging_mixin.py:137} INFO - [2023-04-28T06:14:50.931+0000] {dag.py:3441} INFO - Setting next_dagrun for dataset_consumes_1 to None, run_after=None
[2023-04-28T06:14:50.935+0000] {logging_mixin.py:137} INFO - [2023-04-28T06:14:50.935+0000] {dag.py:3441} INFO - Setting next_dagrun for dataset_consumes_1_and_2 to None, run_after=None
[2023-04-28T06:14:50.936+0000] {logging_mixin.py:137} INFO - [2023-04-28T06:14:50.936+0000] {dag.py:3441} INFO - Setting next_dagrun for dataset_consumes_1_never_scheduled to None, run_after=None
[2023-04-28T06:14:50.937+0000] {logging_mixin.py:137} INFO - [2023-04-28T06:14:50.937+0000] {dag.py:3441} INFO - Setting next_dagrun for dataset_consumes_unknown_never_scheduled to None, run_after=None
[2023-04-28T06:14:50.939+0000] {logging_mixin.py:137} INFO - [2023-04-28T06:14:50.939+0000] {dag.py:3441} INFO - Setting next_dagrun for dataset_produces_1 to 2023-04-27T00:00:00+00:00, run_after=2023-04-28T00:00:00+00:00
[2023-04-28T06:14:50.940+0000] {logging_mixin.py:137} INFO - [2023-04-28T06:14:50.940+0000] {dag.py:3441} INFO - Setting next_dagrun for dataset_produces_2 to None, run_after=None
[2023-04-28T06:14:50.958+0000] {processor.py:175} INFO - Processing /home/airflow/.local/lib/python3.7/site-packages/airflow/example_dags/example_datasets.py took 0.092 seconds
[2023-04-28T06:15:21.433+0000] {processor.py:153} INFO - Started process (PID=16699) to work on /home/airflow/.local/lib/python3.7/site-packages/airflow/example_dags/example_datasets.py
[2023-04-28T06:15:21.434+0000] {processor.py:743} INFO - Processing file /home/airflow/.local/lib/python3.7/site-packages/airflow/example_dags/example_datasets.py for tasks to queue
[2023-04-28T06:15:21.435+0000] {logging_mixin.py:137} INFO - [2023-04-28T06:15:21.435+0000] {dagbag.py:538} INFO - Filling up the DagBag from /home/airflow/.local/lib/python3.7/site-packages/airflow/example_dags/example_datasets.py
[2023-04-28T06:15:21.447+0000] {processor.py:753} INFO - DAG(s) dict_keys(['dataset_produces_1', 'dataset_consumes_1', 'dataset_consumes_1_and_2', 'dataset_consumes_1_never_scheduled', 'dataset_produces_2', 'dataset_consumes_unknown_never_scheduled']) retrieved from /home/airflow/.local/lib/python3.7/site-packages/airflow/example_dags/example_datasets.py
[2023-04-28T06:15:21.475+0000] {logging_mixin.py:137} INFO - [2023-04-28T06:15:21.475+0000] {dag.py:2690} INFO - Sync 6 DAGs
[2023-04-28T06:15:21.492+0000] {logging_mixin.py:137} INFO - [2023-04-28T06:15:21.492+0000] {dag.py:3441} INFO - Setting next_dagrun for dataset_consumes_1 to None, run_after=None
[2023-04-28T06:15:21.495+0000] {logging_mixin.py:137} INFO - [2023-04-28T06:15:21.494+0000] {dag.py:3441} INFO - Setting next_dagrun for dataset_consumes_1_and_2 to None, run_after=None
[2023-04-28T06:15:21.496+0000] {logging_mixin.py:137} INFO - [2023-04-28T06:15:21.496+0000] {dag.py:3441} INFO - Setting next_dagrun for dataset_consumes_1_never_scheduled to None, run_after=None
[2023-04-28T06:15:21.497+0000] {logging_mixin.py:137} INFO - [2023-04-28T06:15:21.497+0000] {dag.py:3441} INFO - Setting next_dagrun for dataset_consumes_unknown_never_scheduled to None, run_after=None
[2023-04-28T06:15:21.498+0000] {logging_mixin.py:137} INFO - [2023-04-28T06:15:21.498+0000] {dag.py:3441} INFO - Setting next_dagrun for dataset_produces_1 to 2023-04-27T00:00:00+00:00, run_after=2023-04-28T00:00:00+00:00
[2023-04-28T06:15:21.499+0000] {logging_mixin.py:137} INFO - [2023-04-28T06:15:21.499+0000] {dag.py:3441} INFO - Setting next_dagrun for dataset_produces_2 to None, run_after=None
[2023-04-28T06:15:21.518+0000] {processor.py:175} INFO - Processing /home/airflow/.local/lib/python3.7/site-packages/airflow/example_dags/example_datasets.py took 0.089 seconds
[2023-04-28T06:15:51.806+0000] {processor.py:153} INFO - Started process (PID=16776) to work on /home/airflow/.local/lib/python3.7/site-packages/airflow/example_dags/example_datasets.py
[2023-04-28T06:15:51.807+0000] {processor.py:743} INFO - Processing file /home/airflow/.local/lib/python3.7/site-packages/airflow/example_dags/example_datasets.py for tasks to queue
[2023-04-28T06:15:51.808+0000] {logging_mixin.py:137} INFO - [2023-04-28T06:15:51.808+0000] {dagbag.py:538} INFO - Filling up the DagBag from /home/airflow/.local/lib/python3.7/site-packages/airflow/example_dags/example_datasets.py
[2023-04-28T06:15:51.820+0000] {processor.py:753} INFO - DAG(s) dict_keys(['dataset_produces_2', 'dataset_produces_1', 'dataset_consumes_1', 'dataset_consumes_unknown_never_scheduled', 'dataset_consumes_1_never_scheduled', 'dataset_consumes_1_and_2']) retrieved from /home/airflow/.local/lib/python3.7/site-packages/airflow/example_dags/example_datasets.py
[2023-04-28T06:15:51.850+0000] {logging_mixin.py:137} INFO - [2023-04-28T06:15:51.850+0000] {dag.py:2690} INFO - Sync 6 DAGs
[2023-04-28T06:15:51.866+0000] {logging_mixin.py:137} INFO - [2023-04-28T06:15:51.866+0000] {dag.py:3441} INFO - Setting next_dagrun for dataset_consumes_1 to None, run_after=None
[2023-04-28T06:15:51.869+0000] {logging_mixin.py:137} INFO - [2023-04-28T06:15:51.869+0000] {dag.py:3441} INFO - Setting next_dagrun for dataset_consumes_1_and_2 to None, run_after=None
[2023-04-28T06:15:51.870+0000] {logging_mixin.py:137} INFO - [2023-04-28T06:15:51.870+0000] {dag.py:3441} INFO - Setting next_dagrun for dataset_consumes_1_never_scheduled to None, run_after=None
[2023-04-28T06:15:51.871+0000] {logging_mixin.py:137} INFO - [2023-04-28T06:15:51.871+0000] {dag.py:3441} INFO - Setting next_dagrun for dataset_consumes_unknown_never_scheduled to None, run_after=None
[2023-04-28T06:15:51.873+0000] {logging_mixin.py:137} INFO - [2023-04-28T06:15:51.872+0000] {dag.py:3441} INFO - Setting next_dagrun for dataset_produces_1 to 2023-04-27T00:00:00+00:00, run_after=2023-04-28T00:00:00+00:00
[2023-04-28T06:15:51.874+0000] {logging_mixin.py:137} INFO - [2023-04-28T06:15:51.874+0000] {dag.py:3441} INFO - Setting next_dagrun for dataset_produces_2 to None, run_after=None
[2023-04-28T06:15:51.891+0000] {processor.py:175} INFO - Processing /home/airflow/.local/lib/python3.7/site-packages/airflow/example_dags/example_datasets.py took 0.088 seconds
[2023-04-28T06:16:22.064+0000] {processor.py:153} INFO - Started process (PID=16841) to work on /home/airflow/.local/lib/python3.7/site-packages/airflow/example_dags/example_datasets.py
[2023-04-28T06:16:22.066+0000] {processor.py:743} INFO - Processing file /home/airflow/.local/lib/python3.7/site-packages/airflow/example_dags/example_datasets.py for tasks to queue
[2023-04-28T06:16:22.066+0000] {logging_mixin.py:137} INFO - [2023-04-28T06:16:22.066+0000] {dagbag.py:538} INFO - Filling up the DagBag from /home/airflow/.local/lib/python3.7/site-packages/airflow/example_dags/example_datasets.py
[2023-04-28T06:16:22.079+0000] {processor.py:753} INFO - DAG(s) dict_keys(['dataset_consumes_1_and_2', 'dataset_consumes_1_never_scheduled', 'dataset_produces_1', 'dataset_consumes_unknown_never_scheduled', 'dataset_produces_2', 'dataset_consumes_1']) retrieved from /home/airflow/.local/lib/python3.7/site-packages/airflow/example_dags/example_datasets.py
[2023-04-28T06:16:22.107+0000] {logging_mixin.py:137} INFO - [2023-04-28T06:16:22.107+0000] {dag.py:2690} INFO - Sync 6 DAGs
[2023-04-28T06:16:22.123+0000] {logging_mixin.py:137} INFO - [2023-04-28T06:16:22.123+0000] {dag.py:3441} INFO - Setting next_dagrun for dataset_consumes_1 to None, run_after=None
[2023-04-28T06:16:22.125+0000] {logging_mixin.py:137} INFO - [2023-04-28T06:16:22.125+0000] {dag.py:3441} INFO - Setting next_dagrun for dataset_consumes_1_and_2 to None, run_after=None
[2023-04-28T06:16:22.127+0000] {logging_mixin.py:137} INFO - [2023-04-28T06:16:22.126+0000] {dag.py:3441} INFO - Setting next_dagrun for dataset_consumes_1_never_scheduled to None, run_after=None
[2023-04-28T06:16:22.127+0000] {logging_mixin.py:137} INFO - [2023-04-28T06:16:22.127+0000] {dag.py:3441} INFO - Setting next_dagrun for dataset_consumes_unknown_never_scheduled to None, run_after=None
[2023-04-28T06:16:22.129+0000] {logging_mixin.py:137} INFO - [2023-04-28T06:16:22.129+0000] {dag.py:3441} INFO - Setting next_dagrun for dataset_produces_1 to 2023-04-27T00:00:00+00:00, run_after=2023-04-28T00:00:00+00:00
[2023-04-28T06:16:22.130+0000] {logging_mixin.py:137} INFO - [2023-04-28T06:16:22.130+0000] {dag.py:3441} INFO - Setting next_dagrun for dataset_produces_2 to None, run_after=None
[2023-04-28T06:16:22.149+0000] {processor.py:175} INFO - Processing /home/airflow/.local/lib/python3.7/site-packages/airflow/example_dags/example_datasets.py took 0.089 seconds
[2023-04-28T06:16:52.442+0000] {processor.py:153} INFO - Started process (PID=16919) to work on /home/airflow/.local/lib/python3.7/site-packages/airflow/example_dags/example_datasets.py
[2023-04-28T06:16:52.443+0000] {processor.py:743} INFO - Processing file /home/airflow/.local/lib/python3.7/site-packages/airflow/example_dags/example_datasets.py for tasks to queue
[2023-04-28T06:16:52.444+0000] {logging_mixin.py:137} INFO - [2023-04-28T06:16:52.444+0000] {dagbag.py:538} INFO - Filling up the DagBag from /home/airflow/.local/lib/python3.7/site-packages/airflow/example_dags/example_datasets.py
[2023-04-28T06:16:52.462+0000] {processor.py:753} INFO - DAG(s) dict_keys(['dataset_consumes_1_never_scheduled', 'dataset_consumes_1', 'dataset_consumes_1_and_2', 'dataset_produces_1', 'dataset_produces_2', 'dataset_consumes_unknown_never_scheduled']) retrieved from /home/airflow/.local/lib/python3.7/site-packages/airflow/example_dags/example_datasets.py
[2023-04-28T06:16:52.492+0000] {logging_mixin.py:137} INFO - [2023-04-28T06:16:52.492+0000] {dag.py:2690} INFO - Sync 6 DAGs
[2023-04-28T06:16:52.510+0000] {logging_mixin.py:137} INFO - [2023-04-28T06:16:52.510+0000] {dag.py:3441} INFO - Setting next_dagrun for dataset_consumes_1 to None, run_after=None
[2023-04-28T06:16:52.513+0000] {logging_mixin.py:137} INFO - [2023-04-28T06:16:52.513+0000] {dag.py:3441} INFO - Setting next_dagrun for dataset_consumes_1_and_2 to None, run_after=None
[2023-04-28T06:16:52.515+0000] {logging_mixin.py:137} INFO - [2023-04-28T06:16:52.515+0000] {dag.py:3441} INFO - Setting next_dagrun for dataset_consumes_1_never_scheduled to None, run_after=None
[2023-04-28T06:16:52.516+0000] {logging_mixin.py:137} INFO - [2023-04-28T06:16:52.516+0000] {dag.py:3441} INFO - Setting next_dagrun for dataset_consumes_unknown_never_scheduled to None, run_after=None
[2023-04-28T06:16:52.518+0000] {logging_mixin.py:137} INFO - [2023-04-28T06:16:52.518+0000] {dag.py:3441} INFO - Setting next_dagrun for dataset_produces_1 to 2023-04-27T00:00:00+00:00, run_after=2023-04-28T00:00:00+00:00
[2023-04-28T06:16:52.519+0000] {logging_mixin.py:137} INFO - [2023-04-28T06:16:52.519+0000] {dag.py:3441} INFO - Setting next_dagrun for dataset_produces_2 to None, run_after=None
[2023-04-28T06:16:52.541+0000] {processor.py:175} INFO - Processing /home/airflow/.local/lib/python3.7/site-packages/airflow/example_dags/example_datasets.py took 0.102 seconds
[2023-04-28T06:17:22.987+0000] {processor.py:153} INFO - Started process (PID=16997) to work on /home/airflow/.local/lib/python3.7/site-packages/airflow/example_dags/example_datasets.py
[2023-04-28T06:17:22.988+0000] {processor.py:743} INFO - Processing file /home/airflow/.local/lib/python3.7/site-packages/airflow/example_dags/example_datasets.py for tasks to queue
[2023-04-28T06:17:22.989+0000] {logging_mixin.py:137} INFO - [2023-04-28T06:17:22.989+0000] {dagbag.py:538} INFO - Filling up the DagBag from /home/airflow/.local/lib/python3.7/site-packages/airflow/example_dags/example_datasets.py
[2023-04-28T06:17:23.002+0000] {processor.py:753} INFO - DAG(s) dict_keys(['dataset_consumes_1', 'dataset_consumes_unknown_never_scheduled', 'dataset_consumes_1_and_2', 'dataset_produces_1', 'dataset_consumes_1_never_scheduled', 'dataset_produces_2']) retrieved from /home/airflow/.local/lib/python3.7/site-packages/airflow/example_dags/example_datasets.py
[2023-04-28T06:17:23.029+0000] {logging_mixin.py:137} INFO - [2023-04-28T06:17:23.029+0000] {dag.py:2690} INFO - Sync 6 DAGs
[2023-04-28T06:17:23.046+0000] {logging_mixin.py:137} INFO - [2023-04-28T06:17:23.046+0000] {dag.py:3441} INFO - Setting next_dagrun for dataset_consumes_1 to None, run_after=None
[2023-04-28T06:17:23.048+0000] {logging_mixin.py:137} INFO - [2023-04-28T06:17:23.048+0000] {dag.py:3441} INFO - Setting next_dagrun for dataset_consumes_1_and_2 to None, run_after=None
[2023-04-28T06:17:23.050+0000] {logging_mixin.py:137} INFO - [2023-04-28T06:17:23.050+0000] {dag.py:3441} INFO - Setting next_dagrun for dataset_consumes_1_never_scheduled to None, run_after=None
[2023-04-28T06:17:23.051+0000] {logging_mixin.py:137} INFO - [2023-04-28T06:17:23.051+0000] {dag.py:3441} INFO - Setting next_dagrun for dataset_consumes_unknown_never_scheduled to None, run_after=None
[2023-04-28T06:17:23.052+0000] {logging_mixin.py:137} INFO - [2023-04-28T06:17:23.052+0000] {dag.py:3441} INFO - Setting next_dagrun for dataset_produces_1 to 2023-04-27T00:00:00+00:00, run_after=2023-04-28T00:00:00+00:00
[2023-04-28T06:17:23.054+0000] {logging_mixin.py:137} INFO - [2023-04-28T06:17:23.054+0000] {dag.py:3441} INFO - Setting next_dagrun for dataset_produces_2 to None, run_after=None
[2023-04-28T06:17:23.071+0000] {processor.py:175} INFO - Processing /home/airflow/.local/lib/python3.7/site-packages/airflow/example_dags/example_datasets.py took 0.087 seconds
[2023-04-28T06:17:53.331+0000] {processor.py:153} INFO - Started process (PID=17063) to work on /home/airflow/.local/lib/python3.7/site-packages/airflow/example_dags/example_datasets.py
[2023-04-28T06:17:53.332+0000] {processor.py:743} INFO - Processing file /home/airflow/.local/lib/python3.7/site-packages/airflow/example_dags/example_datasets.py for tasks to queue
[2023-04-28T06:17:53.333+0000] {logging_mixin.py:137} INFO - [2023-04-28T06:17:53.333+0000] {dagbag.py:538} INFO - Filling up the DagBag from /home/airflow/.local/lib/python3.7/site-packages/airflow/example_dags/example_datasets.py
[2023-04-28T06:17:53.346+0000] {processor.py:753} INFO - DAG(s) dict_keys(['dataset_produces_2', 'dataset_consumes_1', 'dataset_produces_1', 'dataset_consumes_1_and_2', 'dataset_consumes_1_never_scheduled', 'dataset_consumes_unknown_never_scheduled']) retrieved from /home/airflow/.local/lib/python3.7/site-packages/airflow/example_dags/example_datasets.py
[2023-04-28T06:17:53.374+0000] {logging_mixin.py:137} INFO - [2023-04-28T06:17:53.374+0000] {dag.py:2690} INFO - Sync 6 DAGs
[2023-04-28T06:17:53.390+0000] {logging_mixin.py:137} INFO - [2023-04-28T06:17:53.390+0000] {dag.py:3441} INFO - Setting next_dagrun for dataset_consumes_1 to None, run_after=None
[2023-04-28T06:17:53.393+0000] {logging_mixin.py:137} INFO - [2023-04-28T06:17:53.393+0000] {dag.py:3441} INFO - Setting next_dagrun for dataset_consumes_1_and_2 to None, run_after=None
[2023-04-28T06:17:53.394+0000] {logging_mixin.py:137} INFO - [2023-04-28T06:17:53.394+0000] {dag.py:3441} INFO - Setting next_dagrun for dataset_consumes_1_never_scheduled to None, run_after=None
[2023-04-28T06:17:53.395+0000] {logging_mixin.py:137} INFO - [2023-04-28T06:17:53.395+0000] {dag.py:3441} INFO - Setting next_dagrun for dataset_consumes_unknown_never_scheduled to None, run_after=None
[2023-04-28T06:17:53.397+0000] {logging_mixin.py:137} INFO - [2023-04-28T06:17:53.397+0000] {dag.py:3441} INFO - Setting next_dagrun for dataset_produces_1 to 2023-04-27T00:00:00+00:00, run_after=2023-04-28T00:00:00+00:00
[2023-04-28T06:17:53.398+0000] {logging_mixin.py:137} INFO - [2023-04-28T06:17:53.398+0000] {dag.py:3441} INFO - Setting next_dagrun for dataset_produces_2 to None, run_after=None
[2023-04-28T06:17:53.415+0000] {processor.py:175} INFO - Processing /home/airflow/.local/lib/python3.7/site-packages/airflow/example_dags/example_datasets.py took 0.087 seconds
[2023-04-28T06:18:23.981+0000] {processor.py:153} INFO - Started process (PID=17141) to work on /home/airflow/.local/lib/python3.7/site-packages/airflow/example_dags/example_datasets.py
[2023-04-28T06:18:23.982+0000] {processor.py:743} INFO - Processing file /home/airflow/.local/lib/python3.7/site-packages/airflow/example_dags/example_datasets.py for tasks to queue
[2023-04-28T06:18:23.983+0000] {logging_mixin.py:137} INFO - [2023-04-28T06:18:23.983+0000] {dagbag.py:538} INFO - Filling up the DagBag from /home/airflow/.local/lib/python3.7/site-packages/airflow/example_dags/example_datasets.py
[2023-04-28T06:18:23.995+0000] {processor.py:753} INFO - DAG(s) dict_keys(['dataset_consumes_unknown_never_scheduled', 'dataset_consumes_1_and_2', 'dataset_consumes_1_never_scheduled', 'dataset_consumes_1', 'dataset_produces_2', 'dataset_produces_1']) retrieved from /home/airflow/.local/lib/python3.7/site-packages/airflow/example_dags/example_datasets.py
[2023-04-28T06:18:24.024+0000] {logging_mixin.py:137} INFO - [2023-04-28T06:18:24.024+0000] {dag.py:2690} INFO - Sync 6 DAGs
[2023-04-28T06:18:24.041+0000] {logging_mixin.py:137} INFO - [2023-04-28T06:18:24.041+0000] {dag.py:3441} INFO - Setting next_dagrun for dataset_consumes_1 to None, run_after=None
[2023-04-28T06:18:24.044+0000] {logging_mixin.py:137} INFO - [2023-04-28T06:18:24.044+0000] {dag.py:3441} INFO - Setting next_dagrun for dataset_consumes_1_and_2 to None, run_after=None
[2023-04-28T06:18:24.045+0000] {logging_mixin.py:137} INFO - [2023-04-28T06:18:24.045+0000] {dag.py:3441} INFO - Setting next_dagrun for dataset_consumes_1_never_scheduled to None, run_after=None
[2023-04-28T06:18:24.046+0000] {logging_mixin.py:137} INFO - [2023-04-28T06:18:24.046+0000] {dag.py:3441} INFO - Setting next_dagrun for dataset_consumes_unknown_never_scheduled to None, run_after=None
[2023-04-28T06:18:24.048+0000] {logging_mixin.py:137} INFO - [2023-04-28T06:18:24.048+0000] {dag.py:3441} INFO - Setting next_dagrun for dataset_produces_1 to 2023-04-27T00:00:00+00:00, run_after=2023-04-28T00:00:00+00:00
[2023-04-28T06:18:24.049+0000] {logging_mixin.py:137} INFO - [2023-04-28T06:18:24.049+0000] {dag.py:3441} INFO - Setting next_dagrun for dataset_produces_2 to None, run_after=None
[2023-04-28T06:18:24.067+0000] {processor.py:175} INFO - Processing /home/airflow/.local/lib/python3.7/site-packages/airflow/example_dags/example_datasets.py took 0.089 seconds
[2023-04-28T06:18:54.290+0000] {processor.py:153} INFO - Started process (PID=17219) to work on /home/airflow/.local/lib/python3.7/site-packages/airflow/example_dags/example_datasets.py
[2023-04-28T06:18:54.291+0000] {processor.py:743} INFO - Processing file /home/airflow/.local/lib/python3.7/site-packages/airflow/example_dags/example_datasets.py for tasks to queue
[2023-04-28T06:18:54.292+0000] {logging_mixin.py:137} INFO - [2023-04-28T06:18:54.292+0000] {dagbag.py:538} INFO - Filling up the DagBag from /home/airflow/.local/lib/python3.7/site-packages/airflow/example_dags/example_datasets.py
[2023-04-28T06:18:54.304+0000] {processor.py:753} INFO - DAG(s) dict_keys(['dataset_consumes_1_never_scheduled', 'dataset_produces_2', 'dataset_consumes_1_and_2', 'dataset_consumes_1', 'dataset_consumes_unknown_never_scheduled', 'dataset_produces_1']) retrieved from /home/airflow/.local/lib/python3.7/site-packages/airflow/example_dags/example_datasets.py
[2023-04-28T06:18:54.333+0000] {logging_mixin.py:137} INFO - [2023-04-28T06:18:54.333+0000] {dag.py:2690} INFO - Sync 6 DAGs
[2023-04-28T06:18:54.349+0000] {logging_mixin.py:137} INFO - [2023-04-28T06:18:54.349+0000] {dag.py:3441} INFO - Setting next_dagrun for dataset_consumes_1 to None, run_after=None
[2023-04-28T06:18:54.352+0000] {logging_mixin.py:137} INFO - [2023-04-28T06:18:54.352+0000] {dag.py:3441} INFO - Setting next_dagrun for dataset_consumes_1_and_2 to None, run_after=None
[2023-04-28T06:18:54.353+0000] {logging_mixin.py:137} INFO - [2023-04-28T06:18:54.353+0000] {dag.py:3441} INFO - Setting next_dagrun for dataset_consumes_1_never_scheduled to None, run_after=None
[2023-04-28T06:18:54.354+0000] {logging_mixin.py:137} INFO - [2023-04-28T06:18:54.354+0000] {dag.py:3441} INFO - Setting next_dagrun for dataset_consumes_unknown_never_scheduled to None, run_after=None
[2023-04-28T06:18:54.356+0000] {logging_mixin.py:137} INFO - [2023-04-28T06:18:54.355+0000] {dag.py:3441} INFO - Setting next_dagrun for dataset_produces_1 to 2023-04-27T00:00:00+00:00, run_after=2023-04-28T00:00:00+00:00
[2023-04-28T06:18:54.357+0000] {logging_mixin.py:137} INFO - [2023-04-28T06:18:54.356+0000] {dag.py:3441} INFO - Setting next_dagrun for dataset_produces_2 to None, run_after=None
[2023-04-28T06:18:54.379+0000] {processor.py:175} INFO - Processing /home/airflow/.local/lib/python3.7/site-packages/airflow/example_dags/example_datasets.py took 0.092 seconds
