[2023-04-28T00:36:32.261+0000] {processor.py:153} INFO - Started process (PID=14569) to work on /home/airflow/.local/lib/python3.7/site-packages/airflow/example_dags/example_trigger_controller_dag.py
[2023-04-28T00:36:32.263+0000] {processor.py:743} INFO - Processing file /home/airflow/.local/lib/python3.7/site-packages/airflow/example_dags/example_trigger_controller_dag.py for tasks to queue
[2023-04-28T00:36:32.264+0000] {logging_mixin.py:137} INFO - [2023-04-28T00:36:32.264+0000] {dagbag.py:538} INFO - Filling up the DagBag from /home/airflow/.local/lib/python3.7/site-packages/airflow/example_dags/example_trigger_controller_dag.py
[2023-04-28T00:36:32.275+0000] {processor.py:753} INFO - DAG(s) dict_keys(['example_trigger_controller_dag']) retrieved from /home/airflow/.local/lib/python3.7/site-packages/airflow/example_dags/example_trigger_controller_dag.py
[2023-04-28T00:36:32.300+0000] {logging_mixin.py:137} INFO - [2023-04-28T00:36:32.299+0000] {dag.py:2690} INFO - Sync 1 DAGs
[2023-04-28T00:36:32.318+0000] {logging_mixin.py:137} INFO - [2023-04-28T00:36:32.318+0000] {dag.py:3441} INFO - Setting next_dagrun for example_trigger_controller_dag to 2021-01-01T00:00:00+00:00, run_after=2021-01-01T00:00:00+00:00
[2023-04-28T00:36:32.344+0000] {processor.py:175} INFO - Processing /home/airflow/.local/lib/python3.7/site-packages/airflow/example_dags/example_trigger_controller_dag.py took 0.087 seconds
[2023-04-28T01:42:53.570+0000] {processor.py:153} INFO - Started process (PID=14647) to work on /home/airflow/.local/lib/python3.7/site-packages/airflow/example_dags/example_trigger_controller_dag.py
[2023-04-28T01:42:53.572+0000] {processor.py:743} INFO - Processing file /home/airflow/.local/lib/python3.7/site-packages/airflow/example_dags/example_trigger_controller_dag.py for tasks to queue
[2023-04-28T01:42:53.573+0000] {logging_mixin.py:137} INFO - [2023-04-28T01:42:53.573+0000] {dagbag.py:538} INFO - Filling up the DagBag from /home/airflow/.local/lib/python3.7/site-packages/airflow/example_dags/example_trigger_controller_dag.py
[2023-04-28T01:42:53.586+0000] {processor.py:753} INFO - DAG(s) dict_keys(['example_trigger_controller_dag']) retrieved from /home/airflow/.local/lib/python3.7/site-packages/airflow/example_dags/example_trigger_controller_dag.py
[2023-04-28T01:42:53.612+0000] {logging_mixin.py:137} INFO - [2023-04-28T01:42:53.612+0000] {dag.py:2690} INFO - Sync 1 DAGs
[2023-04-28T01:42:53.632+0000] {logging_mixin.py:137} INFO - [2023-04-28T01:42:53.632+0000] {dag.py:3441} INFO - Setting next_dagrun for example_trigger_controller_dag to 2021-01-01T00:00:00+00:00, run_after=2021-01-01T00:00:00+00:00
[2023-04-28T01:42:53.653+0000] {processor.py:175} INFO - Processing /home/airflow/.local/lib/python3.7/site-packages/airflow/example_dags/example_trigger_controller_dag.py took 0.087 seconds
[2023-04-28T02:48:41.395+0000] {processor.py:153} INFO - Started process (PID=14713) to work on /home/airflow/.local/lib/python3.7/site-packages/airflow/example_dags/example_trigger_controller_dag.py
[2023-04-28T02:48:41.396+0000] {processor.py:743} INFO - Processing file /home/airflow/.local/lib/python3.7/site-packages/airflow/example_dags/example_trigger_controller_dag.py for tasks to queue
[2023-04-28T02:48:41.397+0000] {logging_mixin.py:137} INFO - [2023-04-28T02:48:41.397+0000] {dagbag.py:538} INFO - Filling up the DagBag from /home/airflow/.local/lib/python3.7/site-packages/airflow/example_dags/example_trigger_controller_dag.py
[2023-04-28T02:48:41.406+0000] {processor.py:753} INFO - DAG(s) dict_keys(['example_trigger_controller_dag']) retrieved from /home/airflow/.local/lib/python3.7/site-packages/airflow/example_dags/example_trigger_controller_dag.py
[2023-04-28T02:48:41.426+0000] {logging_mixin.py:137} INFO - [2023-04-28T02:48:41.426+0000] {dag.py:2690} INFO - Sync 1 DAGs
[2023-04-28T02:48:41.442+0000] {logging_mixin.py:137} INFO - [2023-04-28T02:48:41.442+0000] {dag.py:3441} INFO - Setting next_dagrun for example_trigger_controller_dag to 2021-01-01T00:00:00+00:00, run_after=2021-01-01T00:00:00+00:00
[2023-04-28T02:48:41.454+0000] {processor.py:175} INFO - Processing /home/airflow/.local/lib/python3.7/site-packages/airflow/example_dags/example_trigger_controller_dag.py took 0.062 seconds
[2023-04-28T03:54:54.748+0000] {processor.py:153} INFO - Started process (PID=14790) to work on /home/airflow/.local/lib/python3.7/site-packages/airflow/example_dags/example_trigger_controller_dag.py
[2023-04-28T03:54:54.749+0000] {processor.py:743} INFO - Processing file /home/airflow/.local/lib/python3.7/site-packages/airflow/example_dags/example_trigger_controller_dag.py for tasks to queue
[2023-04-28T03:54:54.750+0000] {logging_mixin.py:137} INFO - [2023-04-28T03:54:54.750+0000] {dagbag.py:538} INFO - Filling up the DagBag from /home/airflow/.local/lib/python3.7/site-packages/airflow/example_dags/example_trigger_controller_dag.py
[2023-04-28T03:54:54.760+0000] {processor.py:753} INFO - DAG(s) dict_keys(['example_trigger_controller_dag']) retrieved from /home/airflow/.local/lib/python3.7/site-packages/airflow/example_dags/example_trigger_controller_dag.py
[2023-04-28T03:54:54.794+0000] {logging_mixin.py:137} INFO - [2023-04-28T03:54:54.794+0000] {dag.py:2690} INFO - Sync 1 DAGs
[2023-04-28T03:54:54.819+0000] {logging_mixin.py:137} INFO - [2023-04-28T03:54:54.819+0000] {dag.py:3441} INFO - Setting next_dagrun for example_trigger_controller_dag to 2021-01-01T00:00:00+00:00, run_after=2021-01-01T00:00:00+00:00
[2023-04-28T03:54:54.840+0000] {processor.py:175} INFO - Processing /home/airflow/.local/lib/python3.7/site-packages/airflow/example_dags/example_trigger_controller_dag.py took 0.095 seconds
[2023-04-28T05:16:16.902+0000] {processor.py:153} INFO - Started process (PID=14856) to work on /home/airflow/.local/lib/python3.7/site-packages/airflow/example_dags/example_trigger_controller_dag.py
[2023-04-28T05:16:16.903+0000] {processor.py:743} INFO - Processing file /home/airflow/.local/lib/python3.7/site-packages/airflow/example_dags/example_trigger_controller_dag.py for tasks to queue
[2023-04-28T05:16:16.904+0000] {logging_mixin.py:137} INFO - [2023-04-28T05:16:16.904+0000] {dagbag.py:538} INFO - Filling up the DagBag from /home/airflow/.local/lib/python3.7/site-packages/airflow/example_dags/example_trigger_controller_dag.py
[2023-04-28T05:16:16.913+0000] {processor.py:753} INFO - DAG(s) dict_keys(['example_trigger_controller_dag']) retrieved from /home/airflow/.local/lib/python3.7/site-packages/airflow/example_dags/example_trigger_controller_dag.py
[2023-04-28T05:16:16.934+0000] {logging_mixin.py:137} INFO - [2023-04-28T05:16:16.934+0000] {dag.py:2690} INFO - Sync 1 DAGs
[2023-04-28T05:16:16.950+0000] {logging_mixin.py:137} INFO - [2023-04-28T05:16:16.950+0000] {dag.py:3441} INFO - Setting next_dagrun for example_trigger_controller_dag to 2021-01-01T00:00:00+00:00, run_after=2021-01-01T00:00:00+00:00
[2023-04-28T05:16:16.962+0000] {processor.py:175} INFO - Processing /home/airflow/.local/lib/python3.7/site-packages/airflow/example_dags/example_trigger_controller_dag.py took 0.063 seconds
[2023-04-28T05:32:13.189+0000] {processor.py:153} INFO - Started process (PID=14936) to work on /home/airflow/.local/lib/python3.7/site-packages/airflow/example_dags/example_trigger_controller_dag.py
[2023-04-28T05:32:13.190+0000] {processor.py:743} INFO - Processing file /home/airflow/.local/lib/python3.7/site-packages/airflow/example_dags/example_trigger_controller_dag.py for tasks to queue
[2023-04-28T05:32:13.190+0000] {logging_mixin.py:137} INFO - [2023-04-28T05:32:13.190+0000] {dagbag.py:538} INFO - Filling up the DagBag from /home/airflow/.local/lib/python3.7/site-packages/airflow/example_dags/example_trigger_controller_dag.py
[2023-04-28T05:32:13.199+0000] {processor.py:753} INFO - DAG(s) dict_keys(['example_trigger_controller_dag']) retrieved from /home/airflow/.local/lib/python3.7/site-packages/airflow/example_dags/example_trigger_controller_dag.py
[2023-04-28T05:32:13.220+0000] {logging_mixin.py:137} INFO - [2023-04-28T05:32:13.220+0000] {dag.py:2690} INFO - Sync 1 DAGs
[2023-04-28T05:32:13.236+0000] {logging_mixin.py:137} INFO - [2023-04-28T05:32:13.236+0000] {dag.py:3441} INFO - Setting next_dagrun for example_trigger_controller_dag to 2021-01-01T00:00:00+00:00, run_after=2021-01-01T00:00:00+00:00
[2023-04-28T05:32:13.249+0000] {processor.py:175} INFO - Processing /home/airflow/.local/lib/python3.7/site-packages/airflow/example_dags/example_trigger_controller_dag.py took 0.063 seconds
[2023-04-28T05:32:43.534+0000] {processor.py:153} INFO - Started process (PID=15013) to work on /home/airflow/.local/lib/python3.7/site-packages/airflow/example_dags/example_trigger_controller_dag.py
[2023-04-28T05:32:43.535+0000] {processor.py:743} INFO - Processing file /home/airflow/.local/lib/python3.7/site-packages/airflow/example_dags/example_trigger_controller_dag.py for tasks to queue
[2023-04-28T05:32:43.536+0000] {logging_mixin.py:137} INFO - [2023-04-28T05:32:43.536+0000] {dagbag.py:538} INFO - Filling up the DagBag from /home/airflow/.local/lib/python3.7/site-packages/airflow/example_dags/example_trigger_controller_dag.py
[2023-04-28T05:32:43.546+0000] {processor.py:753} INFO - DAG(s) dict_keys(['example_trigger_controller_dag']) retrieved from /home/airflow/.local/lib/python3.7/site-packages/airflow/example_dags/example_trigger_controller_dag.py
[2023-04-28T05:32:43.567+0000] {logging_mixin.py:137} INFO - [2023-04-28T05:32:43.567+0000] {dag.py:2690} INFO - Sync 1 DAGs
[2023-04-28T05:32:43.585+0000] {logging_mixin.py:137} INFO - [2023-04-28T05:32:43.585+0000] {dag.py:3441} INFO - Setting next_dagrun for example_trigger_controller_dag to 2021-01-01T00:00:00+00:00, run_after=2021-01-01T00:00:00+00:00
[2023-04-28T05:32:43.599+0000] {processor.py:175} INFO - Processing /home/airflow/.local/lib/python3.7/site-packages/airflow/example_dags/example_trigger_controller_dag.py took 0.068 seconds
[2023-04-28T06:03:56.118+0000] {processor.py:153} INFO - Started process (PID=15080) to work on /home/airflow/.local/lib/python3.7/site-packages/airflow/example_dags/example_trigger_controller_dag.py
[2023-04-28T06:03:56.119+0000] {processor.py:743} INFO - Processing file /home/airflow/.local/lib/python3.7/site-packages/airflow/example_dags/example_trigger_controller_dag.py for tasks to queue
[2023-04-28T06:03:56.119+0000] {logging_mixin.py:137} INFO - [2023-04-28T06:03:56.119+0000] {dagbag.py:538} INFO - Filling up the DagBag from /home/airflow/.local/lib/python3.7/site-packages/airflow/example_dags/example_trigger_controller_dag.py
[2023-04-28T06:03:56.129+0000] {processor.py:753} INFO - DAG(s) dict_keys(['example_trigger_controller_dag']) retrieved from /home/airflow/.local/lib/python3.7/site-packages/airflow/example_dags/example_trigger_controller_dag.py
[2023-04-28T06:03:56.150+0000] {logging_mixin.py:137} INFO - [2023-04-28T06:03:56.150+0000] {dag.py:2690} INFO - Sync 1 DAGs
[2023-04-28T06:03:56.166+0000] {logging_mixin.py:137} INFO - [2023-04-28T06:03:56.166+0000] {dag.py:3441} INFO - Setting next_dagrun for example_trigger_controller_dag to 2021-01-01T00:00:00+00:00, run_after=2021-01-01T00:00:00+00:00
[2023-04-28T06:03:56.177+0000] {processor.py:175} INFO - Processing /home/airflow/.local/lib/python3.7/site-packages/airflow/example_dags/example_trigger_controller_dag.py took 0.062 seconds
[2023-04-28T06:04:41.666+0000] {processor.py:153} INFO - Started process (PID=15159) to work on /home/airflow/.local/lib/python3.7/site-packages/airflow/example_dags/example_trigger_controller_dag.py
[2023-04-28T06:04:41.667+0000] {processor.py:743} INFO - Processing file /home/airflow/.local/lib/python3.7/site-packages/airflow/example_dags/example_trigger_controller_dag.py for tasks to queue
[2023-04-28T06:04:41.668+0000] {logging_mixin.py:137} INFO - [2023-04-28T06:04:41.668+0000] {dagbag.py:538} INFO - Filling up the DagBag from /home/airflow/.local/lib/python3.7/site-packages/airflow/example_dags/example_trigger_controller_dag.py
[2023-04-28T06:04:41.678+0000] {processor.py:753} INFO - DAG(s) dict_keys(['example_trigger_controller_dag']) retrieved from /home/airflow/.local/lib/python3.7/site-packages/airflow/example_dags/example_trigger_controller_dag.py
[2023-04-28T06:04:41.699+0000] {logging_mixin.py:137} INFO - [2023-04-28T06:04:41.699+0000] {dag.py:2690} INFO - Sync 1 DAGs
[2023-04-28T06:04:41.716+0000] {logging_mixin.py:137} INFO - [2023-04-28T06:04:41.716+0000] {dag.py:3441} INFO - Setting next_dagrun for example_trigger_controller_dag to 2021-01-01T00:00:00+00:00, run_after=2021-01-01T00:00:00+00:00
[2023-04-28T06:04:41.730+0000] {processor.py:175} INFO - Processing /home/airflow/.local/lib/python3.7/site-packages/airflow/example_dags/example_trigger_controller_dag.py took 0.067 seconds
[2023-04-28T06:05:12.287+0000] {processor.py:153} INFO - Started process (PID=15237) to work on /home/airflow/.local/lib/python3.7/site-packages/airflow/example_dags/example_trigger_controller_dag.py
[2023-04-28T06:05:12.289+0000] {processor.py:743} INFO - Processing file /home/airflow/.local/lib/python3.7/site-packages/airflow/example_dags/example_trigger_controller_dag.py for tasks to queue
[2023-04-28T06:05:12.294+0000] {logging_mixin.py:137} INFO - [2023-04-28T06:05:12.294+0000] {dagbag.py:538} INFO - Filling up the DagBag from /home/airflow/.local/lib/python3.7/site-packages/airflow/example_dags/example_trigger_controller_dag.py
[2023-04-28T06:05:12.313+0000] {processor.py:753} INFO - DAG(s) dict_keys(['example_trigger_controller_dag']) retrieved from /home/airflow/.local/lib/python3.7/site-packages/airflow/example_dags/example_trigger_controller_dag.py
[2023-04-28T06:05:12.337+0000] {logging_mixin.py:137} INFO - [2023-04-28T06:05:12.337+0000] {dag.py:2690} INFO - Sync 1 DAGs
[2023-04-28T06:05:12.355+0000] {logging_mixin.py:137} INFO - [2023-04-28T06:05:12.354+0000] {dag.py:3441} INFO - Setting next_dagrun for example_trigger_controller_dag to 2021-01-01T00:00:00+00:00, run_after=2021-01-01T00:00:00+00:00
[2023-04-28T06:05:12.370+0000] {processor.py:175} INFO - Processing /home/airflow/.local/lib/python3.7/site-packages/airflow/example_dags/example_trigger_controller_dag.py took 0.086 seconds
[2023-04-28T06:05:42.752+0000] {processor.py:153} INFO - Started process (PID=15303) to work on /home/airflow/.local/lib/python3.7/site-packages/airflow/example_dags/example_trigger_controller_dag.py
[2023-04-28T06:05:42.753+0000] {processor.py:743} INFO - Processing file /home/airflow/.local/lib/python3.7/site-packages/airflow/example_dags/example_trigger_controller_dag.py for tasks to queue
[2023-04-28T06:05:42.754+0000] {logging_mixin.py:137} INFO - [2023-04-28T06:05:42.754+0000] {dagbag.py:538} INFO - Filling up the DagBag from /home/airflow/.local/lib/python3.7/site-packages/airflow/example_dags/example_trigger_controller_dag.py
[2023-04-28T06:05:42.764+0000] {processor.py:753} INFO - DAG(s) dict_keys(['example_trigger_controller_dag']) retrieved from /home/airflow/.local/lib/python3.7/site-packages/airflow/example_dags/example_trigger_controller_dag.py
[2023-04-28T06:05:42.786+0000] {logging_mixin.py:137} INFO - [2023-04-28T06:05:42.786+0000] {dag.py:2690} INFO - Sync 1 DAGs
[2023-04-28T06:05:42.802+0000] {logging_mixin.py:137} INFO - [2023-04-28T06:05:42.802+0000] {dag.py:3441} INFO - Setting next_dagrun for example_trigger_controller_dag to 2021-01-01T00:00:00+00:00, run_after=2021-01-01T00:00:00+00:00
[2023-04-28T06:05:42.814+0000] {processor.py:175} INFO - Processing /home/airflow/.local/lib/python3.7/site-packages/airflow/example_dags/example_trigger_controller_dag.py took 0.065 seconds
[2023-04-28T06:06:12.972+0000] {processor.py:153} INFO - Started process (PID=15383) to work on /home/airflow/.local/lib/python3.7/site-packages/airflow/example_dags/example_trigger_controller_dag.py
[2023-04-28T06:06:12.973+0000] {processor.py:743} INFO - Processing file /home/airflow/.local/lib/python3.7/site-packages/airflow/example_dags/example_trigger_controller_dag.py for tasks to queue
[2023-04-28T06:06:12.974+0000] {logging_mixin.py:137} INFO - [2023-04-28T06:06:12.974+0000] {dagbag.py:538} INFO - Filling up the DagBag from /home/airflow/.local/lib/python3.7/site-packages/airflow/example_dags/example_trigger_controller_dag.py
[2023-04-28T06:06:12.983+0000] {processor.py:753} INFO - DAG(s) dict_keys(['example_trigger_controller_dag']) retrieved from /home/airflow/.local/lib/python3.7/site-packages/airflow/example_dags/example_trigger_controller_dag.py
[2023-04-28T06:06:13.004+0000] {logging_mixin.py:137} INFO - [2023-04-28T06:06:13.004+0000] {dag.py:2690} INFO - Sync 1 DAGs
[2023-04-28T06:06:13.020+0000] {logging_mixin.py:137} INFO - [2023-04-28T06:06:13.019+0000] {dag.py:3441} INFO - Setting next_dagrun for example_trigger_controller_dag to 2021-01-01T00:00:00+00:00, run_after=2021-01-01T00:00:00+00:00
[2023-04-28T06:06:13.031+0000] {processor.py:175} INFO - Processing /home/airflow/.local/lib/python3.7/site-packages/airflow/example_dags/example_trigger_controller_dag.py took 0.062 seconds
[2023-04-28T06:06:43.673+0000] {processor.py:153} INFO - Started process (PID=15460) to work on /home/airflow/.local/lib/python3.7/site-packages/airflow/example_dags/example_trigger_controller_dag.py
[2023-04-28T06:06:43.674+0000] {processor.py:743} INFO - Processing file /home/airflow/.local/lib/python3.7/site-packages/airflow/example_dags/example_trigger_controller_dag.py for tasks to queue
[2023-04-28T06:06:43.675+0000] {logging_mixin.py:137} INFO - [2023-04-28T06:06:43.675+0000] {dagbag.py:538} INFO - Filling up the DagBag from /home/airflow/.local/lib/python3.7/site-packages/airflow/example_dags/example_trigger_controller_dag.py
[2023-04-28T06:06:43.684+0000] {processor.py:753} INFO - DAG(s) dict_keys(['example_trigger_controller_dag']) retrieved from /home/airflow/.local/lib/python3.7/site-packages/airflow/example_dags/example_trigger_controller_dag.py
[2023-04-28T06:06:43.705+0000] {logging_mixin.py:137} INFO - [2023-04-28T06:06:43.705+0000] {dag.py:2690} INFO - Sync 1 DAGs
[2023-04-28T06:06:43.720+0000] {logging_mixin.py:137} INFO - [2023-04-28T06:06:43.720+0000] {dag.py:3441} INFO - Setting next_dagrun for example_trigger_controller_dag to 2021-01-01T00:00:00+00:00, run_after=2021-01-01T00:00:00+00:00
[2023-04-28T06:06:43.733+0000] {processor.py:175} INFO - Processing /home/airflow/.local/lib/python3.7/site-packages/airflow/example_dags/example_trigger_controller_dag.py took 0.062 seconds
[2023-04-28T06:07:14.047+0000] {processor.py:153} INFO - Started process (PID=15527) to work on /home/airflow/.local/lib/python3.7/site-packages/airflow/example_dags/example_trigger_controller_dag.py
[2023-04-28T06:07:14.048+0000] {processor.py:743} INFO - Processing file /home/airflow/.local/lib/python3.7/site-packages/airflow/example_dags/example_trigger_controller_dag.py for tasks to queue
[2023-04-28T06:07:14.049+0000] {logging_mixin.py:137} INFO - [2023-04-28T06:07:14.049+0000] {dagbag.py:538} INFO - Filling up the DagBag from /home/airflow/.local/lib/python3.7/site-packages/airflow/example_dags/example_trigger_controller_dag.py
[2023-04-28T06:07:14.058+0000] {processor.py:753} INFO - DAG(s) dict_keys(['example_trigger_controller_dag']) retrieved from /home/airflow/.local/lib/python3.7/site-packages/airflow/example_dags/example_trigger_controller_dag.py
[2023-04-28T06:07:14.078+0000] {logging_mixin.py:137} INFO - [2023-04-28T06:07:14.078+0000] {dag.py:2690} INFO - Sync 1 DAGs
[2023-04-28T06:07:14.093+0000] {logging_mixin.py:137} INFO - [2023-04-28T06:07:14.093+0000] {dag.py:3441} INFO - Setting next_dagrun for example_trigger_controller_dag to 2021-01-01T00:00:00+00:00, run_after=2021-01-01T00:00:00+00:00
[2023-04-28T06:07:14.104+0000] {processor.py:175} INFO - Processing /home/airflow/.local/lib/python3.7/site-packages/airflow/example_dags/example_trigger_controller_dag.py took 0.060 seconds
[2023-04-28T06:07:44.643+0000] {processor.py:153} INFO - Started process (PID=15605) to work on /home/airflow/.local/lib/python3.7/site-packages/airflow/example_dags/example_trigger_controller_dag.py
[2023-04-28T06:07:44.645+0000] {processor.py:743} INFO - Processing file /home/airflow/.local/lib/python3.7/site-packages/airflow/example_dags/example_trigger_controller_dag.py for tasks to queue
[2023-04-28T06:07:44.645+0000] {logging_mixin.py:137} INFO - [2023-04-28T06:07:44.645+0000] {dagbag.py:538} INFO - Filling up the DagBag from /home/airflow/.local/lib/python3.7/site-packages/airflow/example_dags/example_trigger_controller_dag.py
[2023-04-28T06:07:44.655+0000] {processor.py:753} INFO - DAG(s) dict_keys(['example_trigger_controller_dag']) retrieved from /home/airflow/.local/lib/python3.7/site-packages/airflow/example_dags/example_trigger_controller_dag.py
[2023-04-28T06:07:44.676+0000] {logging_mixin.py:137} INFO - [2023-04-28T06:07:44.676+0000] {dag.py:2690} INFO - Sync 1 DAGs
[2023-04-28T06:07:44.692+0000] {logging_mixin.py:137} INFO - [2023-04-28T06:07:44.692+0000] {dag.py:3441} INFO - Setting next_dagrun for example_trigger_controller_dag to 2021-01-01T00:00:00+00:00, run_after=2021-01-01T00:00:00+00:00
[2023-04-28T06:07:44.703+0000] {processor.py:175} INFO - Processing /home/airflow/.local/lib/python3.7/site-packages/airflow/example_dags/example_trigger_controller_dag.py took 0.063 seconds
[2023-04-28T06:08:15.000+0000] {processor.py:153} INFO - Started process (PID=15683) to work on /home/airflow/.local/lib/python3.7/site-packages/airflow/example_dags/example_trigger_controller_dag.py
[2023-04-28T06:08:15.001+0000] {processor.py:743} INFO - Processing file /home/airflow/.local/lib/python3.7/site-packages/airflow/example_dags/example_trigger_controller_dag.py for tasks to queue
[2023-04-28T06:08:15.002+0000] {logging_mixin.py:137} INFO - [2023-04-28T06:08:15.002+0000] {dagbag.py:538} INFO - Filling up the DagBag from /home/airflow/.local/lib/python3.7/site-packages/airflow/example_dags/example_trigger_controller_dag.py
[2023-04-28T06:08:15.011+0000] {processor.py:753} INFO - DAG(s) dict_keys(['example_trigger_controller_dag']) retrieved from /home/airflow/.local/lib/python3.7/site-packages/airflow/example_dags/example_trigger_controller_dag.py
[2023-04-28T06:08:15.032+0000] {logging_mixin.py:137} INFO - [2023-04-28T06:08:15.032+0000] {dag.py:2690} INFO - Sync 1 DAGs
[2023-04-28T06:08:15.047+0000] {logging_mixin.py:137} INFO - [2023-04-28T06:08:15.047+0000] {dag.py:3441} INFO - Setting next_dagrun for example_trigger_controller_dag to 2021-01-01T00:00:00+00:00, run_after=2021-01-01T00:00:00+00:00
[2023-04-28T06:08:15.059+0000] {processor.py:175} INFO - Processing /home/airflow/.local/lib/python3.7/site-packages/airflow/example_dags/example_trigger_controller_dag.py took 0.062 seconds
[2023-04-28T06:08:45.558+0000] {processor.py:153} INFO - Started process (PID=15749) to work on /home/airflow/.local/lib/python3.7/site-packages/airflow/example_dags/example_trigger_controller_dag.py
[2023-04-28T06:08:45.559+0000] {processor.py:743} INFO - Processing file /home/airflow/.local/lib/python3.7/site-packages/airflow/example_dags/example_trigger_controller_dag.py for tasks to queue
[2023-04-28T06:08:45.560+0000] {logging_mixin.py:137} INFO - [2023-04-28T06:08:45.560+0000] {dagbag.py:538} INFO - Filling up the DagBag from /home/airflow/.local/lib/python3.7/site-packages/airflow/example_dags/example_trigger_controller_dag.py
[2023-04-28T06:08:45.569+0000] {processor.py:753} INFO - DAG(s) dict_keys(['example_trigger_controller_dag']) retrieved from /home/airflow/.local/lib/python3.7/site-packages/airflow/example_dags/example_trigger_controller_dag.py
[2023-04-28T06:08:45.590+0000] {logging_mixin.py:137} INFO - [2023-04-28T06:08:45.590+0000] {dag.py:2690} INFO - Sync 1 DAGs
[2023-04-28T06:08:45.605+0000] {logging_mixin.py:137} INFO - [2023-04-28T06:08:45.605+0000] {dag.py:3441} INFO - Setting next_dagrun for example_trigger_controller_dag to 2021-01-01T00:00:00+00:00, run_after=2021-01-01T00:00:00+00:00
[2023-04-28T06:08:45.617+0000] {processor.py:175} INFO - Processing /home/airflow/.local/lib/python3.7/site-packages/airflow/example_dags/example_trigger_controller_dag.py took 0.062 seconds
[2023-04-28T06:09:15.989+0000] {processor.py:153} INFO - Started process (PID=15827) to work on /home/airflow/.local/lib/python3.7/site-packages/airflow/example_dags/example_trigger_controller_dag.py
[2023-04-28T06:09:15.991+0000] {processor.py:743} INFO - Processing file /home/airflow/.local/lib/python3.7/site-packages/airflow/example_dags/example_trigger_controller_dag.py for tasks to queue
[2023-04-28T06:09:15.992+0000] {logging_mixin.py:137} INFO - [2023-04-28T06:09:15.991+0000] {dagbag.py:538} INFO - Filling up the DagBag from /home/airflow/.local/lib/python3.7/site-packages/airflow/example_dags/example_trigger_controller_dag.py
[2023-04-28T06:09:16.001+0000] {processor.py:753} INFO - DAG(s) dict_keys(['example_trigger_controller_dag']) retrieved from /home/airflow/.local/lib/python3.7/site-packages/airflow/example_dags/example_trigger_controller_dag.py
[2023-04-28T06:09:16.023+0000] {logging_mixin.py:137} INFO - [2023-04-28T06:09:16.023+0000] {dag.py:2690} INFO - Sync 1 DAGs
[2023-04-28T06:09:16.038+0000] {logging_mixin.py:137} INFO - [2023-04-28T06:09:16.038+0000] {dag.py:3441} INFO - Setting next_dagrun for example_trigger_controller_dag to 2021-01-01T00:00:00+00:00, run_after=2021-01-01T00:00:00+00:00
[2023-04-28T06:09:16.049+0000] {processor.py:175} INFO - Processing /home/airflow/.local/lib/python3.7/site-packages/airflow/example_dags/example_trigger_controller_dag.py took 0.062 seconds
[2023-04-28T06:09:46.975+0000] {processor.py:153} INFO - Started process (PID=15906) to work on /home/airflow/.local/lib/python3.7/site-packages/airflow/example_dags/example_trigger_controller_dag.py
[2023-04-28T06:09:46.976+0000] {processor.py:743} INFO - Processing file /home/airflow/.local/lib/python3.7/site-packages/airflow/example_dags/example_trigger_controller_dag.py for tasks to queue
[2023-04-28T06:09:46.976+0000] {logging_mixin.py:137} INFO - [2023-04-28T06:09:46.976+0000] {dagbag.py:538} INFO - Filling up the DagBag from /home/airflow/.local/lib/python3.7/site-packages/airflow/example_dags/example_trigger_controller_dag.py
[2023-04-28T06:09:46.987+0000] {processor.py:753} INFO - DAG(s) dict_keys(['example_trigger_controller_dag']) retrieved from /home/airflow/.local/lib/python3.7/site-packages/airflow/example_dags/example_trigger_controller_dag.py
[2023-04-28T06:09:47.007+0000] {logging_mixin.py:137} INFO - [2023-04-28T06:09:47.007+0000] {dag.py:2690} INFO - Sync 1 DAGs
[2023-04-28T06:09:47.025+0000] {logging_mixin.py:137} INFO - [2023-04-28T06:09:47.025+0000] {dag.py:3441} INFO - Setting next_dagrun for example_trigger_controller_dag to 2021-01-01T00:00:00+00:00, run_after=2021-01-01T00:00:00+00:00
[2023-04-28T06:09:47.036+0000] {processor.py:175} INFO - Processing /home/airflow/.local/lib/python3.7/site-packages/airflow/example_dags/example_trigger_controller_dag.py took 0.064 seconds
[2023-04-28T06:10:17.255+0000] {processor.py:153} INFO - Started process (PID=15971) to work on /home/airflow/.local/lib/python3.7/site-packages/airflow/example_dags/example_trigger_controller_dag.py
[2023-04-28T06:10:17.257+0000] {processor.py:743} INFO - Processing file /home/airflow/.local/lib/python3.7/site-packages/airflow/example_dags/example_trigger_controller_dag.py for tasks to queue
[2023-04-28T06:10:17.259+0000] {logging_mixin.py:137} INFO - [2023-04-28T06:10:17.259+0000] {dagbag.py:538} INFO - Filling up the DagBag from /home/airflow/.local/lib/python3.7/site-packages/airflow/example_dags/example_trigger_controller_dag.py
[2023-04-28T06:10:17.269+0000] {processor.py:753} INFO - DAG(s) dict_keys(['example_trigger_controller_dag']) retrieved from /home/airflow/.local/lib/python3.7/site-packages/airflow/example_dags/example_trigger_controller_dag.py
[2023-04-28T06:10:17.289+0000] {logging_mixin.py:137} INFO - [2023-04-28T06:10:17.289+0000] {dag.py:2690} INFO - Sync 1 DAGs
[2023-04-28T06:10:17.306+0000] {logging_mixin.py:137} INFO - [2023-04-28T06:10:17.306+0000] {dag.py:3441} INFO - Setting next_dagrun for example_trigger_controller_dag to 2021-01-01T00:00:00+00:00, run_after=2021-01-01T00:00:00+00:00
[2023-04-28T06:10:17.319+0000] {processor.py:175} INFO - Processing /home/airflow/.local/lib/python3.7/site-packages/airflow/example_dags/example_trigger_controller_dag.py took 0.066 seconds
[2023-04-28T06:10:47.695+0000] {processor.py:153} INFO - Started process (PID=16049) to work on /home/airflow/.local/lib/python3.7/site-packages/airflow/example_dags/example_trigger_controller_dag.py
[2023-04-28T06:10:47.696+0000] {processor.py:743} INFO - Processing file /home/airflow/.local/lib/python3.7/site-packages/airflow/example_dags/example_trigger_controller_dag.py for tasks to queue
[2023-04-28T06:10:47.697+0000] {logging_mixin.py:137} INFO - [2023-04-28T06:10:47.697+0000] {dagbag.py:538} INFO - Filling up the DagBag from /home/airflow/.local/lib/python3.7/site-packages/airflow/example_dags/example_trigger_controller_dag.py
[2023-04-28T06:10:47.707+0000] {processor.py:753} INFO - DAG(s) dict_keys(['example_trigger_controller_dag']) retrieved from /home/airflow/.local/lib/python3.7/site-packages/airflow/example_dags/example_trigger_controller_dag.py
[2023-04-28T06:10:47.728+0000] {logging_mixin.py:137} INFO - [2023-04-28T06:10:47.728+0000] {dag.py:2690} INFO - Sync 1 DAGs
[2023-04-28T06:10:47.748+0000] {logging_mixin.py:137} INFO - [2023-04-28T06:10:47.748+0000] {dag.py:3441} INFO - Setting next_dagrun for example_trigger_controller_dag to 2021-01-01T00:00:00+00:00, run_after=2021-01-01T00:00:00+00:00
[2023-04-28T06:10:47.761+0000] {processor.py:175} INFO - Processing /home/airflow/.local/lib/python3.7/site-packages/airflow/example_dags/example_trigger_controller_dag.py took 0.068 seconds
[2023-04-28T06:11:18.286+0000] {processor.py:153} INFO - Started process (PID=16127) to work on /home/airflow/.local/lib/python3.7/site-packages/airflow/example_dags/example_trigger_controller_dag.py
[2023-04-28T06:11:18.287+0000] {processor.py:743} INFO - Processing file /home/airflow/.local/lib/python3.7/site-packages/airflow/example_dags/example_trigger_controller_dag.py for tasks to queue
[2023-04-28T06:11:18.288+0000] {logging_mixin.py:137} INFO - [2023-04-28T06:11:18.288+0000] {dagbag.py:538} INFO - Filling up the DagBag from /home/airflow/.local/lib/python3.7/site-packages/airflow/example_dags/example_trigger_controller_dag.py
[2023-04-28T06:11:18.297+0000] {processor.py:753} INFO - DAG(s) dict_keys(['example_trigger_controller_dag']) retrieved from /home/airflow/.local/lib/python3.7/site-packages/airflow/example_dags/example_trigger_controller_dag.py
[2023-04-28T06:11:18.317+0000] {logging_mixin.py:137} INFO - [2023-04-28T06:11:18.317+0000] {dag.py:2690} INFO - Sync 1 DAGs
[2023-04-28T06:11:18.334+0000] {logging_mixin.py:137} INFO - [2023-04-28T06:11:18.334+0000] {dag.py:3441} INFO - Setting next_dagrun for example_trigger_controller_dag to 2021-01-01T00:00:00+00:00, run_after=2021-01-01T00:00:00+00:00
[2023-04-28T06:11:18.347+0000] {processor.py:175} INFO - Processing /home/airflow/.local/lib/python3.7/site-packages/airflow/example_dags/example_trigger_controller_dag.py took 0.064 seconds
[2023-04-28T06:11:48.757+0000] {processor.py:153} INFO - Started process (PID=16193) to work on /home/airflow/.local/lib/python3.7/site-packages/airflow/example_dags/example_trigger_controller_dag.py
[2023-04-28T06:11:48.759+0000] {processor.py:743} INFO - Processing file /home/airflow/.local/lib/python3.7/site-packages/airflow/example_dags/example_trigger_controller_dag.py for tasks to queue
[2023-04-28T06:11:48.760+0000] {logging_mixin.py:137} INFO - [2023-04-28T06:11:48.760+0000] {dagbag.py:538} INFO - Filling up the DagBag from /home/airflow/.local/lib/python3.7/site-packages/airflow/example_dags/example_trigger_controller_dag.py
[2023-04-28T06:11:48.770+0000] {processor.py:753} INFO - DAG(s) dict_keys(['example_trigger_controller_dag']) retrieved from /home/airflow/.local/lib/python3.7/site-packages/airflow/example_dags/example_trigger_controller_dag.py
[2023-04-28T06:11:48.792+0000] {logging_mixin.py:137} INFO - [2023-04-28T06:11:48.792+0000] {dag.py:2690} INFO - Sync 1 DAGs
[2023-04-28T06:11:48.817+0000] {logging_mixin.py:137} INFO - [2023-04-28T06:11:48.817+0000] {dag.py:3441} INFO - Setting next_dagrun for example_trigger_controller_dag to 2021-01-01T00:00:00+00:00, run_after=2021-01-01T00:00:00+00:00
[2023-04-28T06:11:48.831+0000] {processor.py:175} INFO - Processing /home/airflow/.local/lib/python3.7/site-packages/airflow/example_dags/example_trigger_controller_dag.py took 0.077 seconds
[2023-04-28T06:12:19.308+0000] {processor.py:153} INFO - Started process (PID=16271) to work on /home/airflow/.local/lib/python3.7/site-packages/airflow/example_dags/example_trigger_controller_dag.py
[2023-04-28T06:12:19.311+0000] {processor.py:743} INFO - Processing file /home/airflow/.local/lib/python3.7/site-packages/airflow/example_dags/example_trigger_controller_dag.py for tasks to queue
[2023-04-28T06:12:19.312+0000] {logging_mixin.py:137} INFO - [2023-04-28T06:12:19.312+0000] {dagbag.py:538} INFO - Filling up the DagBag from /home/airflow/.local/lib/python3.7/site-packages/airflow/example_dags/example_trigger_controller_dag.py
[2023-04-28T06:12:19.321+0000] {processor.py:753} INFO - DAG(s) dict_keys(['example_trigger_controller_dag']) retrieved from /home/airflow/.local/lib/python3.7/site-packages/airflow/example_dags/example_trigger_controller_dag.py
[2023-04-28T06:12:19.342+0000] {logging_mixin.py:137} INFO - [2023-04-28T06:12:19.341+0000] {dag.py:2690} INFO - Sync 1 DAGs
[2023-04-28T06:12:19.363+0000] {logging_mixin.py:137} INFO - [2023-04-28T06:12:19.363+0000] {dag.py:3441} INFO - Setting next_dagrun for example_trigger_controller_dag to 2021-01-01T00:00:00+00:00, run_after=2021-01-01T00:00:00+00:00
[2023-04-28T06:12:19.393+0000] {processor.py:175} INFO - Processing /home/airflow/.local/lib/python3.7/site-packages/airflow/example_dags/example_trigger_controller_dag.py took 0.088 seconds
[2023-04-28T06:12:49.992+0000] {processor.py:153} INFO - Started process (PID=16348) to work on /home/airflow/.local/lib/python3.7/site-packages/airflow/example_dags/example_trigger_controller_dag.py
[2023-04-28T06:12:49.993+0000] {processor.py:743} INFO - Processing file /home/airflow/.local/lib/python3.7/site-packages/airflow/example_dags/example_trigger_controller_dag.py for tasks to queue
[2023-04-28T06:12:49.994+0000] {logging_mixin.py:137} INFO - [2023-04-28T06:12:49.994+0000] {dagbag.py:538} INFO - Filling up the DagBag from /home/airflow/.local/lib/python3.7/site-packages/airflow/example_dags/example_trigger_controller_dag.py
[2023-04-28T06:12:50.003+0000] {processor.py:753} INFO - DAG(s) dict_keys(['example_trigger_controller_dag']) retrieved from /home/airflow/.local/lib/python3.7/site-packages/airflow/example_dags/example_trigger_controller_dag.py
[2023-04-28T06:12:50.024+0000] {logging_mixin.py:137} INFO - [2023-04-28T06:12:50.024+0000] {dag.py:2690} INFO - Sync 1 DAGs
[2023-04-28T06:12:50.041+0000] {logging_mixin.py:137} INFO - [2023-04-28T06:12:50.040+0000] {dag.py:3441} INFO - Setting next_dagrun for example_trigger_controller_dag to 2021-01-01T00:00:00+00:00, run_after=2021-01-01T00:00:00+00:00
[2023-04-28T06:12:50.053+0000] {processor.py:175} INFO - Processing /home/airflow/.local/lib/python3.7/site-packages/airflow/example_dags/example_trigger_controller_dag.py took 0.064 seconds
[2023-04-28T06:13:20.549+0000] {processor.py:153} INFO - Started process (PID=16415) to work on /home/airflow/.local/lib/python3.7/site-packages/airflow/example_dags/example_trigger_controller_dag.py
[2023-04-28T06:13:20.550+0000] {processor.py:743} INFO - Processing file /home/airflow/.local/lib/python3.7/site-packages/airflow/example_dags/example_trigger_controller_dag.py for tasks to queue
[2023-04-28T06:13:20.551+0000] {logging_mixin.py:137} INFO - [2023-04-28T06:13:20.551+0000] {dagbag.py:538} INFO - Filling up the DagBag from /home/airflow/.local/lib/python3.7/site-packages/airflow/example_dags/example_trigger_controller_dag.py
[2023-04-28T06:13:20.560+0000] {processor.py:753} INFO - DAG(s) dict_keys(['example_trigger_controller_dag']) retrieved from /home/airflow/.local/lib/python3.7/site-packages/airflow/example_dags/example_trigger_controller_dag.py
[2023-04-28T06:13:20.580+0000] {logging_mixin.py:137} INFO - [2023-04-28T06:13:20.580+0000] {dag.py:2690} INFO - Sync 1 DAGs
[2023-04-28T06:13:20.596+0000] {logging_mixin.py:137} INFO - [2023-04-28T06:13:20.596+0000] {dag.py:3441} INFO - Setting next_dagrun for example_trigger_controller_dag to 2021-01-01T00:00:00+00:00, run_after=2021-01-01T00:00:00+00:00
[2023-04-28T06:13:20.608+0000] {processor.py:175} INFO - Processing /home/airflow/.local/lib/python3.7/site-packages/airflow/example_dags/example_trigger_controller_dag.py took 0.062 seconds
[2023-04-28T06:13:50.954+0000] {processor.py:153} INFO - Started process (PID=16493) to work on /home/airflow/.local/lib/python3.7/site-packages/airflow/example_dags/example_trigger_controller_dag.py
[2023-04-28T06:13:50.955+0000] {processor.py:743} INFO - Processing file /home/airflow/.local/lib/python3.7/site-packages/airflow/example_dags/example_trigger_controller_dag.py for tasks to queue
[2023-04-28T06:13:50.956+0000] {logging_mixin.py:137} INFO - [2023-04-28T06:13:50.956+0000] {dagbag.py:538} INFO - Filling up the DagBag from /home/airflow/.local/lib/python3.7/site-packages/airflow/example_dags/example_trigger_controller_dag.py
[2023-04-28T06:13:50.966+0000] {processor.py:753} INFO - DAG(s) dict_keys(['example_trigger_controller_dag']) retrieved from /home/airflow/.local/lib/python3.7/site-packages/airflow/example_dags/example_trigger_controller_dag.py
[2023-04-28T06:13:50.986+0000] {logging_mixin.py:137} INFO - [2023-04-28T06:13:50.986+0000] {dag.py:2690} INFO - Sync 1 DAGs
[2023-04-28T06:13:51.002+0000] {logging_mixin.py:137} INFO - [2023-04-28T06:13:51.002+0000] {dag.py:3441} INFO - Setting next_dagrun for example_trigger_controller_dag to 2021-01-01T00:00:00+00:00, run_after=2021-01-01T00:00:00+00:00
[2023-04-28T06:13:51.013+0000] {processor.py:175} INFO - Processing /home/airflow/.local/lib/python3.7/site-packages/airflow/example_dags/example_trigger_controller_dag.py took 0.062 seconds
[2023-04-28T06:14:21.238+0000] {processor.py:153} INFO - Started process (PID=16571) to work on /home/airflow/.local/lib/python3.7/site-packages/airflow/example_dags/example_trigger_controller_dag.py
[2023-04-28T06:14:21.239+0000] {processor.py:743} INFO - Processing file /home/airflow/.local/lib/python3.7/site-packages/airflow/example_dags/example_trigger_controller_dag.py for tasks to queue
[2023-04-28T06:14:21.240+0000] {logging_mixin.py:137} INFO - [2023-04-28T06:14:21.240+0000] {dagbag.py:538} INFO - Filling up the DagBag from /home/airflow/.local/lib/python3.7/site-packages/airflow/example_dags/example_trigger_controller_dag.py
[2023-04-28T06:14:21.249+0000] {processor.py:753} INFO - DAG(s) dict_keys(['example_trigger_controller_dag']) retrieved from /home/airflow/.local/lib/python3.7/site-packages/airflow/example_dags/example_trigger_controller_dag.py
[2023-04-28T06:14:21.270+0000] {logging_mixin.py:137} INFO - [2023-04-28T06:14:21.270+0000] {dag.py:2690} INFO - Sync 1 DAGs
[2023-04-28T06:14:21.285+0000] {logging_mixin.py:137} INFO - [2023-04-28T06:14:21.285+0000] {dag.py:3441} INFO - Setting next_dagrun for example_trigger_controller_dag to 2021-01-01T00:00:00+00:00, run_after=2021-01-01T00:00:00+00:00
[2023-04-28T06:14:21.298+0000] {processor.py:175} INFO - Processing /home/airflow/.local/lib/python3.7/site-packages/airflow/example_dags/example_trigger_controller_dag.py took 0.063 seconds
[2023-04-28T06:14:51.742+0000] {processor.py:153} INFO - Started process (PID=16636) to work on /home/airflow/.local/lib/python3.7/site-packages/airflow/example_dags/example_trigger_controller_dag.py
[2023-04-28T06:14:51.743+0000] {processor.py:743} INFO - Processing file /home/airflow/.local/lib/python3.7/site-packages/airflow/example_dags/example_trigger_controller_dag.py for tasks to queue
[2023-04-28T06:14:51.744+0000] {logging_mixin.py:137} INFO - [2023-04-28T06:14:51.744+0000] {dagbag.py:538} INFO - Filling up the DagBag from /home/airflow/.local/lib/python3.7/site-packages/airflow/example_dags/example_trigger_controller_dag.py
[2023-04-28T06:14:51.753+0000] {processor.py:753} INFO - DAG(s) dict_keys(['example_trigger_controller_dag']) retrieved from /home/airflow/.local/lib/python3.7/site-packages/airflow/example_dags/example_trigger_controller_dag.py
[2023-04-28T06:14:51.773+0000] {logging_mixin.py:137} INFO - [2023-04-28T06:14:51.773+0000] {dag.py:2690} INFO - Sync 1 DAGs
[2023-04-28T06:14:51.788+0000] {logging_mixin.py:137} INFO - [2023-04-28T06:14:51.788+0000] {dag.py:3441} INFO - Setting next_dagrun for example_trigger_controller_dag to 2021-01-01T00:00:00+00:00, run_after=2021-01-01T00:00:00+00:00
[2023-04-28T06:14:51.800+0000] {processor.py:175} INFO - Processing /home/airflow/.local/lib/python3.7/site-packages/airflow/example_dags/example_trigger_controller_dag.py took 0.060 seconds
[2023-04-28T06:15:22.131+0000] {processor.py:153} INFO - Started process (PID=16714) to work on /home/airflow/.local/lib/python3.7/site-packages/airflow/example_dags/example_trigger_controller_dag.py
[2023-04-28T06:15:22.133+0000] {processor.py:743} INFO - Processing file /home/airflow/.local/lib/python3.7/site-packages/airflow/example_dags/example_trigger_controller_dag.py for tasks to queue
[2023-04-28T06:15:22.133+0000] {logging_mixin.py:137} INFO - [2023-04-28T06:15:22.133+0000] {dagbag.py:538} INFO - Filling up the DagBag from /home/airflow/.local/lib/python3.7/site-packages/airflow/example_dags/example_trigger_controller_dag.py
[2023-04-28T06:15:22.142+0000] {processor.py:753} INFO - DAG(s) dict_keys(['example_trigger_controller_dag']) retrieved from /home/airflow/.local/lib/python3.7/site-packages/airflow/example_dags/example_trigger_controller_dag.py
[2023-04-28T06:15:22.163+0000] {logging_mixin.py:137} INFO - [2023-04-28T06:15:22.162+0000] {dag.py:2690} INFO - Sync 1 DAGs
[2023-04-28T06:15:22.179+0000] {logging_mixin.py:137} INFO - [2023-04-28T06:15:22.178+0000] {dag.py:3441} INFO - Setting next_dagrun for example_trigger_controller_dag to 2021-01-01T00:00:00+00:00, run_after=2021-01-01T00:00:00+00:00
[2023-04-28T06:15:22.190+0000] {processor.py:175} INFO - Processing /home/airflow/.local/lib/python3.7/site-packages/airflow/example_dags/example_trigger_controller_dag.py took 0.061 seconds
[2023-04-28T06:15:52.503+0000] {processor.py:153} INFO - Started process (PID=16791) to work on /home/airflow/.local/lib/python3.7/site-packages/airflow/example_dags/example_trigger_controller_dag.py
[2023-04-28T06:15:52.504+0000] {processor.py:743} INFO - Processing file /home/airflow/.local/lib/python3.7/site-packages/airflow/example_dags/example_trigger_controller_dag.py for tasks to queue
[2023-04-28T06:15:52.505+0000] {logging_mixin.py:137} INFO - [2023-04-28T06:15:52.505+0000] {dagbag.py:538} INFO - Filling up the DagBag from /home/airflow/.local/lib/python3.7/site-packages/airflow/example_dags/example_trigger_controller_dag.py
[2023-04-28T06:15:52.514+0000] {processor.py:753} INFO - DAG(s) dict_keys(['example_trigger_controller_dag']) retrieved from /home/airflow/.local/lib/python3.7/site-packages/airflow/example_dags/example_trigger_controller_dag.py
[2023-04-28T06:15:52.535+0000] {logging_mixin.py:137} INFO - [2023-04-28T06:15:52.535+0000] {dag.py:2690} INFO - Sync 1 DAGs
[2023-04-28T06:15:52.550+0000] {logging_mixin.py:137} INFO - [2023-04-28T06:15:52.550+0000] {dag.py:3441} INFO - Setting next_dagrun for example_trigger_controller_dag to 2021-01-01T00:00:00+00:00, run_after=2021-01-01T00:00:00+00:00
[2023-04-28T06:15:52.562+0000] {processor.py:175} INFO - Processing /home/airflow/.local/lib/python3.7/site-packages/airflow/example_dags/example_trigger_controller_dag.py took 0.062 seconds
[2023-04-28T06:16:22.835+0000] {processor.py:153} INFO - Started process (PID=16856) to work on /home/airflow/.local/lib/python3.7/site-packages/airflow/example_dags/example_trigger_controller_dag.py
[2023-04-28T06:16:22.836+0000] {processor.py:743} INFO - Processing file /home/airflow/.local/lib/python3.7/site-packages/airflow/example_dags/example_trigger_controller_dag.py for tasks to queue
[2023-04-28T06:16:22.837+0000] {logging_mixin.py:137} INFO - [2023-04-28T06:16:22.837+0000] {dagbag.py:538} INFO - Filling up the DagBag from /home/airflow/.local/lib/python3.7/site-packages/airflow/example_dags/example_trigger_controller_dag.py
[2023-04-28T06:16:22.846+0000] {processor.py:753} INFO - DAG(s) dict_keys(['example_trigger_controller_dag']) retrieved from /home/airflow/.local/lib/python3.7/site-packages/airflow/example_dags/example_trigger_controller_dag.py
[2023-04-28T06:16:22.867+0000] {logging_mixin.py:137} INFO - [2023-04-28T06:16:22.867+0000] {dag.py:2690} INFO - Sync 1 DAGs
[2023-04-28T06:16:22.882+0000] {logging_mixin.py:137} INFO - [2023-04-28T06:16:22.882+0000] {dag.py:3441} INFO - Setting next_dagrun for example_trigger_controller_dag to 2021-01-01T00:00:00+00:00, run_after=2021-01-01T00:00:00+00:00
[2023-04-28T06:16:22.893+0000] {processor.py:175} INFO - Processing /home/airflow/.local/lib/python3.7/site-packages/airflow/example_dags/example_trigger_controller_dag.py took 0.061 seconds
[2023-04-28T06:16:53.390+0000] {processor.py:153} INFO - Started process (PID=16934) to work on /home/airflow/.local/lib/python3.7/site-packages/airflow/example_dags/example_trigger_controller_dag.py
[2023-04-28T06:16:53.392+0000] {processor.py:743} INFO - Processing file /home/airflow/.local/lib/python3.7/site-packages/airflow/example_dags/example_trigger_controller_dag.py for tasks to queue
[2023-04-28T06:16:53.393+0000] {logging_mixin.py:137} INFO - [2023-04-28T06:16:53.393+0000] {dagbag.py:538} INFO - Filling up the DagBag from /home/airflow/.local/lib/python3.7/site-packages/airflow/example_dags/example_trigger_controller_dag.py
[2023-04-28T06:16:53.409+0000] {processor.py:753} INFO - DAG(s) dict_keys(['example_trigger_controller_dag']) retrieved from /home/airflow/.local/lib/python3.7/site-packages/airflow/example_dags/example_trigger_controller_dag.py
[2023-04-28T06:16:53.445+0000] {logging_mixin.py:137} INFO - [2023-04-28T06:16:53.445+0000] {dag.py:2690} INFO - Sync 1 DAGs
[2023-04-28T06:16:53.474+0000] {logging_mixin.py:137} INFO - [2023-04-28T06:16:53.473+0000] {dag.py:3441} INFO - Setting next_dagrun for example_trigger_controller_dag to 2021-01-01T00:00:00+00:00, run_after=2021-01-01T00:00:00+00:00
[2023-04-28T06:16:53.484+0000] {processor.py:175} INFO - Processing /home/airflow/.local/lib/python3.7/site-packages/airflow/example_dags/example_trigger_controller_dag.py took 0.099 seconds
[2023-04-28T06:17:23.739+0000] {processor.py:153} INFO - Started process (PID=17012) to work on /home/airflow/.local/lib/python3.7/site-packages/airflow/example_dags/example_trigger_controller_dag.py
[2023-04-28T06:17:23.740+0000] {processor.py:743} INFO - Processing file /home/airflow/.local/lib/python3.7/site-packages/airflow/example_dags/example_trigger_controller_dag.py for tasks to queue
[2023-04-28T06:17:23.741+0000] {logging_mixin.py:137} INFO - [2023-04-28T06:17:23.741+0000] {dagbag.py:538} INFO - Filling up the DagBag from /home/airflow/.local/lib/python3.7/site-packages/airflow/example_dags/example_trigger_controller_dag.py
[2023-04-28T06:17:23.750+0000] {processor.py:753} INFO - DAG(s) dict_keys(['example_trigger_controller_dag']) retrieved from /home/airflow/.local/lib/python3.7/site-packages/airflow/example_dags/example_trigger_controller_dag.py
[2023-04-28T06:17:23.771+0000] {logging_mixin.py:137} INFO - [2023-04-28T06:17:23.771+0000] {dag.py:2690} INFO - Sync 1 DAGs
[2023-04-28T06:17:23.787+0000] {logging_mixin.py:137} INFO - [2023-04-28T06:17:23.787+0000] {dag.py:3441} INFO - Setting next_dagrun for example_trigger_controller_dag to 2021-01-01T00:00:00+00:00, run_after=2021-01-01T00:00:00+00:00
[2023-04-28T06:17:23.798+0000] {processor.py:175} INFO - Processing /home/airflow/.local/lib/python3.7/site-packages/airflow/example_dags/example_trigger_controller_dag.py took 0.062 seconds
[2023-04-28T06:17:54.195+0000] {processor.py:153} INFO - Started process (PID=17085) to work on /home/airflow/.local/lib/python3.7/site-packages/airflow/example_dags/example_trigger_controller_dag.py
[2023-04-28T06:17:54.197+0000] {processor.py:743} INFO - Processing file /home/airflow/.local/lib/python3.7/site-packages/airflow/example_dags/example_trigger_controller_dag.py for tasks to queue
[2023-04-28T06:17:54.198+0000] {logging_mixin.py:137} INFO - [2023-04-28T06:17:54.198+0000] {dagbag.py:538} INFO - Filling up the DagBag from /home/airflow/.local/lib/python3.7/site-packages/airflow/example_dags/example_trigger_controller_dag.py
[2023-04-28T06:17:54.208+0000] {processor.py:753} INFO - DAG(s) dict_keys(['example_trigger_controller_dag']) retrieved from /home/airflow/.local/lib/python3.7/site-packages/airflow/example_dags/example_trigger_controller_dag.py
[2023-04-28T06:17:54.231+0000] {logging_mixin.py:137} INFO - [2023-04-28T06:17:54.230+0000] {dag.py:2690} INFO - Sync 1 DAGs
[2023-04-28T06:17:54.248+0000] {logging_mixin.py:137} INFO - [2023-04-28T06:17:54.248+0000] {dag.py:3441} INFO - Setting next_dagrun for example_trigger_controller_dag to 2021-01-01T00:00:00+00:00, run_after=2021-01-01T00:00:00+00:00
[2023-04-28T06:17:54.259+0000] {processor.py:175} INFO - Processing /home/airflow/.local/lib/python3.7/site-packages/airflow/example_dags/example_trigger_controller_dag.py took 0.067 seconds
[2023-04-28T06:18:24.744+0000] {processor.py:153} INFO - Started process (PID=17156) to work on /home/airflow/.local/lib/python3.7/site-packages/airflow/example_dags/example_trigger_controller_dag.py
[2023-04-28T06:18:24.745+0000] {processor.py:743} INFO - Processing file /home/airflow/.local/lib/python3.7/site-packages/airflow/example_dags/example_trigger_controller_dag.py for tasks to queue
[2023-04-28T06:18:24.746+0000] {logging_mixin.py:137} INFO - [2023-04-28T06:18:24.746+0000] {dagbag.py:538} INFO - Filling up the DagBag from /home/airflow/.local/lib/python3.7/site-packages/airflow/example_dags/example_trigger_controller_dag.py
[2023-04-28T06:18:24.756+0000] {processor.py:753} INFO - DAG(s) dict_keys(['example_trigger_controller_dag']) retrieved from /home/airflow/.local/lib/python3.7/site-packages/airflow/example_dags/example_trigger_controller_dag.py
[2023-04-28T06:18:24.777+0000] {logging_mixin.py:137} INFO - [2023-04-28T06:18:24.777+0000] {dag.py:2690} INFO - Sync 1 DAGs
[2023-04-28T06:18:24.793+0000] {logging_mixin.py:137} INFO - [2023-04-28T06:18:24.793+0000] {dag.py:3441} INFO - Setting next_dagrun for example_trigger_controller_dag to 2021-01-01T00:00:00+00:00, run_after=2021-01-01T00:00:00+00:00
[2023-04-28T06:18:24.805+0000] {processor.py:175} INFO - Processing /home/airflow/.local/lib/python3.7/site-packages/airflow/example_dags/example_trigger_controller_dag.py took 0.063 seconds
[2023-04-28T06:18:55.070+0000] {processor.py:153} INFO - Started process (PID=17234) to work on /home/airflow/.local/lib/python3.7/site-packages/airflow/example_dags/example_trigger_controller_dag.py
[2023-04-28T06:18:55.071+0000] {processor.py:743} INFO - Processing file /home/airflow/.local/lib/python3.7/site-packages/airflow/example_dags/example_trigger_controller_dag.py for tasks to queue
[2023-04-28T06:18:55.072+0000] {logging_mixin.py:137} INFO - [2023-04-28T06:18:55.072+0000] {dagbag.py:538} INFO - Filling up the DagBag from /home/airflow/.local/lib/python3.7/site-packages/airflow/example_dags/example_trigger_controller_dag.py
[2023-04-28T06:18:55.081+0000] {processor.py:753} INFO - DAG(s) dict_keys(['example_trigger_controller_dag']) retrieved from /home/airflow/.local/lib/python3.7/site-packages/airflow/example_dags/example_trigger_controller_dag.py
[2023-04-28T06:18:55.103+0000] {logging_mixin.py:137} INFO - [2023-04-28T06:18:55.102+0000] {dag.py:2690} INFO - Sync 1 DAGs
[2023-04-28T06:18:55.119+0000] {logging_mixin.py:137} INFO - [2023-04-28T06:18:55.119+0000] {dag.py:3441} INFO - Setting next_dagrun for example_trigger_controller_dag to 2021-01-01T00:00:00+00:00, run_after=2021-01-01T00:00:00+00:00
[2023-04-28T06:18:55.130+0000] {processor.py:175} INFO - Processing /home/airflow/.local/lib/python3.7/site-packages/airflow/example_dags/example_trigger_controller_dag.py took 0.063 seconds
