[2023-04-28T00:36:32.148+0000] {processor.py:153} INFO - Started process (PID=14568) to work on /home/airflow/.local/lib/python3.7/site-packages/airflow/example_dags/example_trigger_target_dag.py
[2023-04-28T00:36:32.150+0000] {processor.py:743} INFO - Processing file /home/airflow/.local/lib/python3.7/site-packages/airflow/example_dags/example_trigger_target_dag.py for tasks to queue
[2023-04-28T00:36:32.151+0000] {logging_mixin.py:137} INFO - [2023-04-28T00:36:32.151+0000] {dagbag.py:538} INFO - Filling up the DagBag from /home/airflow/.local/lib/python3.7/site-packages/airflow/example_dags/example_trigger_target_dag.py
[2023-04-28T00:36:32.172+0000] {processor.py:753} INFO - DAG(s) dict_keys(['example_trigger_target_dag']) retrieved from /home/airflow/.local/lib/python3.7/site-packages/airflow/example_dags/example_trigger_target_dag.py
[2023-04-28T00:36:32.209+0000] {logging_mixin.py:137} INFO - [2023-04-28T00:36:32.209+0000] {dag.py:2690} INFO - Sync 1 DAGs
[2023-04-28T00:36:32.228+0000] {logging_mixin.py:137} INFO - [2023-04-28T00:36:32.228+0000] {dag.py:3441} INFO - Setting next_dagrun for example_trigger_target_dag to None, run_after=None
[2023-04-28T00:36:32.245+0000] {processor.py:175} INFO - Processing /home/airflow/.local/lib/python3.7/site-packages/airflow/example_dags/example_trigger_target_dag.py took 0.101 seconds
[2023-04-28T01:42:53.564+0000] {processor.py:153} INFO - Started process (PID=14646) to work on /home/airflow/.local/lib/python3.7/site-packages/airflow/example_dags/example_trigger_target_dag.py
[2023-04-28T01:42:53.566+0000] {processor.py:743} INFO - Processing file /home/airflow/.local/lib/python3.7/site-packages/airflow/example_dags/example_trigger_target_dag.py for tasks to queue
[2023-04-28T01:42:53.567+0000] {logging_mixin.py:137} INFO - [2023-04-28T01:42:53.567+0000] {dagbag.py:538} INFO - Filling up the DagBag from /home/airflow/.local/lib/python3.7/site-packages/airflow/example_dags/example_trigger_target_dag.py
[2023-04-28T01:42:53.588+0000] {processor.py:753} INFO - DAG(s) dict_keys(['example_trigger_target_dag']) retrieved from /home/airflow/.local/lib/python3.7/site-packages/airflow/example_dags/example_trigger_target_dag.py
[2023-04-28T01:42:53.612+0000] {logging_mixin.py:137} INFO - [2023-04-28T01:42:53.612+0000] {dag.py:2690} INFO - Sync 1 DAGs
[2023-04-28T01:42:53.632+0000] {logging_mixin.py:137} INFO - [2023-04-28T01:42:53.632+0000] {dag.py:3441} INFO - Setting next_dagrun for example_trigger_target_dag to None, run_after=None
[2023-04-28T01:42:53.653+0000] {processor.py:175} INFO - Processing /home/airflow/.local/lib/python3.7/site-packages/airflow/example_dags/example_trigger_target_dag.py took 0.093 seconds
[2023-04-28T02:48:41.371+0000] {processor.py:153} INFO - Started process (PID=14712) to work on /home/airflow/.local/lib/python3.7/site-packages/airflow/example_dags/example_trigger_target_dag.py
[2023-04-28T02:48:41.373+0000] {processor.py:743} INFO - Processing file /home/airflow/.local/lib/python3.7/site-packages/airflow/example_dags/example_trigger_target_dag.py for tasks to queue
[2023-04-28T02:48:41.374+0000] {logging_mixin.py:137} INFO - [2023-04-28T02:48:41.373+0000] {dagbag.py:538} INFO - Filling up the DagBag from /home/airflow/.local/lib/python3.7/site-packages/airflow/example_dags/example_trigger_target_dag.py
[2023-04-28T02:48:41.389+0000] {processor.py:753} INFO - DAG(s) dict_keys(['example_trigger_target_dag']) retrieved from /home/airflow/.local/lib/python3.7/site-packages/airflow/example_dags/example_trigger_target_dag.py
[2023-04-28T02:48:41.410+0000] {logging_mixin.py:137} INFO - [2023-04-28T02:48:41.410+0000] {dag.py:2690} INFO - Sync 1 DAGs
[2023-04-28T02:48:41.425+0000] {logging_mixin.py:137} INFO - [2023-04-28T02:48:41.425+0000] {dag.py:3441} INFO - Setting next_dagrun for example_trigger_target_dag to None, run_after=None
[2023-04-28T02:48:41.436+0000] {processor.py:175} INFO - Processing /home/airflow/.local/lib/python3.7/site-packages/airflow/example_dags/example_trigger_target_dag.py took 0.068 seconds
[2023-04-28T03:54:54.735+0000] {processor.py:153} INFO - Started process (PID=14789) to work on /home/airflow/.local/lib/python3.7/site-packages/airflow/example_dags/example_trigger_target_dag.py
[2023-04-28T03:54:54.737+0000] {processor.py:743} INFO - Processing file /home/airflow/.local/lib/python3.7/site-packages/airflow/example_dags/example_trigger_target_dag.py for tasks to queue
[2023-04-28T03:54:54.737+0000] {logging_mixin.py:137} INFO - [2023-04-28T03:54:54.737+0000] {dagbag.py:538} INFO - Filling up the DagBag from /home/airflow/.local/lib/python3.7/site-packages/airflow/example_dags/example_trigger_target_dag.py
[2023-04-28T03:54:54.756+0000] {processor.py:753} INFO - DAG(s) dict_keys(['example_trigger_target_dag']) retrieved from /home/airflow/.local/lib/python3.7/site-packages/airflow/example_dags/example_trigger_target_dag.py
[2023-04-28T03:54:54.788+0000] {logging_mixin.py:137} INFO - [2023-04-28T03:54:54.788+0000] {dag.py:2690} INFO - Sync 1 DAGs
[2023-04-28T03:54:54.813+0000] {logging_mixin.py:137} INFO - [2023-04-28T03:54:54.813+0000] {dag.py:3441} INFO - Setting next_dagrun for example_trigger_target_dag to None, run_after=None
[2023-04-28T03:54:54.832+0000] {processor.py:175} INFO - Processing /home/airflow/.local/lib/python3.7/site-packages/airflow/example_dags/example_trigger_target_dag.py took 0.099 seconds
[2023-04-28T05:16:16.840+0000] {processor.py:153} INFO - Started process (PID=14855) to work on /home/airflow/.local/lib/python3.7/site-packages/airflow/example_dags/example_trigger_target_dag.py
[2023-04-28T05:16:16.841+0000] {processor.py:743} INFO - Processing file /home/airflow/.local/lib/python3.7/site-packages/airflow/example_dags/example_trigger_target_dag.py for tasks to queue
[2023-04-28T05:16:16.842+0000] {logging_mixin.py:137} INFO - [2023-04-28T05:16:16.842+0000] {dagbag.py:538} INFO - Filling up the DagBag from /home/airflow/.local/lib/python3.7/site-packages/airflow/example_dags/example_trigger_target_dag.py
[2023-04-28T05:16:16.857+0000] {processor.py:753} INFO - DAG(s) dict_keys(['example_trigger_target_dag']) retrieved from /home/airflow/.local/lib/python3.7/site-packages/airflow/example_dags/example_trigger_target_dag.py
[2023-04-28T05:16:16.878+0000] {logging_mixin.py:137} INFO - [2023-04-28T05:16:16.878+0000] {dag.py:2690} INFO - Sync 1 DAGs
[2023-04-28T05:16:16.895+0000] {logging_mixin.py:137} INFO - [2023-04-28T05:16:16.895+0000] {dag.py:3441} INFO - Setting next_dagrun for example_trigger_target_dag to None, run_after=None
[2023-04-28T05:16:16.907+0000] {processor.py:175} INFO - Processing /home/airflow/.local/lib/python3.7/site-packages/airflow/example_dags/example_trigger_target_dag.py took 0.070 seconds
[2023-04-28T05:32:13.168+0000] {processor.py:153} INFO - Started process (PID=14935) to work on /home/airflow/.local/lib/python3.7/site-packages/airflow/example_dags/example_trigger_target_dag.py
[2023-04-28T05:32:13.169+0000] {processor.py:743} INFO - Processing file /home/airflow/.local/lib/python3.7/site-packages/airflow/example_dags/example_trigger_target_dag.py for tasks to queue
[2023-04-28T05:32:13.170+0000] {logging_mixin.py:137} INFO - [2023-04-28T05:32:13.170+0000] {dagbag.py:538} INFO - Filling up the DagBag from /home/airflow/.local/lib/python3.7/site-packages/airflow/example_dags/example_trigger_target_dag.py
[2023-04-28T05:32:13.185+0000] {processor.py:753} INFO - DAG(s) dict_keys(['example_trigger_target_dag']) retrieved from /home/airflow/.local/lib/python3.7/site-packages/airflow/example_dags/example_trigger_target_dag.py
[2023-04-28T05:32:13.206+0000] {logging_mixin.py:137} INFO - [2023-04-28T05:32:13.205+0000] {dag.py:2690} INFO - Sync 1 DAGs
[2023-04-28T05:32:13.221+0000] {logging_mixin.py:137} INFO - [2023-04-28T05:32:13.221+0000] {dag.py:3441} INFO - Setting next_dagrun for example_trigger_target_dag to None, run_after=None
[2023-04-28T05:32:13.232+0000] {processor.py:175} INFO - Processing /home/airflow/.local/lib/python3.7/site-packages/airflow/example_dags/example_trigger_target_dag.py took 0.067 seconds
[2023-04-28T05:32:43.520+0000] {processor.py:153} INFO - Started process (PID=15012) to work on /home/airflow/.local/lib/python3.7/site-packages/airflow/example_dags/example_trigger_target_dag.py
[2023-04-28T05:32:43.521+0000] {processor.py:743} INFO - Processing file /home/airflow/.local/lib/python3.7/site-packages/airflow/example_dags/example_trigger_target_dag.py for tasks to queue
[2023-04-28T05:32:43.522+0000] {logging_mixin.py:137} INFO - [2023-04-28T05:32:43.522+0000] {dagbag.py:538} INFO - Filling up the DagBag from /home/airflow/.local/lib/python3.7/site-packages/airflow/example_dags/example_trigger_target_dag.py
[2023-04-28T05:32:43.540+0000] {processor.py:753} INFO - DAG(s) dict_keys(['example_trigger_target_dag']) retrieved from /home/airflow/.local/lib/python3.7/site-packages/airflow/example_dags/example_trigger_target_dag.py
[2023-04-28T05:32:43.561+0000] {logging_mixin.py:137} INFO - [2023-04-28T05:32:43.560+0000] {dag.py:2690} INFO - Sync 1 DAGs
[2023-04-28T05:32:43.579+0000] {logging_mixin.py:137} INFO - [2023-04-28T05:32:43.579+0000] {dag.py:3441} INFO - Setting next_dagrun for example_trigger_target_dag to None, run_after=None
[2023-04-28T05:32:43.607+0000] {processor.py:175} INFO - Processing /home/airflow/.local/lib/python3.7/site-packages/airflow/example_dags/example_trigger_target_dag.py took 0.090 seconds
[2023-04-28T06:03:56.054+0000] {processor.py:153} INFO - Started process (PID=15079) to work on /home/airflow/.local/lib/python3.7/site-packages/airflow/example_dags/example_trigger_target_dag.py
[2023-04-28T06:03:56.055+0000] {processor.py:743} INFO - Processing file /home/airflow/.local/lib/python3.7/site-packages/airflow/example_dags/example_trigger_target_dag.py for tasks to queue
[2023-04-28T06:03:56.056+0000] {logging_mixin.py:137} INFO - [2023-04-28T06:03:56.056+0000] {dagbag.py:538} INFO - Filling up the DagBag from /home/airflow/.local/lib/python3.7/site-packages/airflow/example_dags/example_trigger_target_dag.py
[2023-04-28T06:03:56.071+0000] {processor.py:753} INFO - DAG(s) dict_keys(['example_trigger_target_dag']) retrieved from /home/airflow/.local/lib/python3.7/site-packages/airflow/example_dags/example_trigger_target_dag.py
[2023-04-28T06:03:56.091+0000] {logging_mixin.py:137} INFO - [2023-04-28T06:03:56.091+0000] {dag.py:2690} INFO - Sync 1 DAGs
[2023-04-28T06:03:56.107+0000] {logging_mixin.py:137} INFO - [2023-04-28T06:03:56.107+0000] {dag.py:3441} INFO - Setting next_dagrun for example_trigger_target_dag to None, run_after=None
[2023-04-28T06:03:56.119+0000] {processor.py:175} INFO - Processing /home/airflow/.local/lib/python3.7/site-packages/airflow/example_dags/example_trigger_target_dag.py took 0.068 seconds
[2023-04-28T06:04:41.597+0000] {processor.py:153} INFO - Started process (PID=15158) to work on /home/airflow/.local/lib/python3.7/site-packages/airflow/example_dags/example_trigger_target_dag.py
[2023-04-28T06:04:41.598+0000] {processor.py:743} INFO - Processing file /home/airflow/.local/lib/python3.7/site-packages/airflow/example_dags/example_trigger_target_dag.py for tasks to queue
[2023-04-28T06:04:41.599+0000] {logging_mixin.py:137} INFO - [2023-04-28T06:04:41.599+0000] {dagbag.py:538} INFO - Filling up the DagBag from /home/airflow/.local/lib/python3.7/site-packages/airflow/example_dags/example_trigger_target_dag.py
[2023-04-28T06:04:41.614+0000] {processor.py:753} INFO - DAG(s) dict_keys(['example_trigger_target_dag']) retrieved from /home/airflow/.local/lib/python3.7/site-packages/airflow/example_dags/example_trigger_target_dag.py
[2023-04-28T06:04:41.634+0000] {logging_mixin.py:137} INFO - [2023-04-28T06:04:41.634+0000] {dag.py:2690} INFO - Sync 1 DAGs
[2023-04-28T06:04:41.650+0000] {logging_mixin.py:137} INFO - [2023-04-28T06:04:41.650+0000] {dag.py:3441} INFO - Setting next_dagrun for example_trigger_target_dag to None, run_after=None
[2023-04-28T06:04:41.663+0000] {processor.py:175} INFO - Processing /home/airflow/.local/lib/python3.7/site-packages/airflow/example_dags/example_trigger_target_dag.py took 0.069 seconds
[2023-04-28T06:05:12.204+0000] {processor.py:153} INFO - Started process (PID=15236) to work on /home/airflow/.local/lib/python3.7/site-packages/airflow/example_dags/example_trigger_target_dag.py
[2023-04-28T06:05:12.205+0000] {processor.py:743} INFO - Processing file /home/airflow/.local/lib/python3.7/site-packages/airflow/example_dags/example_trigger_target_dag.py for tasks to queue
[2023-04-28T06:05:12.206+0000] {logging_mixin.py:137} INFO - [2023-04-28T06:05:12.206+0000] {dagbag.py:538} INFO - Filling up the DagBag from /home/airflow/.local/lib/python3.7/site-packages/airflow/example_dags/example_trigger_target_dag.py
[2023-04-28T06:05:12.228+0000] {processor.py:753} INFO - DAG(s) dict_keys(['example_trigger_target_dag']) retrieved from /home/airflow/.local/lib/python3.7/site-packages/airflow/example_dags/example_trigger_target_dag.py
[2023-04-28T06:05:12.255+0000] {logging_mixin.py:137} INFO - [2023-04-28T06:05:12.255+0000] {dag.py:2690} INFO - Sync 1 DAGs
[2023-04-28T06:05:12.276+0000] {logging_mixin.py:137} INFO - [2023-04-28T06:05:12.276+0000] {dag.py:3441} INFO - Setting next_dagrun for example_trigger_target_dag to None, run_after=None
[2023-04-28T06:05:12.290+0000] {processor.py:175} INFO - Processing /home/airflow/.local/lib/python3.7/site-packages/airflow/example_dags/example_trigger_target_dag.py took 0.089 seconds
[2023-04-28T06:05:42.691+0000] {processor.py:153} INFO - Started process (PID=15302) to work on /home/airflow/.local/lib/python3.7/site-packages/airflow/example_dags/example_trigger_target_dag.py
[2023-04-28T06:05:42.692+0000] {processor.py:743} INFO - Processing file /home/airflow/.local/lib/python3.7/site-packages/airflow/example_dags/example_trigger_target_dag.py for tasks to queue
[2023-04-28T06:05:42.693+0000] {logging_mixin.py:137} INFO - [2023-04-28T06:05:42.693+0000] {dagbag.py:538} INFO - Filling up the DagBag from /home/airflow/.local/lib/python3.7/site-packages/airflow/example_dags/example_trigger_target_dag.py
[2023-04-28T06:05:42.708+0000] {processor.py:753} INFO - DAG(s) dict_keys(['example_trigger_target_dag']) retrieved from /home/airflow/.local/lib/python3.7/site-packages/airflow/example_dags/example_trigger_target_dag.py
[2023-04-28T06:05:42.731+0000] {logging_mixin.py:137} INFO - [2023-04-28T06:05:42.731+0000] {dag.py:2690} INFO - Sync 1 DAGs
[2023-04-28T06:05:42.747+0000] {logging_mixin.py:137} INFO - [2023-04-28T06:05:42.747+0000] {dag.py:3441} INFO - Setting next_dagrun for example_trigger_target_dag to None, run_after=None
[2023-04-28T06:05:42.760+0000] {processor.py:175} INFO - Processing /home/airflow/.local/lib/python3.7/site-packages/airflow/example_dags/example_trigger_target_dag.py took 0.072 seconds
[2023-04-28T06:06:12.959+0000] {processor.py:153} INFO - Started process (PID=15382) to work on /home/airflow/.local/lib/python3.7/site-packages/airflow/example_dags/example_trigger_target_dag.py
[2023-04-28T06:06:12.960+0000] {processor.py:743} INFO - Processing file /home/airflow/.local/lib/python3.7/site-packages/airflow/example_dags/example_trigger_target_dag.py for tasks to queue
[2023-04-28T06:06:12.961+0000] {logging_mixin.py:137} INFO - [2023-04-28T06:06:12.961+0000] {dagbag.py:538} INFO - Filling up the DagBag from /home/airflow/.local/lib/python3.7/site-packages/airflow/example_dags/example_trigger_target_dag.py
[2023-04-28T06:06:12.976+0000] {processor.py:753} INFO - DAG(s) dict_keys(['example_trigger_target_dag']) retrieved from /home/airflow/.local/lib/python3.7/site-packages/airflow/example_dags/example_trigger_target_dag.py
[2023-04-28T06:06:12.996+0000] {logging_mixin.py:137} INFO - [2023-04-28T06:06:12.996+0000] {dag.py:2690} INFO - Sync 1 DAGs
[2023-04-28T06:06:13.012+0000] {logging_mixin.py:137} INFO - [2023-04-28T06:06:13.012+0000] {dag.py:3441} INFO - Setting next_dagrun for example_trigger_target_dag to None, run_after=None
[2023-04-28T06:06:13.025+0000] {processor.py:175} INFO - Processing /home/airflow/.local/lib/python3.7/site-packages/airflow/example_dags/example_trigger_target_dag.py took 0.068 seconds
[2023-04-28T06:06:43.661+0000] {processor.py:153} INFO - Started process (PID=15459) to work on /home/airflow/.local/lib/python3.7/site-packages/airflow/example_dags/example_trigger_target_dag.py
[2023-04-28T06:06:43.663+0000] {processor.py:743} INFO - Processing file /home/airflow/.local/lib/python3.7/site-packages/airflow/example_dags/example_trigger_target_dag.py for tasks to queue
[2023-04-28T06:06:43.663+0000] {logging_mixin.py:137} INFO - [2023-04-28T06:06:43.663+0000] {dagbag.py:538} INFO - Filling up the DagBag from /home/airflow/.local/lib/python3.7/site-packages/airflow/example_dags/example_trigger_target_dag.py
[2023-04-28T06:06:43.679+0000] {processor.py:753} INFO - DAG(s) dict_keys(['example_trigger_target_dag']) retrieved from /home/airflow/.local/lib/python3.7/site-packages/airflow/example_dags/example_trigger_target_dag.py
[2023-04-28T06:06:43.700+0000] {logging_mixin.py:137} INFO - [2023-04-28T06:06:43.700+0000] {dag.py:2690} INFO - Sync 1 DAGs
[2023-04-28T06:06:43.715+0000] {logging_mixin.py:137} INFO - [2023-04-28T06:06:43.715+0000] {dag.py:3441} INFO - Setting next_dagrun for example_trigger_target_dag to None, run_after=None
[2023-04-28T06:06:43.726+0000] {processor.py:175} INFO - Processing /home/airflow/.local/lib/python3.7/site-packages/airflow/example_dags/example_trigger_target_dag.py took 0.067 seconds
[2023-04-28T06:07:14.033+0000] {processor.py:153} INFO - Started process (PID=15526) to work on /home/airflow/.local/lib/python3.7/site-packages/airflow/example_dags/example_trigger_target_dag.py
[2023-04-28T06:07:14.034+0000] {processor.py:743} INFO - Processing file /home/airflow/.local/lib/python3.7/site-packages/airflow/example_dags/example_trigger_target_dag.py for tasks to queue
[2023-04-28T06:07:14.035+0000] {logging_mixin.py:137} INFO - [2023-04-28T06:07:14.035+0000] {dagbag.py:538} INFO - Filling up the DagBag from /home/airflow/.local/lib/python3.7/site-packages/airflow/example_dags/example_trigger_target_dag.py
[2023-04-28T06:07:14.050+0000] {processor.py:753} INFO - DAG(s) dict_keys(['example_trigger_target_dag']) retrieved from /home/airflow/.local/lib/python3.7/site-packages/airflow/example_dags/example_trigger_target_dag.py
[2023-04-28T06:07:14.070+0000] {logging_mixin.py:137} INFO - [2023-04-28T06:07:14.070+0000] {dag.py:2690} INFO - Sync 1 DAGs
[2023-04-28T06:07:14.085+0000] {logging_mixin.py:137} INFO - [2023-04-28T06:07:14.085+0000] {dag.py:3441} INFO - Setting next_dagrun for example_trigger_target_dag to None, run_after=None
[2023-04-28T06:07:14.096+0000] {processor.py:175} INFO - Processing /home/airflow/.local/lib/python3.7/site-packages/airflow/example_dags/example_trigger_target_dag.py took 0.066 seconds
[2023-04-28T06:07:44.574+0000] {processor.py:153} INFO - Started process (PID=15604) to work on /home/airflow/.local/lib/python3.7/site-packages/airflow/example_dags/example_trigger_target_dag.py
[2023-04-28T06:07:44.575+0000] {processor.py:743} INFO - Processing file /home/airflow/.local/lib/python3.7/site-packages/airflow/example_dags/example_trigger_target_dag.py for tasks to queue
[2023-04-28T06:07:44.576+0000] {logging_mixin.py:137} INFO - [2023-04-28T06:07:44.576+0000] {dagbag.py:538} INFO - Filling up the DagBag from /home/airflow/.local/lib/python3.7/site-packages/airflow/example_dags/example_trigger_target_dag.py
[2023-04-28T06:07:44.592+0000] {processor.py:753} INFO - DAG(s) dict_keys(['example_trigger_target_dag']) retrieved from /home/airflow/.local/lib/python3.7/site-packages/airflow/example_dags/example_trigger_target_dag.py
[2023-04-28T06:07:44.612+0000] {logging_mixin.py:137} INFO - [2023-04-28T06:07:44.611+0000] {dag.py:2690} INFO - Sync 1 DAGs
[2023-04-28T06:07:44.628+0000] {logging_mixin.py:137} INFO - [2023-04-28T06:07:44.628+0000] {dag.py:3441} INFO - Setting next_dagrun for example_trigger_target_dag to None, run_after=None
[2023-04-28T06:07:44.640+0000] {processor.py:175} INFO - Processing /home/airflow/.local/lib/python3.7/site-packages/airflow/example_dags/example_trigger_target_dag.py took 0.069 seconds
[2023-04-28T06:08:14.982+0000] {processor.py:153} INFO - Started process (PID=15682) to work on /home/airflow/.local/lib/python3.7/site-packages/airflow/example_dags/example_trigger_target_dag.py
[2023-04-28T06:08:14.983+0000] {processor.py:743} INFO - Processing file /home/airflow/.local/lib/python3.7/site-packages/airflow/example_dags/example_trigger_target_dag.py for tasks to queue
[2023-04-28T06:08:14.985+0000] {logging_mixin.py:137} INFO - [2023-04-28T06:08:14.984+0000] {dagbag.py:538} INFO - Filling up the DagBag from /home/airflow/.local/lib/python3.7/site-packages/airflow/example_dags/example_trigger_target_dag.py
[2023-04-28T06:08:15.000+0000] {processor.py:753} INFO - DAG(s) dict_keys(['example_trigger_target_dag']) retrieved from /home/airflow/.local/lib/python3.7/site-packages/airflow/example_dags/example_trigger_target_dag.py
[2023-04-28T06:08:15.021+0000] {logging_mixin.py:137} INFO - [2023-04-28T06:08:15.020+0000] {dag.py:2690} INFO - Sync 1 DAGs
[2023-04-28T06:08:15.037+0000] {logging_mixin.py:137} INFO - [2023-04-28T06:08:15.037+0000] {dag.py:3441} INFO - Setting next_dagrun for example_trigger_target_dag to None, run_after=None
[2023-04-28T06:08:15.048+0000] {processor.py:175} INFO - Processing /home/airflow/.local/lib/python3.7/site-packages/airflow/example_dags/example_trigger_target_dag.py took 0.069 seconds
[2023-04-28T06:08:45.533+0000] {processor.py:153} INFO - Started process (PID=15748) to work on /home/airflow/.local/lib/python3.7/site-packages/airflow/example_dags/example_trigger_target_dag.py
[2023-04-28T06:08:45.535+0000] {processor.py:743} INFO - Processing file /home/airflow/.local/lib/python3.7/site-packages/airflow/example_dags/example_trigger_target_dag.py for tasks to queue
[2023-04-28T06:08:45.536+0000] {logging_mixin.py:137} INFO - [2023-04-28T06:08:45.536+0000] {dagbag.py:538} INFO - Filling up the DagBag from /home/airflow/.local/lib/python3.7/site-packages/airflow/example_dags/example_trigger_target_dag.py
[2023-04-28T06:08:45.554+0000] {processor.py:753} INFO - DAG(s) dict_keys(['example_trigger_target_dag']) retrieved from /home/airflow/.local/lib/python3.7/site-packages/airflow/example_dags/example_trigger_target_dag.py
[2023-04-28T06:08:45.574+0000] {logging_mixin.py:137} INFO - [2023-04-28T06:08:45.574+0000] {dag.py:2690} INFO - Sync 1 DAGs
[2023-04-28T06:08:45.589+0000] {logging_mixin.py:137} INFO - [2023-04-28T06:08:45.589+0000] {dag.py:3441} INFO - Setting next_dagrun for example_trigger_target_dag to None, run_after=None
[2023-04-28T06:08:45.600+0000] {processor.py:175} INFO - Processing /home/airflow/.local/lib/python3.7/site-packages/airflow/example_dags/example_trigger_target_dag.py took 0.070 seconds
[2023-04-28T06:09:15.923+0000] {processor.py:153} INFO - Started process (PID=15826) to work on /home/airflow/.local/lib/python3.7/site-packages/airflow/example_dags/example_trigger_target_dag.py
[2023-04-28T06:09:15.924+0000] {processor.py:743} INFO - Processing file /home/airflow/.local/lib/python3.7/site-packages/airflow/example_dags/example_trigger_target_dag.py for tasks to queue
[2023-04-28T06:09:15.924+0000] {logging_mixin.py:137} INFO - [2023-04-28T06:09:15.924+0000] {dagbag.py:538} INFO - Filling up the DagBag from /home/airflow/.local/lib/python3.7/site-packages/airflow/example_dags/example_trigger_target_dag.py
[2023-04-28T06:09:15.939+0000] {processor.py:753} INFO - DAG(s) dict_keys(['example_trigger_target_dag']) retrieved from /home/airflow/.local/lib/python3.7/site-packages/airflow/example_dags/example_trigger_target_dag.py
[2023-04-28T06:09:15.959+0000] {logging_mixin.py:137} INFO - [2023-04-28T06:09:15.959+0000] {dag.py:2690} INFO - Sync 1 DAGs
[2023-04-28T06:09:15.974+0000] {logging_mixin.py:137} INFO - [2023-04-28T06:09:15.974+0000] {dag.py:3441} INFO - Setting next_dagrun for example_trigger_target_dag to None, run_after=None
[2023-04-28T06:09:15.987+0000] {processor.py:175} INFO - Processing /home/airflow/.local/lib/python3.7/site-packages/airflow/example_dags/example_trigger_target_dag.py took 0.067 seconds
[2023-04-28T06:09:46.937+0000] {processor.py:153} INFO - Started process (PID=15905) to work on /home/airflow/.local/lib/python3.7/site-packages/airflow/example_dags/example_trigger_target_dag.py
[2023-04-28T06:09:46.938+0000] {processor.py:743} INFO - Processing file /home/airflow/.local/lib/python3.7/site-packages/airflow/example_dags/example_trigger_target_dag.py for tasks to queue
[2023-04-28T06:09:46.939+0000] {logging_mixin.py:137} INFO - [2023-04-28T06:09:46.939+0000] {dagbag.py:538} INFO - Filling up the DagBag from /home/airflow/.local/lib/python3.7/site-packages/airflow/example_dags/example_trigger_target_dag.py
[2023-04-28T06:09:46.954+0000] {processor.py:753} INFO - DAG(s) dict_keys(['example_trigger_target_dag']) retrieved from /home/airflow/.local/lib/python3.7/site-packages/airflow/example_dags/example_trigger_target_dag.py
[2023-04-28T06:09:46.976+0000] {logging_mixin.py:137} INFO - [2023-04-28T06:09:46.975+0000] {dag.py:2690} INFO - Sync 1 DAGs
[2023-04-28T06:09:46.992+0000] {logging_mixin.py:137} INFO - [2023-04-28T06:09:46.992+0000] {dag.py:3441} INFO - Setting next_dagrun for example_trigger_target_dag to None, run_after=None
[2023-04-28T06:09:47.003+0000] {processor.py:175} INFO - Processing /home/airflow/.local/lib/python3.7/site-packages/airflow/example_dags/example_trigger_target_dag.py took 0.069 seconds
[2023-04-28T06:10:17.233+0000] {processor.py:153} INFO - Started process (PID=15970) to work on /home/airflow/.local/lib/python3.7/site-packages/airflow/example_dags/example_trigger_target_dag.py
[2023-04-28T06:10:17.235+0000] {processor.py:743} INFO - Processing file /home/airflow/.local/lib/python3.7/site-packages/airflow/example_dags/example_trigger_target_dag.py for tasks to queue
[2023-04-28T06:10:17.235+0000] {logging_mixin.py:137} INFO - [2023-04-28T06:10:17.235+0000] {dagbag.py:538} INFO - Filling up the DagBag from /home/airflow/.local/lib/python3.7/site-packages/airflow/example_dags/example_trigger_target_dag.py
[2023-04-28T06:10:17.252+0000] {processor.py:753} INFO - DAG(s) dict_keys(['example_trigger_target_dag']) retrieved from /home/airflow/.local/lib/python3.7/site-packages/airflow/example_dags/example_trigger_target_dag.py
[2023-04-28T06:10:17.273+0000] {logging_mixin.py:137} INFO - [2023-04-28T06:10:17.273+0000] {dag.py:2690} INFO - Sync 1 DAGs
[2023-04-28T06:10:17.289+0000] {logging_mixin.py:137} INFO - [2023-04-28T06:10:17.288+0000] {dag.py:3441} INFO - Setting next_dagrun for example_trigger_target_dag to None, run_after=None
[2023-04-28T06:10:17.301+0000] {processor.py:175} INFO - Processing /home/airflow/.local/lib/python3.7/site-packages/airflow/example_dags/example_trigger_target_dag.py took 0.071 seconds
[2023-04-28T06:10:47.665+0000] {processor.py:153} INFO - Started process (PID=16048) to work on /home/airflow/.local/lib/python3.7/site-packages/airflow/example_dags/example_trigger_target_dag.py
[2023-04-28T06:10:47.666+0000] {processor.py:743} INFO - Processing file /home/airflow/.local/lib/python3.7/site-packages/airflow/example_dags/example_trigger_target_dag.py for tasks to queue
[2023-04-28T06:10:47.667+0000] {logging_mixin.py:137} INFO - [2023-04-28T06:10:47.667+0000] {dagbag.py:538} INFO - Filling up the DagBag from /home/airflow/.local/lib/python3.7/site-packages/airflow/example_dags/example_trigger_target_dag.py
[2023-04-28T06:10:47.684+0000] {processor.py:753} INFO - DAG(s) dict_keys(['example_trigger_target_dag']) retrieved from /home/airflow/.local/lib/python3.7/site-packages/airflow/example_dags/example_trigger_target_dag.py
[2023-04-28T06:10:47.707+0000] {logging_mixin.py:137} INFO - [2023-04-28T06:10:47.707+0000] {dag.py:2690} INFO - Sync 1 DAGs
[2023-04-28T06:10:47.723+0000] {logging_mixin.py:137} INFO - [2023-04-28T06:10:47.723+0000] {dag.py:3441} INFO - Setting next_dagrun for example_trigger_target_dag to None, run_after=None
[2023-04-28T06:10:47.734+0000] {processor.py:175} INFO - Processing /home/airflow/.local/lib/python3.7/site-packages/airflow/example_dags/example_trigger_target_dag.py took 0.072 seconds
[2023-04-28T06:11:18.251+0000] {processor.py:153} INFO - Started process (PID=16126) to work on /home/airflow/.local/lib/python3.7/site-packages/airflow/example_dags/example_trigger_target_dag.py
[2023-04-28T06:11:18.252+0000] {processor.py:743} INFO - Processing file /home/airflow/.local/lib/python3.7/site-packages/airflow/example_dags/example_trigger_target_dag.py for tasks to queue
[2023-04-28T06:11:18.254+0000] {logging_mixin.py:137} INFO - [2023-04-28T06:11:18.253+0000] {dagbag.py:538} INFO - Filling up the DagBag from /home/airflow/.local/lib/python3.7/site-packages/airflow/example_dags/example_trigger_target_dag.py
[2023-04-28T06:11:18.271+0000] {processor.py:753} INFO - DAG(s) dict_keys(['example_trigger_target_dag']) retrieved from /home/airflow/.local/lib/python3.7/site-packages/airflow/example_dags/example_trigger_target_dag.py
[2023-04-28T06:11:18.292+0000] {logging_mixin.py:137} INFO - [2023-04-28T06:11:18.292+0000] {dag.py:2690} INFO - Sync 1 DAGs
[2023-04-28T06:11:18.308+0000] {logging_mixin.py:137} INFO - [2023-04-28T06:11:18.308+0000] {dag.py:3441} INFO - Setting next_dagrun for example_trigger_target_dag to None, run_after=None
[2023-04-28T06:11:18.319+0000] {processor.py:175} INFO - Processing /home/airflow/.local/lib/python3.7/site-packages/airflow/example_dags/example_trigger_target_dag.py took 0.071 seconds
[2023-04-28T06:11:48.703+0000] {processor.py:153} INFO - Started process (PID=16192) to work on /home/airflow/.local/lib/python3.7/site-packages/airflow/example_dags/example_trigger_target_dag.py
[2023-04-28T06:11:48.704+0000] {processor.py:743} INFO - Processing file /home/airflow/.local/lib/python3.7/site-packages/airflow/example_dags/example_trigger_target_dag.py for tasks to queue
[2023-04-28T06:11:48.705+0000] {logging_mixin.py:137} INFO - [2023-04-28T06:11:48.705+0000] {dagbag.py:538} INFO - Filling up the DagBag from /home/airflow/.local/lib/python3.7/site-packages/airflow/example_dags/example_trigger_target_dag.py
[2023-04-28T06:11:48.725+0000] {processor.py:753} INFO - DAG(s) dict_keys(['example_trigger_target_dag']) retrieved from /home/airflow/.local/lib/python3.7/site-packages/airflow/example_dags/example_trigger_target_dag.py
[2023-04-28T06:11:48.748+0000] {logging_mixin.py:137} INFO - [2023-04-28T06:11:48.748+0000] {dag.py:2690} INFO - Sync 1 DAGs
[2023-04-28T06:11:48.766+0000] {logging_mixin.py:137} INFO - [2023-04-28T06:11:48.766+0000] {dag.py:3441} INFO - Setting next_dagrun for example_trigger_target_dag to None, run_after=None
[2023-04-28T06:11:48.779+0000] {processor.py:175} INFO - Processing /home/airflow/.local/lib/python3.7/site-packages/airflow/example_dags/example_trigger_target_dag.py took 0.080 seconds
[2023-04-28T06:12:19.290+0000] {processor.py:153} INFO - Started process (PID=16270) to work on /home/airflow/.local/lib/python3.7/site-packages/airflow/example_dags/example_trigger_target_dag.py
[2023-04-28T06:12:19.291+0000] {processor.py:743} INFO - Processing file /home/airflow/.local/lib/python3.7/site-packages/airflow/example_dags/example_trigger_target_dag.py for tasks to queue
[2023-04-28T06:12:19.292+0000] {logging_mixin.py:137} INFO - [2023-04-28T06:12:19.292+0000] {dagbag.py:538} INFO - Filling up the DagBag from /home/airflow/.local/lib/python3.7/site-packages/airflow/example_dags/example_trigger_target_dag.py
[2023-04-28T06:12:19.309+0000] {processor.py:753} INFO - DAG(s) dict_keys(['example_trigger_target_dag']) retrieved from /home/airflow/.local/lib/python3.7/site-packages/airflow/example_dags/example_trigger_target_dag.py
[2023-04-28T06:12:19.328+0000] {logging_mixin.py:137} INFO - [2023-04-28T06:12:19.328+0000] {dag.py:2690} INFO - Sync 1 DAGs
[2023-04-28T06:12:19.343+0000] {logging_mixin.py:137} INFO - [2023-04-28T06:12:19.343+0000] {dag.py:3441} INFO - Setting next_dagrun for example_trigger_target_dag to None, run_after=None
[2023-04-28T06:12:19.360+0000] {processor.py:175} INFO - Processing /home/airflow/.local/lib/python3.7/site-packages/airflow/example_dags/example_trigger_target_dag.py took 0.073 seconds
[2023-04-28T06:12:49.968+0000] {processor.py:153} INFO - Started process (PID=16347) to work on /home/airflow/.local/lib/python3.7/site-packages/airflow/example_dags/example_trigger_target_dag.py
[2023-04-28T06:12:49.970+0000] {processor.py:743} INFO - Processing file /home/airflow/.local/lib/python3.7/site-packages/airflow/example_dags/example_trigger_target_dag.py for tasks to queue
[2023-04-28T06:12:49.971+0000] {logging_mixin.py:137} INFO - [2023-04-28T06:12:49.971+0000] {dagbag.py:538} INFO - Filling up the DagBag from /home/airflow/.local/lib/python3.7/site-packages/airflow/example_dags/example_trigger_target_dag.py
[2023-04-28T06:12:49.987+0000] {processor.py:753} INFO - DAG(s) dict_keys(['example_trigger_target_dag']) retrieved from /home/airflow/.local/lib/python3.7/site-packages/airflow/example_dags/example_trigger_target_dag.py
[2023-04-28T06:12:50.008+0000] {logging_mixin.py:137} INFO - [2023-04-28T06:12:50.008+0000] {dag.py:2690} INFO - Sync 1 DAGs
[2023-04-28T06:12:50.023+0000] {logging_mixin.py:137} INFO - [2023-04-28T06:12:50.023+0000] {dag.py:3441} INFO - Setting next_dagrun for example_trigger_target_dag to None, run_after=None
[2023-04-28T06:12:50.036+0000] {processor.py:175} INFO - Processing /home/airflow/.local/lib/python3.7/site-packages/airflow/example_dags/example_trigger_target_dag.py took 0.071 seconds
[2023-04-28T06:13:20.527+0000] {processor.py:153} INFO - Started process (PID=16414) to work on /home/airflow/.local/lib/python3.7/site-packages/airflow/example_dags/example_trigger_target_dag.py
[2023-04-28T06:13:20.528+0000] {processor.py:743} INFO - Processing file /home/airflow/.local/lib/python3.7/site-packages/airflow/example_dags/example_trigger_target_dag.py for tasks to queue
[2023-04-28T06:13:20.529+0000] {logging_mixin.py:137} INFO - [2023-04-28T06:13:20.529+0000] {dagbag.py:538} INFO - Filling up the DagBag from /home/airflow/.local/lib/python3.7/site-packages/airflow/example_dags/example_trigger_target_dag.py
[2023-04-28T06:13:20.545+0000] {processor.py:753} INFO - DAG(s) dict_keys(['example_trigger_target_dag']) retrieved from /home/airflow/.local/lib/python3.7/site-packages/airflow/example_dags/example_trigger_target_dag.py
[2023-04-28T06:13:20.565+0000] {logging_mixin.py:137} INFO - [2023-04-28T06:13:20.565+0000] {dag.py:2690} INFO - Sync 1 DAGs
[2023-04-28T06:13:20.580+0000] {logging_mixin.py:137} INFO - [2023-04-28T06:13:20.580+0000] {dag.py:3441} INFO - Setting next_dagrun for example_trigger_target_dag to None, run_after=None
[2023-04-28T06:13:20.591+0000] {processor.py:175} INFO - Processing /home/airflow/.local/lib/python3.7/site-packages/airflow/example_dags/example_trigger_target_dag.py took 0.067 seconds
[2023-04-28T06:13:50.880+0000] {processor.py:153} INFO - Started process (PID=16492) to work on /home/airflow/.local/lib/python3.7/site-packages/airflow/example_dags/example_trigger_target_dag.py
[2023-04-28T06:13:50.881+0000] {processor.py:743} INFO - Processing file /home/airflow/.local/lib/python3.7/site-packages/airflow/example_dags/example_trigger_target_dag.py for tasks to queue
[2023-04-28T06:13:50.882+0000] {logging_mixin.py:137} INFO - [2023-04-28T06:13:50.882+0000] {dagbag.py:538} INFO - Filling up the DagBag from /home/airflow/.local/lib/python3.7/site-packages/airflow/example_dags/example_trigger_target_dag.py
[2023-04-28T06:13:50.897+0000] {processor.py:753} INFO - DAG(s) dict_keys(['example_trigger_target_dag']) retrieved from /home/airflow/.local/lib/python3.7/site-packages/airflow/example_dags/example_trigger_target_dag.py
[2023-04-28T06:13:50.918+0000] {logging_mixin.py:137} INFO - [2023-04-28T06:13:50.918+0000] {dag.py:2690} INFO - Sync 1 DAGs
[2023-04-28T06:13:50.935+0000] {logging_mixin.py:137} INFO - [2023-04-28T06:13:50.935+0000] {dag.py:3441} INFO - Setting next_dagrun for example_trigger_target_dag to None, run_after=None
[2023-04-28T06:13:50.947+0000] {processor.py:175} INFO - Processing /home/airflow/.local/lib/python3.7/site-packages/airflow/example_dags/example_trigger_target_dag.py took 0.069 seconds
[2023-04-28T06:14:21.221+0000] {processor.py:153} INFO - Started process (PID=16570) to work on /home/airflow/.local/lib/python3.7/site-packages/airflow/example_dags/example_trigger_target_dag.py
[2023-04-28T06:14:21.222+0000] {processor.py:743} INFO - Processing file /home/airflow/.local/lib/python3.7/site-packages/airflow/example_dags/example_trigger_target_dag.py for tasks to queue
[2023-04-28T06:14:21.223+0000] {logging_mixin.py:137} INFO - [2023-04-28T06:14:21.223+0000] {dagbag.py:538} INFO - Filling up the DagBag from /home/airflow/.local/lib/python3.7/site-packages/airflow/example_dags/example_trigger_target_dag.py
[2023-04-28T06:14:21.239+0000] {processor.py:753} INFO - DAG(s) dict_keys(['example_trigger_target_dag']) retrieved from /home/airflow/.local/lib/python3.7/site-packages/airflow/example_dags/example_trigger_target_dag.py
[2023-04-28T06:14:21.258+0000] {logging_mixin.py:137} INFO - [2023-04-28T06:14:21.258+0000] {dag.py:2690} INFO - Sync 1 DAGs
[2023-04-28T06:14:21.274+0000] {logging_mixin.py:137} INFO - [2023-04-28T06:14:21.274+0000] {dag.py:3441} INFO - Setting next_dagrun for example_trigger_target_dag to None, run_after=None
[2023-04-28T06:14:21.286+0000] {processor.py:175} INFO - Processing /home/airflow/.local/lib/python3.7/site-packages/airflow/example_dags/example_trigger_target_dag.py took 0.068 seconds
[2023-04-28T06:14:51.655+0000] {processor.py:153} INFO - Started process (PID=16635) to work on /home/airflow/.local/lib/python3.7/site-packages/airflow/example_dags/example_trigger_target_dag.py
[2023-04-28T06:14:51.656+0000] {processor.py:743} INFO - Processing file /home/airflow/.local/lib/python3.7/site-packages/airflow/example_dags/example_trigger_target_dag.py for tasks to queue
[2023-04-28T06:14:51.657+0000] {logging_mixin.py:137} INFO - [2023-04-28T06:14:51.657+0000] {dagbag.py:538} INFO - Filling up the DagBag from /home/airflow/.local/lib/python3.7/site-packages/airflow/example_dags/example_trigger_target_dag.py
[2023-04-28T06:14:51.672+0000] {processor.py:753} INFO - DAG(s) dict_keys(['example_trigger_target_dag']) retrieved from /home/airflow/.local/lib/python3.7/site-packages/airflow/example_dags/example_trigger_target_dag.py
[2023-04-28T06:14:51.692+0000] {logging_mixin.py:137} INFO - [2023-04-28T06:14:51.692+0000] {dag.py:2690} INFO - Sync 1 DAGs
[2023-04-28T06:14:51.708+0000] {logging_mixin.py:137} INFO - [2023-04-28T06:14:51.707+0000] {dag.py:3441} INFO - Setting next_dagrun for example_trigger_target_dag to None, run_after=None
[2023-04-28T06:14:51.719+0000] {processor.py:175} INFO - Processing /home/airflow/.local/lib/python3.7/site-packages/airflow/example_dags/example_trigger_target_dag.py took 0.067 seconds
[2023-04-28T06:15:22.107+0000] {processor.py:153} INFO - Started process (PID=16713) to work on /home/airflow/.local/lib/python3.7/site-packages/airflow/example_dags/example_trigger_target_dag.py
[2023-04-28T06:15:22.109+0000] {processor.py:743} INFO - Processing file /home/airflow/.local/lib/python3.7/site-packages/airflow/example_dags/example_trigger_target_dag.py for tasks to queue
[2023-04-28T06:15:22.109+0000] {logging_mixin.py:137} INFO - [2023-04-28T06:15:22.109+0000] {dagbag.py:538} INFO - Filling up the DagBag from /home/airflow/.local/lib/python3.7/site-packages/airflow/example_dags/example_trigger_target_dag.py
[2023-04-28T06:15:22.125+0000] {processor.py:753} INFO - DAG(s) dict_keys(['example_trigger_target_dag']) retrieved from /home/airflow/.local/lib/python3.7/site-packages/airflow/example_dags/example_trigger_target_dag.py
[2023-04-28T06:15:22.146+0000] {logging_mixin.py:137} INFO - [2023-04-28T06:15:22.146+0000] {dag.py:2690} INFO - Sync 1 DAGs
[2023-04-28T06:15:22.161+0000] {logging_mixin.py:137} INFO - [2023-04-28T06:15:22.161+0000] {dag.py:3441} INFO - Setting next_dagrun for example_trigger_target_dag to None, run_after=None
[2023-04-28T06:15:22.172+0000] {processor.py:175} INFO - Processing /home/airflow/.local/lib/python3.7/site-packages/airflow/example_dags/example_trigger_target_dag.py took 0.068 seconds
[2023-04-28T06:15:52.489+0000] {processor.py:153} INFO - Started process (PID=16790) to work on /home/airflow/.local/lib/python3.7/site-packages/airflow/example_dags/example_trigger_target_dag.py
[2023-04-28T06:15:52.490+0000] {processor.py:743} INFO - Processing file /home/airflow/.local/lib/python3.7/site-packages/airflow/example_dags/example_trigger_target_dag.py for tasks to queue
[2023-04-28T06:15:52.491+0000] {logging_mixin.py:137} INFO - [2023-04-28T06:15:52.491+0000] {dagbag.py:538} INFO - Filling up the DagBag from /home/airflow/.local/lib/python3.7/site-packages/airflow/example_dags/example_trigger_target_dag.py
[2023-04-28T06:15:52.506+0000] {processor.py:753} INFO - DAG(s) dict_keys(['example_trigger_target_dag']) retrieved from /home/airflow/.local/lib/python3.7/site-packages/airflow/example_dags/example_trigger_target_dag.py
[2023-04-28T06:15:52.525+0000] {logging_mixin.py:137} INFO - [2023-04-28T06:15:52.525+0000] {dag.py:2690} INFO - Sync 1 DAGs
[2023-04-28T06:15:52.541+0000] {logging_mixin.py:137} INFO - [2023-04-28T06:15:52.540+0000] {dag.py:3441} INFO - Setting next_dagrun for example_trigger_target_dag to None, run_after=None
[2023-04-28T06:15:52.551+0000] {processor.py:175} INFO - Processing /home/airflow/.local/lib/python3.7/site-packages/airflow/example_dags/example_trigger_target_dag.py took 0.065 seconds
[2023-04-28T06:16:22.750+0000] {processor.py:153} INFO - Started process (PID=16855) to work on /home/airflow/.local/lib/python3.7/site-packages/airflow/example_dags/example_trigger_target_dag.py
[2023-04-28T06:16:22.751+0000] {processor.py:743} INFO - Processing file /home/airflow/.local/lib/python3.7/site-packages/airflow/example_dags/example_trigger_target_dag.py for tasks to queue
[2023-04-28T06:16:22.752+0000] {logging_mixin.py:137} INFO - [2023-04-28T06:16:22.752+0000] {dagbag.py:538} INFO - Filling up the DagBag from /home/airflow/.local/lib/python3.7/site-packages/airflow/example_dags/example_trigger_target_dag.py
[2023-04-28T06:16:22.766+0000] {processor.py:753} INFO - DAG(s) dict_keys(['example_trigger_target_dag']) retrieved from /home/airflow/.local/lib/python3.7/site-packages/airflow/example_dags/example_trigger_target_dag.py
[2023-04-28T06:16:22.785+0000] {logging_mixin.py:137} INFO - [2023-04-28T06:16:22.785+0000] {dag.py:2690} INFO - Sync 1 DAGs
[2023-04-28T06:16:22.799+0000] {logging_mixin.py:137} INFO - [2023-04-28T06:16:22.799+0000] {dag.py:3441} INFO - Setting next_dagrun for example_trigger_target_dag to None, run_after=None
[2023-04-28T06:16:22.810+0000] {processor.py:175} INFO - Processing /home/airflow/.local/lib/python3.7/site-packages/airflow/example_dags/example_trigger_target_dag.py took 0.063 seconds
[2023-04-28T06:16:53.318+0000] {processor.py:153} INFO - Started process (PID=16933) to work on /home/airflow/.local/lib/python3.7/site-packages/airflow/example_dags/example_trigger_target_dag.py
[2023-04-28T06:16:53.321+0000] {processor.py:743} INFO - Processing file /home/airflow/.local/lib/python3.7/site-packages/airflow/example_dags/example_trigger_target_dag.py for tasks to queue
[2023-04-28T06:16:53.322+0000] {logging_mixin.py:137} INFO - [2023-04-28T06:16:53.322+0000] {dagbag.py:538} INFO - Filling up the DagBag from /home/airflow/.local/lib/python3.7/site-packages/airflow/example_dags/example_trigger_target_dag.py
[2023-04-28T06:16:53.347+0000] {processor.py:753} INFO - DAG(s) dict_keys(['example_trigger_target_dag']) retrieved from /home/airflow/.local/lib/python3.7/site-packages/airflow/example_dags/example_trigger_target_dag.py
[2023-04-28T06:16:53.377+0000] {logging_mixin.py:137} INFO - [2023-04-28T06:16:53.376+0000] {dag.py:2690} INFO - Sync 1 DAGs
[2023-04-28T06:16:53.413+0000] {logging_mixin.py:137} INFO - [2023-04-28T06:16:53.413+0000] {dag.py:3441} INFO - Setting next_dagrun for example_trigger_target_dag to None, run_after=None
[2023-04-28T06:16:53.430+0000] {processor.py:175} INFO - Processing /home/airflow/.local/lib/python3.7/site-packages/airflow/example_dags/example_trigger_target_dag.py took 0.119 seconds
[2023-04-28T06:17:23.673+0000] {processor.py:153} INFO - Started process (PID=17011) to work on /home/airflow/.local/lib/python3.7/site-packages/airflow/example_dags/example_trigger_target_dag.py
[2023-04-28T06:17:23.674+0000] {processor.py:743} INFO - Processing file /home/airflow/.local/lib/python3.7/site-packages/airflow/example_dags/example_trigger_target_dag.py for tasks to queue
[2023-04-28T06:17:23.675+0000] {logging_mixin.py:137} INFO - [2023-04-28T06:17:23.675+0000] {dagbag.py:538} INFO - Filling up the DagBag from /home/airflow/.local/lib/python3.7/site-packages/airflow/example_dags/example_trigger_target_dag.py
[2023-04-28T06:17:23.690+0000] {processor.py:753} INFO - DAG(s) dict_keys(['example_trigger_target_dag']) retrieved from /home/airflow/.local/lib/python3.7/site-packages/airflow/example_dags/example_trigger_target_dag.py
[2023-04-28T06:17:23.711+0000] {logging_mixin.py:137} INFO - [2023-04-28T06:17:23.711+0000] {dag.py:2690} INFO - Sync 1 DAGs
[2023-04-28T06:17:23.727+0000] {logging_mixin.py:137} INFO - [2023-04-28T06:17:23.727+0000] {dag.py:3441} INFO - Setting next_dagrun for example_trigger_target_dag to None, run_after=None
[2023-04-28T06:17:23.739+0000] {processor.py:175} INFO - Processing /home/airflow/.local/lib/python3.7/site-packages/airflow/example_dags/example_trigger_target_dag.py took 0.069 seconds
[2023-04-28T06:17:54.099+0000] {processor.py:153} INFO - Started process (PID=17084) to work on /home/airflow/.local/lib/python3.7/site-packages/airflow/example_dags/example_trigger_target_dag.py
[2023-04-28T06:17:54.101+0000] {processor.py:743} INFO - Processing file /home/airflow/.local/lib/python3.7/site-packages/airflow/example_dags/example_trigger_target_dag.py for tasks to queue
[2023-04-28T06:17:54.101+0000] {logging_mixin.py:137} INFO - [2023-04-28T06:17:54.101+0000] {dagbag.py:538} INFO - Filling up the DagBag from /home/airflow/.local/lib/python3.7/site-packages/airflow/example_dags/example_trigger_target_dag.py
[2023-04-28T06:17:54.117+0000] {processor.py:753} INFO - DAG(s) dict_keys(['example_trigger_target_dag']) retrieved from /home/airflow/.local/lib/python3.7/site-packages/airflow/example_dags/example_trigger_target_dag.py
[2023-04-28T06:17:54.138+0000] {logging_mixin.py:137} INFO - [2023-04-28T06:17:54.138+0000] {dag.py:2690} INFO - Sync 1 DAGs
[2023-04-28T06:17:54.154+0000] {logging_mixin.py:137} INFO - [2023-04-28T06:17:54.154+0000] {dag.py:3441} INFO - Setting next_dagrun for example_trigger_target_dag to None, run_after=None
[2023-04-28T06:17:54.166+0000] {processor.py:175} INFO - Processing /home/airflow/.local/lib/python3.7/site-packages/airflow/example_dags/example_trigger_target_dag.py took 0.070 seconds
[2023-04-28T06:18:24.685+0000] {processor.py:153} INFO - Started process (PID=17155) to work on /home/airflow/.local/lib/python3.7/site-packages/airflow/example_dags/example_trigger_target_dag.py
[2023-04-28T06:18:24.686+0000] {processor.py:743} INFO - Processing file /home/airflow/.local/lib/python3.7/site-packages/airflow/example_dags/example_trigger_target_dag.py for tasks to queue
[2023-04-28T06:18:24.687+0000] {logging_mixin.py:137} INFO - [2023-04-28T06:18:24.686+0000] {dagbag.py:538} INFO - Filling up the DagBag from /home/airflow/.local/lib/python3.7/site-packages/airflow/example_dags/example_trigger_target_dag.py
[2023-04-28T06:18:24.701+0000] {processor.py:753} INFO - DAG(s) dict_keys(['example_trigger_target_dag']) retrieved from /home/airflow/.local/lib/python3.7/site-packages/airflow/example_dags/example_trigger_target_dag.py
[2023-04-28T06:18:24.722+0000] {logging_mixin.py:137} INFO - [2023-04-28T06:18:24.722+0000] {dag.py:2690} INFO - Sync 1 DAGs
[2023-04-28T06:18:24.739+0000] {logging_mixin.py:137} INFO - [2023-04-28T06:18:24.739+0000] {dag.py:3441} INFO - Setting next_dagrun for example_trigger_target_dag to None, run_after=None
[2023-04-28T06:18:24.750+0000] {processor.py:175} INFO - Processing /home/airflow/.local/lib/python3.7/site-packages/airflow/example_dags/example_trigger_target_dag.py took 0.068 seconds
[2023-04-28T06:18:55.011+0000] {processor.py:153} INFO - Started process (PID=17233) to work on /home/airflow/.local/lib/python3.7/site-packages/airflow/example_dags/example_trigger_target_dag.py
[2023-04-28T06:18:55.013+0000] {processor.py:743} INFO - Processing file /home/airflow/.local/lib/python3.7/site-packages/airflow/example_dags/example_trigger_target_dag.py for tasks to queue
[2023-04-28T06:18:55.014+0000] {logging_mixin.py:137} INFO - [2023-04-28T06:18:55.014+0000] {dagbag.py:538} INFO - Filling up the DagBag from /home/airflow/.local/lib/python3.7/site-packages/airflow/example_dags/example_trigger_target_dag.py
[2023-04-28T06:18:55.029+0000] {processor.py:753} INFO - DAG(s) dict_keys(['example_trigger_target_dag']) retrieved from /home/airflow/.local/lib/python3.7/site-packages/airflow/example_dags/example_trigger_target_dag.py
[2023-04-28T06:18:55.050+0000] {logging_mixin.py:137} INFO - [2023-04-28T06:18:55.050+0000] {dag.py:2690} INFO - Sync 1 DAGs
[2023-04-28T06:18:55.066+0000] {logging_mixin.py:137} INFO - [2023-04-28T06:18:55.066+0000] {dag.py:3441} INFO - Setting next_dagrun for example_trigger_target_dag to None, run_after=None
[2023-04-28T06:18:55.077+0000] {processor.py:175} INFO - Processing /home/airflow/.local/lib/python3.7/site-packages/airflow/example_dags/example_trigger_target_dag.py took 0.068 seconds
