[2023-04-28T00:36:30.164+0000] {processor.py:153} INFO - Started process (PID=14540) to work on /home/airflow/.local/lib/python3.7/site-packages/airflow/example_dags/example_branch_labels.py
[2023-04-28T00:36:30.165+0000] {processor.py:743} INFO - Processing file /home/airflow/.local/lib/python3.7/site-packages/airflow/example_dags/example_branch_labels.py for tasks to queue
[2023-04-28T00:36:30.166+0000] {logging_mixin.py:137} INFO - [2023-04-28T00:36:30.166+0000] {dagbag.py:538} INFO - Filling up the DagBag from /home/airflow/.local/lib/python3.7/site-packages/airflow/example_dags/example_branch_labels.py
[2023-04-28T00:36:30.183+0000] {processor.py:753} INFO - DAG(s) dict_keys(['example_branch_labels']) retrieved from /home/airflow/.local/lib/python3.7/site-packages/airflow/example_dags/example_branch_labels.py
[2023-04-28T00:36:30.212+0000] {logging_mixin.py:137} INFO - [2023-04-28T00:36:30.212+0000] {dag.py:2690} INFO - Sync 1 DAGs
[2023-04-28T00:36:30.230+0000] {logging_mixin.py:137} INFO - [2023-04-28T00:36:30.230+0000] {dag.py:3441} INFO - Setting next_dagrun for example_branch_labels to 2023-04-27T00:00:00+00:00, run_after=2023-04-28T00:00:00+00:00
[2023-04-28T00:36:30.242+0000] {processor.py:175} INFO - Processing /home/airflow/.local/lib/python3.7/site-packages/airflow/example_dags/example_branch_labels.py took 0.086 seconds
[2023-04-28T01:42:51.482+0000] {processor.py:153} INFO - Started process (PID=14610) to work on /home/airflow/.local/lib/python3.7/site-packages/airflow/example_dags/example_branch_labels.py
[2023-04-28T01:42:51.483+0000] {processor.py:743} INFO - Processing file /home/airflow/.local/lib/python3.7/site-packages/airflow/example_dags/example_branch_labels.py for tasks to queue
[2023-04-28T01:42:51.484+0000] {logging_mixin.py:137} INFO - [2023-04-28T01:42:51.483+0000] {dagbag.py:538} INFO - Filling up the DagBag from /home/airflow/.local/lib/python3.7/site-packages/airflow/example_dags/example_branch_labels.py
[2023-04-28T01:42:51.495+0000] {processor.py:753} INFO - DAG(s) dict_keys(['example_branch_labels']) retrieved from /home/airflow/.local/lib/python3.7/site-packages/airflow/example_dags/example_branch_labels.py
[2023-04-28T01:42:51.515+0000] {logging_mixin.py:137} INFO - [2023-04-28T01:42:51.515+0000] {dag.py:2690} INFO - Sync 1 DAGs
[2023-04-28T01:42:51.530+0000] {logging_mixin.py:137} INFO - [2023-04-28T01:42:51.530+0000] {dag.py:3441} INFO - Setting next_dagrun for example_branch_labels to 2023-04-27T00:00:00+00:00, run_after=2023-04-28T00:00:00+00:00
[2023-04-28T01:42:51.544+0000] {processor.py:175} INFO - Processing /home/airflow/.local/lib/python3.7/site-packages/airflow/example_dags/example_branch_labels.py took 0.065 seconds
[2023-04-28T02:48:40.017+0000] {processor.py:153} INFO - Started process (PID=14688) to work on /home/airflow/.local/lib/python3.7/site-packages/airflow/example_dags/example_branch_labels.py
[2023-04-28T02:48:40.021+0000] {processor.py:743} INFO - Processing file /home/airflow/.local/lib/python3.7/site-packages/airflow/example_dags/example_branch_labels.py for tasks to queue
[2023-04-28T02:48:40.022+0000] {logging_mixin.py:137} INFO - [2023-04-28T02:48:40.022+0000] {dagbag.py:538} INFO - Filling up the DagBag from /home/airflow/.local/lib/python3.7/site-packages/airflow/example_dags/example_branch_labels.py
[2023-04-28T02:48:40.044+0000] {processor.py:753} INFO - DAG(s) dict_keys(['example_branch_labels']) retrieved from /home/airflow/.local/lib/python3.7/site-packages/airflow/example_dags/example_branch_labels.py
[2023-04-28T02:48:40.081+0000] {logging_mixin.py:137} INFO - [2023-04-28T02:48:40.081+0000] {dag.py:2690} INFO - Sync 1 DAGs
[2023-04-28T02:48:40.111+0000] {logging_mixin.py:137} INFO - [2023-04-28T02:48:40.111+0000] {dag.py:3441} INFO - Setting next_dagrun for example_branch_labels to 2023-04-27T00:00:00+00:00, run_after=2023-04-28T00:00:00+00:00
[2023-04-28T02:48:40.130+0000] {processor.py:175} INFO - Processing /home/airflow/.local/lib/python3.7/site-packages/airflow/example_dags/example_branch_labels.py took 0.117 seconds
[2023-04-28T03:54:53.332+0000] {processor.py:153} INFO - Started process (PID=14765) to work on /home/airflow/.local/lib/python3.7/site-packages/airflow/example_dags/example_branch_labels.py
[2023-04-28T03:54:53.337+0000] {processor.py:743} INFO - Processing file /home/airflow/.local/lib/python3.7/site-packages/airflow/example_dags/example_branch_labels.py for tasks to queue
[2023-04-28T03:54:53.344+0000] {logging_mixin.py:137} INFO - [2023-04-28T03:54:53.344+0000] {dagbag.py:538} INFO - Filling up the DagBag from /home/airflow/.local/lib/python3.7/site-packages/airflow/example_dags/example_branch_labels.py
[2023-04-28T03:54:53.367+0000] {processor.py:753} INFO - DAG(s) dict_keys(['example_branch_labels']) retrieved from /home/airflow/.local/lib/python3.7/site-packages/airflow/example_dags/example_branch_labels.py
[2023-04-28T03:54:53.417+0000] {logging_mixin.py:137} INFO - [2023-04-28T03:54:53.416+0000] {dag.py:2690} INFO - Sync 1 DAGs
[2023-04-28T03:54:53.437+0000] {logging_mixin.py:137} INFO - [2023-04-28T03:54:53.437+0000] {dag.py:3441} INFO - Setting next_dagrun for example_branch_labels to 2023-04-27T00:00:00+00:00, run_after=2023-04-28T00:00:00+00:00
[2023-04-28T03:54:53.452+0000] {processor.py:175} INFO - Processing /home/airflow/.local/lib/python3.7/site-packages/airflow/example_dags/example_branch_labels.py took 0.123 seconds
[2023-04-28T05:16:15.073+0000] {processor.py:153} INFO - Started process (PID=14831) to work on /home/airflow/.local/lib/python3.7/site-packages/airflow/example_dags/example_branch_labels.py
[2023-04-28T05:16:15.074+0000] {processor.py:743} INFO - Processing file /home/airflow/.local/lib/python3.7/site-packages/airflow/example_dags/example_branch_labels.py for tasks to queue
[2023-04-28T05:16:15.075+0000] {logging_mixin.py:137} INFO - [2023-04-28T05:16:15.075+0000] {dagbag.py:538} INFO - Filling up the DagBag from /home/airflow/.local/lib/python3.7/site-packages/airflow/example_dags/example_branch_labels.py
[2023-04-28T05:16:15.086+0000] {processor.py:753} INFO - DAG(s) dict_keys(['example_branch_labels']) retrieved from /home/airflow/.local/lib/python3.7/site-packages/airflow/example_dags/example_branch_labels.py
[2023-04-28T05:16:15.106+0000] {logging_mixin.py:137} INFO - [2023-04-28T05:16:15.106+0000] {dag.py:2690} INFO - Sync 1 DAGs
[2023-04-28T05:16:15.122+0000] {logging_mixin.py:137} INFO - [2023-04-28T05:16:15.122+0000] {dag.py:3441} INFO - Setting next_dagrun for example_branch_labels to 2023-04-27T00:00:00+00:00, run_after=2023-04-28T00:00:00+00:00
[2023-04-28T05:16:15.134+0000] {processor.py:175} INFO - Processing /home/airflow/.local/lib/python3.7/site-packages/airflow/example_dags/example_branch_labels.py took 0.063 seconds
[2023-04-28T05:32:11.666+0000] {processor.py:153} INFO - Started process (PID=14911) to work on /home/airflow/.local/lib/python3.7/site-packages/airflow/example_dags/example_branch_labels.py
[2023-04-28T05:32:11.668+0000] {processor.py:743} INFO - Processing file /home/airflow/.local/lib/python3.7/site-packages/airflow/example_dags/example_branch_labels.py for tasks to queue
[2023-04-28T05:32:11.669+0000] {logging_mixin.py:137} INFO - [2023-04-28T05:32:11.669+0000] {dagbag.py:538} INFO - Filling up the DagBag from /home/airflow/.local/lib/python3.7/site-packages/airflow/example_dags/example_branch_labels.py
[2023-04-28T05:32:11.694+0000] {processor.py:753} INFO - DAG(s) dict_keys(['example_branch_labels']) retrieved from /home/airflow/.local/lib/python3.7/site-packages/airflow/example_dags/example_branch_labels.py
[2023-04-28T05:32:11.751+0000] {logging_mixin.py:137} INFO - [2023-04-28T05:32:11.751+0000] {dag.py:2690} INFO - Sync 1 DAGs
[2023-04-28T05:32:11.786+0000] {logging_mixin.py:137} INFO - [2023-04-28T05:32:11.785+0000] {dag.py:3441} INFO - Setting next_dagrun for example_branch_labels to 2023-04-27T00:00:00+00:00, run_after=2023-04-28T00:00:00+00:00
[2023-04-28T05:32:11.817+0000] {processor.py:175} INFO - Processing /home/airflow/.local/lib/python3.7/site-packages/airflow/example_dags/example_branch_labels.py took 0.158 seconds
[2023-04-28T05:32:42.222+0000] {processor.py:153} INFO - Started process (PID=14988) to work on /home/airflow/.local/lib/python3.7/site-packages/airflow/example_dags/example_branch_labels.py
[2023-04-28T05:32:42.223+0000] {processor.py:743} INFO - Processing file /home/airflow/.local/lib/python3.7/site-packages/airflow/example_dags/example_branch_labels.py for tasks to queue
[2023-04-28T05:32:42.224+0000] {logging_mixin.py:137} INFO - [2023-04-28T05:32:42.224+0000] {dagbag.py:538} INFO - Filling up the DagBag from /home/airflow/.local/lib/python3.7/site-packages/airflow/example_dags/example_branch_labels.py
[2023-04-28T05:32:42.235+0000] {processor.py:753} INFO - DAG(s) dict_keys(['example_branch_labels']) retrieved from /home/airflow/.local/lib/python3.7/site-packages/airflow/example_dags/example_branch_labels.py
[2023-04-28T05:32:42.255+0000] {logging_mixin.py:137} INFO - [2023-04-28T05:32:42.255+0000] {dag.py:2690} INFO - Sync 1 DAGs
[2023-04-28T05:32:42.271+0000] {logging_mixin.py:137} INFO - [2023-04-28T05:32:42.271+0000] {dag.py:3441} INFO - Setting next_dagrun for example_branch_labels to 2023-04-27T00:00:00+00:00, run_after=2023-04-28T00:00:00+00:00
[2023-04-28T05:32:42.281+0000] {processor.py:175} INFO - Processing /home/airflow/.local/lib/python3.7/site-packages/airflow/example_dags/example_branch_labels.py took 0.062 seconds
[2023-04-28T06:03:54.527+0000] {processor.py:153} INFO - Started process (PID=15055) to work on /home/airflow/.local/lib/python3.7/site-packages/airflow/example_dags/example_branch_labels.py
[2023-04-28T06:03:54.530+0000] {processor.py:743} INFO - Processing file /home/airflow/.local/lib/python3.7/site-packages/airflow/example_dags/example_branch_labels.py for tasks to queue
[2023-04-28T06:03:54.534+0000] {logging_mixin.py:137} INFO - [2023-04-28T06:03:54.534+0000] {dagbag.py:538} INFO - Filling up the DagBag from /home/airflow/.local/lib/python3.7/site-packages/airflow/example_dags/example_branch_labels.py
[2023-04-28T06:03:54.556+0000] {processor.py:753} INFO - DAG(s) dict_keys(['example_branch_labels']) retrieved from /home/airflow/.local/lib/python3.7/site-packages/airflow/example_dags/example_branch_labels.py
[2023-04-28T06:03:54.629+0000] {logging_mixin.py:137} INFO - [2023-04-28T06:03:54.629+0000] {dag.py:2690} INFO - Sync 1 DAGs
[2023-04-28T06:03:54.668+0000] {logging_mixin.py:137} INFO - [2023-04-28T06:03:54.668+0000] {dag.py:3441} INFO - Setting next_dagrun for example_branch_labels to 2023-04-27T00:00:00+00:00, run_after=2023-04-28T00:00:00+00:00
[2023-04-28T06:03:54.690+0000] {processor.py:175} INFO - Processing /home/airflow/.local/lib/python3.7/site-packages/airflow/example_dags/example_branch_labels.py took 0.168 seconds
[2023-04-28T06:04:40.349+0000] {processor.py:153} INFO - Started process (PID=15134) to work on /home/airflow/.local/lib/python3.7/site-packages/airflow/example_dags/example_branch_labels.py
[2023-04-28T06:04:40.351+0000] {processor.py:743} INFO - Processing file /home/airflow/.local/lib/python3.7/site-packages/airflow/example_dags/example_branch_labels.py for tasks to queue
[2023-04-28T06:04:40.351+0000] {logging_mixin.py:137} INFO - [2023-04-28T06:04:40.351+0000] {dagbag.py:538} INFO - Filling up the DagBag from /home/airflow/.local/lib/python3.7/site-packages/airflow/example_dags/example_branch_labels.py
[2023-04-28T06:04:40.363+0000] {processor.py:753} INFO - DAG(s) dict_keys(['example_branch_labels']) retrieved from /home/airflow/.local/lib/python3.7/site-packages/airflow/example_dags/example_branch_labels.py
[2023-04-28T06:04:40.383+0000] {logging_mixin.py:137} INFO - [2023-04-28T06:04:40.383+0000] {dag.py:2690} INFO - Sync 1 DAGs
[2023-04-28T06:04:40.400+0000] {logging_mixin.py:137} INFO - [2023-04-28T06:04:40.400+0000] {dag.py:3441} INFO - Setting next_dagrun for example_branch_labels to 2023-04-27T00:00:00+00:00, run_after=2023-04-28T00:00:00+00:00
[2023-04-28T06:04:40.411+0000] {processor.py:175} INFO - Processing /home/airflow/.local/lib/python3.7/site-packages/airflow/example_dags/example_branch_labels.py took 0.065 seconds
[2023-04-28T06:05:10.800+0000] {processor.py:153} INFO - Started process (PID=15212) to work on /home/airflow/.local/lib/python3.7/site-packages/airflow/example_dags/example_branch_labels.py
[2023-04-28T06:05:10.802+0000] {processor.py:743} INFO - Processing file /home/airflow/.local/lib/python3.7/site-packages/airflow/example_dags/example_branch_labels.py for tasks to queue
[2023-04-28T06:05:10.803+0000] {logging_mixin.py:137} INFO - [2023-04-28T06:05:10.803+0000] {dagbag.py:538} INFO - Filling up the DagBag from /home/airflow/.local/lib/python3.7/site-packages/airflow/example_dags/example_branch_labels.py
[2023-04-28T06:05:10.815+0000] {processor.py:753} INFO - DAG(s) dict_keys(['example_branch_labels']) retrieved from /home/airflow/.local/lib/python3.7/site-packages/airflow/example_dags/example_branch_labels.py
[2023-04-28T06:05:10.836+0000] {logging_mixin.py:137} INFO - [2023-04-28T06:05:10.836+0000] {dag.py:2690} INFO - Sync 1 DAGs
[2023-04-28T06:05:10.853+0000] {logging_mixin.py:137} INFO - [2023-04-28T06:05:10.853+0000] {dag.py:3441} INFO - Setting next_dagrun for example_branch_labels to 2023-04-27T00:00:00+00:00, run_after=2023-04-28T00:00:00+00:00
[2023-04-28T06:05:10.865+0000] {processor.py:175} INFO - Processing /home/airflow/.local/lib/python3.7/site-packages/airflow/example_dags/example_branch_labels.py took 0.069 seconds
[2023-04-28T06:05:41.532+0000] {processor.py:153} INFO - Started process (PID=15278) to work on /home/airflow/.local/lib/python3.7/site-packages/airflow/example_dags/example_branch_labels.py
[2023-04-28T06:05:41.533+0000] {processor.py:743} INFO - Processing file /home/airflow/.local/lib/python3.7/site-packages/airflow/example_dags/example_branch_labels.py for tasks to queue
[2023-04-28T06:05:41.534+0000] {logging_mixin.py:137} INFO - [2023-04-28T06:05:41.534+0000] {dagbag.py:538} INFO - Filling up the DagBag from /home/airflow/.local/lib/python3.7/site-packages/airflow/example_dags/example_branch_labels.py
[2023-04-28T06:05:41.546+0000] {processor.py:753} INFO - DAG(s) dict_keys(['example_branch_labels']) retrieved from /home/airflow/.local/lib/python3.7/site-packages/airflow/example_dags/example_branch_labels.py
[2023-04-28T06:05:41.566+0000] {logging_mixin.py:137} INFO - [2023-04-28T06:05:41.565+0000] {dag.py:2690} INFO - Sync 1 DAGs
[2023-04-28T06:05:41.581+0000] {logging_mixin.py:137} INFO - [2023-04-28T06:05:41.581+0000] {dag.py:3441} INFO - Setting next_dagrun for example_branch_labels to 2023-04-27T00:00:00+00:00, run_after=2023-04-28T00:00:00+00:00
[2023-04-28T06:05:41.592+0000] {processor.py:175} INFO - Processing /home/airflow/.local/lib/python3.7/site-packages/airflow/example_dags/example_branch_labels.py took 0.062 seconds
[2023-04-28T06:06:11.809+0000] {processor.py:153} INFO - Started process (PID=15358) to work on /home/airflow/.local/lib/python3.7/site-packages/airflow/example_dags/example_branch_labels.py
[2023-04-28T06:06:11.810+0000] {processor.py:743} INFO - Processing file /home/airflow/.local/lib/python3.7/site-packages/airflow/example_dags/example_branch_labels.py for tasks to queue
[2023-04-28T06:06:11.811+0000] {logging_mixin.py:137} INFO - [2023-04-28T06:06:11.811+0000] {dagbag.py:538} INFO - Filling up the DagBag from /home/airflow/.local/lib/python3.7/site-packages/airflow/example_dags/example_branch_labels.py
[2023-04-28T06:06:11.822+0000] {processor.py:753} INFO - DAG(s) dict_keys(['example_branch_labels']) retrieved from /home/airflow/.local/lib/python3.7/site-packages/airflow/example_dags/example_branch_labels.py
[2023-04-28T06:06:11.841+0000] {logging_mixin.py:137} INFO - [2023-04-28T06:06:11.841+0000] {dag.py:2690} INFO - Sync 1 DAGs
[2023-04-28T06:06:11.858+0000] {logging_mixin.py:137} INFO - [2023-04-28T06:06:11.858+0000] {dag.py:3441} INFO - Setting next_dagrun for example_branch_labels to 2023-04-27T00:00:00+00:00, run_after=2023-04-28T00:00:00+00:00
[2023-04-28T06:06:11.870+0000] {processor.py:175} INFO - Processing /home/airflow/.local/lib/python3.7/site-packages/airflow/example_dags/example_branch_labels.py took 0.064 seconds
[2023-04-28T06:06:42.190+0000] {processor.py:153} INFO - Started process (PID=15435) to work on /home/airflow/.local/lib/python3.7/site-packages/airflow/example_dags/example_branch_labels.py
[2023-04-28T06:06:42.193+0000] {processor.py:743} INFO - Processing file /home/airflow/.local/lib/python3.7/site-packages/airflow/example_dags/example_branch_labels.py for tasks to queue
[2023-04-28T06:06:42.194+0000] {logging_mixin.py:137} INFO - [2023-04-28T06:06:42.194+0000] {dagbag.py:538} INFO - Filling up the DagBag from /home/airflow/.local/lib/python3.7/site-packages/airflow/example_dags/example_branch_labels.py
[2023-04-28T06:06:42.211+0000] {processor.py:753} INFO - DAG(s) dict_keys(['example_branch_labels']) retrieved from /home/airflow/.local/lib/python3.7/site-packages/airflow/example_dags/example_branch_labels.py
[2023-04-28T06:06:42.236+0000] {logging_mixin.py:137} INFO - [2023-04-28T06:06:42.236+0000] {dag.py:2690} INFO - Sync 1 DAGs
[2023-04-28T06:06:42.254+0000] {logging_mixin.py:137} INFO - [2023-04-28T06:06:42.254+0000] {dag.py:3441} INFO - Setting next_dagrun for example_branch_labels to 2023-04-27T00:00:00+00:00, run_after=2023-04-28T00:00:00+00:00
[2023-04-28T06:06:42.266+0000] {processor.py:175} INFO - Processing /home/airflow/.local/lib/python3.7/site-packages/airflow/example_dags/example_branch_labels.py took 0.080 seconds
[2023-04-28T06:07:12.884+0000] {processor.py:153} INFO - Started process (PID=15502) to work on /home/airflow/.local/lib/python3.7/site-packages/airflow/example_dags/example_branch_labels.py
[2023-04-28T06:07:12.885+0000] {processor.py:743} INFO - Processing file /home/airflow/.local/lib/python3.7/site-packages/airflow/example_dags/example_branch_labels.py for tasks to queue
[2023-04-28T06:07:12.885+0000] {logging_mixin.py:137} INFO - [2023-04-28T06:07:12.885+0000] {dagbag.py:538} INFO - Filling up the DagBag from /home/airflow/.local/lib/python3.7/site-packages/airflow/example_dags/example_branch_labels.py
[2023-04-28T06:07:12.897+0000] {processor.py:753} INFO - DAG(s) dict_keys(['example_branch_labels']) retrieved from /home/airflow/.local/lib/python3.7/site-packages/airflow/example_dags/example_branch_labels.py
[2023-04-28T06:07:12.916+0000] {logging_mixin.py:137} INFO - [2023-04-28T06:07:12.916+0000] {dag.py:2690} INFO - Sync 1 DAGs
[2023-04-28T06:07:12.931+0000] {logging_mixin.py:137} INFO - [2023-04-28T06:07:12.931+0000] {dag.py:3441} INFO - Setting next_dagrun for example_branch_labels to 2023-04-27T00:00:00+00:00, run_after=2023-04-28T00:00:00+00:00
[2023-04-28T06:07:12.942+0000] {processor.py:175} INFO - Processing /home/airflow/.local/lib/python3.7/site-packages/airflow/example_dags/example_branch_labels.py took 0.061 seconds
[2023-04-28T06:07:43.276+0000] {processor.py:153} INFO - Started process (PID=15580) to work on /home/airflow/.local/lib/python3.7/site-packages/airflow/example_dags/example_branch_labels.py
[2023-04-28T06:07:43.277+0000] {processor.py:743} INFO - Processing file /home/airflow/.local/lib/python3.7/site-packages/airflow/example_dags/example_branch_labels.py for tasks to queue
[2023-04-28T06:07:43.278+0000] {logging_mixin.py:137} INFO - [2023-04-28T06:07:43.278+0000] {dagbag.py:538} INFO - Filling up the DagBag from /home/airflow/.local/lib/python3.7/site-packages/airflow/example_dags/example_branch_labels.py
[2023-04-28T06:07:43.289+0000] {processor.py:753} INFO - DAG(s) dict_keys(['example_branch_labels']) retrieved from /home/airflow/.local/lib/python3.7/site-packages/airflow/example_dags/example_branch_labels.py
[2023-04-28T06:07:43.308+0000] {logging_mixin.py:137} INFO - [2023-04-28T06:07:43.308+0000] {dag.py:2690} INFO - Sync 1 DAGs
[2023-04-28T06:07:43.324+0000] {logging_mixin.py:137} INFO - [2023-04-28T06:07:43.324+0000] {dag.py:3441} INFO - Setting next_dagrun for example_branch_labels to 2023-04-27T00:00:00+00:00, run_after=2023-04-28T00:00:00+00:00
[2023-04-28T06:07:43.349+0000] {processor.py:175} INFO - Processing /home/airflow/.local/lib/python3.7/site-packages/airflow/example_dags/example_branch_labels.py took 0.076 seconds
[2023-04-28T06:08:13.770+0000] {processor.py:153} INFO - Started process (PID=15658) to work on /home/airflow/.local/lib/python3.7/site-packages/airflow/example_dags/example_branch_labels.py
[2023-04-28T06:08:13.772+0000] {processor.py:743} INFO - Processing file /home/airflow/.local/lib/python3.7/site-packages/airflow/example_dags/example_branch_labels.py for tasks to queue
[2023-04-28T06:08:13.774+0000] {logging_mixin.py:137} INFO - [2023-04-28T06:08:13.773+0000] {dagbag.py:538} INFO - Filling up the DagBag from /home/airflow/.local/lib/python3.7/site-packages/airflow/example_dags/example_branch_labels.py
[2023-04-28T06:08:13.799+0000] {processor.py:753} INFO - DAG(s) dict_keys(['example_branch_labels']) retrieved from /home/airflow/.local/lib/python3.7/site-packages/airflow/example_dags/example_branch_labels.py
[2023-04-28T06:08:13.818+0000] {logging_mixin.py:137} INFO - [2023-04-28T06:08:13.818+0000] {dag.py:2690} INFO - Sync 1 DAGs
[2023-04-28T06:08:13.834+0000] {logging_mixin.py:137} INFO - [2023-04-28T06:08:13.834+0000] {dag.py:3441} INFO - Setting next_dagrun for example_branch_labels to 2023-04-27T00:00:00+00:00, run_after=2023-04-28T00:00:00+00:00
[2023-04-28T06:08:13.845+0000] {processor.py:175} INFO - Processing /home/airflow/.local/lib/python3.7/site-packages/airflow/example_dags/example_branch_labels.py took 0.079 seconds
[2023-04-28T06:08:44.143+0000] {processor.py:153} INFO - Started process (PID=15724) to work on /home/airflow/.local/lib/python3.7/site-packages/airflow/example_dags/example_branch_labels.py
[2023-04-28T06:08:44.145+0000] {processor.py:743} INFO - Processing file /home/airflow/.local/lib/python3.7/site-packages/airflow/example_dags/example_branch_labels.py for tasks to queue
[2023-04-28T06:08:44.146+0000] {logging_mixin.py:137} INFO - [2023-04-28T06:08:44.146+0000] {dagbag.py:538} INFO - Filling up the DagBag from /home/airflow/.local/lib/python3.7/site-packages/airflow/example_dags/example_branch_labels.py
[2023-04-28T06:08:44.171+0000] {processor.py:753} INFO - DAG(s) dict_keys(['example_branch_labels']) retrieved from /home/airflow/.local/lib/python3.7/site-packages/airflow/example_dags/example_branch_labels.py
[2023-04-28T06:08:44.210+0000] {logging_mixin.py:137} INFO - [2023-04-28T06:08:44.210+0000] {dag.py:2690} INFO - Sync 1 DAGs
[2023-04-28T06:08:44.238+0000] {logging_mixin.py:137} INFO - [2023-04-28T06:08:44.237+0000] {dag.py:3441} INFO - Setting next_dagrun for example_branch_labels to 2023-04-27T00:00:00+00:00, run_after=2023-04-28T00:00:00+00:00
[2023-04-28T06:08:44.253+0000] {processor.py:175} INFO - Processing /home/airflow/.local/lib/python3.7/site-packages/airflow/example_dags/example_branch_labels.py took 0.117 seconds
[2023-04-28T06:09:14.685+0000] {processor.py:153} INFO - Started process (PID=15802) to work on /home/airflow/.local/lib/python3.7/site-packages/airflow/example_dags/example_branch_labels.py
[2023-04-28T06:09:14.686+0000] {processor.py:743} INFO - Processing file /home/airflow/.local/lib/python3.7/site-packages/airflow/example_dags/example_branch_labels.py for tasks to queue
[2023-04-28T06:09:14.687+0000] {logging_mixin.py:137} INFO - [2023-04-28T06:09:14.687+0000] {dagbag.py:538} INFO - Filling up the DagBag from /home/airflow/.local/lib/python3.7/site-packages/airflow/example_dags/example_branch_labels.py
[2023-04-28T06:09:14.699+0000] {processor.py:753} INFO - DAG(s) dict_keys(['example_branch_labels']) retrieved from /home/airflow/.local/lib/python3.7/site-packages/airflow/example_dags/example_branch_labels.py
[2023-04-28T06:09:14.719+0000] {logging_mixin.py:137} INFO - [2023-04-28T06:09:14.719+0000] {dag.py:2690} INFO - Sync 1 DAGs
[2023-04-28T06:09:14.735+0000] {logging_mixin.py:137} INFO - [2023-04-28T06:09:14.735+0000] {dag.py:3441} INFO - Setting next_dagrun for example_branch_labels to 2023-04-27T00:00:00+00:00, run_after=2023-04-28T00:00:00+00:00
[2023-04-28T06:09:14.746+0000] {processor.py:175} INFO - Processing /home/airflow/.local/lib/python3.7/site-packages/airflow/example_dags/example_branch_labels.py took 0.064 seconds
[2023-04-28T06:09:45.256+0000] {processor.py:153} INFO - Started process (PID=15878) to work on /home/airflow/.local/lib/python3.7/site-packages/airflow/example_dags/example_branch_labels.py
[2023-04-28T06:09:45.272+0000] {processor.py:743} INFO - Processing file /home/airflow/.local/lib/python3.7/site-packages/airflow/example_dags/example_branch_labels.py for tasks to queue
[2023-04-28T06:09:45.273+0000] {logging_mixin.py:137} INFO - [2023-04-28T06:09:45.273+0000] {dagbag.py:538} INFO - Filling up the DagBag from /home/airflow/.local/lib/python3.7/site-packages/airflow/example_dags/example_branch_labels.py
[2023-04-28T06:09:45.322+0000] {processor.py:753} INFO - DAG(s) dict_keys(['example_branch_labels']) retrieved from /home/airflow/.local/lib/python3.7/site-packages/airflow/example_dags/example_branch_labels.py
[2023-04-28T06:09:45.384+0000] {logging_mixin.py:137} INFO - [2023-04-28T06:09:45.383+0000] {dag.py:2690} INFO - Sync 1 DAGs
[2023-04-28T06:09:45.447+0000] {logging_mixin.py:137} INFO - [2023-04-28T06:09:45.447+0000] {dag.py:3441} INFO - Setting next_dagrun for example_branch_labels to 2023-04-27T00:00:00+00:00, run_after=2023-04-28T00:00:00+00:00
[2023-04-28T06:09:45.493+0000] {processor.py:175} INFO - Processing /home/airflow/.local/lib/python3.7/site-packages/airflow/example_dags/example_branch_labels.py took 0.241 seconds
[2023-04-28T06:10:16.066+0000] {processor.py:153} INFO - Started process (PID=15946) to work on /home/airflow/.local/lib/python3.7/site-packages/airflow/example_dags/example_branch_labels.py
[2023-04-28T06:10:16.067+0000] {processor.py:743} INFO - Processing file /home/airflow/.local/lib/python3.7/site-packages/airflow/example_dags/example_branch_labels.py for tasks to queue
[2023-04-28T06:10:16.068+0000] {logging_mixin.py:137} INFO - [2023-04-28T06:10:16.068+0000] {dagbag.py:538} INFO - Filling up the DagBag from /home/airflow/.local/lib/python3.7/site-packages/airflow/example_dags/example_branch_labels.py
[2023-04-28T06:10:16.080+0000] {processor.py:753} INFO - DAG(s) dict_keys(['example_branch_labels']) retrieved from /home/airflow/.local/lib/python3.7/site-packages/airflow/example_dags/example_branch_labels.py
[2023-04-28T06:10:16.102+0000] {logging_mixin.py:137} INFO - [2023-04-28T06:10:16.102+0000] {dag.py:2690} INFO - Sync 1 DAGs
[2023-04-28T06:10:16.119+0000] {logging_mixin.py:137} INFO - [2023-04-28T06:10:16.118+0000] {dag.py:3441} INFO - Setting next_dagrun for example_branch_labels to 2023-04-27T00:00:00+00:00, run_after=2023-04-28T00:00:00+00:00
[2023-04-28T06:10:16.129+0000] {processor.py:175} INFO - Processing /home/airflow/.local/lib/python3.7/site-packages/airflow/example_dags/example_branch_labels.py took 0.066 seconds
[2023-04-28T06:10:46.437+0000] {processor.py:153} INFO - Started process (PID=16024) to work on /home/airflow/.local/lib/python3.7/site-packages/airflow/example_dags/example_branch_labels.py
[2023-04-28T06:10:46.438+0000] {processor.py:743} INFO - Processing file /home/airflow/.local/lib/python3.7/site-packages/airflow/example_dags/example_branch_labels.py for tasks to queue
[2023-04-28T06:10:46.439+0000] {logging_mixin.py:137} INFO - [2023-04-28T06:10:46.439+0000] {dagbag.py:538} INFO - Filling up the DagBag from /home/airflow/.local/lib/python3.7/site-packages/airflow/example_dags/example_branch_labels.py
[2023-04-28T06:10:46.451+0000] {processor.py:753} INFO - DAG(s) dict_keys(['example_branch_labels']) retrieved from /home/airflow/.local/lib/python3.7/site-packages/airflow/example_dags/example_branch_labels.py
[2023-04-28T06:10:46.474+0000] {logging_mixin.py:137} INFO - [2023-04-28T06:10:46.474+0000] {dag.py:2690} INFO - Sync 1 DAGs
[2023-04-28T06:10:46.490+0000] {logging_mixin.py:137} INFO - [2023-04-28T06:10:46.490+0000] {dag.py:3441} INFO - Setting next_dagrun for example_branch_labels to 2023-04-27T00:00:00+00:00, run_after=2023-04-28T00:00:00+00:00
[2023-04-28T06:10:46.501+0000] {processor.py:175} INFO - Processing /home/airflow/.local/lib/python3.7/site-packages/airflow/example_dags/example_branch_labels.py took 0.067 seconds
[2023-04-28T06:11:16.876+0000] {processor.py:153} INFO - Started process (PID=16102) to work on /home/airflow/.local/lib/python3.7/site-packages/airflow/example_dags/example_branch_labels.py
[2023-04-28T06:11:16.883+0000] {processor.py:743} INFO - Processing file /home/airflow/.local/lib/python3.7/site-packages/airflow/example_dags/example_branch_labels.py for tasks to queue
[2023-04-28T06:11:16.896+0000] {logging_mixin.py:137} INFO - [2023-04-28T06:11:16.896+0000] {dagbag.py:538} INFO - Filling up the DagBag from /home/airflow/.local/lib/python3.7/site-packages/airflow/example_dags/example_branch_labels.py
[2023-04-28T06:11:16.913+0000] {processor.py:753} INFO - DAG(s) dict_keys(['example_branch_labels']) retrieved from /home/airflow/.local/lib/python3.7/site-packages/airflow/example_dags/example_branch_labels.py
[2023-04-28T06:11:16.940+0000] {logging_mixin.py:137} INFO - [2023-04-28T06:11:16.940+0000] {dag.py:2690} INFO - Sync 1 DAGs
[2023-04-28T06:11:16.957+0000] {logging_mixin.py:137} INFO - [2023-04-28T06:11:16.956+0000] {dag.py:3441} INFO - Setting next_dagrun for example_branch_labels to 2023-04-27T00:00:00+00:00, run_after=2023-04-28T00:00:00+00:00
[2023-04-28T06:11:16.968+0000] {processor.py:175} INFO - Processing /home/airflow/.local/lib/python3.7/site-packages/airflow/example_dags/example_branch_labels.py took 0.100 seconds
[2023-04-28T06:11:47.408+0000] {processor.py:153} INFO - Started process (PID=16168) to work on /home/airflow/.local/lib/python3.7/site-packages/airflow/example_dags/example_branch_labels.py
[2023-04-28T06:11:47.409+0000] {processor.py:743} INFO - Processing file /home/airflow/.local/lib/python3.7/site-packages/airflow/example_dags/example_branch_labels.py for tasks to queue
[2023-04-28T06:11:47.409+0000] {logging_mixin.py:137} INFO - [2023-04-28T06:11:47.409+0000] {dagbag.py:538} INFO - Filling up the DagBag from /home/airflow/.local/lib/python3.7/site-packages/airflow/example_dags/example_branch_labels.py
[2023-04-28T06:11:47.421+0000] {processor.py:753} INFO - DAG(s) dict_keys(['example_branch_labels']) retrieved from /home/airflow/.local/lib/python3.7/site-packages/airflow/example_dags/example_branch_labels.py
[2023-04-28T06:11:47.441+0000] {logging_mixin.py:137} INFO - [2023-04-28T06:11:47.441+0000] {dag.py:2690} INFO - Sync 1 DAGs
[2023-04-28T06:11:47.458+0000] {logging_mixin.py:137} INFO - [2023-04-28T06:11:47.458+0000] {dag.py:3441} INFO - Setting next_dagrun for example_branch_labels to 2023-04-27T00:00:00+00:00, run_after=2023-04-28T00:00:00+00:00
[2023-04-28T06:11:47.468+0000] {processor.py:175} INFO - Processing /home/airflow/.local/lib/python3.7/site-packages/airflow/example_dags/example_branch_labels.py took 0.063 seconds
[2023-04-28T06:12:18.131+0000] {processor.py:153} INFO - Started process (PID=16246) to work on /home/airflow/.local/lib/python3.7/site-packages/airflow/example_dags/example_branch_labels.py
[2023-04-28T06:12:18.132+0000] {processor.py:743} INFO - Processing file /home/airflow/.local/lib/python3.7/site-packages/airflow/example_dags/example_branch_labels.py for tasks to queue
[2023-04-28T06:12:18.133+0000] {logging_mixin.py:137} INFO - [2023-04-28T06:12:18.133+0000] {dagbag.py:538} INFO - Filling up the DagBag from /home/airflow/.local/lib/python3.7/site-packages/airflow/example_dags/example_branch_labels.py
[2023-04-28T06:12:18.145+0000] {processor.py:753} INFO - DAG(s) dict_keys(['example_branch_labels']) retrieved from /home/airflow/.local/lib/python3.7/site-packages/airflow/example_dags/example_branch_labels.py
[2023-04-28T06:12:18.165+0000] {logging_mixin.py:137} INFO - [2023-04-28T06:12:18.165+0000] {dag.py:2690} INFO - Sync 1 DAGs
[2023-04-28T06:12:18.182+0000] {logging_mixin.py:137} INFO - [2023-04-28T06:12:18.182+0000] {dag.py:3441} INFO - Setting next_dagrun for example_branch_labels to 2023-04-27T00:00:00+00:00, run_after=2023-04-28T00:00:00+00:00
[2023-04-28T06:12:18.193+0000] {processor.py:175} INFO - Processing /home/airflow/.local/lib/python3.7/site-packages/airflow/example_dags/example_branch_labels.py took 0.065 seconds
[2023-04-28T06:12:48.651+0000] {processor.py:153} INFO - Started process (PID=16323) to work on /home/airflow/.local/lib/python3.7/site-packages/airflow/example_dags/example_branch_labels.py
[2023-04-28T06:12:48.653+0000] {processor.py:743} INFO - Processing file /home/airflow/.local/lib/python3.7/site-packages/airflow/example_dags/example_branch_labels.py for tasks to queue
[2023-04-28T06:12:48.655+0000] {logging_mixin.py:137} INFO - [2023-04-28T06:12:48.655+0000] {dagbag.py:538} INFO - Filling up the DagBag from /home/airflow/.local/lib/python3.7/site-packages/airflow/example_dags/example_branch_labels.py
[2023-04-28T06:12:48.677+0000] {processor.py:753} INFO - DAG(s) dict_keys(['example_branch_labels']) retrieved from /home/airflow/.local/lib/python3.7/site-packages/airflow/example_dags/example_branch_labels.py
[2023-04-28T06:12:48.712+0000] {logging_mixin.py:137} INFO - [2023-04-28T06:12:48.712+0000] {dag.py:2690} INFO - Sync 1 DAGs
[2023-04-28T06:12:48.741+0000] {logging_mixin.py:137} INFO - [2023-04-28T06:12:48.741+0000] {dag.py:3441} INFO - Setting next_dagrun for example_branch_labels to 2023-04-27T00:00:00+00:00, run_after=2023-04-28T00:00:00+00:00
[2023-04-28T06:12:48.764+0000] {processor.py:175} INFO - Processing /home/airflow/.local/lib/python3.7/site-packages/airflow/example_dags/example_branch_labels.py took 0.119 seconds
[2023-04-28T06:13:19.105+0000] {processor.py:153} INFO - Started process (PID=16390) to work on /home/airflow/.local/lib/python3.7/site-packages/airflow/example_dags/example_branch_labels.py
[2023-04-28T06:13:19.106+0000] {processor.py:743} INFO - Processing file /home/airflow/.local/lib/python3.7/site-packages/airflow/example_dags/example_branch_labels.py for tasks to queue
[2023-04-28T06:13:19.107+0000] {logging_mixin.py:137} INFO - [2023-04-28T06:13:19.107+0000] {dagbag.py:538} INFO - Filling up the DagBag from /home/airflow/.local/lib/python3.7/site-packages/airflow/example_dags/example_branch_labels.py
[2023-04-28T06:13:19.120+0000] {processor.py:753} INFO - DAG(s) dict_keys(['example_branch_labels']) retrieved from /home/airflow/.local/lib/python3.7/site-packages/airflow/example_dags/example_branch_labels.py
[2023-04-28T06:13:19.142+0000] {logging_mixin.py:137} INFO - [2023-04-28T06:13:19.142+0000] {dag.py:2690} INFO - Sync 1 DAGs
[2023-04-28T06:13:19.159+0000] {logging_mixin.py:137} INFO - [2023-04-28T06:13:19.159+0000] {dag.py:3441} INFO - Setting next_dagrun for example_branch_labels to 2023-04-27T00:00:00+00:00, run_after=2023-04-28T00:00:00+00:00
[2023-04-28T06:13:19.173+0000] {processor.py:175} INFO - Processing /home/airflow/.local/lib/python3.7/site-packages/airflow/example_dags/example_branch_labels.py took 0.074 seconds
[2023-04-28T06:13:49.636+0000] {processor.py:153} INFO - Started process (PID=16468) to work on /home/airflow/.local/lib/python3.7/site-packages/airflow/example_dags/example_branch_labels.py
[2023-04-28T06:13:49.638+0000] {processor.py:743} INFO - Processing file /home/airflow/.local/lib/python3.7/site-packages/airflow/example_dags/example_branch_labels.py for tasks to queue
[2023-04-28T06:13:49.638+0000] {logging_mixin.py:137} INFO - [2023-04-28T06:13:49.638+0000] {dagbag.py:538} INFO - Filling up the DagBag from /home/airflow/.local/lib/python3.7/site-packages/airflow/example_dags/example_branch_labels.py
[2023-04-28T06:13:49.650+0000] {processor.py:753} INFO - DAG(s) dict_keys(['example_branch_labels']) retrieved from /home/airflow/.local/lib/python3.7/site-packages/airflow/example_dags/example_branch_labels.py
[2023-04-28T06:13:49.669+0000] {logging_mixin.py:137} INFO - [2023-04-28T06:13:49.669+0000] {dag.py:2690} INFO - Sync 1 DAGs
[2023-04-28T06:13:49.686+0000] {logging_mixin.py:137} INFO - [2023-04-28T06:13:49.685+0000] {dag.py:3441} INFO - Setting next_dagrun for example_branch_labels to 2023-04-27T00:00:00+00:00, run_after=2023-04-28T00:00:00+00:00
[2023-04-28T06:13:49.696+0000] {processor.py:175} INFO - Processing /home/airflow/.local/lib/python3.7/site-packages/airflow/example_dags/example_branch_labels.py took 0.063 seconds
[2023-04-28T06:14:20.073+0000] {processor.py:153} INFO - Started process (PID=16546) to work on /home/airflow/.local/lib/python3.7/site-packages/airflow/example_dags/example_branch_labels.py
[2023-04-28T06:14:20.074+0000] {processor.py:743} INFO - Processing file /home/airflow/.local/lib/python3.7/site-packages/airflow/example_dags/example_branch_labels.py for tasks to queue
[2023-04-28T06:14:20.075+0000] {logging_mixin.py:137} INFO - [2023-04-28T06:14:20.075+0000] {dagbag.py:538} INFO - Filling up the DagBag from /home/airflow/.local/lib/python3.7/site-packages/airflow/example_dags/example_branch_labels.py
[2023-04-28T06:14:20.086+0000] {processor.py:753} INFO - DAG(s) dict_keys(['example_branch_labels']) retrieved from /home/airflow/.local/lib/python3.7/site-packages/airflow/example_dags/example_branch_labels.py
[2023-04-28T06:14:20.105+0000] {logging_mixin.py:137} INFO - [2023-04-28T06:14:20.105+0000] {dag.py:2690} INFO - Sync 1 DAGs
[2023-04-28T06:14:20.121+0000] {logging_mixin.py:137} INFO - [2023-04-28T06:14:20.121+0000] {dag.py:3441} INFO - Setting next_dagrun for example_branch_labels to 2023-04-27T00:00:00+00:00, run_after=2023-04-28T00:00:00+00:00
[2023-04-28T06:14:20.131+0000] {processor.py:175} INFO - Processing /home/airflow/.local/lib/python3.7/site-packages/airflow/example_dags/example_branch_labels.py took 0.061 seconds
[2023-04-28T06:14:50.400+0000] {processor.py:153} INFO - Started process (PID=16611) to work on /home/airflow/.local/lib/python3.7/site-packages/airflow/example_dags/example_branch_labels.py
[2023-04-28T06:14:50.401+0000] {processor.py:743} INFO - Processing file /home/airflow/.local/lib/python3.7/site-packages/airflow/example_dags/example_branch_labels.py for tasks to queue
[2023-04-28T06:14:50.402+0000] {logging_mixin.py:137} INFO - [2023-04-28T06:14:50.402+0000] {dagbag.py:538} INFO - Filling up the DagBag from /home/airflow/.local/lib/python3.7/site-packages/airflow/example_dags/example_branch_labels.py
[2023-04-28T06:14:50.414+0000] {processor.py:753} INFO - DAG(s) dict_keys(['example_branch_labels']) retrieved from /home/airflow/.local/lib/python3.7/site-packages/airflow/example_dags/example_branch_labels.py
[2023-04-28T06:14:50.434+0000] {logging_mixin.py:137} INFO - [2023-04-28T06:14:50.434+0000] {dag.py:2690} INFO - Sync 1 DAGs
[2023-04-28T06:14:50.450+0000] {logging_mixin.py:137} INFO - [2023-04-28T06:14:50.450+0000] {dag.py:3441} INFO - Setting next_dagrun for example_branch_labels to 2023-04-27T00:00:00+00:00, run_after=2023-04-28T00:00:00+00:00
[2023-04-28T06:14:50.462+0000] {processor.py:175} INFO - Processing /home/airflow/.local/lib/python3.7/site-packages/airflow/example_dags/example_branch_labels.py took 0.065 seconds
[2023-04-28T06:15:20.968+0000] {processor.py:153} INFO - Started process (PID=16689) to work on /home/airflow/.local/lib/python3.7/site-packages/airflow/example_dags/example_branch_labels.py
[2023-04-28T06:15:20.970+0000] {processor.py:743} INFO - Processing file /home/airflow/.local/lib/python3.7/site-packages/airflow/example_dags/example_branch_labels.py for tasks to queue
[2023-04-28T06:15:20.970+0000] {logging_mixin.py:137} INFO - [2023-04-28T06:15:20.970+0000] {dagbag.py:538} INFO - Filling up the DagBag from /home/airflow/.local/lib/python3.7/site-packages/airflow/example_dags/example_branch_labels.py
[2023-04-28T06:15:20.982+0000] {processor.py:753} INFO - DAG(s) dict_keys(['example_branch_labels']) retrieved from /home/airflow/.local/lib/python3.7/site-packages/airflow/example_dags/example_branch_labels.py
[2023-04-28T06:15:21.002+0000] {logging_mixin.py:137} INFO - [2023-04-28T06:15:21.001+0000] {dag.py:2690} INFO - Sync 1 DAGs
[2023-04-28T06:15:21.019+0000] {logging_mixin.py:137} INFO - [2023-04-28T06:15:21.019+0000] {dag.py:3441} INFO - Setting next_dagrun for example_branch_labels to 2023-04-27T00:00:00+00:00, run_after=2023-04-28T00:00:00+00:00
[2023-04-28T06:15:21.029+0000] {processor.py:175} INFO - Processing /home/airflow/.local/lib/python3.7/site-packages/airflow/example_dags/example_branch_labels.py took 0.063 seconds
[2023-04-28T06:15:51.344+0000] {processor.py:153} INFO - Started process (PID=16766) to work on /home/airflow/.local/lib/python3.7/site-packages/airflow/example_dags/example_branch_labels.py
[2023-04-28T06:15:51.345+0000] {processor.py:743} INFO - Processing file /home/airflow/.local/lib/python3.7/site-packages/airflow/example_dags/example_branch_labels.py for tasks to queue
[2023-04-28T06:15:51.346+0000] {logging_mixin.py:137} INFO - [2023-04-28T06:15:51.346+0000] {dagbag.py:538} INFO - Filling up the DagBag from /home/airflow/.local/lib/python3.7/site-packages/airflow/example_dags/example_branch_labels.py
[2023-04-28T06:15:51.358+0000] {processor.py:753} INFO - DAG(s) dict_keys(['example_branch_labels']) retrieved from /home/airflow/.local/lib/python3.7/site-packages/airflow/example_dags/example_branch_labels.py
[2023-04-28T06:15:51.378+0000] {logging_mixin.py:137} INFO - [2023-04-28T06:15:51.378+0000] {dag.py:2690} INFO - Sync 1 DAGs
[2023-04-28T06:15:51.394+0000] {logging_mixin.py:137} INFO - [2023-04-28T06:15:51.394+0000] {dag.py:3441} INFO - Setting next_dagrun for example_branch_labels to 2023-04-27T00:00:00+00:00, run_after=2023-04-28T00:00:00+00:00
[2023-04-28T06:15:51.405+0000] {processor.py:175} INFO - Processing /home/airflow/.local/lib/python3.7/site-packages/airflow/example_dags/example_branch_labels.py took 0.064 seconds
[2023-04-28T06:16:21.595+0000] {processor.py:153} INFO - Started process (PID=16831) to work on /home/airflow/.local/lib/python3.7/site-packages/airflow/example_dags/example_branch_labels.py
[2023-04-28T06:16:21.596+0000] {processor.py:743} INFO - Processing file /home/airflow/.local/lib/python3.7/site-packages/airflow/example_dags/example_branch_labels.py for tasks to queue
[2023-04-28T06:16:21.597+0000] {logging_mixin.py:137} INFO - [2023-04-28T06:16:21.597+0000] {dagbag.py:538} INFO - Filling up the DagBag from /home/airflow/.local/lib/python3.7/site-packages/airflow/example_dags/example_branch_labels.py
[2023-04-28T06:16:21.608+0000] {processor.py:753} INFO - DAG(s) dict_keys(['example_branch_labels']) retrieved from /home/airflow/.local/lib/python3.7/site-packages/airflow/example_dags/example_branch_labels.py
[2023-04-28T06:16:21.628+0000] {logging_mixin.py:137} INFO - [2023-04-28T06:16:21.628+0000] {dag.py:2690} INFO - Sync 1 DAGs
[2023-04-28T06:16:21.644+0000] {logging_mixin.py:137} INFO - [2023-04-28T06:16:21.644+0000] {dag.py:3441} INFO - Setting next_dagrun for example_branch_labels to 2023-04-27T00:00:00+00:00, run_after=2023-04-28T00:00:00+00:00
[2023-04-28T06:16:21.655+0000] {processor.py:175} INFO - Processing /home/airflow/.local/lib/python3.7/site-packages/airflow/example_dags/example_branch_labels.py took 0.063 seconds
[2023-04-28T06:16:51.900+0000] {processor.py:153} INFO - Started process (PID=16909) to work on /home/airflow/.local/lib/python3.7/site-packages/airflow/example_dags/example_branch_labels.py
[2023-04-28T06:16:51.901+0000] {processor.py:743} INFO - Processing file /home/airflow/.local/lib/python3.7/site-packages/airflow/example_dags/example_branch_labels.py for tasks to queue
[2023-04-28T06:16:51.902+0000] {logging_mixin.py:137} INFO - [2023-04-28T06:16:51.902+0000] {dagbag.py:538} INFO - Filling up the DagBag from /home/airflow/.local/lib/python3.7/site-packages/airflow/example_dags/example_branch_labels.py
[2023-04-28T06:16:51.913+0000] {processor.py:753} INFO - DAG(s) dict_keys(['example_branch_labels']) retrieved from /home/airflow/.local/lib/python3.7/site-packages/airflow/example_dags/example_branch_labels.py
[2023-04-28T06:16:51.933+0000] {logging_mixin.py:137} INFO - [2023-04-28T06:16:51.933+0000] {dag.py:2690} INFO - Sync 1 DAGs
[2023-04-28T06:16:51.949+0000] {logging_mixin.py:137} INFO - [2023-04-28T06:16:51.949+0000] {dag.py:3441} INFO - Setting next_dagrun for example_branch_labels to 2023-04-27T00:00:00+00:00, run_after=2023-04-28T00:00:00+00:00
[2023-04-28T06:16:51.961+0000] {processor.py:175} INFO - Processing /home/airflow/.local/lib/python3.7/site-packages/airflow/example_dags/example_branch_labels.py took 0.064 seconds
[2023-04-28T06:17:22.520+0000] {processor.py:153} INFO - Started process (PID=16987) to work on /home/airflow/.local/lib/python3.7/site-packages/airflow/example_dags/example_branch_labels.py
[2023-04-28T06:17:22.521+0000] {processor.py:743} INFO - Processing file /home/airflow/.local/lib/python3.7/site-packages/airflow/example_dags/example_branch_labels.py for tasks to queue
[2023-04-28T06:17:22.522+0000] {logging_mixin.py:137} INFO - [2023-04-28T06:17:22.522+0000] {dagbag.py:538} INFO - Filling up the DagBag from /home/airflow/.local/lib/python3.7/site-packages/airflow/example_dags/example_branch_labels.py
[2023-04-28T06:17:22.534+0000] {processor.py:753} INFO - DAG(s) dict_keys(['example_branch_labels']) retrieved from /home/airflow/.local/lib/python3.7/site-packages/airflow/example_dags/example_branch_labels.py
[2023-04-28T06:17:22.553+0000] {logging_mixin.py:137} INFO - [2023-04-28T06:17:22.553+0000] {dag.py:2690} INFO - Sync 1 DAGs
[2023-04-28T06:17:22.570+0000] {logging_mixin.py:137} INFO - [2023-04-28T06:17:22.569+0000] {dag.py:3441} INFO - Setting next_dagrun for example_branch_labels to 2023-04-27T00:00:00+00:00, run_after=2023-04-28T00:00:00+00:00
[2023-04-28T06:17:22.580+0000] {processor.py:175} INFO - Processing /home/airflow/.local/lib/python3.7/site-packages/airflow/example_dags/example_branch_labels.py took 0.063 seconds
[2023-04-28T06:17:52.864+0000] {processor.py:153} INFO - Started process (PID=17053) to work on /home/airflow/.local/lib/python3.7/site-packages/airflow/example_dags/example_branch_labels.py
[2023-04-28T06:17:52.865+0000] {processor.py:743} INFO - Processing file /home/airflow/.local/lib/python3.7/site-packages/airflow/example_dags/example_branch_labels.py for tasks to queue
[2023-04-28T06:17:52.866+0000] {logging_mixin.py:137} INFO - [2023-04-28T06:17:52.866+0000] {dagbag.py:538} INFO - Filling up the DagBag from /home/airflow/.local/lib/python3.7/site-packages/airflow/example_dags/example_branch_labels.py
[2023-04-28T06:17:52.878+0000] {processor.py:753} INFO - DAG(s) dict_keys(['example_branch_labels']) retrieved from /home/airflow/.local/lib/python3.7/site-packages/airflow/example_dags/example_branch_labels.py
[2023-04-28T06:17:52.898+0000] {logging_mixin.py:137} INFO - [2023-04-28T06:17:52.898+0000] {dag.py:2690} INFO - Sync 1 DAGs
[2023-04-28T06:17:52.914+0000] {logging_mixin.py:137} INFO - [2023-04-28T06:17:52.914+0000] {dag.py:3441} INFO - Setting next_dagrun for example_branch_labels to 2023-04-27T00:00:00+00:00, run_after=2023-04-28T00:00:00+00:00
[2023-04-28T06:17:52.925+0000] {processor.py:175} INFO - Processing /home/airflow/.local/lib/python3.7/site-packages/airflow/example_dags/example_branch_labels.py took 0.065 seconds
[2023-04-28T06:18:23.517+0000] {processor.py:153} INFO - Started process (PID=17131) to work on /home/airflow/.local/lib/python3.7/site-packages/airflow/example_dags/example_branch_labels.py
[2023-04-28T06:18:23.518+0000] {processor.py:743} INFO - Processing file /home/airflow/.local/lib/python3.7/site-packages/airflow/example_dags/example_branch_labels.py for tasks to queue
[2023-04-28T06:18:23.519+0000] {logging_mixin.py:137} INFO - [2023-04-28T06:18:23.519+0000] {dagbag.py:538} INFO - Filling up the DagBag from /home/airflow/.local/lib/python3.7/site-packages/airflow/example_dags/example_branch_labels.py
[2023-04-28T06:18:23.531+0000] {processor.py:753} INFO - DAG(s) dict_keys(['example_branch_labels']) retrieved from /home/airflow/.local/lib/python3.7/site-packages/airflow/example_dags/example_branch_labels.py
[2023-04-28T06:18:23.550+0000] {logging_mixin.py:137} INFO - [2023-04-28T06:18:23.550+0000] {dag.py:2690} INFO - Sync 1 DAGs
[2023-04-28T06:18:23.566+0000] {logging_mixin.py:137} INFO - [2023-04-28T06:18:23.566+0000] {dag.py:3441} INFO - Setting next_dagrun for example_branch_labels to 2023-04-27T00:00:00+00:00, run_after=2023-04-28T00:00:00+00:00
[2023-04-28T06:18:23.577+0000] {processor.py:175} INFO - Processing /home/airflow/.local/lib/python3.7/site-packages/airflow/example_dags/example_branch_labels.py took 0.063 seconds
[2023-04-28T06:18:53.824+0000] {processor.py:153} INFO - Started process (PID=17209) to work on /home/airflow/.local/lib/python3.7/site-packages/airflow/example_dags/example_branch_labels.py
[2023-04-28T06:18:53.825+0000] {processor.py:743} INFO - Processing file /home/airflow/.local/lib/python3.7/site-packages/airflow/example_dags/example_branch_labels.py for tasks to queue
[2023-04-28T06:18:53.827+0000] {logging_mixin.py:137} INFO - [2023-04-28T06:18:53.827+0000] {dagbag.py:538} INFO - Filling up the DagBag from /home/airflow/.local/lib/python3.7/site-packages/airflow/example_dags/example_branch_labels.py
[2023-04-28T06:18:53.839+0000] {processor.py:753} INFO - DAG(s) dict_keys(['example_branch_labels']) retrieved from /home/airflow/.local/lib/python3.7/site-packages/airflow/example_dags/example_branch_labels.py
[2023-04-28T06:18:53.859+0000] {logging_mixin.py:137} INFO - [2023-04-28T06:18:53.859+0000] {dag.py:2690} INFO - Sync 1 DAGs
[2023-04-28T06:18:53.875+0000] {logging_mixin.py:137} INFO - [2023-04-28T06:18:53.875+0000] {dag.py:3441} INFO - Setting next_dagrun for example_branch_labels to 2023-04-27T00:00:00+00:00, run_after=2023-04-28T00:00:00+00:00
[2023-04-28T06:18:53.886+0000] {processor.py:175} INFO - Processing /home/airflow/.local/lib/python3.7/site-packages/airflow/example_dags/example_branch_labels.py took 0.065 seconds
