[2023-04-28T00:36:31.435+0000] {processor.py:153} INFO - Started process (PID=14560) to work on /home/airflow/.local/lib/python3.7/site-packages/airflow/example_dags/example_subdag_operator.py
[2023-04-28T00:36:31.439+0000] {processor.py:743} INFO - Processing file /home/airflow/.local/lib/python3.7/site-packages/airflow/example_dags/example_subdag_operator.py for tasks to queue
[2023-04-28T00:36:31.440+0000] {logging_mixin.py:137} INFO - [2023-04-28T00:36:31.440+0000] {dagbag.py:538} INFO - Filling up the DagBag from /home/airflow/.local/lib/python3.7/site-packages/airflow/example_dags/example_subdag_operator.py
[2023-04-28T00:36:31.499+0000] {processor.py:753} INFO - DAG(s) dict_keys(['example_subdag_operator.section-1', 'example_subdag_operator.section-2', 'example_subdag_operator']) retrieved from /home/airflow/.local/lib/python3.7/site-packages/airflow/example_dags/example_subdag_operator.py
[2023-04-28T00:36:31.514+0000] {logging_mixin.py:137} INFO - [2023-04-28T00:36:31.513+0000] {dag.py:2690} INFO - Sync 3 DAGs
[2023-04-28T00:36:31.533+0000] {logging_mixin.py:137} INFO - [2023-04-28T00:36:31.533+0000] {dag.py:3441} INFO - Setting next_dagrun for example_subdag_operator to 2022-01-01T00:00:00+00:00, run_after=2022-01-01T00:00:00+00:00
[2023-04-28T00:36:31.537+0000] {logging_mixin.py:137} INFO - [2023-04-28T00:36:31.537+0000] {dag.py:3441} INFO - Setting next_dagrun for example_subdag_operator.section-1 to None, run_after=None
[2023-04-28T00:36:31.546+0000] {logging_mixin.py:137} INFO - [2023-04-28T00:36:31.546+0000] {dag.py:3441} INFO - Setting next_dagrun for example_subdag_operator.section-2 to None, run_after=None
[2023-04-28T00:36:31.555+0000] {logging_mixin.py:137} INFO - [2023-04-28T00:36:31.555+0000] {dag.py:2690} INFO - Sync 2 DAGs
[2023-04-28T00:36:31.559+0000] {logging_mixin.py:137} INFO - [2023-04-28T00:36:31.559+0000] {dag.py:3441} INFO - Setting next_dagrun for example_subdag_operator.section-1 to None, run_after=None
[2023-04-28T00:36:31.560+0000] {logging_mixin.py:137} INFO - [2023-04-28T00:36:31.560+0000] {dag.py:3441} INFO - Setting next_dagrun for example_subdag_operator.section-2 to None, run_after=None
[2023-04-28T00:36:31.579+0000] {processor.py:175} INFO - Processing /home/airflow/.local/lib/python3.7/site-packages/airflow/example_dags/example_subdag_operator.py took 0.148 seconds
[2023-04-28T01:42:52.947+0000] {processor.py:153} INFO - Started process (PID=14635) to work on /home/airflow/.local/lib/python3.7/site-packages/airflow/example_dags/example_subdag_operator.py
[2023-04-28T01:42:52.948+0000] {processor.py:743} INFO - Processing file /home/airflow/.local/lib/python3.7/site-packages/airflow/example_dags/example_subdag_operator.py for tasks to queue
[2023-04-28T01:42:52.949+0000] {logging_mixin.py:137} INFO - [2023-04-28T01:42:52.949+0000] {dagbag.py:538} INFO - Filling up the DagBag from /home/airflow/.local/lib/python3.7/site-packages/airflow/example_dags/example_subdag_operator.py
[2023-04-28T01:42:52.977+0000] {processor.py:753} INFO - DAG(s) dict_keys(['example_subdag_operator.section-1', 'example_subdag_operator.section-2', 'example_subdag_operator']) retrieved from /home/airflow/.local/lib/python3.7/site-packages/airflow/example_dags/example_subdag_operator.py
[2023-04-28T01:42:52.992+0000] {logging_mixin.py:137} INFO - [2023-04-28T01:42:52.992+0000] {dag.py:2690} INFO - Sync 3 DAGs
[2023-04-28T01:42:53.016+0000] {logging_mixin.py:137} INFO - [2023-04-28T01:42:53.016+0000] {dag.py:3441} INFO - Setting next_dagrun for example_subdag_operator to 2022-01-01T00:00:00+00:00, run_after=2022-01-01T00:00:00+00:00
[2023-04-28T01:42:53.019+0000] {logging_mixin.py:137} INFO - [2023-04-28T01:42:53.019+0000] {dag.py:3441} INFO - Setting next_dagrun for example_subdag_operator.section-1 to None, run_after=None
[2023-04-28T01:42:53.021+0000] {logging_mixin.py:137} INFO - [2023-04-28T01:42:53.021+0000] {dag.py:3441} INFO - Setting next_dagrun for example_subdag_operator.section-2 to None, run_after=None
[2023-04-28T01:42:53.027+0000] {logging_mixin.py:137} INFO - [2023-04-28T01:42:53.027+0000] {dag.py:2690} INFO - Sync 2 DAGs
[2023-04-28T01:42:53.031+0000] {logging_mixin.py:137} INFO - [2023-04-28T01:42:53.031+0000] {dag.py:3441} INFO - Setting next_dagrun for example_subdag_operator.section-1 to None, run_after=None
[2023-04-28T01:42:53.032+0000] {logging_mixin.py:137} INFO - [2023-04-28T01:42:53.032+0000] {dag.py:3441} INFO - Setting next_dagrun for example_subdag_operator.section-2 to None, run_after=None
[2023-04-28T01:42:53.038+0000] {processor.py:175} INFO - Processing /home/airflow/.local/lib/python3.7/site-packages/airflow/example_dags/example_subdag_operator.py took 0.095 seconds
[2023-04-28T02:48:40.986+0000] {processor.py:153} INFO - Started process (PID=14704) to work on /home/airflow/.local/lib/python3.7/site-packages/airflow/example_dags/example_subdag_operator.py
[2023-04-28T02:48:40.987+0000] {processor.py:743} INFO - Processing file /home/airflow/.local/lib/python3.7/site-packages/airflow/example_dags/example_subdag_operator.py for tasks to queue
[2023-04-28T02:48:40.987+0000] {logging_mixin.py:137} INFO - [2023-04-28T02:48:40.987+0000] {dagbag.py:538} INFO - Filling up the DagBag from /home/airflow/.local/lib/python3.7/site-packages/airflow/example_dags/example_subdag_operator.py
[2023-04-28T02:48:41.012+0000] {processor.py:753} INFO - DAG(s) dict_keys(['example_subdag_operator.section-1', 'example_subdag_operator.section-2', 'example_subdag_operator']) retrieved from /home/airflow/.local/lib/python3.7/site-packages/airflow/example_dags/example_subdag_operator.py
[2023-04-28T02:48:41.024+0000] {logging_mixin.py:137} INFO - [2023-04-28T02:48:41.024+0000] {dag.py:2690} INFO - Sync 3 DAGs
[2023-04-28T02:48:41.039+0000] {logging_mixin.py:137} INFO - [2023-04-28T02:48:41.039+0000] {dag.py:3441} INFO - Setting next_dagrun for example_subdag_operator to 2022-01-01T00:00:00+00:00, run_after=2022-01-01T00:00:00+00:00
[2023-04-28T02:48:41.042+0000] {logging_mixin.py:137} INFO - [2023-04-28T02:48:41.042+0000] {dag.py:3441} INFO - Setting next_dagrun for example_subdag_operator.section-1 to None, run_after=None
[2023-04-28T02:48:41.043+0000] {logging_mixin.py:137} INFO - [2023-04-28T02:48:41.043+0000] {dag.py:3441} INFO - Setting next_dagrun for example_subdag_operator.section-2 to None, run_after=None
[2023-04-28T02:48:41.047+0000] {logging_mixin.py:137} INFO - [2023-04-28T02:48:41.047+0000] {dag.py:2690} INFO - Sync 2 DAGs
[2023-04-28T02:48:41.051+0000] {logging_mixin.py:137} INFO - [2023-04-28T02:48:41.051+0000] {dag.py:3441} INFO - Setting next_dagrun for example_subdag_operator.section-1 to None, run_after=None
[2023-04-28T02:48:41.051+0000] {logging_mixin.py:137} INFO - [2023-04-28T02:48:41.051+0000] {dag.py:3441} INFO - Setting next_dagrun for example_subdag_operator.section-2 to None, run_after=None
[2023-04-28T02:48:41.058+0000] {processor.py:175} INFO - Processing /home/airflow/.local/lib/python3.7/site-packages/airflow/example_dags/example_subdag_operator.py took 0.075 seconds
[2023-04-28T03:54:54.233+0000] {processor.py:153} INFO - Started process (PID=14781) to work on /home/airflow/.local/lib/python3.7/site-packages/airflow/example_dags/example_subdag_operator.py
[2023-04-28T03:54:54.235+0000] {processor.py:743} INFO - Processing file /home/airflow/.local/lib/python3.7/site-packages/airflow/example_dags/example_subdag_operator.py for tasks to queue
[2023-04-28T03:54:54.236+0000] {logging_mixin.py:137} INFO - [2023-04-28T03:54:54.236+0000] {dagbag.py:538} INFO - Filling up the DagBag from /home/airflow/.local/lib/python3.7/site-packages/airflow/example_dags/example_subdag_operator.py
[2023-04-28T03:54:54.279+0000] {processor.py:753} INFO - DAG(s) dict_keys(['example_subdag_operator.section-1', 'example_subdag_operator.section-2', 'example_subdag_operator']) retrieved from /home/airflow/.local/lib/python3.7/site-packages/airflow/example_dags/example_subdag_operator.py
[2023-04-28T03:54:54.304+0000] {logging_mixin.py:137} INFO - [2023-04-28T03:54:54.303+0000] {dag.py:2690} INFO - Sync 3 DAGs
[2023-04-28T03:54:54.320+0000] {logging_mixin.py:137} INFO - [2023-04-28T03:54:54.319+0000] {dag.py:3441} INFO - Setting next_dagrun for example_subdag_operator to 2022-01-01T00:00:00+00:00, run_after=2022-01-01T00:00:00+00:00
[2023-04-28T03:54:54.323+0000] {logging_mixin.py:137} INFO - [2023-04-28T03:54:54.323+0000] {dag.py:3441} INFO - Setting next_dagrun for example_subdag_operator.section-1 to None, run_after=None
[2023-04-28T03:54:54.325+0000] {logging_mixin.py:137} INFO - [2023-04-28T03:54:54.325+0000] {dag.py:3441} INFO - Setting next_dagrun for example_subdag_operator.section-2 to None, run_after=None
[2023-04-28T03:54:54.329+0000] {logging_mixin.py:137} INFO - [2023-04-28T03:54:54.329+0000] {dag.py:2690} INFO - Sync 2 DAGs
[2023-04-28T03:54:54.333+0000] {logging_mixin.py:137} INFO - [2023-04-28T03:54:54.333+0000] {dag.py:3441} INFO - Setting next_dagrun for example_subdag_operator.section-1 to None, run_after=None
[2023-04-28T03:54:54.334+0000] {logging_mixin.py:137} INFO - [2023-04-28T03:54:54.334+0000] {dag.py:3441} INFO - Setting next_dagrun for example_subdag_operator.section-2 to None, run_after=None
[2023-04-28T03:54:54.341+0000] {processor.py:175} INFO - Processing /home/airflow/.local/lib/python3.7/site-packages/airflow/example_dags/example_subdag_operator.py took 0.111 seconds
[2023-04-28T05:16:16.088+0000] {processor.py:153} INFO - Started process (PID=14847) to work on /home/airflow/.local/lib/python3.7/site-packages/airflow/example_dags/example_subdag_operator.py
[2023-04-28T05:16:16.093+0000] {processor.py:743} INFO - Processing file /home/airflow/.local/lib/python3.7/site-packages/airflow/example_dags/example_subdag_operator.py for tasks to queue
[2023-04-28T05:16:16.098+0000] {logging_mixin.py:137} INFO - [2023-04-28T05:16:16.098+0000] {dagbag.py:538} INFO - Filling up the DagBag from /home/airflow/.local/lib/python3.7/site-packages/airflow/example_dags/example_subdag_operator.py
[2023-04-28T05:16:16.172+0000] {processor.py:753} INFO - DAG(s) dict_keys(['example_subdag_operator.section-1', 'example_subdag_operator.section-2', 'example_subdag_operator']) retrieved from /home/airflow/.local/lib/python3.7/site-packages/airflow/example_dags/example_subdag_operator.py
[2023-04-28T05:16:16.190+0000] {logging_mixin.py:137} INFO - [2023-04-28T05:16:16.190+0000] {dag.py:2690} INFO - Sync 3 DAGs
[2023-04-28T05:16:16.213+0000] {logging_mixin.py:137} INFO - [2023-04-28T05:16:16.213+0000] {dag.py:3441} INFO - Setting next_dagrun for example_subdag_operator to 2022-01-01T00:00:00+00:00, run_after=2022-01-01T00:00:00+00:00
[2023-04-28T05:16:16.216+0000] {logging_mixin.py:137} INFO - [2023-04-28T05:16:16.216+0000] {dag.py:3441} INFO - Setting next_dagrun for example_subdag_operator.section-1 to None, run_after=None
[2023-04-28T05:16:16.218+0000] {logging_mixin.py:137} INFO - [2023-04-28T05:16:16.218+0000] {dag.py:3441} INFO - Setting next_dagrun for example_subdag_operator.section-2 to None, run_after=None
[2023-04-28T05:16:16.232+0000] {logging_mixin.py:137} INFO - [2023-04-28T05:16:16.232+0000] {dag.py:2690} INFO - Sync 2 DAGs
[2023-04-28T05:16:16.240+0000] {logging_mixin.py:137} INFO - [2023-04-28T05:16:16.240+0000] {dag.py:3441} INFO - Setting next_dagrun for example_subdag_operator.section-1 to None, run_after=None
[2023-04-28T05:16:16.241+0000] {logging_mixin.py:137} INFO - [2023-04-28T05:16:16.241+0000] {dag.py:3441} INFO - Setting next_dagrun for example_subdag_operator.section-2 to None, run_after=None
[2023-04-28T05:16:16.260+0000] {processor.py:175} INFO - Processing /home/airflow/.local/lib/python3.7/site-packages/airflow/example_dags/example_subdag_operator.py took 0.178 seconds
[2023-04-28T05:32:12.780+0000] {processor.py:153} INFO - Started process (PID=14927) to work on /home/airflow/.local/lib/python3.7/site-packages/airflow/example_dags/example_subdag_operator.py
[2023-04-28T05:32:12.781+0000] {processor.py:743} INFO - Processing file /home/airflow/.local/lib/python3.7/site-packages/airflow/example_dags/example_subdag_operator.py for tasks to queue
[2023-04-28T05:32:12.781+0000] {logging_mixin.py:137} INFO - [2023-04-28T05:32:12.781+0000] {dagbag.py:538} INFO - Filling up the DagBag from /home/airflow/.local/lib/python3.7/site-packages/airflow/example_dags/example_subdag_operator.py
[2023-04-28T05:32:12.806+0000] {processor.py:753} INFO - DAG(s) dict_keys(['example_subdag_operator.section-1', 'example_subdag_operator.section-2', 'example_subdag_operator']) retrieved from /home/airflow/.local/lib/python3.7/site-packages/airflow/example_dags/example_subdag_operator.py
[2023-04-28T05:32:12.819+0000] {logging_mixin.py:137} INFO - [2023-04-28T05:32:12.818+0000] {dag.py:2690} INFO - Sync 3 DAGs
[2023-04-28T05:32:12.833+0000] {logging_mixin.py:137} INFO - [2023-04-28T05:32:12.833+0000] {dag.py:3441} INFO - Setting next_dagrun for example_subdag_operator to 2022-01-01T00:00:00+00:00, run_after=2022-01-01T00:00:00+00:00
[2023-04-28T05:32:12.836+0000] {logging_mixin.py:137} INFO - [2023-04-28T05:32:12.836+0000] {dag.py:3441} INFO - Setting next_dagrun for example_subdag_operator.section-1 to None, run_after=None
[2023-04-28T05:32:12.837+0000] {logging_mixin.py:137} INFO - [2023-04-28T05:32:12.837+0000] {dag.py:3441} INFO - Setting next_dagrun for example_subdag_operator.section-2 to None, run_after=None
[2023-04-28T05:32:12.841+0000] {logging_mixin.py:137} INFO - [2023-04-28T05:32:12.841+0000] {dag.py:2690} INFO - Sync 2 DAGs
[2023-04-28T05:32:12.845+0000] {logging_mixin.py:137} INFO - [2023-04-28T05:32:12.845+0000] {dag.py:3441} INFO - Setting next_dagrun for example_subdag_operator.section-1 to None, run_after=None
[2023-04-28T05:32:12.845+0000] {logging_mixin.py:137} INFO - [2023-04-28T05:32:12.845+0000] {dag.py:3441} INFO - Setting next_dagrun for example_subdag_operator.section-2 to None, run_after=None
[2023-04-28T05:32:12.851+0000] {processor.py:175} INFO - Processing /home/airflow/.local/lib/python3.7/site-packages/airflow/example_dags/example_subdag_operator.py took 0.075 seconds
[2023-04-28T05:32:42.965+0000] {processor.py:153} INFO - Started process (PID=15004) to work on /home/airflow/.local/lib/python3.7/site-packages/airflow/example_dags/example_subdag_operator.py
[2023-04-28T05:32:42.966+0000] {processor.py:743} INFO - Processing file /home/airflow/.local/lib/python3.7/site-packages/airflow/example_dags/example_subdag_operator.py for tasks to queue
[2023-04-28T05:32:42.967+0000] {logging_mixin.py:137} INFO - [2023-04-28T05:32:42.967+0000] {dagbag.py:538} INFO - Filling up the DagBag from /home/airflow/.local/lib/python3.7/site-packages/airflow/example_dags/example_subdag_operator.py
[2023-04-28T05:32:42.994+0000] {processor.py:753} INFO - DAG(s) dict_keys(['example_subdag_operator.section-1', 'example_subdag_operator.section-2', 'example_subdag_operator']) retrieved from /home/airflow/.local/lib/python3.7/site-packages/airflow/example_dags/example_subdag_operator.py
[2023-04-28T05:32:43.007+0000] {logging_mixin.py:137} INFO - [2023-04-28T05:32:43.007+0000] {dag.py:2690} INFO - Sync 3 DAGs
[2023-04-28T05:32:43.023+0000] {logging_mixin.py:137} INFO - [2023-04-28T05:32:43.023+0000] {dag.py:3441} INFO - Setting next_dagrun for example_subdag_operator to 2022-01-01T00:00:00+00:00, run_after=2022-01-01T00:00:00+00:00
[2023-04-28T05:32:43.026+0000] {logging_mixin.py:137} INFO - [2023-04-28T05:32:43.026+0000] {dag.py:3441} INFO - Setting next_dagrun for example_subdag_operator.section-1 to None, run_after=None
[2023-04-28T05:32:43.027+0000] {logging_mixin.py:137} INFO - [2023-04-28T05:32:43.027+0000] {dag.py:3441} INFO - Setting next_dagrun for example_subdag_operator.section-2 to None, run_after=None
[2023-04-28T05:32:43.032+0000] {logging_mixin.py:137} INFO - [2023-04-28T05:32:43.032+0000] {dag.py:2690} INFO - Sync 2 DAGs
[2023-04-28T05:32:43.036+0000] {logging_mixin.py:137} INFO - [2023-04-28T05:32:43.036+0000] {dag.py:3441} INFO - Setting next_dagrun for example_subdag_operator.section-1 to None, run_after=None
[2023-04-28T05:32:43.036+0000] {logging_mixin.py:137} INFO - [2023-04-28T05:32:43.036+0000] {dag.py:3441} INFO - Setting next_dagrun for example_subdag_operator.section-2 to None, run_after=None
[2023-04-28T05:32:43.043+0000] {processor.py:175} INFO - Processing /home/airflow/.local/lib/python3.7/site-packages/airflow/example_dags/example_subdag_operator.py took 0.080 seconds
[2023-04-28T06:03:55.645+0000] {processor.py:153} INFO - Started process (PID=15071) to work on /home/airflow/.local/lib/python3.7/site-packages/airflow/example_dags/example_subdag_operator.py
[2023-04-28T06:03:55.646+0000] {processor.py:743} INFO - Processing file /home/airflow/.local/lib/python3.7/site-packages/airflow/example_dags/example_subdag_operator.py for tasks to queue
[2023-04-28T06:03:55.647+0000] {logging_mixin.py:137} INFO - [2023-04-28T06:03:55.647+0000] {dagbag.py:538} INFO - Filling up the DagBag from /home/airflow/.local/lib/python3.7/site-packages/airflow/example_dags/example_subdag_operator.py
[2023-04-28T06:03:55.672+0000] {processor.py:753} INFO - DAG(s) dict_keys(['example_subdag_operator.section-1', 'example_subdag_operator.section-2', 'example_subdag_operator']) retrieved from /home/airflow/.local/lib/python3.7/site-packages/airflow/example_dags/example_subdag_operator.py
[2023-04-28T06:03:55.684+0000] {logging_mixin.py:137} INFO - [2023-04-28T06:03:55.684+0000] {dag.py:2690} INFO - Sync 3 DAGs
[2023-04-28T06:03:55.701+0000] {logging_mixin.py:137} INFO - [2023-04-28T06:03:55.700+0000] {dag.py:3441} INFO - Setting next_dagrun for example_subdag_operator to 2022-01-01T00:00:00+00:00, run_after=2022-01-01T00:00:00+00:00
[2023-04-28T06:03:55.704+0000] {logging_mixin.py:137} INFO - [2023-04-28T06:03:55.704+0000] {dag.py:3441} INFO - Setting next_dagrun for example_subdag_operator.section-1 to None, run_after=None
[2023-04-28T06:03:55.705+0000] {logging_mixin.py:137} INFO - [2023-04-28T06:03:55.705+0000] {dag.py:3441} INFO - Setting next_dagrun for example_subdag_operator.section-2 to None, run_after=None
[2023-04-28T06:03:55.710+0000] {logging_mixin.py:137} INFO - [2023-04-28T06:03:55.710+0000] {dag.py:2690} INFO - Sync 2 DAGs
[2023-04-28T06:03:55.713+0000] {logging_mixin.py:137} INFO - [2023-04-28T06:03:55.713+0000] {dag.py:3441} INFO - Setting next_dagrun for example_subdag_operator.section-1 to None, run_after=None
[2023-04-28T06:03:55.714+0000] {logging_mixin.py:137} INFO - [2023-04-28T06:03:55.714+0000] {dag.py:3441} INFO - Setting next_dagrun for example_subdag_operator.section-2 to None, run_after=None
[2023-04-28T06:03:55.720+0000] {processor.py:175} INFO - Processing /home/airflow/.local/lib/python3.7/site-packages/airflow/example_dags/example_subdag_operator.py took 0.079 seconds
[2023-04-28T06:04:41.205+0000] {processor.py:153} INFO - Started process (PID=15150) to work on /home/airflow/.local/lib/python3.7/site-packages/airflow/example_dags/example_subdag_operator.py
[2023-04-28T06:04:41.207+0000] {processor.py:743} INFO - Processing file /home/airflow/.local/lib/python3.7/site-packages/airflow/example_dags/example_subdag_operator.py for tasks to queue
[2023-04-28T06:04:41.207+0000] {logging_mixin.py:137} INFO - [2023-04-28T06:04:41.207+0000] {dagbag.py:538} INFO - Filling up the DagBag from /home/airflow/.local/lib/python3.7/site-packages/airflow/example_dags/example_subdag_operator.py
[2023-04-28T06:04:41.232+0000] {processor.py:753} INFO - DAG(s) dict_keys(['example_subdag_operator.section-1', 'example_subdag_operator.section-2', 'example_subdag_operator']) retrieved from /home/airflow/.local/lib/python3.7/site-packages/airflow/example_dags/example_subdag_operator.py
[2023-04-28T06:04:41.243+0000] {logging_mixin.py:137} INFO - [2023-04-28T06:04:41.243+0000] {dag.py:2690} INFO - Sync 3 DAGs
[2023-04-28T06:04:41.258+0000] {logging_mixin.py:137} INFO - [2023-04-28T06:04:41.258+0000] {dag.py:3441} INFO - Setting next_dagrun for example_subdag_operator to 2022-01-01T00:00:00+00:00, run_after=2022-01-01T00:00:00+00:00
[2023-04-28T06:04:41.261+0000] {logging_mixin.py:137} INFO - [2023-04-28T06:04:41.261+0000] {dag.py:3441} INFO - Setting next_dagrun for example_subdag_operator.section-1 to None, run_after=None
[2023-04-28T06:04:41.262+0000] {logging_mixin.py:137} INFO - [2023-04-28T06:04:41.262+0000] {dag.py:3441} INFO - Setting next_dagrun for example_subdag_operator.section-2 to None, run_after=None
[2023-04-28T06:04:41.267+0000] {logging_mixin.py:137} INFO - [2023-04-28T06:04:41.267+0000] {dag.py:2690} INFO - Sync 2 DAGs
[2023-04-28T06:04:41.271+0000] {logging_mixin.py:137} INFO - [2023-04-28T06:04:41.271+0000] {dag.py:3441} INFO - Setting next_dagrun for example_subdag_operator.section-1 to None, run_after=None
[2023-04-28T06:04:41.271+0000] {logging_mixin.py:137} INFO - [2023-04-28T06:04:41.271+0000] {dag.py:3441} INFO - Setting next_dagrun for example_subdag_operator.section-2 to None, run_after=None
[2023-04-28T06:04:41.277+0000] {processor.py:175} INFO - Processing /home/airflow/.local/lib/python3.7/site-packages/airflow/example_dags/example_subdag_operator.py took 0.075 seconds
[2023-04-28T06:05:11.706+0000] {processor.py:153} INFO - Started process (PID=15228) to work on /home/airflow/.local/lib/python3.7/site-packages/airflow/example_dags/example_subdag_operator.py
[2023-04-28T06:05:11.707+0000] {processor.py:743} INFO - Processing file /home/airflow/.local/lib/python3.7/site-packages/airflow/example_dags/example_subdag_operator.py for tasks to queue
[2023-04-28T06:05:11.708+0000] {logging_mixin.py:137} INFO - [2023-04-28T06:05:11.708+0000] {dagbag.py:538} INFO - Filling up the DagBag from /home/airflow/.local/lib/python3.7/site-packages/airflow/example_dags/example_subdag_operator.py
[2023-04-28T06:05:11.731+0000] {processor.py:753} INFO - DAG(s) dict_keys(['example_subdag_operator.section-1', 'example_subdag_operator.section-2', 'example_subdag_operator']) retrieved from /home/airflow/.local/lib/python3.7/site-packages/airflow/example_dags/example_subdag_operator.py
[2023-04-28T06:05:11.743+0000] {logging_mixin.py:137} INFO - [2023-04-28T06:05:11.743+0000] {dag.py:2690} INFO - Sync 3 DAGs
[2023-04-28T06:05:11.757+0000] {logging_mixin.py:137} INFO - [2023-04-28T06:05:11.757+0000] {dag.py:3441} INFO - Setting next_dagrun for example_subdag_operator to 2022-01-01T00:00:00+00:00, run_after=2022-01-01T00:00:00+00:00
[2023-04-28T06:05:11.759+0000] {logging_mixin.py:137} INFO - [2023-04-28T06:05:11.759+0000] {dag.py:3441} INFO - Setting next_dagrun for example_subdag_operator.section-1 to None, run_after=None
[2023-04-28T06:05:11.760+0000] {logging_mixin.py:137} INFO - [2023-04-28T06:05:11.760+0000] {dag.py:3441} INFO - Setting next_dagrun for example_subdag_operator.section-2 to None, run_after=None
[2023-04-28T06:05:11.765+0000] {logging_mixin.py:137} INFO - [2023-04-28T06:05:11.765+0000] {dag.py:2690} INFO - Sync 2 DAGs
[2023-04-28T06:05:11.768+0000] {logging_mixin.py:137} INFO - [2023-04-28T06:05:11.768+0000] {dag.py:3441} INFO - Setting next_dagrun for example_subdag_operator.section-1 to None, run_after=None
[2023-04-28T06:05:11.768+0000] {logging_mixin.py:137} INFO - [2023-04-28T06:05:11.768+0000] {dag.py:3441} INFO - Setting next_dagrun for example_subdag_operator.section-2 to None, run_after=None
[2023-04-28T06:05:11.774+0000] {processor.py:175} INFO - Processing /home/airflow/.local/lib/python3.7/site-packages/airflow/example_dags/example_subdag_operator.py took 0.071 seconds
[2023-04-28T06:05:42.281+0000] {processor.py:153} INFO - Started process (PID=15294) to work on /home/airflow/.local/lib/python3.7/site-packages/airflow/example_dags/example_subdag_operator.py
[2023-04-28T06:05:42.282+0000] {processor.py:743} INFO - Processing file /home/airflow/.local/lib/python3.7/site-packages/airflow/example_dags/example_subdag_operator.py for tasks to queue
[2023-04-28T06:05:42.283+0000] {logging_mixin.py:137} INFO - [2023-04-28T06:05:42.283+0000] {dagbag.py:538} INFO - Filling up the DagBag from /home/airflow/.local/lib/python3.7/site-packages/airflow/example_dags/example_subdag_operator.py
[2023-04-28T06:05:42.306+0000] {processor.py:753} INFO - DAG(s) dict_keys(['example_subdag_operator.section-1', 'example_subdag_operator.section-2', 'example_subdag_operator']) retrieved from /home/airflow/.local/lib/python3.7/site-packages/airflow/example_dags/example_subdag_operator.py
[2023-04-28T06:05:42.317+0000] {logging_mixin.py:137} INFO - [2023-04-28T06:05:42.317+0000] {dag.py:2690} INFO - Sync 3 DAGs
[2023-04-28T06:05:42.331+0000] {logging_mixin.py:137} INFO - [2023-04-28T06:05:42.331+0000] {dag.py:3441} INFO - Setting next_dagrun for example_subdag_operator to 2022-01-01T00:00:00+00:00, run_after=2022-01-01T00:00:00+00:00
[2023-04-28T06:05:42.334+0000] {logging_mixin.py:137} INFO - [2023-04-28T06:05:42.334+0000] {dag.py:3441} INFO - Setting next_dagrun for example_subdag_operator.section-1 to None, run_after=None
[2023-04-28T06:05:42.335+0000] {logging_mixin.py:137} INFO - [2023-04-28T06:05:42.335+0000] {dag.py:3441} INFO - Setting next_dagrun for example_subdag_operator.section-2 to None, run_after=None
[2023-04-28T06:05:42.339+0000] {logging_mixin.py:137} INFO - [2023-04-28T06:05:42.339+0000] {dag.py:2690} INFO - Sync 2 DAGs
[2023-04-28T06:05:42.342+0000] {logging_mixin.py:137} INFO - [2023-04-28T06:05:42.342+0000] {dag.py:3441} INFO - Setting next_dagrun for example_subdag_operator.section-1 to None, run_after=None
[2023-04-28T06:05:42.343+0000] {logging_mixin.py:137} INFO - [2023-04-28T06:05:42.343+0000] {dag.py:3441} INFO - Setting next_dagrun for example_subdag_operator.section-2 to None, run_after=None
[2023-04-28T06:05:42.349+0000] {processor.py:175} INFO - Processing /home/airflow/.local/lib/python3.7/site-packages/airflow/example_dags/example_subdag_operator.py took 0.071 seconds
[2023-04-28T06:06:12.561+0000] {processor.py:153} INFO - Started process (PID=15374) to work on /home/airflow/.local/lib/python3.7/site-packages/airflow/example_dags/example_subdag_operator.py
[2023-04-28T06:06:12.562+0000] {processor.py:743} INFO - Processing file /home/airflow/.local/lib/python3.7/site-packages/airflow/example_dags/example_subdag_operator.py for tasks to queue
[2023-04-28T06:06:12.563+0000] {logging_mixin.py:137} INFO - [2023-04-28T06:06:12.563+0000] {dagbag.py:538} INFO - Filling up the DagBag from /home/airflow/.local/lib/python3.7/site-packages/airflow/example_dags/example_subdag_operator.py
[2023-04-28T06:06:12.588+0000] {processor.py:753} INFO - DAG(s) dict_keys(['example_subdag_operator.section-1', 'example_subdag_operator.section-2', 'example_subdag_operator']) retrieved from /home/airflow/.local/lib/python3.7/site-packages/airflow/example_dags/example_subdag_operator.py
[2023-04-28T06:06:12.600+0000] {logging_mixin.py:137} INFO - [2023-04-28T06:06:12.600+0000] {dag.py:2690} INFO - Sync 3 DAGs
[2023-04-28T06:06:12.615+0000] {logging_mixin.py:137} INFO - [2023-04-28T06:06:12.615+0000] {dag.py:3441} INFO - Setting next_dagrun for example_subdag_operator to 2022-01-01T00:00:00+00:00, run_after=2022-01-01T00:00:00+00:00
[2023-04-28T06:06:12.618+0000] {logging_mixin.py:137} INFO - [2023-04-28T06:06:12.618+0000] {dag.py:3441} INFO - Setting next_dagrun for example_subdag_operator.section-1 to None, run_after=None
[2023-04-28T06:06:12.619+0000] {logging_mixin.py:137} INFO - [2023-04-28T06:06:12.619+0000] {dag.py:3441} INFO - Setting next_dagrun for example_subdag_operator.section-2 to None, run_after=None
[2023-04-28T06:06:12.624+0000] {logging_mixin.py:137} INFO - [2023-04-28T06:06:12.624+0000] {dag.py:2690} INFO - Sync 2 DAGs
[2023-04-28T06:06:12.628+0000] {logging_mixin.py:137} INFO - [2023-04-28T06:06:12.628+0000] {dag.py:3441} INFO - Setting next_dagrun for example_subdag_operator.section-1 to None, run_after=None
[2023-04-28T06:06:12.629+0000] {logging_mixin.py:137} INFO - [2023-04-28T06:06:12.628+0000] {dag.py:3441} INFO - Setting next_dagrun for example_subdag_operator.section-2 to None, run_after=None
[2023-04-28T06:06:12.635+0000] {processor.py:175} INFO - Processing /home/airflow/.local/lib/python3.7/site-packages/airflow/example_dags/example_subdag_operator.py took 0.077 seconds
[2023-04-28T06:06:43.265+0000] {processor.py:153} INFO - Started process (PID=15451) to work on /home/airflow/.local/lib/python3.7/site-packages/airflow/example_dags/example_subdag_operator.py
[2023-04-28T06:06:43.266+0000] {processor.py:743} INFO - Processing file /home/airflow/.local/lib/python3.7/site-packages/airflow/example_dags/example_subdag_operator.py for tasks to queue
[2023-04-28T06:06:43.267+0000] {logging_mixin.py:137} INFO - [2023-04-28T06:06:43.267+0000] {dagbag.py:538} INFO - Filling up the DagBag from /home/airflow/.local/lib/python3.7/site-packages/airflow/example_dags/example_subdag_operator.py
[2023-04-28T06:06:43.293+0000] {processor.py:753} INFO - DAG(s) dict_keys(['example_subdag_operator.section-1', 'example_subdag_operator.section-2', 'example_subdag_operator']) retrieved from /home/airflow/.local/lib/python3.7/site-packages/airflow/example_dags/example_subdag_operator.py
[2023-04-28T06:06:43.306+0000] {logging_mixin.py:137} INFO - [2023-04-28T06:06:43.306+0000] {dag.py:2690} INFO - Sync 3 DAGs
[2023-04-28T06:06:43.321+0000] {logging_mixin.py:137} INFO - [2023-04-28T06:06:43.321+0000] {dag.py:3441} INFO - Setting next_dagrun for example_subdag_operator to 2022-01-01T00:00:00+00:00, run_after=2022-01-01T00:00:00+00:00
[2023-04-28T06:06:43.324+0000] {logging_mixin.py:137} INFO - [2023-04-28T06:06:43.324+0000] {dag.py:3441} INFO - Setting next_dagrun for example_subdag_operator.section-1 to None, run_after=None
[2023-04-28T06:06:43.325+0000] {logging_mixin.py:137} INFO - [2023-04-28T06:06:43.325+0000] {dag.py:3441} INFO - Setting next_dagrun for example_subdag_operator.section-2 to None, run_after=None
[2023-04-28T06:06:43.330+0000] {logging_mixin.py:137} INFO - [2023-04-28T06:06:43.330+0000] {dag.py:2690} INFO - Sync 2 DAGs
[2023-04-28T06:06:43.334+0000] {logging_mixin.py:137} INFO - [2023-04-28T06:06:43.334+0000] {dag.py:3441} INFO - Setting next_dagrun for example_subdag_operator.section-1 to None, run_after=None
[2023-04-28T06:06:43.334+0000] {logging_mixin.py:137} INFO - [2023-04-28T06:06:43.334+0000] {dag.py:3441} INFO - Setting next_dagrun for example_subdag_operator.section-2 to None, run_after=None
[2023-04-28T06:06:43.341+0000] {processor.py:175} INFO - Processing /home/airflow/.local/lib/python3.7/site-packages/airflow/example_dags/example_subdag_operator.py took 0.079 seconds
[2023-04-28T06:07:13.638+0000] {processor.py:153} INFO - Started process (PID=15518) to work on /home/airflow/.local/lib/python3.7/site-packages/airflow/example_dags/example_subdag_operator.py
[2023-04-28T06:07:13.639+0000] {processor.py:743} INFO - Processing file /home/airflow/.local/lib/python3.7/site-packages/airflow/example_dags/example_subdag_operator.py for tasks to queue
[2023-04-28T06:07:13.640+0000] {logging_mixin.py:137} INFO - [2023-04-28T06:07:13.640+0000] {dagbag.py:538} INFO - Filling up the DagBag from /home/airflow/.local/lib/python3.7/site-packages/airflow/example_dags/example_subdag_operator.py
[2023-04-28T06:07:13.667+0000] {processor.py:753} INFO - DAG(s) dict_keys(['example_subdag_operator.section-1', 'example_subdag_operator.section-2', 'example_subdag_operator']) retrieved from /home/airflow/.local/lib/python3.7/site-packages/airflow/example_dags/example_subdag_operator.py
[2023-04-28T06:07:13.680+0000] {logging_mixin.py:137} INFO - [2023-04-28T06:07:13.680+0000] {dag.py:2690} INFO - Sync 3 DAGs
[2023-04-28T06:07:13.697+0000] {logging_mixin.py:137} INFO - [2023-04-28T06:07:13.697+0000] {dag.py:3441} INFO - Setting next_dagrun for example_subdag_operator to 2022-01-01T00:00:00+00:00, run_after=2022-01-01T00:00:00+00:00
[2023-04-28T06:07:13.700+0000] {logging_mixin.py:137} INFO - [2023-04-28T06:07:13.700+0000] {dag.py:3441} INFO - Setting next_dagrun for example_subdag_operator.section-1 to None, run_after=None
[2023-04-28T06:07:13.701+0000] {logging_mixin.py:137} INFO - [2023-04-28T06:07:13.701+0000] {dag.py:3441} INFO - Setting next_dagrun for example_subdag_operator.section-2 to None, run_after=None
[2023-04-28T06:07:13.705+0000] {logging_mixin.py:137} INFO - [2023-04-28T06:07:13.705+0000] {dag.py:2690} INFO - Sync 2 DAGs
[2023-04-28T06:07:13.709+0000] {logging_mixin.py:137} INFO - [2023-04-28T06:07:13.709+0000] {dag.py:3441} INFO - Setting next_dagrun for example_subdag_operator.section-1 to None, run_after=None
[2023-04-28T06:07:13.710+0000] {logging_mixin.py:137} INFO - [2023-04-28T06:07:13.709+0000] {dag.py:3441} INFO - Setting next_dagrun for example_subdag_operator.section-2 to None, run_after=None
[2023-04-28T06:07:13.716+0000] {processor.py:175} INFO - Processing /home/airflow/.local/lib/python3.7/site-packages/airflow/example_dags/example_subdag_operator.py took 0.080 seconds
[2023-04-28T06:07:44.083+0000] {processor.py:153} INFO - Started process (PID=15596) to work on /home/airflow/.local/lib/python3.7/site-packages/airflow/example_dags/example_subdag_operator.py
[2023-04-28T06:07:44.085+0000] {processor.py:743} INFO - Processing file /home/airflow/.local/lib/python3.7/site-packages/airflow/example_dags/example_subdag_operator.py for tasks to queue
[2023-04-28T06:07:44.086+0000] {logging_mixin.py:137} INFO - [2023-04-28T06:07:44.086+0000] {dagbag.py:538} INFO - Filling up the DagBag from /home/airflow/.local/lib/python3.7/site-packages/airflow/example_dags/example_subdag_operator.py
[2023-04-28T06:07:44.109+0000] {processor.py:753} INFO - DAG(s) dict_keys(['example_subdag_operator.section-1', 'example_subdag_operator.section-2', 'example_subdag_operator']) retrieved from /home/airflow/.local/lib/python3.7/site-packages/airflow/example_dags/example_subdag_operator.py
[2023-04-28T06:07:44.121+0000] {logging_mixin.py:137} INFO - [2023-04-28T06:07:44.121+0000] {dag.py:2690} INFO - Sync 3 DAGs
[2023-04-28T06:07:44.135+0000] {logging_mixin.py:137} INFO - [2023-04-28T06:07:44.135+0000] {dag.py:3441} INFO - Setting next_dagrun for example_subdag_operator to 2022-01-01T00:00:00+00:00, run_after=2022-01-01T00:00:00+00:00
[2023-04-28T06:07:44.137+0000] {logging_mixin.py:137} INFO - [2023-04-28T06:07:44.137+0000] {dag.py:3441} INFO - Setting next_dagrun for example_subdag_operator.section-1 to None, run_after=None
[2023-04-28T06:07:44.138+0000] {logging_mixin.py:137} INFO - [2023-04-28T06:07:44.138+0000] {dag.py:3441} INFO - Setting next_dagrun for example_subdag_operator.section-2 to None, run_after=None
[2023-04-28T06:07:44.144+0000] {logging_mixin.py:137} INFO - [2023-04-28T06:07:44.143+0000] {dag.py:2690} INFO - Sync 2 DAGs
[2023-04-28T06:07:44.147+0000] {logging_mixin.py:137} INFO - [2023-04-28T06:07:44.147+0000] {dag.py:3441} INFO - Setting next_dagrun for example_subdag_operator.section-1 to None, run_after=None
[2023-04-28T06:07:44.147+0000] {logging_mixin.py:137} INFO - [2023-04-28T06:07:44.147+0000] {dag.py:3441} INFO - Setting next_dagrun for example_subdag_operator.section-2 to None, run_after=None
[2023-04-28T06:07:44.153+0000] {processor.py:175} INFO - Processing /home/airflow/.local/lib/python3.7/site-packages/airflow/example_dags/example_subdag_operator.py took 0.073 seconds
[2023-04-28T06:08:14.568+0000] {processor.py:153} INFO - Started process (PID=15674) to work on /home/airflow/.local/lib/python3.7/site-packages/airflow/example_dags/example_subdag_operator.py
[2023-04-28T06:08:14.569+0000] {processor.py:743} INFO - Processing file /home/airflow/.local/lib/python3.7/site-packages/airflow/example_dags/example_subdag_operator.py for tasks to queue
[2023-04-28T06:08:14.570+0000] {logging_mixin.py:137} INFO - [2023-04-28T06:08:14.570+0000] {dagbag.py:538} INFO - Filling up the DagBag from /home/airflow/.local/lib/python3.7/site-packages/airflow/example_dags/example_subdag_operator.py
[2023-04-28T06:08:14.596+0000] {processor.py:753} INFO - DAG(s) dict_keys(['example_subdag_operator.section-1', 'example_subdag_operator.section-2', 'example_subdag_operator']) retrieved from /home/airflow/.local/lib/python3.7/site-packages/airflow/example_dags/example_subdag_operator.py
[2023-04-28T06:08:14.608+0000] {logging_mixin.py:137} INFO - [2023-04-28T06:08:14.608+0000] {dag.py:2690} INFO - Sync 3 DAGs
[2023-04-28T06:08:14.624+0000] {logging_mixin.py:137} INFO - [2023-04-28T06:08:14.624+0000] {dag.py:3441} INFO - Setting next_dagrun for example_subdag_operator to 2022-01-01T00:00:00+00:00, run_after=2022-01-01T00:00:00+00:00
[2023-04-28T06:08:14.627+0000] {logging_mixin.py:137} INFO - [2023-04-28T06:08:14.627+0000] {dag.py:3441} INFO - Setting next_dagrun for example_subdag_operator.section-1 to None, run_after=None
[2023-04-28T06:08:14.628+0000] {logging_mixin.py:137} INFO - [2023-04-28T06:08:14.628+0000] {dag.py:3441} INFO - Setting next_dagrun for example_subdag_operator.section-2 to None, run_after=None
[2023-04-28T06:08:14.633+0000] {logging_mixin.py:137} INFO - [2023-04-28T06:08:14.633+0000] {dag.py:2690} INFO - Sync 2 DAGs
[2023-04-28T06:08:14.636+0000] {logging_mixin.py:137} INFO - [2023-04-28T06:08:14.636+0000] {dag.py:3441} INFO - Setting next_dagrun for example_subdag_operator.section-1 to None, run_after=None
[2023-04-28T06:08:14.637+0000] {logging_mixin.py:137} INFO - [2023-04-28T06:08:14.637+0000] {dag.py:3441} INFO - Setting next_dagrun for example_subdag_operator.section-2 to None, run_after=None
[2023-04-28T06:08:14.644+0000] {processor.py:175} INFO - Processing /home/airflow/.local/lib/python3.7/site-packages/airflow/example_dags/example_subdag_operator.py took 0.078 seconds
[2023-04-28T06:08:45.131+0000] {processor.py:153} INFO - Started process (PID=15740) to work on /home/airflow/.local/lib/python3.7/site-packages/airflow/example_dags/example_subdag_operator.py
[2023-04-28T06:08:45.132+0000] {processor.py:743} INFO - Processing file /home/airflow/.local/lib/python3.7/site-packages/airflow/example_dags/example_subdag_operator.py for tasks to queue
[2023-04-28T06:08:45.133+0000] {logging_mixin.py:137} INFO - [2023-04-28T06:08:45.133+0000] {dagbag.py:538} INFO - Filling up the DagBag from /home/airflow/.local/lib/python3.7/site-packages/airflow/example_dags/example_subdag_operator.py
[2023-04-28T06:08:45.159+0000] {processor.py:753} INFO - DAG(s) dict_keys(['example_subdag_operator.section-1', 'example_subdag_operator.section-2', 'example_subdag_operator']) retrieved from /home/airflow/.local/lib/python3.7/site-packages/airflow/example_dags/example_subdag_operator.py
[2023-04-28T06:08:45.172+0000] {logging_mixin.py:137} INFO - [2023-04-28T06:08:45.172+0000] {dag.py:2690} INFO - Sync 3 DAGs
[2023-04-28T06:08:45.187+0000] {logging_mixin.py:137} INFO - [2023-04-28T06:08:45.186+0000] {dag.py:3441} INFO - Setting next_dagrun for example_subdag_operator to 2022-01-01T00:00:00+00:00, run_after=2022-01-01T00:00:00+00:00
[2023-04-28T06:08:45.189+0000] {logging_mixin.py:137} INFO - [2023-04-28T06:08:45.189+0000] {dag.py:3441} INFO - Setting next_dagrun for example_subdag_operator.section-1 to None, run_after=None
[2023-04-28T06:08:45.190+0000] {logging_mixin.py:137} INFO - [2023-04-28T06:08:45.190+0000] {dag.py:3441} INFO - Setting next_dagrun for example_subdag_operator.section-2 to None, run_after=None
[2023-04-28T06:08:45.196+0000] {logging_mixin.py:137} INFO - [2023-04-28T06:08:45.196+0000] {dag.py:2690} INFO - Sync 2 DAGs
[2023-04-28T06:08:45.200+0000] {logging_mixin.py:137} INFO - [2023-04-28T06:08:45.199+0000] {dag.py:3441} INFO - Setting next_dagrun for example_subdag_operator.section-1 to None, run_after=None
[2023-04-28T06:08:45.200+0000] {logging_mixin.py:137} INFO - [2023-04-28T06:08:45.200+0000] {dag.py:3441} INFO - Setting next_dagrun for example_subdag_operator.section-2 to None, run_after=None
[2023-04-28T06:08:45.207+0000] {processor.py:175} INFO - Processing /home/airflow/.local/lib/python3.7/site-packages/airflow/example_dags/example_subdag_operator.py took 0.078 seconds
[2023-04-28T06:09:15.536+0000] {processor.py:153} INFO - Started process (PID=15818) to work on /home/airflow/.local/lib/python3.7/site-packages/airflow/example_dags/example_subdag_operator.py
[2023-04-28T06:09:15.537+0000] {processor.py:743} INFO - Processing file /home/airflow/.local/lib/python3.7/site-packages/airflow/example_dags/example_subdag_operator.py for tasks to queue
[2023-04-28T06:09:15.538+0000] {logging_mixin.py:137} INFO - [2023-04-28T06:09:15.538+0000] {dagbag.py:538} INFO - Filling up the DagBag from /home/airflow/.local/lib/python3.7/site-packages/airflow/example_dags/example_subdag_operator.py
[2023-04-28T06:09:15.563+0000] {processor.py:753} INFO - DAG(s) dict_keys(['example_subdag_operator.section-1', 'example_subdag_operator.section-2', 'example_subdag_operator']) retrieved from /home/airflow/.local/lib/python3.7/site-packages/airflow/example_dags/example_subdag_operator.py
[2023-04-28T06:09:15.574+0000] {logging_mixin.py:137} INFO - [2023-04-28T06:09:15.574+0000] {dag.py:2690} INFO - Sync 3 DAGs
[2023-04-28T06:09:15.591+0000] {logging_mixin.py:137} INFO - [2023-04-28T06:09:15.591+0000] {dag.py:3441} INFO - Setting next_dagrun for example_subdag_operator to 2022-01-01T00:00:00+00:00, run_after=2022-01-01T00:00:00+00:00
[2023-04-28T06:09:15.593+0000] {logging_mixin.py:137} INFO - [2023-04-28T06:09:15.593+0000] {dag.py:3441} INFO - Setting next_dagrun for example_subdag_operator.section-1 to None, run_after=None
[2023-04-28T06:09:15.594+0000] {logging_mixin.py:137} INFO - [2023-04-28T06:09:15.594+0000] {dag.py:3441} INFO - Setting next_dagrun for example_subdag_operator.section-2 to None, run_after=None
[2023-04-28T06:09:15.600+0000] {logging_mixin.py:137} INFO - [2023-04-28T06:09:15.600+0000] {dag.py:2690} INFO - Sync 2 DAGs
[2023-04-28T06:09:15.603+0000] {logging_mixin.py:137} INFO - [2023-04-28T06:09:15.603+0000] {dag.py:3441} INFO - Setting next_dagrun for example_subdag_operator.section-1 to None, run_after=None
[2023-04-28T06:09:15.604+0000] {logging_mixin.py:137} INFO - [2023-04-28T06:09:15.604+0000] {dag.py:3441} INFO - Setting next_dagrun for example_subdag_operator.section-2 to None, run_after=None
[2023-04-28T06:09:15.610+0000] {processor.py:175} INFO - Processing /home/airflow/.local/lib/python3.7/site-packages/airflow/example_dags/example_subdag_operator.py took 0.077 seconds
[2023-04-28T06:09:46.527+0000] {processor.py:153} INFO - Started process (PID=15897) to work on /home/airflow/.local/lib/python3.7/site-packages/airflow/example_dags/example_subdag_operator.py
[2023-04-28T06:09:46.528+0000] {processor.py:743} INFO - Processing file /home/airflow/.local/lib/python3.7/site-packages/airflow/example_dags/example_subdag_operator.py for tasks to queue
[2023-04-28T06:09:46.529+0000] {logging_mixin.py:137} INFO - [2023-04-28T06:09:46.529+0000] {dagbag.py:538} INFO - Filling up the DagBag from /home/airflow/.local/lib/python3.7/site-packages/airflow/example_dags/example_subdag_operator.py
[2023-04-28T06:09:46.560+0000] {processor.py:753} INFO - DAG(s) dict_keys(['example_subdag_operator.section-1', 'example_subdag_operator.section-2', 'example_subdag_operator']) retrieved from /home/airflow/.local/lib/python3.7/site-packages/airflow/example_dags/example_subdag_operator.py
[2023-04-28T06:09:46.572+0000] {logging_mixin.py:137} INFO - [2023-04-28T06:09:46.572+0000] {dag.py:2690} INFO - Sync 3 DAGs
[2023-04-28T06:09:46.590+0000] {logging_mixin.py:137} INFO - [2023-04-28T06:09:46.590+0000] {dag.py:3441} INFO - Setting next_dagrun for example_subdag_operator to 2022-01-01T00:00:00+00:00, run_after=2022-01-01T00:00:00+00:00
[2023-04-28T06:09:46.593+0000] {logging_mixin.py:137} INFO - [2023-04-28T06:09:46.593+0000] {dag.py:3441} INFO - Setting next_dagrun for example_subdag_operator.section-1 to None, run_after=None
[2023-04-28T06:09:46.594+0000] {logging_mixin.py:137} INFO - [2023-04-28T06:09:46.594+0000] {dag.py:3441} INFO - Setting next_dagrun for example_subdag_operator.section-2 to None, run_after=None
[2023-04-28T06:09:46.600+0000] {logging_mixin.py:137} INFO - [2023-04-28T06:09:46.600+0000] {dag.py:2690} INFO - Sync 2 DAGs
[2023-04-28T06:09:46.603+0000] {logging_mixin.py:137} INFO - [2023-04-28T06:09:46.603+0000] {dag.py:3441} INFO - Setting next_dagrun for example_subdag_operator.section-1 to None, run_after=None
[2023-04-28T06:09:46.604+0000] {logging_mixin.py:137} INFO - [2023-04-28T06:09:46.604+0000] {dag.py:3441} INFO - Setting next_dagrun for example_subdag_operator.section-2 to None, run_after=None
[2023-04-28T06:09:46.611+0000] {processor.py:175} INFO - Processing /home/airflow/.local/lib/python3.7/site-packages/airflow/example_dags/example_subdag_operator.py took 0.087 seconds
[2023-04-28T06:10:16.846+0000] {processor.py:153} INFO - Started process (PID=15962) to work on /home/airflow/.local/lib/python3.7/site-packages/airflow/example_dags/example_subdag_operator.py
[2023-04-28T06:10:16.847+0000] {processor.py:743} INFO - Processing file /home/airflow/.local/lib/python3.7/site-packages/airflow/example_dags/example_subdag_operator.py for tasks to queue
[2023-04-28T06:10:16.849+0000] {logging_mixin.py:137} INFO - [2023-04-28T06:10:16.849+0000] {dagbag.py:538} INFO - Filling up the DagBag from /home/airflow/.local/lib/python3.7/site-packages/airflow/example_dags/example_subdag_operator.py
[2023-04-28T06:10:16.874+0000] {processor.py:753} INFO - DAG(s) dict_keys(['example_subdag_operator.section-1', 'example_subdag_operator.section-2', 'example_subdag_operator']) retrieved from /home/airflow/.local/lib/python3.7/site-packages/airflow/example_dags/example_subdag_operator.py
[2023-04-28T06:10:16.888+0000] {logging_mixin.py:137} INFO - [2023-04-28T06:10:16.888+0000] {dag.py:2690} INFO - Sync 3 DAGs
[2023-04-28T06:10:16.903+0000] {logging_mixin.py:137} INFO - [2023-04-28T06:10:16.903+0000] {dag.py:3441} INFO - Setting next_dagrun for example_subdag_operator to 2022-01-01T00:00:00+00:00, run_after=2022-01-01T00:00:00+00:00
[2023-04-28T06:10:16.905+0000] {logging_mixin.py:137} INFO - [2023-04-28T06:10:16.905+0000] {dag.py:3441} INFO - Setting next_dagrun for example_subdag_operator.section-1 to None, run_after=None
[2023-04-28T06:10:16.906+0000] {logging_mixin.py:137} INFO - [2023-04-28T06:10:16.906+0000] {dag.py:3441} INFO - Setting next_dagrun for example_subdag_operator.section-2 to None, run_after=None
[2023-04-28T06:10:16.911+0000] {logging_mixin.py:137} INFO - [2023-04-28T06:10:16.911+0000] {dag.py:2690} INFO - Sync 2 DAGs
[2023-04-28T06:10:16.914+0000] {logging_mixin.py:137} INFO - [2023-04-28T06:10:16.914+0000] {dag.py:3441} INFO - Setting next_dagrun for example_subdag_operator.section-1 to None, run_after=None
[2023-04-28T06:10:16.915+0000] {logging_mixin.py:137} INFO - [2023-04-28T06:10:16.915+0000] {dag.py:3441} INFO - Setting next_dagrun for example_subdag_operator.section-2 to None, run_after=None
[2023-04-28T06:10:16.921+0000] {processor.py:175} INFO - Processing /home/airflow/.local/lib/python3.7/site-packages/airflow/example_dags/example_subdag_operator.py took 0.079 seconds
[2023-04-28T06:10:47.223+0000] {processor.py:153} INFO - Started process (PID=16040) to work on /home/airflow/.local/lib/python3.7/site-packages/airflow/example_dags/example_subdag_operator.py
[2023-04-28T06:10:47.224+0000] {processor.py:743} INFO - Processing file /home/airflow/.local/lib/python3.7/site-packages/airflow/example_dags/example_subdag_operator.py for tasks to queue
[2023-04-28T06:10:47.224+0000] {logging_mixin.py:137} INFO - [2023-04-28T06:10:47.224+0000] {dagbag.py:538} INFO - Filling up the DagBag from /home/airflow/.local/lib/python3.7/site-packages/airflow/example_dags/example_subdag_operator.py
[2023-04-28T06:10:47.249+0000] {processor.py:753} INFO - DAG(s) dict_keys(['example_subdag_operator.section-1', 'example_subdag_operator.section-2', 'example_subdag_operator']) retrieved from /home/airflow/.local/lib/python3.7/site-packages/airflow/example_dags/example_subdag_operator.py
[2023-04-28T06:10:47.262+0000] {logging_mixin.py:137} INFO - [2023-04-28T06:10:47.262+0000] {dag.py:2690} INFO - Sync 3 DAGs
[2023-04-28T06:10:47.277+0000] {logging_mixin.py:137} INFO - [2023-04-28T06:10:47.277+0000] {dag.py:3441} INFO - Setting next_dagrun for example_subdag_operator to 2022-01-01T00:00:00+00:00, run_after=2022-01-01T00:00:00+00:00
[2023-04-28T06:10:47.280+0000] {logging_mixin.py:137} INFO - [2023-04-28T06:10:47.279+0000] {dag.py:3441} INFO - Setting next_dagrun for example_subdag_operator.section-1 to None, run_after=None
[2023-04-28T06:10:47.281+0000] {logging_mixin.py:137} INFO - [2023-04-28T06:10:47.281+0000] {dag.py:3441} INFO - Setting next_dagrun for example_subdag_operator.section-2 to None, run_after=None
[2023-04-28T06:10:47.285+0000] {logging_mixin.py:137} INFO - [2023-04-28T06:10:47.285+0000] {dag.py:2690} INFO - Sync 2 DAGs
[2023-04-28T06:10:47.289+0000] {logging_mixin.py:137} INFO - [2023-04-28T06:10:47.289+0000] {dag.py:3441} INFO - Setting next_dagrun for example_subdag_operator.section-1 to None, run_after=None
[2023-04-28T06:10:47.290+0000] {logging_mixin.py:137} INFO - [2023-04-28T06:10:47.290+0000] {dag.py:3441} INFO - Setting next_dagrun for example_subdag_operator.section-2 to None, run_after=None
[2023-04-28T06:10:47.296+0000] {processor.py:175} INFO - Processing /home/airflow/.local/lib/python3.7/site-packages/airflow/example_dags/example_subdag_operator.py took 0.077 seconds
[2023-04-28T06:11:17.857+0000] {processor.py:153} INFO - Started process (PID=16118) to work on /home/airflow/.local/lib/python3.7/site-packages/airflow/example_dags/example_subdag_operator.py
[2023-04-28T06:11:17.858+0000] {processor.py:743} INFO - Processing file /home/airflow/.local/lib/python3.7/site-packages/airflow/example_dags/example_subdag_operator.py for tasks to queue
[2023-04-28T06:11:17.859+0000] {logging_mixin.py:137} INFO - [2023-04-28T06:11:17.859+0000] {dagbag.py:538} INFO - Filling up the DagBag from /home/airflow/.local/lib/python3.7/site-packages/airflow/example_dags/example_subdag_operator.py
[2023-04-28T06:11:17.886+0000] {processor.py:753} INFO - DAG(s) dict_keys(['example_subdag_operator.section-1', 'example_subdag_operator.section-2', 'example_subdag_operator']) retrieved from /home/airflow/.local/lib/python3.7/site-packages/airflow/example_dags/example_subdag_operator.py
[2023-04-28T06:11:17.898+0000] {logging_mixin.py:137} INFO - [2023-04-28T06:11:17.898+0000] {dag.py:2690} INFO - Sync 3 DAGs
[2023-04-28T06:11:17.913+0000] {logging_mixin.py:137} INFO - [2023-04-28T06:11:17.913+0000] {dag.py:3441} INFO - Setting next_dagrun for example_subdag_operator to 2022-01-01T00:00:00+00:00, run_after=2022-01-01T00:00:00+00:00
[2023-04-28T06:11:17.917+0000] {logging_mixin.py:137} INFO - [2023-04-28T06:11:17.917+0000] {dag.py:3441} INFO - Setting next_dagrun for example_subdag_operator.section-1 to None, run_after=None
[2023-04-28T06:11:17.918+0000] {logging_mixin.py:137} INFO - [2023-04-28T06:11:17.918+0000] {dag.py:3441} INFO - Setting next_dagrun for example_subdag_operator.section-2 to None, run_after=None
[2023-04-28T06:11:17.923+0000] {logging_mixin.py:137} INFO - [2023-04-28T06:11:17.922+0000] {dag.py:2690} INFO - Sync 2 DAGs
[2023-04-28T06:11:17.926+0000] {logging_mixin.py:137} INFO - [2023-04-28T06:11:17.926+0000] {dag.py:3441} INFO - Setting next_dagrun for example_subdag_operator.section-1 to None, run_after=None
[2023-04-28T06:11:17.927+0000] {logging_mixin.py:137} INFO - [2023-04-28T06:11:17.927+0000] {dag.py:3441} INFO - Setting next_dagrun for example_subdag_operator.section-2 to None, run_after=None
[2023-04-28T06:11:17.933+0000] {processor.py:175} INFO - Processing /home/airflow/.local/lib/python3.7/site-packages/airflow/example_dags/example_subdag_operator.py took 0.079 seconds
[2023-04-28T06:11:48.175+0000] {processor.py:153} INFO - Started process (PID=16184) to work on /home/airflow/.local/lib/python3.7/site-packages/airflow/example_dags/example_subdag_operator.py
[2023-04-28T06:11:48.177+0000] {processor.py:743} INFO - Processing file /home/airflow/.local/lib/python3.7/site-packages/airflow/example_dags/example_subdag_operator.py for tasks to queue
[2023-04-28T06:11:48.178+0000] {logging_mixin.py:137} INFO - [2023-04-28T06:11:48.178+0000] {dagbag.py:538} INFO - Filling up the DagBag from /home/airflow/.local/lib/python3.7/site-packages/airflow/example_dags/example_subdag_operator.py
[2023-04-28T06:11:48.204+0000] {processor.py:753} INFO - DAG(s) dict_keys(['example_subdag_operator.section-1', 'example_subdag_operator.section-2', 'example_subdag_operator']) retrieved from /home/airflow/.local/lib/python3.7/site-packages/airflow/example_dags/example_subdag_operator.py
[2023-04-28T06:11:48.217+0000] {logging_mixin.py:137} INFO - [2023-04-28T06:11:48.216+0000] {dag.py:2690} INFO - Sync 3 DAGs
[2023-04-28T06:11:48.234+0000] {logging_mixin.py:137} INFO - [2023-04-28T06:11:48.234+0000] {dag.py:3441} INFO - Setting next_dagrun for example_subdag_operator to 2022-01-01T00:00:00+00:00, run_after=2022-01-01T00:00:00+00:00
[2023-04-28T06:11:48.237+0000] {logging_mixin.py:137} INFO - [2023-04-28T06:11:48.237+0000] {dag.py:3441} INFO - Setting next_dagrun for example_subdag_operator.section-1 to None, run_after=None
[2023-04-28T06:11:48.238+0000] {logging_mixin.py:137} INFO - [2023-04-28T06:11:48.238+0000] {dag.py:3441} INFO - Setting next_dagrun for example_subdag_operator.section-2 to None, run_after=None
[2023-04-28T06:11:48.244+0000] {logging_mixin.py:137} INFO - [2023-04-28T06:11:48.244+0000] {dag.py:2690} INFO - Sync 2 DAGs
[2023-04-28T06:11:48.247+0000] {logging_mixin.py:137} INFO - [2023-04-28T06:11:48.247+0000] {dag.py:3441} INFO - Setting next_dagrun for example_subdag_operator.section-1 to None, run_after=None
[2023-04-28T06:11:48.248+0000] {logging_mixin.py:137} INFO - [2023-04-28T06:11:48.248+0000] {dag.py:3441} INFO - Setting next_dagrun for example_subdag_operator.section-2 to None, run_after=None
[2023-04-28T06:11:48.255+0000] {processor.py:175} INFO - Processing /home/airflow/.local/lib/python3.7/site-packages/airflow/example_dags/example_subdag_operator.py took 0.083 seconds
[2023-04-28T06:12:18.902+0000] {processor.py:153} INFO - Started process (PID=16262) to work on /home/airflow/.local/lib/python3.7/site-packages/airflow/example_dags/example_subdag_operator.py
[2023-04-28T06:12:18.904+0000] {processor.py:743} INFO - Processing file /home/airflow/.local/lib/python3.7/site-packages/airflow/example_dags/example_subdag_operator.py for tasks to queue
[2023-04-28T06:12:18.904+0000] {logging_mixin.py:137} INFO - [2023-04-28T06:12:18.904+0000] {dagbag.py:538} INFO - Filling up the DagBag from /home/airflow/.local/lib/python3.7/site-packages/airflow/example_dags/example_subdag_operator.py
[2023-04-28T06:12:18.930+0000] {processor.py:753} INFO - DAG(s) dict_keys(['example_subdag_operator.section-1', 'example_subdag_operator.section-2', 'example_subdag_operator']) retrieved from /home/airflow/.local/lib/python3.7/site-packages/airflow/example_dags/example_subdag_operator.py
[2023-04-28T06:12:18.942+0000] {logging_mixin.py:137} INFO - [2023-04-28T06:12:18.942+0000] {dag.py:2690} INFO - Sync 3 DAGs
[2023-04-28T06:12:18.957+0000] {logging_mixin.py:137} INFO - [2023-04-28T06:12:18.957+0000] {dag.py:3441} INFO - Setting next_dagrun for example_subdag_operator to 2022-01-01T00:00:00+00:00, run_after=2022-01-01T00:00:00+00:00
[2023-04-28T06:12:18.960+0000] {logging_mixin.py:137} INFO - [2023-04-28T06:12:18.960+0000] {dag.py:3441} INFO - Setting next_dagrun for example_subdag_operator.section-1 to None, run_after=None
[2023-04-28T06:12:18.961+0000] {logging_mixin.py:137} INFO - [2023-04-28T06:12:18.961+0000] {dag.py:3441} INFO - Setting next_dagrun for example_subdag_operator.section-2 to None, run_after=None
[2023-04-28T06:12:18.966+0000] {logging_mixin.py:137} INFO - [2023-04-28T06:12:18.966+0000] {dag.py:2690} INFO - Sync 2 DAGs
[2023-04-28T06:12:18.969+0000] {logging_mixin.py:137} INFO - [2023-04-28T06:12:18.969+0000] {dag.py:3441} INFO - Setting next_dagrun for example_subdag_operator.section-1 to None, run_after=None
[2023-04-28T06:12:18.970+0000] {logging_mixin.py:137} INFO - [2023-04-28T06:12:18.970+0000] {dag.py:3441} INFO - Setting next_dagrun for example_subdag_operator.section-2 to None, run_after=None
[2023-04-28T06:12:18.976+0000] {processor.py:175} INFO - Processing /home/airflow/.local/lib/python3.7/site-packages/airflow/example_dags/example_subdag_operator.py took 0.077 seconds
[2023-04-28T06:12:49.574+0000] {processor.py:153} INFO - Started process (PID=16339) to work on /home/airflow/.local/lib/python3.7/site-packages/airflow/example_dags/example_subdag_operator.py
[2023-04-28T06:12:49.576+0000] {processor.py:743} INFO - Processing file /home/airflow/.local/lib/python3.7/site-packages/airflow/example_dags/example_subdag_operator.py for tasks to queue
[2023-04-28T06:12:49.576+0000] {logging_mixin.py:137} INFO - [2023-04-28T06:12:49.576+0000] {dagbag.py:538} INFO - Filling up the DagBag from /home/airflow/.local/lib/python3.7/site-packages/airflow/example_dags/example_subdag_operator.py
[2023-04-28T06:12:49.602+0000] {processor.py:753} INFO - DAG(s) dict_keys(['example_subdag_operator.section-1', 'example_subdag_operator.section-2', 'example_subdag_operator']) retrieved from /home/airflow/.local/lib/python3.7/site-packages/airflow/example_dags/example_subdag_operator.py
[2023-04-28T06:12:49.614+0000] {logging_mixin.py:137} INFO - [2023-04-28T06:12:49.614+0000] {dag.py:2690} INFO - Sync 3 DAGs
[2023-04-28T06:12:49.629+0000] {logging_mixin.py:137} INFO - [2023-04-28T06:12:49.629+0000] {dag.py:3441} INFO - Setting next_dagrun for example_subdag_operator to 2022-01-01T00:00:00+00:00, run_after=2022-01-01T00:00:00+00:00
[2023-04-28T06:12:49.632+0000] {logging_mixin.py:137} INFO - [2023-04-28T06:12:49.632+0000] {dag.py:3441} INFO - Setting next_dagrun for example_subdag_operator.section-1 to None, run_after=None
[2023-04-28T06:12:49.633+0000] {logging_mixin.py:137} INFO - [2023-04-28T06:12:49.633+0000] {dag.py:3441} INFO - Setting next_dagrun for example_subdag_operator.section-2 to None, run_after=None
[2023-04-28T06:12:49.637+0000] {logging_mixin.py:137} INFO - [2023-04-28T06:12:49.637+0000] {dag.py:2690} INFO - Sync 2 DAGs
[2023-04-28T06:12:49.641+0000] {logging_mixin.py:137} INFO - [2023-04-28T06:12:49.641+0000] {dag.py:3441} INFO - Setting next_dagrun for example_subdag_operator.section-1 to None, run_after=None
[2023-04-28T06:12:49.642+0000] {logging_mixin.py:137} INFO - [2023-04-28T06:12:49.642+0000] {dag.py:3441} INFO - Setting next_dagrun for example_subdag_operator.section-2 to None, run_after=None
[2023-04-28T06:12:49.648+0000] {processor.py:175} INFO - Processing /home/airflow/.local/lib/python3.7/site-packages/airflow/example_dags/example_subdag_operator.py took 0.077 seconds
[2023-04-28T06:13:20.116+0000] {processor.py:153} INFO - Started process (PID=16406) to work on /home/airflow/.local/lib/python3.7/site-packages/airflow/example_dags/example_subdag_operator.py
[2023-04-28T06:13:20.117+0000] {processor.py:743} INFO - Processing file /home/airflow/.local/lib/python3.7/site-packages/airflow/example_dags/example_subdag_operator.py for tasks to queue
[2023-04-28T06:13:20.118+0000] {logging_mixin.py:137} INFO - [2023-04-28T06:13:20.118+0000] {dagbag.py:538} INFO - Filling up the DagBag from /home/airflow/.local/lib/python3.7/site-packages/airflow/example_dags/example_subdag_operator.py
[2023-04-28T06:13:20.143+0000] {processor.py:753} INFO - DAG(s) dict_keys(['example_subdag_operator.section-1', 'example_subdag_operator.section-2', 'example_subdag_operator']) retrieved from /home/airflow/.local/lib/python3.7/site-packages/airflow/example_dags/example_subdag_operator.py
[2023-04-28T06:13:20.155+0000] {logging_mixin.py:137} INFO - [2023-04-28T06:13:20.154+0000] {dag.py:2690} INFO - Sync 3 DAGs
[2023-04-28T06:13:20.170+0000] {logging_mixin.py:137} INFO - [2023-04-28T06:13:20.170+0000] {dag.py:3441} INFO - Setting next_dagrun for example_subdag_operator to 2022-01-01T00:00:00+00:00, run_after=2022-01-01T00:00:00+00:00
[2023-04-28T06:13:20.173+0000] {logging_mixin.py:137} INFO - [2023-04-28T06:13:20.173+0000] {dag.py:3441} INFO - Setting next_dagrun for example_subdag_operator.section-1 to None, run_after=None
[2023-04-28T06:13:20.174+0000] {logging_mixin.py:137} INFO - [2023-04-28T06:13:20.174+0000] {dag.py:3441} INFO - Setting next_dagrun for example_subdag_operator.section-2 to None, run_after=None
[2023-04-28T06:13:20.178+0000] {logging_mixin.py:137} INFO - [2023-04-28T06:13:20.178+0000] {dag.py:2690} INFO - Sync 2 DAGs
[2023-04-28T06:13:20.182+0000] {logging_mixin.py:137} INFO - [2023-04-28T06:13:20.182+0000] {dag.py:3441} INFO - Setting next_dagrun for example_subdag_operator.section-1 to None, run_after=None
[2023-04-28T06:13:20.183+0000] {logging_mixin.py:137} INFO - [2023-04-28T06:13:20.183+0000] {dag.py:3441} INFO - Setting next_dagrun for example_subdag_operator.section-2 to None, run_after=None
[2023-04-28T06:13:20.190+0000] {processor.py:175} INFO - Processing /home/airflow/.local/lib/python3.7/site-packages/airflow/example_dags/example_subdag_operator.py took 0.077 seconds
[2023-04-28T06:13:50.392+0000] {processor.py:153} INFO - Started process (PID=16484) to work on /home/airflow/.local/lib/python3.7/site-packages/airflow/example_dags/example_subdag_operator.py
[2023-04-28T06:13:50.393+0000] {processor.py:743} INFO - Processing file /home/airflow/.local/lib/python3.7/site-packages/airflow/example_dags/example_subdag_operator.py for tasks to queue
[2023-04-28T06:13:50.394+0000] {logging_mixin.py:137} INFO - [2023-04-28T06:13:50.394+0000] {dagbag.py:538} INFO - Filling up the DagBag from /home/airflow/.local/lib/python3.7/site-packages/airflow/example_dags/example_subdag_operator.py
[2023-04-28T06:13:50.418+0000] {processor.py:753} INFO - DAG(s) dict_keys(['example_subdag_operator.section-1', 'example_subdag_operator.section-2', 'example_subdag_operator']) retrieved from /home/airflow/.local/lib/python3.7/site-packages/airflow/example_dags/example_subdag_operator.py
[2023-04-28T06:13:50.430+0000] {logging_mixin.py:137} INFO - [2023-04-28T06:13:50.430+0000] {dag.py:2690} INFO - Sync 3 DAGs
[2023-04-28T06:13:50.444+0000] {logging_mixin.py:137} INFO - [2023-04-28T06:13:50.444+0000] {dag.py:3441} INFO - Setting next_dagrun for example_subdag_operator to 2022-01-01T00:00:00+00:00, run_after=2022-01-01T00:00:00+00:00
[2023-04-28T06:13:50.446+0000] {logging_mixin.py:137} INFO - [2023-04-28T06:13:50.446+0000] {dag.py:3441} INFO - Setting next_dagrun for example_subdag_operator.section-1 to None, run_after=None
[2023-04-28T06:13:50.447+0000] {logging_mixin.py:137} INFO - [2023-04-28T06:13:50.447+0000] {dag.py:3441} INFO - Setting next_dagrun for example_subdag_operator.section-2 to None, run_after=None
[2023-04-28T06:13:50.451+0000] {logging_mixin.py:137} INFO - [2023-04-28T06:13:50.451+0000] {dag.py:2690} INFO - Sync 2 DAGs
[2023-04-28T06:13:50.454+0000] {logging_mixin.py:137} INFO - [2023-04-28T06:13:50.454+0000] {dag.py:3441} INFO - Setting next_dagrun for example_subdag_operator.section-1 to None, run_after=None
[2023-04-28T06:13:50.455+0000] {logging_mixin.py:137} INFO - [2023-04-28T06:13:50.455+0000] {dag.py:3441} INFO - Setting next_dagrun for example_subdag_operator.section-2 to None, run_after=None
[2023-04-28T06:13:50.461+0000] {processor.py:175} INFO - Processing /home/airflow/.local/lib/python3.7/site-packages/airflow/example_dags/example_subdag_operator.py took 0.072 seconds
[2023-04-28T06:14:20.827+0000] {processor.py:153} INFO - Started process (PID=16562) to work on /home/airflow/.local/lib/python3.7/site-packages/airflow/example_dags/example_subdag_operator.py
[2023-04-28T06:14:20.829+0000] {processor.py:743} INFO - Processing file /home/airflow/.local/lib/python3.7/site-packages/airflow/example_dags/example_subdag_operator.py for tasks to queue
[2023-04-28T06:14:20.829+0000] {logging_mixin.py:137} INFO - [2023-04-28T06:14:20.829+0000] {dagbag.py:538} INFO - Filling up the DagBag from /home/airflow/.local/lib/python3.7/site-packages/airflow/example_dags/example_subdag_operator.py
[2023-04-28T06:14:20.855+0000] {processor.py:753} INFO - DAG(s) dict_keys(['example_subdag_operator.section-1', 'example_subdag_operator.section-2', 'example_subdag_operator']) retrieved from /home/airflow/.local/lib/python3.7/site-packages/airflow/example_dags/example_subdag_operator.py
[2023-04-28T06:14:20.867+0000] {logging_mixin.py:137} INFO - [2023-04-28T06:14:20.867+0000] {dag.py:2690} INFO - Sync 3 DAGs
[2023-04-28T06:14:20.882+0000] {logging_mixin.py:137} INFO - [2023-04-28T06:14:20.882+0000] {dag.py:3441} INFO - Setting next_dagrun for example_subdag_operator to 2022-01-01T00:00:00+00:00, run_after=2022-01-01T00:00:00+00:00
[2023-04-28T06:14:20.885+0000] {logging_mixin.py:137} INFO - [2023-04-28T06:14:20.885+0000] {dag.py:3441} INFO - Setting next_dagrun for example_subdag_operator.section-1 to None, run_after=None
[2023-04-28T06:14:20.886+0000] {logging_mixin.py:137} INFO - [2023-04-28T06:14:20.886+0000] {dag.py:3441} INFO - Setting next_dagrun for example_subdag_operator.section-2 to None, run_after=None
[2023-04-28T06:14:20.890+0000] {logging_mixin.py:137} INFO - [2023-04-28T06:14:20.890+0000] {dag.py:2690} INFO - Sync 2 DAGs
[2023-04-28T06:14:20.894+0000] {logging_mixin.py:137} INFO - [2023-04-28T06:14:20.894+0000] {dag.py:3441} INFO - Setting next_dagrun for example_subdag_operator.section-1 to None, run_after=None
[2023-04-28T06:14:20.894+0000] {logging_mixin.py:137} INFO - [2023-04-28T06:14:20.894+0000] {dag.py:3441} INFO - Setting next_dagrun for example_subdag_operator.section-2 to None, run_after=None
[2023-04-28T06:14:20.901+0000] {processor.py:175} INFO - Processing /home/airflow/.local/lib/python3.7/site-packages/airflow/example_dags/example_subdag_operator.py took 0.076 seconds
[2023-04-28T06:14:51.172+0000] {processor.py:153} INFO - Started process (PID=16627) to work on /home/airflow/.local/lib/python3.7/site-packages/airflow/example_dags/example_subdag_operator.py
[2023-04-28T06:14:51.173+0000] {processor.py:743} INFO - Processing file /home/airflow/.local/lib/python3.7/site-packages/airflow/example_dags/example_subdag_operator.py for tasks to queue
[2023-04-28T06:14:51.174+0000] {logging_mixin.py:137} INFO - [2023-04-28T06:14:51.174+0000] {dagbag.py:538} INFO - Filling up the DagBag from /home/airflow/.local/lib/python3.7/site-packages/airflow/example_dags/example_subdag_operator.py
[2023-04-28T06:14:51.198+0000] {processor.py:753} INFO - DAG(s) dict_keys(['example_subdag_operator.section-1', 'example_subdag_operator.section-2', 'example_subdag_operator']) retrieved from /home/airflow/.local/lib/python3.7/site-packages/airflow/example_dags/example_subdag_operator.py
[2023-04-28T06:14:51.209+0000] {logging_mixin.py:137} INFO - [2023-04-28T06:14:51.209+0000] {dag.py:2690} INFO - Sync 3 DAGs
[2023-04-28T06:14:51.223+0000] {logging_mixin.py:137} INFO - [2023-04-28T06:14:51.223+0000] {dag.py:3441} INFO - Setting next_dagrun for example_subdag_operator to 2022-01-01T00:00:00+00:00, run_after=2022-01-01T00:00:00+00:00
[2023-04-28T06:14:51.226+0000] {logging_mixin.py:137} INFO - [2023-04-28T06:14:51.226+0000] {dag.py:3441} INFO - Setting next_dagrun for example_subdag_operator.section-1 to None, run_after=None
[2023-04-28T06:14:51.227+0000] {logging_mixin.py:137} INFO - [2023-04-28T06:14:51.227+0000] {dag.py:3441} INFO - Setting next_dagrun for example_subdag_operator.section-2 to None, run_after=None
[2023-04-28T06:14:51.232+0000] {logging_mixin.py:137} INFO - [2023-04-28T06:14:51.232+0000] {dag.py:2690} INFO - Sync 2 DAGs
[2023-04-28T06:14:51.235+0000] {logging_mixin.py:137} INFO - [2023-04-28T06:14:51.235+0000] {dag.py:3441} INFO - Setting next_dagrun for example_subdag_operator.section-1 to None, run_after=None
[2023-04-28T06:14:51.235+0000] {logging_mixin.py:137} INFO - [2023-04-28T06:14:51.235+0000] {dag.py:3441} INFO - Setting next_dagrun for example_subdag_operator.section-2 to None, run_after=None
[2023-04-28T06:14:51.242+0000] {processor.py:175} INFO - Processing /home/airflow/.local/lib/python3.7/site-packages/airflow/example_dags/example_subdag_operator.py took 0.073 seconds
[2023-04-28T06:15:21.724+0000] {processor.py:153} INFO - Started process (PID=16705) to work on /home/airflow/.local/lib/python3.7/site-packages/airflow/example_dags/example_subdag_operator.py
[2023-04-28T06:15:21.725+0000] {processor.py:743} INFO - Processing file /home/airflow/.local/lib/python3.7/site-packages/airflow/example_dags/example_subdag_operator.py for tasks to queue
[2023-04-28T06:15:21.726+0000] {logging_mixin.py:137} INFO - [2023-04-28T06:15:21.726+0000] {dagbag.py:538} INFO - Filling up the DagBag from /home/airflow/.local/lib/python3.7/site-packages/airflow/example_dags/example_subdag_operator.py
[2023-04-28T06:15:21.751+0000] {processor.py:753} INFO - DAG(s) dict_keys(['example_subdag_operator.section-1', 'example_subdag_operator.section-2', 'example_subdag_operator']) retrieved from /home/airflow/.local/lib/python3.7/site-packages/airflow/example_dags/example_subdag_operator.py
[2023-04-28T06:15:21.763+0000] {logging_mixin.py:137} INFO - [2023-04-28T06:15:21.762+0000] {dag.py:2690} INFO - Sync 3 DAGs
[2023-04-28T06:15:21.778+0000] {logging_mixin.py:137} INFO - [2023-04-28T06:15:21.778+0000] {dag.py:3441} INFO - Setting next_dagrun for example_subdag_operator to 2022-01-01T00:00:00+00:00, run_after=2022-01-01T00:00:00+00:00
[2023-04-28T06:15:21.781+0000] {logging_mixin.py:137} INFO - [2023-04-28T06:15:21.780+0000] {dag.py:3441} INFO - Setting next_dagrun for example_subdag_operator.section-1 to None, run_after=None
[2023-04-28T06:15:21.782+0000] {logging_mixin.py:137} INFO - [2023-04-28T06:15:21.782+0000] {dag.py:3441} INFO - Setting next_dagrun for example_subdag_operator.section-2 to None, run_after=None
[2023-04-28T06:15:21.787+0000] {logging_mixin.py:137} INFO - [2023-04-28T06:15:21.787+0000] {dag.py:2690} INFO - Sync 2 DAGs
[2023-04-28T06:15:21.790+0000] {logging_mixin.py:137} INFO - [2023-04-28T06:15:21.790+0000] {dag.py:3441} INFO - Setting next_dagrun for example_subdag_operator.section-1 to None, run_after=None
[2023-04-28T06:15:21.791+0000] {logging_mixin.py:137} INFO - [2023-04-28T06:15:21.791+0000] {dag.py:3441} INFO - Setting next_dagrun for example_subdag_operator.section-2 to None, run_after=None
[2023-04-28T06:15:21.797+0000] {processor.py:175} INFO - Processing /home/airflow/.local/lib/python3.7/site-packages/airflow/example_dags/example_subdag_operator.py took 0.075 seconds
[2023-04-28T06:15:52.102+0000] {processor.py:153} INFO - Started process (PID=16782) to work on /home/airflow/.local/lib/python3.7/site-packages/airflow/example_dags/example_subdag_operator.py
[2023-04-28T06:15:52.103+0000] {processor.py:743} INFO - Processing file /home/airflow/.local/lib/python3.7/site-packages/airflow/example_dags/example_subdag_operator.py for tasks to queue
[2023-04-28T06:15:52.104+0000] {logging_mixin.py:137} INFO - [2023-04-28T06:15:52.104+0000] {dagbag.py:538} INFO - Filling up the DagBag from /home/airflow/.local/lib/python3.7/site-packages/airflow/example_dags/example_subdag_operator.py
[2023-04-28T06:15:52.129+0000] {processor.py:753} INFO - DAG(s) dict_keys(['example_subdag_operator.section-1', 'example_subdag_operator.section-2', 'example_subdag_operator']) retrieved from /home/airflow/.local/lib/python3.7/site-packages/airflow/example_dags/example_subdag_operator.py
[2023-04-28T06:15:52.141+0000] {logging_mixin.py:137} INFO - [2023-04-28T06:15:52.141+0000] {dag.py:2690} INFO - Sync 3 DAGs
[2023-04-28T06:15:52.156+0000] {logging_mixin.py:137} INFO - [2023-04-28T06:15:52.156+0000] {dag.py:3441} INFO - Setting next_dagrun for example_subdag_operator to 2022-01-01T00:00:00+00:00, run_after=2022-01-01T00:00:00+00:00
[2023-04-28T06:15:52.159+0000] {logging_mixin.py:137} INFO - [2023-04-28T06:15:52.159+0000] {dag.py:3441} INFO - Setting next_dagrun for example_subdag_operator.section-1 to None, run_after=None
[2023-04-28T06:15:52.160+0000] {logging_mixin.py:137} INFO - [2023-04-28T06:15:52.160+0000] {dag.py:3441} INFO - Setting next_dagrun for example_subdag_operator.section-2 to None, run_after=None
[2023-04-28T06:15:52.164+0000] {logging_mixin.py:137} INFO - [2023-04-28T06:15:52.164+0000] {dag.py:2690} INFO - Sync 2 DAGs
[2023-04-28T06:15:52.168+0000] {logging_mixin.py:137} INFO - [2023-04-28T06:15:52.168+0000] {dag.py:3441} INFO - Setting next_dagrun for example_subdag_operator.section-1 to None, run_after=None
[2023-04-28T06:15:52.168+0000] {logging_mixin.py:137} INFO - [2023-04-28T06:15:52.168+0000] {dag.py:3441} INFO - Setting next_dagrun for example_subdag_operator.section-2 to None, run_after=None
[2023-04-28T06:15:52.174+0000] {processor.py:175} INFO - Processing /home/airflow/.local/lib/python3.7/site-packages/airflow/example_dags/example_subdag_operator.py took 0.075 seconds
[2023-04-28T06:16:22.358+0000] {processor.py:153} INFO - Started process (PID=16847) to work on /home/airflow/.local/lib/python3.7/site-packages/airflow/example_dags/example_subdag_operator.py
[2023-04-28T06:16:22.359+0000] {processor.py:743} INFO - Processing file /home/airflow/.local/lib/python3.7/site-packages/airflow/example_dags/example_subdag_operator.py for tasks to queue
[2023-04-28T06:16:22.360+0000] {logging_mixin.py:137} INFO - [2023-04-28T06:16:22.360+0000] {dagbag.py:538} INFO - Filling up the DagBag from /home/airflow/.local/lib/python3.7/site-packages/airflow/example_dags/example_subdag_operator.py
[2023-04-28T06:16:22.389+0000] {processor.py:753} INFO - DAG(s) dict_keys(['example_subdag_operator.section-1', 'example_subdag_operator.section-2', 'example_subdag_operator']) retrieved from /home/airflow/.local/lib/python3.7/site-packages/airflow/example_dags/example_subdag_operator.py
[2023-04-28T06:16:22.401+0000] {logging_mixin.py:137} INFO - [2023-04-28T06:16:22.401+0000] {dag.py:2690} INFO - Sync 3 DAGs
[2023-04-28T06:16:22.416+0000] {logging_mixin.py:137} INFO - [2023-04-28T06:16:22.416+0000] {dag.py:3441} INFO - Setting next_dagrun for example_subdag_operator to 2022-01-01T00:00:00+00:00, run_after=2022-01-01T00:00:00+00:00
[2023-04-28T06:16:22.419+0000] {logging_mixin.py:137} INFO - [2023-04-28T06:16:22.418+0000] {dag.py:3441} INFO - Setting next_dagrun for example_subdag_operator.section-1 to None, run_after=None
[2023-04-28T06:16:22.420+0000] {logging_mixin.py:137} INFO - [2023-04-28T06:16:22.420+0000] {dag.py:3441} INFO - Setting next_dagrun for example_subdag_operator.section-2 to None, run_after=None
[2023-04-28T06:16:22.424+0000] {logging_mixin.py:137} INFO - [2023-04-28T06:16:22.424+0000] {dag.py:2690} INFO - Sync 2 DAGs
[2023-04-28T06:16:22.427+0000] {logging_mixin.py:137} INFO - [2023-04-28T06:16:22.427+0000] {dag.py:3441} INFO - Setting next_dagrun for example_subdag_operator.section-1 to None, run_after=None
[2023-04-28T06:16:22.428+0000] {logging_mixin.py:137} INFO - [2023-04-28T06:16:22.428+0000] {dag.py:3441} INFO - Setting next_dagrun for example_subdag_operator.section-2 to None, run_after=None
[2023-04-28T06:16:22.434+0000] {processor.py:175} INFO - Processing /home/airflow/.local/lib/python3.7/site-packages/airflow/example_dags/example_subdag_operator.py took 0.079 seconds
[2023-04-28T06:16:52.793+0000] {processor.py:153} INFO - Started process (PID=16925) to work on /home/airflow/.local/lib/python3.7/site-packages/airflow/example_dags/example_subdag_operator.py
[2023-04-28T06:16:52.795+0000] {processor.py:743} INFO - Processing file /home/airflow/.local/lib/python3.7/site-packages/airflow/example_dags/example_subdag_operator.py for tasks to queue
[2023-04-28T06:16:52.796+0000] {logging_mixin.py:137} INFO - [2023-04-28T06:16:52.796+0000] {dagbag.py:538} INFO - Filling up the DagBag from /home/airflow/.local/lib/python3.7/site-packages/airflow/example_dags/example_subdag_operator.py
[2023-04-28T06:16:52.823+0000] {processor.py:753} INFO - DAG(s) dict_keys(['example_subdag_operator.section-1', 'example_subdag_operator.section-2', 'example_subdag_operator']) retrieved from /home/airflow/.local/lib/python3.7/site-packages/airflow/example_dags/example_subdag_operator.py
[2023-04-28T06:16:52.836+0000] {logging_mixin.py:137} INFO - [2023-04-28T06:16:52.836+0000] {dag.py:2690} INFO - Sync 3 DAGs
[2023-04-28T06:16:52.854+0000] {logging_mixin.py:137} INFO - [2023-04-28T06:16:52.853+0000] {dag.py:3441} INFO - Setting next_dagrun for example_subdag_operator to 2022-01-01T00:00:00+00:00, run_after=2022-01-01T00:00:00+00:00
[2023-04-28T06:16:52.857+0000] {logging_mixin.py:137} INFO - [2023-04-28T06:16:52.856+0000] {dag.py:3441} INFO - Setting next_dagrun for example_subdag_operator.section-1 to None, run_after=None
[2023-04-28T06:16:52.858+0000] {logging_mixin.py:137} INFO - [2023-04-28T06:16:52.858+0000] {dag.py:3441} INFO - Setting next_dagrun for example_subdag_operator.section-2 to None, run_after=None
[2023-04-28T06:16:52.863+0000] {logging_mixin.py:137} INFO - [2023-04-28T06:16:52.863+0000] {dag.py:2690} INFO - Sync 2 DAGs
[2023-04-28T06:16:52.873+0000] {logging_mixin.py:137} INFO - [2023-04-28T06:16:52.872+0000] {dag.py:3441} INFO - Setting next_dagrun for example_subdag_operator.section-1 to None, run_after=None
[2023-04-28T06:16:52.874+0000] {logging_mixin.py:137} INFO - [2023-04-28T06:16:52.873+0000] {dag.py:3441} INFO - Setting next_dagrun for example_subdag_operator.section-2 to None, run_after=None
[2023-04-28T06:16:52.896+0000] {processor.py:175} INFO - Processing /home/airflow/.local/lib/python3.7/site-packages/airflow/example_dags/example_subdag_operator.py took 0.105 seconds
[2023-04-28T06:17:23.279+0000] {processor.py:153} INFO - Started process (PID=17003) to work on /home/airflow/.local/lib/python3.7/site-packages/airflow/example_dags/example_subdag_operator.py
[2023-04-28T06:17:23.280+0000] {processor.py:743} INFO - Processing file /home/airflow/.local/lib/python3.7/site-packages/airflow/example_dags/example_subdag_operator.py for tasks to queue
[2023-04-28T06:17:23.281+0000] {logging_mixin.py:137} INFO - [2023-04-28T06:17:23.281+0000] {dagbag.py:538} INFO - Filling up the DagBag from /home/airflow/.local/lib/python3.7/site-packages/airflow/example_dags/example_subdag_operator.py
[2023-04-28T06:17:23.305+0000] {processor.py:753} INFO - DAG(s) dict_keys(['example_subdag_operator.section-1', 'example_subdag_operator.section-2', 'example_subdag_operator']) retrieved from /home/airflow/.local/lib/python3.7/site-packages/airflow/example_dags/example_subdag_operator.py
[2023-04-28T06:17:23.321+0000] {logging_mixin.py:137} INFO - [2023-04-28T06:17:23.321+0000] {dag.py:2690} INFO - Sync 3 DAGs
[2023-04-28T06:17:23.337+0000] {logging_mixin.py:137} INFO - [2023-04-28T06:17:23.337+0000] {dag.py:3441} INFO - Setting next_dagrun for example_subdag_operator to 2022-01-01T00:00:00+00:00, run_after=2022-01-01T00:00:00+00:00
[2023-04-28T06:17:23.340+0000] {logging_mixin.py:137} INFO - [2023-04-28T06:17:23.339+0000] {dag.py:3441} INFO - Setting next_dagrun for example_subdag_operator.section-1 to None, run_after=None
[2023-04-28T06:17:23.341+0000] {logging_mixin.py:137} INFO - [2023-04-28T06:17:23.341+0000] {dag.py:3441} INFO - Setting next_dagrun for example_subdag_operator.section-2 to None, run_after=None
[2023-04-28T06:17:23.345+0000] {logging_mixin.py:137} INFO - [2023-04-28T06:17:23.345+0000] {dag.py:2690} INFO - Sync 2 DAGs
[2023-04-28T06:17:23.349+0000] {logging_mixin.py:137} INFO - [2023-04-28T06:17:23.349+0000] {dag.py:3441} INFO - Setting next_dagrun for example_subdag_operator.section-1 to None, run_after=None
[2023-04-28T06:17:23.350+0000] {logging_mixin.py:137} INFO - [2023-04-28T06:17:23.350+0000] {dag.py:3441} INFO - Setting next_dagrun for example_subdag_operator.section-2 to None, run_after=None
[2023-04-28T06:17:23.357+0000] {processor.py:175} INFO - Processing /home/airflow/.local/lib/python3.7/site-packages/airflow/example_dags/example_subdag_operator.py took 0.081 seconds
[2023-04-28T06:17:53.625+0000] {processor.py:153} INFO - Started process (PID=17069) to work on /home/airflow/.local/lib/python3.7/site-packages/airflow/example_dags/example_subdag_operator.py
[2023-04-28T06:17:53.626+0000] {processor.py:743} INFO - Processing file /home/airflow/.local/lib/python3.7/site-packages/airflow/example_dags/example_subdag_operator.py for tasks to queue
[2023-04-28T06:17:53.627+0000] {logging_mixin.py:137} INFO - [2023-04-28T06:17:53.627+0000] {dagbag.py:538} INFO - Filling up the DagBag from /home/airflow/.local/lib/python3.7/site-packages/airflow/example_dags/example_subdag_operator.py
[2023-04-28T06:17:53.653+0000] {processor.py:753} INFO - DAG(s) dict_keys(['example_subdag_operator.section-1', 'example_subdag_operator.section-2', 'example_subdag_operator']) retrieved from /home/airflow/.local/lib/python3.7/site-packages/airflow/example_dags/example_subdag_operator.py
[2023-04-28T06:17:53.664+0000] {logging_mixin.py:137} INFO - [2023-04-28T06:17:53.664+0000] {dag.py:2690} INFO - Sync 3 DAGs
[2023-04-28T06:17:53.680+0000] {logging_mixin.py:137} INFO - [2023-04-28T06:17:53.680+0000] {dag.py:3441} INFO - Setting next_dagrun for example_subdag_operator to 2022-01-01T00:00:00+00:00, run_after=2022-01-01T00:00:00+00:00
[2023-04-28T06:17:53.683+0000] {logging_mixin.py:137} INFO - [2023-04-28T06:17:53.683+0000] {dag.py:3441} INFO - Setting next_dagrun for example_subdag_operator.section-1 to None, run_after=None
[2023-04-28T06:17:53.684+0000] {logging_mixin.py:137} INFO - [2023-04-28T06:17:53.684+0000] {dag.py:3441} INFO - Setting next_dagrun for example_subdag_operator.section-2 to None, run_after=None
[2023-04-28T06:17:53.688+0000] {logging_mixin.py:137} INFO - [2023-04-28T06:17:53.688+0000] {dag.py:2690} INFO - Sync 2 DAGs
[2023-04-28T06:17:53.693+0000] {logging_mixin.py:137} INFO - [2023-04-28T06:17:53.692+0000] {dag.py:3441} INFO - Setting next_dagrun for example_subdag_operator.section-1 to None, run_after=None
[2023-04-28T06:17:53.693+0000] {logging_mixin.py:137} INFO - [2023-04-28T06:17:53.693+0000] {dag.py:3441} INFO - Setting next_dagrun for example_subdag_operator.section-2 to None, run_after=None
[2023-04-28T06:17:53.700+0000] {processor.py:175} INFO - Processing /home/airflow/.local/lib/python3.7/site-packages/airflow/example_dags/example_subdag_operator.py took 0.078 seconds
[2023-04-28T06:18:24.279+0000] {processor.py:153} INFO - Started process (PID=17147) to work on /home/airflow/.local/lib/python3.7/site-packages/airflow/example_dags/example_subdag_operator.py
[2023-04-28T06:18:24.280+0000] {processor.py:743} INFO - Processing file /home/airflow/.local/lib/python3.7/site-packages/airflow/example_dags/example_subdag_operator.py for tasks to queue
[2023-04-28T06:18:24.281+0000] {logging_mixin.py:137} INFO - [2023-04-28T06:18:24.281+0000] {dagbag.py:538} INFO - Filling up the DagBag from /home/airflow/.local/lib/python3.7/site-packages/airflow/example_dags/example_subdag_operator.py
[2023-04-28T06:18:24.306+0000] {processor.py:753} INFO - DAG(s) dict_keys(['example_subdag_operator.section-1', 'example_subdag_operator.section-2', 'example_subdag_operator']) retrieved from /home/airflow/.local/lib/python3.7/site-packages/airflow/example_dags/example_subdag_operator.py
[2023-04-28T06:18:24.317+0000] {logging_mixin.py:137} INFO - [2023-04-28T06:18:24.317+0000] {dag.py:2690} INFO - Sync 3 DAGs
[2023-04-28T06:18:24.331+0000] {logging_mixin.py:137} INFO - [2023-04-28T06:18:24.331+0000] {dag.py:3441} INFO - Setting next_dagrun for example_subdag_operator to 2022-01-01T00:00:00+00:00, run_after=2022-01-01T00:00:00+00:00
[2023-04-28T06:18:24.335+0000] {logging_mixin.py:137} INFO - [2023-04-28T06:18:24.334+0000] {dag.py:3441} INFO - Setting next_dagrun for example_subdag_operator.section-1 to None, run_after=None
[2023-04-28T06:18:24.336+0000] {logging_mixin.py:137} INFO - [2023-04-28T06:18:24.335+0000] {dag.py:3441} INFO - Setting next_dagrun for example_subdag_operator.section-2 to None, run_after=None
[2023-04-28T06:18:24.340+0000] {logging_mixin.py:137} INFO - [2023-04-28T06:18:24.340+0000] {dag.py:2690} INFO - Sync 2 DAGs
[2023-04-28T06:18:24.343+0000] {logging_mixin.py:137} INFO - [2023-04-28T06:18:24.343+0000] {dag.py:3441} INFO - Setting next_dagrun for example_subdag_operator.section-1 to None, run_after=None
[2023-04-28T06:18:24.343+0000] {logging_mixin.py:137} INFO - [2023-04-28T06:18:24.343+0000] {dag.py:3441} INFO - Setting next_dagrun for example_subdag_operator.section-2 to None, run_after=None
[2023-04-28T06:18:24.349+0000] {processor.py:175} INFO - Processing /home/airflow/.local/lib/python3.7/site-packages/airflow/example_dags/example_subdag_operator.py took 0.072 seconds
[2023-04-28T06:18:54.603+0000] {processor.py:153} INFO - Started process (PID=17225) to work on /home/airflow/.local/lib/python3.7/site-packages/airflow/example_dags/example_subdag_operator.py
[2023-04-28T06:18:54.604+0000] {processor.py:743} INFO - Processing file /home/airflow/.local/lib/python3.7/site-packages/airflow/example_dags/example_subdag_operator.py for tasks to queue
[2023-04-28T06:18:54.605+0000] {logging_mixin.py:137} INFO - [2023-04-28T06:18:54.605+0000] {dagbag.py:538} INFO - Filling up the DagBag from /home/airflow/.local/lib/python3.7/site-packages/airflow/example_dags/example_subdag_operator.py
[2023-04-28T06:18:54.628+0000] {processor.py:753} INFO - DAG(s) dict_keys(['example_subdag_operator.section-1', 'example_subdag_operator.section-2', 'example_subdag_operator']) retrieved from /home/airflow/.local/lib/python3.7/site-packages/airflow/example_dags/example_subdag_operator.py
[2023-04-28T06:18:54.640+0000] {logging_mixin.py:137} INFO - [2023-04-28T06:18:54.640+0000] {dag.py:2690} INFO - Sync 3 DAGs
[2023-04-28T06:18:54.654+0000] {logging_mixin.py:137} INFO - [2023-04-28T06:18:54.654+0000] {dag.py:3441} INFO - Setting next_dagrun for example_subdag_operator to 2022-01-01T00:00:00+00:00, run_after=2022-01-01T00:00:00+00:00
[2023-04-28T06:18:54.657+0000] {logging_mixin.py:137} INFO - [2023-04-28T06:18:54.657+0000] {dag.py:3441} INFO - Setting next_dagrun for example_subdag_operator.section-1 to None, run_after=None
[2023-04-28T06:18:54.658+0000] {logging_mixin.py:137} INFO - [2023-04-28T06:18:54.658+0000] {dag.py:3441} INFO - Setting next_dagrun for example_subdag_operator.section-2 to None, run_after=None
[2023-04-28T06:18:54.662+0000] {logging_mixin.py:137} INFO - [2023-04-28T06:18:54.662+0000] {dag.py:2690} INFO - Sync 2 DAGs
[2023-04-28T06:18:54.665+0000] {logging_mixin.py:137} INFO - [2023-04-28T06:18:54.665+0000] {dag.py:3441} INFO - Setting next_dagrun for example_subdag_operator.section-1 to None, run_after=None
[2023-04-28T06:18:54.666+0000] {logging_mixin.py:137} INFO - [2023-04-28T06:18:54.666+0000] {dag.py:3441} INFO - Setting next_dagrun for example_subdag_operator.section-2 to None, run_after=None
[2023-04-28T06:18:54.672+0000] {processor.py:175} INFO - Processing /home/airflow/.local/lib/python3.7/site-packages/airflow/example_dags/example_subdag_operator.py took 0.072 seconds
