[2023-04-28T00:36:30.841+0000] {processor.py:153} INFO - Started process (PID=14553) to work on /home/airflow/.local/lib/python3.7/site-packages/airflow/example_dags/example_branch_python_dop_operator_3.py
[2023-04-28T00:36:30.843+0000] {processor.py:743} INFO - Processing file /home/airflow/.local/lib/python3.7/site-packages/airflow/example_dags/example_branch_python_dop_operator_3.py for tasks to queue
[2023-04-28T00:36:30.844+0000] {logging_mixin.py:137} INFO - [2023-04-28T00:36:30.844+0000] {dagbag.py:538} INFO - Filling up the DagBag from /home/airflow/.local/lib/python3.7/site-packages/airflow/example_dags/example_branch_python_dop_operator_3.py
[2023-04-28T00:36:30.866+0000] {processor.py:753} INFO - DAG(s) dict_keys(['example_branch_dop_operator_v3']) retrieved from /home/airflow/.local/lib/python3.7/site-packages/airflow/example_dags/example_branch_python_dop_operator_3.py
[2023-04-28T00:36:30.907+0000] {logging_mixin.py:137} INFO - [2023-04-28T00:36:30.906+0000] {dag.py:2690} INFO - Sync 1 DAGs
[2023-04-28T00:36:30.943+0000] {logging_mixin.py:137} INFO - [2023-04-28T00:36:30.943+0000] {dag.py:3441} INFO - Setting next_dagrun for example_branch_dop_operator_v3 to 2023-04-28T00:35:00+00:00, run_after=2023-04-28T00:36:00+00:00
[2023-04-28T00:36:30.956+0000] {processor.py:175} INFO - Processing /home/airflow/.local/lib/python3.7/site-packages/airflow/example_dags/example_branch_python_dop_operator_3.py took 0.118 seconds
[2023-04-28T01:42:52.101+0000] {processor.py:153} INFO - Started process (PID=14619) to work on /home/airflow/.local/lib/python3.7/site-packages/airflow/example_dags/example_branch_python_dop_operator_3.py
[2023-04-28T01:42:52.103+0000] {processor.py:743} INFO - Processing file /home/airflow/.local/lib/python3.7/site-packages/airflow/example_dags/example_branch_python_dop_operator_3.py for tasks to queue
[2023-04-28T01:42:52.104+0000] {logging_mixin.py:137} INFO - [2023-04-28T01:42:52.104+0000] {dagbag.py:538} INFO - Filling up the DagBag from /home/airflow/.local/lib/python3.7/site-packages/airflow/example_dags/example_branch_python_dop_operator_3.py
[2023-04-28T01:42:52.130+0000] {processor.py:753} INFO - DAG(s) dict_keys(['example_branch_dop_operator_v3']) retrieved from /home/airflow/.local/lib/python3.7/site-packages/airflow/example_dags/example_branch_python_dop_operator_3.py
[2023-04-28T01:42:52.162+0000] {logging_mixin.py:137} INFO - [2023-04-28T01:42:52.162+0000] {dag.py:2690} INFO - Sync 1 DAGs
[2023-04-28T01:42:52.197+0000] {logging_mixin.py:137} INFO - [2023-04-28T01:42:52.197+0000] {dag.py:3441} INFO - Setting next_dagrun for example_branch_dop_operator_v3 to 2023-04-28T01:41:00+00:00, run_after=2023-04-28T01:42:00+00:00
[2023-04-28T01:42:52.214+0000] {processor.py:175} INFO - Processing /home/airflow/.local/lib/python3.7/site-packages/airflow/example_dags/example_branch_python_dop_operator_3.py took 0.120 seconds
[2023-04-28T02:48:40.616+0000] {processor.py:153} INFO - Started process (PID=14697) to work on /home/airflow/.local/lib/python3.7/site-packages/airflow/example_dags/example_branch_python_dop_operator_3.py
[2023-04-28T02:48:40.617+0000] {processor.py:743} INFO - Processing file /home/airflow/.local/lib/python3.7/site-packages/airflow/example_dags/example_branch_python_dop_operator_3.py for tasks to queue
[2023-04-28T02:48:40.618+0000] {logging_mixin.py:137} INFO - [2023-04-28T02:48:40.618+0000] {dagbag.py:538} INFO - Filling up the DagBag from /home/airflow/.local/lib/python3.7/site-packages/airflow/example_dags/example_branch_python_dop_operator_3.py
[2023-04-28T02:48:40.637+0000] {processor.py:753} INFO - DAG(s) dict_keys(['example_branch_dop_operator_v3']) retrieved from /home/airflow/.local/lib/python3.7/site-packages/airflow/example_dags/example_branch_python_dop_operator_3.py
[2023-04-28T02:48:40.659+0000] {logging_mixin.py:137} INFO - [2023-04-28T02:48:40.659+0000] {dag.py:2690} INFO - Sync 1 DAGs
[2023-04-28T02:48:40.677+0000] {logging_mixin.py:137} INFO - [2023-04-28T02:48:40.676+0000] {dag.py:3441} INFO - Setting next_dagrun for example_branch_dop_operator_v3 to 2023-04-28T02:47:00+00:00, run_after=2023-04-28T02:48:00+00:00
[2023-04-28T02:48:40.689+0000] {processor.py:175} INFO - Processing /home/airflow/.local/lib/python3.7/site-packages/airflow/example_dags/example_branch_python_dop_operator_3.py took 0.076 seconds
[2023-04-28T03:54:53.819+0000] {processor.py:153} INFO - Started process (PID=14774) to work on /home/airflow/.local/lib/python3.7/site-packages/airflow/example_dags/example_branch_python_dop_operator_3.py
[2023-04-28T03:54:53.820+0000] {processor.py:743} INFO - Processing file /home/airflow/.local/lib/python3.7/site-packages/airflow/example_dags/example_branch_python_dop_operator_3.py for tasks to queue
[2023-04-28T03:54:53.821+0000] {logging_mixin.py:137} INFO - [2023-04-28T03:54:53.821+0000] {dagbag.py:538} INFO - Filling up the DagBag from /home/airflow/.local/lib/python3.7/site-packages/airflow/example_dags/example_branch_python_dop_operator_3.py
[2023-04-28T03:54:53.838+0000] {processor.py:753} INFO - DAG(s) dict_keys(['example_branch_dop_operator_v3']) retrieved from /home/airflow/.local/lib/python3.7/site-packages/airflow/example_dags/example_branch_python_dop_operator_3.py
[2023-04-28T03:54:53.859+0000] {logging_mixin.py:137} INFO - [2023-04-28T03:54:53.859+0000] {dag.py:2690} INFO - Sync 1 DAGs
[2023-04-28T03:54:53.878+0000] {logging_mixin.py:137} INFO - [2023-04-28T03:54:53.878+0000] {dag.py:3441} INFO - Setting next_dagrun for example_branch_dop_operator_v3 to 2023-04-28T03:53:00+00:00, run_after=2023-04-28T03:54:00+00:00
[2023-04-28T03:54:53.889+0000] {processor.py:175} INFO - Processing /home/airflow/.local/lib/python3.7/site-packages/airflow/example_dags/example_branch_python_dop_operator_3.py took 0.073 seconds
[2023-04-28T05:16:15.475+0000] {processor.py:153} INFO - Started process (PID=14840) to work on /home/airflow/.local/lib/python3.7/site-packages/airflow/example_dags/example_branch_python_dop_operator_3.py
[2023-04-28T05:16:15.476+0000] {processor.py:743} INFO - Processing file /home/airflow/.local/lib/python3.7/site-packages/airflow/example_dags/example_branch_python_dop_operator_3.py for tasks to queue
[2023-04-28T05:16:15.477+0000] {logging_mixin.py:137} INFO - [2023-04-28T05:16:15.477+0000] {dagbag.py:538} INFO - Filling up the DagBag from /home/airflow/.local/lib/python3.7/site-packages/airflow/example_dags/example_branch_python_dop_operator_3.py
[2023-04-28T05:16:15.494+0000] {processor.py:753} INFO - DAG(s) dict_keys(['example_branch_dop_operator_v3']) retrieved from /home/airflow/.local/lib/python3.7/site-packages/airflow/example_dags/example_branch_python_dop_operator_3.py
[2023-04-28T05:16:15.514+0000] {logging_mixin.py:137} INFO - [2023-04-28T05:16:15.514+0000] {dag.py:2690} INFO - Sync 1 DAGs
[2023-04-28T05:16:15.535+0000] {logging_mixin.py:137} INFO - [2023-04-28T05:16:15.535+0000] {dag.py:3441} INFO - Setting next_dagrun for example_branch_dop_operator_v3 to 2023-04-28T05:15:00+00:00, run_after=2023-04-28T05:16:00+00:00
[2023-04-28T05:16:15.547+0000] {processor.py:175} INFO - Processing /home/airflow/.local/lib/python3.7/site-packages/airflow/example_dags/example_branch_python_dop_operator_3.py took 0.075 seconds
[2023-04-28T05:32:12.414+0000] {processor.py:153} INFO - Started process (PID=14920) to work on /home/airflow/.local/lib/python3.7/site-packages/airflow/example_dags/example_branch_python_dop_operator_3.py
[2023-04-28T05:32:12.416+0000] {processor.py:743} INFO - Processing file /home/airflow/.local/lib/python3.7/site-packages/airflow/example_dags/example_branch_python_dop_operator_3.py for tasks to queue
[2023-04-28T05:32:12.417+0000] {logging_mixin.py:137} INFO - [2023-04-28T05:32:12.416+0000] {dagbag.py:538} INFO - Filling up the DagBag from /home/airflow/.local/lib/python3.7/site-packages/airflow/example_dags/example_branch_python_dop_operator_3.py
[2023-04-28T05:32:12.433+0000] {processor.py:753} INFO - DAG(s) dict_keys(['example_branch_dop_operator_v3']) retrieved from /home/airflow/.local/lib/python3.7/site-packages/airflow/example_dags/example_branch_python_dop_operator_3.py
[2023-04-28T05:32:12.454+0000] {logging_mixin.py:137} INFO - [2023-04-28T05:32:12.454+0000] {dag.py:2690} INFO - Sync 1 DAGs
[2023-04-28T05:32:12.473+0000] {logging_mixin.py:137} INFO - [2023-04-28T05:32:12.473+0000] {dag.py:3441} INFO - Setting next_dagrun for example_branch_dop_operator_v3 to 2023-04-28T05:31:00+00:00, run_after=2023-04-28T05:32:00+00:00
[2023-04-28T05:32:12.486+0000] {processor.py:175} INFO - Processing /home/airflow/.local/lib/python3.7/site-packages/airflow/example_dags/example_branch_python_dop_operator_3.py took 0.075 seconds
[2023-04-28T05:32:42.609+0000] {processor.py:153} INFO - Started process (PID=14997) to work on /home/airflow/.local/lib/python3.7/site-packages/airflow/example_dags/example_branch_python_dop_operator_3.py
[2023-04-28T05:32:42.610+0000] {processor.py:743} INFO - Processing file /home/airflow/.local/lib/python3.7/site-packages/airflow/example_dags/example_branch_python_dop_operator_3.py for tasks to queue
[2023-04-28T05:32:42.610+0000] {logging_mixin.py:137} INFO - [2023-04-28T05:32:42.610+0000] {dagbag.py:538} INFO - Filling up the DagBag from /home/airflow/.local/lib/python3.7/site-packages/airflow/example_dags/example_branch_python_dop_operator_3.py
[2023-04-28T05:32:42.628+0000] {processor.py:753} INFO - DAG(s) dict_keys(['example_branch_dop_operator_v3']) retrieved from /home/airflow/.local/lib/python3.7/site-packages/airflow/example_dags/example_branch_python_dop_operator_3.py
[2023-04-28T05:32:42.648+0000] {logging_mixin.py:137} INFO - [2023-04-28T05:32:42.648+0000] {dag.py:2690} INFO - Sync 1 DAGs
[2023-04-28T05:32:42.666+0000] {logging_mixin.py:137} INFO - [2023-04-28T05:32:42.666+0000] {dag.py:3441} INFO - Setting next_dagrun for example_branch_dop_operator_v3 to 2023-04-28T05:31:00+00:00, run_after=2023-04-28T05:32:00+00:00
[2023-04-28T05:32:42.679+0000] {processor.py:175} INFO - Processing /home/airflow/.local/lib/python3.7/site-packages/airflow/example_dags/example_branch_python_dop_operator_3.py took 0.073 seconds
[2023-04-28T06:03:55.340+0000] {processor.py:153} INFO - Started process (PID=15064) to work on /home/airflow/.local/lib/python3.7/site-packages/airflow/example_dags/example_branch_python_dop_operator_3.py
[2023-04-28T06:03:55.341+0000] {processor.py:743} INFO - Processing file /home/airflow/.local/lib/python3.7/site-packages/airflow/example_dags/example_branch_python_dop_operator_3.py for tasks to queue
[2023-04-28T06:03:55.342+0000] {logging_mixin.py:137} INFO - [2023-04-28T06:03:55.342+0000] {dagbag.py:538} INFO - Filling up the DagBag from /home/airflow/.local/lib/python3.7/site-packages/airflow/example_dags/example_branch_python_dop_operator_3.py
[2023-04-28T06:03:55.358+0000] {processor.py:753} INFO - DAG(s) dict_keys(['example_branch_dop_operator_v3']) retrieved from /home/airflow/.local/lib/python3.7/site-packages/airflow/example_dags/example_branch_python_dop_operator_3.py
[2023-04-28T06:03:55.378+0000] {logging_mixin.py:137} INFO - [2023-04-28T06:03:55.378+0000] {dag.py:2690} INFO - Sync 1 DAGs
[2023-04-28T06:03:55.397+0000] {logging_mixin.py:137} INFO - [2023-04-28T06:03:55.396+0000] {dag.py:3441} INFO - Setting next_dagrun for example_branch_dop_operator_v3 to 2023-04-28T06:02:00+00:00, run_after=2023-04-28T06:03:00+00:00
[2023-04-28T06:03:55.409+0000] {processor.py:175} INFO - Processing /home/airflow/.local/lib/python3.7/site-packages/airflow/example_dags/example_branch_python_dop_operator_3.py took 0.072 seconds
[2023-04-28T06:04:40.842+0000] {processor.py:153} INFO - Started process (PID=15143) to work on /home/airflow/.local/lib/python3.7/site-packages/airflow/example_dags/example_branch_python_dop_operator_3.py
[2023-04-28T06:04:40.843+0000] {processor.py:743} INFO - Processing file /home/airflow/.local/lib/python3.7/site-packages/airflow/example_dags/example_branch_python_dop_operator_3.py for tasks to queue
[2023-04-28T06:04:40.844+0000] {logging_mixin.py:137} INFO - [2023-04-28T06:04:40.844+0000] {dagbag.py:538} INFO - Filling up the DagBag from /home/airflow/.local/lib/python3.7/site-packages/airflow/example_dags/example_branch_python_dop_operator_3.py
[2023-04-28T06:04:40.860+0000] {processor.py:753} INFO - DAG(s) dict_keys(['example_branch_dop_operator_v3']) retrieved from /home/airflow/.local/lib/python3.7/site-packages/airflow/example_dags/example_branch_python_dop_operator_3.py
[2023-04-28T06:04:40.879+0000] {logging_mixin.py:137} INFO - [2023-04-28T06:04:40.879+0000] {dag.py:2690} INFO - Sync 1 DAGs
[2023-04-28T06:04:40.896+0000] {logging_mixin.py:137} INFO - [2023-04-28T06:04:40.895+0000] {dag.py:3441} INFO - Setting next_dagrun for example_branch_dop_operator_v3 to 2023-04-28T06:03:00+00:00, run_after=2023-04-28T06:04:00+00:00
[2023-04-28T06:04:40.906+0000] {processor.py:175} INFO - Processing /home/airflow/.local/lib/python3.7/site-packages/airflow/example_dags/example_branch_python_dop_operator_3.py took 0.067 seconds
[2023-04-28T06:05:11.353+0000] {processor.py:153} INFO - Started process (PID=15221) to work on /home/airflow/.local/lib/python3.7/site-packages/airflow/example_dags/example_branch_python_dop_operator_3.py
[2023-04-28T06:05:11.354+0000] {processor.py:743} INFO - Processing file /home/airflow/.local/lib/python3.7/site-packages/airflow/example_dags/example_branch_python_dop_operator_3.py for tasks to queue
[2023-04-28T06:05:11.355+0000] {logging_mixin.py:137} INFO - [2023-04-28T06:05:11.355+0000] {dagbag.py:538} INFO - Filling up the DagBag from /home/airflow/.local/lib/python3.7/site-packages/airflow/example_dags/example_branch_python_dop_operator_3.py
[2023-04-28T06:05:11.372+0000] {processor.py:753} INFO - DAG(s) dict_keys(['example_branch_dop_operator_v3']) retrieved from /home/airflow/.local/lib/python3.7/site-packages/airflow/example_dags/example_branch_python_dop_operator_3.py
[2023-04-28T06:05:11.392+0000] {logging_mixin.py:137} INFO - [2023-04-28T06:05:11.392+0000] {dag.py:2690} INFO - Sync 1 DAGs
[2023-04-28T06:05:11.411+0000] {logging_mixin.py:137} INFO - [2023-04-28T06:05:11.411+0000] {dag.py:3441} INFO - Setting next_dagrun for example_branch_dop_operator_v3 to 2023-04-28T06:04:00+00:00, run_after=2023-04-28T06:05:00+00:00
[2023-04-28T06:05:11.422+0000] {processor.py:175} INFO - Processing /home/airflow/.local/lib/python3.7/site-packages/airflow/example_dags/example_branch_python_dop_operator_3.py took 0.072 seconds
[2023-04-28T06:05:41.926+0000] {processor.py:153} INFO - Started process (PID=15287) to work on /home/airflow/.local/lib/python3.7/site-packages/airflow/example_dags/example_branch_python_dop_operator_3.py
[2023-04-28T06:05:41.927+0000] {processor.py:743} INFO - Processing file /home/airflow/.local/lib/python3.7/site-packages/airflow/example_dags/example_branch_python_dop_operator_3.py for tasks to queue
[2023-04-28T06:05:41.928+0000] {logging_mixin.py:137} INFO - [2023-04-28T06:05:41.928+0000] {dagbag.py:538} INFO - Filling up the DagBag from /home/airflow/.local/lib/python3.7/site-packages/airflow/example_dags/example_branch_python_dop_operator_3.py
[2023-04-28T06:05:41.944+0000] {processor.py:753} INFO - DAG(s) dict_keys(['example_branch_dop_operator_v3']) retrieved from /home/airflow/.local/lib/python3.7/site-packages/airflow/example_dags/example_branch_python_dop_operator_3.py
[2023-04-28T06:05:41.964+0000] {logging_mixin.py:137} INFO - [2023-04-28T06:05:41.964+0000] {dag.py:2690} INFO - Sync 1 DAGs
[2023-04-28T06:05:41.983+0000] {logging_mixin.py:137} INFO - [2023-04-28T06:05:41.983+0000] {dag.py:3441} INFO - Setting next_dagrun for example_branch_dop_operator_v3 to 2023-04-28T06:04:00+00:00, run_after=2023-04-28T06:05:00+00:00
[2023-04-28T06:05:41.995+0000] {processor.py:175} INFO - Processing /home/airflow/.local/lib/python3.7/site-packages/airflow/example_dags/example_branch_python_dop_operator_3.py took 0.073 seconds
[2023-04-28T06:06:12.206+0000] {processor.py:153} INFO - Started process (PID=15367) to work on /home/airflow/.local/lib/python3.7/site-packages/airflow/example_dags/example_branch_python_dop_operator_3.py
[2023-04-28T06:06:12.207+0000] {processor.py:743} INFO - Processing file /home/airflow/.local/lib/python3.7/site-packages/airflow/example_dags/example_branch_python_dop_operator_3.py for tasks to queue
[2023-04-28T06:06:12.208+0000] {logging_mixin.py:137} INFO - [2023-04-28T06:06:12.208+0000] {dagbag.py:538} INFO - Filling up the DagBag from /home/airflow/.local/lib/python3.7/site-packages/airflow/example_dags/example_branch_python_dop_operator_3.py
[2023-04-28T06:06:12.225+0000] {processor.py:753} INFO - DAG(s) dict_keys(['example_branch_dop_operator_v3']) retrieved from /home/airflow/.local/lib/python3.7/site-packages/airflow/example_dags/example_branch_python_dop_operator_3.py
[2023-04-28T06:06:12.245+0000] {logging_mixin.py:137} INFO - [2023-04-28T06:06:12.245+0000] {dag.py:2690} INFO - Sync 1 DAGs
[2023-04-28T06:06:12.265+0000] {logging_mixin.py:137} INFO - [2023-04-28T06:06:12.265+0000] {dag.py:3441} INFO - Setting next_dagrun for example_branch_dop_operator_v3 to 2023-04-28T06:05:00+00:00, run_after=2023-04-28T06:06:00+00:00
[2023-04-28T06:06:12.277+0000] {processor.py:175} INFO - Processing /home/airflow/.local/lib/python3.7/site-packages/airflow/example_dags/example_branch_python_dop_operator_3.py took 0.073 seconds
[2023-04-28T06:06:42.715+0000] {processor.py:153} INFO - Started process (PID=15444) to work on /home/airflow/.local/lib/python3.7/site-packages/airflow/example_dags/example_branch_python_dop_operator_3.py
[2023-04-28T06:06:42.716+0000] {processor.py:743} INFO - Processing file /home/airflow/.local/lib/python3.7/site-packages/airflow/example_dags/example_branch_python_dop_operator_3.py for tasks to queue
[2023-04-28T06:06:42.717+0000] {logging_mixin.py:137} INFO - [2023-04-28T06:06:42.717+0000] {dagbag.py:538} INFO - Filling up the DagBag from /home/airflow/.local/lib/python3.7/site-packages/airflow/example_dags/example_branch_python_dop_operator_3.py
[2023-04-28T06:06:42.745+0000] {processor.py:753} INFO - DAG(s) dict_keys(['example_branch_dop_operator_v3']) retrieved from /home/airflow/.local/lib/python3.7/site-packages/airflow/example_dags/example_branch_python_dop_operator_3.py
[2023-04-28T06:06:42.772+0000] {logging_mixin.py:137} INFO - [2023-04-28T06:06:42.771+0000] {dag.py:2690} INFO - Sync 1 DAGs
[2023-04-28T06:06:42.801+0000] {logging_mixin.py:137} INFO - [2023-04-28T06:06:42.801+0000] {dag.py:3441} INFO - Setting next_dagrun for example_branch_dop_operator_v3 to 2023-04-28T06:05:00+00:00, run_after=2023-04-28T06:06:00+00:00
[2023-04-28T06:06:42.819+0000] {processor.py:175} INFO - Processing /home/airflow/.local/lib/python3.7/site-packages/airflow/example_dags/example_branch_python_dop_operator_3.py took 0.107 seconds
[2023-04-28T06:07:13.277+0000] {processor.py:153} INFO - Started process (PID=15511) to work on /home/airflow/.local/lib/python3.7/site-packages/airflow/example_dags/example_branch_python_dop_operator_3.py
[2023-04-28T06:07:13.278+0000] {processor.py:743} INFO - Processing file /home/airflow/.local/lib/python3.7/site-packages/airflow/example_dags/example_branch_python_dop_operator_3.py for tasks to queue
[2023-04-28T06:07:13.279+0000] {logging_mixin.py:137} INFO - [2023-04-28T06:07:13.279+0000] {dagbag.py:538} INFO - Filling up the DagBag from /home/airflow/.local/lib/python3.7/site-packages/airflow/example_dags/example_branch_python_dop_operator_3.py
[2023-04-28T06:07:13.296+0000] {processor.py:753} INFO - DAG(s) dict_keys(['example_branch_dop_operator_v3']) retrieved from /home/airflow/.local/lib/python3.7/site-packages/airflow/example_dags/example_branch_python_dop_operator_3.py
[2023-04-28T06:07:13.316+0000] {logging_mixin.py:137} INFO - [2023-04-28T06:07:13.316+0000] {dag.py:2690} INFO - Sync 1 DAGs
[2023-04-28T06:07:13.334+0000] {logging_mixin.py:137} INFO - [2023-04-28T06:07:13.334+0000] {dag.py:3441} INFO - Setting next_dagrun for example_branch_dop_operator_v3 to 2023-04-28T06:06:00+00:00, run_after=2023-04-28T06:07:00+00:00
[2023-04-28T06:07:13.347+0000] {processor.py:175} INFO - Processing /home/airflow/.local/lib/python3.7/site-packages/airflow/example_dags/example_branch_python_dop_operator_3.py took 0.073 seconds
[2023-04-28T06:07:43.715+0000] {processor.py:153} INFO - Started process (PID=15589) to work on /home/airflow/.local/lib/python3.7/site-packages/airflow/example_dags/example_branch_python_dop_operator_3.py
[2023-04-28T06:07:43.717+0000] {processor.py:743} INFO - Processing file /home/airflow/.local/lib/python3.7/site-packages/airflow/example_dags/example_branch_python_dop_operator_3.py for tasks to queue
[2023-04-28T06:07:43.717+0000] {logging_mixin.py:137} INFO - [2023-04-28T06:07:43.717+0000] {dagbag.py:538} INFO - Filling up the DagBag from /home/airflow/.local/lib/python3.7/site-packages/airflow/example_dags/example_branch_python_dop_operator_3.py
[2023-04-28T06:07:43.734+0000] {processor.py:753} INFO - DAG(s) dict_keys(['example_branch_dop_operator_v3']) retrieved from /home/airflow/.local/lib/python3.7/site-packages/airflow/example_dags/example_branch_python_dop_operator_3.py
[2023-04-28T06:07:43.754+0000] {logging_mixin.py:137} INFO - [2023-04-28T06:07:43.754+0000] {dag.py:2690} INFO - Sync 1 DAGs
[2023-04-28T06:07:43.773+0000] {logging_mixin.py:137} INFO - [2023-04-28T06:07:43.773+0000] {dag.py:3441} INFO - Setting next_dagrun for example_branch_dop_operator_v3 to 2023-04-28T06:06:00+00:00, run_after=2023-04-28T06:07:00+00:00
[2023-04-28T06:07:43.785+0000] {processor.py:175} INFO - Processing /home/airflow/.local/lib/python3.7/site-packages/airflow/example_dags/example_branch_python_dop_operator_3.py took 0.072 seconds
[2023-04-28T06:08:14.187+0000] {processor.py:153} INFO - Started process (PID=15667) to work on /home/airflow/.local/lib/python3.7/site-packages/airflow/example_dags/example_branch_python_dop_operator_3.py
[2023-04-28T06:08:14.188+0000] {processor.py:743} INFO - Processing file /home/airflow/.local/lib/python3.7/site-packages/airflow/example_dags/example_branch_python_dop_operator_3.py for tasks to queue
[2023-04-28T06:08:14.189+0000] {logging_mixin.py:137} INFO - [2023-04-28T06:08:14.189+0000] {dagbag.py:538} INFO - Filling up the DagBag from /home/airflow/.local/lib/python3.7/site-packages/airflow/example_dags/example_branch_python_dop_operator_3.py
[2023-04-28T06:08:14.206+0000] {processor.py:753} INFO - DAG(s) dict_keys(['example_branch_dop_operator_v3']) retrieved from /home/airflow/.local/lib/python3.7/site-packages/airflow/example_dags/example_branch_python_dop_operator_3.py
[2023-04-28T06:08:14.227+0000] {logging_mixin.py:137} INFO - [2023-04-28T06:08:14.226+0000] {dag.py:2690} INFO - Sync 1 DAGs
[2023-04-28T06:08:14.246+0000] {logging_mixin.py:137} INFO - [2023-04-28T06:08:14.246+0000] {dag.py:3441} INFO - Setting next_dagrun for example_branch_dop_operator_v3 to 2023-04-28T06:07:00+00:00, run_after=2023-04-28T06:08:00+00:00
[2023-04-28T06:08:14.258+0000] {processor.py:175} INFO - Processing /home/airflow/.local/lib/python3.7/site-packages/airflow/example_dags/example_branch_python_dop_operator_3.py took 0.074 seconds
[2023-04-28T06:08:44.686+0000] {processor.py:153} INFO - Started process (PID=15733) to work on /home/airflow/.local/lib/python3.7/site-packages/airflow/example_dags/example_branch_python_dop_operator_3.py
[2023-04-28T06:08:44.688+0000] {processor.py:743} INFO - Processing file /home/airflow/.local/lib/python3.7/site-packages/airflow/example_dags/example_branch_python_dop_operator_3.py for tasks to queue
[2023-04-28T06:08:44.689+0000] {logging_mixin.py:137} INFO - [2023-04-28T06:08:44.688+0000] {dagbag.py:538} INFO - Filling up the DagBag from /home/airflow/.local/lib/python3.7/site-packages/airflow/example_dags/example_branch_python_dop_operator_3.py
[2023-04-28T06:08:44.715+0000] {processor.py:753} INFO - DAG(s) dict_keys(['example_branch_dop_operator_v3']) retrieved from /home/airflow/.local/lib/python3.7/site-packages/airflow/example_dags/example_branch_python_dop_operator_3.py
[2023-04-28T06:08:44.746+0000] {logging_mixin.py:137} INFO - [2023-04-28T06:08:44.746+0000] {dag.py:2690} INFO - Sync 1 DAGs
[2023-04-28T06:08:44.767+0000] {logging_mixin.py:137} INFO - [2023-04-28T06:08:44.767+0000] {dag.py:3441} INFO - Setting next_dagrun for example_branch_dop_operator_v3 to 2023-04-28T06:07:00+00:00, run_after=2023-04-28T06:08:00+00:00
[2023-04-28T06:08:44.779+0000] {processor.py:175} INFO - Processing /home/airflow/.local/lib/python3.7/site-packages/airflow/example_dags/example_branch_python_dop_operator_3.py took 0.097 seconds
[2023-04-28T06:09:15.132+0000] {processor.py:153} INFO - Started process (PID=15811) to work on /home/airflow/.local/lib/python3.7/site-packages/airflow/example_dags/example_branch_python_dop_operator_3.py
[2023-04-28T06:09:15.133+0000] {processor.py:743} INFO - Processing file /home/airflow/.local/lib/python3.7/site-packages/airflow/example_dags/example_branch_python_dop_operator_3.py for tasks to queue
[2023-04-28T06:09:15.134+0000] {logging_mixin.py:137} INFO - [2023-04-28T06:09:15.134+0000] {dagbag.py:538} INFO - Filling up the DagBag from /home/airflow/.local/lib/python3.7/site-packages/airflow/example_dags/example_branch_python_dop_operator_3.py
[2023-04-28T06:09:15.153+0000] {processor.py:753} INFO - DAG(s) dict_keys(['example_branch_dop_operator_v3']) retrieved from /home/airflow/.local/lib/python3.7/site-packages/airflow/example_dags/example_branch_python_dop_operator_3.py
[2023-04-28T06:09:15.174+0000] {logging_mixin.py:137} INFO - [2023-04-28T06:09:15.174+0000] {dag.py:2690} INFO - Sync 1 DAGs
[2023-04-28T06:09:15.194+0000] {logging_mixin.py:137} INFO - [2023-04-28T06:09:15.194+0000] {dag.py:3441} INFO - Setting next_dagrun for example_branch_dop_operator_v3 to 2023-04-28T06:08:00+00:00, run_after=2023-04-28T06:09:00+00:00
[2023-04-28T06:09:15.207+0000] {processor.py:175} INFO - Processing /home/airflow/.local/lib/python3.7/site-packages/airflow/example_dags/example_branch_python_dop_operator_3.py took 0.078 seconds
[2023-04-28T06:09:46.100+0000] {processor.py:153} INFO - Started process (PID=15890) to work on /home/airflow/.local/lib/python3.7/site-packages/airflow/example_dags/example_branch_python_dop_operator_3.py
[2023-04-28T06:09:46.102+0000] {processor.py:743} INFO - Processing file /home/airflow/.local/lib/python3.7/site-packages/airflow/example_dags/example_branch_python_dop_operator_3.py for tasks to queue
[2023-04-28T06:09:46.103+0000] {logging_mixin.py:137} INFO - [2023-04-28T06:09:46.103+0000] {dagbag.py:538} INFO - Filling up the DagBag from /home/airflow/.local/lib/python3.7/site-packages/airflow/example_dags/example_branch_python_dop_operator_3.py
[2023-04-28T06:09:46.141+0000] {processor.py:753} INFO - DAG(s) dict_keys(['example_branch_dop_operator_v3']) retrieved from /home/airflow/.local/lib/python3.7/site-packages/airflow/example_dags/example_branch_python_dop_operator_3.py
[2023-04-28T06:09:46.164+0000] {logging_mixin.py:137} INFO - [2023-04-28T06:09:46.164+0000] {dag.py:2690} INFO - Sync 1 DAGs
[2023-04-28T06:09:46.187+0000] {logging_mixin.py:137} INFO - [2023-04-28T06:09:46.187+0000] {dag.py:3441} INFO - Setting next_dagrun for example_branch_dop_operator_v3 to 2023-04-28T06:08:00+00:00, run_after=2023-04-28T06:09:00+00:00
[2023-04-28T06:09:46.201+0000] {processor.py:175} INFO - Processing /home/airflow/.local/lib/python3.7/site-packages/airflow/example_dags/example_branch_python_dop_operator_3.py took 0.108 seconds
[2023-04-28T06:10:16.484+0000] {processor.py:153} INFO - Started process (PID=15955) to work on /home/airflow/.local/lib/python3.7/site-packages/airflow/example_dags/example_branch_python_dop_operator_3.py
[2023-04-28T06:10:16.485+0000] {processor.py:743} INFO - Processing file /home/airflow/.local/lib/python3.7/site-packages/airflow/example_dags/example_branch_python_dop_operator_3.py for tasks to queue
[2023-04-28T06:10:16.486+0000] {logging_mixin.py:137} INFO - [2023-04-28T06:10:16.486+0000] {dagbag.py:538} INFO - Filling up the DagBag from /home/airflow/.local/lib/python3.7/site-packages/airflow/example_dags/example_branch_python_dop_operator_3.py
[2023-04-28T06:10:16.504+0000] {processor.py:753} INFO - DAG(s) dict_keys(['example_branch_dop_operator_v3']) retrieved from /home/airflow/.local/lib/python3.7/site-packages/airflow/example_dags/example_branch_python_dop_operator_3.py
[2023-04-28T06:10:16.526+0000] {logging_mixin.py:137} INFO - [2023-04-28T06:10:16.526+0000] {dag.py:2690} INFO - Sync 1 DAGs
[2023-04-28T06:10:16.546+0000] {logging_mixin.py:137} INFO - [2023-04-28T06:10:16.546+0000] {dag.py:3441} INFO - Setting next_dagrun for example_branch_dop_operator_v3 to 2023-04-28T06:09:00+00:00, run_after=2023-04-28T06:10:00+00:00
[2023-04-28T06:10:16.558+0000] {processor.py:175} INFO - Processing /home/airflow/.local/lib/python3.7/site-packages/airflow/example_dags/example_branch_python_dop_operator_3.py took 0.077 seconds
[2023-04-28T06:10:46.868+0000] {processor.py:153} INFO - Started process (PID=16033) to work on /home/airflow/.local/lib/python3.7/site-packages/airflow/example_dags/example_branch_python_dop_operator_3.py
[2023-04-28T06:10:46.869+0000] {processor.py:743} INFO - Processing file /home/airflow/.local/lib/python3.7/site-packages/airflow/example_dags/example_branch_python_dop_operator_3.py for tasks to queue
[2023-04-28T06:10:46.870+0000] {logging_mixin.py:137} INFO - [2023-04-28T06:10:46.870+0000] {dagbag.py:538} INFO - Filling up the DagBag from /home/airflow/.local/lib/python3.7/site-packages/airflow/example_dags/example_branch_python_dop_operator_3.py
[2023-04-28T06:10:46.887+0000] {processor.py:753} INFO - DAG(s) dict_keys(['example_branch_dop_operator_v3']) retrieved from /home/airflow/.local/lib/python3.7/site-packages/airflow/example_dags/example_branch_python_dop_operator_3.py
[2023-04-28T06:10:46.910+0000] {logging_mixin.py:137} INFO - [2023-04-28T06:10:46.910+0000] {dag.py:2690} INFO - Sync 1 DAGs
[2023-04-28T06:10:46.928+0000] {logging_mixin.py:137} INFO - [2023-04-28T06:10:46.928+0000] {dag.py:3441} INFO - Setting next_dagrun for example_branch_dop_operator_v3 to 2023-04-28T06:09:00+00:00, run_after=2023-04-28T06:10:00+00:00
[2023-04-28T06:10:46.939+0000] {processor.py:175} INFO - Processing /home/airflow/.local/lib/python3.7/site-packages/airflow/example_dags/example_branch_python_dop_operator_3.py took 0.074 seconds
[2023-04-28T06:11:17.463+0000] {processor.py:153} INFO - Started process (PID=16111) to work on /home/airflow/.local/lib/python3.7/site-packages/airflow/example_dags/example_branch_python_dop_operator_3.py
[2023-04-28T06:11:17.465+0000] {processor.py:743} INFO - Processing file /home/airflow/.local/lib/python3.7/site-packages/airflow/example_dags/example_branch_python_dop_operator_3.py for tasks to queue
[2023-04-28T06:11:17.466+0000] {logging_mixin.py:137} INFO - [2023-04-28T06:11:17.466+0000] {dagbag.py:538} INFO - Filling up the DagBag from /home/airflow/.local/lib/python3.7/site-packages/airflow/example_dags/example_branch_python_dop_operator_3.py
[2023-04-28T06:11:17.487+0000] {processor.py:753} INFO - DAG(s) dict_keys(['example_branch_dop_operator_v3']) retrieved from /home/airflow/.local/lib/python3.7/site-packages/airflow/example_dags/example_branch_python_dop_operator_3.py
[2023-04-28T06:11:17.512+0000] {logging_mixin.py:137} INFO - [2023-04-28T06:11:17.512+0000] {dag.py:2690} INFO - Sync 1 DAGs
[2023-04-28T06:11:17.532+0000] {logging_mixin.py:137} INFO - [2023-04-28T06:11:17.532+0000] {dag.py:3441} INFO - Setting next_dagrun for example_branch_dop_operator_v3 to 2023-04-28T06:10:00+00:00, run_after=2023-04-28T06:11:00+00:00
[2023-04-28T06:11:17.546+0000] {processor.py:175} INFO - Processing /home/airflow/.local/lib/python3.7/site-packages/airflow/example_dags/example_branch_python_dop_operator_3.py took 0.086 seconds
[2023-04-28T06:11:47.805+0000] {processor.py:153} INFO - Started process (PID=16177) to work on /home/airflow/.local/lib/python3.7/site-packages/airflow/example_dags/example_branch_python_dop_operator_3.py
[2023-04-28T06:11:47.806+0000] {processor.py:743} INFO - Processing file /home/airflow/.local/lib/python3.7/site-packages/airflow/example_dags/example_branch_python_dop_operator_3.py for tasks to queue
[2023-04-28T06:11:47.807+0000] {logging_mixin.py:137} INFO - [2023-04-28T06:11:47.807+0000] {dagbag.py:538} INFO - Filling up the DagBag from /home/airflow/.local/lib/python3.7/site-packages/airflow/example_dags/example_branch_python_dop_operator_3.py
[2023-04-28T06:11:47.825+0000] {processor.py:753} INFO - DAG(s) dict_keys(['example_branch_dop_operator_v3']) retrieved from /home/airflow/.local/lib/python3.7/site-packages/airflow/example_dags/example_branch_python_dop_operator_3.py
[2023-04-28T06:11:47.846+0000] {logging_mixin.py:137} INFO - [2023-04-28T06:11:47.845+0000] {dag.py:2690} INFO - Sync 1 DAGs
[2023-04-28T06:11:47.865+0000] {logging_mixin.py:137} INFO - [2023-04-28T06:11:47.865+0000] {dag.py:3441} INFO - Setting next_dagrun for example_branch_dop_operator_v3 to 2023-04-28T06:10:00+00:00, run_after=2023-04-28T06:11:00+00:00
[2023-04-28T06:11:47.878+0000] {processor.py:175} INFO - Processing /home/airflow/.local/lib/python3.7/site-packages/airflow/example_dags/example_branch_python_dop_operator_3.py took 0.076 seconds
[2023-04-28T06:12:18.542+0000] {processor.py:153} INFO - Started process (PID=16255) to work on /home/airflow/.local/lib/python3.7/site-packages/airflow/example_dags/example_branch_python_dop_operator_3.py
[2023-04-28T06:12:18.543+0000] {processor.py:743} INFO - Processing file /home/airflow/.local/lib/python3.7/site-packages/airflow/example_dags/example_branch_python_dop_operator_3.py for tasks to queue
[2023-04-28T06:12:18.544+0000] {logging_mixin.py:137} INFO - [2023-04-28T06:12:18.544+0000] {dagbag.py:538} INFO - Filling up the DagBag from /home/airflow/.local/lib/python3.7/site-packages/airflow/example_dags/example_branch_python_dop_operator_3.py
[2023-04-28T06:12:18.560+0000] {processor.py:753} INFO - DAG(s) dict_keys(['example_branch_dop_operator_v3']) retrieved from /home/airflow/.local/lib/python3.7/site-packages/airflow/example_dags/example_branch_python_dop_operator_3.py
[2023-04-28T06:12:18.581+0000] {logging_mixin.py:137} INFO - [2023-04-28T06:12:18.581+0000] {dag.py:2690} INFO - Sync 1 DAGs
[2023-04-28T06:12:18.600+0000] {logging_mixin.py:137} INFO - [2023-04-28T06:12:18.600+0000] {dag.py:3441} INFO - Setting next_dagrun for example_branch_dop_operator_v3 to 2023-04-28T06:11:00+00:00, run_after=2023-04-28T06:12:00+00:00
[2023-04-28T06:12:18.611+0000] {processor.py:175} INFO - Processing /home/airflow/.local/lib/python3.7/site-packages/airflow/example_dags/example_branch_python_dop_operator_3.py took 0.072 seconds
[2023-04-28T06:12:49.213+0000] {processor.py:153} INFO - Started process (PID=16332) to work on /home/airflow/.local/lib/python3.7/site-packages/airflow/example_dags/example_branch_python_dop_operator_3.py
[2023-04-28T06:12:49.215+0000] {processor.py:743} INFO - Processing file /home/airflow/.local/lib/python3.7/site-packages/airflow/example_dags/example_branch_python_dop_operator_3.py for tasks to queue
[2023-04-28T06:12:49.215+0000] {logging_mixin.py:137} INFO - [2023-04-28T06:12:49.215+0000] {dagbag.py:538} INFO - Filling up the DagBag from /home/airflow/.local/lib/python3.7/site-packages/airflow/example_dags/example_branch_python_dop_operator_3.py
[2023-04-28T06:12:49.232+0000] {processor.py:753} INFO - DAG(s) dict_keys(['example_branch_dop_operator_v3']) retrieved from /home/airflow/.local/lib/python3.7/site-packages/airflow/example_dags/example_branch_python_dop_operator_3.py
[2023-04-28T06:12:49.253+0000] {logging_mixin.py:137} INFO - [2023-04-28T06:12:49.253+0000] {dag.py:2690} INFO - Sync 1 DAGs
[2023-04-28T06:12:49.272+0000] {logging_mixin.py:137} INFO - [2023-04-28T06:12:49.272+0000] {dag.py:3441} INFO - Setting next_dagrun for example_branch_dop_operator_v3 to 2023-04-28T06:11:00+00:00, run_after=2023-04-28T06:12:00+00:00
[2023-04-28T06:12:49.284+0000] {processor.py:175} INFO - Processing /home/airflow/.local/lib/python3.7/site-packages/airflow/example_dags/example_branch_python_dop_operator_3.py took 0.074 seconds
[2023-04-28T06:13:19.642+0000] {processor.py:153} INFO - Started process (PID=16399) to work on /home/airflow/.local/lib/python3.7/site-packages/airflow/example_dags/example_branch_python_dop_operator_3.py
[2023-04-28T06:13:19.644+0000] {processor.py:743} INFO - Processing file /home/airflow/.local/lib/python3.7/site-packages/airflow/example_dags/example_branch_python_dop_operator_3.py for tasks to queue
[2023-04-28T06:13:19.645+0000] {logging_mixin.py:137} INFO - [2023-04-28T06:13:19.645+0000] {dagbag.py:538} INFO - Filling up the DagBag from /home/airflow/.local/lib/python3.7/site-packages/airflow/example_dags/example_branch_python_dop_operator_3.py
[2023-04-28T06:13:19.663+0000] {processor.py:753} INFO - DAG(s) dict_keys(['example_branch_dop_operator_v3']) retrieved from /home/airflow/.local/lib/python3.7/site-packages/airflow/example_dags/example_branch_python_dop_operator_3.py
[2023-04-28T06:13:19.685+0000] {logging_mixin.py:137} INFO - [2023-04-28T06:13:19.685+0000] {dag.py:2690} INFO - Sync 1 DAGs
[2023-04-28T06:13:19.706+0000] {logging_mixin.py:137} INFO - [2023-04-28T06:13:19.706+0000] {dag.py:3441} INFO - Setting next_dagrun for example_branch_dop_operator_v3 to 2023-04-28T06:12:00+00:00, run_after=2023-04-28T06:13:00+00:00
[2023-04-28T06:13:19.719+0000] {processor.py:175} INFO - Processing /home/airflow/.local/lib/python3.7/site-packages/airflow/example_dags/example_branch_python_dop_operator_3.py took 0.080 seconds
[2023-04-28T06:13:50.033+0000] {processor.py:153} INFO - Started process (PID=16477) to work on /home/airflow/.local/lib/python3.7/site-packages/airflow/example_dags/example_branch_python_dop_operator_3.py
[2023-04-28T06:13:50.034+0000] {processor.py:743} INFO - Processing file /home/airflow/.local/lib/python3.7/site-packages/airflow/example_dags/example_branch_python_dop_operator_3.py for tasks to queue
[2023-04-28T06:13:50.035+0000] {logging_mixin.py:137} INFO - [2023-04-28T06:13:50.035+0000] {dagbag.py:538} INFO - Filling up the DagBag from /home/airflow/.local/lib/python3.7/site-packages/airflow/example_dags/example_branch_python_dop_operator_3.py
[2023-04-28T06:13:50.052+0000] {processor.py:753} INFO - DAG(s) dict_keys(['example_branch_dop_operator_v3']) retrieved from /home/airflow/.local/lib/python3.7/site-packages/airflow/example_dags/example_branch_python_dop_operator_3.py
[2023-04-28T06:13:50.072+0000] {logging_mixin.py:137} INFO - [2023-04-28T06:13:50.072+0000] {dag.py:2690} INFO - Sync 1 DAGs
[2023-04-28T06:13:50.091+0000] {logging_mixin.py:137} INFO - [2023-04-28T06:13:50.091+0000] {dag.py:3441} INFO - Setting next_dagrun for example_branch_dop_operator_v3 to 2023-04-28T06:12:00+00:00, run_after=2023-04-28T06:13:00+00:00
[2023-04-28T06:13:50.103+0000] {processor.py:175} INFO - Processing /home/airflow/.local/lib/python3.7/site-packages/airflow/example_dags/example_branch_python_dop_operator_3.py took 0.073 seconds
[2023-04-28T06:14:20.469+0000] {processor.py:153} INFO - Started process (PID=16555) to work on /home/airflow/.local/lib/python3.7/site-packages/airflow/example_dags/example_branch_python_dop_operator_3.py
[2023-04-28T06:14:20.471+0000] {processor.py:743} INFO - Processing file /home/airflow/.local/lib/python3.7/site-packages/airflow/example_dags/example_branch_python_dop_operator_3.py for tasks to queue
[2023-04-28T06:14:20.472+0000] {logging_mixin.py:137} INFO - [2023-04-28T06:14:20.472+0000] {dagbag.py:538} INFO - Filling up the DagBag from /home/airflow/.local/lib/python3.7/site-packages/airflow/example_dags/example_branch_python_dop_operator_3.py
[2023-04-28T06:14:20.489+0000] {processor.py:753} INFO - DAG(s) dict_keys(['example_branch_dop_operator_v3']) retrieved from /home/airflow/.local/lib/python3.7/site-packages/airflow/example_dags/example_branch_python_dop_operator_3.py
[2023-04-28T06:14:20.510+0000] {logging_mixin.py:137} INFO - [2023-04-28T06:14:20.510+0000] {dag.py:2690} INFO - Sync 1 DAGs
[2023-04-28T06:14:20.530+0000] {logging_mixin.py:137} INFO - [2023-04-28T06:14:20.530+0000] {dag.py:3441} INFO - Setting next_dagrun for example_branch_dop_operator_v3 to 2023-04-28T06:13:00+00:00, run_after=2023-04-28T06:14:00+00:00
[2023-04-28T06:14:20.541+0000] {processor.py:175} INFO - Processing /home/airflow/.local/lib/python3.7/site-packages/airflow/example_dags/example_branch_python_dop_operator_3.py took 0.075 seconds
[2023-04-28T06:14:50.804+0000] {processor.py:153} INFO - Started process (PID=16620) to work on /home/airflow/.local/lib/python3.7/site-packages/airflow/example_dags/example_branch_python_dop_operator_3.py
[2023-04-28T06:14:50.805+0000] {processor.py:743} INFO - Processing file /home/airflow/.local/lib/python3.7/site-packages/airflow/example_dags/example_branch_python_dop_operator_3.py for tasks to queue
[2023-04-28T06:14:50.807+0000] {logging_mixin.py:137} INFO - [2023-04-28T06:14:50.807+0000] {dagbag.py:538} INFO - Filling up the DagBag from /home/airflow/.local/lib/python3.7/site-packages/airflow/example_dags/example_branch_python_dop_operator_3.py
[2023-04-28T06:14:50.824+0000] {processor.py:753} INFO - DAG(s) dict_keys(['example_branch_dop_operator_v3']) retrieved from /home/airflow/.local/lib/python3.7/site-packages/airflow/example_dags/example_branch_python_dop_operator_3.py
[2023-04-28T06:14:50.844+0000] {logging_mixin.py:137} INFO - [2023-04-28T06:14:50.844+0000] {dag.py:2690} INFO - Sync 1 DAGs
[2023-04-28T06:14:50.863+0000] {logging_mixin.py:137} INFO - [2023-04-28T06:14:50.863+0000] {dag.py:3441} INFO - Setting next_dagrun for example_branch_dop_operator_v3 to 2023-04-28T06:13:00+00:00, run_after=2023-04-28T06:14:00+00:00
[2023-04-28T06:14:50.876+0000] {processor.py:175} INFO - Processing /home/airflow/.local/lib/python3.7/site-packages/airflow/example_dags/example_branch_python_dop_operator_3.py took 0.075 seconds
[2023-04-28T06:15:21.369+0000] {processor.py:153} INFO - Started process (PID=16698) to work on /home/airflow/.local/lib/python3.7/site-packages/airflow/example_dags/example_branch_python_dop_operator_3.py
[2023-04-28T06:15:21.371+0000] {processor.py:743} INFO - Processing file /home/airflow/.local/lib/python3.7/site-packages/airflow/example_dags/example_branch_python_dop_operator_3.py for tasks to queue
[2023-04-28T06:15:21.371+0000] {logging_mixin.py:137} INFO - [2023-04-28T06:15:21.371+0000] {dagbag.py:538} INFO - Filling up the DagBag from /home/airflow/.local/lib/python3.7/site-packages/airflow/example_dags/example_branch_python_dop_operator_3.py
[2023-04-28T06:15:21.388+0000] {processor.py:753} INFO - DAG(s) dict_keys(['example_branch_dop_operator_v3']) retrieved from /home/airflow/.local/lib/python3.7/site-packages/airflow/example_dags/example_branch_python_dop_operator_3.py
[2023-04-28T06:15:21.408+0000] {logging_mixin.py:137} INFO - [2023-04-28T06:15:21.408+0000] {dag.py:2690} INFO - Sync 1 DAGs
[2023-04-28T06:15:21.427+0000] {logging_mixin.py:137} INFO - [2023-04-28T06:15:21.427+0000] {dag.py:3441} INFO - Setting next_dagrun for example_branch_dop_operator_v3 to 2023-04-28T06:14:00+00:00, run_after=2023-04-28T06:15:00+00:00
[2023-04-28T06:15:21.438+0000] {processor.py:175} INFO - Processing /home/airflow/.local/lib/python3.7/site-packages/airflow/example_dags/example_branch_python_dop_operator_3.py took 0.072 seconds
[2023-04-28T06:15:51.749+0000] {processor.py:153} INFO - Started process (PID=16775) to work on /home/airflow/.local/lib/python3.7/site-packages/airflow/example_dags/example_branch_python_dop_operator_3.py
[2023-04-28T06:15:51.750+0000] {processor.py:743} INFO - Processing file /home/airflow/.local/lib/python3.7/site-packages/airflow/example_dags/example_branch_python_dop_operator_3.py for tasks to queue
[2023-04-28T06:15:51.751+0000] {logging_mixin.py:137} INFO - [2023-04-28T06:15:51.751+0000] {dagbag.py:538} INFO - Filling up the DagBag from /home/airflow/.local/lib/python3.7/site-packages/airflow/example_dags/example_branch_python_dop_operator_3.py
[2023-04-28T06:15:51.768+0000] {processor.py:753} INFO - DAG(s) dict_keys(['example_branch_dop_operator_v3']) retrieved from /home/airflow/.local/lib/python3.7/site-packages/airflow/example_dags/example_branch_python_dop_operator_3.py
[2023-04-28T06:15:51.789+0000] {logging_mixin.py:137} INFO - [2023-04-28T06:15:51.789+0000] {dag.py:2690} INFO - Sync 1 DAGs
[2023-04-28T06:15:51.808+0000] {logging_mixin.py:137} INFO - [2023-04-28T06:15:51.808+0000] {dag.py:3441} INFO - Setting next_dagrun for example_branch_dop_operator_v3 to 2023-04-28T06:14:00+00:00, run_after=2023-04-28T06:15:00+00:00
[2023-04-28T06:15:51.818+0000] {processor.py:175} INFO - Processing /home/airflow/.local/lib/python3.7/site-packages/airflow/example_dags/example_branch_python_dop_operator_3.py took 0.072 seconds
[2023-04-28T06:16:22.000+0000] {processor.py:153} INFO - Started process (PID=16840) to work on /home/airflow/.local/lib/python3.7/site-packages/airflow/example_dags/example_branch_python_dop_operator_3.py
[2023-04-28T06:16:22.001+0000] {processor.py:743} INFO - Processing file /home/airflow/.local/lib/python3.7/site-packages/airflow/example_dags/example_branch_python_dop_operator_3.py for tasks to queue
[2023-04-28T06:16:22.003+0000] {logging_mixin.py:137} INFO - [2023-04-28T06:16:22.003+0000] {dagbag.py:538} INFO - Filling up the DagBag from /home/airflow/.local/lib/python3.7/site-packages/airflow/example_dags/example_branch_python_dop_operator_3.py
[2023-04-28T06:16:22.020+0000] {processor.py:753} INFO - DAG(s) dict_keys(['example_branch_dop_operator_v3']) retrieved from /home/airflow/.local/lib/python3.7/site-packages/airflow/example_dags/example_branch_python_dop_operator_3.py
[2023-04-28T06:16:22.041+0000] {logging_mixin.py:137} INFO - [2023-04-28T06:16:22.041+0000] {dag.py:2690} INFO - Sync 1 DAGs
[2023-04-28T06:16:22.059+0000] {logging_mixin.py:137} INFO - [2023-04-28T06:16:22.059+0000] {dag.py:3441} INFO - Setting next_dagrun for example_branch_dop_operator_v3 to 2023-04-28T06:15:00+00:00, run_after=2023-04-28T06:16:00+00:00
[2023-04-28T06:16:22.071+0000] {processor.py:175} INFO - Processing /home/airflow/.local/lib/python3.7/site-packages/airflow/example_dags/example_branch_python_dop_operator_3.py took 0.074 seconds
[2023-04-28T06:16:52.352+0000] {processor.py:153} INFO - Started process (PID=16918) to work on /home/airflow/.local/lib/python3.7/site-packages/airflow/example_dags/example_branch_python_dop_operator_3.py
[2023-04-28T06:16:52.353+0000] {processor.py:743} INFO - Processing file /home/airflow/.local/lib/python3.7/site-packages/airflow/example_dags/example_branch_python_dop_operator_3.py for tasks to queue
[2023-04-28T06:16:52.354+0000] {logging_mixin.py:137} INFO - [2023-04-28T06:16:52.354+0000] {dagbag.py:538} INFO - Filling up the DagBag from /home/airflow/.local/lib/python3.7/site-packages/airflow/example_dags/example_branch_python_dop_operator_3.py
[2023-04-28T06:16:52.372+0000] {processor.py:753} INFO - DAG(s) dict_keys(['example_branch_dop_operator_v3']) retrieved from /home/airflow/.local/lib/python3.7/site-packages/airflow/example_dags/example_branch_python_dop_operator_3.py
[2023-04-28T06:16:52.400+0000] {logging_mixin.py:137} INFO - [2023-04-28T06:16:52.399+0000] {dag.py:2690} INFO - Sync 1 DAGs
[2023-04-28T06:16:52.420+0000] {logging_mixin.py:137} INFO - [2023-04-28T06:16:52.420+0000] {dag.py:3441} INFO - Setting next_dagrun for example_branch_dop_operator_v3 to 2023-04-28T06:15:00+00:00, run_after=2023-04-28T06:16:00+00:00
[2023-04-28T06:16:52.434+0000] {processor.py:175} INFO - Processing /home/airflow/.local/lib/python3.7/site-packages/airflow/example_dags/example_branch_python_dop_operator_3.py took 0.085 seconds
[2023-04-28T06:17:22.915+0000] {processor.py:153} INFO - Started process (PID=16996) to work on /home/airflow/.local/lib/python3.7/site-packages/airflow/example_dags/example_branch_python_dop_operator_3.py
[2023-04-28T06:17:22.916+0000] {processor.py:743} INFO - Processing file /home/airflow/.local/lib/python3.7/site-packages/airflow/example_dags/example_branch_python_dop_operator_3.py for tasks to queue
[2023-04-28T06:17:22.917+0000] {logging_mixin.py:137} INFO - [2023-04-28T06:17:22.917+0000] {dagbag.py:538} INFO - Filling up the DagBag from /home/airflow/.local/lib/python3.7/site-packages/airflow/example_dags/example_branch_python_dop_operator_3.py
[2023-04-28T06:17:22.934+0000] {processor.py:753} INFO - DAG(s) dict_keys(['example_branch_dop_operator_v3']) retrieved from /home/airflow/.local/lib/python3.7/site-packages/airflow/example_dags/example_branch_python_dop_operator_3.py
[2023-04-28T06:17:22.954+0000] {logging_mixin.py:137} INFO - [2023-04-28T06:17:22.954+0000] {dag.py:2690} INFO - Sync 1 DAGs
[2023-04-28T06:17:22.972+0000] {logging_mixin.py:137} INFO - [2023-04-28T06:17:22.972+0000] {dag.py:3441} INFO - Setting next_dagrun for example_branch_dop_operator_v3 to 2023-04-28T06:16:00+00:00, run_after=2023-04-28T06:17:00+00:00
[2023-04-28T06:17:22.984+0000] {processor.py:175} INFO - Processing /home/airflow/.local/lib/python3.7/site-packages/airflow/example_dags/example_branch_python_dop_operator_3.py took 0.072 seconds
[2023-04-28T06:17:53.261+0000] {processor.py:153} INFO - Started process (PID=17062) to work on /home/airflow/.local/lib/python3.7/site-packages/airflow/example_dags/example_branch_python_dop_operator_3.py
[2023-04-28T06:17:53.262+0000] {processor.py:743} INFO - Processing file /home/airflow/.local/lib/python3.7/site-packages/airflow/example_dags/example_branch_python_dop_operator_3.py for tasks to queue
[2023-04-28T06:17:53.262+0000] {logging_mixin.py:137} INFO - [2023-04-28T06:17:53.262+0000] {dagbag.py:538} INFO - Filling up the DagBag from /home/airflow/.local/lib/python3.7/site-packages/airflow/example_dags/example_branch_python_dop_operator_3.py
[2023-04-28T06:17:53.279+0000] {processor.py:753} INFO - DAG(s) dict_keys(['example_branch_dop_operator_v3']) retrieved from /home/airflow/.local/lib/python3.7/site-packages/airflow/example_dags/example_branch_python_dop_operator_3.py
[2023-04-28T06:17:53.299+0000] {logging_mixin.py:137} INFO - [2023-04-28T06:17:53.299+0000] {dag.py:2690} INFO - Sync 1 DAGs
[2023-04-28T06:17:53.317+0000] {logging_mixin.py:137} INFO - [2023-04-28T06:17:53.317+0000] {dag.py:3441} INFO - Setting next_dagrun for example_branch_dop_operator_v3 to 2023-04-28T06:16:00+00:00, run_after=2023-04-28T06:17:00+00:00
[2023-04-28T06:17:53.328+0000] {processor.py:175} INFO - Processing /home/airflow/.local/lib/python3.7/site-packages/airflow/example_dags/example_branch_python_dop_operator_3.py took 0.070 seconds
[2023-04-28T06:18:23.920+0000] {processor.py:153} INFO - Started process (PID=17140) to work on /home/airflow/.local/lib/python3.7/site-packages/airflow/example_dags/example_branch_python_dop_operator_3.py
[2023-04-28T06:18:23.921+0000] {processor.py:743} INFO - Processing file /home/airflow/.local/lib/python3.7/site-packages/airflow/example_dags/example_branch_python_dop_operator_3.py for tasks to queue
[2023-04-28T06:18:23.922+0000] {logging_mixin.py:137} INFO - [2023-04-28T06:18:23.922+0000] {dagbag.py:538} INFO - Filling up the DagBag from /home/airflow/.local/lib/python3.7/site-packages/airflow/example_dags/example_branch_python_dop_operator_3.py
[2023-04-28T06:18:23.938+0000] {processor.py:753} INFO - DAG(s) dict_keys(['example_branch_dop_operator_v3']) retrieved from /home/airflow/.local/lib/python3.7/site-packages/airflow/example_dags/example_branch_python_dop_operator_3.py
[2023-04-28T06:18:23.958+0000] {logging_mixin.py:137} INFO - [2023-04-28T06:18:23.958+0000] {dag.py:2690} INFO - Sync 1 DAGs
[2023-04-28T06:18:23.978+0000] {logging_mixin.py:137} INFO - [2023-04-28T06:18:23.978+0000] {dag.py:3441} INFO - Setting next_dagrun for example_branch_dop_operator_v3 to 2023-04-28T06:17:00+00:00, run_after=2023-04-28T06:18:00+00:00
[2023-04-28T06:18:23.990+0000] {processor.py:175} INFO - Processing /home/airflow/.local/lib/python3.7/site-packages/airflow/example_dags/example_branch_python_dop_operator_3.py took 0.073 seconds
[2023-04-28T06:18:54.227+0000] {processor.py:153} INFO - Started process (PID=17218) to work on /home/airflow/.local/lib/python3.7/site-packages/airflow/example_dags/example_branch_python_dop_operator_3.py
[2023-04-28T06:18:54.228+0000] {processor.py:743} INFO - Processing file /home/airflow/.local/lib/python3.7/site-packages/airflow/example_dags/example_branch_python_dop_operator_3.py for tasks to queue
[2023-04-28T06:18:54.229+0000] {logging_mixin.py:137} INFO - [2023-04-28T06:18:54.229+0000] {dagbag.py:538} INFO - Filling up the DagBag from /home/airflow/.local/lib/python3.7/site-packages/airflow/example_dags/example_branch_python_dop_operator_3.py
[2023-04-28T06:18:54.245+0000] {processor.py:753} INFO - DAG(s) dict_keys(['example_branch_dop_operator_v3']) retrieved from /home/airflow/.local/lib/python3.7/site-packages/airflow/example_dags/example_branch_python_dop_operator_3.py
[2023-04-28T06:18:54.265+0000] {logging_mixin.py:137} INFO - [2023-04-28T06:18:54.265+0000] {dag.py:2690} INFO - Sync 1 DAGs
[2023-04-28T06:18:54.284+0000] {logging_mixin.py:137} INFO - [2023-04-28T06:18:54.284+0000] {dag.py:3441} INFO - Setting next_dagrun for example_branch_dop_operator_v3 to 2023-04-28T06:17:00+00:00, run_after=2023-04-28T06:18:00+00:00
[2023-04-28T06:18:54.296+0000] {processor.py:175} INFO - Processing /home/airflow/.local/lib/python3.7/site-packages/airflow/example_dags/example_branch_python_dop_operator_3.py took 0.072 seconds
