[2023-04-28T00:36:32.403+0000] {processor.py:153} INFO - Started process (PID=14571) to work on /home/airflow/.local/lib/python3.7/site-packages/airflow/example_dags/example_nested_branch_dag.py
[2023-04-28T00:36:32.404+0000] {processor.py:743} INFO - Processing file /home/airflow/.local/lib/python3.7/site-packages/airflow/example_dags/example_nested_branch_dag.py for tasks to queue
[2023-04-28T00:36:32.405+0000] {logging_mixin.py:137} INFO - [2023-04-28T00:36:32.405+0000] {dagbag.py:538} INFO - Filling up the DagBag from /home/airflow/.local/lib/python3.7/site-packages/airflow/example_dags/example_nested_branch_dag.py
[2023-04-28T00:36:32.431+0000] {processor.py:753} INFO - DAG(s) dict_keys(['example_nested_branch_dag']) retrieved from /home/airflow/.local/lib/python3.7/site-packages/airflow/example_dags/example_nested_branch_dag.py
[2023-04-28T00:36:32.457+0000] {logging_mixin.py:137} INFO - [2023-04-28T00:36:32.457+0000] {dag.py:2690} INFO - Sync 1 DAGs
[2023-04-28T00:36:32.474+0000] {logging_mixin.py:137} INFO - [2023-04-28T00:36:32.474+0000] {dag.py:3441} INFO - Setting next_dagrun for example_nested_branch_dag to 2023-04-27T00:00:00+00:00, run_after=2023-04-28T00:00:00+00:00
[2023-04-28T00:36:32.485+0000] {processor.py:175} INFO - Processing /home/airflow/.local/lib/python3.7/site-packages/airflow/example_dags/example_nested_branch_dag.py took 0.086 seconds
[2023-04-28T01:42:53.811+0000] {processor.py:153} INFO - Started process (PID=14649) to work on /home/airflow/.local/lib/python3.7/site-packages/airflow/example_dags/example_nested_branch_dag.py
[2023-04-28T01:42:53.813+0000] {processor.py:743} INFO - Processing file /home/airflow/.local/lib/python3.7/site-packages/airflow/example_dags/example_nested_branch_dag.py for tasks to queue
[2023-04-28T01:42:53.814+0000] {logging_mixin.py:137} INFO - [2023-04-28T01:42:53.813+0000] {dagbag.py:538} INFO - Filling up the DagBag from /home/airflow/.local/lib/python3.7/site-packages/airflow/example_dags/example_nested_branch_dag.py
[2023-04-28T01:42:53.835+0000] {processor.py:753} INFO - DAG(s) dict_keys(['example_nested_branch_dag']) retrieved from /home/airflow/.local/lib/python3.7/site-packages/airflow/example_dags/example_nested_branch_dag.py
[2023-04-28T01:42:53.859+0000] {logging_mixin.py:137} INFO - [2023-04-28T01:42:53.859+0000] {dag.py:2690} INFO - Sync 1 DAGs
[2023-04-28T01:42:53.878+0000] {logging_mixin.py:137} INFO - [2023-04-28T01:42:53.878+0000] {dag.py:3441} INFO - Setting next_dagrun for example_nested_branch_dag to 2023-04-27T00:00:00+00:00, run_after=2023-04-28T00:00:00+00:00
[2023-04-28T01:42:53.892+0000] {processor.py:175} INFO - Processing /home/airflow/.local/lib/python3.7/site-packages/airflow/example_dags/example_nested_branch_dag.py took 0.085 seconds
[2023-04-28T02:48:41.483+0000] {processor.py:153} INFO - Started process (PID=14715) to work on /home/airflow/.local/lib/python3.7/site-packages/airflow/example_dags/example_nested_branch_dag.py
[2023-04-28T02:48:41.484+0000] {processor.py:743} INFO - Processing file /home/airflow/.local/lib/python3.7/site-packages/airflow/example_dags/example_nested_branch_dag.py for tasks to queue
[2023-04-28T02:48:41.485+0000] {logging_mixin.py:137} INFO - [2023-04-28T02:48:41.485+0000] {dagbag.py:538} INFO - Filling up the DagBag from /home/airflow/.local/lib/python3.7/site-packages/airflow/example_dags/example_nested_branch_dag.py
[2023-04-28T02:48:41.502+0000] {processor.py:753} INFO - DAG(s) dict_keys(['example_nested_branch_dag']) retrieved from /home/airflow/.local/lib/python3.7/site-packages/airflow/example_dags/example_nested_branch_dag.py
[2023-04-28T02:48:41.523+0000] {logging_mixin.py:137} INFO - [2023-04-28T02:48:41.523+0000] {dag.py:2690} INFO - Sync 1 DAGs
[2023-04-28T02:48:41.541+0000] {logging_mixin.py:137} INFO - [2023-04-28T02:48:41.540+0000] {dag.py:3441} INFO - Setting next_dagrun for example_nested_branch_dag to 2023-04-27T00:00:00+00:00, run_after=2023-04-28T00:00:00+00:00
[2023-04-28T02:48:41.556+0000] {processor.py:175} INFO - Processing /home/airflow/.local/lib/python3.7/site-packages/airflow/example_dags/example_nested_branch_dag.py took 0.075 seconds
[2023-04-28T03:54:54.977+0000] {processor.py:153} INFO - Started process (PID=14792) to work on /home/airflow/.local/lib/python3.7/site-packages/airflow/example_dags/example_nested_branch_dag.py
[2023-04-28T03:54:54.979+0000] {processor.py:743} INFO - Processing file /home/airflow/.local/lib/python3.7/site-packages/airflow/example_dags/example_nested_branch_dag.py for tasks to queue
[2023-04-28T03:54:54.980+0000] {logging_mixin.py:137} INFO - [2023-04-28T03:54:54.980+0000] {dagbag.py:538} INFO - Filling up the DagBag from /home/airflow/.local/lib/python3.7/site-packages/airflow/example_dags/example_nested_branch_dag.py
[2023-04-28T03:54:55.001+0000] {processor.py:753} INFO - DAG(s) dict_keys(['example_nested_branch_dag']) retrieved from /home/airflow/.local/lib/python3.7/site-packages/airflow/example_dags/example_nested_branch_dag.py
[2023-04-28T03:54:55.023+0000] {logging_mixin.py:137} INFO - [2023-04-28T03:54:55.023+0000] {dag.py:2690} INFO - Sync 1 DAGs
[2023-04-28T03:54:55.044+0000] {logging_mixin.py:137} INFO - [2023-04-28T03:54:55.044+0000] {dag.py:3441} INFO - Setting next_dagrun for example_nested_branch_dag to 2023-04-27T00:00:00+00:00, run_after=2023-04-28T00:00:00+00:00
[2023-04-28T03:54:55.059+0000] {processor.py:175} INFO - Processing /home/airflow/.local/lib/python3.7/site-packages/airflow/example_dags/example_nested_branch_dag.py took 0.085 seconds
[2023-04-28T05:16:16.988+0000] {processor.py:153} INFO - Started process (PID=14858) to work on /home/airflow/.local/lib/python3.7/site-packages/airflow/example_dags/example_nested_branch_dag.py
[2023-04-28T05:16:16.990+0000] {processor.py:743} INFO - Processing file /home/airflow/.local/lib/python3.7/site-packages/airflow/example_dags/example_nested_branch_dag.py for tasks to queue
[2023-04-28T05:16:16.991+0000] {logging_mixin.py:137} INFO - [2023-04-28T05:16:16.990+0000] {dagbag.py:538} INFO - Filling up the DagBag from /home/airflow/.local/lib/python3.7/site-packages/airflow/example_dags/example_nested_branch_dag.py
[2023-04-28T05:16:17.008+0000] {processor.py:753} INFO - DAG(s) dict_keys(['example_nested_branch_dag']) retrieved from /home/airflow/.local/lib/python3.7/site-packages/airflow/example_dags/example_nested_branch_dag.py
[2023-04-28T05:16:17.029+0000] {logging_mixin.py:137} INFO - [2023-04-28T05:16:17.029+0000] {dag.py:2690} INFO - Sync 1 DAGs
[2023-04-28T05:16:17.046+0000] {logging_mixin.py:137} INFO - [2023-04-28T05:16:17.046+0000] {dag.py:3441} INFO - Setting next_dagrun for example_nested_branch_dag to 2023-04-27T00:00:00+00:00, run_after=2023-04-28T00:00:00+00:00
[2023-04-28T05:16:17.057+0000] {processor.py:175} INFO - Processing /home/airflow/.local/lib/python3.7/site-packages/airflow/example_dags/example_nested_branch_dag.py took 0.072 seconds
[2023-04-28T05:32:13.277+0000] {processor.py:153} INFO - Started process (PID=14938) to work on /home/airflow/.local/lib/python3.7/site-packages/airflow/example_dags/example_nested_branch_dag.py
[2023-04-28T05:32:13.278+0000] {processor.py:743} INFO - Processing file /home/airflow/.local/lib/python3.7/site-packages/airflow/example_dags/example_nested_branch_dag.py for tasks to queue
[2023-04-28T05:32:13.279+0000] {logging_mixin.py:137} INFO - [2023-04-28T05:32:13.279+0000] {dagbag.py:538} INFO - Filling up the DagBag from /home/airflow/.local/lib/python3.7/site-packages/airflow/example_dags/example_nested_branch_dag.py
[2023-04-28T05:32:13.296+0000] {processor.py:753} INFO - DAG(s) dict_keys(['example_nested_branch_dag']) retrieved from /home/airflow/.local/lib/python3.7/site-packages/airflow/example_dags/example_nested_branch_dag.py
[2023-04-28T05:32:13.319+0000] {logging_mixin.py:137} INFO - [2023-04-28T05:32:13.319+0000] {dag.py:2690} INFO - Sync 1 DAGs
[2023-04-28T05:32:13.337+0000] {logging_mixin.py:137} INFO - [2023-04-28T05:32:13.337+0000] {dag.py:3441} INFO - Setting next_dagrun for example_nested_branch_dag to 2023-04-27T00:00:00+00:00, run_after=2023-04-28T00:00:00+00:00
[2023-04-28T05:32:13.350+0000] {processor.py:175} INFO - Processing /home/airflow/.local/lib/python3.7/site-packages/airflow/example_dags/example_nested_branch_dag.py took 0.076 seconds
[2023-04-28T05:32:43.752+0000] {processor.py:153} INFO - Started process (PID=15015) to work on /home/airflow/.local/lib/python3.7/site-packages/airflow/example_dags/example_nested_branch_dag.py
[2023-04-28T05:32:43.753+0000] {processor.py:743} INFO - Processing file /home/airflow/.local/lib/python3.7/site-packages/airflow/example_dags/example_nested_branch_dag.py for tasks to queue
[2023-04-28T05:32:43.754+0000] {logging_mixin.py:137} INFO - [2023-04-28T05:32:43.754+0000] {dagbag.py:538} INFO - Filling up the DagBag from /home/airflow/.local/lib/python3.7/site-packages/airflow/example_dags/example_nested_branch_dag.py
[2023-04-28T05:32:43.796+0000] {processor.py:753} INFO - DAG(s) dict_keys(['example_nested_branch_dag']) retrieved from /home/airflow/.local/lib/python3.7/site-packages/airflow/example_dags/example_nested_branch_dag.py
[2023-04-28T05:32:43.837+0000] {logging_mixin.py:137} INFO - [2023-04-28T05:32:43.836+0000] {dag.py:2690} INFO - Sync 1 DAGs
[2023-04-28T05:32:43.858+0000] {logging_mixin.py:137} INFO - [2023-04-28T05:32:43.858+0000] {dag.py:3441} INFO - Setting next_dagrun for example_nested_branch_dag to 2023-04-27T00:00:00+00:00, run_after=2023-04-28T00:00:00+00:00
[2023-04-28T05:32:43.875+0000] {processor.py:175} INFO - Processing /home/airflow/.local/lib/python3.7/site-packages/airflow/example_dags/example_nested_branch_dag.py took 0.126 seconds
[2023-04-28T06:03:56.208+0000] {processor.py:153} INFO - Started process (PID=15082) to work on /home/airflow/.local/lib/python3.7/site-packages/airflow/example_dags/example_nested_branch_dag.py
[2023-04-28T06:03:56.211+0000] {processor.py:743} INFO - Processing file /home/airflow/.local/lib/python3.7/site-packages/airflow/example_dags/example_nested_branch_dag.py for tasks to queue
[2023-04-28T06:03:56.212+0000] {logging_mixin.py:137} INFO - [2023-04-28T06:03:56.212+0000] {dagbag.py:538} INFO - Filling up the DagBag from /home/airflow/.local/lib/python3.7/site-packages/airflow/example_dags/example_nested_branch_dag.py
[2023-04-28T06:03:56.230+0000] {processor.py:753} INFO - DAG(s) dict_keys(['example_nested_branch_dag']) retrieved from /home/airflow/.local/lib/python3.7/site-packages/airflow/example_dags/example_nested_branch_dag.py
[2023-04-28T06:03:56.256+0000] {logging_mixin.py:137} INFO - [2023-04-28T06:03:56.256+0000] {dag.py:2690} INFO - Sync 1 DAGs
[2023-04-28T06:03:56.274+0000] {logging_mixin.py:137} INFO - [2023-04-28T06:03:56.274+0000] {dag.py:3441} INFO - Setting next_dagrun for example_nested_branch_dag to 2023-04-27T00:00:00+00:00, run_after=2023-04-28T00:00:00+00:00
[2023-04-28T06:03:56.301+0000] {processor.py:175} INFO - Processing /home/airflow/.local/lib/python3.7/site-packages/airflow/example_dags/example_nested_branch_dag.py took 0.097 seconds
[2023-04-28T06:04:41.757+0000] {processor.py:153} INFO - Started process (PID=15161) to work on /home/airflow/.local/lib/python3.7/site-packages/airflow/example_dags/example_nested_branch_dag.py
[2023-04-28T06:04:41.758+0000] {processor.py:743} INFO - Processing file /home/airflow/.local/lib/python3.7/site-packages/airflow/example_dags/example_nested_branch_dag.py for tasks to queue
[2023-04-28T06:04:41.759+0000] {logging_mixin.py:137} INFO - [2023-04-28T06:04:41.759+0000] {dagbag.py:538} INFO - Filling up the DagBag from /home/airflow/.local/lib/python3.7/site-packages/airflow/example_dags/example_nested_branch_dag.py
[2023-04-28T06:04:41.778+0000] {processor.py:753} INFO - DAG(s) dict_keys(['example_nested_branch_dag']) retrieved from /home/airflow/.local/lib/python3.7/site-packages/airflow/example_dags/example_nested_branch_dag.py
[2023-04-28T06:04:41.800+0000] {logging_mixin.py:137} INFO - [2023-04-28T06:04:41.800+0000] {dag.py:2690} INFO - Sync 1 DAGs
[2023-04-28T06:04:41.816+0000] {logging_mixin.py:137} INFO - [2023-04-28T06:04:41.815+0000] {dag.py:3441} INFO - Setting next_dagrun for example_nested_branch_dag to 2023-04-27T00:00:00+00:00, run_after=2023-04-28T00:00:00+00:00
[2023-04-28T06:04:41.826+0000] {processor.py:175} INFO - Processing /home/airflow/.local/lib/python3.7/site-packages/airflow/example_dags/example_nested_branch_dag.py took 0.072 seconds
[2023-04-28T06:05:12.409+0000] {processor.py:153} INFO - Started process (PID=15239) to work on /home/airflow/.local/lib/python3.7/site-packages/airflow/example_dags/example_nested_branch_dag.py
[2023-04-28T06:05:12.413+0000] {processor.py:743} INFO - Processing file /home/airflow/.local/lib/python3.7/site-packages/airflow/example_dags/example_nested_branch_dag.py for tasks to queue
[2023-04-28T06:05:12.414+0000] {logging_mixin.py:137} INFO - [2023-04-28T06:05:12.414+0000] {dagbag.py:538} INFO - Filling up the DagBag from /home/airflow/.local/lib/python3.7/site-packages/airflow/example_dags/example_nested_branch_dag.py
[2023-04-28T06:05:12.435+0000] {processor.py:753} INFO - DAG(s) dict_keys(['example_nested_branch_dag']) retrieved from /home/airflow/.local/lib/python3.7/site-packages/airflow/example_dags/example_nested_branch_dag.py
[2023-04-28T06:05:12.463+0000] {logging_mixin.py:137} INFO - [2023-04-28T06:05:12.463+0000] {dag.py:2690} INFO - Sync 1 DAGs
[2023-04-28T06:05:12.481+0000] {logging_mixin.py:137} INFO - [2023-04-28T06:05:12.481+0000] {dag.py:3441} INFO - Setting next_dagrun for example_nested_branch_dag to 2023-04-27T00:00:00+00:00, run_after=2023-04-28T00:00:00+00:00
[2023-04-28T06:05:12.502+0000] {processor.py:175} INFO - Processing /home/airflow/.local/lib/python3.7/site-packages/airflow/example_dags/example_nested_branch_dag.py took 0.098 seconds
[2023-04-28T06:05:42.843+0000] {processor.py:153} INFO - Started process (PID=15305) to work on /home/airflow/.local/lib/python3.7/site-packages/airflow/example_dags/example_nested_branch_dag.py
[2023-04-28T06:05:42.844+0000] {processor.py:743} INFO - Processing file /home/airflow/.local/lib/python3.7/site-packages/airflow/example_dags/example_nested_branch_dag.py for tasks to queue
[2023-04-28T06:05:42.845+0000] {logging_mixin.py:137} INFO - [2023-04-28T06:05:42.845+0000] {dagbag.py:538} INFO - Filling up the DagBag from /home/airflow/.local/lib/python3.7/site-packages/airflow/example_dags/example_nested_branch_dag.py
[2023-04-28T06:05:42.862+0000] {processor.py:753} INFO - DAG(s) dict_keys(['example_nested_branch_dag']) retrieved from /home/airflow/.local/lib/python3.7/site-packages/airflow/example_dags/example_nested_branch_dag.py
[2023-04-28T06:05:42.883+0000] {logging_mixin.py:137} INFO - [2023-04-28T06:05:42.883+0000] {dag.py:2690} INFO - Sync 1 DAGs
[2023-04-28T06:05:42.900+0000] {logging_mixin.py:137} INFO - [2023-04-28T06:05:42.900+0000] {dag.py:3441} INFO - Setting next_dagrun for example_nested_branch_dag to 2023-04-27T00:00:00+00:00, run_after=2023-04-28T00:00:00+00:00
[2023-04-28T06:05:42.912+0000] {processor.py:175} INFO - Processing /home/airflow/.local/lib/python3.7/site-packages/airflow/example_dags/example_nested_branch_dag.py took 0.072 seconds
[2023-04-28T06:06:13.142+0000] {processor.py:153} INFO - Started process (PID=15385) to work on /home/airflow/.local/lib/python3.7/site-packages/airflow/example_dags/example_nested_branch_dag.py
[2023-04-28T06:06:13.143+0000] {processor.py:743} INFO - Processing file /home/airflow/.local/lib/python3.7/site-packages/airflow/example_dags/example_nested_branch_dag.py for tasks to queue
[2023-04-28T06:06:13.143+0000] {logging_mixin.py:137} INFO - [2023-04-28T06:06:13.143+0000] {dagbag.py:538} INFO - Filling up the DagBag from /home/airflow/.local/lib/python3.7/site-packages/airflow/example_dags/example_nested_branch_dag.py
[2023-04-28T06:06:13.159+0000] {processor.py:753} INFO - DAG(s) dict_keys(['example_nested_branch_dag']) retrieved from /home/airflow/.local/lib/python3.7/site-packages/airflow/example_dags/example_nested_branch_dag.py
[2023-04-28T06:06:13.178+0000] {logging_mixin.py:137} INFO - [2023-04-28T06:06:13.178+0000] {dag.py:2690} INFO - Sync 1 DAGs
[2023-04-28T06:06:13.193+0000] {logging_mixin.py:137} INFO - [2023-04-28T06:06:13.193+0000] {dag.py:3441} INFO - Setting next_dagrun for example_nested_branch_dag to 2023-04-27T00:00:00+00:00, run_after=2023-04-28T00:00:00+00:00
[2023-04-28T06:06:13.204+0000] {processor.py:175} INFO - Processing /home/airflow/.local/lib/python3.7/site-packages/airflow/example_dags/example_nested_branch_dag.py took 0.065 seconds
[2023-04-28T06:06:43.845+0000] {processor.py:153} INFO - Started process (PID=15462) to work on /home/airflow/.local/lib/python3.7/site-packages/airflow/example_dags/example_nested_branch_dag.py
[2023-04-28T06:06:43.846+0000] {processor.py:743} INFO - Processing file /home/airflow/.local/lib/python3.7/site-packages/airflow/example_dags/example_nested_branch_dag.py for tasks to queue
[2023-04-28T06:06:43.847+0000] {logging_mixin.py:137} INFO - [2023-04-28T06:06:43.847+0000] {dagbag.py:538} INFO - Filling up the DagBag from /home/airflow/.local/lib/python3.7/site-packages/airflow/example_dags/example_nested_branch_dag.py
[2023-04-28T06:06:43.865+0000] {processor.py:753} INFO - DAG(s) dict_keys(['example_nested_branch_dag']) retrieved from /home/airflow/.local/lib/python3.7/site-packages/airflow/example_dags/example_nested_branch_dag.py
[2023-04-28T06:06:43.885+0000] {logging_mixin.py:137} INFO - [2023-04-28T06:06:43.885+0000] {dag.py:2690} INFO - Sync 1 DAGs
[2023-04-28T06:06:43.900+0000] {logging_mixin.py:137} INFO - [2023-04-28T06:06:43.900+0000] {dag.py:3441} INFO - Setting next_dagrun for example_nested_branch_dag to 2023-04-27T00:00:00+00:00, run_after=2023-04-28T00:00:00+00:00
[2023-04-28T06:06:43.910+0000] {processor.py:175} INFO - Processing /home/airflow/.local/lib/python3.7/site-packages/airflow/example_dags/example_nested_branch_dag.py took 0.068 seconds
[2023-04-28T06:07:14.132+0000] {processor.py:153} INFO - Started process (PID=15529) to work on /home/airflow/.local/lib/python3.7/site-packages/airflow/example_dags/example_nested_branch_dag.py
[2023-04-28T06:07:14.133+0000] {processor.py:743} INFO - Processing file /home/airflow/.local/lib/python3.7/site-packages/airflow/example_dags/example_nested_branch_dag.py for tasks to queue
[2023-04-28T06:07:14.134+0000] {logging_mixin.py:137} INFO - [2023-04-28T06:07:14.134+0000] {dagbag.py:538} INFO - Filling up the DagBag from /home/airflow/.local/lib/python3.7/site-packages/airflow/example_dags/example_nested_branch_dag.py
[2023-04-28T06:07:14.151+0000] {processor.py:753} INFO - DAG(s) dict_keys(['example_nested_branch_dag']) retrieved from /home/airflow/.local/lib/python3.7/site-packages/airflow/example_dags/example_nested_branch_dag.py
[2023-04-28T06:07:14.171+0000] {logging_mixin.py:137} INFO - [2023-04-28T06:07:14.171+0000] {dag.py:2690} INFO - Sync 1 DAGs
[2023-04-28T06:07:14.186+0000] {logging_mixin.py:137} INFO - [2023-04-28T06:07:14.186+0000] {dag.py:3441} INFO - Setting next_dagrun for example_nested_branch_dag to 2023-04-27T00:00:00+00:00, run_after=2023-04-28T00:00:00+00:00
[2023-04-28T06:07:14.197+0000] {processor.py:175} INFO - Processing /home/airflow/.local/lib/python3.7/site-packages/airflow/example_dags/example_nested_branch_dag.py took 0.068 seconds
[2023-04-28T06:07:44.729+0000] {processor.py:153} INFO - Started process (PID=15607) to work on /home/airflow/.local/lib/python3.7/site-packages/airflow/example_dags/example_nested_branch_dag.py
[2023-04-28T06:07:44.731+0000] {processor.py:743} INFO - Processing file /home/airflow/.local/lib/python3.7/site-packages/airflow/example_dags/example_nested_branch_dag.py for tasks to queue
[2023-04-28T06:07:44.731+0000] {logging_mixin.py:137} INFO - [2023-04-28T06:07:44.731+0000] {dagbag.py:538} INFO - Filling up the DagBag from /home/airflow/.local/lib/python3.7/site-packages/airflow/example_dags/example_nested_branch_dag.py
[2023-04-28T06:07:44.749+0000] {processor.py:753} INFO - DAG(s) dict_keys(['example_nested_branch_dag']) retrieved from /home/airflow/.local/lib/python3.7/site-packages/airflow/example_dags/example_nested_branch_dag.py
[2023-04-28T06:07:44.770+0000] {logging_mixin.py:137} INFO - [2023-04-28T06:07:44.770+0000] {dag.py:2690} INFO - Sync 1 DAGs
[2023-04-28T06:07:44.787+0000] {logging_mixin.py:137} INFO - [2023-04-28T06:07:44.787+0000] {dag.py:3441} INFO - Setting next_dagrun for example_nested_branch_dag to 2023-04-27T00:00:00+00:00, run_after=2023-04-28T00:00:00+00:00
[2023-04-28T06:07:44.798+0000] {processor.py:175} INFO - Processing /home/airflow/.local/lib/python3.7/site-packages/airflow/example_dags/example_nested_branch_dag.py took 0.072 seconds
[2023-04-28T06:08:15.086+0000] {processor.py:153} INFO - Started process (PID=15685) to work on /home/airflow/.local/lib/python3.7/site-packages/airflow/example_dags/example_nested_branch_dag.py
[2023-04-28T06:08:15.087+0000] {processor.py:743} INFO - Processing file /home/airflow/.local/lib/python3.7/site-packages/airflow/example_dags/example_nested_branch_dag.py for tasks to queue
[2023-04-28T06:08:15.088+0000] {logging_mixin.py:137} INFO - [2023-04-28T06:08:15.088+0000] {dagbag.py:538} INFO - Filling up the DagBag from /home/airflow/.local/lib/python3.7/site-packages/airflow/example_dags/example_nested_branch_dag.py
[2023-04-28T06:08:15.105+0000] {processor.py:753} INFO - DAG(s) dict_keys(['example_nested_branch_dag']) retrieved from /home/airflow/.local/lib/python3.7/site-packages/airflow/example_dags/example_nested_branch_dag.py
[2023-04-28T06:08:15.125+0000] {logging_mixin.py:137} INFO - [2023-04-28T06:08:15.125+0000] {dag.py:2690} INFO - Sync 1 DAGs
[2023-04-28T06:08:15.140+0000] {logging_mixin.py:137} INFO - [2023-04-28T06:08:15.140+0000] {dag.py:3441} INFO - Setting next_dagrun for example_nested_branch_dag to 2023-04-27T00:00:00+00:00, run_after=2023-04-28T00:00:00+00:00
[2023-04-28T06:08:15.152+0000] {processor.py:175} INFO - Processing /home/airflow/.local/lib/python3.7/site-packages/airflow/example_dags/example_nested_branch_dag.py took 0.068 seconds
[2023-04-28T06:08:45.646+0000] {processor.py:153} INFO - Started process (PID=15751) to work on /home/airflow/.local/lib/python3.7/site-packages/airflow/example_dags/example_nested_branch_dag.py
[2023-04-28T06:08:45.647+0000] {processor.py:743} INFO - Processing file /home/airflow/.local/lib/python3.7/site-packages/airflow/example_dags/example_nested_branch_dag.py for tasks to queue
[2023-04-28T06:08:45.648+0000] {logging_mixin.py:137} INFO - [2023-04-28T06:08:45.648+0000] {dagbag.py:538} INFO - Filling up the DagBag from /home/airflow/.local/lib/python3.7/site-packages/airflow/example_dags/example_nested_branch_dag.py
[2023-04-28T06:08:45.666+0000] {processor.py:753} INFO - DAG(s) dict_keys(['example_nested_branch_dag']) retrieved from /home/airflow/.local/lib/python3.7/site-packages/airflow/example_dags/example_nested_branch_dag.py
[2023-04-28T06:08:45.687+0000] {logging_mixin.py:137} INFO - [2023-04-28T06:08:45.686+0000] {dag.py:2690} INFO - Sync 1 DAGs
[2023-04-28T06:08:45.703+0000] {logging_mixin.py:137} INFO - [2023-04-28T06:08:45.703+0000] {dag.py:3441} INFO - Setting next_dagrun for example_nested_branch_dag to 2023-04-27T00:00:00+00:00, run_after=2023-04-28T00:00:00+00:00
[2023-04-28T06:08:45.716+0000] {processor.py:175} INFO - Processing /home/airflow/.local/lib/python3.7/site-packages/airflow/example_dags/example_nested_branch_dag.py took 0.072 seconds
[2023-04-28T06:09:16.076+0000] {processor.py:153} INFO - Started process (PID=15829) to work on /home/airflow/.local/lib/python3.7/site-packages/airflow/example_dags/example_nested_branch_dag.py
[2023-04-28T06:09:16.078+0000] {processor.py:743} INFO - Processing file /home/airflow/.local/lib/python3.7/site-packages/airflow/example_dags/example_nested_branch_dag.py for tasks to queue
[2023-04-28T06:09:16.078+0000] {logging_mixin.py:137} INFO - [2023-04-28T06:09:16.078+0000] {dagbag.py:538} INFO - Filling up the DagBag from /home/airflow/.local/lib/python3.7/site-packages/airflow/example_dags/example_nested_branch_dag.py
[2023-04-28T06:09:16.097+0000] {processor.py:753} INFO - DAG(s) dict_keys(['example_nested_branch_dag']) retrieved from /home/airflow/.local/lib/python3.7/site-packages/airflow/example_dags/example_nested_branch_dag.py
[2023-04-28T06:09:16.117+0000] {logging_mixin.py:137} INFO - [2023-04-28T06:09:16.117+0000] {dag.py:2690} INFO - Sync 1 DAGs
[2023-04-28T06:09:16.133+0000] {logging_mixin.py:137} INFO - [2023-04-28T06:09:16.133+0000] {dag.py:3441} INFO - Setting next_dagrun for example_nested_branch_dag to 2023-04-27T00:00:00+00:00, run_after=2023-04-28T00:00:00+00:00
[2023-04-28T06:09:16.145+0000] {processor.py:175} INFO - Processing /home/airflow/.local/lib/python3.7/site-packages/airflow/example_dags/example_nested_branch_dag.py took 0.072 seconds
[2023-04-28T06:09:47.063+0000] {processor.py:153} INFO - Started process (PID=15908) to work on /home/airflow/.local/lib/python3.7/site-packages/airflow/example_dags/example_nested_branch_dag.py
[2023-04-28T06:09:47.064+0000] {processor.py:743} INFO - Processing file /home/airflow/.local/lib/python3.7/site-packages/airflow/example_dags/example_nested_branch_dag.py for tasks to queue
[2023-04-28T06:09:47.065+0000] {logging_mixin.py:137} INFO - [2023-04-28T06:09:47.065+0000] {dagbag.py:538} INFO - Filling up the DagBag from /home/airflow/.local/lib/python3.7/site-packages/airflow/example_dags/example_nested_branch_dag.py
[2023-04-28T06:09:47.082+0000] {processor.py:753} INFO - DAG(s) dict_keys(['example_nested_branch_dag']) retrieved from /home/airflow/.local/lib/python3.7/site-packages/airflow/example_dags/example_nested_branch_dag.py
[2023-04-28T06:09:47.101+0000] {logging_mixin.py:137} INFO - [2023-04-28T06:09:47.101+0000] {dag.py:2690} INFO - Sync 1 DAGs
[2023-04-28T06:09:47.119+0000] {logging_mixin.py:137} INFO - [2023-04-28T06:09:47.119+0000] {dag.py:3441} INFO - Setting next_dagrun for example_nested_branch_dag to 2023-04-27T00:00:00+00:00, run_after=2023-04-28T00:00:00+00:00
[2023-04-28T06:09:47.131+0000] {processor.py:175} INFO - Processing /home/airflow/.local/lib/python3.7/site-packages/airflow/example_dags/example_nested_branch_dag.py took 0.072 seconds
[2023-04-28T06:10:17.349+0000] {processor.py:153} INFO - Started process (PID=15973) to work on /home/airflow/.local/lib/python3.7/site-packages/airflow/example_dags/example_nested_branch_dag.py
[2023-04-28T06:10:17.351+0000] {processor.py:743} INFO - Processing file /home/airflow/.local/lib/python3.7/site-packages/airflow/example_dags/example_nested_branch_dag.py for tasks to queue
[2023-04-28T06:10:17.351+0000] {logging_mixin.py:137} INFO - [2023-04-28T06:10:17.351+0000] {dagbag.py:538} INFO - Filling up the DagBag from /home/airflow/.local/lib/python3.7/site-packages/airflow/example_dags/example_nested_branch_dag.py
[2023-04-28T06:10:17.369+0000] {processor.py:753} INFO - DAG(s) dict_keys(['example_nested_branch_dag']) retrieved from /home/airflow/.local/lib/python3.7/site-packages/airflow/example_dags/example_nested_branch_dag.py
[2023-04-28T06:10:17.390+0000] {logging_mixin.py:137} INFO - [2023-04-28T06:10:17.390+0000] {dag.py:2690} INFO - Sync 1 DAGs
[2023-04-28T06:10:17.406+0000] {logging_mixin.py:137} INFO - [2023-04-28T06:10:17.406+0000] {dag.py:3441} INFO - Setting next_dagrun for example_nested_branch_dag to 2023-04-27T00:00:00+00:00, run_after=2023-04-28T00:00:00+00:00
[2023-04-28T06:10:17.418+0000] {processor.py:175} INFO - Processing /home/airflow/.local/lib/python3.7/site-packages/airflow/example_dags/example_nested_branch_dag.py took 0.072 seconds
[2023-04-28T06:10:47.790+0000] {processor.py:153} INFO - Started process (PID=16051) to work on /home/airflow/.local/lib/python3.7/site-packages/airflow/example_dags/example_nested_branch_dag.py
[2023-04-28T06:10:47.791+0000] {processor.py:743} INFO - Processing file /home/airflow/.local/lib/python3.7/site-packages/airflow/example_dags/example_nested_branch_dag.py for tasks to queue
[2023-04-28T06:10:47.792+0000] {logging_mixin.py:137} INFO - [2023-04-28T06:10:47.792+0000] {dagbag.py:538} INFO - Filling up the DagBag from /home/airflow/.local/lib/python3.7/site-packages/airflow/example_dags/example_nested_branch_dag.py
[2023-04-28T06:10:47.811+0000] {processor.py:753} INFO - DAG(s) dict_keys(['example_nested_branch_dag']) retrieved from /home/airflow/.local/lib/python3.7/site-packages/airflow/example_dags/example_nested_branch_dag.py
[2023-04-28T06:10:47.831+0000] {logging_mixin.py:137} INFO - [2023-04-28T06:10:47.831+0000] {dag.py:2690} INFO - Sync 1 DAGs
[2023-04-28T06:10:47.850+0000] {logging_mixin.py:137} INFO - [2023-04-28T06:10:47.850+0000] {dag.py:3441} INFO - Setting next_dagrun for example_nested_branch_dag to 2023-04-27T00:00:00+00:00, run_after=2023-04-28T00:00:00+00:00
[2023-04-28T06:10:47.866+0000] {processor.py:175} INFO - Processing /home/airflow/.local/lib/python3.7/site-packages/airflow/example_dags/example_nested_branch_dag.py took 0.079 seconds
[2023-04-28T06:11:18.374+0000] {processor.py:153} INFO - Started process (PID=16129) to work on /home/airflow/.local/lib/python3.7/site-packages/airflow/example_dags/example_nested_branch_dag.py
[2023-04-28T06:11:18.375+0000] {processor.py:743} INFO - Processing file /home/airflow/.local/lib/python3.7/site-packages/airflow/example_dags/example_nested_branch_dag.py for tasks to queue
[2023-04-28T06:11:18.376+0000] {logging_mixin.py:137} INFO - [2023-04-28T06:11:18.376+0000] {dagbag.py:538} INFO - Filling up the DagBag from /home/airflow/.local/lib/python3.7/site-packages/airflow/example_dags/example_nested_branch_dag.py
[2023-04-28T06:11:18.393+0000] {processor.py:753} INFO - DAG(s) dict_keys(['example_nested_branch_dag']) retrieved from /home/airflow/.local/lib/python3.7/site-packages/airflow/example_dags/example_nested_branch_dag.py
[2023-04-28T06:11:18.413+0000] {logging_mixin.py:137} INFO - [2023-04-28T06:11:18.413+0000] {dag.py:2690} INFO - Sync 1 DAGs
[2023-04-28T06:11:18.430+0000] {logging_mixin.py:137} INFO - [2023-04-28T06:11:18.430+0000] {dag.py:3441} INFO - Setting next_dagrun for example_nested_branch_dag to 2023-04-27T00:00:00+00:00, run_after=2023-04-28T00:00:00+00:00
[2023-04-28T06:11:18.442+0000] {processor.py:175} INFO - Processing /home/airflow/.local/lib/python3.7/site-packages/airflow/example_dags/example_nested_branch_dag.py took 0.071 seconds
[2023-04-28T06:11:48.871+0000] {processor.py:153} INFO - Started process (PID=16195) to work on /home/airflow/.local/lib/python3.7/site-packages/airflow/example_dags/example_nested_branch_dag.py
[2023-04-28T06:11:48.873+0000] {processor.py:743} INFO - Processing file /home/airflow/.local/lib/python3.7/site-packages/airflow/example_dags/example_nested_branch_dag.py for tasks to queue
[2023-04-28T06:11:48.874+0000] {logging_mixin.py:137} INFO - [2023-04-28T06:11:48.874+0000] {dagbag.py:538} INFO - Filling up the DagBag from /home/airflow/.local/lib/python3.7/site-packages/airflow/example_dags/example_nested_branch_dag.py
[2023-04-28T06:11:48.895+0000] {processor.py:753} INFO - DAG(s) dict_keys(['example_nested_branch_dag']) retrieved from /home/airflow/.local/lib/python3.7/site-packages/airflow/example_dags/example_nested_branch_dag.py
[2023-04-28T06:11:48.923+0000] {logging_mixin.py:137} INFO - [2023-04-28T06:11:48.923+0000] {dag.py:2690} INFO - Sync 1 DAGs
[2023-04-28T06:11:48.941+0000] {logging_mixin.py:137} INFO - [2023-04-28T06:11:48.941+0000] {dag.py:3441} INFO - Setting next_dagrun for example_nested_branch_dag to 2023-04-27T00:00:00+00:00, run_after=2023-04-28T00:00:00+00:00
[2023-04-28T06:11:48.966+0000] {processor.py:175} INFO - Processing /home/airflow/.local/lib/python3.7/site-packages/airflow/example_dags/example_nested_branch_dag.py took 0.098 seconds
[2023-04-28T06:12:19.427+0000] {processor.py:153} INFO - Started process (PID=16273) to work on /home/airflow/.local/lib/python3.7/site-packages/airflow/example_dags/example_nested_branch_dag.py
[2023-04-28T06:12:19.429+0000] {processor.py:743} INFO - Processing file /home/airflow/.local/lib/python3.7/site-packages/airflow/example_dags/example_nested_branch_dag.py for tasks to queue
[2023-04-28T06:12:19.430+0000] {logging_mixin.py:137} INFO - [2023-04-28T06:12:19.429+0000] {dagbag.py:538} INFO - Filling up the DagBag from /home/airflow/.local/lib/python3.7/site-packages/airflow/example_dags/example_nested_branch_dag.py
[2023-04-28T06:12:19.451+0000] {processor.py:753} INFO - DAG(s) dict_keys(['example_nested_branch_dag']) retrieved from /home/airflow/.local/lib/python3.7/site-packages/airflow/example_dags/example_nested_branch_dag.py
[2023-04-28T06:12:19.475+0000] {logging_mixin.py:137} INFO - [2023-04-28T06:12:19.475+0000] {dag.py:2690} INFO - Sync 1 DAGs
[2023-04-28T06:12:19.492+0000] {logging_mixin.py:137} INFO - [2023-04-28T06:12:19.492+0000] {dag.py:3441} INFO - Setting next_dagrun for example_nested_branch_dag to 2023-04-27T00:00:00+00:00, run_after=2023-04-28T00:00:00+00:00
[2023-04-28T06:12:19.520+0000] {processor.py:175} INFO - Processing /home/airflow/.local/lib/python3.7/site-packages/airflow/example_dags/example_nested_branch_dag.py took 0.096 seconds
[2023-04-28T06:12:50.083+0000] {processor.py:153} INFO - Started process (PID=16350) to work on /home/airflow/.local/lib/python3.7/site-packages/airflow/example_dags/example_nested_branch_dag.py
[2023-04-28T06:12:50.084+0000] {processor.py:743} INFO - Processing file /home/airflow/.local/lib/python3.7/site-packages/airflow/example_dags/example_nested_branch_dag.py for tasks to queue
[2023-04-28T06:12:50.086+0000] {logging_mixin.py:137} INFO - [2023-04-28T06:12:50.085+0000] {dagbag.py:538} INFO - Filling up the DagBag from /home/airflow/.local/lib/python3.7/site-packages/airflow/example_dags/example_nested_branch_dag.py
[2023-04-28T06:12:50.104+0000] {processor.py:753} INFO - DAG(s) dict_keys(['example_nested_branch_dag']) retrieved from /home/airflow/.local/lib/python3.7/site-packages/airflow/example_dags/example_nested_branch_dag.py
[2023-04-28T06:12:50.124+0000] {logging_mixin.py:137} INFO - [2023-04-28T06:12:50.124+0000] {dag.py:2690} INFO - Sync 1 DAGs
[2023-04-28T06:12:50.141+0000] {logging_mixin.py:137} INFO - [2023-04-28T06:12:50.140+0000] {dag.py:3441} INFO - Setting next_dagrun for example_nested_branch_dag to 2023-04-27T00:00:00+00:00, run_after=2023-04-28T00:00:00+00:00
[2023-04-28T06:12:50.156+0000] {processor.py:175} INFO - Processing /home/airflow/.local/lib/python3.7/site-packages/airflow/example_dags/example_nested_branch_dag.py took 0.076 seconds
[2023-04-28T06:13:20.638+0000] {processor.py:153} INFO - Started process (PID=16417) to work on /home/airflow/.local/lib/python3.7/site-packages/airflow/example_dags/example_nested_branch_dag.py
[2023-04-28T06:13:20.639+0000] {processor.py:743} INFO - Processing file /home/airflow/.local/lib/python3.7/site-packages/airflow/example_dags/example_nested_branch_dag.py for tasks to queue
[2023-04-28T06:13:20.640+0000] {logging_mixin.py:137} INFO - [2023-04-28T06:13:20.640+0000] {dagbag.py:538} INFO - Filling up the DagBag from /home/airflow/.local/lib/python3.7/site-packages/airflow/example_dags/example_nested_branch_dag.py
[2023-04-28T06:13:20.658+0000] {processor.py:753} INFO - DAG(s) dict_keys(['example_nested_branch_dag']) retrieved from /home/airflow/.local/lib/python3.7/site-packages/airflow/example_dags/example_nested_branch_dag.py
[2023-04-28T06:13:20.678+0000] {logging_mixin.py:137} INFO - [2023-04-28T06:13:20.678+0000] {dag.py:2690} INFO - Sync 1 DAGs
[2023-04-28T06:13:20.695+0000] {logging_mixin.py:137} INFO - [2023-04-28T06:13:20.695+0000] {dag.py:3441} INFO - Setting next_dagrun for example_nested_branch_dag to 2023-04-27T00:00:00+00:00, run_after=2023-04-28T00:00:00+00:00
[2023-04-28T06:13:20.708+0000] {processor.py:175} INFO - Processing /home/airflow/.local/lib/python3.7/site-packages/airflow/example_dags/example_nested_branch_dag.py took 0.073 seconds
[2023-04-28T06:13:51.040+0000] {processor.py:153} INFO - Started process (PID=16495) to work on /home/airflow/.local/lib/python3.7/site-packages/airflow/example_dags/example_nested_branch_dag.py
[2023-04-28T06:13:51.042+0000] {processor.py:743} INFO - Processing file /home/airflow/.local/lib/python3.7/site-packages/airflow/example_dags/example_nested_branch_dag.py for tasks to queue
[2023-04-28T06:13:51.042+0000] {logging_mixin.py:137} INFO - [2023-04-28T06:13:51.042+0000] {dagbag.py:538} INFO - Filling up the DagBag from /home/airflow/.local/lib/python3.7/site-packages/airflow/example_dags/example_nested_branch_dag.py
[2023-04-28T06:13:51.061+0000] {processor.py:753} INFO - DAG(s) dict_keys(['example_nested_branch_dag']) retrieved from /home/airflow/.local/lib/python3.7/site-packages/airflow/example_dags/example_nested_branch_dag.py
[2023-04-28T06:13:51.083+0000] {logging_mixin.py:137} INFO - [2023-04-28T06:13:51.082+0000] {dag.py:2690} INFO - Sync 1 DAGs
[2023-04-28T06:13:51.099+0000] {logging_mixin.py:137} INFO - [2023-04-28T06:13:51.099+0000] {dag.py:3441} INFO - Setting next_dagrun for example_nested_branch_dag to 2023-04-27T00:00:00+00:00, run_after=2023-04-28T00:00:00+00:00
[2023-04-28T06:13:51.109+0000] {processor.py:175} INFO - Processing /home/airflow/.local/lib/python3.7/site-packages/airflow/example_dags/example_nested_branch_dag.py took 0.072 seconds
[2023-04-28T06:14:21.325+0000] {processor.py:153} INFO - Started process (PID=16573) to work on /home/airflow/.local/lib/python3.7/site-packages/airflow/example_dags/example_nested_branch_dag.py
[2023-04-28T06:14:21.326+0000] {processor.py:743} INFO - Processing file /home/airflow/.local/lib/python3.7/site-packages/airflow/example_dags/example_nested_branch_dag.py for tasks to queue
[2023-04-28T06:14:21.327+0000] {logging_mixin.py:137} INFO - [2023-04-28T06:14:21.327+0000] {dagbag.py:538} INFO - Filling up the DagBag from /home/airflow/.local/lib/python3.7/site-packages/airflow/example_dags/example_nested_branch_dag.py
[2023-04-28T06:14:21.344+0000] {processor.py:753} INFO - DAG(s) dict_keys(['example_nested_branch_dag']) retrieved from /home/airflow/.local/lib/python3.7/site-packages/airflow/example_dags/example_nested_branch_dag.py
[2023-04-28T06:14:21.365+0000] {logging_mixin.py:137} INFO - [2023-04-28T06:14:21.365+0000] {dag.py:2690} INFO - Sync 1 DAGs
[2023-04-28T06:14:21.381+0000] {logging_mixin.py:137} INFO - [2023-04-28T06:14:21.381+0000] {dag.py:3441} INFO - Setting next_dagrun for example_nested_branch_dag to 2023-04-27T00:00:00+00:00, run_after=2023-04-28T00:00:00+00:00
[2023-04-28T06:14:21.394+0000] {processor.py:175} INFO - Processing /home/airflow/.local/lib/python3.7/site-packages/airflow/example_dags/example_nested_branch_dag.py took 0.071 seconds
[2023-04-28T06:14:51.832+0000] {processor.py:153} INFO - Started process (PID=16638) to work on /home/airflow/.local/lib/python3.7/site-packages/airflow/example_dags/example_nested_branch_dag.py
[2023-04-28T06:14:51.833+0000] {processor.py:743} INFO - Processing file /home/airflow/.local/lib/python3.7/site-packages/airflow/example_dags/example_nested_branch_dag.py for tasks to queue
[2023-04-28T06:14:51.834+0000] {logging_mixin.py:137} INFO - [2023-04-28T06:14:51.834+0000] {dagbag.py:538} INFO - Filling up the DagBag from /home/airflow/.local/lib/python3.7/site-packages/airflow/example_dags/example_nested_branch_dag.py
[2023-04-28T06:14:51.851+0000] {processor.py:753} INFO - DAG(s) dict_keys(['example_nested_branch_dag']) retrieved from /home/airflow/.local/lib/python3.7/site-packages/airflow/example_dags/example_nested_branch_dag.py
[2023-04-28T06:14:51.870+0000] {logging_mixin.py:137} INFO - [2023-04-28T06:14:51.870+0000] {dag.py:2690} INFO - Sync 1 DAGs
[2023-04-28T06:14:51.887+0000] {logging_mixin.py:137} INFO - [2023-04-28T06:14:51.887+0000] {dag.py:3441} INFO - Setting next_dagrun for example_nested_branch_dag to 2023-04-27T00:00:00+00:00, run_after=2023-04-28T00:00:00+00:00
[2023-04-28T06:14:51.898+0000] {processor.py:175} INFO - Processing /home/airflow/.local/lib/python3.7/site-packages/airflow/example_dags/example_nested_branch_dag.py took 0.069 seconds
[2023-04-28T06:15:22.218+0000] {processor.py:153} INFO - Started process (PID=16716) to work on /home/airflow/.local/lib/python3.7/site-packages/airflow/example_dags/example_nested_branch_dag.py
[2023-04-28T06:15:22.219+0000] {processor.py:743} INFO - Processing file /home/airflow/.local/lib/python3.7/site-packages/airflow/example_dags/example_nested_branch_dag.py for tasks to queue
[2023-04-28T06:15:22.220+0000] {logging_mixin.py:137} INFO - [2023-04-28T06:15:22.220+0000] {dagbag.py:538} INFO - Filling up the DagBag from /home/airflow/.local/lib/python3.7/site-packages/airflow/example_dags/example_nested_branch_dag.py
[2023-04-28T06:15:22.239+0000] {processor.py:753} INFO - DAG(s) dict_keys(['example_nested_branch_dag']) retrieved from /home/airflow/.local/lib/python3.7/site-packages/airflow/example_dags/example_nested_branch_dag.py
[2023-04-28T06:15:22.266+0000] {logging_mixin.py:137} INFO - [2023-04-28T06:15:22.266+0000] {dag.py:2690} INFO - Sync 1 DAGs
[2023-04-28T06:15:22.285+0000] {logging_mixin.py:137} INFO - [2023-04-28T06:15:22.284+0000] {dag.py:3441} INFO - Setting next_dagrun for example_nested_branch_dag to 2023-04-27T00:00:00+00:00, run_after=2023-04-28T00:00:00+00:00
[2023-04-28T06:15:22.297+0000] {processor.py:175} INFO - Processing /home/airflow/.local/lib/python3.7/site-packages/airflow/example_dags/example_nested_branch_dag.py took 0.082 seconds
[2023-04-28T06:15:52.589+0000] {processor.py:153} INFO - Started process (PID=16793) to work on /home/airflow/.local/lib/python3.7/site-packages/airflow/example_dags/example_nested_branch_dag.py
[2023-04-28T06:15:52.590+0000] {processor.py:743} INFO - Processing file /home/airflow/.local/lib/python3.7/site-packages/airflow/example_dags/example_nested_branch_dag.py for tasks to queue
[2023-04-28T06:15:52.591+0000] {logging_mixin.py:137} INFO - [2023-04-28T06:15:52.591+0000] {dagbag.py:538} INFO - Filling up the DagBag from /home/airflow/.local/lib/python3.7/site-packages/airflow/example_dags/example_nested_branch_dag.py
[2023-04-28T06:15:52.608+0000] {processor.py:753} INFO - DAG(s) dict_keys(['example_nested_branch_dag']) retrieved from /home/airflow/.local/lib/python3.7/site-packages/airflow/example_dags/example_nested_branch_dag.py
[2023-04-28T06:15:52.628+0000] {logging_mixin.py:137} INFO - [2023-04-28T06:15:52.628+0000] {dag.py:2690} INFO - Sync 1 DAGs
[2023-04-28T06:15:52.644+0000] {logging_mixin.py:137} INFO - [2023-04-28T06:15:52.644+0000] {dag.py:3441} INFO - Setting next_dagrun for example_nested_branch_dag to 2023-04-27T00:00:00+00:00, run_after=2023-04-28T00:00:00+00:00
[2023-04-28T06:15:52.655+0000] {processor.py:175} INFO - Processing /home/airflow/.local/lib/python3.7/site-packages/airflow/example_dags/example_nested_branch_dag.py took 0.069 seconds
[2023-04-28T06:16:22.920+0000] {processor.py:153} INFO - Started process (PID=16858) to work on /home/airflow/.local/lib/python3.7/site-packages/airflow/example_dags/example_nested_branch_dag.py
[2023-04-28T06:16:22.922+0000] {processor.py:743} INFO - Processing file /home/airflow/.local/lib/python3.7/site-packages/airflow/example_dags/example_nested_branch_dag.py for tasks to queue
[2023-04-28T06:16:22.922+0000] {logging_mixin.py:137} INFO - [2023-04-28T06:16:22.922+0000] {dagbag.py:538} INFO - Filling up the DagBag from /home/airflow/.local/lib/python3.7/site-packages/airflow/example_dags/example_nested_branch_dag.py
[2023-04-28T06:16:22.940+0000] {processor.py:753} INFO - DAG(s) dict_keys(['example_nested_branch_dag']) retrieved from /home/airflow/.local/lib/python3.7/site-packages/airflow/example_dags/example_nested_branch_dag.py
[2023-04-28T06:16:22.960+0000] {logging_mixin.py:137} INFO - [2023-04-28T06:16:22.960+0000] {dag.py:2690} INFO - Sync 1 DAGs
[2023-04-28T06:16:22.975+0000] {logging_mixin.py:137} INFO - [2023-04-28T06:16:22.975+0000] {dag.py:3441} INFO - Setting next_dagrun for example_nested_branch_dag to 2023-04-27T00:00:00+00:00, run_after=2023-04-28T00:00:00+00:00
[2023-04-28T06:16:22.986+0000] {processor.py:175} INFO - Processing /home/airflow/.local/lib/python3.7/site-packages/airflow/example_dags/example_nested_branch_dag.py took 0.069 seconds
[2023-04-28T06:16:53.511+0000] {processor.py:153} INFO - Started process (PID=16936) to work on /home/airflow/.local/lib/python3.7/site-packages/airflow/example_dags/example_nested_branch_dag.py
[2023-04-28T06:16:53.512+0000] {processor.py:743} INFO - Processing file /home/airflow/.local/lib/python3.7/site-packages/airflow/example_dags/example_nested_branch_dag.py for tasks to queue
[2023-04-28T06:16:53.513+0000] {logging_mixin.py:137} INFO - [2023-04-28T06:16:53.513+0000] {dagbag.py:538} INFO - Filling up the DagBag from /home/airflow/.local/lib/python3.7/site-packages/airflow/example_dags/example_nested_branch_dag.py
[2023-04-28T06:16:53.530+0000] {processor.py:753} INFO - DAG(s) dict_keys(['example_nested_branch_dag']) retrieved from /home/airflow/.local/lib/python3.7/site-packages/airflow/example_dags/example_nested_branch_dag.py
[2023-04-28T06:16:53.551+0000] {logging_mixin.py:137} INFO - [2023-04-28T06:16:53.551+0000] {dag.py:2690} INFO - Sync 1 DAGs
[2023-04-28T06:16:53.569+0000] {logging_mixin.py:137} INFO - [2023-04-28T06:16:53.569+0000] {dag.py:3441} INFO - Setting next_dagrun for example_nested_branch_dag to 2023-04-27T00:00:00+00:00, run_after=2023-04-28T00:00:00+00:00
[2023-04-28T06:16:53.580+0000] {processor.py:175} INFO - Processing /home/airflow/.local/lib/python3.7/site-packages/airflow/example_dags/example_nested_branch_dag.py took 0.072 seconds
[2023-04-28T06:17:23.825+0000] {processor.py:153} INFO - Started process (PID=17014) to work on /home/airflow/.local/lib/python3.7/site-packages/airflow/example_dags/example_nested_branch_dag.py
[2023-04-28T06:17:23.827+0000] {processor.py:743} INFO - Processing file /home/airflow/.local/lib/python3.7/site-packages/airflow/example_dags/example_nested_branch_dag.py for tasks to queue
[2023-04-28T06:17:23.828+0000] {logging_mixin.py:137} INFO - [2023-04-28T06:17:23.827+0000] {dagbag.py:538} INFO - Filling up the DagBag from /home/airflow/.local/lib/python3.7/site-packages/airflow/example_dags/example_nested_branch_dag.py
[2023-04-28T06:17:23.846+0000] {processor.py:753} INFO - DAG(s) dict_keys(['example_nested_branch_dag']) retrieved from /home/airflow/.local/lib/python3.7/site-packages/airflow/example_dags/example_nested_branch_dag.py
[2023-04-28T06:17:23.868+0000] {logging_mixin.py:137} INFO - [2023-04-28T06:17:23.868+0000] {dag.py:2690} INFO - Sync 1 DAGs
[2023-04-28T06:17:23.884+0000] {logging_mixin.py:137} INFO - [2023-04-28T06:17:23.884+0000] {dag.py:3441} INFO - Setting next_dagrun for example_nested_branch_dag to 2023-04-27T00:00:00+00:00, run_after=2023-04-28T00:00:00+00:00
[2023-04-28T06:17:23.895+0000] {processor.py:175} INFO - Processing /home/airflow/.local/lib/python3.7/site-packages/airflow/example_dags/example_nested_branch_dag.py took 0.073 seconds
[2023-04-28T06:17:54.294+0000] {processor.py:153} INFO - Started process (PID=17089) to work on /home/airflow/.local/lib/python3.7/site-packages/airflow/example_dags/example_nested_branch_dag.py
[2023-04-28T06:17:54.296+0000] {processor.py:743} INFO - Processing file /home/airflow/.local/lib/python3.7/site-packages/airflow/example_dags/example_nested_branch_dag.py for tasks to queue
[2023-04-28T06:17:54.297+0000] {logging_mixin.py:137} INFO - [2023-04-28T06:17:54.297+0000] {dagbag.py:538} INFO - Filling up the DagBag from /home/airflow/.local/lib/python3.7/site-packages/airflow/example_dags/example_nested_branch_dag.py
[2023-04-28T06:17:54.317+0000] {processor.py:753} INFO - DAG(s) dict_keys(['example_nested_branch_dag']) retrieved from /home/airflow/.local/lib/python3.7/site-packages/airflow/example_dags/example_nested_branch_dag.py
[2023-04-28T06:17:54.339+0000] {logging_mixin.py:137} INFO - [2023-04-28T06:17:54.339+0000] {dag.py:2690} INFO - Sync 1 DAGs
[2023-04-28T06:17:54.357+0000] {logging_mixin.py:137} INFO - [2023-04-28T06:17:54.357+0000] {dag.py:3441} INFO - Setting next_dagrun for example_nested_branch_dag to 2023-04-27T00:00:00+00:00, run_after=2023-04-28T00:00:00+00:00
[2023-04-28T06:17:54.369+0000] {processor.py:175} INFO - Processing /home/airflow/.local/lib/python3.7/site-packages/airflow/example_dags/example_nested_branch_dag.py took 0.078 seconds
[2023-04-28T06:18:24.831+0000] {processor.py:153} INFO - Started process (PID=17158) to work on /home/airflow/.local/lib/python3.7/site-packages/airflow/example_dags/example_nested_branch_dag.py
[2023-04-28T06:18:24.832+0000] {processor.py:743} INFO - Processing file /home/airflow/.local/lib/python3.7/site-packages/airflow/example_dags/example_nested_branch_dag.py for tasks to queue
[2023-04-28T06:18:24.833+0000] {logging_mixin.py:137} INFO - [2023-04-28T06:18:24.833+0000] {dagbag.py:538} INFO - Filling up the DagBag from /home/airflow/.local/lib/python3.7/site-packages/airflow/example_dags/example_nested_branch_dag.py
[2023-04-28T06:18:24.851+0000] {processor.py:753} INFO - DAG(s) dict_keys(['example_nested_branch_dag']) retrieved from /home/airflow/.local/lib/python3.7/site-packages/airflow/example_dags/example_nested_branch_dag.py
[2023-04-28T06:18:24.873+0000] {logging_mixin.py:137} INFO - [2023-04-28T06:18:24.873+0000] {dag.py:2690} INFO - Sync 1 DAGs
[2023-04-28T06:18:24.890+0000] {logging_mixin.py:137} INFO - [2023-04-28T06:18:24.890+0000] {dag.py:3441} INFO - Setting next_dagrun for example_nested_branch_dag to 2023-04-27T00:00:00+00:00, run_after=2023-04-28T00:00:00+00:00
[2023-04-28T06:18:24.901+0000] {processor.py:175} INFO - Processing /home/airflow/.local/lib/python3.7/site-packages/airflow/example_dags/example_nested_branch_dag.py took 0.073 seconds
[2023-04-28T06:18:55.157+0000] {processor.py:153} INFO - Started process (PID=17236) to work on /home/airflow/.local/lib/python3.7/site-packages/airflow/example_dags/example_nested_branch_dag.py
[2023-04-28T06:18:55.158+0000] {processor.py:743} INFO - Processing file /home/airflow/.local/lib/python3.7/site-packages/airflow/example_dags/example_nested_branch_dag.py for tasks to queue
[2023-04-28T06:18:55.159+0000] {logging_mixin.py:137} INFO - [2023-04-28T06:18:55.159+0000] {dagbag.py:538} INFO - Filling up the DagBag from /home/airflow/.local/lib/python3.7/site-packages/airflow/example_dags/example_nested_branch_dag.py
[2023-04-28T06:18:55.177+0000] {processor.py:753} INFO - DAG(s) dict_keys(['example_nested_branch_dag']) retrieved from /home/airflow/.local/lib/python3.7/site-packages/airflow/example_dags/example_nested_branch_dag.py
[2023-04-28T06:18:55.198+0000] {logging_mixin.py:137} INFO - [2023-04-28T06:18:55.198+0000] {dag.py:2690} INFO - Sync 1 DAGs
[2023-04-28T06:18:55.215+0000] {logging_mixin.py:137} INFO - [2023-04-28T06:18:55.214+0000] {dag.py:3441} INFO - Setting next_dagrun for example_nested_branch_dag to 2023-04-27T00:00:00+00:00, run_after=2023-04-28T00:00:00+00:00
[2023-04-28T06:18:55.226+0000] {processor.py:175} INFO - Processing /home/airflow/.local/lib/python3.7/site-packages/airflow/example_dags/example_nested_branch_dag.py took 0.071 seconds
