[2023-04-28T00:36:30.566+0000] {processor.py:153} INFO - Started process (PID=14548) to work on /home/airflow/.local/lib/python3.7/site-packages/airflow/example_dags/example_short_circuit_decorator.py
[2023-04-28T00:36:30.568+0000] {processor.py:743} INFO - Processing file /home/airflow/.local/lib/python3.7/site-packages/airflow/example_dags/example_short_circuit_decorator.py for tasks to queue
[2023-04-28T00:36:30.573+0000] {logging_mixin.py:137} INFO - [2023-04-28T00:36:30.572+0000] {dagbag.py:538} INFO - Filling up the DagBag from /home/airflow/.local/lib/python3.7/site-packages/airflow/example_dags/example_short_circuit_decorator.py
[2023-04-28T00:36:30.638+0000] {processor.py:753} INFO - DAG(s) dict_keys(['example_short_circuit_decorator']) retrieved from /home/airflow/.local/lib/python3.7/site-packages/airflow/example_dags/example_short_circuit_decorator.py
[2023-04-28T00:36:30.697+0000] {logging_mixin.py:137} INFO - [2023-04-28T00:36:30.697+0000] {dag.py:2690} INFO - Sync 1 DAGs
[2023-04-28T00:36:30.740+0000] {logging_mixin.py:137} INFO - [2023-04-28T00:36:30.740+0000] {dag.py:3441} INFO - Setting next_dagrun for example_short_circuit_decorator to 2023-04-27T00:36:30.740396+00:00, run_after=2023-04-28T00:36:30.740396+00:00
[2023-04-28T00:36:30.782+0000] {processor.py:175} INFO - Processing /home/airflow/.local/lib/python3.7/site-packages/airflow/example_dags/example_short_circuit_decorator.py took 0.220 seconds
[2023-04-28T01:42:51.941+0000] {processor.py:153} INFO - Started process (PID=14617) to work on /home/airflow/.local/lib/python3.7/site-packages/airflow/example_dags/example_short_circuit_decorator.py
[2023-04-28T01:42:51.943+0000] {processor.py:743} INFO - Processing file /home/airflow/.local/lib/python3.7/site-packages/airflow/example_dags/example_short_circuit_decorator.py for tasks to queue
[2023-04-28T01:42:51.944+0000] {logging_mixin.py:137} INFO - [2023-04-28T01:42:51.944+0000] {dagbag.py:538} INFO - Filling up the DagBag from /home/airflow/.local/lib/python3.7/site-packages/airflow/example_dags/example_short_circuit_decorator.py
[2023-04-28T01:42:51.969+0000] {processor.py:753} INFO - DAG(s) dict_keys(['example_short_circuit_decorator']) retrieved from /home/airflow/.local/lib/python3.7/site-packages/airflow/example_dags/example_short_circuit_decorator.py
[2023-04-28T01:42:52.001+0000] {logging_mixin.py:137} INFO - [2023-04-28T01:42:52.001+0000] {dag.py:2690} INFO - Sync 1 DAGs
[2023-04-28T01:42:52.032+0000] {logging_mixin.py:137} INFO - [2023-04-28T01:42:52.032+0000] {dag.py:3441} INFO - Setting next_dagrun for example_short_circuit_decorator to 2023-04-27T01:42:52.032367+00:00, run_after=2023-04-28T01:42:52.032367+00:00
[2023-04-28T01:42:52.050+0000] {processor.py:175} INFO - Processing /home/airflow/.local/lib/python3.7/site-packages/airflow/example_dags/example_short_circuit_decorator.py took 0.114 seconds
[2023-04-28T02:48:40.522+0000] {processor.py:153} INFO - Started process (PID=14695) to work on /home/airflow/.local/lib/python3.7/site-packages/airflow/example_dags/example_short_circuit_decorator.py
[2023-04-28T02:48:40.523+0000] {processor.py:743} INFO - Processing file /home/airflow/.local/lib/python3.7/site-packages/airflow/example_dags/example_short_circuit_decorator.py for tasks to queue
[2023-04-28T02:48:40.524+0000] {logging_mixin.py:137} INFO - [2023-04-28T02:48:40.524+0000] {dagbag.py:538} INFO - Filling up the DagBag from /home/airflow/.local/lib/python3.7/site-packages/airflow/example_dags/example_short_circuit_decorator.py
[2023-04-28T02:48:40.540+0000] {processor.py:753} INFO - DAG(s) dict_keys(['example_short_circuit_decorator']) retrieved from /home/airflow/.local/lib/python3.7/site-packages/airflow/example_dags/example_short_circuit_decorator.py
[2023-04-28T02:48:40.560+0000] {logging_mixin.py:137} INFO - [2023-04-28T02:48:40.559+0000] {dag.py:2690} INFO - Sync 1 DAGs
[2023-04-28T02:48:40.574+0000] {logging_mixin.py:137} INFO - [2023-04-28T02:48:40.574+0000] {dag.py:3441} INFO - Setting next_dagrun for example_short_circuit_decorator to 2023-04-27T02:48:40.574291+00:00, run_after=2023-04-28T02:48:40.574291+00:00
[2023-04-28T02:48:40.585+0000] {processor.py:175} INFO - Processing /home/airflow/.local/lib/python3.7/site-packages/airflow/example_dags/example_short_circuit_decorator.py took 0.065 seconds
[2023-04-28T03:54:53.724+0000] {processor.py:153} INFO - Started process (PID=14772) to work on /home/airflow/.local/lib/python3.7/site-packages/airflow/example_dags/example_short_circuit_decorator.py
[2023-04-28T03:54:53.725+0000] {processor.py:743} INFO - Processing file /home/airflow/.local/lib/python3.7/site-packages/airflow/example_dags/example_short_circuit_decorator.py for tasks to queue
[2023-04-28T03:54:53.726+0000] {logging_mixin.py:137} INFO - [2023-04-28T03:54:53.726+0000] {dagbag.py:538} INFO - Filling up the DagBag from /home/airflow/.local/lib/python3.7/site-packages/airflow/example_dags/example_short_circuit_decorator.py
[2023-04-28T03:54:53.744+0000] {processor.py:753} INFO - DAG(s) dict_keys(['example_short_circuit_decorator']) retrieved from /home/airflow/.local/lib/python3.7/site-packages/airflow/example_dags/example_short_circuit_decorator.py
[2023-04-28T03:54:53.764+0000] {logging_mixin.py:137} INFO - [2023-04-28T03:54:53.764+0000] {dag.py:2690} INFO - Sync 1 DAGs
[2023-04-28T03:54:53.780+0000] {logging_mixin.py:137} INFO - [2023-04-28T03:54:53.780+0000] {dag.py:3441} INFO - Setting next_dagrun for example_short_circuit_decorator to 2023-04-27T03:54:53.780654+00:00, run_after=2023-04-28T03:54:53.780654+00:00
[2023-04-28T03:54:53.791+0000] {processor.py:175} INFO - Processing /home/airflow/.local/lib/python3.7/site-packages/airflow/example_dags/example_short_circuit_decorator.py took 0.070 seconds
[2023-04-28T05:16:15.378+0000] {processor.py:153} INFO - Started process (PID=14838) to work on /home/airflow/.local/lib/python3.7/site-packages/airflow/example_dags/example_short_circuit_decorator.py
[2023-04-28T05:16:15.380+0000] {processor.py:743} INFO - Processing file /home/airflow/.local/lib/python3.7/site-packages/airflow/example_dags/example_short_circuit_decorator.py for tasks to queue
[2023-04-28T05:16:15.380+0000] {logging_mixin.py:137} INFO - [2023-04-28T05:16:15.380+0000] {dagbag.py:538} INFO - Filling up the DagBag from /home/airflow/.local/lib/python3.7/site-packages/airflow/example_dags/example_short_circuit_decorator.py
[2023-04-28T05:16:15.397+0000] {processor.py:753} INFO - DAG(s) dict_keys(['example_short_circuit_decorator']) retrieved from /home/airflow/.local/lib/python3.7/site-packages/airflow/example_dags/example_short_circuit_decorator.py
[2023-04-28T05:16:15.417+0000] {logging_mixin.py:137} INFO - [2023-04-28T05:16:15.417+0000] {dag.py:2690} INFO - Sync 1 DAGs
[2023-04-28T05:16:15.434+0000] {logging_mixin.py:137} INFO - [2023-04-28T05:16:15.434+0000] {dag.py:3441} INFO - Setting next_dagrun for example_short_circuit_decorator to 2023-04-27T05:16:15.434479+00:00, run_after=2023-04-28T05:16:15.434479+00:00
[2023-04-28T05:16:15.446+0000] {processor.py:175} INFO - Processing /home/airflow/.local/lib/python3.7/site-packages/airflow/example_dags/example_short_circuit_decorator.py took 0.071 seconds
[2023-04-28T05:32:12.315+0000] {processor.py:153} INFO - Started process (PID=14918) to work on /home/airflow/.local/lib/python3.7/site-packages/airflow/example_dags/example_short_circuit_decorator.py
[2023-04-28T05:32:12.316+0000] {processor.py:743} INFO - Processing file /home/airflow/.local/lib/python3.7/site-packages/airflow/example_dags/example_short_circuit_decorator.py for tasks to queue
[2023-04-28T05:32:12.317+0000] {logging_mixin.py:137} INFO - [2023-04-28T05:32:12.317+0000] {dagbag.py:538} INFO - Filling up the DagBag from /home/airflow/.local/lib/python3.7/site-packages/airflow/example_dags/example_short_circuit_decorator.py
[2023-04-28T05:32:12.335+0000] {processor.py:753} INFO - DAG(s) dict_keys(['example_short_circuit_decorator']) retrieved from /home/airflow/.local/lib/python3.7/site-packages/airflow/example_dags/example_short_circuit_decorator.py
[2023-04-28T05:32:12.356+0000] {logging_mixin.py:137} INFO - [2023-04-28T05:32:12.356+0000] {dag.py:2690} INFO - Sync 1 DAGs
[2023-04-28T05:32:12.373+0000] {logging_mixin.py:137} INFO - [2023-04-28T05:32:12.373+0000] {dag.py:3441} INFO - Setting next_dagrun for example_short_circuit_decorator to 2023-04-27T05:32:12.373496+00:00, run_after=2023-04-28T05:32:12.373496+00:00
[2023-04-28T05:32:12.385+0000] {processor.py:175} INFO - Processing /home/airflow/.local/lib/python3.7/site-packages/airflow/example_dags/example_short_circuit_decorator.py took 0.074 seconds
[2023-04-28T05:32:42.516+0000] {processor.py:153} INFO - Started process (PID=14995) to work on /home/airflow/.local/lib/python3.7/site-packages/airflow/example_dags/example_short_circuit_decorator.py
[2023-04-28T05:32:42.517+0000] {processor.py:743} INFO - Processing file /home/airflow/.local/lib/python3.7/site-packages/airflow/example_dags/example_short_circuit_decorator.py for tasks to queue
[2023-04-28T05:32:42.518+0000] {logging_mixin.py:137} INFO - [2023-04-28T05:32:42.518+0000] {dagbag.py:538} INFO - Filling up the DagBag from /home/airflow/.local/lib/python3.7/site-packages/airflow/example_dags/example_short_circuit_decorator.py
[2023-04-28T05:32:42.535+0000] {processor.py:753} INFO - DAG(s) dict_keys(['example_short_circuit_decorator']) retrieved from /home/airflow/.local/lib/python3.7/site-packages/airflow/example_dags/example_short_circuit_decorator.py
[2023-04-28T05:32:42.554+0000] {logging_mixin.py:137} INFO - [2023-04-28T05:32:42.554+0000] {dag.py:2690} INFO - Sync 1 DAGs
[2023-04-28T05:32:42.570+0000] {logging_mixin.py:137} INFO - [2023-04-28T05:32:42.570+0000] {dag.py:3441} INFO - Setting next_dagrun for example_short_circuit_decorator to 2023-04-27T05:32:42.570060+00:00, run_after=2023-04-28T05:32:42.570060+00:00
[2023-04-28T05:32:42.581+0000] {processor.py:175} INFO - Processing /home/airflow/.local/lib/python3.7/site-packages/airflow/example_dags/example_short_circuit_decorator.py took 0.068 seconds
[2023-04-28T06:03:55.164+0000] {processor.py:153} INFO - Started process (PID=15062) to work on /home/airflow/.local/lib/python3.7/site-packages/airflow/example_dags/example_short_circuit_decorator.py
[2023-04-28T06:03:55.165+0000] {processor.py:743} INFO - Processing file /home/airflow/.local/lib/python3.7/site-packages/airflow/example_dags/example_short_circuit_decorator.py for tasks to queue
[2023-04-28T06:03:55.166+0000] {logging_mixin.py:137} INFO - [2023-04-28T06:03:55.166+0000] {dagbag.py:538} INFO - Filling up the DagBag from /home/airflow/.local/lib/python3.7/site-packages/airflow/example_dags/example_short_circuit_decorator.py
[2023-04-28T06:03:55.183+0000] {processor.py:753} INFO - DAG(s) dict_keys(['example_short_circuit_decorator']) retrieved from /home/airflow/.local/lib/python3.7/site-packages/airflow/example_dags/example_short_circuit_decorator.py
[2023-04-28T06:03:55.204+0000] {logging_mixin.py:137} INFO - [2023-04-28T06:03:55.204+0000] {dag.py:2690} INFO - Sync 1 DAGs
[2023-04-28T06:03:55.220+0000] {logging_mixin.py:137} INFO - [2023-04-28T06:03:55.220+0000] {dag.py:3441} INFO - Setting next_dagrun for example_short_circuit_decorator to 2023-04-27T06:03:55.220565+00:00, run_after=2023-04-28T06:03:55.220565+00:00
[2023-04-28T06:03:55.231+0000] {processor.py:175} INFO - Processing /home/airflow/.local/lib/python3.7/site-packages/airflow/example_dags/example_short_circuit_decorator.py took 0.070 seconds
[2023-04-28T06:04:40.750+0000] {processor.py:153} INFO - Started process (PID=15141) to work on /home/airflow/.local/lib/python3.7/site-packages/airflow/example_dags/example_short_circuit_decorator.py
[2023-04-28T06:04:40.751+0000] {processor.py:743} INFO - Processing file /home/airflow/.local/lib/python3.7/site-packages/airflow/example_dags/example_short_circuit_decorator.py for tasks to queue
[2023-04-28T06:04:40.752+0000] {logging_mixin.py:137} INFO - [2023-04-28T06:04:40.752+0000] {dagbag.py:538} INFO - Filling up the DagBag from /home/airflow/.local/lib/python3.7/site-packages/airflow/example_dags/example_short_circuit_decorator.py
[2023-04-28T06:04:40.769+0000] {processor.py:753} INFO - DAG(s) dict_keys(['example_short_circuit_decorator']) retrieved from /home/airflow/.local/lib/python3.7/site-packages/airflow/example_dags/example_short_circuit_decorator.py
[2023-04-28T06:04:40.789+0000] {logging_mixin.py:137} INFO - [2023-04-28T06:04:40.789+0000] {dag.py:2690} INFO - Sync 1 DAGs
[2023-04-28T06:04:40.805+0000] {logging_mixin.py:137} INFO - [2023-04-28T06:04:40.805+0000] {dag.py:3441} INFO - Setting next_dagrun for example_short_circuit_decorator to 2023-04-27T06:04:40.805296+00:00, run_after=2023-04-28T06:04:40.805296+00:00
[2023-04-28T06:04:40.816+0000] {processor.py:175} INFO - Processing /home/airflow/.local/lib/python3.7/site-packages/airflow/example_dags/example_short_circuit_decorator.py took 0.069 seconds
[2023-04-28T06:05:11.242+0000] {processor.py:153} INFO - Started process (PID=15219) to work on /home/airflow/.local/lib/python3.7/site-packages/airflow/example_dags/example_short_circuit_decorator.py
[2023-04-28T06:05:11.244+0000] {processor.py:743} INFO - Processing file /home/airflow/.local/lib/python3.7/site-packages/airflow/example_dags/example_short_circuit_decorator.py for tasks to queue
[2023-04-28T06:05:11.246+0000] {logging_mixin.py:137} INFO - [2023-04-28T06:05:11.245+0000] {dagbag.py:538} INFO - Filling up the DagBag from /home/airflow/.local/lib/python3.7/site-packages/airflow/example_dags/example_short_circuit_decorator.py
[2023-04-28T06:05:11.273+0000] {processor.py:753} INFO - DAG(s) dict_keys(['example_short_circuit_decorator']) retrieved from /home/airflow/.local/lib/python3.7/site-packages/airflow/example_dags/example_short_circuit_decorator.py
[2023-04-28T06:05:11.296+0000] {logging_mixin.py:137} INFO - [2023-04-28T06:05:11.296+0000] {dag.py:2690} INFO - Sync 1 DAGs
[2023-04-28T06:05:11.313+0000] {logging_mixin.py:137} INFO - [2023-04-28T06:05:11.313+0000] {dag.py:3441} INFO - Setting next_dagrun for example_short_circuit_decorator to 2023-04-27T06:05:11.312951+00:00, run_after=2023-04-28T06:05:11.312951+00:00
[2023-04-28T06:05:11.325+0000] {processor.py:175} INFO - Processing /home/airflow/.local/lib/python3.7/site-packages/airflow/example_dags/example_short_circuit_decorator.py took 0.089 seconds
[2023-04-28T06:05:41.831+0000] {processor.py:153} INFO - Started process (PID=15285) to work on /home/airflow/.local/lib/python3.7/site-packages/airflow/example_dags/example_short_circuit_decorator.py
[2023-04-28T06:05:41.832+0000] {processor.py:743} INFO - Processing file /home/airflow/.local/lib/python3.7/site-packages/airflow/example_dags/example_short_circuit_decorator.py for tasks to queue
[2023-04-28T06:05:41.833+0000] {logging_mixin.py:137} INFO - [2023-04-28T06:05:41.833+0000] {dagbag.py:538} INFO - Filling up the DagBag from /home/airflow/.local/lib/python3.7/site-packages/airflow/example_dags/example_short_circuit_decorator.py
[2023-04-28T06:05:41.850+0000] {processor.py:753} INFO - DAG(s) dict_keys(['example_short_circuit_decorator']) retrieved from /home/airflow/.local/lib/python3.7/site-packages/airflow/example_dags/example_short_circuit_decorator.py
[2023-04-28T06:05:41.869+0000] {logging_mixin.py:137} INFO - [2023-04-28T06:05:41.869+0000] {dag.py:2690} INFO - Sync 1 DAGs
[2023-04-28T06:05:41.885+0000] {logging_mixin.py:137} INFO - [2023-04-28T06:05:41.885+0000] {dag.py:3441} INFO - Setting next_dagrun for example_short_circuit_decorator to 2023-04-27T06:05:41.885204+00:00, run_after=2023-04-28T06:05:41.885204+00:00
[2023-04-28T06:05:41.898+0000] {processor.py:175} INFO - Processing /home/airflow/.local/lib/python3.7/site-packages/airflow/example_dags/example_short_circuit_decorator.py took 0.069 seconds
[2023-04-28T06:06:12.112+0000] {processor.py:153} INFO - Started process (PID=15365) to work on /home/airflow/.local/lib/python3.7/site-packages/airflow/example_dags/example_short_circuit_decorator.py
[2023-04-28T06:06:12.113+0000] {processor.py:743} INFO - Processing file /home/airflow/.local/lib/python3.7/site-packages/airflow/example_dags/example_short_circuit_decorator.py for tasks to queue
[2023-04-28T06:06:12.114+0000] {logging_mixin.py:137} INFO - [2023-04-28T06:06:12.114+0000] {dagbag.py:538} INFO - Filling up the DagBag from /home/airflow/.local/lib/python3.7/site-packages/airflow/example_dags/example_short_circuit_decorator.py
[2023-04-28T06:06:12.130+0000] {processor.py:753} INFO - DAG(s) dict_keys(['example_short_circuit_decorator']) retrieved from /home/airflow/.local/lib/python3.7/site-packages/airflow/example_dags/example_short_circuit_decorator.py
[2023-04-28T06:06:12.150+0000] {logging_mixin.py:137} INFO - [2023-04-28T06:06:12.150+0000] {dag.py:2690} INFO - Sync 1 DAGs
[2023-04-28T06:06:12.167+0000] {logging_mixin.py:137} INFO - [2023-04-28T06:06:12.167+0000] {dag.py:3441} INFO - Setting next_dagrun for example_short_circuit_decorator to 2023-04-27T06:06:12.166813+00:00, run_after=2023-04-28T06:06:12.166813+00:00
[2023-04-28T06:06:12.178+0000] {processor.py:175} INFO - Processing /home/airflow/.local/lib/python3.7/site-packages/airflow/example_dags/example_short_circuit_decorator.py took 0.070 seconds
[2023-04-28T06:06:42.590+0000] {processor.py:153} INFO - Started process (PID=15442) to work on /home/airflow/.local/lib/python3.7/site-packages/airflow/example_dags/example_short_circuit_decorator.py
[2023-04-28T06:06:42.592+0000] {processor.py:743} INFO - Processing file /home/airflow/.local/lib/python3.7/site-packages/airflow/example_dags/example_short_circuit_decorator.py for tasks to queue
[2023-04-28T06:06:42.592+0000] {logging_mixin.py:137} INFO - [2023-04-28T06:06:42.592+0000] {dagbag.py:538} INFO - Filling up the DagBag from /home/airflow/.local/lib/python3.7/site-packages/airflow/example_dags/example_short_circuit_decorator.py
[2023-04-28T06:06:42.611+0000] {processor.py:753} INFO - DAG(s) dict_keys(['example_short_circuit_decorator']) retrieved from /home/airflow/.local/lib/python3.7/site-packages/airflow/example_dags/example_short_circuit_decorator.py
[2023-04-28T06:06:42.634+0000] {logging_mixin.py:137} INFO - [2023-04-28T06:06:42.634+0000] {dag.py:2690} INFO - Sync 1 DAGs
[2023-04-28T06:06:42.659+0000] {logging_mixin.py:137} INFO - [2023-04-28T06:06:42.659+0000] {dag.py:3441} INFO - Setting next_dagrun for example_short_circuit_decorator to 2023-04-27T06:06:42.659072+00:00, run_after=2023-04-28T06:06:42.659072+00:00
[2023-04-28T06:06:42.677+0000] {processor.py:175} INFO - Processing /home/airflow/.local/lib/python3.7/site-packages/airflow/example_dags/example_short_circuit_decorator.py took 0.090 seconds
[2023-04-28T06:07:13.181+0000] {processor.py:153} INFO - Started process (PID=15509) to work on /home/airflow/.local/lib/python3.7/site-packages/airflow/example_dags/example_short_circuit_decorator.py
[2023-04-28T06:07:13.182+0000] {processor.py:743} INFO - Processing file /home/airflow/.local/lib/python3.7/site-packages/airflow/example_dags/example_short_circuit_decorator.py for tasks to queue
[2023-04-28T06:07:13.183+0000] {logging_mixin.py:137} INFO - [2023-04-28T06:07:13.183+0000] {dagbag.py:538} INFO - Filling up the DagBag from /home/airflow/.local/lib/python3.7/site-packages/airflow/example_dags/example_short_circuit_decorator.py
[2023-04-28T06:07:13.200+0000] {processor.py:753} INFO - DAG(s) dict_keys(['example_short_circuit_decorator']) retrieved from /home/airflow/.local/lib/python3.7/site-packages/airflow/example_dags/example_short_circuit_decorator.py
[2023-04-28T06:07:13.220+0000] {logging_mixin.py:137} INFO - [2023-04-28T06:07:13.220+0000] {dag.py:2690} INFO - Sync 1 DAGs
[2023-04-28T06:07:13.237+0000] {logging_mixin.py:137} INFO - [2023-04-28T06:07:13.237+0000] {dag.py:3441} INFO - Setting next_dagrun for example_short_circuit_decorator to 2023-04-27T06:07:13.236854+00:00, run_after=2023-04-28T06:07:13.236854+00:00
[2023-04-28T06:07:13.248+0000] {processor.py:175} INFO - Processing /home/airflow/.local/lib/python3.7/site-packages/airflow/example_dags/example_short_circuit_decorator.py took 0.070 seconds
[2023-04-28T06:07:43.618+0000] {processor.py:153} INFO - Started process (PID=15587) to work on /home/airflow/.local/lib/python3.7/site-packages/airflow/example_dags/example_short_circuit_decorator.py
[2023-04-28T06:07:43.619+0000] {processor.py:743} INFO - Processing file /home/airflow/.local/lib/python3.7/site-packages/airflow/example_dags/example_short_circuit_decorator.py for tasks to queue
[2023-04-28T06:07:43.620+0000] {logging_mixin.py:137} INFO - [2023-04-28T06:07:43.620+0000] {dagbag.py:538} INFO - Filling up the DagBag from /home/airflow/.local/lib/python3.7/site-packages/airflow/example_dags/example_short_circuit_decorator.py
[2023-04-28T06:07:43.637+0000] {processor.py:753} INFO - DAG(s) dict_keys(['example_short_circuit_decorator']) retrieved from /home/airflow/.local/lib/python3.7/site-packages/airflow/example_dags/example_short_circuit_decorator.py
[2023-04-28T06:07:43.658+0000] {logging_mixin.py:137} INFO - [2023-04-28T06:07:43.657+0000] {dag.py:2690} INFO - Sync 1 DAGs
[2023-04-28T06:07:43.675+0000] {logging_mixin.py:137} INFO - [2023-04-28T06:07:43.675+0000] {dag.py:3441} INFO - Setting next_dagrun for example_short_circuit_decorator to 2023-04-27T06:07:43.674945+00:00, run_after=2023-04-28T06:07:43.674945+00:00
[2023-04-28T06:07:43.686+0000] {processor.py:175} INFO - Processing /home/airflow/.local/lib/python3.7/site-packages/airflow/example_dags/example_short_circuit_decorator.py took 0.071 seconds
[2023-04-28T06:08:14.090+0000] {processor.py:153} INFO - Started process (PID=15665) to work on /home/airflow/.local/lib/python3.7/site-packages/airflow/example_dags/example_short_circuit_decorator.py
[2023-04-28T06:08:14.092+0000] {processor.py:743} INFO - Processing file /home/airflow/.local/lib/python3.7/site-packages/airflow/example_dags/example_short_circuit_decorator.py for tasks to queue
[2023-04-28T06:08:14.092+0000] {logging_mixin.py:137} INFO - [2023-04-28T06:08:14.092+0000] {dagbag.py:538} INFO - Filling up the DagBag from /home/airflow/.local/lib/python3.7/site-packages/airflow/example_dags/example_short_circuit_decorator.py
[2023-04-28T06:08:14.110+0000] {processor.py:753} INFO - DAG(s) dict_keys(['example_short_circuit_decorator']) retrieved from /home/airflow/.local/lib/python3.7/site-packages/airflow/example_dags/example_short_circuit_decorator.py
[2023-04-28T06:08:14.130+0000] {logging_mixin.py:137} INFO - [2023-04-28T06:08:14.130+0000] {dag.py:2690} INFO - Sync 1 DAGs
[2023-04-28T06:08:14.147+0000] {logging_mixin.py:137} INFO - [2023-04-28T06:08:14.147+0000] {dag.py:3441} INFO - Setting next_dagrun for example_short_circuit_decorator to 2023-04-27T06:08:14.147020+00:00, run_after=2023-04-28T06:08:14.147020+00:00
[2023-04-28T06:08:14.159+0000] {processor.py:175} INFO - Processing /home/airflow/.local/lib/python3.7/site-packages/airflow/example_dags/example_short_circuit_decorator.py took 0.071 seconds
[2023-04-28T06:08:44.578+0000] {processor.py:153} INFO - Started process (PID=15731) to work on /home/airflow/.local/lib/python3.7/site-packages/airflow/example_dags/example_short_circuit_decorator.py
[2023-04-28T06:08:44.580+0000] {processor.py:743} INFO - Processing file /home/airflow/.local/lib/python3.7/site-packages/airflow/example_dags/example_short_circuit_decorator.py for tasks to queue
[2023-04-28T06:08:44.581+0000] {logging_mixin.py:137} INFO - [2023-04-28T06:08:44.581+0000] {dagbag.py:538} INFO - Filling up the DagBag from /home/airflow/.local/lib/python3.7/site-packages/airflow/example_dags/example_short_circuit_decorator.py
[2023-04-28T06:08:44.599+0000] {processor.py:753} INFO - DAG(s) dict_keys(['example_short_circuit_decorator']) retrieved from /home/airflow/.local/lib/python3.7/site-packages/airflow/example_dags/example_short_circuit_decorator.py
[2023-04-28T06:08:44.621+0000] {logging_mixin.py:137} INFO - [2023-04-28T06:08:44.620+0000] {dag.py:2690} INFO - Sync 1 DAGs
[2023-04-28T06:08:44.639+0000] {logging_mixin.py:137} INFO - [2023-04-28T06:08:44.638+0000] {dag.py:3441} INFO - Setting next_dagrun for example_short_circuit_decorator to 2023-04-27T06:08:44.638752+00:00, run_after=2023-04-28T06:08:44.638752+00:00
[2023-04-28T06:08:44.652+0000] {processor.py:175} INFO - Processing /home/airflow/.local/lib/python3.7/site-packages/airflow/example_dags/example_short_circuit_decorator.py took 0.078 seconds
[2023-04-28T06:09:15.033+0000] {processor.py:153} INFO - Started process (PID=15809) to work on /home/airflow/.local/lib/python3.7/site-packages/airflow/example_dags/example_short_circuit_decorator.py
[2023-04-28T06:09:15.034+0000] {processor.py:743} INFO - Processing file /home/airflow/.local/lib/python3.7/site-packages/airflow/example_dags/example_short_circuit_decorator.py for tasks to queue
[2023-04-28T06:09:15.035+0000] {logging_mixin.py:137} INFO - [2023-04-28T06:09:15.035+0000] {dagbag.py:538} INFO - Filling up the DagBag from /home/airflow/.local/lib/python3.7/site-packages/airflow/example_dags/example_short_circuit_decorator.py
[2023-04-28T06:09:15.053+0000] {processor.py:753} INFO - DAG(s) dict_keys(['example_short_circuit_decorator']) retrieved from /home/airflow/.local/lib/python3.7/site-packages/airflow/example_dags/example_short_circuit_decorator.py
[2023-04-28T06:09:15.074+0000] {logging_mixin.py:137} INFO - [2023-04-28T06:09:15.074+0000] {dag.py:2690} INFO - Sync 1 DAGs
[2023-04-28T06:09:15.090+0000] {logging_mixin.py:137} INFO - [2023-04-28T06:09:15.090+0000] {dag.py:3441} INFO - Setting next_dagrun for example_short_circuit_decorator to 2023-04-27T06:09:15.090022+00:00, run_after=2023-04-28T06:09:15.090022+00:00
[2023-04-28T06:09:15.103+0000] {processor.py:175} INFO - Processing /home/airflow/.local/lib/python3.7/site-packages/airflow/example_dags/example_short_circuit_decorator.py took 0.073 seconds
[2023-04-28T06:09:45.978+0000] {processor.py:153} INFO - Started process (PID=15888) to work on /home/airflow/.local/lib/python3.7/site-packages/airflow/example_dags/example_short_circuit_decorator.py
[2023-04-28T06:09:45.979+0000] {processor.py:743} INFO - Processing file /home/airflow/.local/lib/python3.7/site-packages/airflow/example_dags/example_short_circuit_decorator.py for tasks to queue
[2023-04-28T06:09:45.980+0000] {logging_mixin.py:137} INFO - [2023-04-28T06:09:45.980+0000] {dagbag.py:538} INFO - Filling up the DagBag from /home/airflow/.local/lib/python3.7/site-packages/airflow/example_dags/example_short_circuit_decorator.py
[2023-04-28T06:09:46.000+0000] {processor.py:753} INFO - DAG(s) dict_keys(['example_short_circuit_decorator']) retrieved from /home/airflow/.local/lib/python3.7/site-packages/airflow/example_dags/example_short_circuit_decorator.py
[2023-04-28T06:09:46.021+0000] {logging_mixin.py:137} INFO - [2023-04-28T06:09:46.021+0000] {dag.py:2690} INFO - Sync 1 DAGs
[2023-04-28T06:09:46.040+0000] {logging_mixin.py:137} INFO - [2023-04-28T06:09:46.040+0000] {dag.py:3441} INFO - Setting next_dagrun for example_short_circuit_decorator to 2023-04-27T06:09:46.040342+00:00, run_after=2023-04-28T06:09:46.040342+00:00
[2023-04-28T06:09:46.055+0000] {processor.py:175} INFO - Processing /home/airflow/.local/lib/python3.7/site-packages/airflow/example_dags/example_short_circuit_decorator.py took 0.081 seconds
[2023-04-28T06:10:16.383+0000] {processor.py:153} INFO - Started process (PID=15953) to work on /home/airflow/.local/lib/python3.7/site-packages/airflow/example_dags/example_short_circuit_decorator.py
[2023-04-28T06:10:16.385+0000] {processor.py:743} INFO - Processing file /home/airflow/.local/lib/python3.7/site-packages/airflow/example_dags/example_short_circuit_decorator.py for tasks to queue
[2023-04-28T06:10:16.385+0000] {logging_mixin.py:137} INFO - [2023-04-28T06:10:16.385+0000] {dagbag.py:538} INFO - Filling up the DagBag from /home/airflow/.local/lib/python3.7/site-packages/airflow/example_dags/example_short_circuit_decorator.py
[2023-04-28T06:10:16.403+0000] {processor.py:753} INFO - DAG(s) dict_keys(['example_short_circuit_decorator']) retrieved from /home/airflow/.local/lib/python3.7/site-packages/airflow/example_dags/example_short_circuit_decorator.py
[2023-04-28T06:10:16.424+0000] {logging_mixin.py:137} INFO - [2023-04-28T06:10:16.424+0000] {dag.py:2690} INFO - Sync 1 DAGs
[2023-04-28T06:10:16.442+0000] {logging_mixin.py:137} INFO - [2023-04-28T06:10:16.442+0000] {dag.py:3441} INFO - Setting next_dagrun for example_short_circuit_decorator to 2023-04-27T06:10:16.442028+00:00, run_after=2023-04-28T06:10:16.442028+00:00
[2023-04-28T06:10:16.454+0000] {processor.py:175} INFO - Processing /home/airflow/.local/lib/python3.7/site-packages/airflow/example_dags/example_short_circuit_decorator.py took 0.074 seconds
[2023-04-28T06:10:46.771+0000] {processor.py:153} INFO - Started process (PID=16031) to work on /home/airflow/.local/lib/python3.7/site-packages/airflow/example_dags/example_short_circuit_decorator.py
[2023-04-28T06:10:46.773+0000] {processor.py:743} INFO - Processing file /home/airflow/.local/lib/python3.7/site-packages/airflow/example_dags/example_short_circuit_decorator.py for tasks to queue
[2023-04-28T06:10:46.774+0000] {logging_mixin.py:137} INFO - [2023-04-28T06:10:46.773+0000] {dagbag.py:538} INFO - Filling up the DagBag from /home/airflow/.local/lib/python3.7/site-packages/airflow/example_dags/example_short_circuit_decorator.py
[2023-04-28T06:10:46.792+0000] {processor.py:753} INFO - DAG(s) dict_keys(['example_short_circuit_decorator']) retrieved from /home/airflow/.local/lib/python3.7/site-packages/airflow/example_dags/example_short_circuit_decorator.py
[2023-04-28T06:10:46.812+0000] {logging_mixin.py:137} INFO - [2023-04-28T06:10:46.812+0000] {dag.py:2690} INFO - Sync 1 DAGs
[2023-04-28T06:10:46.829+0000] {logging_mixin.py:137} INFO - [2023-04-28T06:10:46.829+0000] {dag.py:3441} INFO - Setting next_dagrun for example_short_circuit_decorator to 2023-04-27T06:10:46.828831+00:00, run_after=2023-04-28T06:10:46.828831+00:00
[2023-04-28T06:10:46.840+0000] {processor.py:175} INFO - Processing /home/airflow/.local/lib/python3.7/site-packages/airflow/example_dags/example_short_circuit_decorator.py took 0.072 seconds
[2023-04-28T06:11:17.326+0000] {processor.py:153} INFO - Started process (PID=16109) to work on /home/airflow/.local/lib/python3.7/site-packages/airflow/example_dags/example_short_circuit_decorator.py
[2023-04-28T06:11:17.328+0000] {processor.py:743} INFO - Processing file /home/airflow/.local/lib/python3.7/site-packages/airflow/example_dags/example_short_circuit_decorator.py for tasks to queue
[2023-04-28T06:11:17.331+0000] {logging_mixin.py:137} INFO - [2023-04-28T06:11:17.331+0000] {dagbag.py:538} INFO - Filling up the DagBag from /home/airflow/.local/lib/python3.7/site-packages/airflow/example_dags/example_short_circuit_decorator.py
[2023-04-28T06:11:17.362+0000] {processor.py:753} INFO - DAG(s) dict_keys(['example_short_circuit_decorator']) retrieved from /home/airflow/.local/lib/python3.7/site-packages/airflow/example_dags/example_short_circuit_decorator.py
[2023-04-28T06:11:17.391+0000] {logging_mixin.py:137} INFO - [2023-04-28T06:11:17.391+0000] {dag.py:2690} INFO - Sync 1 DAGs
[2023-04-28T06:11:17.416+0000] {logging_mixin.py:137} INFO - [2023-04-28T06:11:17.416+0000] {dag.py:3441} INFO - Setting next_dagrun for example_short_circuit_decorator to 2023-04-27T06:11:17.415777+00:00, run_after=2023-04-28T06:11:17.415777+00:00
[2023-04-28T06:11:17.431+0000] {processor.py:175} INFO - Processing /home/airflow/.local/lib/python3.7/site-packages/airflow/example_dags/example_short_circuit_decorator.py took 0.108 seconds
[2023-04-28T06:11:47.708+0000] {processor.py:153} INFO - Started process (PID=16175) to work on /home/airflow/.local/lib/python3.7/site-packages/airflow/example_dags/example_short_circuit_decorator.py
[2023-04-28T06:11:47.709+0000] {processor.py:743} INFO - Processing file /home/airflow/.local/lib/python3.7/site-packages/airflow/example_dags/example_short_circuit_decorator.py for tasks to queue
[2023-04-28T06:11:47.710+0000] {logging_mixin.py:137} INFO - [2023-04-28T06:11:47.710+0000] {dagbag.py:538} INFO - Filling up the DagBag from /home/airflow/.local/lib/python3.7/site-packages/airflow/example_dags/example_short_circuit_decorator.py
[2023-04-28T06:11:47.727+0000] {processor.py:753} INFO - DAG(s) dict_keys(['example_short_circuit_decorator']) retrieved from /home/airflow/.local/lib/python3.7/site-packages/airflow/example_dags/example_short_circuit_decorator.py
[2023-04-28T06:11:47.747+0000] {logging_mixin.py:137} INFO - [2023-04-28T06:11:47.747+0000] {dag.py:2690} INFO - Sync 1 DAGs
[2023-04-28T06:11:47.763+0000] {logging_mixin.py:137} INFO - [2023-04-28T06:11:47.763+0000] {dag.py:3441} INFO - Setting next_dagrun for example_short_circuit_decorator to 2023-04-27T06:11:47.763177+00:00, run_after=2023-04-28T06:11:47.763177+00:00
[2023-04-28T06:11:47.776+0000] {processor.py:175} INFO - Processing /home/airflow/.local/lib/python3.7/site-packages/airflow/example_dags/example_short_circuit_decorator.py took 0.070 seconds
[2023-04-28T06:12:18.442+0000] {processor.py:153} INFO - Started process (PID=16253) to work on /home/airflow/.local/lib/python3.7/site-packages/airflow/example_dags/example_short_circuit_decorator.py
[2023-04-28T06:12:18.444+0000] {processor.py:743} INFO - Processing file /home/airflow/.local/lib/python3.7/site-packages/airflow/example_dags/example_short_circuit_decorator.py for tasks to queue
[2023-04-28T06:12:18.445+0000] {logging_mixin.py:137} INFO - [2023-04-28T06:12:18.444+0000] {dagbag.py:538} INFO - Filling up the DagBag from /home/airflow/.local/lib/python3.7/site-packages/airflow/example_dags/example_short_circuit_decorator.py
[2023-04-28T06:12:18.463+0000] {processor.py:753} INFO - DAG(s) dict_keys(['example_short_circuit_decorator']) retrieved from /home/airflow/.local/lib/python3.7/site-packages/airflow/example_dags/example_short_circuit_decorator.py
[2023-04-28T06:12:18.484+0000] {logging_mixin.py:137} INFO - [2023-04-28T06:12:18.483+0000] {dag.py:2690} INFO - Sync 1 DAGs
[2023-04-28T06:12:18.501+0000] {logging_mixin.py:137} INFO - [2023-04-28T06:12:18.500+0000] {dag.py:3441} INFO - Setting next_dagrun for example_short_circuit_decorator to 2023-04-27T06:12:18.500744+00:00, run_after=2023-04-28T06:12:18.500744+00:00
[2023-04-28T06:12:18.513+0000] {processor.py:175} INFO - Processing /home/airflow/.local/lib/python3.7/site-packages/airflow/example_dags/example_short_circuit_decorator.py took 0.074 seconds
[2023-04-28T06:12:49.112+0000] {processor.py:153} INFO - Started process (PID=16330) to work on /home/airflow/.local/lib/python3.7/site-packages/airflow/example_dags/example_short_circuit_decorator.py
[2023-04-28T06:12:49.114+0000] {processor.py:743} INFO - Processing file /home/airflow/.local/lib/python3.7/site-packages/airflow/example_dags/example_short_circuit_decorator.py for tasks to queue
[2023-04-28T06:12:49.115+0000] {logging_mixin.py:137} INFO - [2023-04-28T06:12:49.115+0000] {dagbag.py:538} INFO - Filling up the DagBag from /home/airflow/.local/lib/python3.7/site-packages/airflow/example_dags/example_short_circuit_decorator.py
[2023-04-28T06:12:49.133+0000] {processor.py:753} INFO - DAG(s) dict_keys(['example_short_circuit_decorator']) retrieved from /home/airflow/.local/lib/python3.7/site-packages/airflow/example_dags/example_short_circuit_decorator.py
[2023-04-28T06:12:49.155+0000] {logging_mixin.py:137} INFO - [2023-04-28T06:12:49.155+0000] {dag.py:2690} INFO - Sync 1 DAGs
[2023-04-28T06:12:49.172+0000] {logging_mixin.py:137} INFO - [2023-04-28T06:12:49.172+0000] {dag.py:3441} INFO - Setting next_dagrun for example_short_circuit_decorator to 2023-04-27T06:12:49.172087+00:00, run_after=2023-04-28T06:12:49.172087+00:00
[2023-04-28T06:12:49.184+0000] {processor.py:175} INFO - Processing /home/airflow/.local/lib/python3.7/site-packages/airflow/example_dags/example_short_circuit_decorator.py took 0.075 seconds
[2023-04-28T06:13:19.507+0000] {processor.py:153} INFO - Started process (PID=16397) to work on /home/airflow/.local/lib/python3.7/site-packages/airflow/example_dags/example_short_circuit_decorator.py
[2023-04-28T06:13:19.508+0000] {processor.py:743} INFO - Processing file /home/airflow/.local/lib/python3.7/site-packages/airflow/example_dags/example_short_circuit_decorator.py for tasks to queue
[2023-04-28T06:13:19.509+0000] {logging_mixin.py:137} INFO - [2023-04-28T06:13:19.509+0000] {dagbag.py:538} INFO - Filling up the DagBag from /home/airflow/.local/lib/python3.7/site-packages/airflow/example_dags/example_short_circuit_decorator.py
[2023-04-28T06:13:19.532+0000] {processor.py:753} INFO - DAG(s) dict_keys(['example_short_circuit_decorator']) retrieved from /home/airflow/.local/lib/python3.7/site-packages/airflow/example_dags/example_short_circuit_decorator.py
[2023-04-28T06:13:19.556+0000] {logging_mixin.py:137} INFO - [2023-04-28T06:13:19.556+0000] {dag.py:2690} INFO - Sync 1 DAGs
[2023-04-28T06:13:19.581+0000] {logging_mixin.py:137} INFO - [2023-04-28T06:13:19.581+0000] {dag.py:3441} INFO - Setting next_dagrun for example_short_circuit_decorator to 2023-04-27T06:13:19.581109+00:00, run_after=2023-04-28T06:13:19.581109+00:00
[2023-04-28T06:13:19.611+0000] {processor.py:175} INFO - Processing /home/airflow/.local/lib/python3.7/site-packages/airflow/example_dags/example_short_circuit_decorator.py took 0.110 seconds
[2023-04-28T06:13:49.938+0000] {processor.py:153} INFO - Started process (PID=16475) to work on /home/airflow/.local/lib/python3.7/site-packages/airflow/example_dags/example_short_circuit_decorator.py
[2023-04-28T06:13:49.939+0000] {processor.py:743} INFO - Processing file /home/airflow/.local/lib/python3.7/site-packages/airflow/example_dags/example_short_circuit_decorator.py for tasks to queue
[2023-04-28T06:13:49.940+0000] {logging_mixin.py:137} INFO - [2023-04-28T06:13:49.940+0000] {dagbag.py:538} INFO - Filling up the DagBag from /home/airflow/.local/lib/python3.7/site-packages/airflow/example_dags/example_short_circuit_decorator.py
[2023-04-28T06:13:49.957+0000] {processor.py:753} INFO - DAG(s) dict_keys(['example_short_circuit_decorator']) retrieved from /home/airflow/.local/lib/python3.7/site-packages/airflow/example_dags/example_short_circuit_decorator.py
[2023-04-28T06:13:49.977+0000] {logging_mixin.py:137} INFO - [2023-04-28T06:13:49.977+0000] {dag.py:2690} INFO - Sync 1 DAGs
[2023-04-28T06:13:49.994+0000] {logging_mixin.py:137} INFO - [2023-04-28T06:13:49.994+0000] {dag.py:3441} INFO - Setting next_dagrun for example_short_circuit_decorator to 2023-04-27T06:13:49.993790+00:00, run_after=2023-04-28T06:13:49.993790+00:00
[2023-04-28T06:13:50.005+0000] {processor.py:175} INFO - Processing /home/airflow/.local/lib/python3.7/site-packages/airflow/example_dags/example_short_circuit_decorator.py took 0.070 seconds
[2023-04-28T06:14:20.371+0000] {processor.py:153} INFO - Started process (PID=16553) to work on /home/airflow/.local/lib/python3.7/site-packages/airflow/example_dags/example_short_circuit_decorator.py
[2023-04-28T06:14:20.372+0000] {processor.py:743} INFO - Processing file /home/airflow/.local/lib/python3.7/site-packages/airflow/example_dags/example_short_circuit_decorator.py for tasks to queue
[2023-04-28T06:14:20.373+0000] {logging_mixin.py:137} INFO - [2023-04-28T06:14:20.373+0000] {dagbag.py:538} INFO - Filling up the DagBag from /home/airflow/.local/lib/python3.7/site-packages/airflow/example_dags/example_short_circuit_decorator.py
[2023-04-28T06:14:20.391+0000] {processor.py:753} INFO - DAG(s) dict_keys(['example_short_circuit_decorator']) retrieved from /home/airflow/.local/lib/python3.7/site-packages/airflow/example_dags/example_short_circuit_decorator.py
[2023-04-28T06:14:20.411+0000] {logging_mixin.py:137} INFO - [2023-04-28T06:14:20.411+0000] {dag.py:2690} INFO - Sync 1 DAGs
[2023-04-28T06:14:20.428+0000] {logging_mixin.py:137} INFO - [2023-04-28T06:14:20.428+0000] {dag.py:3441} INFO - Setting next_dagrun for example_short_circuit_decorator to 2023-04-27T06:14:20.428072+00:00, run_after=2023-04-28T06:14:20.428072+00:00
[2023-04-28T06:14:20.440+0000] {processor.py:175} INFO - Processing /home/airflow/.local/lib/python3.7/site-packages/airflow/example_dags/example_short_circuit_decorator.py took 0.072 seconds
[2023-04-28T06:14:50.708+0000] {processor.py:153} INFO - Started process (PID=16618) to work on /home/airflow/.local/lib/python3.7/site-packages/airflow/example_dags/example_short_circuit_decorator.py
[2023-04-28T06:14:50.709+0000] {processor.py:743} INFO - Processing file /home/airflow/.local/lib/python3.7/site-packages/airflow/example_dags/example_short_circuit_decorator.py for tasks to queue
[2023-04-28T06:14:50.710+0000] {logging_mixin.py:137} INFO - [2023-04-28T06:14:50.710+0000] {dagbag.py:538} INFO - Filling up the DagBag from /home/airflow/.local/lib/python3.7/site-packages/airflow/example_dags/example_short_circuit_decorator.py
[2023-04-28T06:14:50.727+0000] {processor.py:753} INFO - DAG(s) dict_keys(['example_short_circuit_decorator']) retrieved from /home/airflow/.local/lib/python3.7/site-packages/airflow/example_dags/example_short_circuit_decorator.py
[2023-04-28T06:14:50.747+0000] {logging_mixin.py:137} INFO - [2023-04-28T06:14:50.747+0000] {dag.py:2690} INFO - Sync 1 DAGs
[2023-04-28T06:14:50.764+0000] {logging_mixin.py:137} INFO - [2023-04-28T06:14:50.764+0000] {dag.py:3441} INFO - Setting next_dagrun for example_short_circuit_decorator to 2023-04-27T06:14:50.764246+00:00, run_after=2023-04-28T06:14:50.764246+00:00
[2023-04-28T06:14:50.776+0000] {processor.py:175} INFO - Processing /home/airflow/.local/lib/python3.7/site-packages/airflow/example_dags/example_short_circuit_decorator.py took 0.070 seconds
[2023-04-28T06:15:21.273+0000] {processor.py:153} INFO - Started process (PID=16696) to work on /home/airflow/.local/lib/python3.7/site-packages/airflow/example_dags/example_short_circuit_decorator.py
[2023-04-28T06:15:21.274+0000] {processor.py:743} INFO - Processing file /home/airflow/.local/lib/python3.7/site-packages/airflow/example_dags/example_short_circuit_decorator.py for tasks to queue
[2023-04-28T06:15:21.275+0000] {logging_mixin.py:137} INFO - [2023-04-28T06:15:21.275+0000] {dagbag.py:538} INFO - Filling up the DagBag from /home/airflow/.local/lib/python3.7/site-packages/airflow/example_dags/example_short_circuit_decorator.py
[2023-04-28T06:15:21.292+0000] {processor.py:753} INFO - DAG(s) dict_keys(['example_short_circuit_decorator']) retrieved from /home/airflow/.local/lib/python3.7/site-packages/airflow/example_dags/example_short_circuit_decorator.py
[2023-04-28T06:15:21.312+0000] {logging_mixin.py:137} INFO - [2023-04-28T06:15:21.312+0000] {dag.py:2690} INFO - Sync 1 DAGs
[2023-04-28T06:15:21.329+0000] {logging_mixin.py:137} INFO - [2023-04-28T06:15:21.329+0000] {dag.py:3441} INFO - Setting next_dagrun for example_short_circuit_decorator to 2023-04-27T06:15:21.329157+00:00, run_after=2023-04-28T06:15:21.329157+00:00
[2023-04-28T06:15:21.341+0000] {processor.py:175} INFO - Processing /home/airflow/.local/lib/python3.7/site-packages/airflow/example_dags/example_short_circuit_decorator.py took 0.071 seconds
[2023-04-28T06:15:51.651+0000] {processor.py:153} INFO - Started process (PID=16773) to work on /home/airflow/.local/lib/python3.7/site-packages/airflow/example_dags/example_short_circuit_decorator.py
[2023-04-28T06:15:51.653+0000] {processor.py:743} INFO - Processing file /home/airflow/.local/lib/python3.7/site-packages/airflow/example_dags/example_short_circuit_decorator.py for tasks to queue
[2023-04-28T06:15:51.654+0000] {logging_mixin.py:137} INFO - [2023-04-28T06:15:51.653+0000] {dagbag.py:538} INFO - Filling up the DagBag from /home/airflow/.local/lib/python3.7/site-packages/airflow/example_dags/example_short_circuit_decorator.py
[2023-04-28T06:15:51.671+0000] {processor.py:753} INFO - DAG(s) dict_keys(['example_short_circuit_decorator']) retrieved from /home/airflow/.local/lib/python3.7/site-packages/airflow/example_dags/example_short_circuit_decorator.py
[2023-04-28T06:15:51.691+0000] {logging_mixin.py:137} INFO - [2023-04-28T06:15:51.691+0000] {dag.py:2690} INFO - Sync 1 DAGs
[2023-04-28T06:15:51.707+0000] {logging_mixin.py:137} INFO - [2023-04-28T06:15:51.707+0000] {dag.py:3441} INFO - Setting next_dagrun for example_short_circuit_decorator to 2023-04-27T06:15:51.707642+00:00, run_after=2023-04-28T06:15:51.707642+00:00
[2023-04-28T06:15:51.719+0000] {processor.py:175} INFO - Processing /home/airflow/.local/lib/python3.7/site-packages/airflow/example_dags/example_short_circuit_decorator.py took 0.070 seconds
[2023-04-28T06:16:21.900+0000] {processor.py:153} INFO - Started process (PID=16838) to work on /home/airflow/.local/lib/python3.7/site-packages/airflow/example_dags/example_short_circuit_decorator.py
[2023-04-28T06:16:21.902+0000] {processor.py:743} INFO - Processing file /home/airflow/.local/lib/python3.7/site-packages/airflow/example_dags/example_short_circuit_decorator.py for tasks to queue
[2023-04-28T06:16:21.903+0000] {logging_mixin.py:137} INFO - [2023-04-28T06:16:21.903+0000] {dagbag.py:538} INFO - Filling up the DagBag from /home/airflow/.local/lib/python3.7/site-packages/airflow/example_dags/example_short_circuit_decorator.py
[2023-04-28T06:16:21.920+0000] {processor.py:753} INFO - DAG(s) dict_keys(['example_short_circuit_decorator']) retrieved from /home/airflow/.local/lib/python3.7/site-packages/airflow/example_dags/example_short_circuit_decorator.py
[2023-04-28T06:16:21.941+0000] {logging_mixin.py:137} INFO - [2023-04-28T06:16:21.941+0000] {dag.py:2690} INFO - Sync 1 DAGs
[2023-04-28T06:16:21.957+0000] {logging_mixin.py:137} INFO - [2023-04-28T06:16:21.957+0000] {dag.py:3441} INFO - Setting next_dagrun for example_short_circuit_decorator to 2023-04-27T06:16:21.957537+00:00, run_after=2023-04-28T06:16:21.957537+00:00
[2023-04-28T06:16:21.970+0000] {processor.py:175} INFO - Processing /home/airflow/.local/lib/python3.7/site-packages/airflow/example_dags/example_short_circuit_decorator.py took 0.073 seconds
[2023-04-28T06:16:52.236+0000] {processor.py:153} INFO - Started process (PID=16916) to work on /home/airflow/.local/lib/python3.7/site-packages/airflow/example_dags/example_short_circuit_decorator.py
[2023-04-28T06:16:52.238+0000] {processor.py:743} INFO - Processing file /home/airflow/.local/lib/python3.7/site-packages/airflow/example_dags/example_short_circuit_decorator.py for tasks to queue
[2023-04-28T06:16:52.239+0000] {logging_mixin.py:137} INFO - [2023-04-28T06:16:52.238+0000] {dagbag.py:538} INFO - Filling up the DagBag from /home/airflow/.local/lib/python3.7/site-packages/airflow/example_dags/example_short_circuit_decorator.py
[2023-04-28T06:16:52.257+0000] {processor.py:753} INFO - DAG(s) dict_keys(['example_short_circuit_decorator']) retrieved from /home/airflow/.local/lib/python3.7/site-packages/airflow/example_dags/example_short_circuit_decorator.py
[2023-04-28T06:16:52.284+0000] {logging_mixin.py:137} INFO - [2023-04-28T06:16:52.284+0000] {dag.py:2690} INFO - Sync 1 DAGs
[2023-04-28T06:16:52.303+0000] {logging_mixin.py:137} INFO - [2023-04-28T06:16:52.302+0000] {dag.py:3441} INFO - Setting next_dagrun for example_short_circuit_decorator to 2023-04-27T06:16:52.302676+00:00, run_after=2023-04-28T06:16:52.302676+00:00
[2023-04-28T06:16:52.317+0000] {processor.py:175} INFO - Processing /home/airflow/.local/lib/python3.7/site-packages/airflow/example_dags/example_short_circuit_decorator.py took 0.084 seconds
[2023-04-28T06:17:22.821+0000] {processor.py:153} INFO - Started process (PID=16994) to work on /home/airflow/.local/lib/python3.7/site-packages/airflow/example_dags/example_short_circuit_decorator.py
[2023-04-28T06:17:22.822+0000] {processor.py:743} INFO - Processing file /home/airflow/.local/lib/python3.7/site-packages/airflow/example_dags/example_short_circuit_decorator.py for tasks to queue
[2023-04-28T06:17:22.823+0000] {logging_mixin.py:137} INFO - [2023-04-28T06:17:22.823+0000] {dagbag.py:538} INFO - Filling up the DagBag from /home/airflow/.local/lib/python3.7/site-packages/airflow/example_dags/example_short_circuit_decorator.py
[2023-04-28T06:17:22.840+0000] {processor.py:753} INFO - DAG(s) dict_keys(['example_short_circuit_decorator']) retrieved from /home/airflow/.local/lib/python3.7/site-packages/airflow/example_dags/example_short_circuit_decorator.py
[2023-04-28T06:17:22.860+0000] {logging_mixin.py:137} INFO - [2023-04-28T06:17:22.860+0000] {dag.py:2690} INFO - Sync 1 DAGs
[2023-04-28T06:17:22.876+0000] {logging_mixin.py:137} INFO - [2023-04-28T06:17:22.876+0000] {dag.py:3441} INFO - Setting next_dagrun for example_short_circuit_decorator to 2023-04-27T06:17:22.875884+00:00, run_after=2023-04-28T06:17:22.875884+00:00
[2023-04-28T06:17:22.887+0000] {processor.py:175} INFO - Processing /home/airflow/.local/lib/python3.7/site-packages/airflow/example_dags/example_short_circuit_decorator.py took 0.069 seconds
[2023-04-28T06:17:53.167+0000] {processor.py:153} INFO - Started process (PID=17060) to work on /home/airflow/.local/lib/python3.7/site-packages/airflow/example_dags/example_short_circuit_decorator.py
[2023-04-28T06:17:53.168+0000] {processor.py:743} INFO - Processing file /home/airflow/.local/lib/python3.7/site-packages/airflow/example_dags/example_short_circuit_decorator.py for tasks to queue
[2023-04-28T06:17:53.169+0000] {logging_mixin.py:137} INFO - [2023-04-28T06:17:53.169+0000] {dagbag.py:538} INFO - Filling up the DagBag from /home/airflow/.local/lib/python3.7/site-packages/airflow/example_dags/example_short_circuit_decorator.py
[2023-04-28T06:17:53.187+0000] {processor.py:753} INFO - DAG(s) dict_keys(['example_short_circuit_decorator']) retrieved from /home/airflow/.local/lib/python3.7/site-packages/airflow/example_dags/example_short_circuit_decorator.py
[2023-04-28T06:17:53.206+0000] {logging_mixin.py:137} INFO - [2023-04-28T06:17:53.206+0000] {dag.py:2690} INFO - Sync 1 DAGs
[2023-04-28T06:17:53.221+0000] {logging_mixin.py:137} INFO - [2023-04-28T06:17:53.221+0000] {dag.py:3441} INFO - Setting next_dagrun for example_short_circuit_decorator to 2023-04-27T06:17:53.221677+00:00, run_after=2023-04-28T06:17:53.221677+00:00
[2023-04-28T06:17:53.233+0000] {processor.py:175} INFO - Processing /home/airflow/.local/lib/python3.7/site-packages/airflow/example_dags/example_short_circuit_decorator.py took 0.069 seconds
[2023-04-28T06:18:23.820+0000] {processor.py:153} INFO - Started process (PID=17138) to work on /home/airflow/.local/lib/python3.7/site-packages/airflow/example_dags/example_short_circuit_decorator.py
[2023-04-28T06:18:23.821+0000] {processor.py:743} INFO - Processing file /home/airflow/.local/lib/python3.7/site-packages/airflow/example_dags/example_short_circuit_decorator.py for tasks to queue
[2023-04-28T06:18:23.822+0000] {logging_mixin.py:137} INFO - [2023-04-28T06:18:23.822+0000] {dagbag.py:538} INFO - Filling up the DagBag from /home/airflow/.local/lib/python3.7/site-packages/airflow/example_dags/example_short_circuit_decorator.py
[2023-04-28T06:18:23.840+0000] {processor.py:753} INFO - DAG(s) dict_keys(['example_short_circuit_decorator']) retrieved from /home/airflow/.local/lib/python3.7/site-packages/airflow/example_dags/example_short_circuit_decorator.py
[2023-04-28T06:18:23.859+0000] {logging_mixin.py:137} INFO - [2023-04-28T06:18:23.859+0000] {dag.py:2690} INFO - Sync 1 DAGs
[2023-04-28T06:18:23.877+0000] {logging_mixin.py:137} INFO - [2023-04-28T06:18:23.876+0000] {dag.py:3441} INFO - Setting next_dagrun for example_short_circuit_decorator to 2023-04-27T06:18:23.876706+00:00, run_after=2023-04-28T06:18:23.876706+00:00
[2023-04-28T06:18:23.888+0000] {processor.py:175} INFO - Processing /home/airflow/.local/lib/python3.7/site-packages/airflow/example_dags/example_short_circuit_decorator.py took 0.071 seconds
[2023-04-28T06:18:54.130+0000] {processor.py:153} INFO - Started process (PID=17216) to work on /home/airflow/.local/lib/python3.7/site-packages/airflow/example_dags/example_short_circuit_decorator.py
[2023-04-28T06:18:54.131+0000] {processor.py:743} INFO - Processing file /home/airflow/.local/lib/python3.7/site-packages/airflow/example_dags/example_short_circuit_decorator.py for tasks to queue
[2023-04-28T06:18:54.132+0000] {logging_mixin.py:137} INFO - [2023-04-28T06:18:54.132+0000] {dagbag.py:538} INFO - Filling up the DagBag from /home/airflow/.local/lib/python3.7/site-packages/airflow/example_dags/example_short_circuit_decorator.py
[2023-04-28T06:18:54.150+0000] {processor.py:753} INFO - DAG(s) dict_keys(['example_short_circuit_decorator']) retrieved from /home/airflow/.local/lib/python3.7/site-packages/airflow/example_dags/example_short_circuit_decorator.py
[2023-04-28T06:18:54.170+0000] {logging_mixin.py:137} INFO - [2023-04-28T06:18:54.169+0000] {dag.py:2690} INFO - Sync 1 DAGs
[2023-04-28T06:18:54.186+0000] {logging_mixin.py:137} INFO - [2023-04-28T06:18:54.186+0000] {dag.py:3441} INFO - Setting next_dagrun for example_short_circuit_decorator to 2023-04-27T06:18:54.186383+00:00, run_after=2023-04-28T06:18:54.186383+00:00
[2023-04-28T06:18:54.198+0000] {processor.py:175} INFO - Processing /home/airflow/.local/lib/python3.7/site-packages/airflow/example_dags/example_short_circuit_decorator.py took 0.071 seconds
