[2023-04-28T00:36:32.139+0000] {processor.py:153} INFO - Started process (PID=14567) to work on /home/airflow/.local/lib/python3.7/site-packages/airflow/example_dags/tutorial_taskflow_api.py
[2023-04-28T00:36:32.141+0000] {processor.py:743} INFO - Processing file /home/airflow/.local/lib/python3.7/site-packages/airflow/example_dags/tutorial_taskflow_api.py for tasks to queue
[2023-04-28T00:36:32.143+0000] {logging_mixin.py:137} INFO - [2023-04-28T00:36:32.142+0000] {dagbag.py:538} INFO - Filling up the DagBag from /home/airflow/.local/lib/python3.7/site-packages/airflow/example_dags/tutorial_taskflow_api.py
[2023-04-28T00:36:32.163+0000] {processor.py:753} INFO - DAG(s) dict_keys(['tutorial_taskflow_api']) retrieved from /home/airflow/.local/lib/python3.7/site-packages/airflow/example_dags/tutorial_taskflow_api.py
[2023-04-28T00:36:32.187+0000] {logging_mixin.py:137} INFO - [2023-04-28T00:36:32.186+0000] {dag.py:2690} INFO - Sync 1 DAGs
[2023-04-28T00:36:32.217+0000] {logging_mixin.py:137} INFO - [2023-04-28T00:36:32.217+0000] {dag.py:3441} INFO - Setting next_dagrun for tutorial_taskflow_api to None, run_after=None
[2023-04-28T00:36:32.228+0000] {processor.py:175} INFO - Processing /home/airflow/.local/lib/python3.7/site-packages/airflow/example_dags/tutorial_taskflow_api.py took 0.103 seconds
[2023-04-28T01:42:53.441+0000] {processor.py:153} INFO - Started process (PID=14645) to work on /home/airflow/.local/lib/python3.7/site-packages/airflow/example_dags/tutorial_taskflow_api.py
[2023-04-28T01:42:53.442+0000] {processor.py:743} INFO - Processing file /home/airflow/.local/lib/python3.7/site-packages/airflow/example_dags/tutorial_taskflow_api.py for tasks to queue
[2023-04-28T01:42:53.443+0000] {logging_mixin.py:137} INFO - [2023-04-28T01:42:53.443+0000] {dagbag.py:538} INFO - Filling up the DagBag from /home/airflow/.local/lib/python3.7/site-packages/airflow/example_dags/tutorial_taskflow_api.py
[2023-04-28T01:42:53.459+0000] {processor.py:753} INFO - DAG(s) dict_keys(['tutorial_taskflow_api']) retrieved from /home/airflow/.local/lib/python3.7/site-packages/airflow/example_dags/tutorial_taskflow_api.py
[2023-04-28T01:42:53.481+0000] {logging_mixin.py:137} INFO - [2023-04-28T01:42:53.481+0000] {dag.py:2690} INFO - Sync 1 DAGs
[2023-04-28T01:42:53.505+0000] {logging_mixin.py:137} INFO - [2023-04-28T01:42:53.505+0000] {dag.py:3441} INFO - Setting next_dagrun for tutorial_taskflow_api to None, run_after=None
[2023-04-28T01:42:53.528+0000] {processor.py:175} INFO - Processing /home/airflow/.local/lib/python3.7/site-packages/airflow/example_dags/tutorial_taskflow_api.py took 0.090 seconds
[2023-04-28T02:48:41.302+0000] {processor.py:153} INFO - Started process (PID=14711) to work on /home/airflow/.local/lib/python3.7/site-packages/airflow/example_dags/tutorial_taskflow_api.py
[2023-04-28T02:48:41.304+0000] {processor.py:743} INFO - Processing file /home/airflow/.local/lib/python3.7/site-packages/airflow/example_dags/tutorial_taskflow_api.py for tasks to queue
[2023-04-28T02:48:41.304+0000] {logging_mixin.py:137} INFO - [2023-04-28T02:48:41.304+0000] {dagbag.py:538} INFO - Filling up the DagBag from /home/airflow/.local/lib/python3.7/site-packages/airflow/example_dags/tutorial_taskflow_api.py
[2023-04-28T02:48:41.320+0000] {processor.py:753} INFO - DAG(s) dict_keys(['tutorial_taskflow_api']) retrieved from /home/airflow/.local/lib/python3.7/site-packages/airflow/example_dags/tutorial_taskflow_api.py
[2023-04-28T02:48:41.340+0000] {logging_mixin.py:137} INFO - [2023-04-28T02:48:41.339+0000] {dag.py:2690} INFO - Sync 1 DAGs
[2023-04-28T02:48:41.355+0000] {logging_mixin.py:137} INFO - [2023-04-28T02:48:41.355+0000] {dag.py:3441} INFO - Setting next_dagrun for tutorial_taskflow_api to None, run_after=None
[2023-04-28T02:48:41.367+0000] {processor.py:175} INFO - Processing /home/airflow/.local/lib/python3.7/site-packages/airflow/example_dags/tutorial_taskflow_api.py took 0.068 seconds
[2023-04-28T03:54:54.641+0000] {processor.py:153} INFO - Started process (PID=14788) to work on /home/airflow/.local/lib/python3.7/site-packages/airflow/example_dags/tutorial_taskflow_api.py
[2023-04-28T03:54:54.643+0000] {processor.py:743} INFO - Processing file /home/airflow/.local/lib/python3.7/site-packages/airflow/example_dags/tutorial_taskflow_api.py for tasks to queue
[2023-04-28T03:54:54.643+0000] {logging_mixin.py:137} INFO - [2023-04-28T03:54:54.643+0000] {dagbag.py:538} INFO - Filling up the DagBag from /home/airflow/.local/lib/python3.7/site-packages/airflow/example_dags/tutorial_taskflow_api.py
[2023-04-28T03:54:54.659+0000] {processor.py:753} INFO - DAG(s) dict_keys(['tutorial_taskflow_api']) retrieved from /home/airflow/.local/lib/python3.7/site-packages/airflow/example_dags/tutorial_taskflow_api.py
[2023-04-28T03:54:54.680+0000] {logging_mixin.py:137} INFO - [2023-04-28T03:54:54.680+0000] {dag.py:2690} INFO - Sync 1 DAGs
[2023-04-28T03:54:54.696+0000] {logging_mixin.py:137} INFO - [2023-04-28T03:54:54.696+0000] {dag.py:3441} INFO - Setting next_dagrun for tutorial_taskflow_api to None, run_after=None
[2023-04-28T03:54:54.711+0000] {processor.py:175} INFO - Processing /home/airflow/.local/lib/python3.7/site-packages/airflow/example_dags/tutorial_taskflow_api.py took 0.074 seconds
[2023-04-28T05:16:16.808+0000] {processor.py:153} INFO - Started process (PID=14854) to work on /home/airflow/.local/lib/python3.7/site-packages/airflow/example_dags/tutorial_taskflow_api.py
[2023-04-28T05:16:16.809+0000] {processor.py:743} INFO - Processing file /home/airflow/.local/lib/python3.7/site-packages/airflow/example_dags/tutorial_taskflow_api.py for tasks to queue
[2023-04-28T05:16:16.810+0000] {logging_mixin.py:137} INFO - [2023-04-28T05:16:16.809+0000] {dagbag.py:538} INFO - Filling up the DagBag from /home/airflow/.local/lib/python3.7/site-packages/airflow/example_dags/tutorial_taskflow_api.py
[2023-04-28T05:16:16.826+0000] {processor.py:753} INFO - DAG(s) dict_keys(['tutorial_taskflow_api']) retrieved from /home/airflow/.local/lib/python3.7/site-packages/airflow/example_dags/tutorial_taskflow_api.py
[2023-04-28T05:16:16.848+0000] {logging_mixin.py:137} INFO - [2023-04-28T05:16:16.848+0000] {dag.py:2690} INFO - Sync 1 DAGs
[2023-04-28T05:16:16.864+0000] {logging_mixin.py:137} INFO - [2023-04-28T05:16:16.864+0000] {dag.py:3441} INFO - Setting next_dagrun for tutorial_taskflow_api to None, run_after=None
[2023-04-28T05:16:16.875+0000] {processor.py:175} INFO - Processing /home/airflow/.local/lib/python3.7/site-packages/airflow/example_dags/tutorial_taskflow_api.py took 0.070 seconds
[2023-04-28T05:32:13.096+0000] {processor.py:153} INFO - Started process (PID=14934) to work on /home/airflow/.local/lib/python3.7/site-packages/airflow/example_dags/tutorial_taskflow_api.py
[2023-04-28T05:32:13.097+0000] {processor.py:743} INFO - Processing file /home/airflow/.local/lib/python3.7/site-packages/airflow/example_dags/tutorial_taskflow_api.py for tasks to queue
[2023-04-28T05:32:13.098+0000] {logging_mixin.py:137} INFO - [2023-04-28T05:32:13.098+0000] {dagbag.py:538} INFO - Filling up the DagBag from /home/airflow/.local/lib/python3.7/site-packages/airflow/example_dags/tutorial_taskflow_api.py
[2023-04-28T05:32:13.113+0000] {processor.py:753} INFO - DAG(s) dict_keys(['tutorial_taskflow_api']) retrieved from /home/airflow/.local/lib/python3.7/site-packages/airflow/example_dags/tutorial_taskflow_api.py
[2023-04-28T05:32:13.133+0000] {logging_mixin.py:137} INFO - [2023-04-28T05:32:13.133+0000] {dag.py:2690} INFO - Sync 1 DAGs
[2023-04-28T05:32:13.149+0000] {logging_mixin.py:137} INFO - [2023-04-28T05:32:13.149+0000] {dag.py:3441} INFO - Setting next_dagrun for tutorial_taskflow_api to None, run_after=None
[2023-04-28T05:32:13.160+0000] {processor.py:175} INFO - Processing /home/airflow/.local/lib/python3.7/site-packages/airflow/example_dags/tutorial_taskflow_api.py took 0.067 seconds
[2023-04-28T05:32:43.418+0000] {processor.py:153} INFO - Started process (PID=15011) to work on /home/airflow/.local/lib/python3.7/site-packages/airflow/example_dags/tutorial_taskflow_api.py
[2023-04-28T05:32:43.419+0000] {processor.py:743} INFO - Processing file /home/airflow/.local/lib/python3.7/site-packages/airflow/example_dags/tutorial_taskflow_api.py for tasks to queue
[2023-04-28T05:32:43.421+0000] {logging_mixin.py:137} INFO - [2023-04-28T05:32:43.421+0000] {dagbag.py:538} INFO - Filling up the DagBag from /home/airflow/.local/lib/python3.7/site-packages/airflow/example_dags/tutorial_taskflow_api.py
[2023-04-28T05:32:43.442+0000] {processor.py:753} INFO - DAG(s) dict_keys(['tutorial_taskflow_api']) retrieved from /home/airflow/.local/lib/python3.7/site-packages/airflow/example_dags/tutorial_taskflow_api.py
[2023-04-28T05:32:43.469+0000] {logging_mixin.py:137} INFO - [2023-04-28T05:32:43.469+0000] {dag.py:2690} INFO - Sync 1 DAGs
[2023-04-28T05:32:43.488+0000] {logging_mixin.py:137} INFO - [2023-04-28T05:32:43.487+0000] {dag.py:3441} INFO - Setting next_dagrun for tutorial_taskflow_api to None, run_after=None
[2023-04-28T05:32:43.500+0000] {processor.py:175} INFO - Processing /home/airflow/.local/lib/python3.7/site-packages/airflow/example_dags/tutorial_taskflow_api.py took 0.084 seconds
[2023-04-28T06:03:56.021+0000] {processor.py:153} INFO - Started process (PID=15078) to work on /home/airflow/.local/lib/python3.7/site-packages/airflow/example_dags/tutorial_taskflow_api.py
[2023-04-28T06:03:56.022+0000] {processor.py:743} INFO - Processing file /home/airflow/.local/lib/python3.7/site-packages/airflow/example_dags/tutorial_taskflow_api.py for tasks to queue
[2023-04-28T06:03:56.023+0000] {logging_mixin.py:137} INFO - [2023-04-28T06:03:56.023+0000] {dagbag.py:538} INFO - Filling up the DagBag from /home/airflow/.local/lib/python3.7/site-packages/airflow/example_dags/tutorial_taskflow_api.py
[2023-04-28T06:03:56.044+0000] {processor.py:753} INFO - DAG(s) dict_keys(['tutorial_taskflow_api']) retrieved from /home/airflow/.local/lib/python3.7/site-packages/airflow/example_dags/tutorial_taskflow_api.py
[2023-04-28T06:03:56.064+0000] {logging_mixin.py:137} INFO - [2023-04-28T06:03:56.064+0000] {dag.py:2690} INFO - Sync 1 DAGs
[2023-04-28T06:03:56.080+0000] {logging_mixin.py:137} INFO - [2023-04-28T06:03:56.080+0000] {dag.py:3441} INFO - Setting next_dagrun for tutorial_taskflow_api to None, run_after=None
[2023-04-28T06:03:56.091+0000] {processor.py:175} INFO - Processing /home/airflow/.local/lib/python3.7/site-packages/airflow/example_dags/tutorial_taskflow_api.py took 0.073 seconds
[2023-04-28T06:04:41.576+0000] {processor.py:153} INFO - Started process (PID=15157) to work on /home/airflow/.local/lib/python3.7/site-packages/airflow/example_dags/tutorial_taskflow_api.py
[2023-04-28T06:04:41.577+0000] {processor.py:743} INFO - Processing file /home/airflow/.local/lib/python3.7/site-packages/airflow/example_dags/tutorial_taskflow_api.py for tasks to queue
[2023-04-28T06:04:41.578+0000] {logging_mixin.py:137} INFO - [2023-04-28T06:04:41.578+0000] {dagbag.py:538} INFO - Filling up the DagBag from /home/airflow/.local/lib/python3.7/site-packages/airflow/example_dags/tutorial_taskflow_api.py
[2023-04-28T06:04:41.592+0000] {processor.py:753} INFO - DAG(s) dict_keys(['tutorial_taskflow_api']) retrieved from /home/airflow/.local/lib/python3.7/site-packages/airflow/example_dags/tutorial_taskflow_api.py
[2023-04-28T06:04:41.613+0000] {logging_mixin.py:137} INFO - [2023-04-28T06:04:41.613+0000] {dag.py:2690} INFO - Sync 1 DAGs
[2023-04-28T06:04:41.628+0000] {logging_mixin.py:137} INFO - [2023-04-28T06:04:41.628+0000] {dag.py:3441} INFO - Setting next_dagrun for tutorial_taskflow_api to None, run_after=None
[2023-04-28T06:04:41.639+0000] {processor.py:175} INFO - Processing /home/airflow/.local/lib/python3.7/site-packages/airflow/example_dags/tutorial_taskflow_api.py took 0.066 seconds
[2023-04-28T06:05:12.184+0000] {processor.py:153} INFO - Started process (PID=15235) to work on /home/airflow/.local/lib/python3.7/site-packages/airflow/example_dags/tutorial_taskflow_api.py
[2023-04-28T06:05:12.185+0000] {processor.py:743} INFO - Processing file /home/airflow/.local/lib/python3.7/site-packages/airflow/example_dags/tutorial_taskflow_api.py for tasks to queue
[2023-04-28T06:05:12.187+0000] {logging_mixin.py:137} INFO - [2023-04-28T06:05:12.187+0000] {dagbag.py:538} INFO - Filling up the DagBag from /home/airflow/.local/lib/python3.7/site-packages/airflow/example_dags/tutorial_taskflow_api.py
[2023-04-28T06:05:12.204+0000] {processor.py:753} INFO - DAG(s) dict_keys(['tutorial_taskflow_api']) retrieved from /home/airflow/.local/lib/python3.7/site-packages/airflow/example_dags/tutorial_taskflow_api.py
[2023-04-28T06:05:12.224+0000] {logging_mixin.py:137} INFO - [2023-04-28T06:05:12.224+0000] {dag.py:2690} INFO - Sync 1 DAGs
[2023-04-28T06:05:12.240+0000] {logging_mixin.py:137} INFO - [2023-04-28T06:05:12.240+0000] {dag.py:3441} INFO - Setting next_dagrun for tutorial_taskflow_api to None, run_after=None
[2023-04-28T06:05:12.256+0000] {processor.py:175} INFO - Processing /home/airflow/.local/lib/python3.7/site-packages/airflow/example_dags/tutorial_taskflow_api.py took 0.075 seconds
[2023-04-28T06:05:42.656+0000] {processor.py:153} INFO - Started process (PID=15301) to work on /home/airflow/.local/lib/python3.7/site-packages/airflow/example_dags/tutorial_taskflow_api.py
[2023-04-28T06:05:42.657+0000] {processor.py:743} INFO - Processing file /home/airflow/.local/lib/python3.7/site-packages/airflow/example_dags/tutorial_taskflow_api.py for tasks to queue
[2023-04-28T06:05:42.658+0000] {logging_mixin.py:137} INFO - [2023-04-28T06:05:42.658+0000] {dagbag.py:538} INFO - Filling up the DagBag from /home/airflow/.local/lib/python3.7/site-packages/airflow/example_dags/tutorial_taskflow_api.py
[2023-04-28T06:05:42.675+0000] {processor.py:753} INFO - DAG(s) dict_keys(['tutorial_taskflow_api']) retrieved from /home/airflow/.local/lib/python3.7/site-packages/airflow/example_dags/tutorial_taskflow_api.py
[2023-04-28T06:05:42.695+0000] {logging_mixin.py:137} INFO - [2023-04-28T06:05:42.695+0000] {dag.py:2690} INFO - Sync 1 DAGs
[2023-04-28T06:05:42.711+0000] {logging_mixin.py:137} INFO - [2023-04-28T06:05:42.711+0000] {dag.py:3441} INFO - Setting next_dagrun for tutorial_taskflow_api to None, run_after=None
[2023-04-28T06:05:42.724+0000] {processor.py:175} INFO - Processing /home/airflow/.local/lib/python3.7/site-packages/airflow/example_dags/tutorial_taskflow_api.py took 0.071 seconds
[2023-04-28T06:06:12.881+0000] {processor.py:153} INFO - Started process (PID=15381) to work on /home/airflow/.local/lib/python3.7/site-packages/airflow/example_dags/tutorial_taskflow_api.py
[2023-04-28T06:06:12.882+0000] {processor.py:743} INFO - Processing file /home/airflow/.local/lib/python3.7/site-packages/airflow/example_dags/tutorial_taskflow_api.py for tasks to queue
[2023-04-28T06:06:12.883+0000] {logging_mixin.py:137} INFO - [2023-04-28T06:06:12.883+0000] {dagbag.py:538} INFO - Filling up the DagBag from /home/airflow/.local/lib/python3.7/site-packages/airflow/example_dags/tutorial_taskflow_api.py
[2023-04-28T06:06:12.898+0000] {processor.py:753} INFO - DAG(s) dict_keys(['tutorial_taskflow_api']) retrieved from /home/airflow/.local/lib/python3.7/site-packages/airflow/example_dags/tutorial_taskflow_api.py
[2023-04-28T06:06:12.918+0000] {logging_mixin.py:137} INFO - [2023-04-28T06:06:12.918+0000] {dag.py:2690} INFO - Sync 1 DAGs
[2023-04-28T06:06:12.934+0000] {logging_mixin.py:137} INFO - [2023-04-28T06:06:12.933+0000] {dag.py:3441} INFO - Setting next_dagrun for tutorial_taskflow_api to None, run_after=None
[2023-04-28T06:06:12.945+0000] {processor.py:175} INFO - Processing /home/airflow/.local/lib/python3.7/site-packages/airflow/example_dags/tutorial_taskflow_api.py took 0.067 seconds
[2023-04-28T06:06:43.580+0000] {processor.py:153} INFO - Started process (PID=15458) to work on /home/airflow/.local/lib/python3.7/site-packages/airflow/example_dags/tutorial_taskflow_api.py
[2023-04-28T06:06:43.581+0000] {processor.py:743} INFO - Processing file /home/airflow/.local/lib/python3.7/site-packages/airflow/example_dags/tutorial_taskflow_api.py for tasks to queue
[2023-04-28T06:06:43.582+0000] {logging_mixin.py:137} INFO - [2023-04-28T06:06:43.582+0000] {dagbag.py:538} INFO - Filling up the DagBag from /home/airflow/.local/lib/python3.7/site-packages/airflow/example_dags/tutorial_taskflow_api.py
[2023-04-28T06:06:43.597+0000] {processor.py:753} INFO - DAG(s) dict_keys(['tutorial_taskflow_api']) retrieved from /home/airflow/.local/lib/python3.7/site-packages/airflow/example_dags/tutorial_taskflow_api.py
[2023-04-28T06:06:43.617+0000] {logging_mixin.py:137} INFO - [2023-04-28T06:06:43.617+0000] {dag.py:2690} INFO - Sync 1 DAGs
[2023-04-28T06:06:43.632+0000] {logging_mixin.py:137} INFO - [2023-04-28T06:06:43.632+0000] {dag.py:3441} INFO - Setting next_dagrun for tutorial_taskflow_api to None, run_after=None
[2023-04-28T06:06:43.644+0000] {processor.py:175} INFO - Processing /home/airflow/.local/lib/python3.7/site-packages/airflow/example_dags/tutorial_taskflow_api.py took 0.067 seconds
[2023-04-28T06:07:13.956+0000] {processor.py:153} INFO - Started process (PID=15525) to work on /home/airflow/.local/lib/python3.7/site-packages/airflow/example_dags/tutorial_taskflow_api.py
[2023-04-28T06:07:13.957+0000] {processor.py:743} INFO - Processing file /home/airflow/.local/lib/python3.7/site-packages/airflow/example_dags/tutorial_taskflow_api.py for tasks to queue
[2023-04-28T06:07:13.958+0000] {logging_mixin.py:137} INFO - [2023-04-28T06:07:13.957+0000] {dagbag.py:538} INFO - Filling up the DagBag from /home/airflow/.local/lib/python3.7/site-packages/airflow/example_dags/tutorial_taskflow_api.py
[2023-04-28T06:07:13.973+0000] {processor.py:753} INFO - DAG(s) dict_keys(['tutorial_taskflow_api']) retrieved from /home/airflow/.local/lib/python3.7/site-packages/airflow/example_dags/tutorial_taskflow_api.py
[2023-04-28T06:07:13.993+0000] {logging_mixin.py:137} INFO - [2023-04-28T06:07:13.993+0000] {dag.py:2690} INFO - Sync 1 DAGs
[2023-04-28T06:07:14.008+0000] {logging_mixin.py:137} INFO - [2023-04-28T06:07:14.008+0000] {dag.py:3441} INFO - Setting next_dagrun for tutorial_taskflow_api to None, run_after=None
[2023-04-28T06:07:14.020+0000] {processor.py:175} INFO - Processing /home/airflow/.local/lib/python3.7/site-packages/airflow/example_dags/tutorial_taskflow_api.py took 0.067 seconds
[2023-04-28T06:07:44.553+0000] {processor.py:153} INFO - Started process (PID=15603) to work on /home/airflow/.local/lib/python3.7/site-packages/airflow/example_dags/tutorial_taskflow_api.py
[2023-04-28T06:07:44.554+0000] {processor.py:743} INFO - Processing file /home/airflow/.local/lib/python3.7/site-packages/airflow/example_dags/tutorial_taskflow_api.py for tasks to queue
[2023-04-28T06:07:44.555+0000] {logging_mixin.py:137} INFO - [2023-04-28T06:07:44.555+0000] {dagbag.py:538} INFO - Filling up the DagBag from /home/airflow/.local/lib/python3.7/site-packages/airflow/example_dags/tutorial_taskflow_api.py
[2023-04-28T06:07:44.571+0000] {processor.py:753} INFO - DAG(s) dict_keys(['tutorial_taskflow_api']) retrieved from /home/airflow/.local/lib/python3.7/site-packages/airflow/example_dags/tutorial_taskflow_api.py
[2023-04-28T06:07:44.590+0000] {logging_mixin.py:137} INFO - [2023-04-28T06:07:44.590+0000] {dag.py:2690} INFO - Sync 1 DAGs
[2023-04-28T06:07:44.606+0000] {logging_mixin.py:137} INFO - [2023-04-28T06:07:44.606+0000] {dag.py:3441} INFO - Setting next_dagrun for tutorial_taskflow_api to None, run_after=None
[2023-04-28T06:07:44.617+0000] {processor.py:175} INFO - Processing /home/airflow/.local/lib/python3.7/site-packages/airflow/example_dags/tutorial_taskflow_api.py took 0.067 seconds
[2023-04-28T06:08:14.905+0000] {processor.py:153} INFO - Started process (PID=15681) to work on /home/airflow/.local/lib/python3.7/site-packages/airflow/example_dags/tutorial_taskflow_api.py
[2023-04-28T06:08:14.906+0000] {processor.py:743} INFO - Processing file /home/airflow/.local/lib/python3.7/site-packages/airflow/example_dags/tutorial_taskflow_api.py for tasks to queue
[2023-04-28T06:08:14.907+0000] {logging_mixin.py:137} INFO - [2023-04-28T06:08:14.907+0000] {dagbag.py:538} INFO - Filling up the DagBag from /home/airflow/.local/lib/python3.7/site-packages/airflow/example_dags/tutorial_taskflow_api.py
[2023-04-28T06:08:14.922+0000] {processor.py:753} INFO - DAG(s) dict_keys(['tutorial_taskflow_api']) retrieved from /home/airflow/.local/lib/python3.7/site-packages/airflow/example_dags/tutorial_taskflow_api.py
[2023-04-28T06:08:14.942+0000] {logging_mixin.py:137} INFO - [2023-04-28T06:08:14.942+0000] {dag.py:2690} INFO - Sync 1 DAGs
[2023-04-28T06:08:14.959+0000] {logging_mixin.py:137} INFO - [2023-04-28T06:08:14.959+0000] {dag.py:3441} INFO - Setting next_dagrun for tutorial_taskflow_api to None, run_after=None
[2023-04-28T06:08:14.971+0000] {processor.py:175} INFO - Processing /home/airflow/.local/lib/python3.7/site-packages/airflow/example_dags/tutorial_taskflow_api.py took 0.068 seconds
[2023-04-28T06:08:45.463+0000] {processor.py:153} INFO - Started process (PID=15747) to work on /home/airflow/.local/lib/python3.7/site-packages/airflow/example_dags/tutorial_taskflow_api.py
[2023-04-28T06:08:45.464+0000] {processor.py:743} INFO - Processing file /home/airflow/.local/lib/python3.7/site-packages/airflow/example_dags/tutorial_taskflow_api.py for tasks to queue
[2023-04-28T06:08:45.464+0000] {logging_mixin.py:137} INFO - [2023-04-28T06:08:45.464+0000] {dagbag.py:538} INFO - Filling up the DagBag from /home/airflow/.local/lib/python3.7/site-packages/airflow/example_dags/tutorial_taskflow_api.py
[2023-04-28T06:08:45.479+0000] {processor.py:753} INFO - DAG(s) dict_keys(['tutorial_taskflow_api']) retrieved from /home/airflow/.local/lib/python3.7/site-packages/airflow/example_dags/tutorial_taskflow_api.py
[2023-04-28T06:08:45.499+0000] {logging_mixin.py:137} INFO - [2023-04-28T06:08:45.499+0000] {dag.py:2690} INFO - Sync 1 DAGs
[2023-04-28T06:08:45.515+0000] {logging_mixin.py:137} INFO - [2023-04-28T06:08:45.515+0000] {dag.py:3441} INFO - Setting next_dagrun for tutorial_taskflow_api to None, run_after=None
[2023-04-28T06:08:45.527+0000] {processor.py:175} INFO - Processing /home/airflow/.local/lib/python3.7/site-packages/airflow/example_dags/tutorial_taskflow_api.py took 0.067 seconds
[2023-04-28T06:09:15.894+0000] {processor.py:153} INFO - Started process (PID=15825) to work on /home/airflow/.local/lib/python3.7/site-packages/airflow/example_dags/tutorial_taskflow_api.py
[2023-04-28T06:09:15.896+0000] {processor.py:743} INFO - Processing file /home/airflow/.local/lib/python3.7/site-packages/airflow/example_dags/tutorial_taskflow_api.py for tasks to queue
[2023-04-28T06:09:15.896+0000] {logging_mixin.py:137} INFO - [2023-04-28T06:09:15.896+0000] {dagbag.py:538} INFO - Filling up the DagBag from /home/airflow/.local/lib/python3.7/site-packages/airflow/example_dags/tutorial_taskflow_api.py
[2023-04-28T06:09:15.912+0000] {processor.py:753} INFO - DAG(s) dict_keys(['tutorial_taskflow_api']) retrieved from /home/airflow/.local/lib/python3.7/site-packages/airflow/example_dags/tutorial_taskflow_api.py
[2023-04-28T06:09:15.936+0000] {logging_mixin.py:137} INFO - [2023-04-28T06:09:15.936+0000] {dag.py:2690} INFO - Sync 1 DAGs
[2023-04-28T06:09:15.951+0000] {logging_mixin.py:137} INFO - [2023-04-28T06:09:15.951+0000] {dag.py:3441} INFO - Setting next_dagrun for tutorial_taskflow_api to None, run_after=None
[2023-04-28T06:09:15.963+0000] {processor.py:175} INFO - Processing /home/airflow/.local/lib/python3.7/site-packages/airflow/example_dags/tutorial_taskflow_api.py took 0.071 seconds
[2023-04-28T06:09:46.883+0000] {processor.py:153} INFO - Started process (PID=15904) to work on /home/airflow/.local/lib/python3.7/site-packages/airflow/example_dags/tutorial_taskflow_api.py
[2023-04-28T06:09:46.884+0000] {processor.py:743} INFO - Processing file /home/airflow/.local/lib/python3.7/site-packages/airflow/example_dags/tutorial_taskflow_api.py for tasks to queue
[2023-04-28T06:09:46.885+0000] {logging_mixin.py:137} INFO - [2023-04-28T06:09:46.885+0000] {dagbag.py:538} INFO - Filling up the DagBag from /home/airflow/.local/lib/python3.7/site-packages/airflow/example_dags/tutorial_taskflow_api.py
[2023-04-28T06:09:46.899+0000] {processor.py:753} INFO - DAG(s) dict_keys(['tutorial_taskflow_api']) retrieved from /home/airflow/.local/lib/python3.7/site-packages/airflow/example_dags/tutorial_taskflow_api.py
[2023-04-28T06:09:46.919+0000] {logging_mixin.py:137} INFO - [2023-04-28T06:09:46.919+0000] {dag.py:2690} INFO - Sync 1 DAGs
[2023-04-28T06:09:46.936+0000] {logging_mixin.py:137} INFO - [2023-04-28T06:09:46.936+0000] {dag.py:3441} INFO - Setting next_dagrun for tutorial_taskflow_api to None, run_after=None
[2023-04-28T06:09:46.948+0000] {processor.py:175} INFO - Processing /home/airflow/.local/lib/python3.7/site-packages/airflow/example_dags/tutorial_taskflow_api.py took 0.068 seconds
[2023-04-28T06:10:17.162+0000] {processor.py:153} INFO - Started process (PID=15969) to work on /home/airflow/.local/lib/python3.7/site-packages/airflow/example_dags/tutorial_taskflow_api.py
[2023-04-28T06:10:17.163+0000] {processor.py:743} INFO - Processing file /home/airflow/.local/lib/python3.7/site-packages/airflow/example_dags/tutorial_taskflow_api.py for tasks to queue
[2023-04-28T06:10:17.164+0000] {logging_mixin.py:137} INFO - [2023-04-28T06:10:17.164+0000] {dagbag.py:538} INFO - Filling up the DagBag from /home/airflow/.local/lib/python3.7/site-packages/airflow/example_dags/tutorial_taskflow_api.py
[2023-04-28T06:10:17.179+0000] {processor.py:753} INFO - DAG(s) dict_keys(['tutorial_taskflow_api']) retrieved from /home/airflow/.local/lib/python3.7/site-packages/airflow/example_dags/tutorial_taskflow_api.py
[2023-04-28T06:10:17.199+0000] {logging_mixin.py:137} INFO - [2023-04-28T06:10:17.199+0000] {dag.py:2690} INFO - Sync 1 DAGs
[2023-04-28T06:10:17.215+0000] {logging_mixin.py:137} INFO - [2023-04-28T06:10:17.215+0000] {dag.py:3441} INFO - Setting next_dagrun for tutorial_taskflow_api to None, run_after=None
[2023-04-28T06:10:17.227+0000] {processor.py:175} INFO - Processing /home/airflow/.local/lib/python3.7/site-packages/airflow/example_dags/tutorial_taskflow_api.py took 0.068 seconds
[2023-04-28T06:10:47.596+0000] {processor.py:153} INFO - Started process (PID=16047) to work on /home/airflow/.local/lib/python3.7/site-packages/airflow/example_dags/tutorial_taskflow_api.py
[2023-04-28T06:10:47.598+0000] {processor.py:743} INFO - Processing file /home/airflow/.local/lib/python3.7/site-packages/airflow/example_dags/tutorial_taskflow_api.py for tasks to queue
[2023-04-28T06:10:47.599+0000] {logging_mixin.py:137} INFO - [2023-04-28T06:10:47.599+0000] {dagbag.py:538} INFO - Filling up the DagBag from /home/airflow/.local/lib/python3.7/site-packages/airflow/example_dags/tutorial_taskflow_api.py
[2023-04-28T06:10:47.615+0000] {processor.py:753} INFO - DAG(s) dict_keys(['tutorial_taskflow_api']) retrieved from /home/airflow/.local/lib/python3.7/site-packages/airflow/example_dags/tutorial_taskflow_api.py
[2023-04-28T06:10:47.636+0000] {logging_mixin.py:137} INFO - [2023-04-28T06:10:47.636+0000] {dag.py:2690} INFO - Sync 1 DAGs
[2023-04-28T06:10:47.654+0000] {logging_mixin.py:137} INFO - [2023-04-28T06:10:47.654+0000] {dag.py:3441} INFO - Setting next_dagrun for tutorial_taskflow_api to None, run_after=None
[2023-04-28T06:10:47.666+0000] {processor.py:175} INFO - Processing /home/airflow/.local/lib/python3.7/site-packages/airflow/example_dags/tutorial_taskflow_api.py took 0.073 seconds
[2023-04-28T06:11:18.182+0000] {processor.py:153} INFO - Started process (PID=16125) to work on /home/airflow/.local/lib/python3.7/site-packages/airflow/example_dags/tutorial_taskflow_api.py
[2023-04-28T06:11:18.183+0000] {processor.py:743} INFO - Processing file /home/airflow/.local/lib/python3.7/site-packages/airflow/example_dags/tutorial_taskflow_api.py for tasks to queue
[2023-04-28T06:11:18.184+0000] {logging_mixin.py:137} INFO - [2023-04-28T06:11:18.183+0000] {dagbag.py:538} INFO - Filling up the DagBag from /home/airflow/.local/lib/python3.7/site-packages/airflow/example_dags/tutorial_taskflow_api.py
[2023-04-28T06:11:18.199+0000] {processor.py:753} INFO - DAG(s) dict_keys(['tutorial_taskflow_api']) retrieved from /home/airflow/.local/lib/python3.7/site-packages/airflow/example_dags/tutorial_taskflow_api.py
[2023-04-28T06:11:18.218+0000] {logging_mixin.py:137} INFO - [2023-04-28T06:11:18.218+0000] {dag.py:2690} INFO - Sync 1 DAGs
[2023-04-28T06:11:18.239+0000] {logging_mixin.py:137} INFO - [2023-04-28T06:11:18.239+0000] {dag.py:3441} INFO - Setting next_dagrun for tutorial_taskflow_api to None, run_after=None
[2023-04-28T06:11:18.258+0000] {processor.py:175} INFO - Processing /home/airflow/.local/lib/python3.7/site-packages/airflow/example_dags/tutorial_taskflow_api.py took 0.079 seconds
[2023-04-28T06:11:48.647+0000] {processor.py:153} INFO - Started process (PID=16191) to work on /home/airflow/.local/lib/python3.7/site-packages/airflow/example_dags/tutorial_taskflow_api.py
[2023-04-28T06:11:48.650+0000] {processor.py:743} INFO - Processing file /home/airflow/.local/lib/python3.7/site-packages/airflow/example_dags/tutorial_taskflow_api.py for tasks to queue
[2023-04-28T06:11:48.651+0000] {logging_mixin.py:137} INFO - [2023-04-28T06:11:48.651+0000] {dagbag.py:538} INFO - Filling up the DagBag from /home/airflow/.local/lib/python3.7/site-packages/airflow/example_dags/tutorial_taskflow_api.py
[2023-04-28T06:11:48.669+0000] {processor.py:753} INFO - DAG(s) dict_keys(['tutorial_taskflow_api']) retrieved from /home/airflow/.local/lib/python3.7/site-packages/airflow/example_dags/tutorial_taskflow_api.py
[2023-04-28T06:11:48.693+0000] {logging_mixin.py:137} INFO - [2023-04-28T06:11:48.693+0000] {dag.py:2690} INFO - Sync 1 DAGs
[2023-04-28T06:11:48.711+0000] {logging_mixin.py:137} INFO - [2023-04-28T06:11:48.711+0000] {dag.py:3441} INFO - Setting next_dagrun for tutorial_taskflow_api to None, run_after=None
[2023-04-28T06:11:48.723+0000] {processor.py:175} INFO - Processing /home/airflow/.local/lib/python3.7/site-packages/airflow/example_dags/tutorial_taskflow_api.py took 0.079 seconds
[2023-04-28T06:12:19.215+0000] {processor.py:153} INFO - Started process (PID=16269) to work on /home/airflow/.local/lib/python3.7/site-packages/airflow/example_dags/tutorial_taskflow_api.py
[2023-04-28T06:12:19.216+0000] {processor.py:743} INFO - Processing file /home/airflow/.local/lib/python3.7/site-packages/airflow/example_dags/tutorial_taskflow_api.py for tasks to queue
[2023-04-28T06:12:19.218+0000] {logging_mixin.py:137} INFO - [2023-04-28T06:12:19.218+0000] {dagbag.py:538} INFO - Filling up the DagBag from /home/airflow/.local/lib/python3.7/site-packages/airflow/example_dags/tutorial_taskflow_api.py
[2023-04-28T06:12:19.233+0000] {processor.py:753} INFO - DAG(s) dict_keys(['tutorial_taskflow_api']) retrieved from /home/airflow/.local/lib/python3.7/site-packages/airflow/example_dags/tutorial_taskflow_api.py
[2023-04-28T06:12:19.252+0000] {logging_mixin.py:137} INFO - [2023-04-28T06:12:19.252+0000] {dag.py:2690} INFO - Sync 1 DAGs
[2023-04-28T06:12:19.268+0000] {logging_mixin.py:137} INFO - [2023-04-28T06:12:19.268+0000] {dag.py:3441} INFO - Setting next_dagrun for tutorial_taskflow_api to None, run_after=None
[2023-04-28T06:12:19.281+0000] {processor.py:175} INFO - Processing /home/airflow/.local/lib/python3.7/site-packages/airflow/example_dags/tutorial_taskflow_api.py took 0.069 seconds
[2023-04-28T06:12:49.894+0000] {processor.py:153} INFO - Started process (PID=16346) to work on /home/airflow/.local/lib/python3.7/site-packages/airflow/example_dags/tutorial_taskflow_api.py
[2023-04-28T06:12:49.896+0000] {processor.py:743} INFO - Processing file /home/airflow/.local/lib/python3.7/site-packages/airflow/example_dags/tutorial_taskflow_api.py for tasks to queue
[2023-04-28T06:12:49.896+0000] {logging_mixin.py:137} INFO - [2023-04-28T06:12:49.896+0000] {dagbag.py:538} INFO - Filling up the DagBag from /home/airflow/.local/lib/python3.7/site-packages/airflow/example_dags/tutorial_taskflow_api.py
[2023-04-28T06:12:49.912+0000] {processor.py:753} INFO - DAG(s) dict_keys(['tutorial_taskflow_api']) retrieved from /home/airflow/.local/lib/python3.7/site-packages/airflow/example_dags/tutorial_taskflow_api.py
[2023-04-28T06:12:49.932+0000] {logging_mixin.py:137} INFO - [2023-04-28T06:12:49.932+0000] {dag.py:2690} INFO - Sync 1 DAGs
[2023-04-28T06:12:49.950+0000] {logging_mixin.py:137} INFO - [2023-04-28T06:12:49.949+0000] {dag.py:3441} INFO - Setting next_dagrun for tutorial_taskflow_api to None, run_after=None
[2023-04-28T06:12:49.962+0000] {processor.py:175} INFO - Processing /home/airflow/.local/lib/python3.7/site-packages/airflow/example_dags/tutorial_taskflow_api.py took 0.071 seconds
[2023-04-28T06:13:20.456+0000] {processor.py:153} INFO - Started process (PID=16413) to work on /home/airflow/.local/lib/python3.7/site-packages/airflow/example_dags/tutorial_taskflow_api.py
[2023-04-28T06:13:20.458+0000] {processor.py:743} INFO - Processing file /home/airflow/.local/lib/python3.7/site-packages/airflow/example_dags/tutorial_taskflow_api.py for tasks to queue
[2023-04-28T06:13:20.459+0000] {logging_mixin.py:137} INFO - [2023-04-28T06:13:20.458+0000] {dagbag.py:538} INFO - Filling up the DagBag from /home/airflow/.local/lib/python3.7/site-packages/airflow/example_dags/tutorial_taskflow_api.py
[2023-04-28T06:13:20.473+0000] {processor.py:753} INFO - DAG(s) dict_keys(['tutorial_taskflow_api']) retrieved from /home/airflow/.local/lib/python3.7/site-packages/airflow/example_dags/tutorial_taskflow_api.py
[2023-04-28T06:13:20.493+0000] {logging_mixin.py:137} INFO - [2023-04-28T06:13:20.493+0000] {dag.py:2690} INFO - Sync 1 DAGs
[2023-04-28T06:13:20.510+0000] {logging_mixin.py:137} INFO - [2023-04-28T06:13:20.510+0000] {dag.py:3441} INFO - Setting next_dagrun for tutorial_taskflow_api to None, run_after=None
[2023-04-28T06:13:20.522+0000] {processor.py:175} INFO - Processing /home/airflow/.local/lib/python3.7/site-packages/airflow/example_dags/tutorial_taskflow_api.py took 0.068 seconds
[2023-04-28T06:13:50.862+0000] {processor.py:153} INFO - Started process (PID=16491) to work on /home/airflow/.local/lib/python3.7/site-packages/airflow/example_dags/tutorial_taskflow_api.py
[2023-04-28T06:13:50.864+0000] {processor.py:743} INFO - Processing file /home/airflow/.local/lib/python3.7/site-packages/airflow/example_dags/tutorial_taskflow_api.py for tasks to queue
[2023-04-28T06:13:50.865+0000] {logging_mixin.py:137} INFO - [2023-04-28T06:13:50.864+0000] {dagbag.py:538} INFO - Filling up the DagBag from /home/airflow/.local/lib/python3.7/site-packages/airflow/example_dags/tutorial_taskflow_api.py
[2023-04-28T06:13:50.880+0000] {processor.py:753} INFO - DAG(s) dict_keys(['tutorial_taskflow_api']) retrieved from /home/airflow/.local/lib/python3.7/site-packages/airflow/example_dags/tutorial_taskflow_api.py
[2023-04-28T06:13:50.900+0000] {logging_mixin.py:137} INFO - [2023-04-28T06:13:50.900+0000] {dag.py:2690} INFO - Sync 1 DAGs
[2023-04-28T06:13:50.915+0000] {logging_mixin.py:137} INFO - [2023-04-28T06:13:50.915+0000] {dag.py:3441} INFO - Setting next_dagrun for tutorial_taskflow_api to None, run_after=None
[2023-04-28T06:13:50.926+0000] {processor.py:175} INFO - Processing /home/airflow/.local/lib/python3.7/site-packages/airflow/example_dags/tutorial_taskflow_api.py took 0.067 seconds
[2023-04-28T06:14:21.144+0000] {processor.py:153} INFO - Started process (PID=16569) to work on /home/airflow/.local/lib/python3.7/site-packages/airflow/example_dags/tutorial_taskflow_api.py
[2023-04-28T06:14:21.145+0000] {processor.py:743} INFO - Processing file /home/airflow/.local/lib/python3.7/site-packages/airflow/example_dags/tutorial_taskflow_api.py for tasks to queue
[2023-04-28T06:14:21.146+0000] {logging_mixin.py:137} INFO - [2023-04-28T06:14:21.146+0000] {dagbag.py:538} INFO - Filling up the DagBag from /home/airflow/.local/lib/python3.7/site-packages/airflow/example_dags/tutorial_taskflow_api.py
[2023-04-28T06:14:21.161+0000] {processor.py:753} INFO - DAG(s) dict_keys(['tutorial_taskflow_api']) retrieved from /home/airflow/.local/lib/python3.7/site-packages/airflow/example_dags/tutorial_taskflow_api.py
[2023-04-28T06:14:21.181+0000] {logging_mixin.py:137} INFO - [2023-04-28T06:14:21.181+0000] {dag.py:2690} INFO - Sync 1 DAGs
[2023-04-28T06:14:21.196+0000] {logging_mixin.py:137} INFO - [2023-04-28T06:14:21.196+0000] {dag.py:3441} INFO - Setting next_dagrun for tutorial_taskflow_api to None, run_after=None
[2023-04-28T06:14:21.209+0000] {processor.py:175} INFO - Processing /home/airflow/.local/lib/python3.7/site-packages/airflow/example_dags/tutorial_taskflow_api.py took 0.068 seconds
[2023-04-28T06:14:51.650+0000] {processor.py:153} INFO - Started process (PID=16634) to work on /home/airflow/.local/lib/python3.7/site-packages/airflow/example_dags/tutorial_taskflow_api.py
[2023-04-28T06:14:51.651+0000] {processor.py:743} INFO - Processing file /home/airflow/.local/lib/python3.7/site-packages/airflow/example_dags/tutorial_taskflow_api.py for tasks to queue
[2023-04-28T06:14:51.652+0000] {logging_mixin.py:137} INFO - [2023-04-28T06:14:51.652+0000] {dagbag.py:538} INFO - Filling up the DagBag from /home/airflow/.local/lib/python3.7/site-packages/airflow/example_dags/tutorial_taskflow_api.py
[2023-04-28T06:14:51.667+0000] {processor.py:753} INFO - DAG(s) dict_keys(['tutorial_taskflow_api']) retrieved from /home/airflow/.local/lib/python3.7/site-packages/airflow/example_dags/tutorial_taskflow_api.py
[2023-04-28T06:14:51.688+0000] {logging_mixin.py:137} INFO - [2023-04-28T06:14:51.688+0000] {dag.py:2690} INFO - Sync 1 DAGs
[2023-04-28T06:14:51.704+0000] {logging_mixin.py:137} INFO - [2023-04-28T06:14:51.704+0000] {dag.py:3441} INFO - Setting next_dagrun for tutorial_taskflow_api to None, run_after=None
[2023-04-28T06:14:51.715+0000] {processor.py:175} INFO - Processing /home/airflow/.local/lib/python3.7/site-packages/airflow/example_dags/tutorial_taskflow_api.py took 0.068 seconds
[2023-04-28T06:15:22.037+0000] {processor.py:153} INFO - Started process (PID=16712) to work on /home/airflow/.local/lib/python3.7/site-packages/airflow/example_dags/tutorial_taskflow_api.py
[2023-04-28T06:15:22.039+0000] {processor.py:743} INFO - Processing file /home/airflow/.local/lib/python3.7/site-packages/airflow/example_dags/tutorial_taskflow_api.py for tasks to queue
[2023-04-28T06:15:22.041+0000] {logging_mixin.py:137} INFO - [2023-04-28T06:15:22.040+0000] {dagbag.py:538} INFO - Filling up the DagBag from /home/airflow/.local/lib/python3.7/site-packages/airflow/example_dags/tutorial_taskflow_api.py
[2023-04-28T06:15:22.056+0000] {processor.py:753} INFO - DAG(s) dict_keys(['tutorial_taskflow_api']) retrieved from /home/airflow/.local/lib/python3.7/site-packages/airflow/example_dags/tutorial_taskflow_api.py
[2023-04-28T06:15:22.076+0000] {logging_mixin.py:137} INFO - [2023-04-28T06:15:22.076+0000] {dag.py:2690} INFO - Sync 1 DAGs
[2023-04-28T06:15:22.092+0000] {logging_mixin.py:137} INFO - [2023-04-28T06:15:22.092+0000] {dag.py:3441} INFO - Setting next_dagrun for tutorial_taskflow_api to None, run_after=None
[2023-04-28T06:15:22.104+0000] {processor.py:175} INFO - Processing /home/airflow/.local/lib/python3.7/site-packages/airflow/example_dags/tutorial_taskflow_api.py took 0.069 seconds
[2023-04-28T06:15:52.412+0000] {processor.py:153} INFO - Started process (PID=16789) to work on /home/airflow/.local/lib/python3.7/site-packages/airflow/example_dags/tutorial_taskflow_api.py
[2023-04-28T06:15:52.413+0000] {processor.py:743} INFO - Processing file /home/airflow/.local/lib/python3.7/site-packages/airflow/example_dags/tutorial_taskflow_api.py for tasks to queue
[2023-04-28T06:15:52.413+0000] {logging_mixin.py:137} INFO - [2023-04-28T06:15:52.413+0000] {dagbag.py:538} INFO - Filling up the DagBag from /home/airflow/.local/lib/python3.7/site-packages/airflow/example_dags/tutorial_taskflow_api.py
[2023-04-28T06:15:52.428+0000] {processor.py:753} INFO - DAG(s) dict_keys(['tutorial_taskflow_api']) retrieved from /home/airflow/.local/lib/python3.7/site-packages/airflow/example_dags/tutorial_taskflow_api.py
[2023-04-28T06:15:52.448+0000] {logging_mixin.py:137} INFO - [2023-04-28T06:15:52.448+0000] {dag.py:2690} INFO - Sync 1 DAGs
[2023-04-28T06:15:52.463+0000] {logging_mixin.py:137} INFO - [2023-04-28T06:15:52.463+0000] {dag.py:3441} INFO - Setting next_dagrun for tutorial_taskflow_api to None, run_after=None
[2023-04-28T06:15:52.475+0000] {processor.py:175} INFO - Processing /home/airflow/.local/lib/python3.7/site-packages/airflow/example_dags/tutorial_taskflow_api.py took 0.067 seconds
[2023-04-28T06:16:22.667+0000] {processor.py:153} INFO - Started process (PID=16854) to work on /home/airflow/.local/lib/python3.7/site-packages/airflow/example_dags/tutorial_taskflow_api.py
[2023-04-28T06:16:22.668+0000] {processor.py:743} INFO - Processing file /home/airflow/.local/lib/python3.7/site-packages/airflow/example_dags/tutorial_taskflow_api.py for tasks to queue
[2023-04-28T06:16:22.669+0000] {logging_mixin.py:137} INFO - [2023-04-28T06:16:22.669+0000] {dagbag.py:538} INFO - Filling up the DagBag from /home/airflow/.local/lib/python3.7/site-packages/airflow/example_dags/tutorial_taskflow_api.py
[2023-04-28T06:16:22.684+0000] {processor.py:753} INFO - DAG(s) dict_keys(['tutorial_taskflow_api']) retrieved from /home/airflow/.local/lib/python3.7/site-packages/airflow/example_dags/tutorial_taskflow_api.py
[2023-04-28T06:16:22.704+0000] {logging_mixin.py:137} INFO - [2023-04-28T06:16:22.704+0000] {dag.py:2690} INFO - Sync 1 DAGs
[2023-04-28T06:16:22.719+0000] {logging_mixin.py:137} INFO - [2023-04-28T06:16:22.718+0000] {dag.py:3441} INFO - Setting next_dagrun for tutorial_taskflow_api to None, run_after=None
[2023-04-28T06:16:22.730+0000] {processor.py:175} INFO - Processing /home/airflow/.local/lib/python3.7/site-packages/airflow/example_dags/tutorial_taskflow_api.py took 0.067 seconds
[2023-04-28T06:16:53.250+0000] {processor.py:153} INFO - Started process (PID=16932) to work on /home/airflow/.local/lib/python3.7/site-packages/airflow/example_dags/tutorial_taskflow_api.py
[2023-04-28T06:16:53.252+0000] {processor.py:743} INFO - Processing file /home/airflow/.local/lib/python3.7/site-packages/airflow/example_dags/tutorial_taskflow_api.py for tasks to queue
[2023-04-28T06:16:53.253+0000] {logging_mixin.py:137} INFO - [2023-04-28T06:16:53.253+0000] {dagbag.py:538} INFO - Filling up the DagBag from /home/airflow/.local/lib/python3.7/site-packages/airflow/example_dags/tutorial_taskflow_api.py
[2023-04-28T06:16:53.277+0000] {processor.py:753} INFO - DAG(s) dict_keys(['tutorial_taskflow_api']) retrieved from /home/airflow/.local/lib/python3.7/site-packages/airflow/example_dags/tutorial_taskflow_api.py
[2023-04-28T06:16:53.304+0000] {logging_mixin.py:137} INFO - [2023-04-28T06:16:53.304+0000] {dag.py:2690} INFO - Sync 1 DAGs
[2023-04-28T06:16:53.328+0000] {logging_mixin.py:137} INFO - [2023-04-28T06:16:53.328+0000] {dag.py:3441} INFO - Setting next_dagrun for tutorial_taskflow_api to None, run_after=None
[2023-04-28T06:16:53.343+0000] {processor.py:175} INFO - Processing /home/airflow/.local/lib/python3.7/site-packages/airflow/example_dags/tutorial_taskflow_api.py took 0.097 seconds
[2023-04-28T06:17:23.643+0000] {processor.py:153} INFO - Started process (PID=17010) to work on /home/airflow/.local/lib/python3.7/site-packages/airflow/example_dags/tutorial_taskflow_api.py
[2023-04-28T06:17:23.645+0000] {processor.py:743} INFO - Processing file /home/airflow/.local/lib/python3.7/site-packages/airflow/example_dags/tutorial_taskflow_api.py for tasks to queue
[2023-04-28T06:17:23.646+0000] {logging_mixin.py:137} INFO - [2023-04-28T06:17:23.645+0000] {dagbag.py:538} INFO - Filling up the DagBag from /home/airflow/.local/lib/python3.7/site-packages/airflow/example_dags/tutorial_taskflow_api.py
[2023-04-28T06:17:23.662+0000] {processor.py:753} INFO - DAG(s) dict_keys(['tutorial_taskflow_api']) retrieved from /home/airflow/.local/lib/python3.7/site-packages/airflow/example_dags/tutorial_taskflow_api.py
[2023-04-28T06:17:23.684+0000] {logging_mixin.py:137} INFO - [2023-04-28T06:17:23.684+0000] {dag.py:2690} INFO - Sync 1 DAGs
[2023-04-28T06:17:23.700+0000] {logging_mixin.py:137} INFO - [2023-04-28T06:17:23.700+0000] {dag.py:3441} INFO - Setting next_dagrun for tutorial_taskflow_api to None, run_after=None
[2023-04-28T06:17:23.712+0000] {processor.py:175} INFO - Processing /home/airflow/.local/lib/python3.7/site-packages/airflow/example_dags/tutorial_taskflow_api.py took 0.071 seconds
[2023-04-28T06:17:53.991+0000] {processor.py:153} INFO - Started process (PID=17076) to work on /home/airflow/.local/lib/python3.7/site-packages/airflow/example_dags/tutorial_taskflow_api.py
[2023-04-28T06:17:53.993+0000] {processor.py:743} INFO - Processing file /home/airflow/.local/lib/python3.7/site-packages/airflow/example_dags/tutorial_taskflow_api.py for tasks to queue
[2023-04-28T06:17:53.994+0000] {logging_mixin.py:137} INFO - [2023-04-28T06:17:53.993+0000] {dagbag.py:538} INFO - Filling up the DagBag from /home/airflow/.local/lib/python3.7/site-packages/airflow/example_dags/tutorial_taskflow_api.py
[2023-04-28T06:17:54.009+0000] {processor.py:753} INFO - DAG(s) dict_keys(['tutorial_taskflow_api']) retrieved from /home/airflow/.local/lib/python3.7/site-packages/airflow/example_dags/tutorial_taskflow_api.py
[2023-04-28T06:17:54.030+0000] {logging_mixin.py:137} INFO - [2023-04-28T06:17:54.030+0000] {dag.py:2690} INFO - Sync 1 DAGs
[2023-04-28T06:17:54.049+0000] {logging_mixin.py:137} INFO - [2023-04-28T06:17:54.049+0000] {dag.py:3441} INFO - Setting next_dagrun for tutorial_taskflow_api to None, run_after=None
[2023-04-28T06:17:54.067+0000] {processor.py:175} INFO - Processing /home/airflow/.local/lib/python3.7/site-packages/airflow/example_dags/tutorial_taskflow_api.py took 0.079 seconds
[2023-04-28T06:18:24.653+0000] {processor.py:153} INFO - Started process (PID=17154) to work on /home/airflow/.local/lib/python3.7/site-packages/airflow/example_dags/tutorial_taskflow_api.py
[2023-04-28T06:18:24.654+0000] {processor.py:743} INFO - Processing file /home/airflow/.local/lib/python3.7/site-packages/airflow/example_dags/tutorial_taskflow_api.py for tasks to queue
[2023-04-28T06:18:24.655+0000] {logging_mixin.py:137} INFO - [2023-04-28T06:18:24.655+0000] {dagbag.py:538} INFO - Filling up the DagBag from /home/airflow/.local/lib/python3.7/site-packages/airflow/example_dags/tutorial_taskflow_api.py
[2023-04-28T06:18:24.671+0000] {processor.py:753} INFO - DAG(s) dict_keys(['tutorial_taskflow_api']) retrieved from /home/airflow/.local/lib/python3.7/site-packages/airflow/example_dags/tutorial_taskflow_api.py
[2023-04-28T06:18:24.691+0000] {logging_mixin.py:137} INFO - [2023-04-28T06:18:24.691+0000] {dag.py:2690} INFO - Sync 1 DAGs
[2023-04-28T06:18:24.707+0000] {logging_mixin.py:137} INFO - [2023-04-28T06:18:24.707+0000] {dag.py:3441} INFO - Setting next_dagrun for tutorial_taskflow_api to None, run_after=None
[2023-04-28T06:18:24.718+0000] {processor.py:175} INFO - Processing /home/airflow/.local/lib/python3.7/site-packages/airflow/example_dags/tutorial_taskflow_api.py took 0.067 seconds
[2023-04-28T06:18:54.977+0000] {processor.py:153} INFO - Started process (PID=17232) to work on /home/airflow/.local/lib/python3.7/site-packages/airflow/example_dags/tutorial_taskflow_api.py
[2023-04-28T06:18:54.978+0000] {processor.py:743} INFO - Processing file /home/airflow/.local/lib/python3.7/site-packages/airflow/example_dags/tutorial_taskflow_api.py for tasks to queue
[2023-04-28T06:18:54.979+0000] {logging_mixin.py:137} INFO - [2023-04-28T06:18:54.979+0000] {dagbag.py:538} INFO - Filling up the DagBag from /home/airflow/.local/lib/python3.7/site-packages/airflow/example_dags/tutorial_taskflow_api.py
[2023-04-28T06:18:54.994+0000] {processor.py:753} INFO - DAG(s) dict_keys(['tutorial_taskflow_api']) retrieved from /home/airflow/.local/lib/python3.7/site-packages/airflow/example_dags/tutorial_taskflow_api.py
[2023-04-28T06:18:55.016+0000] {logging_mixin.py:137} INFO - [2023-04-28T06:18:55.016+0000] {dag.py:2690} INFO - Sync 1 DAGs
[2023-04-28T06:18:55.031+0000] {logging_mixin.py:137} INFO - [2023-04-28T06:18:55.031+0000] {dag.py:3441} INFO - Setting next_dagrun for tutorial_taskflow_api to None, run_after=None
[2023-04-28T06:18:55.042+0000] {processor.py:175} INFO - Processing /home/airflow/.local/lib/python3.7/site-packages/airflow/example_dags/tutorial_taskflow_api.py took 0.068 seconds
