[2023-04-25T08:43:22.313+0000] {taskinstance.py:1083} INFO - Dependencies all met for <TaskInstance: database_processing.get_all_users manual__2023-04-25T08:43:18.878880+00:00 [queued]>
[2023-04-25T08:43:22.319+0000] {taskinstance.py:1083} INFO - Dependencies all met for <TaskInstance: database_processing.get_all_users manual__2023-04-25T08:43:18.878880+00:00 [queued]>
[2023-04-25T08:43:22.320+0000] {taskinstance.py:1279} INFO - 
--------------------------------------------------------------------------------
[2023-04-25T08:43:22.320+0000] {taskinstance.py:1280} INFO - Starting attempt 1 of 1
[2023-04-25T08:43:22.321+0000] {taskinstance.py:1281} INFO - 
--------------------------------------------------------------------------------
[2023-04-25T08:43:22.328+0000] {taskinstance.py:1300} INFO - Executing <Task(PostgresOperator): get_all_users> on 2023-04-25 08:43:18.878880+00:00
[2023-04-25T08:43:22.333+0000] {standard_task_runner.py:55} INFO - Started process 9896 to run task
[2023-04-25T08:43:22.337+0000] {standard_task_runner.py:82} INFO - Running: ['***', 'tasks', 'run', 'database_processing', 'get_all_users', 'manual__2023-04-25T08:43:18.878880+00:00', '--job-id', '19', '--raw', '--subdir', 'DAGS_FOLDER/database_processing.py', '--cfg-path', '/tmp/tmpx4cjuhou']
[2023-04-25T08:43:22.338+0000] {standard_task_runner.py:83} INFO - Job 19: Subtask get_all_users
[2023-04-25T08:43:22.390+0000] {task_command.py:388} INFO - Running <TaskInstance: database_processing.get_all_users manual__2023-04-25T08:43:18.878880+00:00 [running]> on host 2f9666fcabde
[2023-04-25T08:43:22.436+0000] {taskinstance.py:1509} INFO - Exporting the following env vars:
AIRFLOW_CTX_DAG_OWNER=***
AIRFLOW_CTX_DAG_ID=database_processing
AIRFLOW_CTX_TASK_ID=get_all_users
AIRFLOW_CTX_EXECUTION_DATE=2023-04-25T08:43:18.878880+00:00
AIRFLOW_CTX_TRY_NUMBER=1
AIRFLOW_CTX_DAG_RUN_ID=manual__2023-04-25T08:43:18.878880+00:00
[2023-04-25T08:43:22.437+0000] {sql.py:254} INFO - Executing: 
            SELECT * FROM USERS;
        
[2023-04-25T08:43:22.445+0000] {base.py:73} INFO - Using connection ID 'postgres' for task execution.
[2023-04-25T08:43:22.546+0000] {base.py:73} INFO - Using connection ID 'postgres' for task execution.
[2023-04-25T08:43:22.551+0000] {sql.py:375} INFO - Running statement: 
            SELECT * FROM USERS;
        , parameters: None
[2023-04-25T08:43:22.552+0000] {sql.py:384} INFO - Rows affected: 3
[2023-04-25T08:43:22.570+0000] {taskinstance.py:1323} INFO - Marking task as SUCCESS. dag_id=database_processing, task_id=get_all_users, execution_date=20230425T084318, start_date=20230425T084322, end_date=20230425T084322
[2023-04-25T08:43:22.591+0000] {local_task_job.py:208} INFO - Task exited with return code 0
[2023-04-25T08:43:22.604+0000] {taskinstance.py:2578} INFO - 0 downstream tasks scheduled from follow-on schedule check
