[2023-04-27T00:09:16.160+0000] {taskinstance.py:1083} INFO - Dependencies all met for <TaskInstance: email_processing.send_email scheduled__2023-04-26T00:00:00+00:00 [queued]>
[2023-04-27T00:09:16.167+0000] {taskinstance.py:1083} INFO - Dependencies all met for <TaskInstance: email_processing.send_email scheduled__2023-04-26T00:00:00+00:00 [queued]>
[2023-04-27T00:09:16.168+0000] {taskinstance.py:1279} INFO - 
--------------------------------------------------------------------------------
[2023-04-27T00:09:16.169+0000] {taskinstance.py:1280} INFO - Starting attempt 1 of 1
[2023-04-27T00:09:16.169+0000] {taskinstance.py:1281} INFO - 
--------------------------------------------------------------------------------
[2023-04-27T00:09:16.180+0000] {taskinstance.py:1300} INFO - Executing <Task(EmailOperator): send_email> on 2023-04-26 00:00:00+00:00
[2023-04-27T00:09:16.185+0000] {standard_task_runner.py:55} INFO - Started process 26659 to run task
[2023-04-27T00:09:16.189+0000] {standard_task_runner.py:82} INFO - Running: ['***', 'tasks', 'run', 'email_processing', 'send_email', 'scheduled__2023-04-26T00:00:00+00:00', '--job-id', '41', '--raw', '--subdir', 'DAGS_FOLDER/email_processing.py', '--cfg-path', '/tmp/tmpuroyky0r']
[2023-04-27T00:09:16.191+0000] {standard_task_runner.py:83} INFO - Job 41: Subtask send_email
[2023-04-27T00:09:16.255+0000] {task_command.py:388} INFO - Running <TaskInstance: email_processing.send_email scheduled__2023-04-26T00:00:00+00:00 [running]> on host 182d53144720
[2023-04-27T00:09:16.327+0000] {taskinstance.py:1509} INFO - Exporting the following env vars:
AIRFLOW_CTX_DAG_OWNER=***
AIRFLOW_CTX_DAG_ID=email_processing
AIRFLOW_CTX_TASK_ID=send_email
AIRFLOW_CTX_EXECUTION_DATE=2023-04-26T00:00:00+00:00
AIRFLOW_CTX_TRY_NUMBER=1
AIRFLOW_CTX_DAG_RUN_ID=scheduled__2023-04-26T00:00:00+00:00
[2023-04-27T00:09:16.343+0000] {warnings.py:110} WARNING - /home/***/.local/lib/python3.7/site-packages/***/utils/email.py:152: RemovedInAirflow3Warning: Fetching SMTP credentials from configuration variables will be deprecated in a future release. Please set credentials using a connection instead.
  send_mime_email(e_from=mail_from, e_to=recipients, mime_msg=msg, conn_id=conn_id, dryrun=dryrun)

[2023-04-27T00:09:16.344+0000] {email.py:268} INFO - Email alerting: attempt 1
[2023-04-27T00:09:17.571+0000] {email.py:280} INFO - Sent an alert email to ['rahulkumar@sigmoidanalytics.com']
[2023-04-27T00:09:19.625+0000] {taskinstance.py:1323} INFO - Marking task as SUCCESS. dag_id=email_processing, task_id=send_email, execution_date=20230426T000000, start_date=20230427T000916, end_date=20230427T000919
[2023-04-27T00:09:19.661+0000] {local_task_job.py:208} INFO - Task exited with return code 0
[2023-04-27T00:09:19.678+0000] {taskinstance.py:2578} INFO - 0 downstream tasks scheduled from follow-on schedule check
