[2023-04-28T00:36:29.975+0000] {processor.py:153} INFO - Started process (PID=14538) to work on /opt/airflow/dags/database_processing.py
[2023-04-28T00:36:29.977+0000] {processor.py:743} INFO - Processing file /opt/airflow/dags/database_processing.py for tasks to queue
[2023-04-28T00:36:29.978+0000] {logging_mixin.py:137} INFO - [2023-04-28T00:36:29.978+0000] {dagbag.py:538} INFO - Filling up the DagBag from /opt/airflow/dags/database_processing.py
[2023-04-28T00:36:30.021+0000] {processor.py:753} INFO - DAG(s) dict_keys(['database_processing']) retrieved from /opt/airflow/dags/database_processing.py
[2023-04-28T00:36:30.063+0000] {logging_mixin.py:137} INFO - [2023-04-28T00:36:30.062+0000] {dag.py:2690} INFO - Sync 1 DAGs
[2023-04-28T00:36:30.090+0000] {logging_mixin.py:137} INFO - [2023-04-28T00:36:30.090+0000] {dag.py:3441} INFO - Setting next_dagrun for database_processing to 2023-04-27T00:00:00+00:00, run_after=2023-04-28T00:00:00+00:00
[2023-04-28T00:36:30.116+0000] {processor.py:175} INFO - Processing /opt/airflow/dags/database_processing.py took 0.144 seconds
[2023-04-28T01:42:51.382+0000] {processor.py:153} INFO - Started process (PID=14608) to work on /opt/airflow/dags/database_processing.py
[2023-04-28T01:42:51.384+0000] {processor.py:743} INFO - Processing file /opt/airflow/dags/database_processing.py for tasks to queue
[2023-04-28T01:42:51.385+0000] {logging_mixin.py:137} INFO - [2023-04-28T01:42:51.384+0000] {dagbag.py:538} INFO - Filling up the DagBag from /opt/airflow/dags/database_processing.py
[2023-04-28T01:42:51.409+0000] {processor.py:753} INFO - DAG(s) dict_keys(['database_processing']) retrieved from /opt/airflow/dags/database_processing.py
[2023-04-28T01:42:51.427+0000] {logging_mixin.py:137} INFO - [2023-04-28T01:42:51.427+0000] {dag.py:2690} INFO - Sync 1 DAGs
[2023-04-28T01:42:51.444+0000] {logging_mixin.py:137} INFO - [2023-04-28T01:42:51.444+0000] {dag.py:3441} INFO - Setting next_dagrun for database_processing to 2023-04-27T00:00:00+00:00, run_after=2023-04-28T00:00:00+00:00
[2023-04-28T01:42:51.454+0000] {processor.py:175} INFO - Processing /opt/airflow/dags/database_processing.py took 0.075 seconds
[2023-04-28T02:48:39.795+0000] {processor.py:153} INFO - Started process (PID=14686) to work on /opt/airflow/dags/database_processing.py
[2023-04-28T02:48:39.798+0000] {processor.py:743} INFO - Processing file /opt/airflow/dags/database_processing.py for tasks to queue
[2023-04-28T02:48:39.799+0000] {logging_mixin.py:137} INFO - [2023-04-28T02:48:39.799+0000] {dagbag.py:538} INFO - Filling up the DagBag from /opt/airflow/dags/database_processing.py
[2023-04-28T02:48:39.854+0000] {processor.py:753} INFO - DAG(s) dict_keys(['database_processing']) retrieved from /opt/airflow/dags/database_processing.py
[2023-04-28T02:48:39.892+0000] {logging_mixin.py:137} INFO - [2023-04-28T02:48:39.892+0000] {dag.py:2690} INFO - Sync 1 DAGs
[2023-04-28T02:48:39.936+0000] {logging_mixin.py:137} INFO - [2023-04-28T02:48:39.936+0000] {dag.py:3441} INFO - Setting next_dagrun for database_processing to 2023-04-27T00:00:00+00:00, run_after=2023-04-28T00:00:00+00:00
[2023-04-28T02:48:39.957+0000] {processor.py:175} INFO - Processing /opt/airflow/dags/database_processing.py took 0.172 seconds
[2023-04-28T03:54:53.094+0000] {processor.py:153} INFO - Started process (PID=14763) to work on /opt/airflow/dags/database_processing.py
[2023-04-28T03:54:53.097+0000] {processor.py:743} INFO - Processing file /opt/airflow/dags/database_processing.py for tasks to queue
[2023-04-28T03:54:53.099+0000] {logging_mixin.py:137} INFO - [2023-04-28T03:54:53.099+0000] {dagbag.py:538} INFO - Filling up the DagBag from /opt/airflow/dags/database_processing.py
[2023-04-28T03:54:53.177+0000] {processor.py:753} INFO - DAG(s) dict_keys(['database_processing']) retrieved from /opt/airflow/dags/database_processing.py
[2023-04-28T03:54:53.217+0000] {logging_mixin.py:137} INFO - [2023-04-28T03:54:53.217+0000] {dag.py:2690} INFO - Sync 1 DAGs
[2023-04-28T03:54:53.248+0000] {logging_mixin.py:137} INFO - [2023-04-28T03:54:53.247+0000] {dag.py:3441} INFO - Setting next_dagrun for database_processing to 2023-04-27T00:00:00+00:00, run_after=2023-04-28T00:00:00+00:00
[2023-04-28T03:54:53.273+0000] {processor.py:175} INFO - Processing /opt/airflow/dags/database_processing.py took 0.187 seconds
[2023-04-28T05:16:14.974+0000] {processor.py:153} INFO - Started process (PID=14829) to work on /opt/airflow/dags/database_processing.py
[2023-04-28T05:16:14.975+0000] {processor.py:743} INFO - Processing file /opt/airflow/dags/database_processing.py for tasks to queue
[2023-04-28T05:16:14.976+0000] {logging_mixin.py:137} INFO - [2023-04-28T05:16:14.976+0000] {dagbag.py:538} INFO - Filling up the DagBag from /opt/airflow/dags/database_processing.py
[2023-04-28T05:16:15.000+0000] {processor.py:753} INFO - DAG(s) dict_keys(['database_processing']) retrieved from /opt/airflow/dags/database_processing.py
[2023-04-28T05:16:15.019+0000] {logging_mixin.py:137} INFO - [2023-04-28T05:16:15.019+0000] {dag.py:2690} INFO - Sync 1 DAGs
[2023-04-28T05:16:15.036+0000] {logging_mixin.py:137} INFO - [2023-04-28T05:16:15.036+0000] {dag.py:3441} INFO - Setting next_dagrun for database_processing to 2023-04-27T00:00:00+00:00, run_after=2023-04-28T00:00:00+00:00
[2023-04-28T05:16:15.046+0000] {processor.py:175} INFO - Processing /opt/airflow/dags/database_processing.py took 0.075 seconds
[2023-04-28T05:32:11.445+0000] {processor.py:153} INFO - Started process (PID=14909) to work on /opt/airflow/dags/database_processing.py
[2023-04-28T05:32:11.447+0000] {processor.py:743} INFO - Processing file /opt/airflow/dags/database_processing.py for tasks to queue
[2023-04-28T05:32:11.448+0000] {logging_mixin.py:137} INFO - [2023-04-28T05:32:11.447+0000] {dagbag.py:538} INFO - Filling up the DagBag from /opt/airflow/dags/database_processing.py
[2023-04-28T05:32:11.492+0000] {processor.py:753} INFO - DAG(s) dict_keys(['database_processing']) retrieved from /opt/airflow/dags/database_processing.py
[2023-04-28T05:32:11.539+0000] {logging_mixin.py:137} INFO - [2023-04-28T05:32:11.539+0000] {dag.py:2690} INFO - Sync 1 DAGs
[2023-04-28T05:32:11.569+0000] {logging_mixin.py:137} INFO - [2023-04-28T05:32:11.568+0000] {dag.py:3441} INFO - Setting next_dagrun for database_processing to 2023-04-27T00:00:00+00:00, run_after=2023-04-28T00:00:00+00:00
[2023-04-28T05:32:11.609+0000] {processor.py:175} INFO - Processing /opt/airflow/dags/database_processing.py took 0.172 seconds
[2023-04-28T05:32:42.127+0000] {processor.py:153} INFO - Started process (PID=14986) to work on /opt/airflow/dags/database_processing.py
[2023-04-28T05:32:42.128+0000] {processor.py:743} INFO - Processing file /opt/airflow/dags/database_processing.py for tasks to queue
[2023-04-28T05:32:42.129+0000] {logging_mixin.py:137} INFO - [2023-04-28T05:32:42.129+0000] {dagbag.py:538} INFO - Filling up the DagBag from /opt/airflow/dags/database_processing.py
[2023-04-28T05:32:42.152+0000] {processor.py:753} INFO - DAG(s) dict_keys(['database_processing']) retrieved from /opt/airflow/dags/database_processing.py
[2023-04-28T05:32:42.170+0000] {logging_mixin.py:137} INFO - [2023-04-28T05:32:42.170+0000] {dag.py:2690} INFO - Sync 1 DAGs
[2023-04-28T05:32:42.186+0000] {logging_mixin.py:137} INFO - [2023-04-28T05:32:42.186+0000] {dag.py:3441} INFO - Setting next_dagrun for database_processing to 2023-04-27T00:00:00+00:00, run_after=2023-04-28T00:00:00+00:00
[2023-04-28T05:32:42.196+0000] {processor.py:175} INFO - Processing /opt/airflow/dags/database_processing.py took 0.072 seconds
[2023-04-28T06:03:54.276+0000] {processor.py:153} INFO - Started process (PID=15053) to work on /opt/airflow/dags/database_processing.py
[2023-04-28T06:03:54.280+0000] {processor.py:743} INFO - Processing file /opt/airflow/dags/database_processing.py for tasks to queue
[2023-04-28T06:03:54.282+0000] {logging_mixin.py:137} INFO - [2023-04-28T06:03:54.281+0000] {dagbag.py:538} INFO - Filling up the DagBag from /opt/airflow/dags/database_processing.py
[2023-04-28T06:03:54.342+0000] {processor.py:753} INFO - DAG(s) dict_keys(['database_processing']) retrieved from /opt/airflow/dags/database_processing.py
[2023-04-28T06:03:54.381+0000] {logging_mixin.py:137} INFO - [2023-04-28T06:03:54.381+0000] {dag.py:2690} INFO - Sync 1 DAGs
[2023-04-28T06:03:54.415+0000] {logging_mixin.py:137} INFO - [2023-04-28T06:03:54.415+0000] {dag.py:3441} INFO - Setting next_dagrun for database_processing to 2023-04-27T00:00:00+00:00, run_after=2023-04-28T00:00:00+00:00
[2023-04-28T06:03:54.439+0000] {processor.py:175} INFO - Processing /opt/airflow/dags/database_processing.py took 0.167 seconds
[2023-04-28T06:04:40.251+0000] {processor.py:153} INFO - Started process (PID=15132) to work on /opt/airflow/dags/database_processing.py
[2023-04-28T06:04:40.252+0000] {processor.py:743} INFO - Processing file /opt/airflow/dags/database_processing.py for tasks to queue
[2023-04-28T06:04:40.253+0000] {logging_mixin.py:137} INFO - [2023-04-28T06:04:40.253+0000] {dagbag.py:538} INFO - Filling up the DagBag from /opt/airflow/dags/database_processing.py
[2023-04-28T06:04:40.277+0000] {processor.py:753} INFO - DAG(s) dict_keys(['database_processing']) retrieved from /opt/airflow/dags/database_processing.py
[2023-04-28T06:04:40.296+0000] {logging_mixin.py:137} INFO - [2023-04-28T06:04:40.296+0000] {dag.py:2690} INFO - Sync 1 DAGs
[2023-04-28T06:04:40.312+0000] {logging_mixin.py:137} INFO - [2023-04-28T06:04:40.311+0000] {dag.py:3441} INFO - Setting next_dagrun for database_processing to 2023-04-27T00:00:00+00:00, run_after=2023-04-28T00:00:00+00:00
[2023-04-28T06:04:40.322+0000] {processor.py:175} INFO - Processing /opt/airflow/dags/database_processing.py took 0.074 seconds
[2023-04-28T06:05:10.683+0000] {processor.py:153} INFO - Started process (PID=15210) to work on /opt/airflow/dags/database_processing.py
[2023-04-28T06:05:10.688+0000] {processor.py:743} INFO - Processing file /opt/airflow/dags/database_processing.py for tasks to queue
[2023-04-28T06:05:10.691+0000] {logging_mixin.py:137} INFO - [2023-04-28T06:05:10.691+0000] {dagbag.py:538} INFO - Filling up the DagBag from /opt/airflow/dags/database_processing.py
[2023-04-28T06:05:10.725+0000] {processor.py:753} INFO - DAG(s) dict_keys(['database_processing']) retrieved from /opt/airflow/dags/database_processing.py
[2023-04-28T06:05:10.746+0000] {logging_mixin.py:137} INFO - [2023-04-28T06:05:10.745+0000] {dag.py:2690} INFO - Sync 1 DAGs
[2023-04-28T06:05:10.764+0000] {logging_mixin.py:137} INFO - [2023-04-28T06:05:10.764+0000] {dag.py:3441} INFO - Setting next_dagrun for database_processing to 2023-04-27T00:00:00+00:00, run_after=2023-04-28T00:00:00+00:00
[2023-04-28T06:05:10.781+0000] {processor.py:175} INFO - Processing /opt/airflow/dags/database_processing.py took 0.103 seconds
[2023-04-28T06:05:41.434+0000] {processor.py:153} INFO - Started process (PID=15276) to work on /opt/airflow/dags/database_processing.py
[2023-04-28T06:05:41.435+0000] {processor.py:743} INFO - Processing file /opt/airflow/dags/database_processing.py for tasks to queue
[2023-04-28T06:05:41.436+0000] {logging_mixin.py:137} INFO - [2023-04-28T06:05:41.436+0000] {dagbag.py:538} INFO - Filling up the DagBag from /opt/airflow/dags/database_processing.py
[2023-04-28T06:05:41.460+0000] {processor.py:753} INFO - DAG(s) dict_keys(['database_processing']) retrieved from /opt/airflow/dags/database_processing.py
[2023-04-28T06:05:41.478+0000] {logging_mixin.py:137} INFO - [2023-04-28T06:05:41.478+0000] {dag.py:2690} INFO - Sync 1 DAGs
[2023-04-28T06:05:41.494+0000] {logging_mixin.py:137} INFO - [2023-04-28T06:05:41.494+0000] {dag.py:3441} INFO - Setting next_dagrun for database_processing to 2023-04-27T00:00:00+00:00, run_after=2023-04-28T00:00:00+00:00
[2023-04-28T06:05:41.504+0000] {processor.py:175} INFO - Processing /opt/airflow/dags/database_processing.py took 0.074 seconds
[2023-04-28T06:06:11.709+0000] {processor.py:153} INFO - Started process (PID=15356) to work on /opt/airflow/dags/database_processing.py
[2023-04-28T06:06:11.710+0000] {processor.py:743} INFO - Processing file /opt/airflow/dags/database_processing.py for tasks to queue
[2023-04-28T06:06:11.711+0000] {logging_mixin.py:137} INFO - [2023-04-28T06:06:11.710+0000] {dagbag.py:538} INFO - Filling up the DagBag from /opt/airflow/dags/database_processing.py
[2023-04-28T06:06:11.736+0000] {processor.py:753} INFO - DAG(s) dict_keys(['database_processing']) retrieved from /opt/airflow/dags/database_processing.py
[2023-04-28T06:06:11.754+0000] {logging_mixin.py:137} INFO - [2023-04-28T06:06:11.754+0000] {dag.py:2690} INFO - Sync 1 DAGs
[2023-04-28T06:06:11.771+0000] {logging_mixin.py:137} INFO - [2023-04-28T06:06:11.771+0000] {dag.py:3441} INFO - Setting next_dagrun for database_processing to 2023-04-27T00:00:00+00:00, run_after=2023-04-28T00:00:00+00:00
[2023-04-28T06:06:11.782+0000] {processor.py:175} INFO - Processing /opt/airflow/dags/database_processing.py took 0.076 seconds
[2023-04-28T06:06:42.064+0000] {processor.py:153} INFO - Started process (PID=15433) to work on /opt/airflow/dags/database_processing.py
[2023-04-28T06:06:42.065+0000] {processor.py:743} INFO - Processing file /opt/airflow/dags/database_processing.py for tasks to queue
[2023-04-28T06:06:42.066+0000] {logging_mixin.py:137} INFO - [2023-04-28T06:06:42.066+0000] {dagbag.py:538} INFO - Filling up the DagBag from /opt/airflow/dags/database_processing.py
[2023-04-28T06:06:42.106+0000] {processor.py:753} INFO - DAG(s) dict_keys(['database_processing']) retrieved from /opt/airflow/dags/database_processing.py
[2023-04-28T06:06:42.127+0000] {logging_mixin.py:137} INFO - [2023-04-28T06:06:42.127+0000] {dag.py:2690} INFO - Sync 1 DAGs
[2023-04-28T06:06:42.145+0000] {logging_mixin.py:137} INFO - [2023-04-28T06:06:42.145+0000] {dag.py:3441} INFO - Setting next_dagrun for database_processing to 2023-04-27T00:00:00+00:00, run_after=2023-04-28T00:00:00+00:00
[2023-04-28T06:06:42.156+0000] {processor.py:175} INFO - Processing /opt/airflow/dags/database_processing.py took 0.096 seconds
[2023-04-28T06:07:12.782+0000] {processor.py:153} INFO - Started process (PID=15500) to work on /opt/airflow/dags/database_processing.py
[2023-04-28T06:07:12.784+0000] {processor.py:743} INFO - Processing file /opt/airflow/dags/database_processing.py for tasks to queue
[2023-04-28T06:07:12.785+0000] {logging_mixin.py:137} INFO - [2023-04-28T06:07:12.785+0000] {dagbag.py:538} INFO - Filling up the DagBag from /opt/airflow/dags/database_processing.py
[2023-04-28T06:07:12.809+0000] {processor.py:753} INFO - DAG(s) dict_keys(['database_processing']) retrieved from /opt/airflow/dags/database_processing.py
[2023-04-28T06:07:12.828+0000] {logging_mixin.py:137} INFO - [2023-04-28T06:07:12.828+0000] {dag.py:2690} INFO - Sync 1 DAGs
[2023-04-28T06:07:12.844+0000] {logging_mixin.py:137} INFO - [2023-04-28T06:07:12.844+0000] {dag.py:3441} INFO - Setting next_dagrun for database_processing to 2023-04-27T00:00:00+00:00, run_after=2023-04-28T00:00:00+00:00
[2023-04-28T06:07:12.854+0000] {processor.py:175} INFO - Processing /opt/airflow/dags/database_processing.py took 0.075 seconds
[2023-04-28T06:07:43.176+0000] {processor.py:153} INFO - Started process (PID=15578) to work on /opt/airflow/dags/database_processing.py
[2023-04-28T06:07:43.177+0000] {processor.py:743} INFO - Processing file /opt/airflow/dags/database_processing.py for tasks to queue
[2023-04-28T06:07:43.178+0000] {logging_mixin.py:137} INFO - [2023-04-28T06:07:43.177+0000] {dagbag.py:538} INFO - Filling up the DagBag from /opt/airflow/dags/database_processing.py
[2023-04-28T06:07:43.202+0000] {processor.py:753} INFO - DAG(s) dict_keys(['database_processing']) retrieved from /opt/airflow/dags/database_processing.py
[2023-04-28T06:07:43.220+0000] {logging_mixin.py:137} INFO - [2023-04-28T06:07:43.220+0000] {dag.py:2690} INFO - Sync 1 DAGs
[2023-04-28T06:07:43.238+0000] {logging_mixin.py:137} INFO - [2023-04-28T06:07:43.238+0000] {dag.py:3441} INFO - Setting next_dagrun for database_processing to 2023-04-27T00:00:00+00:00, run_after=2023-04-28T00:00:00+00:00
[2023-04-28T06:07:43.249+0000] {processor.py:175} INFO - Processing /opt/airflow/dags/database_processing.py took 0.076 seconds
[2023-04-28T06:08:13.609+0000] {processor.py:153} INFO - Started process (PID=15656) to work on /opt/airflow/dags/database_processing.py
[2023-04-28T06:08:13.612+0000] {processor.py:743} INFO - Processing file /opt/airflow/dags/database_processing.py for tasks to queue
[2023-04-28T06:08:13.613+0000] {logging_mixin.py:137} INFO - [2023-04-28T06:08:13.613+0000] {dagbag.py:538} INFO - Filling up the DagBag from /opt/airflow/dags/database_processing.py
[2023-04-28T06:08:13.652+0000] {processor.py:753} INFO - DAG(s) dict_keys(['database_processing']) retrieved from /opt/airflow/dags/database_processing.py
[2023-04-28T06:08:13.676+0000] {logging_mixin.py:137} INFO - [2023-04-28T06:08:13.676+0000] {dag.py:2690} INFO - Sync 1 DAGs
[2023-04-28T06:08:13.706+0000] {logging_mixin.py:137} INFO - [2023-04-28T06:08:13.705+0000] {dag.py:3441} INFO - Setting next_dagrun for database_processing to 2023-04-27T00:00:00+00:00, run_after=2023-04-28T00:00:00+00:00
[2023-04-28T06:08:13.724+0000] {processor.py:175} INFO - Processing /opt/airflow/dags/database_processing.py took 0.119 seconds
[2023-04-28T06:08:44.016+0000] {processor.py:153} INFO - Started process (PID=15722) to work on /opt/airflow/dags/database_processing.py
[2023-04-28T06:08:44.018+0000] {processor.py:743} INFO - Processing file /opt/airflow/dags/database_processing.py for tasks to queue
[2023-04-28T06:08:44.019+0000] {logging_mixin.py:137} INFO - [2023-04-28T06:08:44.018+0000] {dagbag.py:538} INFO - Filling up the DagBag from /opt/airflow/dags/database_processing.py
[2023-04-28T06:08:44.046+0000] {processor.py:753} INFO - DAG(s) dict_keys(['database_processing']) retrieved from /opt/airflow/dags/database_processing.py
[2023-04-28T06:08:44.066+0000] {logging_mixin.py:137} INFO - [2023-04-28T06:08:44.066+0000] {dag.py:2690} INFO - Sync 1 DAGs
[2023-04-28T06:08:44.085+0000] {logging_mixin.py:137} INFO - [2023-04-28T06:08:44.085+0000] {dag.py:3441} INFO - Setting next_dagrun for database_processing to 2023-04-27T00:00:00+00:00, run_after=2023-04-28T00:00:00+00:00
[2023-04-28T06:08:44.098+0000] {processor.py:175} INFO - Processing /opt/airflow/dags/database_processing.py took 0.084 seconds
[2023-04-28T06:09:14.582+0000] {processor.py:153} INFO - Started process (PID=15800) to work on /opt/airflow/dags/database_processing.py
[2023-04-28T06:09:14.583+0000] {processor.py:743} INFO - Processing file /opt/airflow/dags/database_processing.py for tasks to queue
[2023-04-28T06:09:14.584+0000] {logging_mixin.py:137} INFO - [2023-04-28T06:09:14.584+0000] {dagbag.py:538} INFO - Filling up the DagBag from /opt/airflow/dags/database_processing.py
[2023-04-28T06:09:14.611+0000] {processor.py:753} INFO - DAG(s) dict_keys(['database_processing']) retrieved from /opt/airflow/dags/database_processing.py
[2023-04-28T06:09:14.629+0000] {logging_mixin.py:137} INFO - [2023-04-28T06:09:14.629+0000] {dag.py:2690} INFO - Sync 1 DAGs
[2023-04-28T06:09:14.646+0000] {logging_mixin.py:137} INFO - [2023-04-28T06:09:14.646+0000] {dag.py:3441} INFO - Setting next_dagrun for database_processing to 2023-04-27T00:00:00+00:00, run_after=2023-04-28T00:00:00+00:00
[2023-04-28T06:09:14.657+0000] {processor.py:175} INFO - Processing /opt/airflow/dags/database_processing.py took 0.079 seconds
[2023-04-28T06:09:45.118+0000] {processor.py:153} INFO - Started process (PID=15876) to work on /opt/airflow/dags/database_processing.py
[2023-04-28T06:09:45.122+0000] {processor.py:743} INFO - Processing file /opt/airflow/dags/database_processing.py for tasks to queue
[2023-04-28T06:09:45.122+0000] {logging_mixin.py:137} INFO - [2023-04-28T06:09:45.122+0000] {dagbag.py:538} INFO - Filling up the DagBag from /opt/airflow/dags/database_processing.py
[2023-04-28T06:09:45.148+0000] {processor.py:753} INFO - DAG(s) dict_keys(['database_processing']) retrieved from /opt/airflow/dags/database_processing.py
[2023-04-28T06:09:45.168+0000] {logging_mixin.py:137} INFO - [2023-04-28T06:09:45.168+0000] {dag.py:2690} INFO - Sync 1 DAGs
[2023-04-28T06:09:45.188+0000] {logging_mixin.py:137} INFO - [2023-04-28T06:09:45.188+0000] {dag.py:3441} INFO - Setting next_dagrun for database_processing to 2023-04-27T00:00:00+00:00, run_after=2023-04-28T00:00:00+00:00
[2023-04-28T06:09:45.203+0000] {processor.py:175} INFO - Processing /opt/airflow/dags/database_processing.py took 0.089 seconds
[2023-04-28T06:10:15.960+0000] {processor.py:153} INFO - Started process (PID=15944) to work on /opt/airflow/dags/database_processing.py
[2023-04-28T06:10:15.961+0000] {processor.py:743} INFO - Processing file /opt/airflow/dags/database_processing.py for tasks to queue
[2023-04-28T06:10:15.962+0000] {logging_mixin.py:137} INFO - [2023-04-28T06:10:15.962+0000] {dagbag.py:538} INFO - Filling up the DagBag from /opt/airflow/dags/database_processing.py
[2023-04-28T06:10:15.988+0000] {processor.py:753} INFO - DAG(s) dict_keys(['database_processing']) retrieved from /opt/airflow/dags/database_processing.py
[2023-04-28T06:10:16.008+0000] {logging_mixin.py:137} INFO - [2023-04-28T06:10:16.008+0000] {dag.py:2690} INFO - Sync 1 DAGs
[2023-04-28T06:10:16.025+0000] {logging_mixin.py:137} INFO - [2023-04-28T06:10:16.025+0000] {dag.py:3441} INFO - Setting next_dagrun for database_processing to 2023-04-27T00:00:00+00:00, run_after=2023-04-28T00:00:00+00:00
[2023-04-28T06:10:16.035+0000] {processor.py:175} INFO - Processing /opt/airflow/dags/database_processing.py took 0.078 seconds
[2023-04-28T06:10:46.333+0000] {processor.py:153} INFO - Started process (PID=16022) to work on /opt/airflow/dags/database_processing.py
[2023-04-28T06:10:46.334+0000] {processor.py:743} INFO - Processing file /opt/airflow/dags/database_processing.py for tasks to queue
[2023-04-28T06:10:46.335+0000] {logging_mixin.py:137} INFO - [2023-04-28T06:10:46.335+0000] {dagbag.py:538} INFO - Filling up the DagBag from /opt/airflow/dags/database_processing.py
[2023-04-28T06:10:46.359+0000] {processor.py:753} INFO - DAG(s) dict_keys(['database_processing']) retrieved from /opt/airflow/dags/database_processing.py
[2023-04-28T06:10:46.378+0000] {logging_mixin.py:137} INFO - [2023-04-28T06:10:46.378+0000] {dag.py:2690} INFO - Sync 1 DAGs
[2023-04-28T06:10:46.395+0000] {logging_mixin.py:137} INFO - [2023-04-28T06:10:46.395+0000] {dag.py:3441} INFO - Setting next_dagrun for database_processing to 2023-04-27T00:00:00+00:00, run_after=2023-04-28T00:00:00+00:00
[2023-04-28T06:10:46.405+0000] {processor.py:175} INFO - Processing /opt/airflow/dags/database_processing.py took 0.075 seconds
[2023-04-28T06:11:16.750+0000] {processor.py:153} INFO - Started process (PID=16100) to work on /opt/airflow/dags/database_processing.py
[2023-04-28T06:11:16.753+0000] {processor.py:743} INFO - Processing file /opt/airflow/dags/database_processing.py for tasks to queue
[2023-04-28T06:11:16.754+0000] {logging_mixin.py:137} INFO - [2023-04-28T06:11:16.754+0000] {dagbag.py:538} INFO - Filling up the DagBag from /opt/airflow/dags/database_processing.py
[2023-04-28T06:11:16.784+0000] {processor.py:753} INFO - DAG(s) dict_keys(['database_processing']) retrieved from /opt/airflow/dags/database_processing.py
[2023-04-28T06:11:16.804+0000] {logging_mixin.py:137} INFO - [2023-04-28T06:11:16.804+0000] {dag.py:2690} INFO - Sync 1 DAGs
[2023-04-28T06:11:16.825+0000] {logging_mixin.py:137} INFO - [2023-04-28T06:11:16.825+0000] {dag.py:3441} INFO - Setting next_dagrun for database_processing to 2023-04-27T00:00:00+00:00, run_after=2023-04-28T00:00:00+00:00
[2023-04-28T06:11:16.839+0000] {processor.py:175} INFO - Processing /opt/airflow/dags/database_processing.py took 0.093 seconds
[2023-04-28T06:11:47.298+0000] {processor.py:153} INFO - Started process (PID=16166) to work on /opt/airflow/dags/database_processing.py
[2023-04-28T06:11:47.303+0000] {processor.py:743} INFO - Processing file /opt/airflow/dags/database_processing.py for tasks to queue
[2023-04-28T06:11:47.303+0000] {logging_mixin.py:137} INFO - [2023-04-28T06:11:47.303+0000] {dagbag.py:538} INFO - Filling up the DagBag from /opt/airflow/dags/database_processing.py
[2023-04-28T06:11:47.330+0000] {processor.py:753} INFO - DAG(s) dict_keys(['database_processing']) retrieved from /opt/airflow/dags/database_processing.py
[2023-04-28T06:11:47.349+0000] {logging_mixin.py:137} INFO - [2023-04-28T06:11:47.349+0000] {dag.py:2690} INFO - Sync 1 DAGs
[2023-04-28T06:11:47.367+0000] {logging_mixin.py:137} INFO - [2023-04-28T06:11:47.367+0000] {dag.py:3441} INFO - Setting next_dagrun for database_processing to 2023-04-27T00:00:00+00:00, run_after=2023-04-28T00:00:00+00:00
[2023-04-28T06:11:47.378+0000] {processor.py:175} INFO - Processing /opt/airflow/dags/database_processing.py took 0.084 seconds
[2023-04-28T06:12:18.030+0000] {processor.py:153} INFO - Started process (PID=16244) to work on /opt/airflow/dags/database_processing.py
[2023-04-28T06:12:18.032+0000] {processor.py:743} INFO - Processing file /opt/airflow/dags/database_processing.py for tasks to queue
[2023-04-28T06:12:18.032+0000] {logging_mixin.py:137} INFO - [2023-04-28T06:12:18.032+0000] {dagbag.py:538} INFO - Filling up the DagBag from /opt/airflow/dags/database_processing.py
[2023-04-28T06:12:18.057+0000] {processor.py:753} INFO - DAG(s) dict_keys(['database_processing']) retrieved from /opt/airflow/dags/database_processing.py
[2023-04-28T06:12:18.075+0000] {logging_mixin.py:137} INFO - [2023-04-28T06:12:18.075+0000] {dag.py:2690} INFO - Sync 1 DAGs
[2023-04-28T06:12:18.092+0000] {logging_mixin.py:137} INFO - [2023-04-28T06:12:18.092+0000] {dag.py:3441} INFO - Setting next_dagrun for database_processing to 2023-04-27T00:00:00+00:00, run_after=2023-04-28T00:00:00+00:00
[2023-04-28T06:12:18.103+0000] {processor.py:175} INFO - Processing /opt/airflow/dags/database_processing.py took 0.077 seconds
[2023-04-28T06:12:48.489+0000] {processor.py:153} INFO - Started process (PID=16321) to work on /opt/airflow/dags/database_processing.py
[2023-04-28T06:12:48.492+0000] {processor.py:743} INFO - Processing file /opt/airflow/dags/database_processing.py for tasks to queue
[2023-04-28T06:12:48.493+0000] {logging_mixin.py:137} INFO - [2023-04-28T06:12:48.493+0000] {dagbag.py:538} INFO - Filling up the DagBag from /opt/airflow/dags/database_processing.py
[2023-04-28T06:12:48.547+0000] {processor.py:753} INFO - DAG(s) dict_keys(['database_processing']) retrieved from /opt/airflow/dags/database_processing.py
[2023-04-28T06:12:48.570+0000] {logging_mixin.py:137} INFO - [2023-04-28T06:12:48.570+0000] {dag.py:2690} INFO - Sync 1 DAGs
[2023-04-28T06:12:48.596+0000] {logging_mixin.py:137} INFO - [2023-04-28T06:12:48.596+0000] {dag.py:3441} INFO - Setting next_dagrun for database_processing to 2023-04-27T00:00:00+00:00, run_after=2023-04-28T00:00:00+00:00
[2023-04-28T06:12:48.630+0000] {processor.py:175} INFO - Processing /opt/airflow/dags/database_processing.py took 0.145 seconds
[2023-04-28T06:13:18.976+0000] {processor.py:153} INFO - Started process (PID=16388) to work on /opt/airflow/dags/database_processing.py
[2023-04-28T06:13:18.977+0000] {processor.py:743} INFO - Processing file /opt/airflow/dags/database_processing.py for tasks to queue
[2023-04-28T06:13:18.978+0000] {logging_mixin.py:137} INFO - [2023-04-28T06:13:18.978+0000] {dagbag.py:538} INFO - Filling up the DagBag from /opt/airflow/dags/database_processing.py
[2023-04-28T06:13:19.008+0000] {processor.py:753} INFO - DAG(s) dict_keys(['database_processing']) retrieved from /opt/airflow/dags/database_processing.py
[2023-04-28T06:13:19.027+0000] {logging_mixin.py:137} INFO - [2023-04-28T06:13:19.027+0000] {dag.py:2690} INFO - Sync 1 DAGs
[2023-04-28T06:13:19.046+0000] {logging_mixin.py:137} INFO - [2023-04-28T06:13:19.046+0000] {dag.py:3441} INFO - Setting next_dagrun for database_processing to 2023-04-27T00:00:00+00:00, run_after=2023-04-28T00:00:00+00:00
[2023-04-28T06:13:19.064+0000] {processor.py:175} INFO - Processing /opt/airflow/dags/database_processing.py took 0.094 seconds
[2023-04-28T06:13:49.538+0000] {processor.py:153} INFO - Started process (PID=16466) to work on /opt/airflow/dags/database_processing.py
[2023-04-28T06:13:49.539+0000] {processor.py:743} INFO - Processing file /opt/airflow/dags/database_processing.py for tasks to queue
[2023-04-28T06:13:49.539+0000] {logging_mixin.py:137} INFO - [2023-04-28T06:13:49.539+0000] {dagbag.py:538} INFO - Filling up the DagBag from /opt/airflow/dags/database_processing.py
[2023-04-28T06:13:49.564+0000] {processor.py:753} INFO - DAG(s) dict_keys(['database_processing']) retrieved from /opt/airflow/dags/database_processing.py
[2023-04-28T06:13:49.583+0000] {logging_mixin.py:137} INFO - [2023-04-28T06:13:49.583+0000] {dag.py:2690} INFO - Sync 1 DAGs
[2023-04-28T06:13:49.599+0000] {logging_mixin.py:137} INFO - [2023-04-28T06:13:49.599+0000] {dag.py:3441} INFO - Setting next_dagrun for database_processing to 2023-04-27T00:00:00+00:00, run_after=2023-04-28T00:00:00+00:00
[2023-04-28T06:13:49.609+0000] {processor.py:175} INFO - Processing /opt/airflow/dags/database_processing.py took 0.075 seconds
[2023-04-28T06:14:19.975+0000] {processor.py:153} INFO - Started process (PID=16544) to work on /opt/airflow/dags/database_processing.py
[2023-04-28T06:14:19.976+0000] {processor.py:743} INFO - Processing file /opt/airflow/dags/database_processing.py for tasks to queue
[2023-04-28T06:14:19.977+0000] {logging_mixin.py:137} INFO - [2023-04-28T06:14:19.977+0000] {dagbag.py:538} INFO - Filling up the DagBag from /opt/airflow/dags/database_processing.py
[2023-04-28T06:14:20.000+0000] {processor.py:753} INFO - DAG(s) dict_keys(['database_processing']) retrieved from /opt/airflow/dags/database_processing.py
[2023-04-28T06:14:20.019+0000] {logging_mixin.py:137} INFO - [2023-04-28T06:14:20.019+0000] {dag.py:2690} INFO - Sync 1 DAGs
[2023-04-28T06:14:20.035+0000] {logging_mixin.py:137} INFO - [2023-04-28T06:14:20.035+0000] {dag.py:3441} INFO - Setting next_dagrun for database_processing to 2023-04-27T00:00:00+00:00, run_after=2023-04-28T00:00:00+00:00
[2023-04-28T06:14:20.046+0000] {processor.py:175} INFO - Processing /opt/airflow/dags/database_processing.py took 0.075 seconds
[2023-04-28T06:14:50.298+0000] {processor.py:153} INFO - Started process (PID=16609) to work on /opt/airflow/dags/database_processing.py
[2023-04-28T06:14:50.299+0000] {processor.py:743} INFO - Processing file /opt/airflow/dags/database_processing.py for tasks to queue
[2023-04-28T06:14:50.300+0000] {logging_mixin.py:137} INFO - [2023-04-28T06:14:50.299+0000] {dagbag.py:538} INFO - Filling up the DagBag from /opt/airflow/dags/database_processing.py
[2023-04-28T06:14:50.324+0000] {processor.py:753} INFO - DAG(s) dict_keys(['database_processing']) retrieved from /opt/airflow/dags/database_processing.py
[2023-04-28T06:14:50.343+0000] {logging_mixin.py:137} INFO - [2023-04-28T06:14:50.342+0000] {dag.py:2690} INFO - Sync 1 DAGs
[2023-04-28T06:14:50.360+0000] {logging_mixin.py:137} INFO - [2023-04-28T06:14:50.360+0000] {dag.py:3441} INFO - Setting next_dagrun for database_processing to 2023-04-27T00:00:00+00:00, run_after=2023-04-28T00:00:00+00:00
[2023-04-28T06:14:50.371+0000] {processor.py:175} INFO - Processing /opt/airflow/dags/database_processing.py took 0.076 seconds
[2023-04-28T06:15:20.870+0000] {processor.py:153} INFO - Started process (PID=16687) to work on /opt/airflow/dags/database_processing.py
[2023-04-28T06:15:20.871+0000] {processor.py:743} INFO - Processing file /opt/airflow/dags/database_processing.py for tasks to queue
[2023-04-28T06:15:20.872+0000] {logging_mixin.py:137} INFO - [2023-04-28T06:15:20.872+0000] {dagbag.py:538} INFO - Filling up the DagBag from /opt/airflow/dags/database_processing.py
[2023-04-28T06:15:20.897+0000] {processor.py:753} INFO - DAG(s) dict_keys(['database_processing']) retrieved from /opt/airflow/dags/database_processing.py
[2023-04-28T06:15:20.916+0000] {logging_mixin.py:137} INFO - [2023-04-28T06:15:20.916+0000] {dag.py:2690} INFO - Sync 1 DAGs
[2023-04-28T06:15:20.932+0000] {logging_mixin.py:137} INFO - [2023-04-28T06:15:20.932+0000] {dag.py:3441} INFO - Setting next_dagrun for database_processing to 2023-04-27T00:00:00+00:00, run_after=2023-04-28T00:00:00+00:00
[2023-04-28T06:15:20.942+0000] {processor.py:175} INFO - Processing /opt/airflow/dags/database_processing.py took 0.074 seconds
[2023-04-28T06:15:51.245+0000] {processor.py:153} INFO - Started process (PID=16764) to work on /opt/airflow/dags/database_processing.py
[2023-04-28T06:15:51.246+0000] {processor.py:743} INFO - Processing file /opt/airflow/dags/database_processing.py for tasks to queue
[2023-04-28T06:15:51.247+0000] {logging_mixin.py:137} INFO - [2023-04-28T06:15:51.247+0000] {dagbag.py:538} INFO - Filling up the DagBag from /opt/airflow/dags/database_processing.py
[2023-04-28T06:15:51.271+0000] {processor.py:753} INFO - DAG(s) dict_keys(['database_processing']) retrieved from /opt/airflow/dags/database_processing.py
[2023-04-28T06:15:51.290+0000] {logging_mixin.py:137} INFO - [2023-04-28T06:15:51.290+0000] {dag.py:2690} INFO - Sync 1 DAGs
[2023-04-28T06:15:51.306+0000] {logging_mixin.py:137} INFO - [2023-04-28T06:15:51.306+0000] {dag.py:3441} INFO - Setting next_dagrun for database_processing to 2023-04-27T00:00:00+00:00, run_after=2023-04-28T00:00:00+00:00
[2023-04-28T06:15:51.316+0000] {processor.py:175} INFO - Processing /opt/airflow/dags/database_processing.py took 0.075 seconds
[2023-04-28T06:16:21.495+0000] {processor.py:153} INFO - Started process (PID=16829) to work on /opt/airflow/dags/database_processing.py
[2023-04-28T06:16:21.496+0000] {processor.py:743} INFO - Processing file /opt/airflow/dags/database_processing.py for tasks to queue
[2023-04-28T06:16:21.497+0000] {logging_mixin.py:137} INFO - [2023-04-28T06:16:21.497+0000] {dagbag.py:538} INFO - Filling up the DagBag from /opt/airflow/dags/database_processing.py
[2023-04-28T06:16:21.521+0000] {processor.py:753} INFO - DAG(s) dict_keys(['database_processing']) retrieved from /opt/airflow/dags/database_processing.py
[2023-04-28T06:16:21.539+0000] {logging_mixin.py:137} INFO - [2023-04-28T06:16:21.539+0000] {dag.py:2690} INFO - Sync 1 DAGs
[2023-04-28T06:16:21.555+0000] {logging_mixin.py:137} INFO - [2023-04-28T06:16:21.555+0000] {dag.py:3441} INFO - Setting next_dagrun for database_processing to 2023-04-27T00:00:00+00:00, run_after=2023-04-28T00:00:00+00:00
[2023-04-28T06:16:21.566+0000] {processor.py:175} INFO - Processing /opt/airflow/dags/database_processing.py took 0.074 seconds
[2023-04-28T06:16:51.800+0000] {processor.py:153} INFO - Started process (PID=16907) to work on /opt/airflow/dags/database_processing.py
[2023-04-28T06:16:51.801+0000] {processor.py:743} INFO - Processing file /opt/airflow/dags/database_processing.py for tasks to queue
[2023-04-28T06:16:51.802+0000] {logging_mixin.py:137} INFO - [2023-04-28T06:16:51.802+0000] {dagbag.py:538} INFO - Filling up the DagBag from /opt/airflow/dags/database_processing.py
[2023-04-28T06:16:51.827+0000] {processor.py:753} INFO - DAG(s) dict_keys(['database_processing']) retrieved from /opt/airflow/dags/database_processing.py
[2023-04-28T06:16:51.845+0000] {logging_mixin.py:137} INFO - [2023-04-28T06:16:51.845+0000] {dag.py:2690} INFO - Sync 1 DAGs
[2023-04-28T06:16:51.862+0000] {logging_mixin.py:137} INFO - [2023-04-28T06:16:51.861+0000] {dag.py:3441} INFO - Setting next_dagrun for database_processing to 2023-04-27T00:00:00+00:00, run_after=2023-04-28T00:00:00+00:00
[2023-04-28T06:16:51.872+0000] {processor.py:175} INFO - Processing /opt/airflow/dags/database_processing.py took 0.075 seconds
[2023-04-28T06:17:22.421+0000] {processor.py:153} INFO - Started process (PID=16985) to work on /opt/airflow/dags/database_processing.py
[2023-04-28T06:17:22.422+0000] {processor.py:743} INFO - Processing file /opt/airflow/dags/database_processing.py for tasks to queue
[2023-04-28T06:17:22.423+0000] {logging_mixin.py:137} INFO - [2023-04-28T06:17:22.423+0000] {dagbag.py:538} INFO - Filling up the DagBag from /opt/airflow/dags/database_processing.py
[2023-04-28T06:17:22.447+0000] {processor.py:753} INFO - DAG(s) dict_keys(['database_processing']) retrieved from /opt/airflow/dags/database_processing.py
[2023-04-28T06:17:22.466+0000] {logging_mixin.py:137} INFO - [2023-04-28T06:17:22.466+0000] {dag.py:2690} INFO - Sync 1 DAGs
[2023-04-28T06:17:22.482+0000] {logging_mixin.py:137} INFO - [2023-04-28T06:17:22.482+0000] {dag.py:3441} INFO - Setting next_dagrun for database_processing to 2023-04-27T00:00:00+00:00, run_after=2023-04-28T00:00:00+00:00
[2023-04-28T06:17:22.493+0000] {processor.py:175} INFO - Processing /opt/airflow/dags/database_processing.py took 0.075 seconds
[2023-04-28T06:17:52.765+0000] {processor.py:153} INFO - Started process (PID=17051) to work on /opt/airflow/dags/database_processing.py
[2023-04-28T06:17:52.767+0000] {processor.py:743} INFO - Processing file /opt/airflow/dags/database_processing.py for tasks to queue
[2023-04-28T06:17:52.767+0000] {logging_mixin.py:137} INFO - [2023-04-28T06:17:52.767+0000] {dagbag.py:538} INFO - Filling up the DagBag from /opt/airflow/dags/database_processing.py
[2023-04-28T06:17:52.792+0000] {processor.py:753} INFO - DAG(s) dict_keys(['database_processing']) retrieved from /opt/airflow/dags/database_processing.py
[2023-04-28T06:17:52.810+0000] {logging_mixin.py:137} INFO - [2023-04-28T06:17:52.810+0000] {dag.py:2690} INFO - Sync 1 DAGs
[2023-04-28T06:17:52.826+0000] {logging_mixin.py:137} INFO - [2023-04-28T06:17:52.826+0000] {dag.py:3441} INFO - Setting next_dagrun for database_processing to 2023-04-27T00:00:00+00:00, run_after=2023-04-28T00:00:00+00:00
[2023-04-28T06:17:52.836+0000] {processor.py:175} INFO - Processing /opt/airflow/dags/database_processing.py took 0.074 seconds
[2023-04-28T06:18:23.418+0000] {processor.py:153} INFO - Started process (PID=17129) to work on /opt/airflow/dags/database_processing.py
[2023-04-28T06:18:23.419+0000] {processor.py:743} INFO - Processing file /opt/airflow/dags/database_processing.py for tasks to queue
[2023-04-28T06:18:23.419+0000] {logging_mixin.py:137} INFO - [2023-04-28T06:18:23.419+0000] {dagbag.py:538} INFO - Filling up the DagBag from /opt/airflow/dags/database_processing.py
[2023-04-28T06:18:23.443+0000] {processor.py:753} INFO - DAG(s) dict_keys(['database_processing']) retrieved from /opt/airflow/dags/database_processing.py
[2023-04-28T06:18:23.462+0000] {logging_mixin.py:137} INFO - [2023-04-28T06:18:23.462+0000] {dag.py:2690} INFO - Sync 1 DAGs
[2023-04-28T06:18:23.478+0000] {logging_mixin.py:137} INFO - [2023-04-28T06:18:23.478+0000] {dag.py:3441} INFO - Setting next_dagrun for database_processing to 2023-04-27T00:00:00+00:00, run_after=2023-04-28T00:00:00+00:00
[2023-04-28T06:18:23.489+0000] {processor.py:175} INFO - Processing /opt/airflow/dags/database_processing.py took 0.075 seconds
[2023-04-28T06:18:53.723+0000] {processor.py:153} INFO - Started process (PID=17207) to work on /opt/airflow/dags/database_processing.py
[2023-04-28T06:18:53.725+0000] {processor.py:743} INFO - Processing file /opt/airflow/dags/database_processing.py for tasks to queue
[2023-04-28T06:18:53.726+0000] {logging_mixin.py:137} INFO - [2023-04-28T06:18:53.726+0000] {dagbag.py:538} INFO - Filling up the DagBag from /opt/airflow/dags/database_processing.py
[2023-04-28T06:18:53.750+0000] {processor.py:753} INFO - DAG(s) dict_keys(['database_processing']) retrieved from /opt/airflow/dags/database_processing.py
[2023-04-28T06:18:53.769+0000] {logging_mixin.py:137} INFO - [2023-04-28T06:18:53.769+0000] {dag.py:2690} INFO - Sync 1 DAGs
[2023-04-28T06:18:53.785+0000] {logging_mixin.py:137} INFO - [2023-04-28T06:18:53.785+0000] {dag.py:3441} INFO - Setting next_dagrun for database_processing to 2023-04-27T00:00:00+00:00, run_after=2023-04-28T00:00:00+00:00
[2023-04-28T06:18:53.796+0000] {processor.py:175} INFO - Processing /opt/airflow/dags/database_processing.py took 0.075 seconds
