[2023-04-28T00:36:29.777+0000] {processor.py:153} INFO - Started process (PID=14537) to work on /opt/airflow/dags/email_processing.py
[2023-04-28T00:36:29.779+0000] {processor.py:743} INFO - Processing file /opt/airflow/dags/email_processing.py for tasks to queue
[2023-04-28T00:36:29.780+0000] {logging_mixin.py:137} INFO - [2023-04-28T00:36:29.780+0000] {dagbag.py:538} INFO - Filling up the DagBag from /opt/airflow/dags/email_processing.py
[2023-04-28T00:36:29.833+0000] {processor.py:753} INFO - DAG(s) dict_keys(['email_processing']) retrieved from /opt/airflow/dags/email_processing.py
[2023-04-28T00:36:29.869+0000] {logging_mixin.py:137} INFO - [2023-04-28T00:36:29.869+0000] {dag.py:2690} INFO - Sync 1 DAGs
[2023-04-28T00:36:29.898+0000] {logging_mixin.py:137} INFO - [2023-04-28T00:36:29.898+0000] {dag.py:3441} INFO - Setting next_dagrun for email_processing to 2023-04-28T00:00:00+00:00, run_after=2023-04-29T00:00:00+00:00
[2023-04-28T00:36:29.930+0000] {processor.py:175} INFO - Processing /opt/airflow/dags/email_processing.py took 0.155 seconds
[2023-04-28T01:42:51.285+0000] {processor.py:153} INFO - Started process (PID=14607) to work on /opt/airflow/dags/email_processing.py
[2023-04-28T01:42:51.286+0000] {processor.py:743} INFO - Processing file /opt/airflow/dags/email_processing.py for tasks to queue
[2023-04-28T01:42:51.286+0000] {logging_mixin.py:137} INFO - [2023-04-28T01:42:51.286+0000] {dagbag.py:538} INFO - Filling up the DagBag from /opt/airflow/dags/email_processing.py
[2023-04-28T01:42:51.308+0000] {processor.py:753} INFO - DAG(s) dict_keys(['email_processing']) retrieved from /opt/airflow/dags/email_processing.py
[2023-04-28T01:42:51.329+0000] {logging_mixin.py:137} INFO - [2023-04-28T01:42:51.329+0000] {dag.py:2690} INFO - Sync 1 DAGs
[2023-04-28T01:42:51.346+0000] {logging_mixin.py:137} INFO - [2023-04-28T01:42:51.346+0000] {dag.py:3441} INFO - Setting next_dagrun for email_processing to 2023-04-28T00:00:00+00:00, run_after=2023-04-29T00:00:00+00:00
[2023-04-28T01:42:51.356+0000] {processor.py:175} INFO - Processing /opt/airflow/dags/email_processing.py took 0.074 seconds
[2023-04-28T02:48:39.602+0000] {processor.py:153} INFO - Started process (PID=14685) to work on /opt/airflow/dags/email_processing.py
[2023-04-28T02:48:39.606+0000] {processor.py:743} INFO - Processing file /opt/airflow/dags/email_processing.py for tasks to queue
[2023-04-28T02:48:39.607+0000] {logging_mixin.py:137} INFO - [2023-04-28T02:48:39.607+0000] {dagbag.py:538} INFO - Filling up the DagBag from /opt/airflow/dags/email_processing.py
[2023-04-28T02:48:39.654+0000] {processor.py:753} INFO - DAG(s) dict_keys(['email_processing']) retrieved from /opt/airflow/dags/email_processing.py
[2023-04-28T02:48:39.683+0000] {logging_mixin.py:137} INFO - [2023-04-28T02:48:39.682+0000] {dag.py:2690} INFO - Sync 1 DAGs
[2023-04-28T02:48:39.722+0000] {logging_mixin.py:137} INFO - [2023-04-28T02:48:39.722+0000] {dag.py:3441} INFO - Setting next_dagrun for email_processing to 2023-04-28T00:00:00+00:00, run_after=2023-04-29T00:00:00+00:00
[2023-04-28T02:48:39.737+0000] {processor.py:175} INFO - Processing /opt/airflow/dags/email_processing.py took 0.138 seconds
[2023-04-28T03:54:52.868+0000] {processor.py:153} INFO - Started process (PID=14762) to work on /opt/airflow/dags/email_processing.py
[2023-04-28T03:54:52.872+0000] {processor.py:743} INFO - Processing file /opt/airflow/dags/email_processing.py for tasks to queue
[2023-04-28T03:54:52.875+0000] {logging_mixin.py:137} INFO - [2023-04-28T03:54:52.875+0000] {dagbag.py:538} INFO - Filling up the DagBag from /opt/airflow/dags/email_processing.py
[2023-04-28T03:54:52.928+0000] {processor.py:753} INFO - DAG(s) dict_keys(['email_processing']) retrieved from /opt/airflow/dags/email_processing.py
[2023-04-28T03:54:52.966+0000] {logging_mixin.py:137} INFO - [2023-04-28T03:54:52.966+0000] {dag.py:2690} INFO - Sync 1 DAGs
[2023-04-28T03:54:53.010+0000] {logging_mixin.py:137} INFO - [2023-04-28T03:54:53.010+0000] {dag.py:3441} INFO - Setting next_dagrun for email_processing to 2023-04-28T00:00:00+00:00, run_after=2023-04-29T00:00:00+00:00
[2023-04-28T03:54:53.034+0000] {processor.py:175} INFO - Processing /opt/airflow/dags/email_processing.py took 0.174 seconds
[2023-04-28T05:16:14.877+0000] {processor.py:153} INFO - Started process (PID=14828) to work on /opt/airflow/dags/email_processing.py
[2023-04-28T05:16:14.878+0000] {processor.py:743} INFO - Processing file /opt/airflow/dags/email_processing.py for tasks to queue
[2023-04-28T05:16:14.879+0000] {logging_mixin.py:137} INFO - [2023-04-28T05:16:14.878+0000] {dagbag.py:538} INFO - Filling up the DagBag from /opt/airflow/dags/email_processing.py
[2023-04-28T05:16:14.901+0000] {processor.py:753} INFO - DAG(s) dict_keys(['email_processing']) retrieved from /opt/airflow/dags/email_processing.py
[2023-04-28T05:16:14.919+0000] {logging_mixin.py:137} INFO - [2023-04-28T05:16:14.919+0000] {dag.py:2690} INFO - Sync 1 DAGs
[2023-04-28T05:16:14.937+0000] {logging_mixin.py:137} INFO - [2023-04-28T05:16:14.937+0000] {dag.py:3441} INFO - Setting next_dagrun for email_processing to 2023-04-28T00:00:00+00:00, run_after=2023-04-29T00:00:00+00:00
[2023-04-28T05:16:14.947+0000] {processor.py:175} INFO - Processing /opt/airflow/dags/email_processing.py took 0.073 seconds
[2023-04-28T05:32:11.262+0000] {processor.py:153} INFO - Started process (PID=14908) to work on /opt/airflow/dags/email_processing.py
[2023-04-28T05:32:11.267+0000] {processor.py:743} INFO - Processing file /opt/airflow/dags/email_processing.py for tasks to queue
[2023-04-28T05:32:11.268+0000] {logging_mixin.py:137} INFO - [2023-04-28T05:32:11.268+0000] {dagbag.py:538} INFO - Filling up the DagBag from /opt/airflow/dags/email_processing.py
[2023-04-28T05:32:11.305+0000] {processor.py:753} INFO - DAG(s) dict_keys(['email_processing']) retrieved from /opt/airflow/dags/email_processing.py
[2023-04-28T05:32:11.346+0000] {logging_mixin.py:137} INFO - [2023-04-28T05:32:11.346+0000] {dag.py:2690} INFO - Sync 1 DAGs
[2023-04-28T05:32:11.376+0000] {logging_mixin.py:137} INFO - [2023-04-28T05:32:11.376+0000] {dag.py:3441} INFO - Setting next_dagrun for email_processing to 2023-04-28T00:00:00+00:00, run_after=2023-04-29T00:00:00+00:00
[2023-04-28T05:32:11.399+0000] {processor.py:175} INFO - Processing /opt/airflow/dags/email_processing.py took 0.140 seconds
[2023-04-28T05:32:42.032+0000] {processor.py:153} INFO - Started process (PID=14985) to work on /opt/airflow/dags/email_processing.py
[2023-04-28T05:32:42.034+0000] {processor.py:743} INFO - Processing file /opt/airflow/dags/email_processing.py for tasks to queue
[2023-04-28T05:32:42.034+0000] {logging_mixin.py:137} INFO - [2023-04-28T05:32:42.034+0000] {dagbag.py:538} INFO - Filling up the DagBag from /opt/airflow/dags/email_processing.py
[2023-04-28T05:32:42.057+0000] {processor.py:753} INFO - DAG(s) dict_keys(['email_processing']) retrieved from /opt/airflow/dags/email_processing.py
[2023-04-28T05:32:42.076+0000] {logging_mixin.py:137} INFO - [2023-04-28T05:32:42.075+0000] {dag.py:2690} INFO - Sync 1 DAGs
[2023-04-28T05:32:42.092+0000] {logging_mixin.py:137} INFO - [2023-04-28T05:32:42.091+0000] {dag.py:3441} INFO - Setting next_dagrun for email_processing to 2023-04-28T00:00:00+00:00, run_after=2023-04-29T00:00:00+00:00
[2023-04-28T05:32:42.102+0000] {processor.py:175} INFO - Processing /opt/airflow/dags/email_processing.py took 0.073 seconds
[2023-04-28T06:03:54.038+0000] {processor.py:153} INFO - Started process (PID=15052) to work on /opt/airflow/dags/email_processing.py
[2023-04-28T06:03:54.041+0000] {processor.py:743} INFO - Processing file /opt/airflow/dags/email_processing.py for tasks to queue
[2023-04-28T06:03:54.046+0000] {logging_mixin.py:137} INFO - [2023-04-28T06:03:54.045+0000] {dagbag.py:538} INFO - Filling up the DagBag from /opt/airflow/dags/email_processing.py
[2023-04-28T06:03:54.094+0000] {processor.py:753} INFO - DAG(s) dict_keys(['email_processing']) retrieved from /opt/airflow/dags/email_processing.py
[2023-04-28T06:03:54.161+0000] {logging_mixin.py:137} INFO - [2023-04-28T06:03:54.161+0000] {dag.py:2690} INFO - Sync 1 DAGs
[2023-04-28T06:03:54.203+0000] {logging_mixin.py:137} INFO - [2023-04-28T06:03:54.202+0000] {dag.py:3441} INFO - Setting next_dagrun for email_processing to 2023-04-28T00:00:00+00:00, run_after=2023-04-29T00:00:00+00:00
[2023-04-28T06:03:54.231+0000] {processor.py:175} INFO - Processing /opt/airflow/dags/email_processing.py took 0.197 seconds
[2023-04-28T06:04:40.155+0000] {processor.py:153} INFO - Started process (PID=15131) to work on /opt/airflow/dags/email_processing.py
[2023-04-28T06:04:40.156+0000] {processor.py:743} INFO - Processing file /opt/airflow/dags/email_processing.py for tasks to queue
[2023-04-28T06:04:40.157+0000] {logging_mixin.py:137} INFO - [2023-04-28T06:04:40.157+0000] {dagbag.py:538} INFO - Filling up the DagBag from /opt/airflow/dags/email_processing.py
[2023-04-28T06:04:40.178+0000] {processor.py:753} INFO - DAG(s) dict_keys(['email_processing']) retrieved from /opt/airflow/dags/email_processing.py
[2023-04-28T06:04:40.196+0000] {logging_mixin.py:137} INFO - [2023-04-28T06:04:40.196+0000] {dag.py:2690} INFO - Sync 1 DAGs
[2023-04-28T06:04:40.213+0000] {logging_mixin.py:137} INFO - [2023-04-28T06:04:40.213+0000] {dag.py:3441} INFO - Setting next_dagrun for email_processing to 2023-04-28T00:00:00+00:00, run_after=2023-04-29T00:00:00+00:00
[2023-04-28T06:04:40.223+0000] {processor.py:175} INFO - Processing /opt/airflow/dags/email_processing.py took 0.072 seconds
[2023-04-28T06:05:10.520+0000] {processor.py:153} INFO - Started process (PID=15209) to work on /opt/airflow/dags/email_processing.py
[2023-04-28T06:05:10.522+0000] {processor.py:743} INFO - Processing file /opt/airflow/dags/email_processing.py for tasks to queue
[2023-04-28T06:05:10.524+0000] {logging_mixin.py:137} INFO - [2023-04-28T06:05:10.524+0000] {dagbag.py:538} INFO - Filling up the DagBag from /opt/airflow/dags/email_processing.py
[2023-04-28T06:05:10.553+0000] {processor.py:753} INFO - DAG(s) dict_keys(['email_processing']) retrieved from /opt/airflow/dags/email_processing.py
[2023-04-28T06:05:10.584+0000] {logging_mixin.py:137} INFO - [2023-04-28T06:05:10.584+0000] {dag.py:2690} INFO - Sync 1 DAGs
[2023-04-28T06:05:10.620+0000] {logging_mixin.py:137} INFO - [2023-04-28T06:05:10.620+0000] {dag.py:3441} INFO - Setting next_dagrun for email_processing to 2023-04-28T00:00:00+00:00, run_after=2023-04-29T00:00:00+00:00
[2023-04-28T06:05:10.644+0000] {processor.py:175} INFO - Processing /opt/airflow/dags/email_processing.py took 0.126 seconds
[2023-04-28T06:05:41.330+0000] {processor.py:153} INFO - Started process (PID=15275) to work on /opt/airflow/dags/email_processing.py
[2023-04-28T06:05:41.332+0000] {processor.py:743} INFO - Processing file /opt/airflow/dags/email_processing.py for tasks to queue
[2023-04-28T06:05:41.334+0000] {logging_mixin.py:137} INFO - [2023-04-28T06:05:41.333+0000] {dagbag.py:538} INFO - Filling up the DagBag from /opt/airflow/dags/email_processing.py
[2023-04-28T06:05:41.362+0000] {processor.py:753} INFO - DAG(s) dict_keys(['email_processing']) retrieved from /opt/airflow/dags/email_processing.py
[2023-04-28T06:05:41.380+0000] {logging_mixin.py:137} INFO - [2023-04-28T06:05:41.380+0000] {dag.py:2690} INFO - Sync 1 DAGs
[2023-04-28T06:05:41.396+0000] {logging_mixin.py:137} INFO - [2023-04-28T06:05:41.396+0000] {dag.py:3441} INFO - Setting next_dagrun for email_processing to 2023-04-28T00:00:00+00:00, run_after=2023-04-29T00:00:00+00:00
[2023-04-28T06:05:41.408+0000] {processor.py:175} INFO - Processing /opt/airflow/dags/email_processing.py took 0.081 seconds
[2023-04-28T06:06:11.608+0000] {processor.py:153} INFO - Started process (PID=15355) to work on /opt/airflow/dags/email_processing.py
[2023-04-28T06:06:11.609+0000] {processor.py:743} INFO - Processing file /opt/airflow/dags/email_processing.py for tasks to queue
[2023-04-28T06:06:11.611+0000] {logging_mixin.py:137} INFO - [2023-04-28T06:06:11.610+0000] {dagbag.py:538} INFO - Filling up the DagBag from /opt/airflow/dags/email_processing.py
[2023-04-28T06:06:11.637+0000] {processor.py:753} INFO - DAG(s) dict_keys(['email_processing']) retrieved from /opt/airflow/dags/email_processing.py
[2023-04-28T06:06:11.655+0000] {logging_mixin.py:137} INFO - [2023-04-28T06:06:11.655+0000] {dag.py:2690} INFO - Sync 1 DAGs
[2023-04-28T06:06:11.671+0000] {logging_mixin.py:137} INFO - [2023-04-28T06:06:11.671+0000] {dag.py:3441} INFO - Setting next_dagrun for email_processing to 2023-04-28T00:00:00+00:00, run_after=2023-04-29T00:00:00+00:00
[2023-04-28T06:06:11.683+0000] {processor.py:175} INFO - Processing /opt/airflow/dags/email_processing.py took 0.079 seconds
[2023-04-28T06:06:41.944+0000] {processor.py:153} INFO - Started process (PID=15432) to work on /opt/airflow/dags/email_processing.py
[2023-04-28T06:06:41.945+0000] {processor.py:743} INFO - Processing file /opt/airflow/dags/email_processing.py for tasks to queue
[2023-04-28T06:06:41.946+0000] {logging_mixin.py:137} INFO - [2023-04-28T06:06:41.946+0000] {dagbag.py:538} INFO - Filling up the DagBag from /opt/airflow/dags/email_processing.py
[2023-04-28T06:06:41.970+0000] {processor.py:753} INFO - DAG(s) dict_keys(['email_processing']) retrieved from /opt/airflow/dags/email_processing.py
[2023-04-28T06:06:41.992+0000] {logging_mixin.py:137} INFO - [2023-04-28T06:06:41.992+0000] {dag.py:2690} INFO - Sync 1 DAGs
[2023-04-28T06:06:42.015+0000] {logging_mixin.py:137} INFO - [2023-04-28T06:06:42.015+0000] {dag.py:3441} INFO - Setting next_dagrun for email_processing to 2023-04-28T00:00:00+00:00, run_after=2023-04-29T00:00:00+00:00
[2023-04-28T06:06:42.029+0000] {processor.py:175} INFO - Processing /opt/airflow/dags/email_processing.py took 0.088 seconds
[2023-04-28T06:07:12.670+0000] {processor.py:153} INFO - Started process (PID=15499) to work on /opt/airflow/dags/email_processing.py
[2023-04-28T06:07:12.672+0000] {processor.py:743} INFO - Processing file /opt/airflow/dags/email_processing.py for tasks to queue
[2023-04-28T06:07:12.674+0000] {logging_mixin.py:137} INFO - [2023-04-28T06:07:12.674+0000] {dagbag.py:538} INFO - Filling up the DagBag from /opt/airflow/dags/email_processing.py
[2023-04-28T06:07:12.708+0000] {processor.py:753} INFO - DAG(s) dict_keys(['email_processing']) retrieved from /opt/airflow/dags/email_processing.py
[2023-04-28T06:07:12.729+0000] {logging_mixin.py:137} INFO - [2023-04-28T06:07:12.729+0000] {dag.py:2690} INFO - Sync 1 DAGs
[2023-04-28T06:07:12.746+0000] {logging_mixin.py:137} INFO - [2023-04-28T06:07:12.745+0000] {dag.py:3441} INFO - Setting next_dagrun for email_processing to 2023-04-28T00:00:00+00:00, run_after=2023-04-29T00:00:00+00:00
[2023-04-28T06:07:12.756+0000] {processor.py:175} INFO - Processing /opt/airflow/dags/email_processing.py took 0.092 seconds
[2023-04-28T06:07:43.071+0000] {processor.py:153} INFO - Started process (PID=15577) to work on /opt/airflow/dags/email_processing.py
[2023-04-28T06:07:43.073+0000] {processor.py:743} INFO - Processing file /opt/airflow/dags/email_processing.py for tasks to queue
[2023-04-28T06:07:43.075+0000] {logging_mixin.py:137} INFO - [2023-04-28T06:07:43.075+0000] {dagbag.py:538} INFO - Filling up the DagBag from /opt/airflow/dags/email_processing.py
[2023-04-28T06:07:43.102+0000] {processor.py:753} INFO - DAG(s) dict_keys(['email_processing']) retrieved from /opt/airflow/dags/email_processing.py
[2023-04-28T06:07:43.122+0000] {logging_mixin.py:137} INFO - [2023-04-28T06:07:43.122+0000] {dag.py:2690} INFO - Sync 1 DAGs
[2023-04-28T06:07:43.139+0000] {logging_mixin.py:137} INFO - [2023-04-28T06:07:43.139+0000] {dag.py:3441} INFO - Setting next_dagrun for email_processing to 2023-04-28T00:00:00+00:00, run_after=2023-04-29T00:00:00+00:00
[2023-04-28T06:07:43.150+0000] {processor.py:175} INFO - Processing /opt/airflow/dags/email_processing.py took 0.083 seconds
[2023-04-28T06:08:13.480+0000] {processor.py:153} INFO - Started process (PID=15655) to work on /opt/airflow/dags/email_processing.py
[2023-04-28T06:08:13.482+0000] {processor.py:743} INFO - Processing file /opt/airflow/dags/email_processing.py for tasks to queue
[2023-04-28T06:08:13.483+0000] {logging_mixin.py:137} INFO - [2023-04-28T06:08:13.483+0000] {dagbag.py:538} INFO - Filling up the DagBag from /opt/airflow/dags/email_processing.py
[2023-04-28T06:08:13.506+0000] {processor.py:753} INFO - DAG(s) dict_keys(['email_processing']) retrieved from /opt/airflow/dags/email_processing.py
[2023-04-28T06:08:13.532+0000] {logging_mixin.py:137} INFO - [2023-04-28T06:08:13.532+0000] {dag.py:2690} INFO - Sync 1 DAGs
[2023-04-28T06:08:13.555+0000] {logging_mixin.py:137} INFO - [2023-04-28T06:08:13.555+0000] {dag.py:3441} INFO - Setting next_dagrun for email_processing to 2023-04-28T00:00:00+00:00, run_after=2023-04-29T00:00:00+00:00
[2023-04-28T06:08:13.575+0000] {processor.py:175} INFO - Processing /opt/airflow/dags/email_processing.py took 0.098 seconds
[2023-04-28T06:08:43.896+0000] {processor.py:153} INFO - Started process (PID=15721) to work on /opt/airflow/dags/email_processing.py
[2023-04-28T06:08:43.897+0000] {processor.py:743} INFO - Processing file /opt/airflow/dags/email_processing.py for tasks to queue
[2023-04-28T06:08:43.899+0000] {logging_mixin.py:137} INFO - [2023-04-28T06:08:43.899+0000] {dagbag.py:538} INFO - Filling up the DagBag from /opt/airflow/dags/email_processing.py
[2023-04-28T06:08:43.930+0000] {processor.py:753} INFO - DAG(s) dict_keys(['email_processing']) retrieved from /opt/airflow/dags/email_processing.py
[2023-04-28T06:08:43.952+0000] {logging_mixin.py:137} INFO - [2023-04-28T06:08:43.952+0000] {dag.py:2690} INFO - Sync 1 DAGs
[2023-04-28T06:08:43.973+0000] {logging_mixin.py:137} INFO - [2023-04-28T06:08:43.973+0000] {dag.py:3441} INFO - Setting next_dagrun for email_processing to 2023-04-28T00:00:00+00:00, run_after=2023-04-29T00:00:00+00:00
[2023-04-28T06:08:43.986+0000] {processor.py:175} INFO - Processing /opt/airflow/dags/email_processing.py took 0.094 seconds
[2023-04-28T06:09:14.473+0000] {processor.py:153} INFO - Started process (PID=15799) to work on /opt/airflow/dags/email_processing.py
[2023-04-28T06:09:14.475+0000] {processor.py:743} INFO - Processing file /opt/airflow/dags/email_processing.py for tasks to queue
[2023-04-28T06:09:14.476+0000] {logging_mixin.py:137} INFO - [2023-04-28T06:09:14.476+0000] {dagbag.py:538} INFO - Filling up the DagBag from /opt/airflow/dags/email_processing.py
[2023-04-28T06:09:14.506+0000] {processor.py:753} INFO - DAG(s) dict_keys(['email_processing']) retrieved from /opt/airflow/dags/email_processing.py
[2023-04-28T06:09:14.527+0000] {logging_mixin.py:137} INFO - [2023-04-28T06:09:14.527+0000] {dag.py:2690} INFO - Sync 1 DAGs
[2023-04-28T06:09:14.544+0000] {logging_mixin.py:137} INFO - [2023-04-28T06:09:14.543+0000] {dag.py:3441} INFO - Setting next_dagrun for email_processing to 2023-04-28T00:00:00+00:00, run_after=2023-04-29T00:00:00+00:00
[2023-04-28T06:09:14.555+0000] {processor.py:175} INFO - Processing /opt/airflow/dags/email_processing.py took 0.086 seconds
[2023-04-28T06:09:44.952+0000] {processor.py:153} INFO - Started process (PID=15875) to work on /opt/airflow/dags/email_processing.py
[2023-04-28T06:09:44.953+0000] {processor.py:743} INFO - Processing file /opt/airflow/dags/email_processing.py for tasks to queue
[2023-04-28T06:09:44.954+0000] {logging_mixin.py:137} INFO - [2023-04-28T06:09:44.954+0000] {dagbag.py:538} INFO - Filling up the DagBag from /opt/airflow/dags/email_processing.py
[2023-04-28T06:09:44.987+0000] {processor.py:753} INFO - DAG(s) dict_keys(['email_processing']) retrieved from /opt/airflow/dags/email_processing.py
[2023-04-28T06:09:45.018+0000] {logging_mixin.py:137} INFO - [2023-04-28T06:09:45.018+0000] {dag.py:2690} INFO - Sync 1 DAGs
[2023-04-28T06:09:45.053+0000] {logging_mixin.py:137} INFO - [2023-04-28T06:09:45.053+0000] {dag.py:3441} INFO - Setting next_dagrun for email_processing to 2023-04-28T00:00:00+00:00, run_after=2023-04-29T00:00:00+00:00
[2023-04-28T06:09:45.083+0000] {processor.py:175} INFO - Processing /opt/airflow/dags/email_processing.py took 0.134 seconds
[2023-04-28T06:10:15.857+0000] {processor.py:153} INFO - Started process (PID=15943) to work on /opt/airflow/dags/email_processing.py
[2023-04-28T06:10:15.858+0000] {processor.py:743} INFO - Processing file /opt/airflow/dags/email_processing.py for tasks to queue
[2023-04-28T06:10:15.860+0000] {logging_mixin.py:137} INFO - [2023-04-28T06:10:15.860+0000] {dagbag.py:538} INFO - Filling up the DagBag from /opt/airflow/dags/email_processing.py
[2023-04-28T06:10:15.885+0000] {processor.py:753} INFO - DAG(s) dict_keys(['email_processing']) retrieved from /opt/airflow/dags/email_processing.py
[2023-04-28T06:10:15.905+0000] {logging_mixin.py:137} INFO - [2023-04-28T06:10:15.905+0000] {dag.py:2690} INFO - Sync 1 DAGs
[2023-04-28T06:10:15.922+0000] {logging_mixin.py:137} INFO - [2023-04-28T06:10:15.922+0000] {dag.py:3441} INFO - Setting next_dagrun for email_processing to 2023-04-28T00:00:00+00:00, run_after=2023-04-29T00:00:00+00:00
[2023-04-28T06:10:15.933+0000] {processor.py:175} INFO - Processing /opt/airflow/dags/email_processing.py took 0.081 seconds
[2023-04-28T06:10:46.228+0000] {processor.py:153} INFO - Started process (PID=16021) to work on /opt/airflow/dags/email_processing.py
[2023-04-28T06:10:46.230+0000] {processor.py:743} INFO - Processing file /opt/airflow/dags/email_processing.py for tasks to queue
[2023-04-28T06:10:46.231+0000] {logging_mixin.py:137} INFO - [2023-04-28T06:10:46.231+0000] {dagbag.py:538} INFO - Filling up the DagBag from /opt/airflow/dags/email_processing.py
[2023-04-28T06:10:46.258+0000] {processor.py:753} INFO - DAG(s) dict_keys(['email_processing']) retrieved from /opt/airflow/dags/email_processing.py
[2023-04-28T06:10:46.278+0000] {logging_mixin.py:137} INFO - [2023-04-28T06:10:46.278+0000] {dag.py:2690} INFO - Sync 1 DAGs
[2023-04-28T06:10:46.294+0000] {logging_mixin.py:137} INFO - [2023-04-28T06:10:46.294+0000] {dag.py:3441} INFO - Setting next_dagrun for email_processing to 2023-04-28T00:00:00+00:00, run_after=2023-04-29T00:00:00+00:00
[2023-04-28T06:10:46.306+0000] {processor.py:175} INFO - Processing /opt/airflow/dags/email_processing.py took 0.082 seconds
[2023-04-28T06:11:16.638+0000] {processor.py:153} INFO - Started process (PID=16099) to work on /opt/airflow/dags/email_processing.py
[2023-04-28T06:11:16.642+0000] {processor.py:743} INFO - Processing file /opt/airflow/dags/email_processing.py for tasks to queue
[2023-04-28T06:11:16.642+0000] {logging_mixin.py:137} INFO - [2023-04-28T06:11:16.642+0000] {dagbag.py:538} INFO - Filling up the DagBag from /opt/airflow/dags/email_processing.py
[2023-04-28T06:11:16.665+0000] {processor.py:753} INFO - DAG(s) dict_keys(['email_processing']) retrieved from /opt/airflow/dags/email_processing.py
[2023-04-28T06:11:16.685+0000] {logging_mixin.py:137} INFO - [2023-04-28T06:11:16.685+0000] {dag.py:2690} INFO - Sync 1 DAGs
[2023-04-28T06:11:16.704+0000] {logging_mixin.py:137} INFO - [2023-04-28T06:11:16.704+0000] {dag.py:3441} INFO - Setting next_dagrun for email_processing to 2023-04-28T00:00:00+00:00, run_after=2023-04-29T00:00:00+00:00
[2023-04-28T06:11:16.717+0000] {processor.py:175} INFO - Processing /opt/airflow/dags/email_processing.py took 0.081 seconds
[2023-04-28T06:11:47.180+0000] {processor.py:153} INFO - Started process (PID=16165) to work on /opt/airflow/dags/email_processing.py
[2023-04-28T06:11:47.182+0000] {processor.py:743} INFO - Processing file /opt/airflow/dags/email_processing.py for tasks to queue
[2023-04-28T06:11:47.183+0000] {logging_mixin.py:137} INFO - [2023-04-28T06:11:47.183+0000] {dagbag.py:538} INFO - Filling up the DagBag from /opt/airflow/dags/email_processing.py
[2023-04-28T06:11:47.215+0000] {processor.py:753} INFO - DAG(s) dict_keys(['email_processing']) retrieved from /opt/airflow/dags/email_processing.py
[2023-04-28T06:11:47.237+0000] {logging_mixin.py:137} INFO - [2023-04-28T06:11:47.237+0000] {dag.py:2690} INFO - Sync 1 DAGs
[2023-04-28T06:11:47.257+0000] {logging_mixin.py:137} INFO - [2023-04-28T06:11:47.256+0000] {dag.py:3441} INFO - Setting next_dagrun for email_processing to 2023-04-28T00:00:00+00:00, run_after=2023-04-29T00:00:00+00:00
[2023-04-28T06:11:47.269+0000] {processor.py:175} INFO - Processing /opt/airflow/dags/email_processing.py took 0.096 seconds
[2023-04-28T06:12:17.926+0000] {processor.py:153} INFO - Started process (PID=16243) to work on /opt/airflow/dags/email_processing.py
[2023-04-28T06:12:17.928+0000] {processor.py:743} INFO - Processing file /opt/airflow/dags/email_processing.py for tasks to queue
[2023-04-28T06:12:17.929+0000] {logging_mixin.py:137} INFO - [2023-04-28T06:12:17.929+0000] {dagbag.py:538} INFO - Filling up the DagBag from /opt/airflow/dags/email_processing.py
[2023-04-28T06:12:17.957+0000] {processor.py:753} INFO - DAG(s) dict_keys(['email_processing']) retrieved from /opt/airflow/dags/email_processing.py
[2023-04-28T06:12:17.977+0000] {logging_mixin.py:137} INFO - [2023-04-28T06:12:17.977+0000] {dag.py:2690} INFO - Sync 1 DAGs
[2023-04-28T06:12:17.994+0000] {logging_mixin.py:137} INFO - [2023-04-28T06:12:17.994+0000] {dag.py:3441} INFO - Setting next_dagrun for email_processing to 2023-04-28T00:00:00+00:00, run_after=2023-04-29T00:00:00+00:00
[2023-04-28T06:12:18.004+0000] {processor.py:175} INFO - Processing /opt/airflow/dags/email_processing.py took 0.084 seconds
[2023-04-28T06:12:48.293+0000] {processor.py:153} INFO - Started process (PID=16320) to work on /opt/airflow/dags/email_processing.py
[2023-04-28T06:12:48.299+0000] {processor.py:743} INFO - Processing file /opt/airflow/dags/email_processing.py for tasks to queue
[2023-04-28T06:12:48.302+0000] {logging_mixin.py:137} INFO - [2023-04-28T06:12:48.301+0000] {dagbag.py:538} INFO - Filling up the DagBag from /opt/airflow/dags/email_processing.py
[2023-04-28T06:12:48.347+0000] {processor.py:753} INFO - DAG(s) dict_keys(['email_processing']) retrieved from /opt/airflow/dags/email_processing.py
[2023-04-28T06:12:48.379+0000] {logging_mixin.py:137} INFO - [2023-04-28T06:12:48.379+0000] {dag.py:2690} INFO - Sync 1 DAGs
[2023-04-28T06:12:48.412+0000] {logging_mixin.py:137} INFO - [2023-04-28T06:12:48.412+0000] {dag.py:3441} INFO - Setting next_dagrun for email_processing to 2023-04-28T00:00:00+00:00, run_after=2023-04-29T00:00:00+00:00
[2023-04-28T06:12:48.440+0000] {processor.py:175} INFO - Processing /opt/airflow/dags/email_processing.py took 0.151 seconds
[2023-04-28T06:13:18.860+0000] {processor.py:153} INFO - Started process (PID=16387) to work on /opt/airflow/dags/email_processing.py
[2023-04-28T06:13:18.862+0000] {processor.py:743} INFO - Processing file /opt/airflow/dags/email_processing.py for tasks to queue
[2023-04-28T06:13:18.863+0000] {logging_mixin.py:137} INFO - [2023-04-28T06:13:18.863+0000] {dagbag.py:538} INFO - Filling up the DagBag from /opt/airflow/dags/email_processing.py
[2023-04-28T06:13:18.888+0000] {processor.py:753} INFO - DAG(s) dict_keys(['email_processing']) retrieved from /opt/airflow/dags/email_processing.py
[2023-04-28T06:13:18.909+0000] {logging_mixin.py:137} INFO - [2023-04-28T06:13:18.909+0000] {dag.py:2690} INFO - Sync 1 DAGs
[2023-04-28T06:13:18.929+0000] {logging_mixin.py:137} INFO - [2023-04-28T06:13:18.929+0000] {dag.py:3441} INFO - Setting next_dagrun for email_processing to 2023-04-28T00:00:00+00:00, run_after=2023-04-29T00:00:00+00:00
[2023-04-28T06:13:18.942+0000] {processor.py:175} INFO - Processing /opt/airflow/dags/email_processing.py took 0.087 seconds
[2023-04-28T06:13:49.434+0000] {processor.py:153} INFO - Started process (PID=16465) to work on /opt/airflow/dags/email_processing.py
[2023-04-28T06:13:49.436+0000] {processor.py:743} INFO - Processing file /opt/airflow/dags/email_processing.py for tasks to queue
[2023-04-28T06:13:49.437+0000] {logging_mixin.py:137} INFO - [2023-04-28T06:13:49.437+0000] {dagbag.py:538} INFO - Filling up the DagBag from /opt/airflow/dags/email_processing.py
[2023-04-28T06:13:49.464+0000] {processor.py:753} INFO - DAG(s) dict_keys(['email_processing']) retrieved from /opt/airflow/dags/email_processing.py
[2023-04-28T06:13:49.484+0000] {logging_mixin.py:137} INFO - [2023-04-28T06:13:49.484+0000] {dag.py:2690} INFO - Sync 1 DAGs
[2023-04-28T06:13:49.500+0000] {logging_mixin.py:137} INFO - [2023-04-28T06:13:49.500+0000] {dag.py:3441} INFO - Setting next_dagrun for email_processing to 2023-04-28T00:00:00+00:00, run_after=2023-04-29T00:00:00+00:00
[2023-04-28T06:13:49.511+0000] {processor.py:175} INFO - Processing /opt/airflow/dags/email_processing.py took 0.082 seconds
[2023-04-28T06:14:19.808+0000] {processor.py:153} INFO - Started process (PID=16543) to work on /opt/airflow/dags/email_processing.py
[2023-04-28T06:14:19.809+0000] {processor.py:743} INFO - Processing file /opt/airflow/dags/email_processing.py for tasks to queue
[2023-04-28T06:14:19.811+0000] {logging_mixin.py:137} INFO - [2023-04-28T06:14:19.810+0000] {dagbag.py:538} INFO - Filling up the DagBag from /opt/airflow/dags/email_processing.py
[2023-04-28T06:14:19.843+0000] {processor.py:753} INFO - DAG(s) dict_keys(['email_processing']) retrieved from /opt/airflow/dags/email_processing.py
[2023-04-28T06:14:19.879+0000] {logging_mixin.py:137} INFO - [2023-04-28T06:14:19.879+0000] {dag.py:2690} INFO - Sync 1 DAGs
[2023-04-28T06:14:19.906+0000] {logging_mixin.py:137} INFO - [2023-04-28T06:14:19.906+0000] {dag.py:3441} INFO - Setting next_dagrun for email_processing to 2023-04-28T00:00:00+00:00, run_after=2023-04-29T00:00:00+00:00
[2023-04-28T06:14:19.929+0000] {processor.py:175} INFO - Processing /opt/airflow/dags/email_processing.py took 0.125 seconds
[2023-04-28T06:14:50.197+0000] {processor.py:153} INFO - Started process (PID=16608) to work on /opt/airflow/dags/email_processing.py
[2023-04-28T06:14:50.198+0000] {processor.py:743} INFO - Processing file /opt/airflow/dags/email_processing.py for tasks to queue
[2023-04-28T06:14:50.199+0000] {logging_mixin.py:137} INFO - [2023-04-28T06:14:50.199+0000] {dagbag.py:538} INFO - Filling up the DagBag from /opt/airflow/dags/email_processing.py
[2023-04-28T06:14:50.225+0000] {processor.py:753} INFO - DAG(s) dict_keys(['email_processing']) retrieved from /opt/airflow/dags/email_processing.py
[2023-04-28T06:14:50.243+0000] {logging_mixin.py:137} INFO - [2023-04-28T06:14:50.243+0000] {dag.py:2690} INFO - Sync 1 DAGs
[2023-04-28T06:14:50.260+0000] {logging_mixin.py:137} INFO - [2023-04-28T06:14:50.260+0000] {dag.py:3441} INFO - Setting next_dagrun for email_processing to 2023-04-28T00:00:00+00:00, run_after=2023-04-29T00:00:00+00:00
[2023-04-28T06:14:50.271+0000] {processor.py:175} INFO - Processing /opt/airflow/dags/email_processing.py took 0.078 seconds
[2023-04-28T06:15:20.750+0000] {processor.py:153} INFO - Started process (PID=16686) to work on /opt/airflow/dags/email_processing.py
[2023-04-28T06:15:20.752+0000] {processor.py:743} INFO - Processing file /opt/airflow/dags/email_processing.py for tasks to queue
[2023-04-28T06:15:20.753+0000] {logging_mixin.py:137} INFO - [2023-04-28T06:15:20.752+0000] {dagbag.py:538} INFO - Filling up the DagBag from /opt/airflow/dags/email_processing.py
[2023-04-28T06:15:20.787+0000] {processor.py:753} INFO - DAG(s) dict_keys(['email_processing']) retrieved from /opt/airflow/dags/email_processing.py
[2023-04-28T06:15:20.809+0000] {logging_mixin.py:137} INFO - [2023-04-28T06:15:20.809+0000] {dag.py:2690} INFO - Sync 1 DAGs
[2023-04-28T06:15:20.832+0000] {logging_mixin.py:137} INFO - [2023-04-28T06:15:20.832+0000] {dag.py:3441} INFO - Setting next_dagrun for email_processing to 2023-04-28T00:00:00+00:00, run_after=2023-04-29T00:00:00+00:00
[2023-04-28T06:15:20.843+0000] {processor.py:175} INFO - Processing /opt/airflow/dags/email_processing.py took 0.097 seconds
[2023-04-28T06:15:51.142+0000] {processor.py:153} INFO - Started process (PID=16763) to work on /opt/airflow/dags/email_processing.py
[2023-04-28T06:15:51.143+0000] {processor.py:743} INFO - Processing file /opt/airflow/dags/email_processing.py for tasks to queue
[2023-04-28T06:15:51.144+0000] {logging_mixin.py:137} INFO - [2023-04-28T06:15:51.144+0000] {dagbag.py:538} INFO - Filling up the DagBag from /opt/airflow/dags/email_processing.py
[2023-04-28T06:15:51.171+0000] {processor.py:753} INFO - DAG(s) dict_keys(['email_processing']) retrieved from /opt/airflow/dags/email_processing.py
[2023-04-28T06:15:51.190+0000] {logging_mixin.py:137} INFO - [2023-04-28T06:15:51.190+0000] {dag.py:2690} INFO - Sync 1 DAGs
[2023-04-28T06:15:51.207+0000] {logging_mixin.py:137} INFO - [2023-04-28T06:15:51.207+0000] {dag.py:3441} INFO - Setting next_dagrun for email_processing to 2023-04-28T00:00:00+00:00, run_after=2023-04-29T00:00:00+00:00
[2023-04-28T06:15:51.218+0000] {processor.py:175} INFO - Processing /opt/airflow/dags/email_processing.py took 0.081 seconds
[2023-04-28T06:16:21.395+0000] {processor.py:153} INFO - Started process (PID=16828) to work on /opt/airflow/dags/email_processing.py
[2023-04-28T06:16:21.397+0000] {processor.py:743} INFO - Processing file /opt/airflow/dags/email_processing.py for tasks to queue
[2023-04-28T06:16:21.398+0000] {logging_mixin.py:137} INFO - [2023-04-28T06:16:21.398+0000] {dagbag.py:538} INFO - Filling up the DagBag from /opt/airflow/dags/email_processing.py
[2023-04-28T06:16:21.423+0000] {processor.py:753} INFO - DAG(s) dict_keys(['email_processing']) retrieved from /opt/airflow/dags/email_processing.py
[2023-04-28T06:16:21.441+0000] {logging_mixin.py:137} INFO - [2023-04-28T06:16:21.441+0000] {dag.py:2690} INFO - Sync 1 DAGs
[2023-04-28T06:16:21.457+0000] {logging_mixin.py:137} INFO - [2023-04-28T06:16:21.457+0000] {dag.py:3441} INFO - Setting next_dagrun for email_processing to 2023-04-28T00:00:00+00:00, run_after=2023-04-29T00:00:00+00:00
[2023-04-28T06:16:21.469+0000] {processor.py:175} INFO - Processing /opt/airflow/dags/email_processing.py took 0.077 seconds
[2023-04-28T06:16:51.697+0000] {processor.py:153} INFO - Started process (PID=16906) to work on /opt/airflow/dags/email_processing.py
[2023-04-28T06:16:51.699+0000] {processor.py:743} INFO - Processing file /opt/airflow/dags/email_processing.py for tasks to queue
[2023-04-28T06:16:51.700+0000] {logging_mixin.py:137} INFO - [2023-04-28T06:16:51.700+0000] {dagbag.py:538} INFO - Filling up the DagBag from /opt/airflow/dags/email_processing.py
[2023-04-28T06:16:51.728+0000] {processor.py:753} INFO - DAG(s) dict_keys(['email_processing']) retrieved from /opt/airflow/dags/email_processing.py
[2023-04-28T06:16:51.747+0000] {logging_mixin.py:137} INFO - [2023-04-28T06:16:51.747+0000] {dag.py:2690} INFO - Sync 1 DAGs
[2023-04-28T06:16:51.763+0000] {logging_mixin.py:137} INFO - [2023-04-28T06:16:51.763+0000] {dag.py:3441} INFO - Setting next_dagrun for email_processing to 2023-04-28T00:00:00+00:00, run_after=2023-04-29T00:00:00+00:00
[2023-04-28T06:16:51.774+0000] {processor.py:175} INFO - Processing /opt/airflow/dags/email_processing.py took 0.081 seconds
[2023-04-28T06:17:22.310+0000] {processor.py:153} INFO - Started process (PID=16984) to work on /opt/airflow/dags/email_processing.py
[2023-04-28T06:17:22.312+0000] {processor.py:743} INFO - Processing file /opt/airflow/dags/email_processing.py for tasks to queue
[2023-04-28T06:17:22.313+0000] {logging_mixin.py:137} INFO - [2023-04-28T06:17:22.313+0000] {dagbag.py:538} INFO - Filling up the DagBag from /opt/airflow/dags/email_processing.py
[2023-04-28T06:17:22.344+0000] {processor.py:753} INFO - DAG(s) dict_keys(['email_processing']) retrieved from /opt/airflow/dags/email_processing.py
[2023-04-28T06:17:22.365+0000] {logging_mixin.py:137} INFO - [2023-04-28T06:17:22.365+0000] {dag.py:2690} INFO - Sync 1 DAGs
[2023-04-28T06:17:22.382+0000] {logging_mixin.py:137} INFO - [2023-04-28T06:17:22.382+0000] {dag.py:3441} INFO - Setting next_dagrun for email_processing to 2023-04-28T00:00:00+00:00, run_after=2023-04-29T00:00:00+00:00
[2023-04-28T06:17:22.395+0000] {processor.py:175} INFO - Processing /opt/airflow/dags/email_processing.py took 0.088 seconds
[2023-04-28T06:17:52.664+0000] {processor.py:153} INFO - Started process (PID=17050) to work on /opt/airflow/dags/email_processing.py
[2023-04-28T06:17:52.665+0000] {processor.py:743} INFO - Processing file /opt/airflow/dags/email_processing.py for tasks to queue
[2023-04-28T06:17:52.667+0000] {logging_mixin.py:137} INFO - [2023-04-28T06:17:52.666+0000] {dagbag.py:538} INFO - Filling up the DagBag from /opt/airflow/dags/email_processing.py
[2023-04-28T06:17:52.692+0000] {processor.py:753} INFO - DAG(s) dict_keys(['email_processing']) retrieved from /opt/airflow/dags/email_processing.py
[2023-04-28T06:17:52.711+0000] {logging_mixin.py:137} INFO - [2023-04-28T06:17:52.711+0000] {dag.py:2690} INFO - Sync 1 DAGs
[2023-04-28T06:17:52.727+0000] {logging_mixin.py:137} INFO - [2023-04-28T06:17:52.727+0000] {dag.py:3441} INFO - Setting next_dagrun for email_processing to 2023-04-28T00:00:00+00:00, run_after=2023-04-29T00:00:00+00:00
[2023-04-28T06:17:52.738+0000] {processor.py:175} INFO - Processing /opt/airflow/dags/email_processing.py took 0.079 seconds
[2023-04-28T06:18:23.316+0000] {processor.py:153} INFO - Started process (PID=17128) to work on /opt/airflow/dags/email_processing.py
[2023-04-28T06:18:23.317+0000] {processor.py:743} INFO - Processing file /opt/airflow/dags/email_processing.py for tasks to queue
[2023-04-28T06:18:23.318+0000] {logging_mixin.py:137} INFO - [2023-04-28T06:18:23.318+0000] {dagbag.py:538} INFO - Filling up the DagBag from /opt/airflow/dags/email_processing.py
[2023-04-28T06:18:23.345+0000] {processor.py:753} INFO - DAG(s) dict_keys(['email_processing']) retrieved from /opt/airflow/dags/email_processing.py
[2023-04-28T06:18:23.363+0000] {logging_mixin.py:137} INFO - [2023-04-28T06:18:23.363+0000] {dag.py:2690} INFO - Sync 1 DAGs
[2023-04-28T06:18:23.381+0000] {logging_mixin.py:137} INFO - [2023-04-28T06:18:23.380+0000] {dag.py:3441} INFO - Setting next_dagrun for email_processing to 2023-04-28T00:00:00+00:00, run_after=2023-04-29T00:00:00+00:00
[2023-04-28T06:18:23.392+0000] {processor.py:175} INFO - Processing /opt/airflow/dags/email_processing.py took 0.081 seconds
[2023-04-28T06:18:53.617+0000] {processor.py:153} INFO - Started process (PID=17206) to work on /opt/airflow/dags/email_processing.py
[2023-04-28T06:18:53.619+0000] {processor.py:743} INFO - Processing file /opt/airflow/dags/email_processing.py for tasks to queue
[2023-04-28T06:18:53.620+0000] {logging_mixin.py:137} INFO - [2023-04-28T06:18:53.620+0000] {dagbag.py:538} INFO - Filling up the DagBag from /opt/airflow/dags/email_processing.py
[2023-04-28T06:18:53.649+0000] {processor.py:753} INFO - DAG(s) dict_keys(['email_processing']) retrieved from /opt/airflow/dags/email_processing.py
[2023-04-28T06:18:53.669+0000] {logging_mixin.py:137} INFO - [2023-04-28T06:18:53.669+0000] {dag.py:2690} INFO - Sync 1 DAGs
[2023-04-28T06:18:53.686+0000] {logging_mixin.py:137} INFO - [2023-04-28T06:18:53.686+0000] {dag.py:3441} INFO - Setting next_dagrun for email_processing to 2023-04-28T00:00:00+00:00, run_after=2023-04-29T00:00:00+00:00
[2023-04-28T06:18:53.697+0000] {processor.py:175} INFO - Processing /opt/airflow/dags/email_processing.py took 0.085 seconds
