[2023-04-28T00:36:31.521+0000] {taskinstance.py:1083} INFO - Dependencies all met for <TaskInstance: email_processing.send_email scheduled__2023-04-27T00:00:00+00:00 [queued]>
[2023-04-28T00:36:31.538+0000] {taskinstance.py:1083} INFO - Dependencies all met for <TaskInstance: email_processing.send_email scheduled__2023-04-27T00:00:00+00:00 [queued]>
[2023-04-28T00:36:31.545+0000] {taskinstance.py:1279} INFO - 
--------------------------------------------------------------------------------
[2023-04-28T00:36:31.550+0000] {taskinstance.py:1280} INFO - Starting attempt 1 of 1
[2023-04-28T00:36:31.551+0000] {taskinstance.py:1281} INFO - 
--------------------------------------------------------------------------------
[2023-04-28T00:36:31.572+0000] {taskinstance.py:1300} INFO - Executing <Task(EmailOperator): send_email> on 2023-04-27 00:00:00+00:00
[2023-04-28T00:36:31.589+0000] {standard_task_runner.py:55} INFO - Started process 50067 to run task
[2023-04-28T00:36:31.593+0000] {standard_task_runner.py:82} INFO - Running: ['***', 'tasks', 'run', 'email_processing', 'send_email', 'scheduled__2023-04-27T00:00:00+00:00', '--job-id', '46', '--raw', '--subdir', 'DAGS_FOLDER/email_processing.py', '--cfg-path', '/tmp/tmpj8q9nys8']
[2023-04-28T00:36:31.594+0000] {standard_task_runner.py:83} INFO - Job 46: Subtask send_email
[2023-04-28T00:36:31.668+0000] {task_command.py:388} INFO - Running <TaskInstance: email_processing.send_email scheduled__2023-04-27T00:00:00+00:00 [running]> on host 182d53144720
[2023-04-28T00:36:31.759+0000] {taskinstance.py:1509} INFO - Exporting the following env vars:
AIRFLOW_CTX_DAG_OWNER=***
AIRFLOW_CTX_DAG_ID=email_processing
AIRFLOW_CTX_TASK_ID=send_email
AIRFLOW_CTX_EXECUTION_DATE=2023-04-27T00:00:00+00:00
AIRFLOW_CTX_TRY_NUMBER=1
AIRFLOW_CTX_DAG_RUN_ID=scheduled__2023-04-27T00:00:00+00:00
[2023-04-28T00:36:31.770+0000] {warnings.py:110} WARNING - /home/***/.local/lib/python3.7/site-packages/***/utils/email.py:152: RemovedInAirflow3Warning: Fetching SMTP credentials from configuration variables will be deprecated in a future release. Please set credentials using a connection instead.
  send_mime_email(e_from=mail_from, e_to=recipients, mime_msg=msg, conn_id=conn_id, dryrun=dryrun)

[2023-04-28T00:36:31.771+0000] {email.py:268} INFO - Email alerting: attempt 1
[2023-04-28T00:36:33.642+0000] {email.py:280} INFO - Sent an alert email to ['rahulkumar@sigmoidanalytics.com']
[2023-04-28T00:36:35.712+0000] {taskinstance.py:1323} INFO - Marking task as SUCCESS. dag_id=email_processing, task_id=send_email, execution_date=20230427T000000, start_date=20230428T003631, end_date=20230428T003635
[2023-04-28T00:36:35.768+0000] {local_task_job.py:208} INFO - Task exited with return code 0
[2023-04-28T00:36:35.790+0000] {taskinstance.py:2578} INFO - 0 downstream tasks scheduled from follow-on schedule check
