[2023-04-26T09:42:41.290+0000] {taskinstance.py:1083} INFO - Dependencies all met for <TaskInstance: slack_processing.print_the_context manual__2023-04-26T09:42:40.010661+00:00 [queued]>
[2023-04-26T09:42:41.295+0000] {taskinstance.py:1083} INFO - Dependencies all met for <TaskInstance: slack_processing.print_the_context manual__2023-04-26T09:42:40.010661+00:00 [queued]>
[2023-04-26T09:42:41.295+0000] {taskinstance.py:1279} INFO - 
--------------------------------------------------------------------------------
[2023-04-26T09:42:41.296+0000] {taskinstance.py:1280} INFO - Starting attempt 1 of 1
[2023-04-26T09:42:41.296+0000] {taskinstance.py:1281} INFO - 
--------------------------------------------------------------------------------
[2023-04-26T09:42:41.304+0000] {taskinstance.py:1300} INFO - Executing <Task(_PythonDecoratedOperator): print_the_context> on 2023-04-26 09:42:40.010661+00:00
[2023-04-26T09:42:41.309+0000] {standard_task_runner.py:55} INFO - Started process 16530 to run task
[2023-04-26T09:42:41.312+0000] {standard_task_runner.py:82} INFO - Running: ['***', 'tasks', 'run', 'slack_processing', 'print_the_context', 'manual__2023-04-26T09:42:40.010661+00:00', '--job-id', '37', '--raw', '--subdir', 'DAGS_FOLDER/slack_processing.py', '--cfg-path', '/tmp/tmpwb_e057o']
[2023-04-26T09:42:41.312+0000] {standard_task_runner.py:83} INFO - Job 37: Subtask print_the_context
[2023-04-26T09:42:41.361+0000] {task_command.py:388} INFO - Running <TaskInstance: slack_processing.print_the_context manual__2023-04-26T09:42:40.010661+00:00 [running]> on host 182d53144720
[2023-04-26T09:42:41.406+0000] {taskinstance.py:1509} INFO - Exporting the following env vars:
AIRFLOW_CTX_DAG_OWNER=***
AIRFLOW_CTX_DAG_ID=slack_processing
AIRFLOW_CTX_TASK_ID=print_the_context
AIRFLOW_CTX_EXECUTION_DATE=2023-04-26T09:42:40.010661+00:00
AIRFLOW_CTX_TRY_NUMBER=1
AIRFLOW_CTX_DAG_RUN_ID=manual__2023-04-26T09:42:40.010661+00:00
[2023-04-26T09:42:41.407+0000] {logging_mixin.py:137} INFO - This is a pass
[2023-04-26T09:42:41.407+0000] {python.py:177} INFO - Done. Returned value was: None
[2023-04-26T09:42:41.415+0000] {taskinstance.py:1323} INFO - Marking task as SUCCESS. dag_id=slack_processing, task_id=print_the_context, execution_date=20230426T094240, start_date=20230426T094241, end_date=20230426T094241
[2023-04-26T09:42:41.447+0000] {local_task_job.py:208} INFO - Task exited with return code 0
[2023-04-26T09:42:41.466+0000] {taskinstance.py:2578} INFO - 1 downstream tasks scheduled from follow-on schedule check
