[2023-04-26T01:03:40.894+0000] {taskinstance.py:1083} INFO - Dependencies all met for <TaskInstance: email_processing.print_the_context scheduled__2023-04-25T00:00:00+00:00 [queued]>
[2023-04-26T01:03:40.927+0000] {taskinstance.py:1083} INFO - Dependencies all met for <TaskInstance: email_processing.print_the_context scheduled__2023-04-25T00:00:00+00:00 [queued]>
[2023-04-26T01:03:40.928+0000] {taskinstance.py:1279} INFO - 
--------------------------------------------------------------------------------
[2023-04-26T01:03:40.929+0000] {taskinstance.py:1280} INFO - Starting attempt 1 of 1
[2023-04-26T01:03:40.930+0000] {taskinstance.py:1281} INFO - 
--------------------------------------------------------------------------------
[2023-04-26T01:03:40.954+0000] {taskinstance.py:1300} INFO - Executing <Task(_PythonDecoratedOperator): print_the_context> on 2023-04-25 00:00:00+00:00
[2023-04-26T01:03:40.963+0000] {standard_task_runner.py:55} INFO - Started process 5174 to run task
[2023-04-26T01:03:41.002+0000] {standard_task_runner.py:82} INFO - Running: ['***', 'tasks', 'run', 'email_processing', 'print_the_context', 'scheduled__2023-04-25T00:00:00+00:00', '--job-id', '31', '--raw', '--subdir', 'DAGS_FOLDER/email_processing.py', '--cfg-path', '/tmp/tmpymph0m_t']
[2023-04-26T01:03:41.004+0000] {standard_task_runner.py:83} INFO - Job 31: Subtask print_the_context
[2023-04-26T01:03:41.160+0000] {task_command.py:388} INFO - Running <TaskInstance: email_processing.print_the_context scheduled__2023-04-25T00:00:00+00:00 [running]> on host 182d53144720
[2023-04-26T01:03:41.326+0000] {taskinstance.py:1509} INFO - Exporting the following env vars:
AIRFLOW_CTX_DAG_OWNER=***
AIRFLOW_CTX_DAG_ID=email_processing
AIRFLOW_CTX_TASK_ID=print_the_context
AIRFLOW_CTX_EXECUTION_DATE=2023-04-25T00:00:00+00:00
AIRFLOW_CTX_TRY_NUMBER=1
AIRFLOW_CTX_DAG_RUN_ID=scheduled__2023-04-25T00:00:00+00:00
[2023-04-26T01:03:41.328+0000] {python.py:177} INFO - Done. Returned value was: Whatever you return gets printed in the logs
[2023-04-26T01:03:41.371+0000] {taskinstance.py:1323} INFO - Marking task as SUCCESS. dag_id=email_processing, task_id=print_the_context, execution_date=20230425T000000, start_date=20230426T010340, end_date=20230426T010341
[2023-04-26T01:03:41.427+0000] {local_task_job.py:208} INFO - Task exited with return code 0
[2023-04-26T01:03:41.458+0000] {taskinstance.py:2578} INFO - 1 downstream tasks scheduled from follow-on schedule check
